[2023-10-07T04:00:16.789+0530] {processor.py:157} INFO - Started process (PID=18125) to work on /home/raj/Downloads/kafka_2.13-3.5.1/airflow-env/lib64/python3.11/site-packages/airflow/example_dags/example_branch_operator.py
[2023-10-07T04:00:16.791+0530] {processor.py:829} INFO - Processing file /home/raj/Downloads/kafka_2.13-3.5.1/airflow-env/lib64/python3.11/site-packages/airflow/example_dags/example_branch_operator.py for tasks to queue
[2023-10-07T04:00:16.792+0530] {logging_mixin.py:151} INFO - [2023-10-07T04:00:16.791+0530] {dagbag.py:539} INFO - Filling up the DagBag from /home/raj/Downloads/kafka_2.13-3.5.1/airflow-env/lib64/python3.11/site-packages/airflow/example_dags/example_branch_operator.py
[2023-10-07T04:00:16.811+0530] {processor.py:839} INFO - DAG(s) dict_keys(['example_branch_operator']) retrieved from /home/raj/Downloads/kafka_2.13-3.5.1/airflow-env/lib64/python3.11/site-packages/airflow/example_dags/example_branch_operator.py
[2023-10-07T04:00:16.925+0530] {logging_mixin.py:151} INFO - [2023-10-07T04:00:16.925+0530] {manager.py:499} INFO - Created Permission View: %s
[2023-10-07T04:00:16.938+0530] {logging_mixin.py:151} INFO - [2023-10-07T04:00:16.938+0530] {manager.py:499} INFO - Created Permission View: %s
[2023-10-07T04:00:16.949+0530] {logging_mixin.py:151} INFO - [2023-10-07T04:00:16.949+0530] {manager.py:499} INFO - Created Permission View: %s
[2023-10-07T04:00:16.949+0530] {logging_mixin.py:151} INFO - [2023-10-07T04:00:16.949+0530] {security.py:708} INFO - Not syncing DAG-level permissions for DAG 'DAG:example_branch_operator' as access control is unset.
[2023-10-07T04:00:16.949+0530] {logging_mixin.py:151} INFO - [2023-10-07T04:00:16.949+0530] {dag.py:2915} INFO - Sync 1 DAGs
[2023-10-07T04:00:16.960+0530] {logging_mixin.py:151} INFO - [2023-10-07T04:00:16.959+0530] {dag.py:2937} INFO - Creating ORM DAG for example_branch_operator
[2023-10-07T04:00:16.969+0530] {logging_mixin.py:151} INFO - [2023-10-07T04:00:16.969+0530] {dag.py:3696} INFO - Setting next_dagrun for example_branch_operator to 2023-10-05T00:00:00+00:00, run_after=2023-10-06T00:00:00+00:00
[2023-10-07T04:00:16.990+0530] {processor.py:179} INFO - Processing /home/raj/Downloads/kafka_2.13-3.5.1/airflow-env/lib64/python3.11/site-packages/airflow/example_dags/example_branch_operator.py took 0.206 seconds
[2023-10-07T04:01:12.268+0530] {processor.py:157} INFO - Started process (PID=18272) to work on /home/raj/Downloads/kafka_2.13-3.5.1/airflow-env/lib64/python3.11/site-packages/airflow/example_dags/example_branch_operator.py
[2023-10-07T04:01:12.269+0530] {processor.py:829} INFO - Processing file /home/raj/Downloads/kafka_2.13-3.5.1/airflow-env/lib64/python3.11/site-packages/airflow/example_dags/example_branch_operator.py for tasks to queue
[2023-10-07T04:01:12.270+0530] {logging_mixin.py:151} INFO - [2023-10-07T04:01:12.269+0530] {dagbag.py:539} INFO - Filling up the DagBag from /home/raj/Downloads/kafka_2.13-3.5.1/airflow-env/lib64/python3.11/site-packages/airflow/example_dags/example_branch_operator.py
[2023-10-07T04:01:12.283+0530] {processor.py:839} INFO - DAG(s) dict_keys(['example_branch_operator']) retrieved from /home/raj/Downloads/kafka_2.13-3.5.1/airflow-env/lib64/python3.11/site-packages/airflow/example_dags/example_branch_operator.py
[2023-10-07T04:01:12.308+0530] {logging_mixin.py:151} INFO - [2023-10-07T04:01:12.308+0530] {dag.py:2915} INFO - Sync 1 DAGs
[2023-10-07T04:01:12.326+0530] {logging_mixin.py:151} INFO - [2023-10-07T04:01:12.326+0530] {dag.py:3696} INFO - Setting next_dagrun for example_branch_operator to 2023-10-05T00:00:00+00:00, run_after=2023-10-06T00:00:00+00:00
[2023-10-07T04:01:12.345+0530] {processor.py:179} INFO - Processing /home/raj/Downloads/kafka_2.13-3.5.1/airflow-env/lib64/python3.11/site-packages/airflow/example_dags/example_branch_operator.py took 0.081 seconds
[2023-10-07T04:02:02.131+0530] {processor.py:157} INFO - Started process (PID=18361) to work on /home/raj/Downloads/kafka_2.13-3.5.1/airflow-env/lib64/python3.11/site-packages/airflow/example_dags/example_branch_operator.py
[2023-10-07T04:02:02.132+0530] {processor.py:829} INFO - Processing file /home/raj/Downloads/kafka_2.13-3.5.1/airflow-env/lib64/python3.11/site-packages/airflow/example_dags/example_branch_operator.py for tasks to queue
[2023-10-07T04:02:02.133+0530] {logging_mixin.py:151} INFO - [2023-10-07T04:02:02.133+0530] {dagbag.py:539} INFO - Filling up the DagBag from /home/raj/Downloads/kafka_2.13-3.5.1/airflow-env/lib64/python3.11/site-packages/airflow/example_dags/example_branch_operator.py
[2023-10-07T04:02:02.153+0530] {processor.py:839} INFO - DAG(s) dict_keys(['example_branch_operator']) retrieved from /home/raj/Downloads/kafka_2.13-3.5.1/airflow-env/lib64/python3.11/site-packages/airflow/example_dags/example_branch_operator.py
[2023-10-07T04:02:02.176+0530] {logging_mixin.py:151} INFO - [2023-10-07T04:02:02.176+0530] {dag.py:2915} INFO - Sync 1 DAGs
[2023-10-07T04:02:02.198+0530] {logging_mixin.py:151} INFO - [2023-10-07T04:02:02.197+0530] {dag.py:3696} INFO - Setting next_dagrun for example_branch_operator to 2023-10-05T00:00:00+00:00, run_after=2023-10-06T00:00:00+00:00
[2023-10-07T04:02:02.217+0530] {processor.py:179} INFO - Processing /home/raj/Downloads/kafka_2.13-3.5.1/airflow-env/lib64/python3.11/site-packages/airflow/example_dags/example_branch_operator.py took 0.091 seconds
[2023-10-07T04:02:55.461+0530] {processor.py:157} INFO - Started process (PID=18505) to work on /home/raj/Downloads/kafka_2.13-3.5.1/airflow-env/lib64/python3.11/site-packages/airflow/example_dags/example_branch_operator.py
[2023-10-07T04:02:55.463+0530] {processor.py:829} INFO - Processing file /home/raj/Downloads/kafka_2.13-3.5.1/airflow-env/lib64/python3.11/site-packages/airflow/example_dags/example_branch_operator.py for tasks to queue
[2023-10-07T04:02:55.464+0530] {logging_mixin.py:151} INFO - [2023-10-07T04:02:55.463+0530] {dagbag.py:539} INFO - Filling up the DagBag from /home/raj/Downloads/kafka_2.13-3.5.1/airflow-env/lib64/python3.11/site-packages/airflow/example_dags/example_branch_operator.py
[2023-10-07T04:02:55.483+0530] {processor.py:839} INFO - DAG(s) dict_keys(['example_branch_operator']) retrieved from /home/raj/Downloads/kafka_2.13-3.5.1/airflow-env/lib64/python3.11/site-packages/airflow/example_dags/example_branch_operator.py
[2023-10-07T04:02:55.506+0530] {logging_mixin.py:151} INFO - [2023-10-07T04:02:55.506+0530] {dag.py:2915} INFO - Sync 1 DAGs
[2023-10-07T04:02:55.527+0530] {logging_mixin.py:151} INFO - [2023-10-07T04:02:55.526+0530] {dag.py:3696} INFO - Setting next_dagrun for example_branch_operator to 2023-10-05T00:00:00+00:00, run_after=2023-10-06T00:00:00+00:00
[2023-10-07T04:02:55.548+0530] {processor.py:179} INFO - Processing /home/raj/Downloads/kafka_2.13-3.5.1/airflow-env/lib64/python3.11/site-packages/airflow/example_dags/example_branch_operator.py took 0.092 seconds
[2023-10-07T04:03:44.438+0530] {processor.py:157} INFO - Started process (PID=18679) to work on /home/raj/Downloads/kafka_2.13-3.5.1/airflow-env/lib64/python3.11/site-packages/airflow/example_dags/example_branch_operator.py
[2023-10-07T04:03:44.449+0530] {processor.py:829} INFO - Processing file /home/raj/Downloads/kafka_2.13-3.5.1/airflow-env/lib64/python3.11/site-packages/airflow/example_dags/example_branch_operator.py for tasks to queue
[2023-10-07T04:03:44.450+0530] {logging_mixin.py:151} INFO - [2023-10-07T04:03:44.449+0530] {dagbag.py:539} INFO - Filling up the DagBag from /home/raj/Downloads/kafka_2.13-3.5.1/airflow-env/lib64/python3.11/site-packages/airflow/example_dags/example_branch_operator.py
[2023-10-07T04:03:44.466+0530] {processor.py:839} INFO - DAG(s) dict_keys(['example_branch_operator']) retrieved from /home/raj/Downloads/kafka_2.13-3.5.1/airflow-env/lib64/python3.11/site-packages/airflow/example_dags/example_branch_operator.py
[2023-10-07T04:03:44.498+0530] {logging_mixin.py:151} INFO - [2023-10-07T04:03:44.498+0530] {dag.py:2915} INFO - Sync 1 DAGs
[2023-10-07T04:03:44.516+0530] {logging_mixin.py:151} INFO - [2023-10-07T04:03:44.516+0530] {dag.py:3696} INFO - Setting next_dagrun for example_branch_operator to 2023-10-05T00:00:00+00:00, run_after=2023-10-06T00:00:00+00:00
[2023-10-07T04:03:44.535+0530] {processor.py:179} INFO - Processing /home/raj/Downloads/kafka_2.13-3.5.1/airflow-env/lib64/python3.11/site-packages/airflow/example_dags/example_branch_operator.py took 0.102 seconds
[2023-10-07T04:04:32.157+0530] {processor.py:157} INFO - Started process (PID=18753) to work on /home/raj/Downloads/kafka_2.13-3.5.1/airflow-env/lib64/python3.11/site-packages/airflow/example_dags/example_branch_operator.py
[2023-10-07T04:04:32.168+0530] {processor.py:829} INFO - Processing file /home/raj/Downloads/kafka_2.13-3.5.1/airflow-env/lib64/python3.11/site-packages/airflow/example_dags/example_branch_operator.py for tasks to queue
[2023-10-07T04:04:32.169+0530] {logging_mixin.py:151} INFO - [2023-10-07T04:04:32.169+0530] {dagbag.py:539} INFO - Filling up the DagBag from /home/raj/Downloads/kafka_2.13-3.5.1/airflow-env/lib64/python3.11/site-packages/airflow/example_dags/example_branch_operator.py
[2023-10-07T04:04:32.178+0530] {processor.py:839} INFO - DAG(s) dict_keys(['example_branch_operator']) retrieved from /home/raj/Downloads/kafka_2.13-3.5.1/airflow-env/lib64/python3.11/site-packages/airflow/example_dags/example_branch_operator.py
[2023-10-07T04:04:32.193+0530] {logging_mixin.py:151} INFO - [2023-10-07T04:04:32.193+0530] {dag.py:2915} INFO - Sync 1 DAGs
[2023-10-07T04:04:32.209+0530] {logging_mixin.py:151} INFO - [2023-10-07T04:04:32.209+0530] {dag.py:3696} INFO - Setting next_dagrun for example_branch_operator to 2023-10-05T00:00:00+00:00, run_after=2023-10-06T00:00:00+00:00
[2023-10-07T04:04:32.227+0530] {processor.py:179} INFO - Processing /home/raj/Downloads/kafka_2.13-3.5.1/airflow-env/lib64/python3.11/site-packages/airflow/example_dags/example_branch_operator.py took 0.074 seconds
[2023-10-07T04:05:24.755+0530] {processor.py:157} INFO - Started process (PID=18968) to work on /home/raj/Downloads/kafka_2.13-3.5.1/airflow-env/lib64/python3.11/site-packages/airflow/example_dags/example_branch_operator.py
[2023-10-07T04:05:24.766+0530] {processor.py:829} INFO - Processing file /home/raj/Downloads/kafka_2.13-3.5.1/airflow-env/lib64/python3.11/site-packages/airflow/example_dags/example_branch_operator.py for tasks to queue
[2023-10-07T04:05:24.767+0530] {logging_mixin.py:151} INFO - [2023-10-07T04:05:24.767+0530] {dagbag.py:539} INFO - Filling up the DagBag from /home/raj/Downloads/kafka_2.13-3.5.1/airflow-env/lib64/python3.11/site-packages/airflow/example_dags/example_branch_operator.py
[2023-10-07T04:05:24.787+0530] {processor.py:839} INFO - DAG(s) dict_keys(['example_branch_operator']) retrieved from /home/raj/Downloads/kafka_2.13-3.5.1/airflow-env/lib64/python3.11/site-packages/airflow/example_dags/example_branch_operator.py
[2023-10-07T04:05:24.812+0530] {logging_mixin.py:151} INFO - [2023-10-07T04:05:24.811+0530] {dag.py:2915} INFO - Sync 1 DAGs
[2023-10-07T04:05:24.831+0530] {logging_mixin.py:151} INFO - [2023-10-07T04:05:24.830+0530] {dag.py:3696} INFO - Setting next_dagrun for example_branch_operator to 2023-10-05T00:00:00+00:00, run_after=2023-10-06T00:00:00+00:00
[2023-10-07T04:05:24.850+0530] {processor.py:179} INFO - Processing /home/raj/Downloads/kafka_2.13-3.5.1/airflow-env/lib64/python3.11/site-packages/airflow/example_dags/example_branch_operator.py took 0.101 seconds
[2023-10-07T04:06:15.658+0530] {processor.py:157} INFO - Started process (PID=19038) to work on /home/raj/Downloads/kafka_2.13-3.5.1/airflow-env/lib64/python3.11/site-packages/airflow/example_dags/example_branch_operator.py
[2023-10-07T04:06:15.670+0530] {processor.py:829} INFO - Processing file /home/raj/Downloads/kafka_2.13-3.5.1/airflow-env/lib64/python3.11/site-packages/airflow/example_dags/example_branch_operator.py for tasks to queue
[2023-10-07T04:06:15.672+0530] {logging_mixin.py:151} INFO - [2023-10-07T04:06:15.671+0530] {dagbag.py:539} INFO - Filling up the DagBag from /home/raj/Downloads/kafka_2.13-3.5.1/airflow-env/lib64/python3.11/site-packages/airflow/example_dags/example_branch_operator.py
[2023-10-07T04:06:15.689+0530] {processor.py:839} INFO - DAG(s) dict_keys(['example_branch_operator']) retrieved from /home/raj/Downloads/kafka_2.13-3.5.1/airflow-env/lib64/python3.11/site-packages/airflow/example_dags/example_branch_operator.py
[2023-10-07T04:06:15.721+0530] {logging_mixin.py:151} INFO - [2023-10-07T04:06:15.721+0530] {dag.py:2915} INFO - Sync 1 DAGs
[2023-10-07T04:06:15.743+0530] {logging_mixin.py:151} INFO - [2023-10-07T04:06:15.743+0530] {dag.py:3696} INFO - Setting next_dagrun for example_branch_operator to 2023-10-05T00:00:00+00:00, run_after=2023-10-06T00:00:00+00:00
[2023-10-07T04:06:15.763+0530] {processor.py:179} INFO - Processing /home/raj/Downloads/kafka_2.13-3.5.1/airflow-env/lib64/python3.11/site-packages/airflow/example_dags/example_branch_operator.py took 0.110 seconds
[2023-10-07T04:07:12.615+0530] {processor.py:157} INFO - Started process (PID=19187) to work on /home/raj/Downloads/kafka_2.13-3.5.1/airflow-env/lib64/python3.11/site-packages/airflow/example_dags/example_branch_operator.py
[2023-10-07T04:07:12.616+0530] {processor.py:829} INFO - Processing file /home/raj/Downloads/kafka_2.13-3.5.1/airflow-env/lib64/python3.11/site-packages/airflow/example_dags/example_branch_operator.py for tasks to queue
[2023-10-07T04:07:12.617+0530] {logging_mixin.py:151} INFO - [2023-10-07T04:07:12.617+0530] {dagbag.py:539} INFO - Filling up the DagBag from /home/raj/Downloads/kafka_2.13-3.5.1/airflow-env/lib64/python3.11/site-packages/airflow/example_dags/example_branch_operator.py
[2023-10-07T04:07:12.630+0530] {processor.py:839} INFO - DAG(s) dict_keys(['example_branch_operator']) retrieved from /home/raj/Downloads/kafka_2.13-3.5.1/airflow-env/lib64/python3.11/site-packages/airflow/example_dags/example_branch_operator.py
[2023-10-07T04:07:12.658+0530] {logging_mixin.py:151} INFO - [2023-10-07T04:07:12.657+0530] {dag.py:2915} INFO - Sync 1 DAGs
[2023-10-07T04:07:12.674+0530] {logging_mixin.py:151} INFO - [2023-10-07T04:07:12.674+0530] {dag.py:3696} INFO - Setting next_dagrun for example_branch_operator to 2023-10-05T00:00:00+00:00, run_after=2023-10-06T00:00:00+00:00
[2023-10-07T04:07:12.691+0530] {processor.py:179} INFO - Processing /home/raj/Downloads/kafka_2.13-3.5.1/airflow-env/lib64/python3.11/site-packages/airflow/example_dags/example_branch_operator.py took 0.080 seconds
[2023-10-07T04:08:07.280+0530] {processor.py:157} INFO - Started process (PID=19240) to work on /home/raj/Downloads/kafka_2.13-3.5.1/airflow-env/lib64/python3.11/site-packages/airflow/example_dags/example_branch_operator.py
[2023-10-07T04:08:07.291+0530] {processor.py:829} INFO - Processing file /home/raj/Downloads/kafka_2.13-3.5.1/airflow-env/lib64/python3.11/site-packages/airflow/example_dags/example_branch_operator.py for tasks to queue
[2023-10-07T04:08:07.293+0530] {logging_mixin.py:151} INFO - [2023-10-07T04:08:07.292+0530] {dagbag.py:539} INFO - Filling up the DagBag from /home/raj/Downloads/kafka_2.13-3.5.1/airflow-env/lib64/python3.11/site-packages/airflow/example_dags/example_branch_operator.py
[2023-10-07T04:08:07.314+0530] {processor.py:839} INFO - DAG(s) dict_keys(['example_branch_operator']) retrieved from /home/raj/Downloads/kafka_2.13-3.5.1/airflow-env/lib64/python3.11/site-packages/airflow/example_dags/example_branch_operator.py
[2023-10-07T04:08:07.343+0530] {logging_mixin.py:151} INFO - [2023-10-07T04:08:07.343+0530] {dag.py:2915} INFO - Sync 1 DAGs
[2023-10-07T04:08:07.360+0530] {logging_mixin.py:151} INFO - [2023-10-07T04:08:07.360+0530] {dag.py:3696} INFO - Setting next_dagrun for example_branch_operator to 2023-10-05T00:00:00+00:00, run_after=2023-10-06T00:00:00+00:00
[2023-10-07T04:08:07.378+0530] {processor.py:179} INFO - Processing /home/raj/Downloads/kafka_2.13-3.5.1/airflow-env/lib64/python3.11/site-packages/airflow/example_dags/example_branch_operator.py took 0.103 seconds
[2023-10-07T04:09:00.981+0530] {processor.py:157} INFO - Started process (PID=19296) to work on /home/raj/Downloads/kafka_2.13-3.5.1/airflow-env/lib64/python3.11/site-packages/airflow/example_dags/example_branch_operator.py
[2023-10-07T04:09:00.992+0530] {processor.py:829} INFO - Processing file /home/raj/Downloads/kafka_2.13-3.5.1/airflow-env/lib64/python3.11/site-packages/airflow/example_dags/example_branch_operator.py for tasks to queue
[2023-10-07T04:09:00.994+0530] {logging_mixin.py:151} INFO - [2023-10-07T04:09:00.993+0530] {dagbag.py:539} INFO - Filling up the DagBag from /home/raj/Downloads/kafka_2.13-3.5.1/airflow-env/lib64/python3.11/site-packages/airflow/example_dags/example_branch_operator.py
[2023-10-07T04:09:01.011+0530] {processor.py:839} INFO - DAG(s) dict_keys(['example_branch_operator']) retrieved from /home/raj/Downloads/kafka_2.13-3.5.1/airflow-env/lib64/python3.11/site-packages/airflow/example_dags/example_branch_operator.py
[2023-10-07T04:09:01.027+0530] {logging_mixin.py:151} INFO - [2023-10-07T04:09:01.027+0530] {dag.py:2915} INFO - Sync 1 DAGs
[2023-10-07T04:09:01.044+0530] {logging_mixin.py:151} INFO - [2023-10-07T04:09:01.044+0530] {dag.py:3696} INFO - Setting next_dagrun for example_branch_operator to 2023-10-05T00:00:00+00:00, run_after=2023-10-06T00:00:00+00:00
[2023-10-07T04:09:01.066+0530] {processor.py:179} INFO - Processing /home/raj/Downloads/kafka_2.13-3.5.1/airflow-env/lib64/python3.11/site-packages/airflow/example_dags/example_branch_operator.py took 0.091 seconds
[2023-10-07T04:09:52.216+0530] {processor.py:157} INFO - Started process (PID=19351) to work on /home/raj/Downloads/kafka_2.13-3.5.1/airflow-env/lib64/python3.11/site-packages/airflow/example_dags/example_branch_operator.py
[2023-10-07T04:09:52.227+0530] {processor.py:829} INFO - Processing file /home/raj/Downloads/kafka_2.13-3.5.1/airflow-env/lib64/python3.11/site-packages/airflow/example_dags/example_branch_operator.py for tasks to queue
[2023-10-07T04:09:52.229+0530] {logging_mixin.py:151} INFO - [2023-10-07T04:09:52.228+0530] {dagbag.py:539} INFO - Filling up the DagBag from /home/raj/Downloads/kafka_2.13-3.5.1/airflow-env/lib64/python3.11/site-packages/airflow/example_dags/example_branch_operator.py
[2023-10-07T04:09:52.248+0530] {processor.py:839} INFO - DAG(s) dict_keys(['example_branch_operator']) retrieved from /home/raj/Downloads/kafka_2.13-3.5.1/airflow-env/lib64/python3.11/site-packages/airflow/example_dags/example_branch_operator.py
[2023-10-07T04:09:52.278+0530] {logging_mixin.py:151} INFO - [2023-10-07T04:09:52.278+0530] {dag.py:2915} INFO - Sync 1 DAGs
[2023-10-07T04:09:52.297+0530] {logging_mixin.py:151} INFO - [2023-10-07T04:09:52.297+0530] {dag.py:3696} INFO - Setting next_dagrun for example_branch_operator to 2023-10-05T00:00:00+00:00, run_after=2023-10-06T00:00:00+00:00
[2023-10-07T04:09:52.314+0530] {processor.py:179} INFO - Processing /home/raj/Downloads/kafka_2.13-3.5.1/airflow-env/lib64/python3.11/site-packages/airflow/example_dags/example_branch_operator.py took 0.104 seconds
[2023-10-07T04:10:42.416+0530] {processor.py:157} INFO - Started process (PID=19418) to work on /home/raj/Downloads/kafka_2.13-3.5.1/airflow-env/lib64/python3.11/site-packages/airflow/example_dags/example_branch_operator.py
[2023-10-07T04:10:42.426+0530] {processor.py:829} INFO - Processing file /home/raj/Downloads/kafka_2.13-3.5.1/airflow-env/lib64/python3.11/site-packages/airflow/example_dags/example_branch_operator.py for tasks to queue
[2023-10-07T04:10:42.427+0530] {logging_mixin.py:151} INFO - [2023-10-07T04:10:42.427+0530] {dagbag.py:539} INFO - Filling up the DagBag from /home/raj/Downloads/kafka_2.13-3.5.1/airflow-env/lib64/python3.11/site-packages/airflow/example_dags/example_branch_operator.py
[2023-10-07T04:10:42.448+0530] {processor.py:839} INFO - DAG(s) dict_keys(['example_branch_operator']) retrieved from /home/raj/Downloads/kafka_2.13-3.5.1/airflow-env/lib64/python3.11/site-packages/airflow/example_dags/example_branch_operator.py
[2023-10-07T04:10:42.476+0530] {logging_mixin.py:151} INFO - [2023-10-07T04:10:42.476+0530] {dag.py:2915} INFO - Sync 1 DAGs
[2023-10-07T04:10:42.494+0530] {logging_mixin.py:151} INFO - [2023-10-07T04:10:42.493+0530] {dag.py:3696} INFO - Setting next_dagrun for example_branch_operator to 2023-10-05T00:00:00+00:00, run_after=2023-10-06T00:00:00+00:00
[2023-10-07T04:10:42.512+0530] {processor.py:179} INFO - Processing /home/raj/Downloads/kafka_2.13-3.5.1/airflow-env/lib64/python3.11/site-packages/airflow/example_dags/example_branch_operator.py took 0.098 seconds
[2023-10-07T04:11:35.599+0530] {processor.py:157} INFO - Started process (PID=19477) to work on /home/raj/Downloads/kafka_2.13-3.5.1/airflow-env/lib64/python3.11/site-packages/airflow/example_dags/example_branch_operator.py
[2023-10-07T04:11:35.611+0530] {processor.py:829} INFO - Processing file /home/raj/Downloads/kafka_2.13-3.5.1/airflow-env/lib64/python3.11/site-packages/airflow/example_dags/example_branch_operator.py for tasks to queue
[2023-10-07T04:11:35.612+0530] {logging_mixin.py:151} INFO - [2023-10-07T04:11:35.612+0530] {dagbag.py:539} INFO - Filling up the DagBag from /home/raj/Downloads/kafka_2.13-3.5.1/airflow-env/lib64/python3.11/site-packages/airflow/example_dags/example_branch_operator.py
[2023-10-07T04:11:35.631+0530] {processor.py:839} INFO - DAG(s) dict_keys(['example_branch_operator']) retrieved from /home/raj/Downloads/kafka_2.13-3.5.1/airflow-env/lib64/python3.11/site-packages/airflow/example_dags/example_branch_operator.py
[2023-10-07T04:11:35.661+0530] {logging_mixin.py:151} INFO - [2023-10-07T04:11:35.661+0530] {dag.py:2915} INFO - Sync 1 DAGs
[2023-10-07T04:11:35.678+0530] {logging_mixin.py:151} INFO - [2023-10-07T04:11:35.678+0530] {dag.py:3696} INFO - Setting next_dagrun for example_branch_operator to 2023-10-05T00:00:00+00:00, run_after=2023-10-06T00:00:00+00:00
[2023-10-07T04:11:35.698+0530] {processor.py:179} INFO - Processing /home/raj/Downloads/kafka_2.13-3.5.1/airflow-env/lib64/python3.11/site-packages/airflow/example_dags/example_branch_operator.py took 0.104 seconds
[2023-10-07T04:12:29.075+0530] {processor.py:157} INFO - Started process (PID=19553) to work on /home/raj/Downloads/kafka_2.13-3.5.1/airflow-env/lib64/python3.11/site-packages/airflow/example_dags/example_branch_operator.py
[2023-10-07T04:12:29.086+0530] {processor.py:829} INFO - Processing file /home/raj/Downloads/kafka_2.13-3.5.1/airflow-env/lib64/python3.11/site-packages/airflow/example_dags/example_branch_operator.py for tasks to queue
[2023-10-07T04:12:29.087+0530] {logging_mixin.py:151} INFO - [2023-10-07T04:12:29.087+0530] {dagbag.py:539} INFO - Filling up the DagBag from /home/raj/Downloads/kafka_2.13-3.5.1/airflow-env/lib64/python3.11/site-packages/airflow/example_dags/example_branch_operator.py
[2023-10-07T04:12:29.106+0530] {processor.py:839} INFO - DAG(s) dict_keys(['example_branch_operator']) retrieved from /home/raj/Downloads/kafka_2.13-3.5.1/airflow-env/lib64/python3.11/site-packages/airflow/example_dags/example_branch_operator.py
[2023-10-07T04:12:29.137+0530] {logging_mixin.py:151} INFO - [2023-10-07T04:12:29.137+0530] {dag.py:2915} INFO - Sync 1 DAGs
[2023-10-07T04:12:29.155+0530] {logging_mixin.py:151} INFO - [2023-10-07T04:12:29.155+0530] {dag.py:3696} INFO - Setting next_dagrun for example_branch_operator to 2023-10-05T00:00:00+00:00, run_after=2023-10-06T00:00:00+00:00
[2023-10-07T04:12:29.172+0530] {processor.py:179} INFO - Processing /home/raj/Downloads/kafka_2.13-3.5.1/airflow-env/lib64/python3.11/site-packages/airflow/example_dags/example_branch_operator.py took 0.103 seconds
[2023-10-07T04:13:23.276+0530] {processor.py:157} INFO - Started process (PID=19608) to work on /home/raj/Downloads/kafka_2.13-3.5.1/airflow-env/lib64/python3.11/site-packages/airflow/example_dags/example_branch_operator.py
[2023-10-07T04:13:23.287+0530] {processor.py:829} INFO - Processing file /home/raj/Downloads/kafka_2.13-3.5.1/airflow-env/lib64/python3.11/site-packages/airflow/example_dags/example_branch_operator.py for tasks to queue
[2023-10-07T04:13:23.288+0530] {logging_mixin.py:151} INFO - [2023-10-07T04:13:23.288+0530] {dagbag.py:539} INFO - Filling up the DagBag from /home/raj/Downloads/kafka_2.13-3.5.1/airflow-env/lib64/python3.11/site-packages/airflow/example_dags/example_branch_operator.py
[2023-10-07T04:13:23.308+0530] {processor.py:839} INFO - DAG(s) dict_keys(['example_branch_operator']) retrieved from /home/raj/Downloads/kafka_2.13-3.5.1/airflow-env/lib64/python3.11/site-packages/airflow/example_dags/example_branch_operator.py
[2023-10-07T04:13:23.338+0530] {logging_mixin.py:151} INFO - [2023-10-07T04:13:23.338+0530] {dag.py:2915} INFO - Sync 1 DAGs
[2023-10-07T04:13:23.355+0530] {logging_mixin.py:151} INFO - [2023-10-07T04:13:23.354+0530] {dag.py:3696} INFO - Setting next_dagrun for example_branch_operator to 2023-10-05T00:00:00+00:00, run_after=2023-10-06T00:00:00+00:00
[2023-10-07T04:13:23.374+0530] {processor.py:179} INFO - Processing /home/raj/Downloads/kafka_2.13-3.5.1/airflow-env/lib64/python3.11/site-packages/airflow/example_dags/example_branch_operator.py took 0.104 seconds
[2023-10-07T04:14:14.386+0530] {processor.py:157} INFO - Started process (PID=19661) to work on /home/raj/Downloads/kafka_2.13-3.5.1/airflow-env/lib64/python3.11/site-packages/airflow/example_dags/example_branch_operator.py
[2023-10-07T04:14:14.397+0530] {processor.py:829} INFO - Processing file /home/raj/Downloads/kafka_2.13-3.5.1/airflow-env/lib64/python3.11/site-packages/airflow/example_dags/example_branch_operator.py for tasks to queue
[2023-10-07T04:14:14.399+0530] {logging_mixin.py:151} INFO - [2023-10-07T04:14:14.398+0530] {dagbag.py:539} INFO - Filling up the DagBag from /home/raj/Downloads/kafka_2.13-3.5.1/airflow-env/lib64/python3.11/site-packages/airflow/example_dags/example_branch_operator.py
[2023-10-07T04:14:14.418+0530] {processor.py:839} INFO - DAG(s) dict_keys(['example_branch_operator']) retrieved from /home/raj/Downloads/kafka_2.13-3.5.1/airflow-env/lib64/python3.11/site-packages/airflow/example_dags/example_branch_operator.py
[2023-10-07T04:14:14.449+0530] {logging_mixin.py:151} INFO - [2023-10-07T04:14:14.449+0530] {dag.py:2915} INFO - Sync 1 DAGs
[2023-10-07T04:14:14.467+0530] {logging_mixin.py:151} INFO - [2023-10-07T04:14:14.467+0530] {dag.py:3696} INFO - Setting next_dagrun for example_branch_operator to 2023-10-05T00:00:00+00:00, run_after=2023-10-06T00:00:00+00:00
[2023-10-07T04:14:14.488+0530] {processor.py:179} INFO - Processing /home/raj/Downloads/kafka_2.13-3.5.1/airflow-env/lib64/python3.11/site-packages/airflow/example_dags/example_branch_operator.py took 0.106 seconds
[2023-10-07T04:15:04.988+0530] {processor.py:157} INFO - Started process (PID=19726) to work on /home/raj/Downloads/kafka_2.13-3.5.1/airflow-env/lib64/python3.11/site-packages/airflow/example_dags/example_branch_operator.py
[2023-10-07T04:15:04.990+0530] {processor.py:829} INFO - Processing file /home/raj/Downloads/kafka_2.13-3.5.1/airflow-env/lib64/python3.11/site-packages/airflow/example_dags/example_branch_operator.py for tasks to queue
[2023-10-07T04:15:04.991+0530] {logging_mixin.py:151} INFO - [2023-10-07T04:15:04.990+0530] {dagbag.py:539} INFO - Filling up the DagBag from /home/raj/Downloads/kafka_2.13-3.5.1/airflow-env/lib64/python3.11/site-packages/airflow/example_dags/example_branch_operator.py
[2023-10-07T04:15:05.001+0530] {processor.py:839} INFO - DAG(s) dict_keys(['example_branch_operator']) retrieved from /home/raj/Downloads/kafka_2.13-3.5.1/airflow-env/lib64/python3.11/site-packages/airflow/example_dags/example_branch_operator.py
[2023-10-07T04:15:05.022+0530] {logging_mixin.py:151} INFO - [2023-10-07T04:15:05.021+0530] {dag.py:2915} INFO - Sync 1 DAGs
[2023-10-07T04:15:05.041+0530] {logging_mixin.py:151} INFO - [2023-10-07T04:15:05.041+0530] {dag.py:3696} INFO - Setting next_dagrun for example_branch_operator to 2023-10-05T00:00:00+00:00, run_after=2023-10-06T00:00:00+00:00
[2023-10-07T04:15:05.061+0530] {processor.py:179} INFO - Processing /home/raj/Downloads/kafka_2.13-3.5.1/airflow-env/lib64/python3.11/site-packages/airflow/example_dags/example_branch_operator.py took 0.078 seconds
[2023-10-07T04:15:54.748+0530] {processor.py:157} INFO - Started process (PID=19817) to work on /home/raj/Downloads/kafka_2.13-3.5.1/airflow-env/lib64/python3.11/site-packages/airflow/example_dags/example_branch_operator.py
[2023-10-07T04:15:54.760+0530] {processor.py:829} INFO - Processing file /home/raj/Downloads/kafka_2.13-3.5.1/airflow-env/lib64/python3.11/site-packages/airflow/example_dags/example_branch_operator.py for tasks to queue
[2023-10-07T04:15:54.761+0530] {logging_mixin.py:151} INFO - [2023-10-07T04:15:54.760+0530] {dagbag.py:539} INFO - Filling up the DagBag from /home/raj/Downloads/kafka_2.13-3.5.1/airflow-env/lib64/python3.11/site-packages/airflow/example_dags/example_branch_operator.py
[2023-10-07T04:15:54.781+0530] {processor.py:839} INFO - DAG(s) dict_keys(['example_branch_operator']) retrieved from /home/raj/Downloads/kafka_2.13-3.5.1/airflow-env/lib64/python3.11/site-packages/airflow/example_dags/example_branch_operator.py
[2023-10-07T04:15:54.811+0530] {logging_mixin.py:151} INFO - [2023-10-07T04:15:54.811+0530] {dag.py:2915} INFO - Sync 1 DAGs
[2023-10-07T04:15:54.829+0530] {logging_mixin.py:151} INFO - [2023-10-07T04:15:54.829+0530] {dag.py:3696} INFO - Setting next_dagrun for example_branch_operator to 2023-10-05T00:00:00+00:00, run_after=2023-10-06T00:00:00+00:00
[2023-10-07T04:15:54.846+0530] {processor.py:179} INFO - Processing /home/raj/Downloads/kafka_2.13-3.5.1/airflow-env/lib64/python3.11/site-packages/airflow/example_dags/example_branch_operator.py took 0.103 seconds
[2023-10-07T04:16:48.296+0530] {processor.py:157} INFO - Started process (PID=19877) to work on /home/raj/Downloads/kafka_2.13-3.5.1/airflow-env/lib64/python3.11/site-packages/airflow/example_dags/example_branch_operator.py
[2023-10-07T04:16:48.307+0530] {processor.py:829} INFO - Processing file /home/raj/Downloads/kafka_2.13-3.5.1/airflow-env/lib64/python3.11/site-packages/airflow/example_dags/example_branch_operator.py for tasks to queue
[2023-10-07T04:16:48.309+0530] {logging_mixin.py:151} INFO - [2023-10-07T04:16:48.308+0530] {dagbag.py:539} INFO - Filling up the DagBag from /home/raj/Downloads/kafka_2.13-3.5.1/airflow-env/lib64/python3.11/site-packages/airflow/example_dags/example_branch_operator.py
[2023-10-07T04:16:48.327+0530] {processor.py:839} INFO - DAG(s) dict_keys(['example_branch_operator']) retrieved from /home/raj/Downloads/kafka_2.13-3.5.1/airflow-env/lib64/python3.11/site-packages/airflow/example_dags/example_branch_operator.py
[2023-10-07T04:16:48.358+0530] {logging_mixin.py:151} INFO - [2023-10-07T04:16:48.358+0530] {dag.py:2915} INFO - Sync 1 DAGs
[2023-10-07T04:16:48.377+0530] {logging_mixin.py:151} INFO - [2023-10-07T04:16:48.376+0530] {dag.py:3696} INFO - Setting next_dagrun for example_branch_operator to 2023-10-05T00:00:00+00:00, run_after=2023-10-06T00:00:00+00:00
[2023-10-07T04:16:48.394+0530] {processor.py:179} INFO - Processing /home/raj/Downloads/kafka_2.13-3.5.1/airflow-env/lib64/python3.11/site-packages/airflow/example_dags/example_branch_operator.py took 0.103 seconds
[2023-10-07T04:17:39.195+0530] {processor.py:157} INFO - Started process (PID=19933) to work on /home/raj/Downloads/kafka_2.13-3.5.1/airflow-env/lib64/python3.11/site-packages/airflow/example_dags/example_branch_operator.py
[2023-10-07T04:17:39.206+0530] {processor.py:829} INFO - Processing file /home/raj/Downloads/kafka_2.13-3.5.1/airflow-env/lib64/python3.11/site-packages/airflow/example_dags/example_branch_operator.py for tasks to queue
[2023-10-07T04:17:39.208+0530] {logging_mixin.py:151} INFO - [2023-10-07T04:17:39.207+0530] {dagbag.py:539} INFO - Filling up the DagBag from /home/raj/Downloads/kafka_2.13-3.5.1/airflow-env/lib64/python3.11/site-packages/airflow/example_dags/example_branch_operator.py
[2023-10-07T04:17:39.223+0530] {processor.py:839} INFO - DAG(s) dict_keys(['example_branch_operator']) retrieved from /home/raj/Downloads/kafka_2.13-3.5.1/airflow-env/lib64/python3.11/site-packages/airflow/example_dags/example_branch_operator.py
[2023-10-07T04:17:39.241+0530] {logging_mixin.py:151} INFO - [2023-10-07T04:17:39.240+0530] {dag.py:2915} INFO - Sync 1 DAGs
[2023-10-07T04:17:39.263+0530] {logging_mixin.py:151} INFO - [2023-10-07T04:17:39.262+0530] {dag.py:3696} INFO - Setting next_dagrun for example_branch_operator to 2023-10-05T00:00:00+00:00, run_after=2023-10-06T00:00:00+00:00
[2023-10-07T04:17:39.287+0530] {processor.py:179} INFO - Processing /home/raj/Downloads/kafka_2.13-3.5.1/airflow-env/lib64/python3.11/site-packages/airflow/example_dags/example_branch_operator.py took 0.094 seconds
[2023-10-07T04:18:30.087+0530] {processor.py:157} INFO - Started process (PID=19986) to work on /home/raj/Downloads/kafka_2.13-3.5.1/airflow-env/lib64/python3.11/site-packages/airflow/example_dags/example_branch_operator.py
[2023-10-07T04:18:30.098+0530] {processor.py:829} INFO - Processing file /home/raj/Downloads/kafka_2.13-3.5.1/airflow-env/lib64/python3.11/site-packages/airflow/example_dags/example_branch_operator.py for tasks to queue
[2023-10-07T04:18:30.100+0530] {logging_mixin.py:151} INFO - [2023-10-07T04:18:30.099+0530] {dagbag.py:539} INFO - Filling up the DagBag from /home/raj/Downloads/kafka_2.13-3.5.1/airflow-env/lib64/python3.11/site-packages/airflow/example_dags/example_branch_operator.py
[2023-10-07T04:18:30.120+0530] {processor.py:839} INFO - DAG(s) dict_keys(['example_branch_operator']) retrieved from /home/raj/Downloads/kafka_2.13-3.5.1/airflow-env/lib64/python3.11/site-packages/airflow/example_dags/example_branch_operator.py
[2023-10-07T04:18:30.149+0530] {logging_mixin.py:151} INFO - [2023-10-07T04:18:30.149+0530] {dag.py:2915} INFO - Sync 1 DAGs
[2023-10-07T04:18:30.165+0530] {logging_mixin.py:151} INFO - [2023-10-07T04:18:30.165+0530] {dag.py:3696} INFO - Setting next_dagrun for example_branch_operator to 2023-10-05T00:00:00+00:00, run_after=2023-10-06T00:00:00+00:00
[2023-10-07T04:18:30.183+0530] {processor.py:179} INFO - Processing /home/raj/Downloads/kafka_2.13-3.5.1/airflow-env/lib64/python3.11/site-packages/airflow/example_dags/example_branch_operator.py took 0.101 seconds
[2023-10-07T04:19:24.166+0530] {processor.py:157} INFO - Started process (PID=20040) to work on /home/raj/Downloads/kafka_2.13-3.5.1/airflow-env/lib64/python3.11/site-packages/airflow/example_dags/example_branch_operator.py
[2023-10-07T04:19:24.177+0530] {processor.py:829} INFO - Processing file /home/raj/Downloads/kafka_2.13-3.5.1/airflow-env/lib64/python3.11/site-packages/airflow/example_dags/example_branch_operator.py for tasks to queue
[2023-10-07T04:19:24.179+0530] {logging_mixin.py:151} INFO - [2023-10-07T04:19:24.178+0530] {dagbag.py:539} INFO - Filling up the DagBag from /home/raj/Downloads/kafka_2.13-3.5.1/airflow-env/lib64/python3.11/site-packages/airflow/example_dags/example_branch_operator.py
[2023-10-07T04:19:24.198+0530] {processor.py:839} INFO - DAG(s) dict_keys(['example_branch_operator']) retrieved from /home/raj/Downloads/kafka_2.13-3.5.1/airflow-env/lib64/python3.11/site-packages/airflow/example_dags/example_branch_operator.py
[2023-10-07T04:19:24.228+0530] {logging_mixin.py:151} INFO - [2023-10-07T04:19:24.228+0530] {dag.py:2915} INFO - Sync 1 DAGs
[2023-10-07T04:19:24.248+0530] {logging_mixin.py:151} INFO - [2023-10-07T04:19:24.248+0530] {dag.py:3696} INFO - Setting next_dagrun for example_branch_operator to 2023-10-05T00:00:00+00:00, run_after=2023-10-06T00:00:00+00:00
[2023-10-07T04:19:24.267+0530] {processor.py:179} INFO - Processing /home/raj/Downloads/kafka_2.13-3.5.1/airflow-env/lib64/python3.11/site-packages/airflow/example_dags/example_branch_operator.py took 0.107 seconds
[2023-10-07T04:20:20.912+0530] {processor.py:157} INFO - Started process (PID=20390) to work on /home/raj/Downloads/kafka_2.13-3.5.1/airflow-env/lib64/python3.11/site-packages/airflow/example_dags/example_branch_operator.py
[2023-10-07T04:20:20.923+0530] {processor.py:829} INFO - Processing file /home/raj/Downloads/kafka_2.13-3.5.1/airflow-env/lib64/python3.11/site-packages/airflow/example_dags/example_branch_operator.py for tasks to queue
[2023-10-07T04:20:20.925+0530] {logging_mixin.py:151} INFO - [2023-10-07T04:20:20.924+0530] {dagbag.py:539} INFO - Filling up the DagBag from /home/raj/Downloads/kafka_2.13-3.5.1/airflow-env/lib64/python3.11/site-packages/airflow/example_dags/example_branch_operator.py
[2023-10-07T04:20:20.943+0530] {processor.py:839} INFO - DAG(s) dict_keys(['example_branch_operator']) retrieved from /home/raj/Downloads/kafka_2.13-3.5.1/airflow-env/lib64/python3.11/site-packages/airflow/example_dags/example_branch_operator.py
[2023-10-07T04:20:20.973+0530] {logging_mixin.py:151} INFO - [2023-10-07T04:20:20.973+0530] {dag.py:2915} INFO - Sync 1 DAGs
[2023-10-07T04:20:20.993+0530] {logging_mixin.py:151} INFO - [2023-10-07T04:20:20.993+0530] {dag.py:3696} INFO - Setting next_dagrun for example_branch_operator to 2023-10-05T00:00:00+00:00, run_after=2023-10-06T00:00:00+00:00
[2023-10-07T04:20:21.012+0530] {processor.py:179} INFO - Processing /home/raj/Downloads/kafka_2.13-3.5.1/airflow-env/lib64/python3.11/site-packages/airflow/example_dags/example_branch_operator.py took 0.107 seconds
[2023-10-07T04:21:15.918+0530] {processor.py:157} INFO - Started process (PID=20580) to work on /home/raj/Downloads/kafka_2.13-3.5.1/airflow-env/lib64/python3.11/site-packages/airflow/example_dags/example_branch_operator.py
[2023-10-07T04:21:15.929+0530] {processor.py:829} INFO - Processing file /home/raj/Downloads/kafka_2.13-3.5.1/airflow-env/lib64/python3.11/site-packages/airflow/example_dags/example_branch_operator.py for tasks to queue
[2023-10-07T04:21:15.931+0530] {logging_mixin.py:151} INFO - [2023-10-07T04:21:15.930+0530] {dagbag.py:539} INFO - Filling up the DagBag from /home/raj/Downloads/kafka_2.13-3.5.1/airflow-env/lib64/python3.11/site-packages/airflow/example_dags/example_branch_operator.py
[2023-10-07T04:21:15.952+0530] {processor.py:839} INFO - DAG(s) dict_keys(['example_branch_operator']) retrieved from /home/raj/Downloads/kafka_2.13-3.5.1/airflow-env/lib64/python3.11/site-packages/airflow/example_dags/example_branch_operator.py
[2023-10-07T04:21:15.980+0530] {logging_mixin.py:151} INFO - [2023-10-07T04:21:15.980+0530] {dag.py:2915} INFO - Sync 1 DAGs
[2023-10-07T04:21:15.997+0530] {logging_mixin.py:151} INFO - [2023-10-07T04:21:15.996+0530] {dag.py:3696} INFO - Setting next_dagrun for example_branch_operator to 2023-10-05T00:00:00+00:00, run_after=2023-10-06T00:00:00+00:00
[2023-10-07T04:21:16.015+0530] {processor.py:179} INFO - Processing /home/raj/Downloads/kafka_2.13-3.5.1/airflow-env/lib64/python3.11/site-packages/airflow/example_dags/example_branch_operator.py took 0.103 seconds
[2023-10-07T04:22:05.130+0530] {processor.py:157} INFO - Started process (PID=20754) to work on /home/raj/Downloads/kafka_2.13-3.5.1/airflow-env/lib64/python3.11/site-packages/airflow/example_dags/example_branch_operator.py
[2023-10-07T04:22:05.140+0530] {processor.py:829} INFO - Processing file /home/raj/Downloads/kafka_2.13-3.5.1/airflow-env/lib64/python3.11/site-packages/airflow/example_dags/example_branch_operator.py for tasks to queue
[2023-10-07T04:22:05.142+0530] {logging_mixin.py:151} INFO - [2023-10-07T04:22:05.141+0530] {dagbag.py:539} INFO - Filling up the DagBag from /home/raj/Downloads/kafka_2.13-3.5.1/airflow-env/lib64/python3.11/site-packages/airflow/example_dags/example_branch_operator.py
[2023-10-07T04:22:05.150+0530] {processor.py:839} INFO - DAG(s) dict_keys(['example_branch_operator']) retrieved from /home/raj/Downloads/kafka_2.13-3.5.1/airflow-env/lib64/python3.11/site-packages/airflow/example_dags/example_branch_operator.py
[2023-10-07T04:22:05.171+0530] {logging_mixin.py:151} INFO - [2023-10-07T04:22:05.170+0530] {dag.py:2915} INFO - Sync 1 DAGs
[2023-10-07T04:22:05.197+0530] {logging_mixin.py:151} INFO - [2023-10-07T04:22:05.197+0530] {dag.py:3696} INFO - Setting next_dagrun for example_branch_operator to 2023-10-05T00:00:00+00:00, run_after=2023-10-06T00:00:00+00:00
[2023-10-07T04:22:05.222+0530] {processor.py:179} INFO - Processing /home/raj/Downloads/kafka_2.13-3.5.1/airflow-env/lib64/python3.11/site-packages/airflow/example_dags/example_branch_operator.py took 0.094 seconds
[2023-10-07T04:22:55.968+0530] {processor.py:157} INFO - Started process (PID=20852) to work on /home/raj/Downloads/kafka_2.13-3.5.1/airflow-env/lib64/python3.11/site-packages/airflow/example_dags/example_branch_operator.py
[2023-10-07T04:22:55.979+0530] {processor.py:829} INFO - Processing file /home/raj/Downloads/kafka_2.13-3.5.1/airflow-env/lib64/python3.11/site-packages/airflow/example_dags/example_branch_operator.py for tasks to queue
[2023-10-07T04:22:55.981+0530] {logging_mixin.py:151} INFO - [2023-10-07T04:22:55.980+0530] {dagbag.py:539} INFO - Filling up the DagBag from /home/raj/Downloads/kafka_2.13-3.5.1/airflow-env/lib64/python3.11/site-packages/airflow/example_dags/example_branch_operator.py
[2023-10-07T04:22:56.000+0530] {processor.py:839} INFO - DAG(s) dict_keys(['example_branch_operator']) retrieved from /home/raj/Downloads/kafka_2.13-3.5.1/airflow-env/lib64/python3.11/site-packages/airflow/example_dags/example_branch_operator.py
[2023-10-07T04:22:56.031+0530] {logging_mixin.py:151} INFO - [2023-10-07T04:22:56.030+0530] {dag.py:2915} INFO - Sync 1 DAGs
[2023-10-07T04:22:56.051+0530] {logging_mixin.py:151} INFO - [2023-10-07T04:22:56.051+0530] {dag.py:3696} INFO - Setting next_dagrun for example_branch_operator to 2023-10-05T00:00:00+00:00, run_after=2023-10-06T00:00:00+00:00
[2023-10-07T04:22:56.070+0530] {processor.py:179} INFO - Processing /home/raj/Downloads/kafka_2.13-3.5.1/airflow-env/lib64/python3.11/site-packages/airflow/example_dags/example_branch_operator.py took 0.108 seconds
[2023-10-07T04:23:47.973+0530] {processor.py:157} INFO - Started process (PID=20966) to work on /home/raj/Downloads/kafka_2.13-3.5.1/airflow-env/lib64/python3.11/site-packages/airflow/example_dags/example_branch_operator.py
[2023-10-07T04:23:47.984+0530] {processor.py:829} INFO - Processing file /home/raj/Downloads/kafka_2.13-3.5.1/airflow-env/lib64/python3.11/site-packages/airflow/example_dags/example_branch_operator.py for tasks to queue
[2023-10-07T04:23:47.985+0530] {logging_mixin.py:151} INFO - [2023-10-07T04:23:47.984+0530] {dagbag.py:539} INFO - Filling up the DagBag from /home/raj/Downloads/kafka_2.13-3.5.1/airflow-env/lib64/python3.11/site-packages/airflow/example_dags/example_branch_operator.py
[2023-10-07T04:23:47.997+0530] {processor.py:839} INFO - DAG(s) dict_keys(['example_branch_operator']) retrieved from /home/raj/Downloads/kafka_2.13-3.5.1/airflow-env/lib64/python3.11/site-packages/airflow/example_dags/example_branch_operator.py
[2023-10-07T04:23:48.023+0530] {logging_mixin.py:151} INFO - [2023-10-07T04:23:48.023+0530] {dag.py:2915} INFO - Sync 1 DAGs
[2023-10-07T04:23:48.053+0530] {logging_mixin.py:151} INFO - [2023-10-07T04:23:48.053+0530] {dag.py:3696} INFO - Setting next_dagrun for example_branch_operator to 2023-10-05T00:00:00+00:00, run_after=2023-10-06T00:00:00+00:00
[2023-10-07T04:23:48.080+0530] {processor.py:179} INFO - Processing /home/raj/Downloads/kafka_2.13-3.5.1/airflow-env/lib64/python3.11/site-packages/airflow/example_dags/example_branch_operator.py took 0.112 seconds
[2023-10-07T04:24:37.471+0530] {processor.py:157} INFO - Started process (PID=21081) to work on /home/raj/Downloads/kafka_2.13-3.5.1/airflow-env/lib64/python3.11/site-packages/airflow/example_dags/example_branch_operator.py
[2023-10-07T04:24:37.482+0530] {processor.py:829} INFO - Processing file /home/raj/Downloads/kafka_2.13-3.5.1/airflow-env/lib64/python3.11/site-packages/airflow/example_dags/example_branch_operator.py for tasks to queue
[2023-10-07T04:24:37.484+0530] {logging_mixin.py:151} INFO - [2023-10-07T04:24:37.483+0530] {dagbag.py:539} INFO - Filling up the DagBag from /home/raj/Downloads/kafka_2.13-3.5.1/airflow-env/lib64/python3.11/site-packages/airflow/example_dags/example_branch_operator.py
[2023-10-07T04:24:37.501+0530] {processor.py:839} INFO - DAG(s) dict_keys(['example_branch_operator']) retrieved from /home/raj/Downloads/kafka_2.13-3.5.1/airflow-env/lib64/python3.11/site-packages/airflow/example_dags/example_branch_operator.py
[2023-10-07T04:24:37.532+0530] {logging_mixin.py:151} INFO - [2023-10-07T04:24:37.532+0530] {dag.py:2915} INFO - Sync 1 DAGs
[2023-10-07T04:24:37.554+0530] {logging_mixin.py:151} INFO - [2023-10-07T04:24:37.554+0530] {dag.py:3696} INFO - Setting next_dagrun for example_branch_operator to 2023-10-05T00:00:00+00:00, run_after=2023-10-06T00:00:00+00:00
[2023-10-07T04:24:37.572+0530] {processor.py:179} INFO - Processing /home/raj/Downloads/kafka_2.13-3.5.1/airflow-env/lib64/python3.11/site-packages/airflow/example_dags/example_branch_operator.py took 0.109 seconds
[2023-10-07T04:25:29.173+0530] {processor.py:157} INFO - Started process (PID=21170) to work on /home/raj/Downloads/kafka_2.13-3.5.1/airflow-env/lib64/python3.11/site-packages/airflow/example_dags/example_branch_operator.py
[2023-10-07T04:25:29.184+0530] {processor.py:829} INFO - Processing file /home/raj/Downloads/kafka_2.13-3.5.1/airflow-env/lib64/python3.11/site-packages/airflow/example_dags/example_branch_operator.py for tasks to queue
[2023-10-07T04:25:29.186+0530] {logging_mixin.py:151} INFO - [2023-10-07T04:25:29.185+0530] {dagbag.py:539} INFO - Filling up the DagBag from /home/raj/Downloads/kafka_2.13-3.5.1/airflow-env/lib64/python3.11/site-packages/airflow/example_dags/example_branch_operator.py
[2023-10-07T04:25:29.203+0530] {processor.py:839} INFO - DAG(s) dict_keys(['example_branch_operator']) retrieved from /home/raj/Downloads/kafka_2.13-3.5.1/airflow-env/lib64/python3.11/site-packages/airflow/example_dags/example_branch_operator.py
[2023-10-07T04:25:29.228+0530] {logging_mixin.py:151} INFO - [2023-10-07T04:25:29.228+0530] {dag.py:2915} INFO - Sync 1 DAGs
[2023-10-07T04:25:29.245+0530] {logging_mixin.py:151} INFO - [2023-10-07T04:25:29.245+0530] {dag.py:3696} INFO - Setting next_dagrun for example_branch_operator to 2023-10-05T00:00:00+00:00, run_after=2023-10-06T00:00:00+00:00
[2023-10-07T04:25:29.264+0530] {processor.py:179} INFO - Processing /home/raj/Downloads/kafka_2.13-3.5.1/airflow-env/lib64/python3.11/site-packages/airflow/example_dags/example_branch_operator.py took 0.096 seconds
[2023-10-07T04:26:21.297+0530] {processor.py:157} INFO - Started process (PID=21334) to work on /home/raj/Downloads/kafka_2.13-3.5.1/airflow-env/lib64/python3.11/site-packages/airflow/example_dags/example_branch_operator.py
[2023-10-07T04:26:21.298+0530] {processor.py:829} INFO - Processing file /home/raj/Downloads/kafka_2.13-3.5.1/airflow-env/lib64/python3.11/site-packages/airflow/example_dags/example_branch_operator.py for tasks to queue
[2023-10-07T04:26:21.299+0530] {logging_mixin.py:151} INFO - [2023-10-07T04:26:21.299+0530] {dagbag.py:539} INFO - Filling up the DagBag from /home/raj/Downloads/kafka_2.13-3.5.1/airflow-env/lib64/python3.11/site-packages/airflow/example_dags/example_branch_operator.py
[2023-10-07T04:26:21.320+0530] {processor.py:839} INFO - DAG(s) dict_keys(['example_branch_operator']) retrieved from /home/raj/Downloads/kafka_2.13-3.5.1/airflow-env/lib64/python3.11/site-packages/airflow/example_dags/example_branch_operator.py
[2023-10-07T04:26:21.343+0530] {logging_mixin.py:151} INFO - [2023-10-07T04:26:21.342+0530] {dag.py:2915} INFO - Sync 1 DAGs
[2023-10-07T04:26:21.367+0530] {logging_mixin.py:151} INFO - [2023-10-07T04:26:21.367+0530] {dag.py:3696} INFO - Setting next_dagrun for example_branch_operator to 2023-10-05T00:00:00+00:00, run_after=2023-10-06T00:00:00+00:00
[2023-10-07T04:26:21.390+0530] {processor.py:179} INFO - Processing /home/raj/Downloads/kafka_2.13-3.5.1/airflow-env/lib64/python3.11/site-packages/airflow/example_dags/example_branch_operator.py took 0.098 seconds
[2023-10-07T04:27:09.666+0530] {processor.py:157} INFO - Started process (PID=21478) to work on /home/raj/Downloads/kafka_2.13-3.5.1/airflow-env/lib64/python3.11/site-packages/airflow/example_dags/example_branch_operator.py
[2023-10-07T04:27:09.677+0530] {processor.py:829} INFO - Processing file /home/raj/Downloads/kafka_2.13-3.5.1/airflow-env/lib64/python3.11/site-packages/airflow/example_dags/example_branch_operator.py for tasks to queue
[2023-10-07T04:27:09.678+0530] {logging_mixin.py:151} INFO - [2023-10-07T04:27:09.678+0530] {dagbag.py:539} INFO - Filling up the DagBag from /home/raj/Downloads/kafka_2.13-3.5.1/airflow-env/lib64/python3.11/site-packages/airflow/example_dags/example_branch_operator.py
[2023-10-07T04:27:09.692+0530] {processor.py:839} INFO - DAG(s) dict_keys(['example_branch_operator']) retrieved from /home/raj/Downloads/kafka_2.13-3.5.1/airflow-env/lib64/python3.11/site-packages/airflow/example_dags/example_branch_operator.py
[2023-10-07T04:27:09.719+0530] {logging_mixin.py:151} INFO - [2023-10-07T04:27:09.719+0530] {dag.py:2915} INFO - Sync 1 DAGs
[2023-10-07T04:27:09.752+0530] {logging_mixin.py:151} INFO - [2023-10-07T04:27:09.752+0530] {dag.py:3696} INFO - Setting next_dagrun for example_branch_operator to 2023-10-05T00:00:00+00:00, run_after=2023-10-06T00:00:00+00:00
[2023-10-07T04:27:09.783+0530] {processor.py:179} INFO - Processing /home/raj/Downloads/kafka_2.13-3.5.1/airflow-env/lib64/python3.11/site-packages/airflow/example_dags/example_branch_operator.py took 0.121 seconds
[2023-10-07T04:28:03.968+0530] {processor.py:157} INFO - Started process (PID=21590) to work on /home/raj/Downloads/kafka_2.13-3.5.1/airflow-env/lib64/python3.11/site-packages/airflow/example_dags/example_branch_operator.py
[2023-10-07T04:28:03.979+0530] {processor.py:829} INFO - Processing file /home/raj/Downloads/kafka_2.13-3.5.1/airflow-env/lib64/python3.11/site-packages/airflow/example_dags/example_branch_operator.py for tasks to queue
[2023-10-07T04:28:03.981+0530] {logging_mixin.py:151} INFO - [2023-10-07T04:28:03.980+0530] {dagbag.py:539} INFO - Filling up the DagBag from /home/raj/Downloads/kafka_2.13-3.5.1/airflow-env/lib64/python3.11/site-packages/airflow/example_dags/example_branch_operator.py
[2023-10-07T04:28:03.999+0530] {processor.py:839} INFO - DAG(s) dict_keys(['example_branch_operator']) retrieved from /home/raj/Downloads/kafka_2.13-3.5.1/airflow-env/lib64/python3.11/site-packages/airflow/example_dags/example_branch_operator.py
[2023-10-07T04:28:04.020+0530] {logging_mixin.py:151} INFO - [2023-10-07T04:28:04.020+0530] {dag.py:2915} INFO - Sync 1 DAGs
[2023-10-07T04:28:04.044+0530] {logging_mixin.py:151} INFO - [2023-10-07T04:28:04.043+0530] {dag.py:3696} INFO - Setting next_dagrun for example_branch_operator to 2023-10-05T00:00:00+00:00, run_after=2023-10-06T00:00:00+00:00
[2023-10-07T04:28:04.069+0530] {processor.py:179} INFO - Processing /home/raj/Downloads/kafka_2.13-3.5.1/airflow-env/lib64/python3.11/site-packages/airflow/example_dags/example_branch_operator.py took 0.104 seconds
[2023-10-07T04:28:57.838+0530] {processor.py:157} INFO - Started process (PID=21726) to work on /home/raj/Downloads/kafka_2.13-3.5.1/airflow-env/lib64/python3.11/site-packages/airflow/example_dags/example_branch_operator.py
[2023-10-07T04:28:57.849+0530] {processor.py:829} INFO - Processing file /home/raj/Downloads/kafka_2.13-3.5.1/airflow-env/lib64/python3.11/site-packages/airflow/example_dags/example_branch_operator.py for tasks to queue
[2023-10-07T04:28:57.851+0530] {logging_mixin.py:151} INFO - [2023-10-07T04:28:57.850+0530] {dagbag.py:539} INFO - Filling up the DagBag from /home/raj/Downloads/kafka_2.13-3.5.1/airflow-env/lib64/python3.11/site-packages/airflow/example_dags/example_branch_operator.py
[2023-10-07T04:28:57.870+0530] {processor.py:839} INFO - DAG(s) dict_keys(['example_branch_operator']) retrieved from /home/raj/Downloads/kafka_2.13-3.5.1/airflow-env/lib64/python3.11/site-packages/airflow/example_dags/example_branch_operator.py
[2023-10-07T04:28:57.897+0530] {logging_mixin.py:151} INFO - [2023-10-07T04:28:57.897+0530] {dag.py:2915} INFO - Sync 1 DAGs
[2023-10-07T04:28:57.918+0530] {logging_mixin.py:151} INFO - [2023-10-07T04:28:57.918+0530] {dag.py:3696} INFO - Setting next_dagrun for example_branch_operator to 2023-10-05T00:00:00+00:00, run_after=2023-10-06T00:00:00+00:00
[2023-10-07T04:28:57.937+0530] {processor.py:179} INFO - Processing /home/raj/Downloads/kafka_2.13-3.5.1/airflow-env/lib64/python3.11/site-packages/airflow/example_dags/example_branch_operator.py took 0.105 seconds
[2023-10-07T04:41:09.638+0530] {processor.py:157} INFO - Started process (PID=9950) to work on /home/raj/Downloads/kafka_2.13-3.5.1/airflow-env/lib64/python3.11/site-packages/airflow/example_dags/example_branch_operator.py
[2023-10-07T04:41:09.640+0530] {processor.py:829} INFO - Processing file /home/raj/Downloads/kafka_2.13-3.5.1/airflow-env/lib64/python3.11/site-packages/airflow/example_dags/example_branch_operator.py for tasks to queue
[2023-10-07T04:41:09.641+0530] {logging_mixin.py:151} INFO - [2023-10-07T04:41:09.640+0530] {dagbag.py:539} INFO - Filling up the DagBag from /home/raj/Downloads/kafka_2.13-3.5.1/airflow-env/lib64/python3.11/site-packages/airflow/example_dags/example_branch_operator.py
[2023-10-07T04:41:09.658+0530] {processor.py:839} INFO - DAG(s) dict_keys(['example_branch_operator']) retrieved from /home/raj/Downloads/kafka_2.13-3.5.1/airflow-env/lib64/python3.11/site-packages/airflow/example_dags/example_branch_operator.py
[2023-10-07T04:41:09.681+0530] {logging_mixin.py:151} INFO - [2023-10-07T04:41:09.681+0530] {dag.py:2915} INFO - Sync 1 DAGs
[2023-10-07T04:41:09.698+0530] {logging_mixin.py:151} INFO - [2023-10-07T04:41:09.698+0530] {dag.py:3696} INFO - Setting next_dagrun for example_branch_operator to 2023-10-05T00:00:00+00:00, run_after=2023-10-06T00:00:00+00:00
[2023-10-07T04:41:09.719+0530] {processor.py:179} INFO - Processing /home/raj/Downloads/kafka_2.13-3.5.1/airflow-env/lib64/python3.11/site-packages/airflow/example_dags/example_branch_operator.py took 0.085 seconds
[2023-10-07T04:42:03.847+0530] {processor.py:157} INFO - Started process (PID=10082) to work on /home/raj/Downloads/kafka_2.13-3.5.1/airflow-env/lib64/python3.11/site-packages/airflow/example_dags/example_branch_operator.py
[2023-10-07T04:42:03.858+0530] {processor.py:829} INFO - Processing file /home/raj/Downloads/kafka_2.13-3.5.1/airflow-env/lib64/python3.11/site-packages/airflow/example_dags/example_branch_operator.py for tasks to queue
[2023-10-07T04:42:03.859+0530] {logging_mixin.py:151} INFO - [2023-10-07T04:42:03.858+0530] {dagbag.py:539} INFO - Filling up the DagBag from /home/raj/Downloads/kafka_2.13-3.5.1/airflow-env/lib64/python3.11/site-packages/airflow/example_dags/example_branch_operator.py
[2023-10-07T04:42:03.868+0530] {processor.py:839} INFO - DAG(s) dict_keys(['example_branch_operator']) retrieved from /home/raj/Downloads/kafka_2.13-3.5.1/airflow-env/lib64/python3.11/site-packages/airflow/example_dags/example_branch_operator.py
[2023-10-07T04:42:03.885+0530] {logging_mixin.py:151} INFO - [2023-10-07T04:42:03.885+0530] {dag.py:2915} INFO - Sync 1 DAGs
[2023-10-07T04:42:03.904+0530] {logging_mixin.py:151} INFO - [2023-10-07T04:42:03.904+0530] {dag.py:3696} INFO - Setting next_dagrun for example_branch_operator to 2023-10-05T00:00:00+00:00, run_after=2023-10-06T00:00:00+00:00
[2023-10-07T04:42:03.926+0530] {processor.py:179} INFO - Processing /home/raj/Downloads/kafka_2.13-3.5.1/airflow-env/lib64/python3.11/site-packages/airflow/example_dags/example_branch_operator.py took 0.082 seconds
[2023-10-07T04:42:55.797+0530] {processor.py:157} INFO - Started process (PID=10241) to work on /home/raj/Downloads/kafka_2.13-3.5.1/airflow-env/lib64/python3.11/site-packages/airflow/example_dags/example_branch_operator.py
[2023-10-07T04:42:55.808+0530] {processor.py:829} INFO - Processing file /home/raj/Downloads/kafka_2.13-3.5.1/airflow-env/lib64/python3.11/site-packages/airflow/example_dags/example_branch_operator.py for tasks to queue
[2023-10-07T04:42:55.810+0530] {logging_mixin.py:151} INFO - [2023-10-07T04:42:55.809+0530] {dagbag.py:539} INFO - Filling up the DagBag from /home/raj/Downloads/kafka_2.13-3.5.1/airflow-env/lib64/python3.11/site-packages/airflow/example_dags/example_branch_operator.py
[2023-10-07T04:42:55.829+0530] {processor.py:839} INFO - DAG(s) dict_keys(['example_branch_operator']) retrieved from /home/raj/Downloads/kafka_2.13-3.5.1/airflow-env/lib64/python3.11/site-packages/airflow/example_dags/example_branch_operator.py
[2023-10-07T04:42:55.859+0530] {logging_mixin.py:151} INFO - [2023-10-07T04:42:55.859+0530] {dag.py:2915} INFO - Sync 1 DAGs
[2023-10-07T04:42:55.876+0530] {logging_mixin.py:151} INFO - [2023-10-07T04:42:55.875+0530] {dag.py:3696} INFO - Setting next_dagrun for example_branch_operator to 2023-10-05T00:00:00+00:00, run_after=2023-10-06T00:00:00+00:00
[2023-10-07T04:42:55.893+0530] {processor.py:179} INFO - Processing /home/raj/Downloads/kafka_2.13-3.5.1/airflow-env/lib64/python3.11/site-packages/airflow/example_dags/example_branch_operator.py took 0.101 seconds
[2023-10-07T04:44:01.752+0530] {processor.py:157} INFO - Started process (PID=10428) to work on /home/raj/Downloads/kafka_2.13-3.5.1/airflow-env/lib64/python3.11/site-packages/airflow/example_dags/example_branch_operator.py
[2023-10-07T04:44:01.753+0530] {processor.py:829} INFO - Processing file /home/raj/Downloads/kafka_2.13-3.5.1/airflow-env/lib64/python3.11/site-packages/airflow/example_dags/example_branch_operator.py for tasks to queue
[2023-10-07T04:44:01.754+0530] {logging_mixin.py:151} INFO - [2023-10-07T04:44:01.753+0530] {dagbag.py:539} INFO - Filling up the DagBag from /home/raj/Downloads/kafka_2.13-3.5.1/airflow-env/lib64/python3.11/site-packages/airflow/example_dags/example_branch_operator.py
[2023-10-07T04:44:01.763+0530] {processor.py:839} INFO - DAG(s) dict_keys(['example_branch_operator']) retrieved from /home/raj/Downloads/kafka_2.13-3.5.1/airflow-env/lib64/python3.11/site-packages/airflow/example_dags/example_branch_operator.py
[2023-10-07T04:44:01.782+0530] {logging_mixin.py:151} INFO - [2023-10-07T04:44:01.782+0530] {dag.py:2915} INFO - Sync 1 DAGs
[2023-10-07T04:44:01.799+0530] {logging_mixin.py:151} INFO - [2023-10-07T04:44:01.799+0530] {dag.py:3696} INFO - Setting next_dagrun for example_branch_operator to 2023-10-05T00:00:00+00:00, run_after=2023-10-06T00:00:00+00:00
[2023-10-07T04:44:01.819+0530] {processor.py:179} INFO - Processing /home/raj/Downloads/kafka_2.13-3.5.1/airflow-env/lib64/python3.11/site-packages/airflow/example_dags/example_branch_operator.py took 0.070 seconds
[2023-10-07T04:44:58.566+0530] {processor.py:157} INFO - Started process (PID=10622) to work on /home/raj/Downloads/kafka_2.13-3.5.1/airflow-env/lib64/python3.11/site-packages/airflow/example_dags/example_branch_operator.py
[2023-10-07T04:44:58.577+0530] {processor.py:829} INFO - Processing file /home/raj/Downloads/kafka_2.13-3.5.1/airflow-env/lib64/python3.11/site-packages/airflow/example_dags/example_branch_operator.py for tasks to queue
[2023-10-07T04:44:58.579+0530] {logging_mixin.py:151} INFO - [2023-10-07T04:44:58.578+0530] {dagbag.py:539} INFO - Filling up the DagBag from /home/raj/Downloads/kafka_2.13-3.5.1/airflow-env/lib64/python3.11/site-packages/airflow/example_dags/example_branch_operator.py
[2023-10-07T04:44:58.598+0530] {processor.py:839} INFO - DAG(s) dict_keys(['example_branch_operator']) retrieved from /home/raj/Downloads/kafka_2.13-3.5.1/airflow-env/lib64/python3.11/site-packages/airflow/example_dags/example_branch_operator.py
[2023-10-07T04:44:58.612+0530] {logging_mixin.py:151} INFO - [2023-10-07T04:44:58.612+0530] {dag.py:2915} INFO - Sync 1 DAGs
[2023-10-07T04:44:58.630+0530] {logging_mixin.py:151} INFO - [2023-10-07T04:44:58.629+0530] {dag.py:3696} INFO - Setting next_dagrun for example_branch_operator to 2023-10-05T00:00:00+00:00, run_after=2023-10-06T00:00:00+00:00
[2023-10-07T04:44:58.650+0530] {processor.py:179} INFO - Processing /home/raj/Downloads/kafka_2.13-3.5.1/airflow-env/lib64/python3.11/site-packages/airflow/example_dags/example_branch_operator.py took 0.089 seconds
[2023-10-07T04:45:54.800+0530] {processor.py:157} INFO - Started process (PID=10805) to work on /home/raj/Downloads/kafka_2.13-3.5.1/airflow-env/lib64/python3.11/site-packages/airflow/example_dags/example_branch_operator.py
[2023-10-07T04:45:54.811+0530] {processor.py:829} INFO - Processing file /home/raj/Downloads/kafka_2.13-3.5.1/airflow-env/lib64/python3.11/site-packages/airflow/example_dags/example_branch_operator.py for tasks to queue
[2023-10-07T04:45:54.813+0530] {logging_mixin.py:151} INFO - [2023-10-07T04:45:54.812+0530] {dagbag.py:539} INFO - Filling up the DagBag from /home/raj/Downloads/kafka_2.13-3.5.1/airflow-env/lib64/python3.11/site-packages/airflow/example_dags/example_branch_operator.py
[2023-10-07T04:45:54.831+0530] {processor.py:839} INFO - DAG(s) dict_keys(['example_branch_operator']) retrieved from /home/raj/Downloads/kafka_2.13-3.5.1/airflow-env/lib64/python3.11/site-packages/airflow/example_dags/example_branch_operator.py
[2023-10-07T04:45:54.861+0530] {logging_mixin.py:151} INFO - [2023-10-07T04:45:54.861+0530] {dag.py:2915} INFO - Sync 1 DAGs
[2023-10-07T04:45:54.878+0530] {logging_mixin.py:151} INFO - [2023-10-07T04:45:54.878+0530] {dag.py:3696} INFO - Setting next_dagrun for example_branch_operator to 2023-10-05T00:00:00+00:00, run_after=2023-10-06T00:00:00+00:00
[2023-10-07T04:45:54.896+0530] {processor.py:179} INFO - Processing /home/raj/Downloads/kafka_2.13-3.5.1/airflow-env/lib64/python3.11/site-packages/airflow/example_dags/example_branch_operator.py took 0.101 seconds
[2023-10-07T04:46:53.021+0530] {processor.py:157} INFO - Started process (PID=10902) to work on /home/raj/Downloads/kafka_2.13-3.5.1/airflow-env/lib64/python3.11/site-packages/airflow/example_dags/example_branch_operator.py
[2023-10-07T04:46:53.033+0530] {processor.py:829} INFO - Processing file /home/raj/Downloads/kafka_2.13-3.5.1/airflow-env/lib64/python3.11/site-packages/airflow/example_dags/example_branch_operator.py for tasks to queue
[2023-10-07T04:46:53.035+0530] {logging_mixin.py:151} INFO - [2023-10-07T04:46:53.034+0530] {dagbag.py:539} INFO - Filling up the DagBag from /home/raj/Downloads/kafka_2.13-3.5.1/airflow-env/lib64/python3.11/site-packages/airflow/example_dags/example_branch_operator.py
[2023-10-07T04:46:53.059+0530] {processor.py:839} INFO - DAG(s) dict_keys(['example_branch_operator']) retrieved from /home/raj/Downloads/kafka_2.13-3.5.1/airflow-env/lib64/python3.11/site-packages/airflow/example_dags/example_branch_operator.py
[2023-10-07T04:46:53.087+0530] {logging_mixin.py:151} INFO - [2023-10-07T04:46:53.087+0530] {dag.py:2915} INFO - Sync 1 DAGs
[2023-10-07T04:46:53.113+0530] {logging_mixin.py:151} INFO - [2023-10-07T04:46:53.112+0530] {dag.py:3696} INFO - Setting next_dagrun for example_branch_operator to 2023-10-05T00:00:00+00:00, run_after=2023-10-06T00:00:00+00:00
[2023-10-07T04:46:53.139+0530] {processor.py:179} INFO - Processing /home/raj/Downloads/kafka_2.13-3.5.1/airflow-env/lib64/python3.11/site-packages/airflow/example_dags/example_branch_operator.py took 0.123 seconds
[2023-10-07T04:47:42.578+0530] {processor.py:157} INFO - Started process (PID=10994) to work on /home/raj/Downloads/kafka_2.13-3.5.1/airflow-env/lib64/python3.11/site-packages/airflow/example_dags/example_branch_operator.py
[2023-10-07T04:47:42.589+0530] {processor.py:829} INFO - Processing file /home/raj/Downloads/kafka_2.13-3.5.1/airflow-env/lib64/python3.11/site-packages/airflow/example_dags/example_branch_operator.py for tasks to queue
[2023-10-07T04:47:42.590+0530] {logging_mixin.py:151} INFO - [2023-10-07T04:47:42.589+0530] {dagbag.py:539} INFO - Filling up the DagBag from /home/raj/Downloads/kafka_2.13-3.5.1/airflow-env/lib64/python3.11/site-packages/airflow/example_dags/example_branch_operator.py
[2023-10-07T04:47:42.611+0530] {processor.py:839} INFO - DAG(s) dict_keys(['example_branch_operator']) retrieved from /home/raj/Downloads/kafka_2.13-3.5.1/airflow-env/lib64/python3.11/site-packages/airflow/example_dags/example_branch_operator.py
[2023-10-07T04:47:42.641+0530] {logging_mixin.py:151} INFO - [2023-10-07T04:47:42.640+0530] {dag.py:2915} INFO - Sync 1 DAGs
[2023-10-07T04:47:42.658+0530] {logging_mixin.py:151} INFO - [2023-10-07T04:47:42.657+0530] {dag.py:3696} INFO - Setting next_dagrun for example_branch_operator to 2023-10-05T00:00:00+00:00, run_after=2023-10-06T00:00:00+00:00
[2023-10-07T04:47:42.675+0530] {processor.py:179} INFO - Processing /home/raj/Downloads/kafka_2.13-3.5.1/airflow-env/lib64/python3.11/site-packages/airflow/example_dags/example_branch_operator.py took 0.103 seconds
[2023-10-07T04:48:34.547+0530] {processor.py:157} INFO - Started process (PID=11100) to work on /home/raj/Downloads/kafka_2.13-3.5.1/airflow-env/lib64/python3.11/site-packages/airflow/example_dags/example_branch_operator.py
[2023-10-07T04:48:34.558+0530] {processor.py:829} INFO - Processing file /home/raj/Downloads/kafka_2.13-3.5.1/airflow-env/lib64/python3.11/site-packages/airflow/example_dags/example_branch_operator.py for tasks to queue
[2023-10-07T04:48:34.560+0530] {logging_mixin.py:151} INFO - [2023-10-07T04:48:34.559+0530] {dagbag.py:539} INFO - Filling up the DagBag from /home/raj/Downloads/kafka_2.13-3.5.1/airflow-env/lib64/python3.11/site-packages/airflow/example_dags/example_branch_operator.py
[2023-10-07T04:48:34.581+0530] {processor.py:839} INFO - DAG(s) dict_keys(['example_branch_operator']) retrieved from /home/raj/Downloads/kafka_2.13-3.5.1/airflow-env/lib64/python3.11/site-packages/airflow/example_dags/example_branch_operator.py
[2023-10-07T04:48:34.609+0530] {logging_mixin.py:151} INFO - [2023-10-07T04:48:34.609+0530] {dag.py:2915} INFO - Sync 1 DAGs
[2023-10-07T04:48:34.635+0530] {logging_mixin.py:151} INFO - [2023-10-07T04:48:34.634+0530] {dag.py:3696} INFO - Setting next_dagrun for example_branch_operator to 2023-10-05T00:00:00+00:00, run_after=2023-10-06T00:00:00+00:00
[2023-10-07T04:48:34.658+0530] {processor.py:179} INFO - Processing /home/raj/Downloads/kafka_2.13-3.5.1/airflow-env/lib64/python3.11/site-packages/airflow/example_dags/example_branch_operator.py took 0.117 seconds
[2023-10-07T04:49:29.327+0530] {processor.py:157} INFO - Started process (PID=11229) to work on /home/raj/Downloads/kafka_2.13-3.5.1/airflow-env/lib64/python3.11/site-packages/airflow/example_dags/example_branch_operator.py
[2023-10-07T04:49:29.338+0530] {processor.py:829} INFO - Processing file /home/raj/Downloads/kafka_2.13-3.5.1/airflow-env/lib64/python3.11/site-packages/airflow/example_dags/example_branch_operator.py for tasks to queue
[2023-10-07T04:49:29.340+0530] {logging_mixin.py:151} INFO - [2023-10-07T04:49:29.339+0530] {dagbag.py:539} INFO - Filling up the DagBag from /home/raj/Downloads/kafka_2.13-3.5.1/airflow-env/lib64/python3.11/site-packages/airflow/example_dags/example_branch_operator.py
[2023-10-07T04:49:29.348+0530] {processor.py:839} INFO - DAG(s) dict_keys(['example_branch_operator']) retrieved from /home/raj/Downloads/kafka_2.13-3.5.1/airflow-env/lib64/python3.11/site-packages/airflow/example_dags/example_branch_operator.py
[2023-10-07T04:49:29.364+0530] {logging_mixin.py:151} INFO - [2023-10-07T04:49:29.363+0530] {dag.py:2915} INFO - Sync 1 DAGs
[2023-10-07T04:49:29.380+0530] {logging_mixin.py:151} INFO - [2023-10-07T04:49:29.380+0530] {dag.py:3696} INFO - Setting next_dagrun for example_branch_operator to 2023-10-05T00:00:00+00:00, run_after=2023-10-06T00:00:00+00:00
[2023-10-07T04:49:29.398+0530] {processor.py:179} INFO - Processing /home/raj/Downloads/kafka_2.13-3.5.1/airflow-env/lib64/python3.11/site-packages/airflow/example_dags/example_branch_operator.py took 0.076 seconds
[2023-10-07T04:50:24.711+0530] {processor.py:157} INFO - Started process (PID=11322) to work on /home/raj/Downloads/kafka_2.13-3.5.1/airflow-env/lib64/python3.11/site-packages/airflow/example_dags/example_branch_operator.py
[2023-10-07T04:50:24.722+0530] {processor.py:829} INFO - Processing file /home/raj/Downloads/kafka_2.13-3.5.1/airflow-env/lib64/python3.11/site-packages/airflow/example_dags/example_branch_operator.py for tasks to queue
[2023-10-07T04:50:24.724+0530] {logging_mixin.py:151} INFO - [2023-10-07T04:50:24.723+0530] {dagbag.py:539} INFO - Filling up the DagBag from /home/raj/Downloads/kafka_2.13-3.5.1/airflow-env/lib64/python3.11/site-packages/airflow/example_dags/example_branch_operator.py
[2023-10-07T04:50:24.738+0530] {processor.py:839} INFO - DAG(s) dict_keys(['example_branch_operator']) retrieved from /home/raj/Downloads/kafka_2.13-3.5.1/airflow-env/lib64/python3.11/site-packages/airflow/example_dags/example_branch_operator.py
[2023-10-07T04:50:24.756+0530] {logging_mixin.py:151} INFO - [2023-10-07T04:50:24.756+0530] {dag.py:2915} INFO - Sync 1 DAGs
[2023-10-07T04:50:24.776+0530] {logging_mixin.py:151} INFO - [2023-10-07T04:50:24.776+0530] {dag.py:3696} INFO - Setting next_dagrun for example_branch_operator to 2023-10-05T00:00:00+00:00, run_after=2023-10-06T00:00:00+00:00
[2023-10-07T04:50:24.796+0530] {processor.py:179} INFO - Processing /home/raj/Downloads/kafka_2.13-3.5.1/airflow-env/lib64/python3.11/site-packages/airflow/example_dags/example_branch_operator.py took 0.090 seconds
[2023-10-07T04:51:14.820+0530] {processor.py:157} INFO - Started process (PID=11430) to work on /home/raj/Downloads/kafka_2.13-3.5.1/airflow-env/lib64/python3.11/site-packages/airflow/example_dags/example_branch_operator.py
[2023-10-07T04:51:14.832+0530] {processor.py:829} INFO - Processing file /home/raj/Downloads/kafka_2.13-3.5.1/airflow-env/lib64/python3.11/site-packages/airflow/example_dags/example_branch_operator.py for tasks to queue
[2023-10-07T04:51:14.833+0530] {logging_mixin.py:151} INFO - [2023-10-07T04:51:14.833+0530] {dagbag.py:539} INFO - Filling up the DagBag from /home/raj/Downloads/kafka_2.13-3.5.1/airflow-env/lib64/python3.11/site-packages/airflow/example_dags/example_branch_operator.py
[2023-10-07T04:51:14.851+0530] {processor.py:839} INFO - DAG(s) dict_keys(['example_branch_operator']) retrieved from /home/raj/Downloads/kafka_2.13-3.5.1/airflow-env/lib64/python3.11/site-packages/airflow/example_dags/example_branch_operator.py
[2023-10-07T04:51:14.868+0530] {logging_mixin.py:151} INFO - [2023-10-07T04:51:14.868+0530] {dag.py:2915} INFO - Sync 1 DAGs
[2023-10-07T04:51:14.884+0530] {logging_mixin.py:151} INFO - [2023-10-07T04:51:14.884+0530] {dag.py:3696} INFO - Setting next_dagrun for example_branch_operator to 2023-10-05T00:00:00+00:00, run_after=2023-10-06T00:00:00+00:00
[2023-10-07T04:51:14.902+0530] {processor.py:179} INFO - Processing /home/raj/Downloads/kafka_2.13-3.5.1/airflow-env/lib64/python3.11/site-packages/airflow/example_dags/example_branch_operator.py took 0.087 seconds
[2023-10-07T04:52:08.323+0530] {processor.py:157} INFO - Started process (PID=11655) to work on /home/raj/Downloads/kafka_2.13-3.5.1/airflow-env/lib64/python3.11/site-packages/airflow/example_dags/example_branch_operator.py
[2023-10-07T04:52:08.327+0530] {processor.py:829} INFO - Processing file /home/raj/Downloads/kafka_2.13-3.5.1/airflow-env/lib64/python3.11/site-packages/airflow/example_dags/example_branch_operator.py for tasks to queue
[2023-10-07T04:52:08.330+0530] {logging_mixin.py:151} INFO - [2023-10-07T04:52:08.330+0530] {dagbag.py:539} INFO - Filling up the DagBag from /home/raj/Downloads/kafka_2.13-3.5.1/airflow-env/lib64/python3.11/site-packages/airflow/example_dags/example_branch_operator.py
[2023-10-07T04:52:08.348+0530] {processor.py:839} INFO - DAG(s) dict_keys(['example_branch_operator']) retrieved from /home/raj/Downloads/kafka_2.13-3.5.1/airflow-env/lib64/python3.11/site-packages/airflow/example_dags/example_branch_operator.py
[2023-10-07T04:52:08.374+0530] {logging_mixin.py:151} INFO - [2023-10-07T04:52:08.374+0530] {dag.py:2915} INFO - Sync 1 DAGs
[2023-10-07T04:52:08.404+0530] {logging_mixin.py:151} INFO - [2023-10-07T04:52:08.404+0530] {dag.py:3696} INFO - Setting next_dagrun for example_branch_operator to 2023-10-05T00:00:00+00:00, run_after=2023-10-06T00:00:00+00:00
[2023-10-07T04:52:08.432+0530] {processor.py:179} INFO - Processing /home/raj/Downloads/kafka_2.13-3.5.1/airflow-env/lib64/python3.11/site-packages/airflow/example_dags/example_branch_operator.py took 0.114 seconds
[2023-10-07T04:53:01.598+0530] {processor.py:157} INFO - Started process (PID=11780) to work on /home/raj/Downloads/kafka_2.13-3.5.1/airflow-env/lib64/python3.11/site-packages/airflow/example_dags/example_branch_operator.py
[2023-10-07T04:53:01.609+0530] {processor.py:829} INFO - Processing file /home/raj/Downloads/kafka_2.13-3.5.1/airflow-env/lib64/python3.11/site-packages/airflow/example_dags/example_branch_operator.py for tasks to queue
[2023-10-07T04:53:01.610+0530] {logging_mixin.py:151} INFO - [2023-10-07T04:53:01.610+0530] {dagbag.py:539} INFO - Filling up the DagBag from /home/raj/Downloads/kafka_2.13-3.5.1/airflow-env/lib64/python3.11/site-packages/airflow/example_dags/example_branch_operator.py
[2023-10-07T04:53:01.629+0530] {processor.py:839} INFO - DAG(s) dict_keys(['example_branch_operator']) retrieved from /home/raj/Downloads/kafka_2.13-3.5.1/airflow-env/lib64/python3.11/site-packages/airflow/example_dags/example_branch_operator.py
[2023-10-07T04:53:01.660+0530] {logging_mixin.py:151} INFO - [2023-10-07T04:53:01.660+0530] {dag.py:2915} INFO - Sync 1 DAGs
[2023-10-07T04:53:01.678+0530] {logging_mixin.py:151} INFO - [2023-10-07T04:53:01.677+0530] {dag.py:3696} INFO - Setting next_dagrun for example_branch_operator to 2023-10-05T00:00:00+00:00, run_after=2023-10-06T00:00:00+00:00
[2023-10-07T04:53:01.697+0530] {processor.py:179} INFO - Processing /home/raj/Downloads/kafka_2.13-3.5.1/airflow-env/lib64/python3.11/site-packages/airflow/example_dags/example_branch_operator.py took 0.104 seconds
[2023-10-07T04:53:46.410+0530] {processor.py:157} INFO - Started process (PID=11947) to work on /home/raj/Downloads/kafka_2.13-3.5.1/airflow-env/lib64/python3.11/site-packages/airflow/example_dags/example_branch_operator.py
[2023-10-07T04:53:46.421+0530] {processor.py:829} INFO - Processing file /home/raj/Downloads/kafka_2.13-3.5.1/airflow-env/lib64/python3.11/site-packages/airflow/example_dags/example_branch_operator.py for tasks to queue
[2023-10-07T04:53:46.422+0530] {logging_mixin.py:151} INFO - [2023-10-07T04:53:46.421+0530] {dagbag.py:539} INFO - Filling up the DagBag from /home/raj/Downloads/kafka_2.13-3.5.1/airflow-env/lib64/python3.11/site-packages/airflow/example_dags/example_branch_operator.py
[2023-10-07T04:53:46.441+0530] {processor.py:839} INFO - DAG(s) dict_keys(['example_branch_operator']) retrieved from /home/raj/Downloads/kafka_2.13-3.5.1/airflow-env/lib64/python3.11/site-packages/airflow/example_dags/example_branch_operator.py
[2023-10-07T04:53:46.459+0530] {logging_mixin.py:151} INFO - [2023-10-07T04:53:46.459+0530] {dag.py:2915} INFO - Sync 1 DAGs
[2023-10-07T04:53:46.478+0530] {logging_mixin.py:151} INFO - [2023-10-07T04:53:46.478+0530] {dag.py:3696} INFO - Setting next_dagrun for example_branch_operator to 2023-10-05T00:00:00+00:00, run_after=2023-10-06T00:00:00+00:00
[2023-10-07T04:53:46.508+0530] {processor.py:179} INFO - Processing /home/raj/Downloads/kafka_2.13-3.5.1/airflow-env/lib64/python3.11/site-packages/airflow/example_dags/example_branch_operator.py took 0.101 seconds
[2023-10-07T04:54:36.123+0530] {processor.py:157} INFO - Started process (PID=12008) to work on /home/raj/Downloads/kafka_2.13-3.5.1/airflow-env/lib64/python3.11/site-packages/airflow/example_dags/example_branch_operator.py
[2023-10-07T04:54:36.134+0530] {processor.py:829} INFO - Processing file /home/raj/Downloads/kafka_2.13-3.5.1/airflow-env/lib64/python3.11/site-packages/airflow/example_dags/example_branch_operator.py for tasks to queue
[2023-10-07T04:54:36.135+0530] {logging_mixin.py:151} INFO - [2023-10-07T04:54:36.135+0530] {dagbag.py:539} INFO - Filling up the DagBag from /home/raj/Downloads/kafka_2.13-3.5.1/airflow-env/lib64/python3.11/site-packages/airflow/example_dags/example_branch_operator.py
[2023-10-07T04:54:36.154+0530] {processor.py:839} INFO - DAG(s) dict_keys(['example_branch_operator']) retrieved from /home/raj/Downloads/kafka_2.13-3.5.1/airflow-env/lib64/python3.11/site-packages/airflow/example_dags/example_branch_operator.py
[2023-10-07T04:54:36.185+0530] {logging_mixin.py:151} INFO - [2023-10-07T04:54:36.185+0530] {dag.py:2915} INFO - Sync 1 DAGs
[2023-10-07T04:54:36.204+0530] {logging_mixin.py:151} INFO - [2023-10-07T04:54:36.203+0530] {dag.py:3696} INFO - Setting next_dagrun for example_branch_operator to 2023-10-05T00:00:00+00:00, run_after=2023-10-06T00:00:00+00:00
[2023-10-07T04:54:36.223+0530] {processor.py:179} INFO - Processing /home/raj/Downloads/kafka_2.13-3.5.1/airflow-env/lib64/python3.11/site-packages/airflow/example_dags/example_branch_operator.py took 0.106 seconds
[2023-10-07T04:56:09.278+0530] {processor.py:157} INFO - Started process (PID=12245) to work on /home/raj/Downloads/kafka_2.13-3.5.1/airflow-env/lib64/python3.11/site-packages/airflow/example_dags/example_branch_operator.py
[2023-10-07T04:56:09.289+0530] {processor.py:829} INFO - Processing file /home/raj/Downloads/kafka_2.13-3.5.1/airflow-env/lib64/python3.11/site-packages/airflow/example_dags/example_branch_operator.py for tasks to queue
[2023-10-07T04:56:09.291+0530] {logging_mixin.py:151} INFO - [2023-10-07T04:56:09.290+0530] {dagbag.py:539} INFO - Filling up the DagBag from /home/raj/Downloads/kafka_2.13-3.5.1/airflow-env/lib64/python3.11/site-packages/airflow/example_dags/example_branch_operator.py
[2023-10-07T04:56:09.306+0530] {processor.py:839} INFO - DAG(s) dict_keys(['example_branch_operator']) retrieved from /home/raj/Downloads/kafka_2.13-3.5.1/airflow-env/lib64/python3.11/site-packages/airflow/example_dags/example_branch_operator.py
[2023-10-07T04:56:09.322+0530] {logging_mixin.py:151} INFO - [2023-10-07T04:56:09.321+0530] {dag.py:2915} INFO - Sync 1 DAGs
[2023-10-07T04:56:09.339+0530] {logging_mixin.py:151} INFO - [2023-10-07T04:56:09.339+0530] {dag.py:3696} INFO - Setting next_dagrun for example_branch_operator to 2023-10-05T00:00:00+00:00, run_after=2023-10-06T00:00:00+00:00
[2023-10-07T04:56:09.361+0530] {processor.py:179} INFO - Processing /home/raj/Downloads/kafka_2.13-3.5.1/airflow-env/lib64/python3.11/site-packages/airflow/example_dags/example_branch_operator.py took 0.088 seconds
[2023-10-07T04:56:59.068+0530] {processor.py:157} INFO - Started process (PID=12346) to work on /home/raj/Downloads/kafka_2.13-3.5.1/airflow-env/lib64/python3.11/site-packages/airflow/example_dags/example_branch_operator.py
[2023-10-07T04:56:59.079+0530] {processor.py:829} INFO - Processing file /home/raj/Downloads/kafka_2.13-3.5.1/airflow-env/lib64/python3.11/site-packages/airflow/example_dags/example_branch_operator.py for tasks to queue
[2023-10-07T04:56:59.081+0530] {logging_mixin.py:151} INFO - [2023-10-07T04:56:59.080+0530] {dagbag.py:539} INFO - Filling up the DagBag from /home/raj/Downloads/kafka_2.13-3.5.1/airflow-env/lib64/python3.11/site-packages/airflow/example_dags/example_branch_operator.py
[2023-10-07T04:56:59.103+0530] {processor.py:839} INFO - DAG(s) dict_keys(['example_branch_operator']) retrieved from /home/raj/Downloads/kafka_2.13-3.5.1/airflow-env/lib64/python3.11/site-packages/airflow/example_dags/example_branch_operator.py
[2023-10-07T04:56:59.133+0530] {logging_mixin.py:151} INFO - [2023-10-07T04:56:59.133+0530] {dag.py:2915} INFO - Sync 1 DAGs
[2023-10-07T04:56:59.158+0530] {logging_mixin.py:151} INFO - [2023-10-07T04:56:59.158+0530] {dag.py:3696} INFO - Setting next_dagrun for example_branch_operator to 2023-10-05T00:00:00+00:00, run_after=2023-10-06T00:00:00+00:00
[2023-10-07T04:56:59.181+0530] {processor.py:179} INFO - Processing /home/raj/Downloads/kafka_2.13-3.5.1/airflow-env/lib64/python3.11/site-packages/airflow/example_dags/example_branch_operator.py took 0.120 seconds
[2023-10-07T04:57:47.768+0530] {processor.py:157} INFO - Started process (PID=12473) to work on /home/raj/Downloads/kafka_2.13-3.5.1/airflow-env/lib64/python3.11/site-packages/airflow/example_dags/example_branch_operator.py
[2023-10-07T04:57:47.769+0530] {processor.py:829} INFO - Processing file /home/raj/Downloads/kafka_2.13-3.5.1/airflow-env/lib64/python3.11/site-packages/airflow/example_dags/example_branch_operator.py for tasks to queue
[2023-10-07T04:57:47.770+0530] {logging_mixin.py:151} INFO - [2023-10-07T04:57:47.769+0530] {dagbag.py:539} INFO - Filling up the DagBag from /home/raj/Downloads/kafka_2.13-3.5.1/airflow-env/lib64/python3.11/site-packages/airflow/example_dags/example_branch_operator.py
[2023-10-07T04:57:47.780+0530] {processor.py:839} INFO - DAG(s) dict_keys(['example_branch_operator']) retrieved from /home/raj/Downloads/kafka_2.13-3.5.1/airflow-env/lib64/python3.11/site-packages/airflow/example_dags/example_branch_operator.py
[2023-10-07T04:57:47.801+0530] {logging_mixin.py:151} INFO - [2023-10-07T04:57:47.801+0530] {dag.py:2915} INFO - Sync 1 DAGs
[2023-10-07T04:57:47.832+0530] {logging_mixin.py:151} INFO - [2023-10-07T04:57:47.832+0530] {dag.py:3696} INFO - Setting next_dagrun for example_branch_operator to 2023-10-05T00:00:00+00:00, run_after=2023-10-06T00:00:00+00:00
[2023-10-07T04:57:47.862+0530] {processor.py:179} INFO - Processing /home/raj/Downloads/kafka_2.13-3.5.1/airflow-env/lib64/python3.11/site-packages/airflow/example_dags/example_branch_operator.py took 0.098 seconds
[2023-10-07T04:58:41.127+0530] {processor.py:157} INFO - Started process (PID=12611) to work on /home/raj/Downloads/kafka_2.13-3.5.1/airflow-env/lib64/python3.11/site-packages/airflow/example_dags/example_branch_operator.py
[2023-10-07T04:58:41.138+0530] {processor.py:829} INFO - Processing file /home/raj/Downloads/kafka_2.13-3.5.1/airflow-env/lib64/python3.11/site-packages/airflow/example_dags/example_branch_operator.py for tasks to queue
[2023-10-07T04:58:41.139+0530] {logging_mixin.py:151} INFO - [2023-10-07T04:58:41.138+0530] {dagbag.py:539} INFO - Filling up the DagBag from /home/raj/Downloads/kafka_2.13-3.5.1/airflow-env/lib64/python3.11/site-packages/airflow/example_dags/example_branch_operator.py
[2023-10-07T04:58:41.147+0530] {processor.py:839} INFO - DAG(s) dict_keys(['example_branch_operator']) retrieved from /home/raj/Downloads/kafka_2.13-3.5.1/airflow-env/lib64/python3.11/site-packages/airflow/example_dags/example_branch_operator.py
[2023-10-07T04:58:41.165+0530] {logging_mixin.py:151} INFO - [2023-10-07T04:58:41.165+0530] {dag.py:2915} INFO - Sync 1 DAGs
[2023-10-07T04:58:41.185+0530] {logging_mixin.py:151} INFO - [2023-10-07T04:58:41.185+0530] {dag.py:3696} INFO - Setting next_dagrun for example_branch_operator to 2023-10-05T00:00:00+00:00, run_after=2023-10-06T00:00:00+00:00
[2023-10-07T04:58:41.207+0530] {processor.py:179} INFO - Processing /home/raj/Downloads/kafka_2.13-3.5.1/airflow-env/lib64/python3.11/site-packages/airflow/example_dags/example_branch_operator.py took 0.083 seconds
