[2023-10-07T04:00:18.130+0530] {processor.py:157} INFO - Started process (PID=18126) to work on /home/raj/Downloads/kafka_2.13-3.5.1/airflow-env/lib64/python3.11/site-packages/airflow/example_dags/example_branch_operator_decorator.py
[2023-10-07T04:00:18.131+0530] {processor.py:829} INFO - Processing file /home/raj/Downloads/kafka_2.13-3.5.1/airflow-env/lib64/python3.11/site-packages/airflow/example_dags/example_branch_operator_decorator.py for tasks to queue
[2023-10-07T04:00:18.132+0530] {logging_mixin.py:151} INFO - [2023-10-07T04:00:18.131+0530] {dagbag.py:539} INFO - Filling up the DagBag from /home/raj/Downloads/kafka_2.13-3.5.1/airflow-env/lib64/python3.11/site-packages/airflow/example_dags/example_branch_operator_decorator.py
[2023-10-07T04:00:18.144+0530] {processor.py:839} INFO - DAG(s) dict_keys(['example_branch_python_operator_decorator']) retrieved from /home/raj/Downloads/kafka_2.13-3.5.1/airflow-env/lib64/python3.11/site-packages/airflow/example_dags/example_branch_operator_decorator.py
[2023-10-07T04:00:18.277+0530] {logging_mixin.py:151} INFO - [2023-10-07T04:00:18.276+0530] {manager.py:499} INFO - Created Permission View: %s
[2023-10-07T04:00:18.296+0530] {logging_mixin.py:151} INFO - [2023-10-07T04:00:18.295+0530] {manager.py:499} INFO - Created Permission View: %s
[2023-10-07T04:00:18.313+0530] {logging_mixin.py:151} INFO - [2023-10-07T04:00:18.313+0530] {manager.py:499} INFO - Created Permission View: %s
[2023-10-07T04:00:18.314+0530] {logging_mixin.py:151} INFO - [2023-10-07T04:00:18.314+0530] {security.py:708} INFO - Not syncing DAG-level permissions for DAG 'DAG:example_branch_python_operator_decorator' as access control is unset.
[2023-10-07T04:00:18.314+0530] {logging_mixin.py:151} INFO - [2023-10-07T04:00:18.314+0530] {dag.py:2915} INFO - Sync 1 DAGs
[2023-10-07T04:00:18.335+0530] {logging_mixin.py:151} INFO - [2023-10-07T04:00:18.334+0530] {dag.py:2937} INFO - Creating ORM DAG for example_branch_python_operator_decorator
[2023-10-07T04:00:18.352+0530] {logging_mixin.py:151} INFO - [2023-10-07T04:00:18.352+0530] {dag.py:3696} INFO - Setting next_dagrun for example_branch_python_operator_decorator to 2023-10-05T00:00:00+00:00, run_after=2023-10-06T00:00:00+00:00
[2023-10-07T04:00:18.377+0530] {processor.py:179} INFO - Processing /home/raj/Downloads/kafka_2.13-3.5.1/airflow-env/lib64/python3.11/site-packages/airflow/example_dags/example_branch_operator_decorator.py took 0.249 seconds
[2023-10-07T04:01:12.581+0530] {processor.py:157} INFO - Started process (PID=18273) to work on /home/raj/Downloads/kafka_2.13-3.5.1/airflow-env/lib64/python3.11/site-packages/airflow/example_dags/example_branch_operator_decorator.py
[2023-10-07T04:01:12.583+0530] {processor.py:829} INFO - Processing file /home/raj/Downloads/kafka_2.13-3.5.1/airflow-env/lib64/python3.11/site-packages/airflow/example_dags/example_branch_operator_decorator.py for tasks to queue
[2023-10-07T04:01:12.584+0530] {logging_mixin.py:151} INFO - [2023-10-07T04:01:12.584+0530] {dagbag.py:539} INFO - Filling up the DagBag from /home/raj/Downloads/kafka_2.13-3.5.1/airflow-env/lib64/python3.11/site-packages/airflow/example_dags/example_branch_operator_decorator.py
[2023-10-07T04:01:12.607+0530] {processor.py:839} INFO - DAG(s) dict_keys(['example_branch_python_operator_decorator']) retrieved from /home/raj/Downloads/kafka_2.13-3.5.1/airflow-env/lib64/python3.11/site-packages/airflow/example_dags/example_branch_operator_decorator.py
[2023-10-07T04:01:12.630+0530] {logging_mixin.py:151} INFO - [2023-10-07T04:01:12.629+0530] {dag.py:2915} INFO - Sync 1 DAGs
[2023-10-07T04:01:12.650+0530] {logging_mixin.py:151} INFO - [2023-10-07T04:01:12.649+0530] {dag.py:3696} INFO - Setting next_dagrun for example_branch_python_operator_decorator to 2023-10-05T00:00:00+00:00, run_after=2023-10-06T00:00:00+00:00
[2023-10-07T04:01:12.680+0530] {processor.py:179} INFO - Processing /home/raj/Downloads/kafka_2.13-3.5.1/airflow-env/lib64/python3.11/site-packages/airflow/example_dags/example_branch_operator_decorator.py took 0.104 seconds
[2023-10-07T04:02:03.288+0530] {processor.py:157} INFO - Started process (PID=18372) to work on /home/raj/Downloads/kafka_2.13-3.5.1/airflow-env/lib64/python3.11/site-packages/airflow/example_dags/example_branch_operator_decorator.py
[2023-10-07T04:02:03.289+0530] {processor.py:829} INFO - Processing file /home/raj/Downloads/kafka_2.13-3.5.1/airflow-env/lib64/python3.11/site-packages/airflow/example_dags/example_branch_operator_decorator.py for tasks to queue
[2023-10-07T04:02:03.291+0530] {logging_mixin.py:151} INFO - [2023-10-07T04:02:03.290+0530] {dagbag.py:539} INFO - Filling up the DagBag from /home/raj/Downloads/kafka_2.13-3.5.1/airflow-env/lib64/python3.11/site-packages/airflow/example_dags/example_branch_operator_decorator.py
[2023-10-07T04:02:03.314+0530] {processor.py:839} INFO - DAG(s) dict_keys(['example_branch_python_operator_decorator']) retrieved from /home/raj/Downloads/kafka_2.13-3.5.1/airflow-env/lib64/python3.11/site-packages/airflow/example_dags/example_branch_operator_decorator.py
[2023-10-07T04:02:03.334+0530] {logging_mixin.py:151} INFO - [2023-10-07T04:02:03.333+0530] {dag.py:2915} INFO - Sync 1 DAGs
[2023-10-07T04:02:03.355+0530] {logging_mixin.py:151} INFO - [2023-10-07T04:02:03.354+0530] {dag.py:3696} INFO - Setting next_dagrun for example_branch_python_operator_decorator to 2023-10-05T00:00:00+00:00, run_after=2023-10-06T00:00:00+00:00
[2023-10-07T04:02:03.378+0530] {processor.py:179} INFO - Processing /home/raj/Downloads/kafka_2.13-3.5.1/airflow-env/lib64/python3.11/site-packages/airflow/example_dags/example_branch_operator_decorator.py took 0.096 seconds
[2023-10-07T04:02:56.525+0530] {processor.py:157} INFO - Started process (PID=18507) to work on /home/raj/Downloads/kafka_2.13-3.5.1/airflow-env/lib64/python3.11/site-packages/airflow/example_dags/example_branch_operator_decorator.py
[2023-10-07T04:02:56.536+0530] {processor.py:829} INFO - Processing file /home/raj/Downloads/kafka_2.13-3.5.1/airflow-env/lib64/python3.11/site-packages/airflow/example_dags/example_branch_operator_decorator.py for tasks to queue
[2023-10-07T04:02:56.537+0530] {logging_mixin.py:151} INFO - [2023-10-07T04:02:56.536+0530] {dagbag.py:539} INFO - Filling up the DagBag from /home/raj/Downloads/kafka_2.13-3.5.1/airflow-env/lib64/python3.11/site-packages/airflow/example_dags/example_branch_operator_decorator.py
[2023-10-07T04:02:56.547+0530] {processor.py:839} INFO - DAG(s) dict_keys(['example_branch_python_operator_decorator']) retrieved from /home/raj/Downloads/kafka_2.13-3.5.1/airflow-env/lib64/python3.11/site-packages/airflow/example_dags/example_branch_operator_decorator.py
[2023-10-07T04:02:56.566+0530] {logging_mixin.py:151} INFO - [2023-10-07T04:02:56.565+0530] {dag.py:2915} INFO - Sync 1 DAGs
[2023-10-07T04:02:56.592+0530] {logging_mixin.py:151} INFO - [2023-10-07T04:02:56.591+0530] {dag.py:3696} INFO - Setting next_dagrun for example_branch_python_operator_decorator to 2023-10-05T00:00:00+00:00, run_after=2023-10-06T00:00:00+00:00
[2023-10-07T04:02:56.619+0530] {processor.py:179} INFO - Processing /home/raj/Downloads/kafka_2.13-3.5.1/airflow-env/lib64/python3.11/site-packages/airflow/example_dags/example_branch_operator_decorator.py took 0.097 seconds
[2023-10-07T04:03:45.699+0530] {processor.py:157} INFO - Started process (PID=18681) to work on /home/raj/Downloads/kafka_2.13-3.5.1/airflow-env/lib64/python3.11/site-packages/airflow/example_dags/example_branch_operator_decorator.py
[2023-10-07T04:03:45.710+0530] {processor.py:829} INFO - Processing file /home/raj/Downloads/kafka_2.13-3.5.1/airflow-env/lib64/python3.11/site-packages/airflow/example_dags/example_branch_operator_decorator.py for tasks to queue
[2023-10-07T04:03:45.712+0530] {logging_mixin.py:151} INFO - [2023-10-07T04:03:45.711+0530] {dagbag.py:539} INFO - Filling up the DagBag from /home/raj/Downloads/kafka_2.13-3.5.1/airflow-env/lib64/python3.11/site-packages/airflow/example_dags/example_branch_operator_decorator.py
[2023-10-07T04:03:45.727+0530] {processor.py:839} INFO - DAG(s) dict_keys(['example_branch_python_operator_decorator']) retrieved from /home/raj/Downloads/kafka_2.13-3.5.1/airflow-env/lib64/python3.11/site-packages/airflow/example_dags/example_branch_operator_decorator.py
[2023-10-07T04:03:45.742+0530] {logging_mixin.py:151} INFO - [2023-10-07T04:03:45.742+0530] {dag.py:2915} INFO - Sync 1 DAGs
[2023-10-07T04:03:45.760+0530] {logging_mixin.py:151} INFO - [2023-10-07T04:03:45.760+0530] {dag.py:3696} INFO - Setting next_dagrun for example_branch_python_operator_decorator to 2023-10-05T00:00:00+00:00, run_after=2023-10-06T00:00:00+00:00
[2023-10-07T04:03:45.778+0530] {processor.py:179} INFO - Processing /home/raj/Downloads/kafka_2.13-3.5.1/airflow-env/lib64/python3.11/site-packages/airflow/example_dags/example_branch_operator_decorator.py took 0.085 seconds
[2023-10-07T04:04:33.327+0530] {processor.py:157} INFO - Started process (PID=18754) to work on /home/raj/Downloads/kafka_2.13-3.5.1/airflow-env/lib64/python3.11/site-packages/airflow/example_dags/example_branch_operator_decorator.py
[2023-10-07T04:04:33.338+0530] {processor.py:829} INFO - Processing file /home/raj/Downloads/kafka_2.13-3.5.1/airflow-env/lib64/python3.11/site-packages/airflow/example_dags/example_branch_operator_decorator.py for tasks to queue
[2023-10-07T04:04:33.340+0530] {logging_mixin.py:151} INFO - [2023-10-07T04:04:33.339+0530] {dagbag.py:539} INFO - Filling up the DagBag from /home/raj/Downloads/kafka_2.13-3.5.1/airflow-env/lib64/python3.11/site-packages/airflow/example_dags/example_branch_operator_decorator.py
[2023-10-07T04:04:33.357+0530] {processor.py:839} INFO - DAG(s) dict_keys(['example_branch_python_operator_decorator']) retrieved from /home/raj/Downloads/kafka_2.13-3.5.1/airflow-env/lib64/python3.11/site-packages/airflow/example_dags/example_branch_operator_decorator.py
[2023-10-07T04:04:33.372+0530] {logging_mixin.py:151} INFO - [2023-10-07T04:04:33.372+0530] {dag.py:2915} INFO - Sync 1 DAGs
[2023-10-07T04:04:33.389+0530] {logging_mixin.py:151} INFO - [2023-10-07T04:04:33.389+0530] {dag.py:3696} INFO - Setting next_dagrun for example_branch_python_operator_decorator to 2023-10-05T00:00:00+00:00, run_after=2023-10-06T00:00:00+00:00
[2023-10-07T04:04:33.409+0530] {processor.py:179} INFO - Processing /home/raj/Downloads/kafka_2.13-3.5.1/airflow-env/lib64/python3.11/site-packages/airflow/example_dags/example_branch_operator_decorator.py took 0.088 seconds
[2023-10-07T04:05:26.018+0530] {processor.py:157} INFO - Started process (PID=18969) to work on /home/raj/Downloads/kafka_2.13-3.5.1/airflow-env/lib64/python3.11/site-packages/airflow/example_dags/example_branch_operator_decorator.py
[2023-10-07T04:05:26.029+0530] {processor.py:829} INFO - Processing file /home/raj/Downloads/kafka_2.13-3.5.1/airflow-env/lib64/python3.11/site-packages/airflow/example_dags/example_branch_operator_decorator.py for tasks to queue
[2023-10-07T04:05:26.030+0530] {logging_mixin.py:151} INFO - [2023-10-07T04:05:26.029+0530] {dagbag.py:539} INFO - Filling up the DagBag from /home/raj/Downloads/kafka_2.13-3.5.1/airflow-env/lib64/python3.11/site-packages/airflow/example_dags/example_branch_operator_decorator.py
[2023-10-07T04:05:26.052+0530] {processor.py:839} INFO - DAG(s) dict_keys(['example_branch_python_operator_decorator']) retrieved from /home/raj/Downloads/kafka_2.13-3.5.1/airflow-env/lib64/python3.11/site-packages/airflow/example_dags/example_branch_operator_decorator.py
[2023-10-07T04:05:26.084+0530] {logging_mixin.py:151} INFO - [2023-10-07T04:05:26.084+0530] {dag.py:2915} INFO - Sync 1 DAGs
[2023-10-07T04:05:26.101+0530] {logging_mixin.py:151} INFO - [2023-10-07T04:05:26.100+0530] {dag.py:3696} INFO - Setting next_dagrun for example_branch_python_operator_decorator to 2023-10-05T00:00:00+00:00, run_after=2023-10-06T00:00:00+00:00
[2023-10-07T04:05:26.118+0530] {processor.py:179} INFO - Processing /home/raj/Downloads/kafka_2.13-3.5.1/airflow-env/lib64/python3.11/site-packages/airflow/example_dags/example_branch_operator_decorator.py took 0.103 seconds
[2023-10-07T04:06:16.900+0530] {processor.py:157} INFO - Started process (PID=19063) to work on /home/raj/Downloads/kafka_2.13-3.5.1/airflow-env/lib64/python3.11/site-packages/airflow/example_dags/example_branch_operator_decorator.py
[2023-10-07T04:06:16.901+0530] {processor.py:829} INFO - Processing file /home/raj/Downloads/kafka_2.13-3.5.1/airflow-env/lib64/python3.11/site-packages/airflow/example_dags/example_branch_operator_decorator.py for tasks to queue
[2023-10-07T04:06:16.902+0530] {logging_mixin.py:151} INFO - [2023-10-07T04:06:16.902+0530] {dagbag.py:539} INFO - Filling up the DagBag from /home/raj/Downloads/kafka_2.13-3.5.1/airflow-env/lib64/python3.11/site-packages/airflow/example_dags/example_branch_operator_decorator.py
[2023-10-07T04:06:16.913+0530] {processor.py:839} INFO - DAG(s) dict_keys(['example_branch_python_operator_decorator']) retrieved from /home/raj/Downloads/kafka_2.13-3.5.1/airflow-env/lib64/python3.11/site-packages/airflow/example_dags/example_branch_operator_decorator.py
[2023-10-07T04:06:16.929+0530] {logging_mixin.py:151} INFO - [2023-10-07T04:06:16.929+0530] {dag.py:2915} INFO - Sync 1 DAGs
[2023-10-07T04:06:16.948+0530] {logging_mixin.py:151} INFO - [2023-10-07T04:06:16.948+0530] {dag.py:3696} INFO - Setting next_dagrun for example_branch_python_operator_decorator to 2023-10-05T00:00:00+00:00, run_after=2023-10-06T00:00:00+00:00
[2023-10-07T04:06:16.968+0530] {processor.py:179} INFO - Processing /home/raj/Downloads/kafka_2.13-3.5.1/airflow-env/lib64/python3.11/site-packages/airflow/example_dags/example_branch_operator_decorator.py took 0.072 seconds
[2023-10-07T04:07:13.749+0530] {processor.py:157} INFO - Started process (PID=19188) to work on /home/raj/Downloads/kafka_2.13-3.5.1/airflow-env/lib64/python3.11/site-packages/airflow/example_dags/example_branch_operator_decorator.py
[2023-10-07T04:07:13.759+0530] {processor.py:829} INFO - Processing file /home/raj/Downloads/kafka_2.13-3.5.1/airflow-env/lib64/python3.11/site-packages/airflow/example_dags/example_branch_operator_decorator.py for tasks to queue
[2023-10-07T04:07:13.761+0530] {logging_mixin.py:151} INFO - [2023-10-07T04:07:13.760+0530] {dagbag.py:539} INFO - Filling up the DagBag from /home/raj/Downloads/kafka_2.13-3.5.1/airflow-env/lib64/python3.11/site-packages/airflow/example_dags/example_branch_operator_decorator.py
[2023-10-07T04:07:13.774+0530] {processor.py:839} INFO - DAG(s) dict_keys(['example_branch_python_operator_decorator']) retrieved from /home/raj/Downloads/kafka_2.13-3.5.1/airflow-env/lib64/python3.11/site-packages/airflow/example_dags/example_branch_operator_decorator.py
[2023-10-07T04:07:13.794+0530] {logging_mixin.py:151} INFO - [2023-10-07T04:07:13.793+0530] {dag.py:2915} INFO - Sync 1 DAGs
[2023-10-07T04:07:13.819+0530] {logging_mixin.py:151} INFO - [2023-10-07T04:07:13.819+0530] {dag.py:3696} INFO - Setting next_dagrun for example_branch_python_operator_decorator to 2023-10-05T00:00:00+00:00, run_after=2023-10-06T00:00:00+00:00
[2023-10-07T04:07:13.846+0530] {processor.py:179} INFO - Processing /home/raj/Downloads/kafka_2.13-3.5.1/airflow-env/lib64/python3.11/site-packages/airflow/example_dags/example_branch_operator_decorator.py took 0.100 seconds
[2023-10-07T04:08:08.544+0530] {processor.py:157} INFO - Started process (PID=19243) to work on /home/raj/Downloads/kafka_2.13-3.5.1/airflow-env/lib64/python3.11/site-packages/airflow/example_dags/example_branch_operator_decorator.py
[2023-10-07T04:08:08.555+0530] {processor.py:829} INFO - Processing file /home/raj/Downloads/kafka_2.13-3.5.1/airflow-env/lib64/python3.11/site-packages/airflow/example_dags/example_branch_operator_decorator.py for tasks to queue
[2023-10-07T04:08:08.557+0530] {logging_mixin.py:151} INFO - [2023-10-07T04:08:08.556+0530] {dagbag.py:539} INFO - Filling up the DagBag from /home/raj/Downloads/kafka_2.13-3.5.1/airflow-env/lib64/python3.11/site-packages/airflow/example_dags/example_branch_operator_decorator.py
[2023-10-07T04:08:08.577+0530] {processor.py:839} INFO - DAG(s) dict_keys(['example_branch_python_operator_decorator']) retrieved from /home/raj/Downloads/kafka_2.13-3.5.1/airflow-env/lib64/python3.11/site-packages/airflow/example_dags/example_branch_operator_decorator.py
[2023-10-07T04:08:08.607+0530] {logging_mixin.py:151} INFO - [2023-10-07T04:08:08.607+0530] {dag.py:2915} INFO - Sync 1 DAGs
[2023-10-07T04:08:08.625+0530] {logging_mixin.py:151} INFO - [2023-10-07T04:08:08.625+0530] {dag.py:3696} INFO - Setting next_dagrun for example_branch_python_operator_decorator to 2023-10-05T00:00:00+00:00, run_after=2023-10-06T00:00:00+00:00
[2023-10-07T04:08:08.648+0530] {processor.py:179} INFO - Processing /home/raj/Downloads/kafka_2.13-3.5.1/airflow-env/lib64/python3.11/site-packages/airflow/example_dags/example_branch_operator_decorator.py took 0.109 seconds
[2023-10-07T04:09:02.151+0530] {processor.py:157} INFO - Started process (PID=19297) to work on /home/raj/Downloads/kafka_2.13-3.5.1/airflow-env/lib64/python3.11/site-packages/airflow/example_dags/example_branch_operator_decorator.py
[2023-10-07T04:09:02.152+0530] {processor.py:829} INFO - Processing file /home/raj/Downloads/kafka_2.13-3.5.1/airflow-env/lib64/python3.11/site-packages/airflow/example_dags/example_branch_operator_decorator.py for tasks to queue
[2023-10-07T04:09:02.153+0530] {logging_mixin.py:151} INFO - [2023-10-07T04:09:02.152+0530] {dagbag.py:539} INFO - Filling up the DagBag from /home/raj/Downloads/kafka_2.13-3.5.1/airflow-env/lib64/python3.11/site-packages/airflow/example_dags/example_branch_operator_decorator.py
[2023-10-07T04:09:02.163+0530] {processor.py:839} INFO - DAG(s) dict_keys(['example_branch_python_operator_decorator']) retrieved from /home/raj/Downloads/kafka_2.13-3.5.1/airflow-env/lib64/python3.11/site-packages/airflow/example_dags/example_branch_operator_decorator.py
[2023-10-07T04:09:02.182+0530] {logging_mixin.py:151} INFO - [2023-10-07T04:09:02.182+0530] {dag.py:2915} INFO - Sync 1 DAGs
[2023-10-07T04:09:02.206+0530] {logging_mixin.py:151} INFO - [2023-10-07T04:09:02.206+0530] {dag.py:3696} INFO - Setting next_dagrun for example_branch_python_operator_decorator to 2023-10-05T00:00:00+00:00, run_after=2023-10-06T00:00:00+00:00
[2023-10-07T04:09:02.228+0530] {processor.py:179} INFO - Processing /home/raj/Downloads/kafka_2.13-3.5.1/airflow-env/lib64/python3.11/site-packages/airflow/example_dags/example_branch_operator_decorator.py took 0.080 seconds
[2023-10-07T04:09:52.995+0530] {processor.py:157} INFO - Started process (PID=19352) to work on /home/raj/Downloads/kafka_2.13-3.5.1/airflow-env/lib64/python3.11/site-packages/airflow/example_dags/example_branch_operator_decorator.py
[2023-10-07T04:09:53.006+0530] {processor.py:829} INFO - Processing file /home/raj/Downloads/kafka_2.13-3.5.1/airflow-env/lib64/python3.11/site-packages/airflow/example_dags/example_branch_operator_decorator.py for tasks to queue
[2023-10-07T04:09:53.008+0530] {logging_mixin.py:151} INFO - [2023-10-07T04:09:53.007+0530] {dagbag.py:539} INFO - Filling up the DagBag from /home/raj/Downloads/kafka_2.13-3.5.1/airflow-env/lib64/python3.11/site-packages/airflow/example_dags/example_branch_operator_decorator.py
[2023-10-07T04:09:53.029+0530] {processor.py:839} INFO - DAG(s) dict_keys(['example_branch_python_operator_decorator']) retrieved from /home/raj/Downloads/kafka_2.13-3.5.1/airflow-env/lib64/python3.11/site-packages/airflow/example_dags/example_branch_operator_decorator.py
[2023-10-07T04:09:53.058+0530] {logging_mixin.py:151} INFO - [2023-10-07T04:09:53.057+0530] {dag.py:2915} INFO - Sync 1 DAGs
[2023-10-07T04:09:53.078+0530] {logging_mixin.py:151} INFO - [2023-10-07T04:09:53.078+0530] {dag.py:3696} INFO - Setting next_dagrun for example_branch_python_operator_decorator to 2023-10-05T00:00:00+00:00, run_after=2023-10-06T00:00:00+00:00
[2023-10-07T04:09:53.100+0530] {processor.py:179} INFO - Processing /home/raj/Downloads/kafka_2.13-3.5.1/airflow-env/lib64/python3.11/site-packages/airflow/example_dags/example_branch_operator_decorator.py took 0.111 seconds
[2023-10-07T04:10:43.671+0530] {processor.py:157} INFO - Started process (PID=19419) to work on /home/raj/Downloads/kafka_2.13-3.5.1/airflow-env/lib64/python3.11/site-packages/airflow/example_dags/example_branch_operator_decorator.py
[2023-10-07T04:10:43.682+0530] {processor.py:829} INFO - Processing file /home/raj/Downloads/kafka_2.13-3.5.1/airflow-env/lib64/python3.11/site-packages/airflow/example_dags/example_branch_operator_decorator.py for tasks to queue
[2023-10-07T04:10:43.683+0530] {logging_mixin.py:151} INFO - [2023-10-07T04:10:43.683+0530] {dagbag.py:539} INFO - Filling up the DagBag from /home/raj/Downloads/kafka_2.13-3.5.1/airflow-env/lib64/python3.11/site-packages/airflow/example_dags/example_branch_operator_decorator.py
[2023-10-07T04:10:43.694+0530] {processor.py:839} INFO - DAG(s) dict_keys(['example_branch_python_operator_decorator']) retrieved from /home/raj/Downloads/kafka_2.13-3.5.1/airflow-env/lib64/python3.11/site-packages/airflow/example_dags/example_branch_operator_decorator.py
[2023-10-07T04:10:43.712+0530] {logging_mixin.py:151} INFO - [2023-10-07T04:10:43.712+0530] {dag.py:2915} INFO - Sync 1 DAGs
[2023-10-07T04:10:43.732+0530] {logging_mixin.py:151} INFO - [2023-10-07T04:10:43.731+0530] {dag.py:3696} INFO - Setting next_dagrun for example_branch_python_operator_decorator to 2023-10-05T00:00:00+00:00, run_after=2023-10-06T00:00:00+00:00
[2023-10-07T04:10:43.752+0530] {processor.py:179} INFO - Processing /home/raj/Downloads/kafka_2.13-3.5.1/airflow-env/lib64/python3.11/site-packages/airflow/example_dags/example_branch_operator_decorator.py took 0.085 seconds
[2023-10-07T04:11:36.860+0530] {processor.py:157} INFO - Started process (PID=19478) to work on /home/raj/Downloads/kafka_2.13-3.5.1/airflow-env/lib64/python3.11/site-packages/airflow/example_dags/example_branch_operator_decorator.py
[2023-10-07T04:11:36.871+0530] {processor.py:829} INFO - Processing file /home/raj/Downloads/kafka_2.13-3.5.1/airflow-env/lib64/python3.11/site-packages/airflow/example_dags/example_branch_operator_decorator.py for tasks to queue
[2023-10-07T04:11:36.873+0530] {logging_mixin.py:151} INFO - [2023-10-07T04:11:36.872+0530] {dagbag.py:539} INFO - Filling up the DagBag from /home/raj/Downloads/kafka_2.13-3.5.1/airflow-env/lib64/python3.11/site-packages/airflow/example_dags/example_branch_operator_decorator.py
[2023-10-07T04:11:36.894+0530] {processor.py:839} INFO - DAG(s) dict_keys(['example_branch_python_operator_decorator']) retrieved from /home/raj/Downloads/kafka_2.13-3.5.1/airflow-env/lib64/python3.11/site-packages/airflow/example_dags/example_branch_operator_decorator.py
[2023-10-07T04:11:36.923+0530] {logging_mixin.py:151} INFO - [2023-10-07T04:11:36.923+0530] {dag.py:2915} INFO - Sync 1 DAGs
[2023-10-07T04:11:36.941+0530] {logging_mixin.py:151} INFO - [2023-10-07T04:11:36.941+0530] {dag.py:3696} INFO - Setting next_dagrun for example_branch_python_operator_decorator to 2023-10-05T00:00:00+00:00, run_after=2023-10-06T00:00:00+00:00
[2023-10-07T04:11:36.963+0530] {processor.py:179} INFO - Processing /home/raj/Downloads/kafka_2.13-3.5.1/airflow-env/lib64/python3.11/site-packages/airflow/example_dags/example_branch_operator_decorator.py took 0.108 seconds
[2023-10-07T04:12:30.278+0530] {processor.py:157} INFO - Started process (PID=19554) to work on /home/raj/Downloads/kafka_2.13-3.5.1/airflow-env/lib64/python3.11/site-packages/airflow/example_dags/example_branch_operator_decorator.py
[2023-10-07T04:12:30.280+0530] {processor.py:829} INFO - Processing file /home/raj/Downloads/kafka_2.13-3.5.1/airflow-env/lib64/python3.11/site-packages/airflow/example_dags/example_branch_operator_decorator.py for tasks to queue
[2023-10-07T04:12:30.281+0530] {logging_mixin.py:151} INFO - [2023-10-07T04:12:30.281+0530] {dagbag.py:539} INFO - Filling up the DagBag from /home/raj/Downloads/kafka_2.13-3.5.1/airflow-env/lib64/python3.11/site-packages/airflow/example_dags/example_branch_operator_decorator.py
[2023-10-07T04:12:30.302+0530] {processor.py:839} INFO - DAG(s) dict_keys(['example_branch_python_operator_decorator']) retrieved from /home/raj/Downloads/kafka_2.13-3.5.1/airflow-env/lib64/python3.11/site-packages/airflow/example_dags/example_branch_operator_decorator.py
[2023-10-07T04:12:30.322+0530] {logging_mixin.py:151} INFO - [2023-10-07T04:12:30.322+0530] {dag.py:2915} INFO - Sync 1 DAGs
[2023-10-07T04:12:30.340+0530] {logging_mixin.py:151} INFO - [2023-10-07T04:12:30.340+0530] {dag.py:3696} INFO - Setting next_dagrun for example_branch_python_operator_decorator to 2023-10-05T00:00:00+00:00, run_after=2023-10-06T00:00:00+00:00
[2023-10-07T04:12:30.358+0530] {processor.py:179} INFO - Processing /home/raj/Downloads/kafka_2.13-3.5.1/airflow-env/lib64/python3.11/site-packages/airflow/example_dags/example_branch_operator_decorator.py took 0.085 seconds
[2023-10-07T04:13:24.101+0530] {processor.py:157} INFO - Started process (PID=19609) to work on /home/raj/Downloads/kafka_2.13-3.5.1/airflow-env/lib64/python3.11/site-packages/airflow/example_dags/example_branch_operator_decorator.py
[2023-10-07T04:13:24.113+0530] {processor.py:829} INFO - Processing file /home/raj/Downloads/kafka_2.13-3.5.1/airflow-env/lib64/python3.11/site-packages/airflow/example_dags/example_branch_operator_decorator.py for tasks to queue
[2023-10-07T04:13:24.114+0530] {logging_mixin.py:151} INFO - [2023-10-07T04:13:24.114+0530] {dagbag.py:539} INFO - Filling up the DagBag from /home/raj/Downloads/kafka_2.13-3.5.1/airflow-env/lib64/python3.11/site-packages/airflow/example_dags/example_branch_operator_decorator.py
[2023-10-07T04:13:24.135+0530] {processor.py:839} INFO - DAG(s) dict_keys(['example_branch_python_operator_decorator']) retrieved from /home/raj/Downloads/kafka_2.13-3.5.1/airflow-env/lib64/python3.11/site-packages/airflow/example_dags/example_branch_operator_decorator.py
[2023-10-07T04:13:24.163+0530] {logging_mixin.py:151} INFO - [2023-10-07T04:13:24.163+0530] {dag.py:2915} INFO - Sync 1 DAGs
[2023-10-07T04:13:24.180+0530] {logging_mixin.py:151} INFO - [2023-10-07T04:13:24.180+0530] {dag.py:3696} INFO - Setting next_dagrun for example_branch_python_operator_decorator to 2023-10-05T00:00:00+00:00, run_after=2023-10-06T00:00:00+00:00
[2023-10-07T04:13:24.197+0530] {processor.py:179} INFO - Processing /home/raj/Downloads/kafka_2.13-3.5.1/airflow-env/lib64/python3.11/site-packages/airflow/example_dags/example_branch_operator_decorator.py took 0.102 seconds
[2023-10-07T04:14:15.645+0530] {processor.py:157} INFO - Started process (PID=19662) to work on /home/raj/Downloads/kafka_2.13-3.5.1/airflow-env/lib64/python3.11/site-packages/airflow/example_dags/example_branch_operator_decorator.py
[2023-10-07T04:14:15.656+0530] {processor.py:829} INFO - Processing file /home/raj/Downloads/kafka_2.13-3.5.1/airflow-env/lib64/python3.11/site-packages/airflow/example_dags/example_branch_operator_decorator.py for tasks to queue
[2023-10-07T04:14:15.658+0530] {logging_mixin.py:151} INFO - [2023-10-07T04:14:15.657+0530] {dagbag.py:539} INFO - Filling up the DagBag from /home/raj/Downloads/kafka_2.13-3.5.1/airflow-env/lib64/python3.11/site-packages/airflow/example_dags/example_branch_operator_decorator.py
[2023-10-07T04:14:15.682+0530] {processor.py:839} INFO - DAG(s) dict_keys(['example_branch_python_operator_decorator']) retrieved from /home/raj/Downloads/kafka_2.13-3.5.1/airflow-env/lib64/python3.11/site-packages/airflow/example_dags/example_branch_operator_decorator.py
[2023-10-07T04:14:15.705+0530] {logging_mixin.py:151} INFO - [2023-10-07T04:14:15.705+0530] {dag.py:2915} INFO - Sync 1 DAGs
[2023-10-07T04:14:15.721+0530] {logging_mixin.py:151} INFO - [2023-10-07T04:14:15.721+0530] {dag.py:3696} INFO - Setting next_dagrun for example_branch_python_operator_decorator to 2023-10-05T00:00:00+00:00, run_after=2023-10-06T00:00:00+00:00
[2023-10-07T04:14:15.740+0530] {processor.py:179} INFO - Processing /home/raj/Downloads/kafka_2.13-3.5.1/airflow-env/lib64/python3.11/site-packages/airflow/example_dags/example_branch_operator_decorator.py took 0.100 seconds
[2023-10-07T04:15:05.425+0530] {processor.py:157} INFO - Started process (PID=19727) to work on /home/raj/Downloads/kafka_2.13-3.5.1/airflow-env/lib64/python3.11/site-packages/airflow/example_dags/example_branch_operator_decorator.py
[2023-10-07T04:15:05.427+0530] {processor.py:829} INFO - Processing file /home/raj/Downloads/kafka_2.13-3.5.1/airflow-env/lib64/python3.11/site-packages/airflow/example_dags/example_branch_operator_decorator.py for tasks to queue
[2023-10-07T04:15:05.429+0530] {logging_mixin.py:151} INFO - [2023-10-07T04:15:05.428+0530] {dagbag.py:539} INFO - Filling up the DagBag from /home/raj/Downloads/kafka_2.13-3.5.1/airflow-env/lib64/python3.11/site-packages/airflow/example_dags/example_branch_operator_decorator.py
[2023-10-07T04:15:05.449+0530] {processor.py:839} INFO - DAG(s) dict_keys(['example_branch_python_operator_decorator']) retrieved from /home/raj/Downloads/kafka_2.13-3.5.1/airflow-env/lib64/python3.11/site-packages/airflow/example_dags/example_branch_operator_decorator.py
[2023-10-07T04:15:05.469+0530] {logging_mixin.py:151} INFO - [2023-10-07T04:15:05.469+0530] {dag.py:2915} INFO - Sync 1 DAGs
[2023-10-07T04:15:05.486+0530] {logging_mixin.py:151} INFO - [2023-10-07T04:15:05.486+0530] {dag.py:3696} INFO - Setting next_dagrun for example_branch_python_operator_decorator to 2023-10-05T00:00:00+00:00, run_after=2023-10-06T00:00:00+00:00
[2023-10-07T04:15:05.505+0530] {processor.py:179} INFO - Processing /home/raj/Downloads/kafka_2.13-3.5.1/airflow-env/lib64/python3.11/site-packages/airflow/example_dags/example_branch_operator_decorator.py took 0.085 seconds
[2023-10-07T04:15:56.004+0530] {processor.py:157} INFO - Started process (PID=19818) to work on /home/raj/Downloads/kafka_2.13-3.5.1/airflow-env/lib64/python3.11/site-packages/airflow/example_dags/example_branch_operator_decorator.py
[2023-10-07T04:15:56.005+0530] {processor.py:829} INFO - Processing file /home/raj/Downloads/kafka_2.13-3.5.1/airflow-env/lib64/python3.11/site-packages/airflow/example_dags/example_branch_operator_decorator.py for tasks to queue
[2023-10-07T04:15:56.006+0530] {logging_mixin.py:151} INFO - [2023-10-07T04:15:56.006+0530] {dagbag.py:539} INFO - Filling up the DagBag from /home/raj/Downloads/kafka_2.13-3.5.1/airflow-env/lib64/python3.11/site-packages/airflow/example_dags/example_branch_operator_decorator.py
[2023-10-07T04:15:56.025+0530] {processor.py:839} INFO - DAG(s) dict_keys(['example_branch_python_operator_decorator']) retrieved from /home/raj/Downloads/kafka_2.13-3.5.1/airflow-env/lib64/python3.11/site-packages/airflow/example_dags/example_branch_operator_decorator.py
[2023-10-07T04:15:56.048+0530] {logging_mixin.py:151} INFO - [2023-10-07T04:15:56.047+0530] {dag.py:2915} INFO - Sync 1 DAGs
[2023-10-07T04:15:56.067+0530] {logging_mixin.py:151} INFO - [2023-10-07T04:15:56.066+0530] {dag.py:3696} INFO - Setting next_dagrun for example_branch_python_operator_decorator to 2023-10-05T00:00:00+00:00, run_after=2023-10-06T00:00:00+00:00
[2023-10-07T04:15:56.088+0530] {processor.py:179} INFO - Processing /home/raj/Downloads/kafka_2.13-3.5.1/airflow-env/lib64/python3.11/site-packages/airflow/example_dags/example_branch_operator_decorator.py took 0.089 seconds
[2023-10-07T04:16:49.558+0530] {processor.py:157} INFO - Started process (PID=19878) to work on /home/raj/Downloads/kafka_2.13-3.5.1/airflow-env/lib64/python3.11/site-packages/airflow/example_dags/example_branch_operator_decorator.py
[2023-10-07T04:16:49.569+0530] {processor.py:829} INFO - Processing file /home/raj/Downloads/kafka_2.13-3.5.1/airflow-env/lib64/python3.11/site-packages/airflow/example_dags/example_branch_operator_decorator.py for tasks to queue
[2023-10-07T04:16:49.571+0530] {logging_mixin.py:151} INFO - [2023-10-07T04:16:49.570+0530] {dagbag.py:539} INFO - Filling up the DagBag from /home/raj/Downloads/kafka_2.13-3.5.1/airflow-env/lib64/python3.11/site-packages/airflow/example_dags/example_branch_operator_decorator.py
[2023-10-07T04:16:49.590+0530] {processor.py:839} INFO - DAG(s) dict_keys(['example_branch_python_operator_decorator']) retrieved from /home/raj/Downloads/kafka_2.13-3.5.1/airflow-env/lib64/python3.11/site-packages/airflow/example_dags/example_branch_operator_decorator.py
[2023-10-07T04:16:49.607+0530] {logging_mixin.py:151} INFO - [2023-10-07T04:16:49.607+0530] {dag.py:2915} INFO - Sync 1 DAGs
[2023-10-07T04:16:49.625+0530] {logging_mixin.py:151} INFO - [2023-10-07T04:16:49.625+0530] {dag.py:3696} INFO - Setting next_dagrun for example_branch_python_operator_decorator to 2023-10-05T00:00:00+00:00, run_after=2023-10-06T00:00:00+00:00
[2023-10-07T04:16:49.647+0530] {processor.py:179} INFO - Processing /home/raj/Downloads/kafka_2.13-3.5.1/airflow-env/lib64/python3.11/site-packages/airflow/example_dags/example_branch_operator_decorator.py took 0.095 seconds
[2023-10-07T04:17:40.376+0530] {processor.py:157} INFO - Started process (PID=19934) to work on /home/raj/Downloads/kafka_2.13-3.5.1/airflow-env/lib64/python3.11/site-packages/airflow/example_dags/example_branch_operator_decorator.py
[2023-10-07T04:17:40.387+0530] {processor.py:829} INFO - Processing file /home/raj/Downloads/kafka_2.13-3.5.1/airflow-env/lib64/python3.11/site-packages/airflow/example_dags/example_branch_operator_decorator.py for tasks to queue
[2023-10-07T04:17:40.389+0530] {logging_mixin.py:151} INFO - [2023-10-07T04:17:40.388+0530] {dagbag.py:539} INFO - Filling up the DagBag from /home/raj/Downloads/kafka_2.13-3.5.1/airflow-env/lib64/python3.11/site-packages/airflow/example_dags/example_branch_operator_decorator.py
[2023-10-07T04:17:40.399+0530] {processor.py:839} INFO - DAG(s) dict_keys(['example_branch_python_operator_decorator']) retrieved from /home/raj/Downloads/kafka_2.13-3.5.1/airflow-env/lib64/python3.11/site-packages/airflow/example_dags/example_branch_operator_decorator.py
[2023-10-07T04:17:40.415+0530] {logging_mixin.py:151} INFO - [2023-10-07T04:17:40.414+0530] {dag.py:2915} INFO - Sync 1 DAGs
[2023-10-07T04:17:40.431+0530] {logging_mixin.py:151} INFO - [2023-10-07T04:17:40.431+0530] {dag.py:3696} INFO - Setting next_dagrun for example_branch_python_operator_decorator to 2023-10-05T00:00:00+00:00, run_after=2023-10-06T00:00:00+00:00
[2023-10-07T04:17:40.450+0530] {processor.py:179} INFO - Processing /home/raj/Downloads/kafka_2.13-3.5.1/airflow-env/lib64/python3.11/site-packages/airflow/example_dags/example_branch_operator_decorator.py took 0.080 seconds
[2023-10-07T04:18:31.340+0530] {processor.py:157} INFO - Started process (PID=19987) to work on /home/raj/Downloads/kafka_2.13-3.5.1/airflow-env/lib64/python3.11/site-packages/airflow/example_dags/example_branch_operator_decorator.py
[2023-10-07T04:18:31.351+0530] {processor.py:829} INFO - Processing file /home/raj/Downloads/kafka_2.13-3.5.1/airflow-env/lib64/python3.11/site-packages/airflow/example_dags/example_branch_operator_decorator.py for tasks to queue
[2023-10-07T04:18:31.353+0530] {logging_mixin.py:151} INFO - [2023-10-07T04:18:31.352+0530] {dagbag.py:539} INFO - Filling up the DagBag from /home/raj/Downloads/kafka_2.13-3.5.1/airflow-env/lib64/python3.11/site-packages/airflow/example_dags/example_branch_operator_decorator.py
[2023-10-07T04:18:31.377+0530] {processor.py:839} INFO - DAG(s) dict_keys(['example_branch_python_operator_decorator']) retrieved from /home/raj/Downloads/kafka_2.13-3.5.1/airflow-env/lib64/python3.11/site-packages/airflow/example_dags/example_branch_operator_decorator.py
[2023-10-07T04:18:31.404+0530] {logging_mixin.py:151} INFO - [2023-10-07T04:18:31.404+0530] {dag.py:2915} INFO - Sync 1 DAGs
[2023-10-07T04:18:31.421+0530] {logging_mixin.py:151} INFO - [2023-10-07T04:18:31.421+0530] {dag.py:3696} INFO - Setting next_dagrun for example_branch_python_operator_decorator to 2023-10-05T00:00:00+00:00, run_after=2023-10-06T00:00:00+00:00
[2023-10-07T04:18:31.439+0530] {processor.py:179} INFO - Processing /home/raj/Downloads/kafka_2.13-3.5.1/airflow-env/lib64/python3.11/site-packages/airflow/example_dags/example_branch_operator_decorator.py took 0.104 seconds
[2023-10-07T04:19:25.428+0530] {processor.py:157} INFO - Started process (PID=20041) to work on /home/raj/Downloads/kafka_2.13-3.5.1/airflow-env/lib64/python3.11/site-packages/airflow/example_dags/example_branch_operator_decorator.py
[2023-10-07T04:19:25.439+0530] {processor.py:829} INFO - Processing file /home/raj/Downloads/kafka_2.13-3.5.1/airflow-env/lib64/python3.11/site-packages/airflow/example_dags/example_branch_operator_decorator.py for tasks to queue
[2023-10-07T04:19:25.441+0530] {logging_mixin.py:151} INFO - [2023-10-07T04:19:25.440+0530] {dagbag.py:539} INFO - Filling up the DagBag from /home/raj/Downloads/kafka_2.13-3.5.1/airflow-env/lib64/python3.11/site-packages/airflow/example_dags/example_branch_operator_decorator.py
[2023-10-07T04:19:25.462+0530] {processor.py:839} INFO - DAG(s) dict_keys(['example_branch_python_operator_decorator']) retrieved from /home/raj/Downloads/kafka_2.13-3.5.1/airflow-env/lib64/python3.11/site-packages/airflow/example_dags/example_branch_operator_decorator.py
[2023-10-07T04:19:25.492+0530] {logging_mixin.py:151} INFO - [2023-10-07T04:19:25.492+0530] {dag.py:2915} INFO - Sync 1 DAGs
[2023-10-07T04:19:25.510+0530] {logging_mixin.py:151} INFO - [2023-10-07T04:19:25.510+0530] {dag.py:3696} INFO - Setting next_dagrun for example_branch_python_operator_decorator to 2023-10-05T00:00:00+00:00, run_after=2023-10-06T00:00:00+00:00
[2023-10-07T04:19:25.527+0530] {processor.py:179} INFO - Processing /home/raj/Downloads/kafka_2.13-3.5.1/airflow-env/lib64/python3.11/site-packages/airflow/example_dags/example_branch_operator_decorator.py took 0.105 seconds
[2023-10-07T04:20:22.171+0530] {processor.py:157} INFO - Started process (PID=20391) to work on /home/raj/Downloads/kafka_2.13-3.5.1/airflow-env/lib64/python3.11/site-packages/airflow/example_dags/example_branch_operator_decorator.py
[2023-10-07T04:20:22.181+0530] {processor.py:829} INFO - Processing file /home/raj/Downloads/kafka_2.13-3.5.1/airflow-env/lib64/python3.11/site-packages/airflow/example_dags/example_branch_operator_decorator.py for tasks to queue
[2023-10-07T04:20:22.182+0530] {logging_mixin.py:151} INFO - [2023-10-07T04:20:22.182+0530] {dagbag.py:539} INFO - Filling up the DagBag from /home/raj/Downloads/kafka_2.13-3.5.1/airflow-env/lib64/python3.11/site-packages/airflow/example_dags/example_branch_operator_decorator.py
[2023-10-07T04:20:22.193+0530] {processor.py:839} INFO - DAG(s) dict_keys(['example_branch_python_operator_decorator']) retrieved from /home/raj/Downloads/kafka_2.13-3.5.1/airflow-env/lib64/python3.11/site-packages/airflow/example_dags/example_branch_operator_decorator.py
[2023-10-07T04:20:22.211+0530] {logging_mixin.py:151} INFO - [2023-10-07T04:20:22.211+0530] {dag.py:2915} INFO - Sync 1 DAGs
[2023-10-07T04:20:22.233+0530] {logging_mixin.py:151} INFO - [2023-10-07T04:20:22.233+0530] {dag.py:3696} INFO - Setting next_dagrun for example_branch_python_operator_decorator to 2023-10-05T00:00:00+00:00, run_after=2023-10-06T00:00:00+00:00
[2023-10-07T04:20:22.254+0530] {processor.py:179} INFO - Processing /home/raj/Downloads/kafka_2.13-3.5.1/airflow-env/lib64/python3.11/site-packages/airflow/example_dags/example_branch_operator_decorator.py took 0.086 seconds
[2023-10-07T04:21:17.165+0530] {processor.py:157} INFO - Started process (PID=20581) to work on /home/raj/Downloads/kafka_2.13-3.5.1/airflow-env/lib64/python3.11/site-packages/airflow/example_dags/example_branch_operator_decorator.py
[2023-10-07T04:21:17.177+0530] {processor.py:829} INFO - Processing file /home/raj/Downloads/kafka_2.13-3.5.1/airflow-env/lib64/python3.11/site-packages/airflow/example_dags/example_branch_operator_decorator.py for tasks to queue
[2023-10-07T04:21:17.179+0530] {logging_mixin.py:151} INFO - [2023-10-07T04:21:17.178+0530] {dagbag.py:539} INFO - Filling up the DagBag from /home/raj/Downloads/kafka_2.13-3.5.1/airflow-env/lib64/python3.11/site-packages/airflow/example_dags/example_branch_operator_decorator.py
[2023-10-07T04:21:17.201+0530] {processor.py:839} INFO - DAG(s) dict_keys(['example_branch_python_operator_decorator']) retrieved from /home/raj/Downloads/kafka_2.13-3.5.1/airflow-env/lib64/python3.11/site-packages/airflow/example_dags/example_branch_operator_decorator.py
[2023-10-07T04:21:17.231+0530] {logging_mixin.py:151} INFO - [2023-10-07T04:21:17.231+0530] {dag.py:2915} INFO - Sync 1 DAGs
[2023-10-07T04:21:17.264+0530] {logging_mixin.py:151} INFO - [2023-10-07T04:21:17.264+0530] {dag.py:3696} INFO - Setting next_dagrun for example_branch_python_operator_decorator to 2023-10-05T00:00:00+00:00, run_after=2023-10-06T00:00:00+00:00
[2023-10-07T04:21:17.287+0530] {processor.py:179} INFO - Processing /home/raj/Downloads/kafka_2.13-3.5.1/airflow-env/lib64/python3.11/site-packages/airflow/example_dags/example_branch_operator_decorator.py took 0.127 seconds
[2023-10-07T04:22:06.287+0530] {processor.py:157} INFO - Started process (PID=20755) to work on /home/raj/Downloads/kafka_2.13-3.5.1/airflow-env/lib64/python3.11/site-packages/airflow/example_dags/example_branch_operator_decorator.py
[2023-10-07T04:22:06.288+0530] {processor.py:829} INFO - Processing file /home/raj/Downloads/kafka_2.13-3.5.1/airflow-env/lib64/python3.11/site-packages/airflow/example_dags/example_branch_operator_decorator.py for tasks to queue
[2023-10-07T04:22:06.289+0530] {logging_mixin.py:151} INFO - [2023-10-07T04:22:06.288+0530] {dagbag.py:539} INFO - Filling up the DagBag from /home/raj/Downloads/kafka_2.13-3.5.1/airflow-env/lib64/python3.11/site-packages/airflow/example_dags/example_branch_operator_decorator.py
[2023-10-07T04:22:06.302+0530] {processor.py:839} INFO - DAG(s) dict_keys(['example_branch_python_operator_decorator']) retrieved from /home/raj/Downloads/kafka_2.13-3.5.1/airflow-env/lib64/python3.11/site-packages/airflow/example_dags/example_branch_operator_decorator.py
[2023-10-07T04:22:06.327+0530] {logging_mixin.py:151} INFO - [2023-10-07T04:22:06.326+0530] {dag.py:2915} INFO - Sync 1 DAGs
[2023-10-07T04:22:06.355+0530] {logging_mixin.py:151} INFO - [2023-10-07T04:22:06.355+0530] {dag.py:3696} INFO - Setting next_dagrun for example_branch_python_operator_decorator to 2023-10-05T00:00:00+00:00, run_after=2023-10-06T00:00:00+00:00
[2023-10-07T04:22:06.378+0530] {processor.py:179} INFO - Processing /home/raj/Downloads/kafka_2.13-3.5.1/airflow-env/lib64/python3.11/site-packages/airflow/example_dags/example_branch_operator_decorator.py took 0.095 seconds
[2023-10-07T04:22:57.229+0530] {processor.py:157} INFO - Started process (PID=20853) to work on /home/raj/Downloads/kafka_2.13-3.5.1/airflow-env/lib64/python3.11/site-packages/airflow/example_dags/example_branch_operator_decorator.py
[2023-10-07T04:22:57.240+0530] {processor.py:829} INFO - Processing file /home/raj/Downloads/kafka_2.13-3.5.1/airflow-env/lib64/python3.11/site-packages/airflow/example_dags/example_branch_operator_decorator.py for tasks to queue
[2023-10-07T04:22:57.242+0530] {logging_mixin.py:151} INFO - [2023-10-07T04:22:57.241+0530] {dagbag.py:539} INFO - Filling up the DagBag from /home/raj/Downloads/kafka_2.13-3.5.1/airflow-env/lib64/python3.11/site-packages/airflow/example_dags/example_branch_operator_decorator.py
[2023-10-07T04:22:57.265+0530] {processor.py:839} INFO - DAG(s) dict_keys(['example_branch_python_operator_decorator']) retrieved from /home/raj/Downloads/kafka_2.13-3.5.1/airflow-env/lib64/python3.11/site-packages/airflow/example_dags/example_branch_operator_decorator.py
[2023-10-07T04:22:57.289+0530] {logging_mixin.py:151} INFO - [2023-10-07T04:22:57.288+0530] {dag.py:2915} INFO - Sync 1 DAGs
[2023-10-07T04:22:57.309+0530] {logging_mixin.py:151} INFO - [2023-10-07T04:22:57.309+0530] {dag.py:3696} INFO - Setting next_dagrun for example_branch_python_operator_decorator to 2023-10-05T00:00:00+00:00, run_after=2023-10-06T00:00:00+00:00
[2023-10-07T04:22:57.331+0530] {processor.py:179} INFO - Processing /home/raj/Downloads/kafka_2.13-3.5.1/airflow-env/lib64/python3.11/site-packages/airflow/example_dags/example_branch_operator_decorator.py took 0.108 seconds
[2023-10-07T04:23:49.235+0530] {processor.py:157} INFO - Started process (PID=20967) to work on /home/raj/Downloads/kafka_2.13-3.5.1/airflow-env/lib64/python3.11/site-packages/airflow/example_dags/example_branch_operator_decorator.py
[2023-10-07T04:23:49.246+0530] {processor.py:829} INFO - Processing file /home/raj/Downloads/kafka_2.13-3.5.1/airflow-env/lib64/python3.11/site-packages/airflow/example_dags/example_branch_operator_decorator.py for tasks to queue
[2023-10-07T04:23:49.247+0530] {logging_mixin.py:151} INFO - [2023-10-07T04:23:49.247+0530] {dagbag.py:539} INFO - Filling up the DagBag from /home/raj/Downloads/kafka_2.13-3.5.1/airflow-env/lib64/python3.11/site-packages/airflow/example_dags/example_branch_operator_decorator.py
[2023-10-07T04:23:49.262+0530] {processor.py:839} INFO - DAG(s) dict_keys(['example_branch_python_operator_decorator']) retrieved from /home/raj/Downloads/kafka_2.13-3.5.1/airflow-env/lib64/python3.11/site-packages/airflow/example_dags/example_branch_operator_decorator.py
[2023-10-07T04:23:49.282+0530] {logging_mixin.py:151} INFO - [2023-10-07T04:23:49.282+0530] {dag.py:2915} INFO - Sync 1 DAGs
[2023-10-07T04:23:49.307+0530] {logging_mixin.py:151} INFO - [2023-10-07T04:23:49.307+0530] {dag.py:3696} INFO - Setting next_dagrun for example_branch_python_operator_decorator to 2023-10-05T00:00:00+00:00, run_after=2023-10-06T00:00:00+00:00
[2023-10-07T04:23:49.334+0530] {processor.py:179} INFO - Processing /home/raj/Downloads/kafka_2.13-3.5.1/airflow-env/lib64/python3.11/site-packages/airflow/example_dags/example_branch_operator_decorator.py took 0.104 seconds
[2023-10-07T04:24:38.760+0530] {processor.py:157} INFO - Started process (PID=21086) to work on /home/raj/Downloads/kafka_2.13-3.5.1/airflow-env/lib64/python3.11/site-packages/airflow/example_dags/example_branch_operator_decorator.py
[2023-10-07T04:24:38.771+0530] {processor.py:829} INFO - Processing file /home/raj/Downloads/kafka_2.13-3.5.1/airflow-env/lib64/python3.11/site-packages/airflow/example_dags/example_branch_operator_decorator.py for tasks to queue
[2023-10-07T04:24:38.773+0530] {logging_mixin.py:151} INFO - [2023-10-07T04:24:38.772+0530] {dagbag.py:539} INFO - Filling up the DagBag from /home/raj/Downloads/kafka_2.13-3.5.1/airflow-env/lib64/python3.11/site-packages/airflow/example_dags/example_branch_operator_decorator.py
[2023-10-07T04:24:38.785+0530] {processor.py:839} INFO - DAG(s) dict_keys(['example_branch_python_operator_decorator']) retrieved from /home/raj/Downloads/kafka_2.13-3.5.1/airflow-env/lib64/python3.11/site-packages/airflow/example_dags/example_branch_operator_decorator.py
[2023-10-07T04:24:38.802+0530] {logging_mixin.py:151} INFO - [2023-10-07T04:24:38.802+0530] {dag.py:2915} INFO - Sync 1 DAGs
[2023-10-07T04:24:38.823+0530] {logging_mixin.py:151} INFO - [2023-10-07T04:24:38.822+0530] {dag.py:3696} INFO - Setting next_dagrun for example_branch_python_operator_decorator to 2023-10-05T00:00:00+00:00, run_after=2023-10-06T00:00:00+00:00
[2023-10-07T04:24:38.843+0530] {processor.py:179} INFO - Processing /home/raj/Downloads/kafka_2.13-3.5.1/airflow-env/lib64/python3.11/site-packages/airflow/example_dags/example_branch_operator_decorator.py took 0.089 seconds
[2023-10-07T04:25:29.488+0530] {processor.py:157} INFO - Started process (PID=21171) to work on /home/raj/Downloads/kafka_2.13-3.5.1/airflow-env/lib64/python3.11/site-packages/airflow/example_dags/example_branch_operator_decorator.py
[2023-10-07T04:25:29.500+0530] {processor.py:829} INFO - Processing file /home/raj/Downloads/kafka_2.13-3.5.1/airflow-env/lib64/python3.11/site-packages/airflow/example_dags/example_branch_operator_decorator.py for tasks to queue
[2023-10-07T04:25:29.501+0530] {logging_mixin.py:151} INFO - [2023-10-07T04:25:29.500+0530] {dagbag.py:539} INFO - Filling up the DagBag from /home/raj/Downloads/kafka_2.13-3.5.1/airflow-env/lib64/python3.11/site-packages/airflow/example_dags/example_branch_operator_decorator.py
[2023-10-07T04:25:29.511+0530] {processor.py:839} INFO - DAG(s) dict_keys(['example_branch_python_operator_decorator']) retrieved from /home/raj/Downloads/kafka_2.13-3.5.1/airflow-env/lib64/python3.11/site-packages/airflow/example_dags/example_branch_operator_decorator.py
[2023-10-07T04:25:29.526+0530] {logging_mixin.py:151} INFO - [2023-10-07T04:25:29.526+0530] {dag.py:2915} INFO - Sync 1 DAGs
[2023-10-07T04:25:29.546+0530] {logging_mixin.py:151} INFO - [2023-10-07T04:25:29.546+0530] {dag.py:3696} INFO - Setting next_dagrun for example_branch_python_operator_decorator to 2023-10-05T00:00:00+00:00, run_after=2023-10-06T00:00:00+00:00
[2023-10-07T04:25:29.569+0530] {processor.py:179} INFO - Processing /home/raj/Downloads/kafka_2.13-3.5.1/airflow-env/lib64/python3.11/site-packages/airflow/example_dags/example_branch_operator_decorator.py took 0.085 seconds
[2023-10-07T04:26:22.579+0530] {processor.py:157} INFO - Started process (PID=21335) to work on /home/raj/Downloads/kafka_2.13-3.5.1/airflow-env/lib64/python3.11/site-packages/airflow/example_dags/example_branch_operator_decorator.py
[2023-10-07T04:26:22.580+0530] {processor.py:829} INFO - Processing file /home/raj/Downloads/kafka_2.13-3.5.1/airflow-env/lib64/python3.11/site-packages/airflow/example_dags/example_branch_operator_decorator.py for tasks to queue
[2023-10-07T04:26:22.581+0530] {logging_mixin.py:151} INFO - [2023-10-07T04:26:22.580+0530] {dagbag.py:539} INFO - Filling up the DagBag from /home/raj/Downloads/kafka_2.13-3.5.1/airflow-env/lib64/python3.11/site-packages/airflow/example_dags/example_branch_operator_decorator.py
[2023-10-07T04:26:22.596+0530] {processor.py:839} INFO - DAG(s) dict_keys(['example_branch_python_operator_decorator']) retrieved from /home/raj/Downloads/kafka_2.13-3.5.1/airflow-env/lib64/python3.11/site-packages/airflow/example_dags/example_branch_operator_decorator.py
[2023-10-07T04:26:22.625+0530] {logging_mixin.py:151} INFO - [2023-10-07T04:26:22.624+0530] {dag.py:2915} INFO - Sync 1 DAGs
[2023-10-07T04:26:22.643+0530] {logging_mixin.py:151} INFO - [2023-10-07T04:26:22.642+0530] {dag.py:3696} INFO - Setting next_dagrun for example_branch_python_operator_decorator to 2023-10-05T00:00:00+00:00, run_after=2023-10-06T00:00:00+00:00
[2023-10-07T04:26:22.660+0530] {processor.py:179} INFO - Processing /home/raj/Downloads/kafka_2.13-3.5.1/airflow-env/lib64/python3.11/site-packages/airflow/example_dags/example_branch_operator_decorator.py took 0.084 seconds
[2023-10-07T04:27:10.912+0530] {processor.py:157} INFO - Started process (PID=21490) to work on /home/raj/Downloads/kafka_2.13-3.5.1/airflow-env/lib64/python3.11/site-packages/airflow/example_dags/example_branch_operator_decorator.py
[2023-10-07T04:27:10.913+0530] {processor.py:829} INFO - Processing file /home/raj/Downloads/kafka_2.13-3.5.1/airflow-env/lib64/python3.11/site-packages/airflow/example_dags/example_branch_operator_decorator.py for tasks to queue
[2023-10-07T04:27:10.914+0530] {logging_mixin.py:151} INFO - [2023-10-07T04:27:10.914+0530] {dagbag.py:539} INFO - Filling up the DagBag from /home/raj/Downloads/kafka_2.13-3.5.1/airflow-env/lib64/python3.11/site-packages/airflow/example_dags/example_branch_operator_decorator.py
[2023-10-07T04:27:10.934+0530] {processor.py:839} INFO - DAG(s) dict_keys(['example_branch_python_operator_decorator']) retrieved from /home/raj/Downloads/kafka_2.13-3.5.1/airflow-env/lib64/python3.11/site-packages/airflow/example_dags/example_branch_operator_decorator.py
[2023-10-07T04:27:10.967+0530] {logging_mixin.py:151} INFO - [2023-10-07T04:27:10.967+0530] {dag.py:2915} INFO - Sync 1 DAGs
[2023-10-07T04:27:11.001+0530] {logging_mixin.py:151} INFO - [2023-10-07T04:27:11.000+0530] {dag.py:3696} INFO - Setting next_dagrun for example_branch_python_operator_decorator to 2023-10-05T00:00:00+00:00, run_after=2023-10-06T00:00:00+00:00
[2023-10-07T04:27:11.035+0530] {processor.py:179} INFO - Processing /home/raj/Downloads/kafka_2.13-3.5.1/airflow-env/lib64/python3.11/site-packages/airflow/example_dags/example_branch_operator_decorator.py took 0.127 seconds
[2023-10-07T04:28:04.813+0530] {processor.py:157} INFO - Started process (PID=21592) to work on /home/raj/Downloads/kafka_2.13-3.5.1/airflow-env/lib64/python3.11/site-packages/airflow/example_dags/example_branch_operator_decorator.py
[2023-10-07T04:28:04.824+0530] {processor.py:829} INFO - Processing file /home/raj/Downloads/kafka_2.13-3.5.1/airflow-env/lib64/python3.11/site-packages/airflow/example_dags/example_branch_operator_decorator.py for tasks to queue
[2023-10-07T04:28:04.826+0530] {logging_mixin.py:151} INFO - [2023-10-07T04:28:04.825+0530] {dagbag.py:539} INFO - Filling up the DagBag from /home/raj/Downloads/kafka_2.13-3.5.1/airflow-env/lib64/python3.11/site-packages/airflow/example_dags/example_branch_operator_decorator.py
[2023-10-07T04:28:04.847+0530] {processor.py:839} INFO - DAG(s) dict_keys(['example_branch_python_operator_decorator']) retrieved from /home/raj/Downloads/kafka_2.13-3.5.1/airflow-env/lib64/python3.11/site-packages/airflow/example_dags/example_branch_operator_decorator.py
[2023-10-07T04:28:04.873+0530] {logging_mixin.py:151} INFO - [2023-10-07T04:28:04.872+0530] {dag.py:2915} INFO - Sync 1 DAGs
[2023-10-07T04:28:04.896+0530] {logging_mixin.py:151} INFO - [2023-10-07T04:28:04.895+0530] {dag.py:3696} INFO - Setting next_dagrun for example_branch_python_operator_decorator to 2023-10-05T00:00:00+00:00, run_after=2023-10-06T00:00:00+00:00
[2023-10-07T04:28:04.919+0530] {processor.py:179} INFO - Processing /home/raj/Downloads/kafka_2.13-3.5.1/airflow-env/lib64/python3.11/site-packages/airflow/example_dags/example_branch_operator_decorator.py took 0.111 seconds
[2023-10-07T04:28:59.120+0530] {processor.py:157} INFO - Started process (PID=21727) to work on /home/raj/Downloads/kafka_2.13-3.5.1/airflow-env/lib64/python3.11/site-packages/airflow/example_dags/example_branch_operator_decorator.py
[2023-10-07T04:28:59.131+0530] {processor.py:829} INFO - Processing file /home/raj/Downloads/kafka_2.13-3.5.1/airflow-env/lib64/python3.11/site-packages/airflow/example_dags/example_branch_operator_decorator.py for tasks to queue
[2023-10-07T04:28:59.133+0530] {logging_mixin.py:151} INFO - [2023-10-07T04:28:59.132+0530] {dagbag.py:539} INFO - Filling up the DagBag from /home/raj/Downloads/kafka_2.13-3.5.1/airflow-env/lib64/python3.11/site-packages/airflow/example_dags/example_branch_operator_decorator.py
[2023-10-07T04:28:59.155+0530] {processor.py:839} INFO - DAG(s) dict_keys(['example_branch_python_operator_decorator']) retrieved from /home/raj/Downloads/kafka_2.13-3.5.1/airflow-env/lib64/python3.11/site-packages/airflow/example_dags/example_branch_operator_decorator.py
[2023-10-07T04:28:59.182+0530] {logging_mixin.py:151} INFO - [2023-10-07T04:28:59.182+0530] {dag.py:2915} INFO - Sync 1 DAGs
[2023-10-07T04:28:59.199+0530] {logging_mixin.py:151} INFO - [2023-10-07T04:28:59.199+0530] {dag.py:3696} INFO - Setting next_dagrun for example_branch_python_operator_decorator to 2023-10-05T00:00:00+00:00, run_after=2023-10-06T00:00:00+00:00
[2023-10-07T04:28:59.218+0530] {processor.py:179} INFO - Processing /home/raj/Downloads/kafka_2.13-3.5.1/airflow-env/lib64/python3.11/site-packages/airflow/example_dags/example_branch_operator_decorator.py took 0.103 seconds
[2023-10-07T04:41:10.799+0530] {processor.py:157} INFO - Started process (PID=9951) to work on /home/raj/Downloads/kafka_2.13-3.5.1/airflow-env/lib64/python3.11/site-packages/airflow/example_dags/example_branch_operator_decorator.py
[2023-10-07T04:41:10.811+0530] {processor.py:829} INFO - Processing file /home/raj/Downloads/kafka_2.13-3.5.1/airflow-env/lib64/python3.11/site-packages/airflow/example_dags/example_branch_operator_decorator.py for tasks to queue
[2023-10-07T04:41:10.813+0530] {logging_mixin.py:151} INFO - [2023-10-07T04:41:10.812+0530] {dagbag.py:539} INFO - Filling up the DagBag from /home/raj/Downloads/kafka_2.13-3.5.1/airflow-env/lib64/python3.11/site-packages/airflow/example_dags/example_branch_operator_decorator.py
[2023-10-07T04:41:10.842+0530] {processor.py:839} INFO - DAG(s) dict_keys(['example_branch_python_operator_decorator']) retrieved from /home/raj/Downloads/kafka_2.13-3.5.1/airflow-env/lib64/python3.11/site-packages/airflow/example_dags/example_branch_operator_decorator.py
[2023-10-07T04:41:10.870+0530] {logging_mixin.py:151} INFO - [2023-10-07T04:41:10.870+0530] {dag.py:2915} INFO - Sync 1 DAGs
[2023-10-07T04:41:10.888+0530] {logging_mixin.py:151} INFO - [2023-10-07T04:41:10.888+0530] {dag.py:3696} INFO - Setting next_dagrun for example_branch_python_operator_decorator to 2023-10-05T00:00:00+00:00, run_after=2023-10-06T00:00:00+00:00
[2023-10-07T04:41:10.909+0530] {processor.py:179} INFO - Processing /home/raj/Downloads/kafka_2.13-3.5.1/airflow-env/lib64/python3.11/site-packages/airflow/example_dags/example_branch_operator_decorator.py took 0.115 seconds
[2023-10-07T04:42:04.993+0530] {processor.py:157} INFO - Started process (PID=10083) to work on /home/raj/Downloads/kafka_2.13-3.5.1/airflow-env/lib64/python3.11/site-packages/airflow/example_dags/example_branch_operator_decorator.py
[2023-10-07T04:42:05.004+0530] {processor.py:829} INFO - Processing file /home/raj/Downloads/kafka_2.13-3.5.1/airflow-env/lib64/python3.11/site-packages/airflow/example_dags/example_branch_operator_decorator.py for tasks to queue
[2023-10-07T04:42:05.005+0530] {logging_mixin.py:151} INFO - [2023-10-07T04:42:05.005+0530] {dagbag.py:539} INFO - Filling up the DagBag from /home/raj/Downloads/kafka_2.13-3.5.1/airflow-env/lib64/python3.11/site-packages/airflow/example_dags/example_branch_operator_decorator.py
[2023-10-07T04:42:05.028+0530] {processor.py:839} INFO - DAG(s) dict_keys(['example_branch_python_operator_decorator']) retrieved from /home/raj/Downloads/kafka_2.13-3.5.1/airflow-env/lib64/python3.11/site-packages/airflow/example_dags/example_branch_operator_decorator.py
[2023-10-07T04:42:05.057+0530] {logging_mixin.py:151} INFO - [2023-10-07T04:42:05.057+0530] {dag.py:2915} INFO - Sync 1 DAGs
[2023-10-07T04:42:05.073+0530] {logging_mixin.py:151} INFO - [2023-10-07T04:42:05.073+0530] {dag.py:3696} INFO - Setting next_dagrun for example_branch_python_operator_decorator to 2023-10-05T00:00:00+00:00, run_after=2023-10-06T00:00:00+00:00
[2023-10-07T04:42:05.091+0530] {processor.py:179} INFO - Processing /home/raj/Downloads/kafka_2.13-3.5.1/airflow-env/lib64/python3.11/site-packages/airflow/example_dags/example_branch_operator_decorator.py took 0.103 seconds
[2023-10-07T04:42:57.057+0530] {processor.py:157} INFO - Started process (PID=10249) to work on /home/raj/Downloads/kafka_2.13-3.5.1/airflow-env/lib64/python3.11/site-packages/airflow/example_dags/example_branch_operator_decorator.py
[2023-10-07T04:42:57.068+0530] {processor.py:829} INFO - Processing file /home/raj/Downloads/kafka_2.13-3.5.1/airflow-env/lib64/python3.11/site-packages/airflow/example_dags/example_branch_operator_decorator.py for tasks to queue
[2023-10-07T04:42:57.070+0530] {logging_mixin.py:151} INFO - [2023-10-07T04:42:57.069+0530] {dagbag.py:539} INFO - Filling up the DagBag from /home/raj/Downloads/kafka_2.13-3.5.1/airflow-env/lib64/python3.11/site-packages/airflow/example_dags/example_branch_operator_decorator.py
[2023-10-07T04:42:57.087+0530] {processor.py:839} INFO - DAG(s) dict_keys(['example_branch_python_operator_decorator']) retrieved from /home/raj/Downloads/kafka_2.13-3.5.1/airflow-env/lib64/python3.11/site-packages/airflow/example_dags/example_branch_operator_decorator.py
[2023-10-07T04:42:57.101+0530] {logging_mixin.py:151} INFO - [2023-10-07T04:42:57.101+0530] {dag.py:2915} INFO - Sync 1 DAGs
[2023-10-07T04:42:57.117+0530] {logging_mixin.py:151} INFO - [2023-10-07T04:42:57.117+0530] {dag.py:3696} INFO - Setting next_dagrun for example_branch_python_operator_decorator to 2023-10-05T00:00:00+00:00, run_after=2023-10-06T00:00:00+00:00
[2023-10-07T04:42:57.134+0530] {processor.py:179} INFO - Processing /home/raj/Downloads/kafka_2.13-3.5.1/airflow-env/lib64/python3.11/site-packages/airflow/example_dags/example_branch_operator_decorator.py took 0.083 seconds
[2023-10-07T04:44:02.786+0530] {processor.py:157} INFO - Started process (PID=10429) to work on /home/raj/Downloads/kafka_2.13-3.5.1/airflow-env/lib64/python3.11/site-packages/airflow/example_dags/example_branch_operator_decorator.py
[2023-10-07T04:44:02.797+0530] {processor.py:829} INFO - Processing file /home/raj/Downloads/kafka_2.13-3.5.1/airflow-env/lib64/python3.11/site-packages/airflow/example_dags/example_branch_operator_decorator.py for tasks to queue
[2023-10-07T04:44:02.798+0530] {logging_mixin.py:151} INFO - [2023-10-07T04:44:02.798+0530] {dagbag.py:539} INFO - Filling up the DagBag from /home/raj/Downloads/kafka_2.13-3.5.1/airflow-env/lib64/python3.11/site-packages/airflow/example_dags/example_branch_operator_decorator.py
[2023-10-07T04:44:02.819+0530] {processor.py:839} INFO - DAG(s) dict_keys(['example_branch_python_operator_decorator']) retrieved from /home/raj/Downloads/kafka_2.13-3.5.1/airflow-env/lib64/python3.11/site-packages/airflow/example_dags/example_branch_operator_decorator.py
[2023-10-07T04:44:02.838+0530] {logging_mixin.py:151} INFO - [2023-10-07T04:44:02.838+0530] {dag.py:2915} INFO - Sync 1 DAGs
[2023-10-07T04:44:02.857+0530] {logging_mixin.py:151} INFO - [2023-10-07T04:44:02.857+0530] {dag.py:3696} INFO - Setting next_dagrun for example_branch_python_operator_decorator to 2023-10-05T00:00:00+00:00, run_after=2023-10-06T00:00:00+00:00
[2023-10-07T04:44:02.874+0530] {processor.py:179} INFO - Processing /home/raj/Downloads/kafka_2.13-3.5.1/airflow-env/lib64/python3.11/site-packages/airflow/example_dags/example_branch_operator_decorator.py took 0.094 seconds
[2023-10-07T04:44:59.732+0530] {processor.py:157} INFO - Started process (PID=10623) to work on /home/raj/Downloads/kafka_2.13-3.5.1/airflow-env/lib64/python3.11/site-packages/airflow/example_dags/example_branch_operator_decorator.py
[2023-10-07T04:44:59.743+0530] {processor.py:829} INFO - Processing file /home/raj/Downloads/kafka_2.13-3.5.1/airflow-env/lib64/python3.11/site-packages/airflow/example_dags/example_branch_operator_decorator.py for tasks to queue
[2023-10-07T04:44:59.745+0530] {logging_mixin.py:151} INFO - [2023-10-07T04:44:59.744+0530] {dagbag.py:539} INFO - Filling up the DagBag from /home/raj/Downloads/kafka_2.13-3.5.1/airflow-env/lib64/python3.11/site-packages/airflow/example_dags/example_branch_operator_decorator.py
[2023-10-07T04:44:59.766+0530] {processor.py:839} INFO - DAG(s) dict_keys(['example_branch_python_operator_decorator']) retrieved from /home/raj/Downloads/kafka_2.13-3.5.1/airflow-env/lib64/python3.11/site-packages/airflow/example_dags/example_branch_operator_decorator.py
[2023-10-07T04:44:59.796+0530] {logging_mixin.py:151} INFO - [2023-10-07T04:44:59.796+0530] {dag.py:2915} INFO - Sync 1 DAGs
[2023-10-07T04:44:59.817+0530] {logging_mixin.py:151} INFO - [2023-10-07T04:44:59.817+0530] {dag.py:3696} INFO - Setting next_dagrun for example_branch_python_operator_decorator to 2023-10-05T00:00:00+00:00, run_after=2023-10-06T00:00:00+00:00
[2023-10-07T04:44:59.842+0530] {processor.py:179} INFO - Processing /home/raj/Downloads/kafka_2.13-3.5.1/airflow-env/lib64/python3.11/site-packages/airflow/example_dags/example_branch_operator_decorator.py took 0.115 seconds
[2023-10-07T04:45:56.064+0530] {processor.py:157} INFO - Started process (PID=10811) to work on /home/raj/Downloads/kafka_2.13-3.5.1/airflow-env/lib64/python3.11/site-packages/airflow/example_dags/example_branch_operator_decorator.py
[2023-10-07T04:45:56.075+0530] {processor.py:829} INFO - Processing file /home/raj/Downloads/kafka_2.13-3.5.1/airflow-env/lib64/python3.11/site-packages/airflow/example_dags/example_branch_operator_decorator.py for tasks to queue
[2023-10-07T04:45:56.078+0530] {logging_mixin.py:151} INFO - [2023-10-07T04:45:56.077+0530] {dagbag.py:539} INFO - Filling up the DagBag from /home/raj/Downloads/kafka_2.13-3.5.1/airflow-env/lib64/python3.11/site-packages/airflow/example_dags/example_branch_operator_decorator.py
[2023-10-07T04:45:56.102+0530] {processor.py:839} INFO - DAG(s) dict_keys(['example_branch_python_operator_decorator']) retrieved from /home/raj/Downloads/kafka_2.13-3.5.1/airflow-env/lib64/python3.11/site-packages/airflow/example_dags/example_branch_operator_decorator.py
[2023-10-07T04:45:56.129+0530] {logging_mixin.py:151} INFO - [2023-10-07T04:45:56.129+0530] {dag.py:2915} INFO - Sync 1 DAGs
[2023-10-07T04:45:56.154+0530] {logging_mixin.py:151} INFO - [2023-10-07T04:45:56.154+0530] {dag.py:3696} INFO - Setting next_dagrun for example_branch_python_operator_decorator to 2023-10-05T00:00:00+00:00, run_after=2023-10-06T00:00:00+00:00
[2023-10-07T04:45:56.180+0530] {processor.py:179} INFO - Processing /home/raj/Downloads/kafka_2.13-3.5.1/airflow-env/lib64/python3.11/site-packages/airflow/example_dags/example_branch_operator_decorator.py took 0.122 seconds
[2023-10-07T04:46:54.276+0530] {processor.py:157} INFO - Started process (PID=10903) to work on /home/raj/Downloads/kafka_2.13-3.5.1/airflow-env/lib64/python3.11/site-packages/airflow/example_dags/example_branch_operator_decorator.py
[2023-10-07T04:46:54.277+0530] {processor.py:829} INFO - Processing file /home/raj/Downloads/kafka_2.13-3.5.1/airflow-env/lib64/python3.11/site-packages/airflow/example_dags/example_branch_operator_decorator.py for tasks to queue
[2023-10-07T04:46:54.278+0530] {logging_mixin.py:151} INFO - [2023-10-07T04:46:54.278+0530] {dagbag.py:539} INFO - Filling up the DagBag from /home/raj/Downloads/kafka_2.13-3.5.1/airflow-env/lib64/python3.11/site-packages/airflow/example_dags/example_branch_operator_decorator.py
[2023-10-07T04:46:54.289+0530] {processor.py:839} INFO - DAG(s) dict_keys(['example_branch_python_operator_decorator']) retrieved from /home/raj/Downloads/kafka_2.13-3.5.1/airflow-env/lib64/python3.11/site-packages/airflow/example_dags/example_branch_operator_decorator.py
[2023-10-07T04:46:54.305+0530] {logging_mixin.py:151} INFO - [2023-10-07T04:46:54.305+0530] {dag.py:2915} INFO - Sync 1 DAGs
[2023-10-07T04:46:54.335+0530] {logging_mixin.py:151} INFO - [2023-10-07T04:46:54.335+0530] {dag.py:3696} INFO - Setting next_dagrun for example_branch_python_operator_decorator to 2023-10-05T00:00:00+00:00, run_after=2023-10-06T00:00:00+00:00
[2023-10-07T04:46:54.370+0530] {processor.py:179} INFO - Processing /home/raj/Downloads/kafka_2.13-3.5.1/airflow-env/lib64/python3.11/site-packages/airflow/example_dags/example_branch_operator_decorator.py took 0.100 seconds
[2023-10-07T04:47:43.860+0530] {processor.py:157} INFO - Started process (PID=11019) to work on /home/raj/Downloads/kafka_2.13-3.5.1/airflow-env/lib64/python3.11/site-packages/airflow/example_dags/example_branch_operator_decorator.py
[2023-10-07T04:47:43.872+0530] {processor.py:829} INFO - Processing file /home/raj/Downloads/kafka_2.13-3.5.1/airflow-env/lib64/python3.11/site-packages/airflow/example_dags/example_branch_operator_decorator.py for tasks to queue
[2023-10-07T04:47:43.873+0530] {logging_mixin.py:151} INFO - [2023-10-07T04:47:43.872+0530] {dagbag.py:539} INFO - Filling up the DagBag from /home/raj/Downloads/kafka_2.13-3.5.1/airflow-env/lib64/python3.11/site-packages/airflow/example_dags/example_branch_operator_decorator.py
[2023-10-07T04:47:43.882+0530] {processor.py:839} INFO - DAG(s) dict_keys(['example_branch_python_operator_decorator']) retrieved from /home/raj/Downloads/kafka_2.13-3.5.1/airflow-env/lib64/python3.11/site-packages/airflow/example_dags/example_branch_operator_decorator.py
[2023-10-07T04:47:43.899+0530] {logging_mixin.py:151} INFO - [2023-10-07T04:47:43.899+0530] {dag.py:2915} INFO - Sync 1 DAGs
[2023-10-07T04:47:43.918+0530] {logging_mixin.py:151} INFO - [2023-10-07T04:47:43.918+0530] {dag.py:3696} INFO - Setting next_dagrun for example_branch_python_operator_decorator to 2023-10-05T00:00:00+00:00, run_after=2023-10-06T00:00:00+00:00
[2023-10-07T04:47:43.938+0530] {processor.py:179} INFO - Processing /home/raj/Downloads/kafka_2.13-3.5.1/airflow-env/lib64/python3.11/site-packages/airflow/example_dags/example_branch_operator_decorator.py took 0.083 seconds
[2023-10-07T04:48:34.950+0530] {processor.py:157} INFO - Started process (PID=11101) to work on /home/raj/Downloads/kafka_2.13-3.5.1/airflow-env/lib64/python3.11/site-packages/airflow/example_dags/example_branch_operator_decorator.py
[2023-10-07T04:48:34.961+0530] {processor.py:829} INFO - Processing file /home/raj/Downloads/kafka_2.13-3.5.1/airflow-env/lib64/python3.11/site-packages/airflow/example_dags/example_branch_operator_decorator.py for tasks to queue
[2023-10-07T04:48:34.963+0530] {logging_mixin.py:151} INFO - [2023-10-07T04:48:34.962+0530] {dagbag.py:539} INFO - Filling up the DagBag from /home/raj/Downloads/kafka_2.13-3.5.1/airflow-env/lib64/python3.11/site-packages/airflow/example_dags/example_branch_operator_decorator.py
[2023-10-07T04:48:34.984+0530] {processor.py:839} INFO - DAG(s) dict_keys(['example_branch_python_operator_decorator']) retrieved from /home/raj/Downloads/kafka_2.13-3.5.1/airflow-env/lib64/python3.11/site-packages/airflow/example_dags/example_branch_operator_decorator.py
[2023-10-07T04:48:35.013+0530] {logging_mixin.py:151} INFO - [2023-10-07T04:48:35.013+0530] {dag.py:2915} INFO - Sync 1 DAGs
[2023-10-07T04:48:35.029+0530] {logging_mixin.py:151} INFO - [2023-10-07T04:48:35.029+0530] {dag.py:3696} INFO - Setting next_dagrun for example_branch_python_operator_decorator to 2023-10-05T00:00:00+00:00, run_after=2023-10-06T00:00:00+00:00
[2023-10-07T04:48:35.047+0530] {processor.py:179} INFO - Processing /home/raj/Downloads/kafka_2.13-3.5.1/airflow-env/lib64/python3.11/site-packages/airflow/example_dags/example_branch_operator_decorator.py took 0.103 seconds
[2023-10-07T04:49:30.489+0530] {processor.py:157} INFO - Started process (PID=11230) to work on /home/raj/Downloads/kafka_2.13-3.5.1/airflow-env/lib64/python3.11/site-packages/airflow/example_dags/example_branch_operator_decorator.py
[2023-10-07T04:49:30.501+0530] {processor.py:829} INFO - Processing file /home/raj/Downloads/kafka_2.13-3.5.1/airflow-env/lib64/python3.11/site-packages/airflow/example_dags/example_branch_operator_decorator.py for tasks to queue
[2023-10-07T04:49:30.502+0530] {logging_mixin.py:151} INFO - [2023-10-07T04:49:30.502+0530] {dagbag.py:539} INFO - Filling up the DagBag from /home/raj/Downloads/kafka_2.13-3.5.1/airflow-env/lib64/python3.11/site-packages/airflow/example_dags/example_branch_operator_decorator.py
[2023-10-07T04:49:30.518+0530] {processor.py:839} INFO - DAG(s) dict_keys(['example_branch_python_operator_decorator']) retrieved from /home/raj/Downloads/kafka_2.13-3.5.1/airflow-env/lib64/python3.11/site-packages/airflow/example_dags/example_branch_operator_decorator.py
[2023-10-07T04:49:30.533+0530] {logging_mixin.py:151} INFO - [2023-10-07T04:49:30.533+0530] {dag.py:2915} INFO - Sync 1 DAGs
[2023-10-07T04:49:30.551+0530] {logging_mixin.py:151} INFO - [2023-10-07T04:49:30.551+0530] {dag.py:3696} INFO - Setting next_dagrun for example_branch_python_operator_decorator to 2023-10-05T00:00:00+00:00, run_after=2023-10-06T00:00:00+00:00
[2023-10-07T04:49:30.572+0530] {processor.py:179} INFO - Processing /home/raj/Downloads/kafka_2.13-3.5.1/airflow-env/lib64/python3.11/site-packages/airflow/example_dags/example_branch_operator_decorator.py took 0.089 seconds
[2023-10-07T04:50:25.888+0530] {processor.py:157} INFO - Started process (PID=11323) to work on /home/raj/Downloads/kafka_2.13-3.5.1/airflow-env/lib64/python3.11/site-packages/airflow/example_dags/example_branch_operator_decorator.py
[2023-10-07T04:50:25.899+0530] {processor.py:829} INFO - Processing file /home/raj/Downloads/kafka_2.13-3.5.1/airflow-env/lib64/python3.11/site-packages/airflow/example_dags/example_branch_operator_decorator.py for tasks to queue
[2023-10-07T04:50:25.901+0530] {logging_mixin.py:151} INFO - [2023-10-07T04:50:25.900+0530] {dagbag.py:539} INFO - Filling up the DagBag from /home/raj/Downloads/kafka_2.13-3.5.1/airflow-env/lib64/python3.11/site-packages/airflow/example_dags/example_branch_operator_decorator.py
[2023-10-07T04:50:25.923+0530] {processor.py:839} INFO - DAG(s) dict_keys(['example_branch_python_operator_decorator']) retrieved from /home/raj/Downloads/kafka_2.13-3.5.1/airflow-env/lib64/python3.11/site-packages/airflow/example_dags/example_branch_operator_decorator.py
[2023-10-07T04:50:25.947+0530] {logging_mixin.py:151} INFO - [2023-10-07T04:50:25.947+0530] {dag.py:2915} INFO - Sync 1 DAGs
[2023-10-07T04:50:25.964+0530] {logging_mixin.py:151} INFO - [2023-10-07T04:50:25.964+0530] {dag.py:3696} INFO - Setting next_dagrun for example_branch_python_operator_decorator to 2023-10-05T00:00:00+00:00, run_after=2023-10-06T00:00:00+00:00
[2023-10-07T04:50:25.983+0530] {processor.py:179} INFO - Processing /home/raj/Downloads/kafka_2.13-3.5.1/airflow-env/lib64/python3.11/site-packages/airflow/example_dags/example_branch_operator_decorator.py took 0.100 seconds
[2023-10-07T04:51:15.983+0530] {processor.py:157} INFO - Started process (PID=11431) to work on /home/raj/Downloads/kafka_2.13-3.5.1/airflow-env/lib64/python3.11/site-packages/airflow/example_dags/example_branch_operator_decorator.py
[2023-10-07T04:51:15.994+0530] {processor.py:829} INFO - Processing file /home/raj/Downloads/kafka_2.13-3.5.1/airflow-env/lib64/python3.11/site-packages/airflow/example_dags/example_branch_operator_decorator.py for tasks to queue
[2023-10-07T04:51:15.996+0530] {logging_mixin.py:151} INFO - [2023-10-07T04:51:15.995+0530] {dagbag.py:539} INFO - Filling up the DagBag from /home/raj/Downloads/kafka_2.13-3.5.1/airflow-env/lib64/python3.11/site-packages/airflow/example_dags/example_branch_operator_decorator.py
[2023-10-07T04:51:16.017+0530] {processor.py:839} INFO - DAG(s) dict_keys(['example_branch_python_operator_decorator']) retrieved from /home/raj/Downloads/kafka_2.13-3.5.1/airflow-env/lib64/python3.11/site-packages/airflow/example_dags/example_branch_operator_decorator.py
[2023-10-07T04:51:16.047+0530] {logging_mixin.py:151} INFO - [2023-10-07T04:51:16.047+0530] {dag.py:2915} INFO - Sync 1 DAGs
[2023-10-07T04:51:16.063+0530] {logging_mixin.py:151} INFO - [2023-10-07T04:51:16.063+0530] {dag.py:3696} INFO - Setting next_dagrun for example_branch_python_operator_decorator to 2023-10-05T00:00:00+00:00, run_after=2023-10-06T00:00:00+00:00
[2023-10-07T04:51:16.080+0530] {processor.py:179} INFO - Processing /home/raj/Downloads/kafka_2.13-3.5.1/airflow-env/lib64/python3.11/site-packages/airflow/example_dags/example_branch_operator_decorator.py took 0.102 seconds
[2023-10-07T04:52:08.617+0530] {processor.py:157} INFO - Started process (PID=11671) to work on /home/raj/Downloads/kafka_2.13-3.5.1/airflow-env/lib64/python3.11/site-packages/airflow/example_dags/example_branch_operator_decorator.py
[2023-10-07T04:52:08.619+0530] {processor.py:829} INFO - Processing file /home/raj/Downloads/kafka_2.13-3.5.1/airflow-env/lib64/python3.11/site-packages/airflow/example_dags/example_branch_operator_decorator.py for tasks to queue
[2023-10-07T04:52:08.621+0530] {logging_mixin.py:151} INFO - [2023-10-07T04:52:08.620+0530] {dagbag.py:539} INFO - Filling up the DagBag from /home/raj/Downloads/kafka_2.13-3.5.1/airflow-env/lib64/python3.11/site-packages/airflow/example_dags/example_branch_operator_decorator.py
[2023-10-07T04:52:08.647+0530] {processor.py:839} INFO - DAG(s) dict_keys(['example_branch_python_operator_decorator']) retrieved from /home/raj/Downloads/kafka_2.13-3.5.1/airflow-env/lib64/python3.11/site-packages/airflow/example_dags/example_branch_operator_decorator.py
[2023-10-07T04:52:08.668+0530] {logging_mixin.py:151} INFO - [2023-10-07T04:52:08.668+0530] {dag.py:2915} INFO - Sync 1 DAGs
[2023-10-07T04:52:08.689+0530] {logging_mixin.py:151} INFO - [2023-10-07T04:52:08.689+0530] {dag.py:3696} INFO - Setting next_dagrun for example_branch_python_operator_decorator to 2023-10-05T00:00:00+00:00, run_after=2023-10-06T00:00:00+00:00
[2023-10-07T04:52:08.713+0530] {processor.py:179} INFO - Processing /home/raj/Downloads/kafka_2.13-3.5.1/airflow-env/lib64/python3.11/site-packages/airflow/example_dags/example_branch_operator_decorator.py took 0.103 seconds
[2023-10-07T04:53:02.862+0530] {processor.py:157} INFO - Started process (PID=11781) to work on /home/raj/Downloads/kafka_2.13-3.5.1/airflow-env/lib64/python3.11/site-packages/airflow/example_dags/example_branch_operator_decorator.py
[2023-10-07T04:53:02.873+0530] {processor.py:829} INFO - Processing file /home/raj/Downloads/kafka_2.13-3.5.1/airflow-env/lib64/python3.11/site-packages/airflow/example_dags/example_branch_operator_decorator.py for tasks to queue
[2023-10-07T04:53:02.874+0530] {logging_mixin.py:151} INFO - [2023-10-07T04:53:02.873+0530] {dagbag.py:539} INFO - Filling up the DagBag from /home/raj/Downloads/kafka_2.13-3.5.1/airflow-env/lib64/python3.11/site-packages/airflow/example_dags/example_branch_operator_decorator.py
[2023-10-07T04:53:02.896+0530] {processor.py:839} INFO - DAG(s) dict_keys(['example_branch_python_operator_decorator']) retrieved from /home/raj/Downloads/kafka_2.13-3.5.1/airflow-env/lib64/python3.11/site-packages/airflow/example_dags/example_branch_operator_decorator.py
[2023-10-07T04:53:02.925+0530] {logging_mixin.py:151} INFO - [2023-10-07T04:53:02.925+0530] {dag.py:2915} INFO - Sync 1 DAGs
[2023-10-07T04:53:02.941+0530] {logging_mixin.py:151} INFO - [2023-10-07T04:53:02.941+0530] {dag.py:3696} INFO - Setting next_dagrun for example_branch_python_operator_decorator to 2023-10-05T00:00:00+00:00, run_after=2023-10-06T00:00:00+00:00
[2023-10-07T04:53:02.960+0530] {processor.py:179} INFO - Processing /home/raj/Downloads/kafka_2.13-3.5.1/airflow-env/lib64/python3.11/site-packages/airflow/example_dags/example_branch_operator_decorator.py took 0.104 seconds
[2023-10-07T04:53:46.732+0530] {processor.py:157} INFO - Started process (PID=11948) to work on /home/raj/Downloads/kafka_2.13-3.5.1/airflow-env/lib64/python3.11/site-packages/airflow/example_dags/example_branch_operator_decorator.py
[2023-10-07T04:53:46.743+0530] {processor.py:829} INFO - Processing file /home/raj/Downloads/kafka_2.13-3.5.1/airflow-env/lib64/python3.11/site-packages/airflow/example_dags/example_branch_operator_decorator.py for tasks to queue
[2023-10-07T04:53:46.744+0530] {logging_mixin.py:151} INFO - [2023-10-07T04:53:46.744+0530] {dagbag.py:539} INFO - Filling up the DagBag from /home/raj/Downloads/kafka_2.13-3.5.1/airflow-env/lib64/python3.11/site-packages/airflow/example_dags/example_branch_operator_decorator.py
[2023-10-07T04:53:46.768+0530] {processor.py:839} INFO - DAG(s) dict_keys(['example_branch_python_operator_decorator']) retrieved from /home/raj/Downloads/kafka_2.13-3.5.1/airflow-env/lib64/python3.11/site-packages/airflow/example_dags/example_branch_operator_decorator.py
[2023-10-07T04:53:46.795+0530] {logging_mixin.py:151} INFO - [2023-10-07T04:53:46.794+0530] {dag.py:2915} INFO - Sync 1 DAGs
[2023-10-07T04:53:46.815+0530] {logging_mixin.py:151} INFO - [2023-10-07T04:53:46.815+0530] {dag.py:3696} INFO - Setting next_dagrun for example_branch_python_operator_decorator to 2023-10-05T00:00:00+00:00, run_after=2023-10-06T00:00:00+00:00
[2023-10-07T04:53:46.840+0530] {processor.py:179} INFO - Processing /home/raj/Downloads/kafka_2.13-3.5.1/airflow-env/lib64/python3.11/site-packages/airflow/example_dags/example_branch_operator_decorator.py took 0.114 seconds
[2023-10-07T04:54:37.363+0530] {processor.py:157} INFO - Started process (PID=12009) to work on /home/raj/Downloads/kafka_2.13-3.5.1/airflow-env/lib64/python3.11/site-packages/airflow/example_dags/example_branch_operator_decorator.py
[2023-10-07T04:54:37.375+0530] {processor.py:829} INFO - Processing file /home/raj/Downloads/kafka_2.13-3.5.1/airflow-env/lib64/python3.11/site-packages/airflow/example_dags/example_branch_operator_decorator.py for tasks to queue
[2023-10-07T04:54:37.376+0530] {logging_mixin.py:151} INFO - [2023-10-07T04:54:37.375+0530] {dagbag.py:539} INFO - Filling up the DagBag from /home/raj/Downloads/kafka_2.13-3.5.1/airflow-env/lib64/python3.11/site-packages/airflow/example_dags/example_branch_operator_decorator.py
[2023-10-07T04:54:37.397+0530] {processor.py:839} INFO - DAG(s) dict_keys(['example_branch_python_operator_decorator']) retrieved from /home/raj/Downloads/kafka_2.13-3.5.1/airflow-env/lib64/python3.11/site-packages/airflow/example_dags/example_branch_operator_decorator.py
[2023-10-07T04:54:37.426+0530] {logging_mixin.py:151} INFO - [2023-10-07T04:54:37.426+0530] {dag.py:2915} INFO - Sync 1 DAGs
[2023-10-07T04:54:37.447+0530] {logging_mixin.py:151} INFO - [2023-10-07T04:54:37.446+0530] {dag.py:3696} INFO - Setting next_dagrun for example_branch_python_operator_decorator to 2023-10-05T00:00:00+00:00, run_after=2023-10-06T00:00:00+00:00
[2023-10-07T04:54:37.468+0530] {processor.py:179} INFO - Processing /home/raj/Downloads/kafka_2.13-3.5.1/airflow-env/lib64/python3.11/site-packages/airflow/example_dags/example_branch_operator_decorator.py took 0.110 seconds
[2023-10-07T04:56:10.433+0530] {processor.py:157} INFO - Started process (PID=12246) to work on /home/raj/Downloads/kafka_2.13-3.5.1/airflow-env/lib64/python3.11/site-packages/airflow/example_dags/example_branch_operator_decorator.py
[2023-10-07T04:56:10.444+0530] {processor.py:829} INFO - Processing file /home/raj/Downloads/kafka_2.13-3.5.1/airflow-env/lib64/python3.11/site-packages/airflow/example_dags/example_branch_operator_decorator.py for tasks to queue
[2023-10-07T04:56:10.445+0530] {logging_mixin.py:151} INFO - [2023-10-07T04:56:10.445+0530] {dagbag.py:539} INFO - Filling up the DagBag from /home/raj/Downloads/kafka_2.13-3.5.1/airflow-env/lib64/python3.11/site-packages/airflow/example_dags/example_branch_operator_decorator.py
[2023-10-07T04:56:10.458+0530] {processor.py:839} INFO - DAG(s) dict_keys(['example_branch_python_operator_decorator']) retrieved from /home/raj/Downloads/kafka_2.13-3.5.1/airflow-env/lib64/python3.11/site-packages/airflow/example_dags/example_branch_operator_decorator.py
[2023-10-07T04:56:10.475+0530] {logging_mixin.py:151} INFO - [2023-10-07T04:56:10.475+0530] {dag.py:2915} INFO - Sync 1 DAGs
[2023-10-07T04:56:10.494+0530] {logging_mixin.py:151} INFO - [2023-10-07T04:56:10.494+0530] {dag.py:3696} INFO - Setting next_dagrun for example_branch_python_operator_decorator to 2023-10-05T00:00:00+00:00, run_after=2023-10-06T00:00:00+00:00
[2023-10-07T04:56:10.518+0530] {processor.py:179} INFO - Processing /home/raj/Downloads/kafka_2.13-3.5.1/airflow-env/lib64/python3.11/site-packages/airflow/example_dags/example_branch_operator_decorator.py took 0.089 seconds
[2023-10-07T04:57:00.324+0530] {processor.py:157} INFO - Started process (PID=12347) to work on /home/raj/Downloads/kafka_2.13-3.5.1/airflow-env/lib64/python3.11/site-packages/airflow/example_dags/example_branch_operator_decorator.py
[2023-10-07T04:57:00.335+0530] {processor.py:829} INFO - Processing file /home/raj/Downloads/kafka_2.13-3.5.1/airflow-env/lib64/python3.11/site-packages/airflow/example_dags/example_branch_operator_decorator.py for tasks to queue
[2023-10-07T04:57:00.336+0530] {logging_mixin.py:151} INFO - [2023-10-07T04:57:00.336+0530] {dagbag.py:539} INFO - Filling up the DagBag from /home/raj/Downloads/kafka_2.13-3.5.1/airflow-env/lib64/python3.11/site-packages/airflow/example_dags/example_branch_operator_decorator.py
[2023-10-07T04:57:00.347+0530] {processor.py:839} INFO - DAG(s) dict_keys(['example_branch_python_operator_decorator']) retrieved from /home/raj/Downloads/kafka_2.13-3.5.1/airflow-env/lib64/python3.11/site-packages/airflow/example_dags/example_branch_operator_decorator.py
[2023-10-07T04:57:00.368+0530] {logging_mixin.py:151} INFO - [2023-10-07T04:57:00.368+0530] {dag.py:2915} INFO - Sync 1 DAGs
[2023-10-07T04:57:00.394+0530] {logging_mixin.py:151} INFO - [2023-10-07T04:57:00.394+0530] {dag.py:3696} INFO - Setting next_dagrun for example_branch_python_operator_decorator to 2023-10-05T00:00:00+00:00, run_after=2023-10-06T00:00:00+00:00
[2023-10-07T04:57:00.420+0530] {processor.py:179} INFO - Processing /home/raj/Downloads/kafka_2.13-3.5.1/airflow-env/lib64/python3.11/site-packages/airflow/example_dags/example_branch_operator_decorator.py took 0.099 seconds
[2023-10-07T04:57:49.033+0530] {processor.py:157} INFO - Started process (PID=12474) to work on /home/raj/Downloads/kafka_2.13-3.5.1/airflow-env/lib64/python3.11/site-packages/airflow/example_dags/example_branch_operator_decorator.py
[2023-10-07T04:57:49.044+0530] {processor.py:829} INFO - Processing file /home/raj/Downloads/kafka_2.13-3.5.1/airflow-env/lib64/python3.11/site-packages/airflow/example_dags/example_branch_operator_decorator.py for tasks to queue
[2023-10-07T04:57:49.046+0530] {logging_mixin.py:151} INFO - [2023-10-07T04:57:49.045+0530] {dagbag.py:539} INFO - Filling up the DagBag from /home/raj/Downloads/kafka_2.13-3.5.1/airflow-env/lib64/python3.11/site-packages/airflow/example_dags/example_branch_operator_decorator.py
[2023-10-07T04:57:49.067+0530] {processor.py:839} INFO - DAG(s) dict_keys(['example_branch_python_operator_decorator']) retrieved from /home/raj/Downloads/kafka_2.13-3.5.1/airflow-env/lib64/python3.11/site-packages/airflow/example_dags/example_branch_operator_decorator.py
[2023-10-07T04:57:49.092+0530] {logging_mixin.py:151} INFO - [2023-10-07T04:57:49.092+0530] {dag.py:2915} INFO - Sync 1 DAGs
[2023-10-07T04:57:49.108+0530] {logging_mixin.py:151} INFO - [2023-10-07T04:57:49.108+0530] {dag.py:3696} INFO - Setting next_dagrun for example_branch_python_operator_decorator to 2023-10-05T00:00:00+00:00, run_after=2023-10-06T00:00:00+00:00
[2023-10-07T04:57:49.128+0530] {processor.py:179} INFO - Processing /home/raj/Downloads/kafka_2.13-3.5.1/airflow-env/lib64/python3.11/site-packages/airflow/example_dags/example_branch_operator_decorator.py took 0.097 seconds
[2023-10-07T04:58:42.283+0530] {processor.py:157} INFO - Started process (PID=12614) to work on /home/raj/Downloads/kafka_2.13-3.5.1/airflow-env/lib64/python3.11/site-packages/airflow/example_dags/example_branch_operator_decorator.py
[2023-10-07T04:58:42.294+0530] {processor.py:829} INFO - Processing file /home/raj/Downloads/kafka_2.13-3.5.1/airflow-env/lib64/python3.11/site-packages/airflow/example_dags/example_branch_operator_decorator.py for tasks to queue
[2023-10-07T04:58:42.296+0530] {logging_mixin.py:151} INFO - [2023-10-07T04:58:42.295+0530] {dagbag.py:539} INFO - Filling up the DagBag from /home/raj/Downloads/kafka_2.13-3.5.1/airflow-env/lib64/python3.11/site-packages/airflow/example_dags/example_branch_operator_decorator.py
[2023-10-07T04:58:42.312+0530] {processor.py:839} INFO - DAG(s) dict_keys(['example_branch_python_operator_decorator']) retrieved from /home/raj/Downloads/kafka_2.13-3.5.1/airflow-env/lib64/python3.11/site-packages/airflow/example_dags/example_branch_operator_decorator.py
[2023-10-07T04:58:42.327+0530] {logging_mixin.py:151} INFO - [2023-10-07T04:58:42.327+0530] {dag.py:2915} INFO - Sync 1 DAGs
[2023-10-07T04:58:42.344+0530] {logging_mixin.py:151} INFO - [2023-10-07T04:58:42.344+0530] {dag.py:3696} INFO - Setting next_dagrun for example_branch_python_operator_decorator to 2023-10-05T00:00:00+00:00, run_after=2023-10-06T00:00:00+00:00
[2023-10-07T04:58:42.363+0530] {processor.py:179} INFO - Processing /home/raj/Downloads/kafka_2.13-3.5.1/airflow-env/lib64/python3.11/site-packages/airflow/example_dags/example_branch_operator_decorator.py took 0.084 seconds
