[2023-10-07T04:00:14.939+0530] {processor.py:157} INFO - Started process (PID=18123) to work on /home/raj/Downloads/kafka_2.13-3.5.1/airflow-env/lib64/python3.11/site-packages/airflow/example_dags/example_branch_day_of_week_operator.py
[2023-10-07T04:00:14.941+0530] {processor.py:829} INFO - Processing file /home/raj/Downloads/kafka_2.13-3.5.1/airflow-env/lib64/python3.11/site-packages/airflow/example_dags/example_branch_day_of_week_operator.py for tasks to queue
[2023-10-07T04:00:14.943+0530] {logging_mixin.py:151} INFO - [2023-10-07T04:00:14.942+0530] {dagbag.py:539} INFO - Filling up the DagBag from /home/raj/Downloads/kafka_2.13-3.5.1/airflow-env/lib64/python3.11/site-packages/airflow/example_dags/example_branch_day_of_week_operator.py
[2023-10-07T04:00:14.953+0530] {processor.py:839} INFO - DAG(s) dict_keys(['example_weekday_branch_operator']) retrieved from /home/raj/Downloads/kafka_2.13-3.5.1/airflow-env/lib64/python3.11/site-packages/airflow/example_dags/example_branch_day_of_week_operator.py
[2023-10-07T04:00:15.066+0530] {logging_mixin.py:151} INFO - [2023-10-07T04:00:15.065+0530] {manager.py:499} INFO - Created Permission View: %s
[2023-10-07T04:00:15.081+0530] {logging_mixin.py:151} INFO - [2023-10-07T04:00:15.080+0530] {manager.py:499} INFO - Created Permission View: %s
[2023-10-07T04:00:15.091+0530] {logging_mixin.py:151} INFO - [2023-10-07T04:00:15.090+0530] {manager.py:499} INFO - Created Permission View: %s
[2023-10-07T04:00:15.091+0530] {logging_mixin.py:151} INFO - [2023-10-07T04:00:15.091+0530] {security.py:708} INFO - Not syncing DAG-level permissions for DAG 'DAG:example_weekday_branch_operator' as access control is unset.
[2023-10-07T04:00:15.091+0530] {logging_mixin.py:151} INFO - [2023-10-07T04:00:15.091+0530] {dag.py:2915} INFO - Sync 1 DAGs
[2023-10-07T04:00:15.103+0530] {logging_mixin.py:151} INFO - [2023-10-07T04:00:15.103+0530] {dag.py:2937} INFO - Creating ORM DAG for example_weekday_branch_operator
[2023-10-07T04:00:15.116+0530] {logging_mixin.py:151} INFO - [2023-10-07T04:00:15.115+0530] {dag.py:3696} INFO - Setting next_dagrun for example_weekday_branch_operator to 2023-10-05T00:00:00+00:00, run_after=2023-10-06T00:00:00+00:00
[2023-10-07T04:00:15.138+0530] {processor.py:179} INFO - Processing /home/raj/Downloads/kafka_2.13-3.5.1/airflow-env/lib64/python3.11/site-packages/airflow/example_dags/example_branch_day_of_week_operator.py took 0.204 seconds
[2023-10-07T04:01:09.834+0530] {processor.py:157} INFO - Started process (PID=18270) to work on /home/raj/Downloads/kafka_2.13-3.5.1/airflow-env/lib64/python3.11/site-packages/airflow/example_dags/example_branch_day_of_week_operator.py
[2023-10-07T04:01:09.835+0530] {processor.py:829} INFO - Processing file /home/raj/Downloads/kafka_2.13-3.5.1/airflow-env/lib64/python3.11/site-packages/airflow/example_dags/example_branch_day_of_week_operator.py for tasks to queue
[2023-10-07T04:01:09.837+0530] {logging_mixin.py:151} INFO - [2023-10-07T04:01:09.836+0530] {dagbag.py:539} INFO - Filling up the DagBag from /home/raj/Downloads/kafka_2.13-3.5.1/airflow-env/lib64/python3.11/site-packages/airflow/example_dags/example_branch_day_of_week_operator.py
[2023-10-07T04:01:09.852+0530] {processor.py:839} INFO - DAG(s) dict_keys(['example_weekday_branch_operator']) retrieved from /home/raj/Downloads/kafka_2.13-3.5.1/airflow-env/lib64/python3.11/site-packages/airflow/example_dags/example_branch_day_of_week_operator.py
[2023-10-07T04:01:09.878+0530] {logging_mixin.py:151} INFO - [2023-10-07T04:01:09.878+0530] {dag.py:2915} INFO - Sync 1 DAGs
[2023-10-07T04:01:09.900+0530] {logging_mixin.py:151} INFO - [2023-10-07T04:01:09.899+0530] {dag.py:3696} INFO - Setting next_dagrun for example_weekday_branch_operator to 2023-10-05T00:00:00+00:00, run_after=2023-10-06T00:00:00+00:00
[2023-10-07T04:01:09.928+0530] {processor.py:179} INFO - Processing /home/raj/Downloads/kafka_2.13-3.5.1/airflow-env/lib64/python3.11/site-packages/airflow/example_dags/example_branch_day_of_week_operator.py took 0.100 seconds
[2023-10-07T04:02:00.078+0530] {processor.py:157} INFO - Started process (PID=18359) to work on /home/raj/Downloads/kafka_2.13-3.5.1/airflow-env/lib64/python3.11/site-packages/airflow/example_dags/example_branch_day_of_week_operator.py
[2023-10-07T04:02:00.080+0530] {processor.py:829} INFO - Processing file /home/raj/Downloads/kafka_2.13-3.5.1/airflow-env/lib64/python3.11/site-packages/airflow/example_dags/example_branch_day_of_week_operator.py for tasks to queue
[2023-10-07T04:02:00.082+0530] {logging_mixin.py:151} INFO - [2023-10-07T04:02:00.081+0530] {dagbag.py:539} INFO - Filling up the DagBag from /home/raj/Downloads/kafka_2.13-3.5.1/airflow-env/lib64/python3.11/site-packages/airflow/example_dags/example_branch_day_of_week_operator.py
[2023-10-07T04:02:00.092+0530] {processor.py:839} INFO - DAG(s) dict_keys(['example_weekday_branch_operator']) retrieved from /home/raj/Downloads/kafka_2.13-3.5.1/airflow-env/lib64/python3.11/site-packages/airflow/example_dags/example_branch_day_of_week_operator.py
[2023-10-07T04:02:00.109+0530] {logging_mixin.py:151} INFO - [2023-10-07T04:02:00.108+0530] {dag.py:2915} INFO - Sync 1 DAGs
[2023-10-07T04:02:00.126+0530] {logging_mixin.py:151} INFO - [2023-10-07T04:02:00.126+0530] {dag.py:3696} INFO - Setting next_dagrun for example_weekday_branch_operator to 2023-10-05T00:00:00+00:00, run_after=2023-10-06T00:00:00+00:00
[2023-10-07T04:02:00.155+0530] {processor.py:179} INFO - Processing /home/raj/Downloads/kafka_2.13-3.5.1/airflow-env/lib64/python3.11/site-packages/airflow/example_dags/example_branch_day_of_week_operator.py took 0.083 seconds
[2023-10-07T04:02:53.027+0530] {processor.py:157} INFO - Started process (PID=18494) to work on /home/raj/Downloads/kafka_2.13-3.5.1/airflow-env/lib64/python3.11/site-packages/airflow/example_dags/example_branch_day_of_week_operator.py
[2023-10-07T04:02:53.037+0530] {processor.py:829} INFO - Processing file /home/raj/Downloads/kafka_2.13-3.5.1/airflow-env/lib64/python3.11/site-packages/airflow/example_dags/example_branch_day_of_week_operator.py for tasks to queue
[2023-10-07T04:02:53.038+0530] {logging_mixin.py:151} INFO - [2023-10-07T04:02:53.038+0530] {dagbag.py:539} INFO - Filling up the DagBag from /home/raj/Downloads/kafka_2.13-3.5.1/airflow-env/lib64/python3.11/site-packages/airflow/example_dags/example_branch_day_of_week_operator.py
[2023-10-07T04:02:53.045+0530] {processor.py:839} INFO - DAG(s) dict_keys(['example_weekday_branch_operator']) retrieved from /home/raj/Downloads/kafka_2.13-3.5.1/airflow-env/lib64/python3.11/site-packages/airflow/example_dags/example_branch_day_of_week_operator.py
[2023-10-07T04:02:53.059+0530] {logging_mixin.py:151} INFO - [2023-10-07T04:02:53.059+0530] {dag.py:2915} INFO - Sync 1 DAGs
[2023-10-07T04:02:53.078+0530] {logging_mixin.py:151} INFO - [2023-10-07T04:02:53.077+0530] {dag.py:3696} INFO - Setting next_dagrun for example_weekday_branch_operator to 2023-10-05T00:00:00+00:00, run_after=2023-10-06T00:00:00+00:00
[2023-10-07T04:02:53.101+0530] {processor.py:179} INFO - Processing /home/raj/Downloads/kafka_2.13-3.5.1/airflow-env/lib64/python3.11/site-packages/airflow/example_dags/example_branch_day_of_week_operator.py took 0.077 seconds
[2023-10-07T04:03:42.645+0530] {processor.py:157} INFO - Started process (PID=18677) to work on /home/raj/Downloads/kafka_2.13-3.5.1/airflow-env/lib64/python3.11/site-packages/airflow/example_dags/example_branch_day_of_week_operator.py
[2023-10-07T04:03:42.656+0530] {processor.py:829} INFO - Processing file /home/raj/Downloads/kafka_2.13-3.5.1/airflow-env/lib64/python3.11/site-packages/airflow/example_dags/example_branch_day_of_week_operator.py for tasks to queue
[2023-10-07T04:03:42.658+0530] {logging_mixin.py:151} INFO - [2023-10-07T04:03:42.657+0530] {dagbag.py:539} INFO - Filling up the DagBag from /home/raj/Downloads/kafka_2.13-3.5.1/airflow-env/lib64/python3.11/site-packages/airflow/example_dags/example_branch_day_of_week_operator.py
[2023-10-07T04:03:42.673+0530] {processor.py:839} INFO - DAG(s) dict_keys(['example_weekday_branch_operator']) retrieved from /home/raj/Downloads/kafka_2.13-3.5.1/airflow-env/lib64/python3.11/site-packages/airflow/example_dags/example_branch_day_of_week_operator.py
[2023-10-07T04:03:42.704+0530] {logging_mixin.py:151} INFO - [2023-10-07T04:03:42.704+0530] {dag.py:2915} INFO - Sync 1 DAGs
[2023-10-07T04:03:42.721+0530] {logging_mixin.py:151} INFO - [2023-10-07T04:03:42.721+0530] {dag.py:3696} INFO - Setting next_dagrun for example_weekday_branch_operator to 2023-10-05T00:00:00+00:00, run_after=2023-10-06T00:00:00+00:00
[2023-10-07T04:03:42.739+0530] {processor.py:179} INFO - Processing /home/raj/Downloads/kafka_2.13-3.5.1/airflow-env/lib64/python3.11/site-packages/airflow/example_dags/example_branch_day_of_week_operator.py took 0.098 seconds
[2023-10-07T04:04:30.252+0530] {processor.py:157} INFO - Started process (PID=18751) to work on /home/raj/Downloads/kafka_2.13-3.5.1/airflow-env/lib64/python3.11/site-packages/airflow/example_dags/example_branch_day_of_week_operator.py
[2023-10-07T04:04:30.263+0530] {processor.py:829} INFO - Processing file /home/raj/Downloads/kafka_2.13-3.5.1/airflow-env/lib64/python3.11/site-packages/airflow/example_dags/example_branch_day_of_week_operator.py for tasks to queue
[2023-10-07T04:04:30.265+0530] {logging_mixin.py:151} INFO - [2023-10-07T04:04:30.264+0530] {dagbag.py:539} INFO - Filling up the DagBag from /home/raj/Downloads/kafka_2.13-3.5.1/airflow-env/lib64/python3.11/site-packages/airflow/example_dags/example_branch_day_of_week_operator.py
[2023-10-07T04:04:30.280+0530] {processor.py:839} INFO - DAG(s) dict_keys(['example_weekday_branch_operator']) retrieved from /home/raj/Downloads/kafka_2.13-3.5.1/airflow-env/lib64/python3.11/site-packages/airflow/example_dags/example_branch_day_of_week_operator.py
[2023-10-07T04:04:30.311+0530] {logging_mixin.py:151} INFO - [2023-10-07T04:04:30.311+0530] {dag.py:2915} INFO - Sync 1 DAGs
[2023-10-07T04:04:30.331+0530] {logging_mixin.py:151} INFO - [2023-10-07T04:04:30.331+0530] {dag.py:3696} INFO - Setting next_dagrun for example_weekday_branch_operator to 2023-10-05T00:00:00+00:00, run_after=2023-10-06T00:00:00+00:00
[2023-10-07T04:04:30.350+0530] {processor.py:179} INFO - Processing /home/raj/Downloads/kafka_2.13-3.5.1/airflow-env/lib64/python3.11/site-packages/airflow/example_dags/example_branch_day_of_week_operator.py took 0.103 seconds
[2023-10-07T04:05:22.414+0530] {processor.py:157} INFO - Started process (PID=18962) to work on /home/raj/Downloads/kafka_2.13-3.5.1/airflow-env/lib64/python3.11/site-packages/airflow/example_dags/example_branch_day_of_week_operator.py
[2023-10-07T04:05:22.424+0530] {processor.py:829} INFO - Processing file /home/raj/Downloads/kafka_2.13-3.5.1/airflow-env/lib64/python3.11/site-packages/airflow/example_dags/example_branch_day_of_week_operator.py for tasks to queue
[2023-10-07T04:05:22.427+0530] {logging_mixin.py:151} INFO - [2023-10-07T04:05:22.426+0530] {dagbag.py:539} INFO - Filling up the DagBag from /home/raj/Downloads/kafka_2.13-3.5.1/airflow-env/lib64/python3.11/site-packages/airflow/example_dags/example_branch_day_of_week_operator.py
[2023-10-07T04:05:22.444+0530] {processor.py:839} INFO - DAG(s) dict_keys(['example_weekday_branch_operator']) retrieved from /home/raj/Downloads/kafka_2.13-3.5.1/airflow-env/lib64/python3.11/site-packages/airflow/example_dags/example_branch_day_of_week_operator.py
[2023-10-07T04:05:22.462+0530] {logging_mixin.py:151} INFO - [2023-10-07T04:05:22.462+0530] {dag.py:2915} INFO - Sync 1 DAGs
[2023-10-07T04:05:22.479+0530] {logging_mixin.py:151} INFO - [2023-10-07T04:05:22.479+0530] {dag.py:3696} INFO - Setting next_dagrun for example_weekday_branch_operator to 2023-10-05T00:00:00+00:00, run_after=2023-10-06T00:00:00+00:00
[2023-10-07T04:05:22.498+0530] {processor.py:179} INFO - Processing /home/raj/Downloads/kafka_2.13-3.5.1/airflow-env/lib64/python3.11/site-packages/airflow/example_dags/example_branch_day_of_week_operator.py took 0.089 seconds
[2023-10-07T04:06:14.055+0530] {processor.py:157} INFO - Started process (PID=19036) to work on /home/raj/Downloads/kafka_2.13-3.5.1/airflow-env/lib64/python3.11/site-packages/airflow/example_dags/example_branch_day_of_week_operator.py
[2023-10-07T04:06:14.066+0530] {processor.py:829} INFO - Processing file /home/raj/Downloads/kafka_2.13-3.5.1/airflow-env/lib64/python3.11/site-packages/airflow/example_dags/example_branch_day_of_week_operator.py for tasks to queue
[2023-10-07T04:06:14.068+0530] {logging_mixin.py:151} INFO - [2023-10-07T04:06:14.067+0530] {dagbag.py:539} INFO - Filling up the DagBag from /home/raj/Downloads/kafka_2.13-3.5.1/airflow-env/lib64/python3.11/site-packages/airflow/example_dags/example_branch_day_of_week_operator.py
[2023-10-07T04:06:14.085+0530] {processor.py:839} INFO - DAG(s) dict_keys(['example_weekday_branch_operator']) retrieved from /home/raj/Downloads/kafka_2.13-3.5.1/airflow-env/lib64/python3.11/site-packages/airflow/example_dags/example_branch_day_of_week_operator.py
[2023-10-07T04:06:14.115+0530] {logging_mixin.py:151} INFO - [2023-10-07T04:06:14.115+0530] {dag.py:2915} INFO - Sync 1 DAGs
[2023-10-07T04:06:14.133+0530] {logging_mixin.py:151} INFO - [2023-10-07T04:06:14.133+0530] {dag.py:3696} INFO - Setting next_dagrun for example_weekday_branch_operator to 2023-10-05T00:00:00+00:00, run_after=2023-10-06T00:00:00+00:00
[2023-10-07T04:06:14.153+0530] {processor.py:179} INFO - Processing /home/raj/Downloads/kafka_2.13-3.5.1/airflow-env/lib64/python3.11/site-packages/airflow/example_dags/example_branch_day_of_week_operator.py took 0.104 seconds
[2023-10-07T04:07:10.184+0530] {processor.py:157} INFO - Started process (PID=19185) to work on /home/raj/Downloads/kafka_2.13-3.5.1/airflow-env/lib64/python3.11/site-packages/airflow/example_dags/example_branch_day_of_week_operator.py
[2023-10-07T04:07:10.195+0530] {processor.py:829} INFO - Processing file /home/raj/Downloads/kafka_2.13-3.5.1/airflow-env/lib64/python3.11/site-packages/airflow/example_dags/example_branch_day_of_week_operator.py for tasks to queue
[2023-10-07T04:07:10.197+0530] {logging_mixin.py:151} INFO - [2023-10-07T04:07:10.196+0530] {dagbag.py:539} INFO - Filling up the DagBag from /home/raj/Downloads/kafka_2.13-3.5.1/airflow-env/lib64/python3.11/site-packages/airflow/example_dags/example_branch_day_of_week_operator.py
[2023-10-07T04:07:10.212+0530] {processor.py:839} INFO - DAG(s) dict_keys(['example_weekday_branch_operator']) retrieved from /home/raj/Downloads/kafka_2.13-3.5.1/airflow-env/lib64/python3.11/site-packages/airflow/example_dags/example_branch_day_of_week_operator.py
[2023-10-07T04:07:10.243+0530] {logging_mixin.py:151} INFO - [2023-10-07T04:07:10.242+0530] {dag.py:2915} INFO - Sync 1 DAGs
[2023-10-07T04:07:10.259+0530] {logging_mixin.py:151} INFO - [2023-10-07T04:07:10.259+0530] {dag.py:3696} INFO - Setting next_dagrun for example_weekday_branch_operator to 2023-10-05T00:00:00+00:00, run_after=2023-10-06T00:00:00+00:00
[2023-10-07T04:07:10.277+0530] {processor.py:179} INFO - Processing /home/raj/Downloads/kafka_2.13-3.5.1/airflow-env/lib64/python3.11/site-packages/airflow/example_dags/example_branch_day_of_week_operator.py took 0.098 seconds
[2023-10-07T04:08:04.851+0530] {processor.py:157} INFO - Started process (PID=19238) to work on /home/raj/Downloads/kafka_2.13-3.5.1/airflow-env/lib64/python3.11/site-packages/airflow/example_dags/example_branch_day_of_week_operator.py
[2023-10-07T04:08:04.862+0530] {processor.py:829} INFO - Processing file /home/raj/Downloads/kafka_2.13-3.5.1/airflow-env/lib64/python3.11/site-packages/airflow/example_dags/example_branch_day_of_week_operator.py for tasks to queue
[2023-10-07T04:08:04.864+0530] {logging_mixin.py:151} INFO - [2023-10-07T04:08:04.863+0530] {dagbag.py:539} INFO - Filling up the DagBag from /home/raj/Downloads/kafka_2.13-3.5.1/airflow-env/lib64/python3.11/site-packages/airflow/example_dags/example_branch_day_of_week_operator.py
[2023-10-07T04:08:04.879+0530] {processor.py:839} INFO - DAG(s) dict_keys(['example_weekday_branch_operator']) retrieved from /home/raj/Downloads/kafka_2.13-3.5.1/airflow-env/lib64/python3.11/site-packages/airflow/example_dags/example_branch_day_of_week_operator.py
[2023-10-07T04:08:04.910+0530] {logging_mixin.py:151} INFO - [2023-10-07T04:08:04.909+0530] {dag.py:2915} INFO - Sync 1 DAGs
[2023-10-07T04:08:04.930+0530] {logging_mixin.py:151} INFO - [2023-10-07T04:08:04.929+0530] {dag.py:3696} INFO - Setting next_dagrun for example_weekday_branch_operator to 2023-10-05T00:00:00+00:00, run_after=2023-10-06T00:00:00+00:00
[2023-10-07T04:08:04.954+0530] {processor.py:179} INFO - Processing /home/raj/Downloads/kafka_2.13-3.5.1/airflow-env/lib64/python3.11/site-packages/airflow/example_dags/example_branch_day_of_week_operator.py took 0.108 seconds
[2023-10-07T04:08:59.397+0530] {processor.py:157} INFO - Started process (PID=19294) to work on /home/raj/Downloads/kafka_2.13-3.5.1/airflow-env/lib64/python3.11/site-packages/airflow/example_dags/example_branch_day_of_week_operator.py
[2023-10-07T04:08:59.408+0530] {processor.py:829} INFO - Processing file /home/raj/Downloads/kafka_2.13-3.5.1/airflow-env/lib64/python3.11/site-packages/airflow/example_dags/example_branch_day_of_week_operator.py for tasks to queue
[2023-10-07T04:08:59.410+0530] {logging_mixin.py:151} INFO - [2023-10-07T04:08:59.409+0530] {dagbag.py:539} INFO - Filling up the DagBag from /home/raj/Downloads/kafka_2.13-3.5.1/airflow-env/lib64/python3.11/site-packages/airflow/example_dags/example_branch_day_of_week_operator.py
[2023-10-07T04:08:59.426+0530] {processor.py:839} INFO - DAG(s) dict_keys(['example_weekday_branch_operator']) retrieved from /home/raj/Downloads/kafka_2.13-3.5.1/airflow-env/lib64/python3.11/site-packages/airflow/example_dags/example_branch_day_of_week_operator.py
[2023-10-07T04:08:59.456+0530] {logging_mixin.py:151} INFO - [2023-10-07T04:08:59.456+0530] {dag.py:2915} INFO - Sync 1 DAGs
[2023-10-07T04:08:59.477+0530] {logging_mixin.py:151} INFO - [2023-10-07T04:08:59.477+0530] {dag.py:3696} INFO - Setting next_dagrun for example_weekday_branch_operator to 2023-10-05T00:00:00+00:00, run_after=2023-10-06T00:00:00+00:00
[2023-10-07T04:08:59.498+0530] {processor.py:179} INFO - Processing /home/raj/Downloads/kafka_2.13-3.5.1/airflow-env/lib64/python3.11/site-packages/airflow/example_dags/example_branch_day_of_week_operator.py took 0.107 seconds
[2023-10-07T04:09:50.598+0530] {processor.py:157} INFO - Started process (PID=19349) to work on /home/raj/Downloads/kafka_2.13-3.5.1/airflow-env/lib64/python3.11/site-packages/airflow/example_dags/example_branch_day_of_week_operator.py
[2023-10-07T04:09:50.609+0530] {processor.py:829} INFO - Processing file /home/raj/Downloads/kafka_2.13-3.5.1/airflow-env/lib64/python3.11/site-packages/airflow/example_dags/example_branch_day_of_week_operator.py for tasks to queue
[2023-10-07T04:09:50.610+0530] {logging_mixin.py:151} INFO - [2023-10-07T04:09:50.609+0530] {dagbag.py:539} INFO - Filling up the DagBag from /home/raj/Downloads/kafka_2.13-3.5.1/airflow-env/lib64/python3.11/site-packages/airflow/example_dags/example_branch_day_of_week_operator.py
[2023-10-07T04:09:50.621+0530] {processor.py:839} INFO - DAG(s) dict_keys(['example_weekday_branch_operator']) retrieved from /home/raj/Downloads/kafka_2.13-3.5.1/airflow-env/lib64/python3.11/site-packages/airflow/example_dags/example_branch_day_of_week_operator.py
[2023-10-07T04:09:50.636+0530] {logging_mixin.py:151} INFO - [2023-10-07T04:09:50.636+0530] {dag.py:2915} INFO - Sync 1 DAGs
[2023-10-07T04:09:50.656+0530] {logging_mixin.py:151} INFO - [2023-10-07T04:09:50.655+0530] {dag.py:3696} INFO - Setting next_dagrun for example_weekday_branch_operator to 2023-10-05T00:00:00+00:00, run_after=2023-10-06T00:00:00+00:00
[2023-10-07T04:09:50.678+0530] {processor.py:179} INFO - Processing /home/raj/Downloads/kafka_2.13-3.5.1/airflow-env/lib64/python3.11/site-packages/airflow/example_dags/example_branch_day_of_week_operator.py took 0.086 seconds
[2023-10-07T04:10:39.884+0530] {processor.py:157} INFO - Started process (PID=19411) to work on /home/raj/Downloads/kafka_2.13-3.5.1/airflow-env/lib64/python3.11/site-packages/airflow/example_dags/example_branch_day_of_week_operator.py
[2023-10-07T04:10:39.895+0530] {processor.py:829} INFO - Processing file /home/raj/Downloads/kafka_2.13-3.5.1/airflow-env/lib64/python3.11/site-packages/airflow/example_dags/example_branch_day_of_week_operator.py for tasks to queue
[2023-10-07T04:10:39.896+0530] {logging_mixin.py:151} INFO - [2023-10-07T04:10:39.896+0530] {dagbag.py:539} INFO - Filling up the DagBag from /home/raj/Downloads/kafka_2.13-3.5.1/airflow-env/lib64/python3.11/site-packages/airflow/example_dags/example_branch_day_of_week_operator.py
[2023-10-07T04:10:39.911+0530] {processor.py:839} INFO - DAG(s) dict_keys(['example_weekday_branch_operator']) retrieved from /home/raj/Downloads/kafka_2.13-3.5.1/airflow-env/lib64/python3.11/site-packages/airflow/example_dags/example_branch_day_of_week_operator.py
[2023-10-07T04:10:39.942+0530] {logging_mixin.py:151} INFO - [2023-10-07T04:10:39.942+0530] {dag.py:2915} INFO - Sync 1 DAGs
[2023-10-07T04:10:39.960+0530] {logging_mixin.py:151} INFO - [2023-10-07T04:10:39.960+0530] {dag.py:3696} INFO - Setting next_dagrun for example_weekday_branch_operator to 2023-10-05T00:00:00+00:00, run_after=2023-10-06T00:00:00+00:00
[2023-10-07T04:10:39.979+0530] {processor.py:179} INFO - Processing /home/raj/Downloads/kafka_2.13-3.5.1/airflow-env/lib64/python3.11/site-packages/airflow/example_dags/example_branch_day_of_week_operator.py took 0.101 seconds
[2023-10-07T04:11:33.194+0530] {processor.py:157} INFO - Started process (PID=19475) to work on /home/raj/Downloads/kafka_2.13-3.5.1/airflow-env/lib64/python3.11/site-packages/airflow/example_dags/example_branch_day_of_week_operator.py
[2023-10-07T04:11:33.205+0530] {processor.py:829} INFO - Processing file /home/raj/Downloads/kafka_2.13-3.5.1/airflow-env/lib64/python3.11/site-packages/airflow/example_dags/example_branch_day_of_week_operator.py for tasks to queue
[2023-10-07T04:11:33.206+0530] {logging_mixin.py:151} INFO - [2023-10-07T04:11:33.205+0530] {dagbag.py:539} INFO - Filling up the DagBag from /home/raj/Downloads/kafka_2.13-3.5.1/airflow-env/lib64/python3.11/site-packages/airflow/example_dags/example_branch_day_of_week_operator.py
[2023-10-07T04:11:33.213+0530] {processor.py:839} INFO - DAG(s) dict_keys(['example_weekday_branch_operator']) retrieved from /home/raj/Downloads/kafka_2.13-3.5.1/airflow-env/lib64/python3.11/site-packages/airflow/example_dags/example_branch_day_of_week_operator.py
[2023-10-07T04:11:33.230+0530] {logging_mixin.py:151} INFO - [2023-10-07T04:11:33.229+0530] {dag.py:2915} INFO - Sync 1 DAGs
[2023-10-07T04:11:33.252+0530] {logging_mixin.py:151} INFO - [2023-10-07T04:11:33.251+0530] {dag.py:3696} INFO - Setting next_dagrun for example_weekday_branch_operator to 2023-10-05T00:00:00+00:00, run_after=2023-10-06T00:00:00+00:00
[2023-10-07T04:11:33.276+0530] {processor.py:179} INFO - Processing /home/raj/Downloads/kafka_2.13-3.5.1/airflow-env/lib64/python3.11/site-packages/airflow/example_dags/example_branch_day_of_week_operator.py took 0.086 seconds
[2023-10-07T04:12:26.549+0530] {processor.py:157} INFO - Started process (PID=19551) to work on /home/raj/Downloads/kafka_2.13-3.5.1/airflow-env/lib64/python3.11/site-packages/airflow/example_dags/example_branch_day_of_week_operator.py
[2023-10-07T04:12:26.560+0530] {processor.py:829} INFO - Processing file /home/raj/Downloads/kafka_2.13-3.5.1/airflow-env/lib64/python3.11/site-packages/airflow/example_dags/example_branch_day_of_week_operator.py for tasks to queue
[2023-10-07T04:12:26.561+0530] {logging_mixin.py:151} INFO - [2023-10-07T04:12:26.561+0530] {dagbag.py:539} INFO - Filling up the DagBag from /home/raj/Downloads/kafka_2.13-3.5.1/airflow-env/lib64/python3.11/site-packages/airflow/example_dags/example_branch_day_of_week_operator.py
[2023-10-07T04:12:26.576+0530] {processor.py:839} INFO - DAG(s) dict_keys(['example_weekday_branch_operator']) retrieved from /home/raj/Downloads/kafka_2.13-3.5.1/airflow-env/lib64/python3.11/site-packages/airflow/example_dags/example_branch_day_of_week_operator.py
[2023-10-07T04:12:26.607+0530] {logging_mixin.py:151} INFO - [2023-10-07T04:12:26.607+0530] {dag.py:2915} INFO - Sync 1 DAGs
[2023-10-07T04:12:26.625+0530] {logging_mixin.py:151} INFO - [2023-10-07T04:12:26.625+0530] {dag.py:3696} INFO - Setting next_dagrun for example_weekday_branch_operator to 2023-10-05T00:00:00+00:00, run_after=2023-10-06T00:00:00+00:00
[2023-10-07T04:12:26.645+0530] {processor.py:179} INFO - Processing /home/raj/Downloads/kafka_2.13-3.5.1/airflow-env/lib64/python3.11/site-packages/airflow/example_dags/example_branch_day_of_week_operator.py took 0.102 seconds
[2023-10-07T04:13:21.425+0530] {processor.py:157} INFO - Started process (PID=19606) to work on /home/raj/Downloads/kafka_2.13-3.5.1/airflow-env/lib64/python3.11/site-packages/airflow/example_dags/example_branch_day_of_week_operator.py
[2023-10-07T04:13:21.436+0530] {processor.py:829} INFO - Processing file /home/raj/Downloads/kafka_2.13-3.5.1/airflow-env/lib64/python3.11/site-packages/airflow/example_dags/example_branch_day_of_week_operator.py for tasks to queue
[2023-10-07T04:13:21.438+0530] {logging_mixin.py:151} INFO - [2023-10-07T04:13:21.437+0530] {dagbag.py:539} INFO - Filling up the DagBag from /home/raj/Downloads/kafka_2.13-3.5.1/airflow-env/lib64/python3.11/site-packages/airflow/example_dags/example_branch_day_of_week_operator.py
[2023-10-07T04:13:21.458+0530] {processor.py:839} INFO - DAG(s) dict_keys(['example_weekday_branch_operator']) retrieved from /home/raj/Downloads/kafka_2.13-3.5.1/airflow-env/lib64/python3.11/site-packages/airflow/example_dags/example_branch_day_of_week_operator.py
[2023-10-07T04:13:21.478+0530] {logging_mixin.py:151} INFO - [2023-10-07T04:13:21.478+0530] {dag.py:2915} INFO - Sync 1 DAGs
[2023-10-07T04:13:21.502+0530] {logging_mixin.py:151} INFO - [2023-10-07T04:13:21.502+0530] {dag.py:3696} INFO - Setting next_dagrun for example_weekday_branch_operator to 2023-10-05T00:00:00+00:00, run_after=2023-10-06T00:00:00+00:00
[2023-10-07T04:13:21.542+0530] {processor.py:179} INFO - Processing /home/raj/Downloads/kafka_2.13-3.5.1/airflow-env/lib64/python3.11/site-packages/airflow/example_dags/example_branch_day_of_week_operator.py took 0.124 seconds
[2023-10-07T04:14:12.331+0530] {processor.py:157} INFO - Started process (PID=19659) to work on /home/raj/Downloads/kafka_2.13-3.5.1/airflow-env/lib64/python3.11/site-packages/airflow/example_dags/example_branch_day_of_week_operator.py
[2023-10-07T04:14:12.342+0530] {processor.py:829} INFO - Processing file /home/raj/Downloads/kafka_2.13-3.5.1/airflow-env/lib64/python3.11/site-packages/airflow/example_dags/example_branch_day_of_week_operator.py for tasks to queue
[2023-10-07T04:14:12.344+0530] {logging_mixin.py:151} INFO - [2023-10-07T04:14:12.343+0530] {dagbag.py:539} INFO - Filling up the DagBag from /home/raj/Downloads/kafka_2.13-3.5.1/airflow-env/lib64/python3.11/site-packages/airflow/example_dags/example_branch_day_of_week_operator.py
[2023-10-07T04:14:12.361+0530] {processor.py:839} INFO - DAG(s) dict_keys(['example_weekday_branch_operator']) retrieved from /home/raj/Downloads/kafka_2.13-3.5.1/airflow-env/lib64/python3.11/site-packages/airflow/example_dags/example_branch_day_of_week_operator.py
[2023-10-07T04:14:12.389+0530] {logging_mixin.py:151} INFO - [2023-10-07T04:14:12.388+0530] {dag.py:2915} INFO - Sync 1 DAGs
[2023-10-07T04:14:12.405+0530] {logging_mixin.py:151} INFO - [2023-10-07T04:14:12.405+0530] {dag.py:3696} INFO - Setting next_dagrun for example_weekday_branch_operator to 2023-10-05T00:00:00+00:00, run_after=2023-10-06T00:00:00+00:00
[2023-10-07T04:14:12.422+0530] {processor.py:179} INFO - Processing /home/raj/Downloads/kafka_2.13-3.5.1/airflow-env/lib64/python3.11/site-packages/airflow/example_dags/example_branch_day_of_week_operator.py took 0.096 seconds
[2023-10-07T04:15:02.659+0530] {processor.py:157} INFO - Started process (PID=19724) to work on /home/raj/Downloads/kafka_2.13-3.5.1/airflow-env/lib64/python3.11/site-packages/airflow/example_dags/example_branch_day_of_week_operator.py
[2023-10-07T04:15:02.670+0530] {processor.py:829} INFO - Processing file /home/raj/Downloads/kafka_2.13-3.5.1/airflow-env/lib64/python3.11/site-packages/airflow/example_dags/example_branch_day_of_week_operator.py for tasks to queue
[2023-10-07T04:15:02.671+0530] {logging_mixin.py:151} INFO - [2023-10-07T04:15:02.671+0530] {dagbag.py:539} INFO - Filling up the DagBag from /home/raj/Downloads/kafka_2.13-3.5.1/airflow-env/lib64/python3.11/site-packages/airflow/example_dags/example_branch_day_of_week_operator.py
[2023-10-07T04:15:02.682+0530] {processor.py:839} INFO - DAG(s) dict_keys(['example_weekday_branch_operator']) retrieved from /home/raj/Downloads/kafka_2.13-3.5.1/airflow-env/lib64/python3.11/site-packages/airflow/example_dags/example_branch_day_of_week_operator.py
[2023-10-07T04:15:02.699+0530] {logging_mixin.py:151} INFO - [2023-10-07T04:15:02.699+0530] {dag.py:2915} INFO - Sync 1 DAGs
[2023-10-07T04:15:02.719+0530] {logging_mixin.py:151} INFO - [2023-10-07T04:15:02.718+0530] {dag.py:3696} INFO - Setting next_dagrun for example_weekday_branch_operator to 2023-10-05T00:00:00+00:00, run_after=2023-10-06T00:00:00+00:00
[2023-10-07T04:15:02.739+0530] {processor.py:179} INFO - Processing /home/raj/Downloads/kafka_2.13-3.5.1/airflow-env/lib64/python3.11/site-packages/airflow/example_dags/example_branch_day_of_week_operator.py took 0.085 seconds
[2023-10-07T04:15:52.314+0530] {processor.py:157} INFO - Started process (PID=19815) to work on /home/raj/Downloads/kafka_2.13-3.5.1/airflow-env/lib64/python3.11/site-packages/airflow/example_dags/example_branch_day_of_week_operator.py
[2023-10-07T04:15:52.325+0530] {processor.py:829} INFO - Processing file /home/raj/Downloads/kafka_2.13-3.5.1/airflow-env/lib64/python3.11/site-packages/airflow/example_dags/example_branch_day_of_week_operator.py for tasks to queue
[2023-10-07T04:15:52.325+0530] {logging_mixin.py:151} INFO - [2023-10-07T04:15:52.325+0530] {dagbag.py:539} INFO - Filling up the DagBag from /home/raj/Downloads/kafka_2.13-3.5.1/airflow-env/lib64/python3.11/site-packages/airflow/example_dags/example_branch_day_of_week_operator.py
[2023-10-07T04:15:52.332+0530] {processor.py:839} INFO - DAG(s) dict_keys(['example_weekday_branch_operator']) retrieved from /home/raj/Downloads/kafka_2.13-3.5.1/airflow-env/lib64/python3.11/site-packages/airflow/example_dags/example_branch_day_of_week_operator.py
[2023-10-07T04:15:52.346+0530] {logging_mixin.py:151} INFO - [2023-10-07T04:15:52.346+0530] {dag.py:2915} INFO - Sync 1 DAGs
[2023-10-07T04:15:52.363+0530] {logging_mixin.py:151} INFO - [2023-10-07T04:15:52.363+0530] {dag.py:3696} INFO - Setting next_dagrun for example_weekday_branch_operator to 2023-10-05T00:00:00+00:00, run_after=2023-10-06T00:00:00+00:00
[2023-10-07T04:15:52.384+0530] {processor.py:179} INFO - Processing /home/raj/Downloads/kafka_2.13-3.5.1/airflow-env/lib64/python3.11/site-packages/airflow/example_dags/example_branch_day_of_week_operator.py took 0.077 seconds
[2023-10-07T04:16:46.727+0530] {processor.py:157} INFO - Started process (PID=19875) to work on /home/raj/Downloads/kafka_2.13-3.5.1/airflow-env/lib64/python3.11/site-packages/airflow/example_dags/example_branch_day_of_week_operator.py
[2023-10-07T04:16:46.739+0530] {processor.py:829} INFO - Processing file /home/raj/Downloads/kafka_2.13-3.5.1/airflow-env/lib64/python3.11/site-packages/airflow/example_dags/example_branch_day_of_week_operator.py for tasks to queue
[2023-10-07T04:16:46.740+0530] {logging_mixin.py:151} INFO - [2023-10-07T04:16:46.740+0530] {dagbag.py:539} INFO - Filling up the DagBag from /home/raj/Downloads/kafka_2.13-3.5.1/airflow-env/lib64/python3.11/site-packages/airflow/example_dags/example_branch_day_of_week_operator.py
[2023-10-07T04:16:46.755+0530] {processor.py:839} INFO - DAG(s) dict_keys(['example_weekday_branch_operator']) retrieved from /home/raj/Downloads/kafka_2.13-3.5.1/airflow-env/lib64/python3.11/site-packages/airflow/example_dags/example_branch_day_of_week_operator.py
[2023-10-07T04:16:46.787+0530] {logging_mixin.py:151} INFO - [2023-10-07T04:16:46.787+0530] {dag.py:2915} INFO - Sync 1 DAGs
[2023-10-07T04:16:46.804+0530] {logging_mixin.py:151} INFO - [2023-10-07T04:16:46.803+0530] {dag.py:3696} INFO - Setting next_dagrun for example_weekday_branch_operator to 2023-10-05T00:00:00+00:00, run_after=2023-10-06T00:00:00+00:00
[2023-10-07T04:16:46.822+0530] {processor.py:179} INFO - Processing /home/raj/Downloads/kafka_2.13-3.5.1/airflow-env/lib64/python3.11/site-packages/airflow/example_dags/example_branch_day_of_week_operator.py took 0.100 seconds
[2023-10-07T04:17:37.235+0530] {processor.py:157} INFO - Started process (PID=19931) to work on /home/raj/Downloads/kafka_2.13-3.5.1/airflow-env/lib64/python3.11/site-packages/airflow/example_dags/example_branch_day_of_week_operator.py
[2023-10-07T04:17:37.246+0530] {processor.py:829} INFO - Processing file /home/raj/Downloads/kafka_2.13-3.5.1/airflow-env/lib64/python3.11/site-packages/airflow/example_dags/example_branch_day_of_week_operator.py for tasks to queue
[2023-10-07T04:17:37.248+0530] {logging_mixin.py:151} INFO - [2023-10-07T04:17:37.247+0530] {dagbag.py:539} INFO - Filling up the DagBag from /home/raj/Downloads/kafka_2.13-3.5.1/airflow-env/lib64/python3.11/site-packages/airflow/example_dags/example_branch_day_of_week_operator.py
[2023-10-07T04:17:37.264+0530] {processor.py:839} INFO - DAG(s) dict_keys(['example_weekday_branch_operator']) retrieved from /home/raj/Downloads/kafka_2.13-3.5.1/airflow-env/lib64/python3.11/site-packages/airflow/example_dags/example_branch_day_of_week_operator.py
[2023-10-07T04:17:37.296+0530] {logging_mixin.py:151} INFO - [2023-10-07T04:17:37.296+0530] {dag.py:2915} INFO - Sync 1 DAGs
[2023-10-07T04:17:37.313+0530] {logging_mixin.py:151} INFO - [2023-10-07T04:17:37.312+0530] {dag.py:3696} INFO - Setting next_dagrun for example_weekday_branch_operator to 2023-10-05T00:00:00+00:00, run_after=2023-10-06T00:00:00+00:00
[2023-10-07T04:17:37.330+0530] {processor.py:179} INFO - Processing /home/raj/Downloads/kafka_2.13-3.5.1/airflow-env/lib64/python3.11/site-packages/airflow/example_dags/example_branch_day_of_week_operator.py took 0.101 seconds
[2023-10-07T04:18:28.141+0530] {processor.py:157} INFO - Started process (PID=19984) to work on /home/raj/Downloads/kafka_2.13-3.5.1/airflow-env/lib64/python3.11/site-packages/airflow/example_dags/example_branch_day_of_week_operator.py
[2023-10-07T04:18:28.152+0530] {processor.py:829} INFO - Processing file /home/raj/Downloads/kafka_2.13-3.5.1/airflow-env/lib64/python3.11/site-packages/airflow/example_dags/example_branch_day_of_week_operator.py for tasks to queue
[2023-10-07T04:18:28.154+0530] {logging_mixin.py:151} INFO - [2023-10-07T04:18:28.153+0530] {dagbag.py:539} INFO - Filling up the DagBag from /home/raj/Downloads/kafka_2.13-3.5.1/airflow-env/lib64/python3.11/site-packages/airflow/example_dags/example_branch_day_of_week_operator.py
[2023-10-07T04:18:28.169+0530] {processor.py:839} INFO - DAG(s) dict_keys(['example_weekday_branch_operator']) retrieved from /home/raj/Downloads/kafka_2.13-3.5.1/airflow-env/lib64/python3.11/site-packages/airflow/example_dags/example_branch_day_of_week_operator.py
[2023-10-07T04:18:28.200+0530] {logging_mixin.py:151} INFO - [2023-10-07T04:18:28.200+0530] {dag.py:2915} INFO - Sync 1 DAGs
[2023-10-07T04:18:28.218+0530] {logging_mixin.py:151} INFO - [2023-10-07T04:18:28.218+0530] {dag.py:3696} INFO - Setting next_dagrun for example_weekday_branch_operator to 2023-10-05T00:00:00+00:00, run_after=2023-10-06T00:00:00+00:00
[2023-10-07T04:18:28.240+0530] {processor.py:179} INFO - Processing /home/raj/Downloads/kafka_2.13-3.5.1/airflow-env/lib64/python3.11/site-packages/airflow/example_dags/example_branch_day_of_week_operator.py took 0.104 seconds
[2023-10-07T04:19:21.644+0530] {processor.py:157} INFO - Started process (PID=20038) to work on /home/raj/Downloads/kafka_2.13-3.5.1/airflow-env/lib64/python3.11/site-packages/airflow/example_dags/example_branch_day_of_week_operator.py
[2023-10-07T04:19:21.656+0530] {processor.py:829} INFO - Processing file /home/raj/Downloads/kafka_2.13-3.5.1/airflow-env/lib64/python3.11/site-packages/airflow/example_dags/example_branch_day_of_week_operator.py for tasks to queue
[2023-10-07T04:19:21.658+0530] {logging_mixin.py:151} INFO - [2023-10-07T04:19:21.657+0530] {dagbag.py:539} INFO - Filling up the DagBag from /home/raj/Downloads/kafka_2.13-3.5.1/airflow-env/lib64/python3.11/site-packages/airflow/example_dags/example_branch_day_of_week_operator.py
[2023-10-07T04:19:21.673+0530] {processor.py:839} INFO - DAG(s) dict_keys(['example_weekday_branch_operator']) retrieved from /home/raj/Downloads/kafka_2.13-3.5.1/airflow-env/lib64/python3.11/site-packages/airflow/example_dags/example_branch_day_of_week_operator.py
[2023-10-07T04:19:21.704+0530] {logging_mixin.py:151} INFO - [2023-10-07T04:19:21.704+0530] {dag.py:2915} INFO - Sync 1 DAGs
[2023-10-07T04:19:21.720+0530] {logging_mixin.py:151} INFO - [2023-10-07T04:19:21.720+0530] {dag.py:3696} INFO - Setting next_dagrun for example_weekday_branch_operator to 2023-10-05T00:00:00+00:00, run_after=2023-10-06T00:00:00+00:00
[2023-10-07T04:19:21.740+0530] {processor.py:179} INFO - Processing /home/raj/Downloads/kafka_2.13-3.5.1/airflow-env/lib64/python3.11/site-packages/airflow/example_dags/example_branch_day_of_week_operator.py took 0.101 seconds
[2023-10-07T04:20:18.823+0530] {processor.py:157} INFO - Started process (PID=20388) to work on /home/raj/Downloads/kafka_2.13-3.5.1/airflow-env/lib64/python3.11/site-packages/airflow/example_dags/example_branch_day_of_week_operator.py
[2023-10-07T04:20:18.834+0530] {processor.py:829} INFO - Processing file /home/raj/Downloads/kafka_2.13-3.5.1/airflow-env/lib64/python3.11/site-packages/airflow/example_dags/example_branch_day_of_week_operator.py for tasks to queue
[2023-10-07T04:20:18.836+0530] {logging_mixin.py:151} INFO - [2023-10-07T04:20:18.835+0530] {dagbag.py:539} INFO - Filling up the DagBag from /home/raj/Downloads/kafka_2.13-3.5.1/airflow-env/lib64/python3.11/site-packages/airflow/example_dags/example_branch_day_of_week_operator.py
[2023-10-07T04:20:18.853+0530] {processor.py:839} INFO - DAG(s) dict_keys(['example_weekday_branch_operator']) retrieved from /home/raj/Downloads/kafka_2.13-3.5.1/airflow-env/lib64/python3.11/site-packages/airflow/example_dags/example_branch_day_of_week_operator.py
[2023-10-07T04:20:18.882+0530] {logging_mixin.py:151} INFO - [2023-10-07T04:20:18.881+0530] {dag.py:2915} INFO - Sync 1 DAGs
[2023-10-07T04:20:18.907+0530] {logging_mixin.py:151} INFO - [2023-10-07T04:20:18.907+0530] {dag.py:3696} INFO - Setting next_dagrun for example_weekday_branch_operator to 2023-10-05T00:00:00+00:00, run_after=2023-10-06T00:00:00+00:00
[2023-10-07T04:20:18.933+0530] {processor.py:179} INFO - Processing /home/raj/Downloads/kafka_2.13-3.5.1/airflow-env/lib64/python3.11/site-packages/airflow/example_dags/example_branch_day_of_week_operator.py took 0.116 seconds
[2023-10-07T04:21:14.354+0530] {processor.py:157} INFO - Started process (PID=20578) to work on /home/raj/Downloads/kafka_2.13-3.5.1/airflow-env/lib64/python3.11/site-packages/airflow/example_dags/example_branch_day_of_week_operator.py
[2023-10-07T04:21:14.364+0530] {processor.py:829} INFO - Processing file /home/raj/Downloads/kafka_2.13-3.5.1/airflow-env/lib64/python3.11/site-packages/airflow/example_dags/example_branch_day_of_week_operator.py for tasks to queue
[2023-10-07T04:21:14.365+0530] {logging_mixin.py:151} INFO - [2023-10-07T04:21:14.365+0530] {dagbag.py:539} INFO - Filling up the DagBag from /home/raj/Downloads/kafka_2.13-3.5.1/airflow-env/lib64/python3.11/site-packages/airflow/example_dags/example_branch_day_of_week_operator.py
[2023-10-07T04:21:14.372+0530] {processor.py:839} INFO - DAG(s) dict_keys(['example_weekday_branch_operator']) retrieved from /home/raj/Downloads/kafka_2.13-3.5.1/airflow-env/lib64/python3.11/site-packages/airflow/example_dags/example_branch_day_of_week_operator.py
[2023-10-07T04:21:14.387+0530] {logging_mixin.py:151} INFO - [2023-10-07T04:21:14.387+0530] {dag.py:2915} INFO - Sync 1 DAGs
[2023-10-07T04:21:14.407+0530] {logging_mixin.py:151} INFO - [2023-10-07T04:21:14.407+0530] {dag.py:3696} INFO - Setting next_dagrun for example_weekday_branch_operator to 2023-10-05T00:00:00+00:00, run_after=2023-10-06T00:00:00+00:00
[2023-10-07T04:21:14.429+0530] {processor.py:179} INFO - Processing /home/raj/Downloads/kafka_2.13-3.5.1/airflow-env/lib64/python3.11/site-packages/airflow/example_dags/example_branch_day_of_week_operator.py took 0.080 seconds
[2023-10-07T04:22:02.821+0530] {processor.py:157} INFO - Started process (PID=20748) to work on /home/raj/Downloads/kafka_2.13-3.5.1/airflow-env/lib64/python3.11/site-packages/airflow/example_dags/example_branch_day_of_week_operator.py
[2023-10-07T04:22:02.832+0530] {processor.py:829} INFO - Processing file /home/raj/Downloads/kafka_2.13-3.5.1/airflow-env/lib64/python3.11/site-packages/airflow/example_dags/example_branch_day_of_week_operator.py for tasks to queue
[2023-10-07T04:22:02.833+0530] {logging_mixin.py:151} INFO - [2023-10-07T04:22:02.832+0530] {dagbag.py:539} INFO - Filling up the DagBag from /home/raj/Downloads/kafka_2.13-3.5.1/airflow-env/lib64/python3.11/site-packages/airflow/example_dags/example_branch_day_of_week_operator.py
[2023-10-07T04:22:02.842+0530] {processor.py:839} INFO - DAG(s) dict_keys(['example_weekday_branch_operator']) retrieved from /home/raj/Downloads/kafka_2.13-3.5.1/airflow-env/lib64/python3.11/site-packages/airflow/example_dags/example_branch_day_of_week_operator.py
[2023-10-07T04:22:02.862+0530] {logging_mixin.py:151} INFO - [2023-10-07T04:22:02.862+0530] {dag.py:2915} INFO - Sync 1 DAGs
[2023-10-07T04:22:02.887+0530] {logging_mixin.py:151} INFO - [2023-10-07T04:22:02.887+0530] {dag.py:3696} INFO - Setting next_dagrun for example_weekday_branch_operator to 2023-10-05T00:00:00+00:00, run_after=2023-10-06T00:00:00+00:00
[2023-10-07T04:22:02.912+0530] {processor.py:179} INFO - Processing /home/raj/Downloads/kafka_2.13-3.5.1/airflow-env/lib64/python3.11/site-packages/airflow/example_dags/example_branch_day_of_week_operator.py took 0.093 seconds
[2023-10-07T04:22:53.518+0530] {processor.py:157} INFO - Started process (PID=20850) to work on /home/raj/Downloads/kafka_2.13-3.5.1/airflow-env/lib64/python3.11/site-packages/airflow/example_dags/example_branch_day_of_week_operator.py
[2023-10-07T04:22:53.530+0530] {processor.py:829} INFO - Processing file /home/raj/Downloads/kafka_2.13-3.5.1/airflow-env/lib64/python3.11/site-packages/airflow/example_dags/example_branch_day_of_week_operator.py for tasks to queue
[2023-10-07T04:22:53.531+0530] {logging_mixin.py:151} INFO - [2023-10-07T04:22:53.530+0530] {dagbag.py:539} INFO - Filling up the DagBag from /home/raj/Downloads/kafka_2.13-3.5.1/airflow-env/lib64/python3.11/site-packages/airflow/example_dags/example_branch_day_of_week_operator.py
[2023-10-07T04:22:53.547+0530] {processor.py:839} INFO - DAG(s) dict_keys(['example_weekday_branch_operator']) retrieved from /home/raj/Downloads/kafka_2.13-3.5.1/airflow-env/lib64/python3.11/site-packages/airflow/example_dags/example_branch_day_of_week_operator.py
[2023-10-07T04:22:53.576+0530] {logging_mixin.py:151} INFO - [2023-10-07T04:22:53.576+0530] {dag.py:2915} INFO - Sync 1 DAGs
[2023-10-07T04:22:53.598+0530] {logging_mixin.py:151} INFO - [2023-10-07T04:22:53.598+0530] {dag.py:3696} INFO - Setting next_dagrun for example_weekday_branch_operator to 2023-10-05T00:00:00+00:00, run_after=2023-10-06T00:00:00+00:00
[2023-10-07T04:22:53.619+0530] {processor.py:179} INFO - Processing /home/raj/Downloads/kafka_2.13-3.5.1/airflow-env/lib64/python3.11/site-packages/airflow/example_dags/example_branch_day_of_week_operator.py took 0.106 seconds
[2023-10-07T04:23:45.551+0530] {processor.py:157} INFO - Started process (PID=20953) to work on /home/raj/Downloads/kafka_2.13-3.5.1/airflow-env/lib64/python3.11/site-packages/airflow/example_dags/example_branch_day_of_week_operator.py
[2023-10-07T04:23:45.562+0530] {processor.py:829} INFO - Processing file /home/raj/Downloads/kafka_2.13-3.5.1/airflow-env/lib64/python3.11/site-packages/airflow/example_dags/example_branch_day_of_week_operator.py for tasks to queue
[2023-10-07T04:23:45.563+0530] {logging_mixin.py:151} INFO - [2023-10-07T04:23:45.562+0530] {dagbag.py:539} INFO - Filling up the DagBag from /home/raj/Downloads/kafka_2.13-3.5.1/airflow-env/lib64/python3.11/site-packages/airflow/example_dags/example_branch_day_of_week_operator.py
[2023-10-07T04:23:45.570+0530] {processor.py:839} INFO - DAG(s) dict_keys(['example_weekday_branch_operator']) retrieved from /home/raj/Downloads/kafka_2.13-3.5.1/airflow-env/lib64/python3.11/site-packages/airflow/example_dags/example_branch_day_of_week_operator.py
[2023-10-07T04:23:45.585+0530] {logging_mixin.py:151} INFO - [2023-10-07T04:23:45.585+0530] {dag.py:2915} INFO - Sync 1 DAGs
[2023-10-07T04:23:45.603+0530] {logging_mixin.py:151} INFO - [2023-10-07T04:23:45.603+0530] {dag.py:3696} INFO - Setting next_dagrun for example_weekday_branch_operator to 2023-10-05T00:00:00+00:00, run_after=2023-10-06T00:00:00+00:00
[2023-10-07T04:23:45.627+0530] {processor.py:179} INFO - Processing /home/raj/Downloads/kafka_2.13-3.5.1/airflow-env/lib64/python3.11/site-packages/airflow/example_dags/example_branch_day_of_week_operator.py took 0.083 seconds
[2023-10-07T04:24:35.652+0530] {processor.py:157} INFO - Started process (PID=21078) to work on /home/raj/Downloads/kafka_2.13-3.5.1/airflow-env/lib64/python3.11/site-packages/airflow/example_dags/example_branch_day_of_week_operator.py
[2023-10-07T04:24:35.664+0530] {processor.py:829} INFO - Processing file /home/raj/Downloads/kafka_2.13-3.5.1/airflow-env/lib64/python3.11/site-packages/airflow/example_dags/example_branch_day_of_week_operator.py for tasks to queue
[2023-10-07T04:24:35.666+0530] {logging_mixin.py:151} INFO - [2023-10-07T04:24:35.665+0530] {dagbag.py:539} INFO - Filling up the DagBag from /home/raj/Downloads/kafka_2.13-3.5.1/airflow-env/lib64/python3.11/site-packages/airflow/example_dags/example_branch_day_of_week_operator.py
[2023-10-07T04:24:35.681+0530] {processor.py:839} INFO - DAG(s) dict_keys(['example_weekday_branch_operator']) retrieved from /home/raj/Downloads/kafka_2.13-3.5.1/airflow-env/lib64/python3.11/site-packages/airflow/example_dags/example_branch_day_of_week_operator.py
[2023-10-07T04:24:35.712+0530] {logging_mixin.py:151} INFO - [2023-10-07T04:24:35.712+0530] {dag.py:2915} INFO - Sync 1 DAGs
[2023-10-07T04:24:35.732+0530] {logging_mixin.py:151} INFO - [2023-10-07T04:24:35.732+0530] {dag.py:3696} INFO - Setting next_dagrun for example_weekday_branch_operator to 2023-10-05T00:00:00+00:00, run_after=2023-10-06T00:00:00+00:00
[2023-10-07T04:24:35.752+0530] {processor.py:179} INFO - Processing /home/raj/Downloads/kafka_2.13-3.5.1/airflow-env/lib64/python3.11/site-packages/airflow/example_dags/example_branch_day_of_week_operator.py took 0.105 seconds
[2023-10-07T04:25:26.741+0530] {processor.py:157} INFO - Started process (PID=21168) to work on /home/raj/Downloads/kafka_2.13-3.5.1/airflow-env/lib64/python3.11/site-packages/airflow/example_dags/example_branch_day_of_week_operator.py
[2023-10-07T04:25:26.753+0530] {processor.py:829} INFO - Processing file /home/raj/Downloads/kafka_2.13-3.5.1/airflow-env/lib64/python3.11/site-packages/airflow/example_dags/example_branch_day_of_week_operator.py for tasks to queue
[2023-10-07T04:25:26.754+0530] {logging_mixin.py:151} INFO - [2023-10-07T04:25:26.754+0530] {dagbag.py:539} INFO - Filling up the DagBag from /home/raj/Downloads/kafka_2.13-3.5.1/airflow-env/lib64/python3.11/site-packages/airflow/example_dags/example_branch_day_of_week_operator.py
[2023-10-07T04:25:26.761+0530] {processor.py:839} INFO - DAG(s) dict_keys(['example_weekday_branch_operator']) retrieved from /home/raj/Downloads/kafka_2.13-3.5.1/airflow-env/lib64/python3.11/site-packages/airflow/example_dags/example_branch_day_of_week_operator.py
[2023-10-07T04:25:26.775+0530] {logging_mixin.py:151} INFO - [2023-10-07T04:25:26.775+0530] {dag.py:2915} INFO - Sync 1 DAGs
[2023-10-07T04:25:26.792+0530] {logging_mixin.py:151} INFO - [2023-10-07T04:25:26.792+0530] {dag.py:3696} INFO - Setting next_dagrun for example_weekday_branch_operator to 2023-10-05T00:00:00+00:00, run_after=2023-10-06T00:00:00+00:00
[2023-10-07T04:25:26.813+0530] {processor.py:179} INFO - Processing /home/raj/Downloads/kafka_2.13-3.5.1/airflow-env/lib64/python3.11/site-packages/airflow/example_dags/example_branch_day_of_week_operator.py took 0.077 seconds
[2023-10-07T04:26:19.872+0530] {processor.py:157} INFO - Started process (PID=21329) to work on /home/raj/Downloads/kafka_2.13-3.5.1/airflow-env/lib64/python3.11/site-packages/airflow/example_dags/example_branch_day_of_week_operator.py
[2023-10-07T04:26:19.873+0530] {processor.py:829} INFO - Processing file /home/raj/Downloads/kafka_2.13-3.5.1/airflow-env/lib64/python3.11/site-packages/airflow/example_dags/example_branch_day_of_week_operator.py for tasks to queue
[2023-10-07T04:26:19.874+0530] {logging_mixin.py:151} INFO - [2023-10-07T04:26:19.874+0530] {dagbag.py:539} INFO - Filling up the DagBag from /home/raj/Downloads/kafka_2.13-3.5.1/airflow-env/lib64/python3.11/site-packages/airflow/example_dags/example_branch_day_of_week_operator.py
[2023-10-07T04:26:19.882+0530] {processor.py:839} INFO - DAG(s) dict_keys(['example_weekday_branch_operator']) retrieved from /home/raj/Downloads/kafka_2.13-3.5.1/airflow-env/lib64/python3.11/site-packages/airflow/example_dags/example_branch_day_of_week_operator.py
[2023-10-07T04:26:19.899+0530] {logging_mixin.py:151} INFO - [2023-10-07T04:26:19.899+0530] {dag.py:2915} INFO - Sync 1 DAGs
[2023-10-07T04:26:19.919+0530] {logging_mixin.py:151} INFO - [2023-10-07T04:26:19.919+0530] {dag.py:3696} INFO - Setting next_dagrun for example_weekday_branch_operator to 2023-10-05T00:00:00+00:00, run_after=2023-10-06T00:00:00+00:00
[2023-10-07T04:26:19.939+0530] {processor.py:179} INFO - Processing /home/raj/Downloads/kafka_2.13-3.5.1/airflow-env/lib64/python3.11/site-packages/airflow/example_dags/example_branch_day_of_week_operator.py took 0.070 seconds
[2023-10-07T04:27:08.072+0530] {processor.py:157} INFO - Started process (PID=21455) to work on /home/raj/Downloads/kafka_2.13-3.5.1/airflow-env/lib64/python3.11/site-packages/airflow/example_dags/example_branch_day_of_week_operator.py
[2023-10-07T04:27:08.083+0530] {processor.py:829} INFO - Processing file /home/raj/Downloads/kafka_2.13-3.5.1/airflow-env/lib64/python3.11/site-packages/airflow/example_dags/example_branch_day_of_week_operator.py for tasks to queue
[2023-10-07T04:27:08.085+0530] {logging_mixin.py:151} INFO - [2023-10-07T04:27:08.084+0530] {dagbag.py:539} INFO - Filling up the DagBag from /home/raj/Downloads/kafka_2.13-3.5.1/airflow-env/lib64/python3.11/site-packages/airflow/example_dags/example_branch_day_of_week_operator.py
[2023-10-07T04:27:08.098+0530] {processor.py:839} INFO - DAG(s) dict_keys(['example_weekday_branch_operator']) retrieved from /home/raj/Downloads/kafka_2.13-3.5.1/airflow-env/lib64/python3.11/site-packages/airflow/example_dags/example_branch_day_of_week_operator.py
[2023-10-07T04:27:08.117+0530] {logging_mixin.py:151} INFO - [2023-10-07T04:27:08.117+0530] {dag.py:2915} INFO - Sync 1 DAGs
[2023-10-07T04:27:08.140+0530] {logging_mixin.py:151} INFO - [2023-10-07T04:27:08.139+0530] {dag.py:3696} INFO - Setting next_dagrun for example_weekday_branch_operator to 2023-10-05T00:00:00+00:00, run_after=2023-10-06T00:00:00+00:00
[2023-10-07T04:27:08.165+0530] {processor.py:179} INFO - Processing /home/raj/Downloads/kafka_2.13-3.5.1/airflow-env/lib64/python3.11/site-packages/airflow/example_dags/example_branch_day_of_week_operator.py took 0.097 seconds
[2023-10-07T04:28:01.653+0530] {processor.py:157} INFO - Started process (PID=21588) to work on /home/raj/Downloads/kafka_2.13-3.5.1/airflow-env/lib64/python3.11/site-packages/airflow/example_dags/example_branch_day_of_week_operator.py
[2023-10-07T04:28:01.664+0530] {processor.py:829} INFO - Processing file /home/raj/Downloads/kafka_2.13-3.5.1/airflow-env/lib64/python3.11/site-packages/airflow/example_dags/example_branch_day_of_week_operator.py for tasks to queue
[2023-10-07T04:28:01.665+0530] {logging_mixin.py:151} INFO - [2023-10-07T04:28:01.664+0530] {dagbag.py:539} INFO - Filling up the DagBag from /home/raj/Downloads/kafka_2.13-3.5.1/airflow-env/lib64/python3.11/site-packages/airflow/example_dags/example_branch_day_of_week_operator.py
[2023-10-07T04:28:01.672+0530] {processor.py:839} INFO - DAG(s) dict_keys(['example_weekday_branch_operator']) retrieved from /home/raj/Downloads/kafka_2.13-3.5.1/airflow-env/lib64/python3.11/site-packages/airflow/example_dags/example_branch_day_of_week_operator.py
[2023-10-07T04:28:01.689+0530] {logging_mixin.py:151} INFO - [2023-10-07T04:28:01.689+0530] {dag.py:2915} INFO - Sync 1 DAGs
[2023-10-07T04:28:01.710+0530] {logging_mixin.py:151} INFO - [2023-10-07T04:28:01.710+0530] {dag.py:3696} INFO - Setting next_dagrun for example_weekday_branch_operator to 2023-10-05T00:00:00+00:00, run_after=2023-10-06T00:00:00+00:00
[2023-10-07T04:28:01.732+0530] {processor.py:179} INFO - Processing /home/raj/Downloads/kafka_2.13-3.5.1/airflow-env/lib64/python3.11/site-packages/airflow/example_dags/example_branch_day_of_week_operator.py took 0.081 seconds
[2023-10-07T04:28:56.257+0530] {processor.py:157} INFO - Started process (PID=21724) to work on /home/raj/Downloads/kafka_2.13-3.5.1/airflow-env/lib64/python3.11/site-packages/airflow/example_dags/example_branch_day_of_week_operator.py
[2023-10-07T04:28:56.269+0530] {processor.py:829} INFO - Processing file /home/raj/Downloads/kafka_2.13-3.5.1/airflow-env/lib64/python3.11/site-packages/airflow/example_dags/example_branch_day_of_week_operator.py for tasks to queue
[2023-10-07T04:28:56.270+0530] {logging_mixin.py:151} INFO - [2023-10-07T04:28:56.270+0530] {dagbag.py:539} INFO - Filling up the DagBag from /home/raj/Downloads/kafka_2.13-3.5.1/airflow-env/lib64/python3.11/site-packages/airflow/example_dags/example_branch_day_of_week_operator.py
[2023-10-07T04:28:56.288+0530] {processor.py:839} INFO - DAG(s) dict_keys(['example_weekday_branch_operator']) retrieved from /home/raj/Downloads/kafka_2.13-3.5.1/airflow-env/lib64/python3.11/site-packages/airflow/example_dags/example_branch_day_of_week_operator.py
[2023-10-07T04:28:56.321+0530] {logging_mixin.py:151} INFO - [2023-10-07T04:28:56.321+0530] {dag.py:2915} INFO - Sync 1 DAGs
[2023-10-07T04:28:56.342+0530] {logging_mixin.py:151} INFO - [2023-10-07T04:28:56.342+0530] {dag.py:3696} INFO - Setting next_dagrun for example_weekday_branch_operator to 2023-10-05T00:00:00+00:00, run_after=2023-10-06T00:00:00+00:00
[2023-10-07T04:28:56.362+0530] {processor.py:179} INFO - Processing /home/raj/Downloads/kafka_2.13-3.5.1/airflow-env/lib64/python3.11/site-packages/airflow/example_dags/example_branch_day_of_week_operator.py took 0.110 seconds
[2023-10-07T04:29:44.128+0530] {processor.py:157} INFO - Started process (PID=21803) to work on /home/raj/Downloads/kafka_2.13-3.5.1/airflow-env/lib64/python3.11/site-packages/airflow/example_dags/example_branch_day_of_week_operator.py
[2023-10-07T04:29:44.139+0530] {processor.py:829} INFO - Processing file /home/raj/Downloads/kafka_2.13-3.5.1/airflow-env/lib64/python3.11/site-packages/airflow/example_dags/example_branch_day_of_week_operator.py for tasks to queue
[2023-10-07T04:29:44.141+0530] {logging_mixin.py:151} INFO - [2023-10-07T04:29:44.140+0530] {dagbag.py:539} INFO - Filling up the DagBag from /home/raj/Downloads/kafka_2.13-3.5.1/airflow-env/lib64/python3.11/site-packages/airflow/example_dags/example_branch_day_of_week_operator.py
[2023-10-07T04:29:44.156+0530] {processor.py:839} INFO - DAG(s) dict_keys(['example_weekday_branch_operator']) retrieved from /home/raj/Downloads/kafka_2.13-3.5.1/airflow-env/lib64/python3.11/site-packages/airflow/example_dags/example_branch_day_of_week_operator.py
[2023-10-07T04:29:44.187+0530] {logging_mixin.py:151} INFO - [2023-10-07T04:29:44.187+0530] {dag.py:2915} INFO - Sync 1 DAGs
[2023-10-07T04:29:44.204+0530] {logging_mixin.py:151} INFO - [2023-10-07T04:29:44.204+0530] {dag.py:3696} INFO - Setting next_dagrun for example_weekday_branch_operator to 2023-10-05T00:00:00+00:00, run_after=2023-10-06T00:00:00+00:00
[2023-10-07T04:29:44.223+0530] {processor.py:179} INFO - Processing /home/raj/Downloads/kafka_2.13-3.5.1/airflow-env/lib64/python3.11/site-packages/airflow/example_dags/example_branch_day_of_week_operator.py took 0.100 seconds
[2023-10-07T04:41:07.808+0530] {processor.py:157} INFO - Started process (PID=9948) to work on /home/raj/Downloads/kafka_2.13-3.5.1/airflow-env/lib64/python3.11/site-packages/airflow/example_dags/example_branch_day_of_week_operator.py
[2023-10-07T04:41:07.810+0530] {processor.py:829} INFO - Processing file /home/raj/Downloads/kafka_2.13-3.5.1/airflow-env/lib64/python3.11/site-packages/airflow/example_dags/example_branch_day_of_week_operator.py for tasks to queue
[2023-10-07T04:41:07.811+0530] {logging_mixin.py:151} INFO - [2023-10-07T04:41:07.810+0530] {dagbag.py:539} INFO - Filling up the DagBag from /home/raj/Downloads/kafka_2.13-3.5.1/airflow-env/lib64/python3.11/site-packages/airflow/example_dags/example_branch_day_of_week_operator.py
[2023-10-07T04:41:07.825+0530] {processor.py:839} INFO - DAG(s) dict_keys(['example_weekday_branch_operator']) retrieved from /home/raj/Downloads/kafka_2.13-3.5.1/airflow-env/lib64/python3.11/site-packages/airflow/example_dags/example_branch_day_of_week_operator.py
[2023-10-07T04:41:07.851+0530] {logging_mixin.py:151} INFO - [2023-10-07T04:41:07.851+0530] {dag.py:2915} INFO - Sync 1 DAGs
[2023-10-07T04:41:07.868+0530] {logging_mixin.py:151} INFO - [2023-10-07T04:41:07.868+0530] {dag.py:3696} INFO - Setting next_dagrun for example_weekday_branch_operator to 2023-10-05T00:00:00+00:00, run_after=2023-10-06T00:00:00+00:00
[2023-10-07T04:41:07.887+0530] {processor.py:179} INFO - Processing /home/raj/Downloads/kafka_2.13-3.5.1/airflow-env/lib64/python3.11/site-packages/airflow/example_dags/example_branch_day_of_week_operator.py took 0.083 seconds
[2023-10-07T04:42:01.357+0530] {processor.py:157} INFO - Started process (PID=10075) to work on /home/raj/Downloads/kafka_2.13-3.5.1/airflow-env/lib64/python3.11/site-packages/airflow/example_dags/example_branch_day_of_week_operator.py
[2023-10-07T04:42:01.369+0530] {processor.py:829} INFO - Processing file /home/raj/Downloads/kafka_2.13-3.5.1/airflow-env/lib64/python3.11/site-packages/airflow/example_dags/example_branch_day_of_week_operator.py for tasks to queue
[2023-10-07T04:42:01.370+0530] {logging_mixin.py:151} INFO - [2023-10-07T04:42:01.370+0530] {dagbag.py:539} INFO - Filling up the DagBag from /home/raj/Downloads/kafka_2.13-3.5.1/airflow-env/lib64/python3.11/site-packages/airflow/example_dags/example_branch_day_of_week_operator.py
[2023-10-07T04:42:01.386+0530] {processor.py:839} INFO - DAG(s) dict_keys(['example_weekday_branch_operator']) retrieved from /home/raj/Downloads/kafka_2.13-3.5.1/airflow-env/lib64/python3.11/site-packages/airflow/example_dags/example_branch_day_of_week_operator.py
[2023-10-07T04:42:01.417+0530] {logging_mixin.py:151} INFO - [2023-10-07T04:42:01.417+0530] {dag.py:2915} INFO - Sync 1 DAGs
[2023-10-07T04:42:01.434+0530] {logging_mixin.py:151} INFO - [2023-10-07T04:42:01.434+0530] {dag.py:3696} INFO - Setting next_dagrun for example_weekday_branch_operator to 2023-10-05T00:00:00+00:00, run_after=2023-10-06T00:00:00+00:00
[2023-10-07T04:42:01.454+0530] {processor.py:179} INFO - Processing /home/raj/Downloads/kafka_2.13-3.5.1/airflow-env/lib64/python3.11/site-packages/airflow/example_dags/example_branch_day_of_week_operator.py took 0.101 seconds
[2023-10-07T04:42:53.371+0530] {processor.py:157} INFO - Started process (PID=10235) to work on /home/raj/Downloads/kafka_2.13-3.5.1/airflow-env/lib64/python3.11/site-packages/airflow/example_dags/example_branch_day_of_week_operator.py
[2023-10-07T04:42:53.373+0530] {processor.py:829} INFO - Processing file /home/raj/Downloads/kafka_2.13-3.5.1/airflow-env/lib64/python3.11/site-packages/airflow/example_dags/example_branch_day_of_week_operator.py for tasks to queue
[2023-10-07T04:42:53.375+0530] {logging_mixin.py:151} INFO - [2023-10-07T04:42:53.374+0530] {dagbag.py:539} INFO - Filling up the DagBag from /home/raj/Downloads/kafka_2.13-3.5.1/airflow-env/lib64/python3.11/site-packages/airflow/example_dags/example_branch_day_of_week_operator.py
[2023-10-07T04:42:53.391+0530] {processor.py:839} INFO - DAG(s) dict_keys(['example_weekday_branch_operator']) retrieved from /home/raj/Downloads/kafka_2.13-3.5.1/airflow-env/lib64/python3.11/site-packages/airflow/example_dags/example_branch_day_of_week_operator.py
[2023-10-07T04:42:53.412+0530] {logging_mixin.py:151} INFO - [2023-10-07T04:42:53.412+0530] {dag.py:2915} INFO - Sync 1 DAGs
[2023-10-07T04:42:53.433+0530] {logging_mixin.py:151} INFO - [2023-10-07T04:42:53.433+0530] {dag.py:3696} INFO - Setting next_dagrun for example_weekday_branch_operator to 2023-10-05T00:00:00+00:00, run_after=2023-10-06T00:00:00+00:00
[2023-10-07T04:42:53.454+0530] {processor.py:179} INFO - Processing /home/raj/Downloads/kafka_2.13-3.5.1/airflow-env/lib64/python3.11/site-packages/airflow/example_dags/example_branch_day_of_week_operator.py took 0.088 seconds
[2023-10-07T04:43:59.217+0530] {processor.py:157} INFO - Started process (PID=10423) to work on /home/raj/Downloads/kafka_2.13-3.5.1/airflow-env/lib64/python3.11/site-packages/airflow/example_dags/example_branch_day_of_week_operator.py
[2023-10-07T04:43:59.229+0530] {processor.py:829} INFO - Processing file /home/raj/Downloads/kafka_2.13-3.5.1/airflow-env/lib64/python3.11/site-packages/airflow/example_dags/example_branch_day_of_week_operator.py for tasks to queue
[2023-10-07T04:43:59.230+0530] {logging_mixin.py:151} INFO - [2023-10-07T04:43:59.229+0530] {dagbag.py:539} INFO - Filling up the DagBag from /home/raj/Downloads/kafka_2.13-3.5.1/airflow-env/lib64/python3.11/site-packages/airflow/example_dags/example_branch_day_of_week_operator.py
[2023-10-07T04:43:59.248+0530] {processor.py:839} INFO - DAG(s) dict_keys(['example_weekday_branch_operator']) retrieved from /home/raj/Downloads/kafka_2.13-3.5.1/airflow-env/lib64/python3.11/site-packages/airflow/example_dags/example_branch_day_of_week_operator.py
[2023-10-07T04:43:59.280+0530] {logging_mixin.py:151} INFO - [2023-10-07T04:43:59.280+0530] {dag.py:2915} INFO - Sync 1 DAGs
[2023-10-07T04:43:59.297+0530] {logging_mixin.py:151} INFO - [2023-10-07T04:43:59.297+0530] {dag.py:3696} INFO - Setting next_dagrun for example_weekday_branch_operator to 2023-10-05T00:00:00+00:00, run_after=2023-10-06T00:00:00+00:00
[2023-10-07T04:43:59.314+0530] {processor.py:179} INFO - Processing /home/raj/Downloads/kafka_2.13-3.5.1/airflow-env/lib64/python3.11/site-packages/airflow/example_dags/example_branch_day_of_week_operator.py took 0.102 seconds
[2023-10-07T04:44:56.408+0530] {processor.py:157} INFO - Started process (PID=10620) to work on /home/raj/Downloads/kafka_2.13-3.5.1/airflow-env/lib64/python3.11/site-packages/airflow/example_dags/example_branch_day_of_week_operator.py
[2023-10-07T04:44:56.419+0530] {processor.py:829} INFO - Processing file /home/raj/Downloads/kafka_2.13-3.5.1/airflow-env/lib64/python3.11/site-packages/airflow/example_dags/example_branch_day_of_week_operator.py for tasks to queue
[2023-10-07T04:44:56.421+0530] {logging_mixin.py:151} INFO - [2023-10-07T04:44:56.420+0530] {dagbag.py:539} INFO - Filling up the DagBag from /home/raj/Downloads/kafka_2.13-3.5.1/airflow-env/lib64/python3.11/site-packages/airflow/example_dags/example_branch_day_of_week_operator.py
[2023-10-07T04:44:56.436+0530] {processor.py:839} INFO - DAG(s) dict_keys(['example_weekday_branch_operator']) retrieved from /home/raj/Downloads/kafka_2.13-3.5.1/airflow-env/lib64/python3.11/site-packages/airflow/example_dags/example_branch_day_of_week_operator.py
[2023-10-07T04:44:56.465+0530] {logging_mixin.py:151} INFO - [2023-10-07T04:44:56.465+0530] {dag.py:2915} INFO - Sync 1 DAGs
[2023-10-07T04:44:56.483+0530] {logging_mixin.py:151} INFO - [2023-10-07T04:44:56.483+0530] {dag.py:3696} INFO - Setting next_dagrun for example_weekday_branch_operator to 2023-10-05T00:00:00+00:00, run_after=2023-10-06T00:00:00+00:00
[2023-10-07T04:44:56.502+0530] {processor.py:179} INFO - Processing /home/raj/Downloads/kafka_2.13-3.5.1/airflow-env/lib64/python3.11/site-packages/airflow/example_dags/example_branch_day_of_week_operator.py took 0.100 seconds
[2023-10-07T04:45:52.939+0530] {processor.py:157} INFO - Started process (PID=10771) to work on /home/raj/Downloads/kafka_2.13-3.5.1/airflow-env/lib64/python3.11/site-packages/airflow/example_dags/example_branch_day_of_week_operator.py
[2023-10-07T04:45:52.940+0530] {processor.py:829} INFO - Processing file /home/raj/Downloads/kafka_2.13-3.5.1/airflow-env/lib64/python3.11/site-packages/airflow/example_dags/example_branch_day_of_week_operator.py for tasks to queue
[2023-10-07T04:45:52.941+0530] {logging_mixin.py:151} INFO - [2023-10-07T04:45:52.941+0530] {dagbag.py:539} INFO - Filling up the DagBag from /home/raj/Downloads/kafka_2.13-3.5.1/airflow-env/lib64/python3.11/site-packages/airflow/example_dags/example_branch_day_of_week_operator.py
[2023-10-07T04:45:52.952+0530] {processor.py:839} INFO - DAG(s) dict_keys(['example_weekday_branch_operator']) retrieved from /home/raj/Downloads/kafka_2.13-3.5.1/airflow-env/lib64/python3.11/site-packages/airflow/example_dags/example_branch_day_of_week_operator.py
[2023-10-07T04:45:52.979+0530] {logging_mixin.py:151} INFO - [2023-10-07T04:45:52.979+0530] {dag.py:2915} INFO - Sync 1 DAGs
[2023-10-07T04:45:53.010+0530] {logging_mixin.py:151} INFO - [2023-10-07T04:45:53.010+0530] {dag.py:3696} INFO - Setting next_dagrun for example_weekday_branch_operator to 2023-10-05T00:00:00+00:00, run_after=2023-10-06T00:00:00+00:00
[2023-10-07T04:45:53.039+0530] {processor.py:179} INFO - Processing /home/raj/Downloads/kafka_2.13-3.5.1/airflow-env/lib64/python3.11/site-packages/airflow/example_dags/example_branch_day_of_week_operator.py took 0.104 seconds
[2023-10-07T04:46:50.591+0530] {processor.py:157} INFO - Started process (PID=10900) to work on /home/raj/Downloads/kafka_2.13-3.5.1/airflow-env/lib64/python3.11/site-packages/airflow/example_dags/example_branch_day_of_week_operator.py
[2023-10-07T04:46:50.603+0530] {processor.py:829} INFO - Processing file /home/raj/Downloads/kafka_2.13-3.5.1/airflow-env/lib64/python3.11/site-packages/airflow/example_dags/example_branch_day_of_week_operator.py for tasks to queue
[2023-10-07T04:46:50.604+0530] {logging_mixin.py:151} INFO - [2023-10-07T04:46:50.604+0530] {dagbag.py:539} INFO - Filling up the DagBag from /home/raj/Downloads/kafka_2.13-3.5.1/airflow-env/lib64/python3.11/site-packages/airflow/example_dags/example_branch_day_of_week_operator.py
[2023-10-07T04:46:50.622+0530] {processor.py:839} INFO - DAG(s) dict_keys(['example_weekday_branch_operator']) retrieved from /home/raj/Downloads/kafka_2.13-3.5.1/airflow-env/lib64/python3.11/site-packages/airflow/example_dags/example_branch_day_of_week_operator.py
[2023-10-07T04:46:50.654+0530] {logging_mixin.py:151} INFO - [2023-10-07T04:46:50.653+0530] {dag.py:2915} INFO - Sync 1 DAGs
[2023-10-07T04:46:50.676+0530] {logging_mixin.py:151} INFO - [2023-10-07T04:46:50.676+0530] {dag.py:3696} INFO - Setting next_dagrun for example_weekday_branch_operator to 2023-10-05T00:00:00+00:00, run_after=2023-10-06T00:00:00+00:00
[2023-10-07T04:46:50.697+0530] {processor.py:179} INFO - Processing /home/raj/Downloads/kafka_2.13-3.5.1/airflow-env/lib64/python3.11/site-packages/airflow/example_dags/example_branch_day_of_week_operator.py took 0.113 seconds
[2023-10-07T04:47:40.984+0530] {processor.py:157} INFO - Started process (PID=10992) to work on /home/raj/Downloads/kafka_2.13-3.5.1/airflow-env/lib64/python3.11/site-packages/airflow/example_dags/example_branch_day_of_week_operator.py
[2023-10-07T04:47:40.995+0530] {processor.py:829} INFO - Processing file /home/raj/Downloads/kafka_2.13-3.5.1/airflow-env/lib64/python3.11/site-packages/airflow/example_dags/example_branch_day_of_week_operator.py for tasks to queue
[2023-10-07T04:47:40.997+0530] {logging_mixin.py:151} INFO - [2023-10-07T04:47:40.996+0530] {dagbag.py:539} INFO - Filling up the DagBag from /home/raj/Downloads/kafka_2.13-3.5.1/airflow-env/lib64/python3.11/site-packages/airflow/example_dags/example_branch_day_of_week_operator.py
[2023-10-07T04:47:41.008+0530] {processor.py:839} INFO - DAG(s) dict_keys(['example_weekday_branch_operator']) retrieved from /home/raj/Downloads/kafka_2.13-3.5.1/airflow-env/lib64/python3.11/site-packages/airflow/example_dags/example_branch_day_of_week_operator.py
[2023-10-07T04:47:41.026+0530] {logging_mixin.py:151} INFO - [2023-10-07T04:47:41.026+0530] {dag.py:2915} INFO - Sync 1 DAGs
[2023-10-07T04:47:41.049+0530] {logging_mixin.py:151} INFO - [2023-10-07T04:47:41.048+0530] {dag.py:3696} INFO - Setting next_dagrun for example_weekday_branch_operator to 2023-10-05T00:00:00+00:00, run_after=2023-10-06T00:00:00+00:00
[2023-10-07T04:47:41.071+0530] {processor.py:179} INFO - Processing /home/raj/Downloads/kafka_2.13-3.5.1/airflow-env/lib64/python3.11/site-packages/airflow/example_dags/example_branch_day_of_week_operator.py took 0.092 seconds
[2023-10-07T04:48:32.196+0530] {processor.py:157} INFO - Started process (PID=11098) to work on /home/raj/Downloads/kafka_2.13-3.5.1/airflow-env/lib64/python3.11/site-packages/airflow/example_dags/example_branch_day_of_week_operator.py
[2023-10-07T04:48:32.208+0530] {processor.py:829} INFO - Processing file /home/raj/Downloads/kafka_2.13-3.5.1/airflow-env/lib64/python3.11/site-packages/airflow/example_dags/example_branch_day_of_week_operator.py for tasks to queue
[2023-10-07T04:48:32.210+0530] {logging_mixin.py:151} INFO - [2023-10-07T04:48:32.209+0530] {dagbag.py:539} INFO - Filling up the DagBag from /home/raj/Downloads/kafka_2.13-3.5.1/airflow-env/lib64/python3.11/site-packages/airflow/example_dags/example_branch_day_of_week_operator.py
[2023-10-07T04:48:32.225+0530] {processor.py:839} INFO - DAG(s) dict_keys(['example_weekday_branch_operator']) retrieved from /home/raj/Downloads/kafka_2.13-3.5.1/airflow-env/lib64/python3.11/site-packages/airflow/example_dags/example_branch_day_of_week_operator.py
[2023-10-07T04:48:32.252+0530] {logging_mixin.py:151} INFO - [2023-10-07T04:48:32.252+0530] {dag.py:2915} INFO - Sync 1 DAGs
[2023-10-07T04:48:32.269+0530] {logging_mixin.py:151} INFO - [2023-10-07T04:48:32.268+0530] {dag.py:3696} INFO - Setting next_dagrun for example_weekday_branch_operator to 2023-10-05T00:00:00+00:00, run_after=2023-10-06T00:00:00+00:00
[2023-10-07T04:48:32.286+0530] {processor.py:179} INFO - Processing /home/raj/Downloads/kafka_2.13-3.5.1/airflow-env/lib64/python3.11/site-packages/airflow/example_dags/example_branch_day_of_week_operator.py took 0.095 seconds
[2023-10-07T04:49:26.896+0530] {processor.py:157} INFO - Started process (PID=11227) to work on /home/raj/Downloads/kafka_2.13-3.5.1/airflow-env/lib64/python3.11/site-packages/airflow/example_dags/example_branch_day_of_week_operator.py
[2023-10-07T04:49:26.907+0530] {processor.py:829} INFO - Processing file /home/raj/Downloads/kafka_2.13-3.5.1/airflow-env/lib64/python3.11/site-packages/airflow/example_dags/example_branch_day_of_week_operator.py for tasks to queue
[2023-10-07T04:49:26.909+0530] {logging_mixin.py:151} INFO - [2023-10-07T04:49:26.908+0530] {dagbag.py:539} INFO - Filling up the DagBag from /home/raj/Downloads/kafka_2.13-3.5.1/airflow-env/lib64/python3.11/site-packages/airflow/example_dags/example_branch_day_of_week_operator.py
[2023-10-07T04:49:26.925+0530] {processor.py:839} INFO - DAG(s) dict_keys(['example_weekday_branch_operator']) retrieved from /home/raj/Downloads/kafka_2.13-3.5.1/airflow-env/lib64/python3.11/site-packages/airflow/example_dags/example_branch_day_of_week_operator.py
[2023-10-07T04:49:26.957+0530] {logging_mixin.py:151} INFO - [2023-10-07T04:49:26.957+0530] {dag.py:2915} INFO - Sync 1 DAGs
[2023-10-07T04:49:26.975+0530] {logging_mixin.py:151} INFO - [2023-10-07T04:49:26.975+0530] {dag.py:3696} INFO - Setting next_dagrun for example_weekday_branch_operator to 2023-10-05T00:00:00+00:00, run_after=2023-10-06T00:00:00+00:00
[2023-10-07T04:49:26.996+0530] {processor.py:179} INFO - Processing /home/raj/Downloads/kafka_2.13-3.5.1/airflow-env/lib64/python3.11/site-packages/airflow/example_dags/example_branch_day_of_week_operator.py took 0.107 seconds
[2023-10-07T04:50:23.694+0530] {processor.py:157} INFO - Started process (PID=11320) to work on /home/raj/Downloads/kafka_2.13-3.5.1/airflow-env/lib64/python3.11/site-packages/airflow/example_dags/example_branch_day_of_week_operator.py
[2023-10-07T04:50:23.705+0530] {processor.py:829} INFO - Processing file /home/raj/Downloads/kafka_2.13-3.5.1/airflow-env/lib64/python3.11/site-packages/airflow/example_dags/example_branch_day_of_week_operator.py for tasks to queue
[2023-10-07T04:50:23.707+0530] {logging_mixin.py:151} INFO - [2023-10-07T04:50:23.706+0530] {dagbag.py:539} INFO - Filling up the DagBag from /home/raj/Downloads/kafka_2.13-3.5.1/airflow-env/lib64/python3.11/site-packages/airflow/example_dags/example_branch_day_of_week_operator.py
[2023-10-07T04:50:23.722+0530] {processor.py:839} INFO - DAG(s) dict_keys(['example_weekday_branch_operator']) retrieved from /home/raj/Downloads/kafka_2.13-3.5.1/airflow-env/lib64/python3.11/site-packages/airflow/example_dags/example_branch_day_of_week_operator.py
[2023-10-07T04:50:23.739+0530] {logging_mixin.py:151} INFO - [2023-10-07T04:50:23.738+0530] {dag.py:2915} INFO - Sync 1 DAGs
[2023-10-07T04:50:23.758+0530] {logging_mixin.py:151} INFO - [2023-10-07T04:50:23.758+0530] {dag.py:3696} INFO - Setting next_dagrun for example_weekday_branch_operator to 2023-10-05T00:00:00+00:00, run_after=2023-10-06T00:00:00+00:00
[2023-10-07T04:50:23.775+0530] {processor.py:179} INFO - Processing /home/raj/Downloads/kafka_2.13-3.5.1/airflow-env/lib64/python3.11/site-packages/airflow/example_dags/example_branch_day_of_week_operator.py took 0.084 seconds
[2023-10-07T04:51:12.812+0530] {processor.py:157} INFO - Started process (PID=11428) to work on /home/raj/Downloads/kafka_2.13-3.5.1/airflow-env/lib64/python3.11/site-packages/airflow/example_dags/example_branch_day_of_week_operator.py
[2023-10-07T04:51:12.814+0530] {processor.py:829} INFO - Processing file /home/raj/Downloads/kafka_2.13-3.5.1/airflow-env/lib64/python3.11/site-packages/airflow/example_dags/example_branch_day_of_week_operator.py for tasks to queue
[2023-10-07T04:51:12.816+0530] {logging_mixin.py:151} INFO - [2023-10-07T04:51:12.815+0530] {dagbag.py:539} INFO - Filling up the DagBag from /home/raj/Downloads/kafka_2.13-3.5.1/airflow-env/lib64/python3.11/site-packages/airflow/example_dags/example_branch_day_of_week_operator.py
[2023-10-07T04:51:12.832+0530] {processor.py:839} INFO - DAG(s) dict_keys(['example_weekday_branch_operator']) retrieved from /home/raj/Downloads/kafka_2.13-3.5.1/airflow-env/lib64/python3.11/site-packages/airflow/example_dags/example_branch_day_of_week_operator.py
[2023-10-07T04:51:12.855+0530] {logging_mixin.py:151} INFO - [2023-10-07T04:51:12.855+0530] {dag.py:2915} INFO - Sync 1 DAGs
[2023-10-07T04:51:12.871+0530] {logging_mixin.py:151} INFO - [2023-10-07T04:51:12.871+0530] {dag.py:3696} INFO - Setting next_dagrun for example_weekday_branch_operator to 2023-10-05T00:00:00+00:00, run_after=2023-10-06T00:00:00+00:00
[2023-10-07T04:51:12.889+0530] {processor.py:179} INFO - Processing /home/raj/Downloads/kafka_2.13-3.5.1/airflow-env/lib64/python3.11/site-packages/airflow/example_dags/example_branch_day_of_week_operator.py took 0.082 seconds
[2023-10-07T04:52:05.918+0530] {processor.py:157} INFO - Started process (PID=11650) to work on /home/raj/Downloads/kafka_2.13-3.5.1/airflow-env/lib64/python3.11/site-packages/airflow/example_dags/example_branch_day_of_week_operator.py
[2023-10-07T04:52:05.929+0530] {processor.py:829} INFO - Processing file /home/raj/Downloads/kafka_2.13-3.5.1/airflow-env/lib64/python3.11/site-packages/airflow/example_dags/example_branch_day_of_week_operator.py for tasks to queue
[2023-10-07T04:52:05.930+0530] {logging_mixin.py:151} INFO - [2023-10-07T04:52:05.929+0530] {dagbag.py:539} INFO - Filling up the DagBag from /home/raj/Downloads/kafka_2.13-3.5.1/airflow-env/lib64/python3.11/site-packages/airflow/example_dags/example_branch_day_of_week_operator.py
[2023-10-07T04:52:05.939+0530] {processor.py:839} INFO - DAG(s) dict_keys(['example_weekday_branch_operator']) retrieved from /home/raj/Downloads/kafka_2.13-3.5.1/airflow-env/lib64/python3.11/site-packages/airflow/example_dags/example_branch_day_of_week_operator.py
[2023-10-07T04:52:05.961+0530] {logging_mixin.py:151} INFO - [2023-10-07T04:52:05.961+0530] {dag.py:2915} INFO - Sync 1 DAGs
[2023-10-07T04:52:05.992+0530] {logging_mixin.py:151} INFO - [2023-10-07T04:52:05.992+0530] {dag.py:3696} INFO - Setting next_dagrun for example_weekday_branch_operator to 2023-10-05T00:00:00+00:00, run_after=2023-10-06T00:00:00+00:00
[2023-10-07T04:52:06.022+0530] {processor.py:179} INFO - Processing /home/raj/Downloads/kafka_2.13-3.5.1/airflow-env/lib64/python3.11/site-packages/airflow/example_dags/example_branch_day_of_week_operator.py took 0.108 seconds
[2023-10-07T04:52:59.463+0530] {processor.py:157} INFO - Started process (PID=11777) to work on /home/raj/Downloads/kafka_2.13-3.5.1/airflow-env/lib64/python3.11/site-packages/airflow/example_dags/example_branch_day_of_week_operator.py
[2023-10-07T04:52:59.474+0530] {processor.py:829} INFO - Processing file /home/raj/Downloads/kafka_2.13-3.5.1/airflow-env/lib64/python3.11/site-packages/airflow/example_dags/example_branch_day_of_week_operator.py for tasks to queue
[2023-10-07T04:52:59.476+0530] {logging_mixin.py:151} INFO - [2023-10-07T04:52:59.475+0530] {dagbag.py:539} INFO - Filling up the DagBag from /home/raj/Downloads/kafka_2.13-3.5.1/airflow-env/lib64/python3.11/site-packages/airflow/example_dags/example_branch_day_of_week_operator.py
[2023-10-07T04:52:59.491+0530] {processor.py:839} INFO - DAG(s) dict_keys(['example_weekday_branch_operator']) retrieved from /home/raj/Downloads/kafka_2.13-3.5.1/airflow-env/lib64/python3.11/site-packages/airflow/example_dags/example_branch_day_of_week_operator.py
[2023-10-07T04:52:59.525+0530] {logging_mixin.py:151} INFO - [2023-10-07T04:52:59.525+0530] {dag.py:2915} INFO - Sync 1 DAGs
[2023-10-07T04:52:59.544+0530] {logging_mixin.py:151} INFO - [2023-10-07T04:52:59.543+0530] {dag.py:3696} INFO - Setting next_dagrun for example_weekday_branch_operator to 2023-10-05T00:00:00+00:00, run_after=2023-10-06T00:00:00+00:00
[2023-10-07T04:52:59.562+0530] {processor.py:179} INFO - Processing /home/raj/Downloads/kafka_2.13-3.5.1/airflow-env/lib64/python3.11/site-packages/airflow/example_dags/example_branch_day_of_week_operator.py took 0.106 seconds
[2023-10-07T04:53:43.998+0530] {processor.py:157} INFO - Started process (PID=11931) to work on /home/raj/Downloads/kafka_2.13-3.5.1/airflow-env/lib64/python3.11/site-packages/airflow/example_dags/example_branch_day_of_week_operator.py
[2023-10-07T04:53:44.009+0530] {processor.py:829} INFO - Processing file /home/raj/Downloads/kafka_2.13-3.5.1/airflow-env/lib64/python3.11/site-packages/airflow/example_dags/example_branch_day_of_week_operator.py for tasks to queue
[2023-10-07T04:53:44.009+0530] {logging_mixin.py:151} INFO - [2023-10-07T04:53:44.009+0530] {dagbag.py:539} INFO - Filling up the DagBag from /home/raj/Downloads/kafka_2.13-3.5.1/airflow-env/lib64/python3.11/site-packages/airflow/example_dags/example_branch_day_of_week_operator.py
[2023-10-07T04:53:44.021+0530] {processor.py:839} INFO - DAG(s) dict_keys(['example_weekday_branch_operator']) retrieved from /home/raj/Downloads/kafka_2.13-3.5.1/airflow-env/lib64/python3.11/site-packages/airflow/example_dags/example_branch_day_of_week_operator.py
[2023-10-07T04:53:44.044+0530] {logging_mixin.py:151} INFO - [2023-10-07T04:53:44.044+0530] {dag.py:2915} INFO - Sync 1 DAGs
[2023-10-07T04:53:44.069+0530] {logging_mixin.py:151} INFO - [2023-10-07T04:53:44.069+0530] {dag.py:3696} INFO - Setting next_dagrun for example_weekday_branch_operator to 2023-10-05T00:00:00+00:00, run_after=2023-10-06T00:00:00+00:00
[2023-10-07T04:53:44.096+0530] {processor.py:179} INFO - Processing /home/raj/Downloads/kafka_2.13-3.5.1/airflow-env/lib64/python3.11/site-packages/airflow/example_dags/example_branch_day_of_week_operator.py took 0.101 seconds
[2023-10-07T04:54:33.589+0530] {processor.py:157} INFO - Started process (PID=12006) to work on /home/raj/Downloads/kafka_2.13-3.5.1/airflow-env/lib64/python3.11/site-packages/airflow/example_dags/example_branch_day_of_week_operator.py
[2023-10-07T04:54:33.600+0530] {processor.py:829} INFO - Processing file /home/raj/Downloads/kafka_2.13-3.5.1/airflow-env/lib64/python3.11/site-packages/airflow/example_dags/example_branch_day_of_week_operator.py for tasks to queue
[2023-10-07T04:54:33.602+0530] {logging_mixin.py:151} INFO - [2023-10-07T04:54:33.601+0530] {dagbag.py:539} INFO - Filling up the DagBag from /home/raj/Downloads/kafka_2.13-3.5.1/airflow-env/lib64/python3.11/site-packages/airflow/example_dags/example_branch_day_of_week_operator.py
[2023-10-07T04:54:33.618+0530] {processor.py:839} INFO - DAG(s) dict_keys(['example_weekday_branch_operator']) retrieved from /home/raj/Downloads/kafka_2.13-3.5.1/airflow-env/lib64/python3.11/site-packages/airflow/example_dags/example_branch_day_of_week_operator.py
[2023-10-07T04:54:33.650+0530] {logging_mixin.py:151} INFO - [2023-10-07T04:54:33.649+0530] {dag.py:2915} INFO - Sync 1 DAGs
[2023-10-07T04:54:33.667+0530] {logging_mixin.py:151} INFO - [2023-10-07T04:54:33.667+0530] {dag.py:3696} INFO - Setting next_dagrun for example_weekday_branch_operator to 2023-10-05T00:00:00+00:00, run_after=2023-10-06T00:00:00+00:00
[2023-10-07T04:54:33.685+0530] {processor.py:179} INFO - Processing /home/raj/Downloads/kafka_2.13-3.5.1/airflow-env/lib64/python3.11/site-packages/airflow/example_dags/example_branch_day_of_week_operator.py took 0.101 seconds
[2023-10-07T04:56:06.847+0530] {processor.py:157} INFO - Started process (PID=12243) to work on /home/raj/Downloads/kafka_2.13-3.5.1/airflow-env/lib64/python3.11/site-packages/airflow/example_dags/example_branch_day_of_week_operator.py
[2023-10-07T04:56:06.859+0530] {processor.py:829} INFO - Processing file /home/raj/Downloads/kafka_2.13-3.5.1/airflow-env/lib64/python3.11/site-packages/airflow/example_dags/example_branch_day_of_week_operator.py for tasks to queue
[2023-10-07T04:56:06.861+0530] {logging_mixin.py:151} INFO - [2023-10-07T04:56:06.860+0530] {dagbag.py:539} INFO - Filling up the DagBag from /home/raj/Downloads/kafka_2.13-3.5.1/airflow-env/lib64/python3.11/site-packages/airflow/example_dags/example_branch_day_of_week_operator.py
[2023-10-07T04:56:06.876+0530] {processor.py:839} INFO - DAG(s) dict_keys(['example_weekday_branch_operator']) retrieved from /home/raj/Downloads/kafka_2.13-3.5.1/airflow-env/lib64/python3.11/site-packages/airflow/example_dags/example_branch_day_of_week_operator.py
[2023-10-07T04:56:06.907+0530] {logging_mixin.py:151} INFO - [2023-10-07T04:56:06.907+0530] {dag.py:2915} INFO - Sync 1 DAGs
[2023-10-07T04:56:06.925+0530] {logging_mixin.py:151} INFO - [2023-10-07T04:56:06.924+0530] {dag.py:3696} INFO - Setting next_dagrun for example_weekday_branch_operator to 2023-10-05T00:00:00+00:00, run_after=2023-10-06T00:00:00+00:00
[2023-10-07T04:56:06.945+0530] {processor.py:179} INFO - Processing /home/raj/Downloads/kafka_2.13-3.5.1/airflow-env/lib64/python3.11/site-packages/airflow/example_dags/example_branch_day_of_week_operator.py took 0.103 seconds
[2023-10-07T04:56:56.778+0530] {processor.py:157} INFO - Started process (PID=12320) to work on /home/raj/Downloads/kafka_2.13-3.5.1/airflow-env/lib64/python3.11/site-packages/airflow/example_dags/example_branch_day_of_week_operator.py
[2023-10-07T04:56:56.789+0530] {processor.py:829} INFO - Processing file /home/raj/Downloads/kafka_2.13-3.5.1/airflow-env/lib64/python3.11/site-packages/airflow/example_dags/example_branch_day_of_week_operator.py for tasks to queue
[2023-10-07T04:56:56.790+0530] {logging_mixin.py:151} INFO - [2023-10-07T04:56:56.790+0530] {dagbag.py:539} INFO - Filling up the DagBag from /home/raj/Downloads/kafka_2.13-3.5.1/airflow-env/lib64/python3.11/site-packages/airflow/example_dags/example_branch_day_of_week_operator.py
[2023-10-07T04:56:56.798+0530] {processor.py:839} INFO - DAG(s) dict_keys(['example_weekday_branch_operator']) retrieved from /home/raj/Downloads/kafka_2.13-3.5.1/airflow-env/lib64/python3.11/site-packages/airflow/example_dags/example_branch_day_of_week_operator.py
[2023-10-07T04:56:56.815+0530] {logging_mixin.py:151} INFO - [2023-10-07T04:56:56.815+0530] {dag.py:2915} INFO - Sync 1 DAGs
[2023-10-07T04:56:56.838+0530] {logging_mixin.py:151} INFO - [2023-10-07T04:56:56.838+0530] {dag.py:3696} INFO - Setting next_dagrun for example_weekday_branch_operator to 2023-10-05T00:00:00+00:00, run_after=2023-10-06T00:00:00+00:00
[2023-10-07T04:56:56.860+0530] {processor.py:179} INFO - Processing /home/raj/Downloads/kafka_2.13-3.5.1/airflow-env/lib64/python3.11/site-packages/airflow/example_dags/example_branch_day_of_week_operator.py took 0.086 seconds
[2023-10-07T04:57:46.083+0530] {processor.py:157} INFO - Started process (PID=12471) to work on /home/raj/Downloads/kafka_2.13-3.5.1/airflow-env/lib64/python3.11/site-packages/airflow/example_dags/example_branch_day_of_week_operator.py
[2023-10-07T04:57:46.095+0530] {processor.py:829} INFO - Processing file /home/raj/Downloads/kafka_2.13-3.5.1/airflow-env/lib64/python3.11/site-packages/airflow/example_dags/example_branch_day_of_week_operator.py for tasks to queue
[2023-10-07T04:57:46.097+0530] {logging_mixin.py:151} INFO - [2023-10-07T04:57:46.096+0530] {dagbag.py:539} INFO - Filling up the DagBag from /home/raj/Downloads/kafka_2.13-3.5.1/airflow-env/lib64/python3.11/site-packages/airflow/example_dags/example_branch_day_of_week_operator.py
[2023-10-07T04:57:46.108+0530] {processor.py:839} INFO - DAG(s) dict_keys(['example_weekday_branch_operator']) retrieved from /home/raj/Downloads/kafka_2.13-3.5.1/airflow-env/lib64/python3.11/site-packages/airflow/example_dags/example_branch_day_of_week_operator.py
[2023-10-07T04:57:46.126+0530] {logging_mixin.py:151} INFO - [2023-10-07T04:57:46.126+0530] {dag.py:2915} INFO - Sync 1 DAGs
[2023-10-07T04:57:46.150+0530] {logging_mixin.py:151} INFO - [2023-10-07T04:57:46.150+0530] {dag.py:3696} INFO - Setting next_dagrun for example_weekday_branch_operator to 2023-10-05T00:00:00+00:00, run_after=2023-10-06T00:00:00+00:00
[2023-10-07T04:57:46.176+0530] {processor.py:179} INFO - Processing /home/raj/Downloads/kafka_2.13-3.5.1/airflow-env/lib64/python3.11/site-packages/airflow/example_dags/example_branch_day_of_week_operator.py took 0.098 seconds
[2023-10-07T04:58:38.710+0530] {processor.py:157} INFO - Started process (PID=12545) to work on /home/raj/Downloads/kafka_2.13-3.5.1/airflow-env/lib64/python3.11/site-packages/airflow/example_dags/example_branch_day_of_week_operator.py
[2023-10-07T04:58:38.721+0530] {processor.py:829} INFO - Processing file /home/raj/Downloads/kafka_2.13-3.5.1/airflow-env/lib64/python3.11/site-packages/airflow/example_dags/example_branch_day_of_week_operator.py for tasks to queue
[2023-10-07T04:58:38.722+0530] {logging_mixin.py:151} INFO - [2023-10-07T04:58:38.721+0530] {dagbag.py:539} INFO - Filling up the DagBag from /home/raj/Downloads/kafka_2.13-3.5.1/airflow-env/lib64/python3.11/site-packages/airflow/example_dags/example_branch_day_of_week_operator.py
[2023-10-07T04:58:38.729+0530] {processor.py:839} INFO - DAG(s) dict_keys(['example_weekday_branch_operator']) retrieved from /home/raj/Downloads/kafka_2.13-3.5.1/airflow-env/lib64/python3.11/site-packages/airflow/example_dags/example_branch_day_of_week_operator.py
[2023-10-07T04:58:38.747+0530] {logging_mixin.py:151} INFO - [2023-10-07T04:58:38.747+0530] {dag.py:2915} INFO - Sync 1 DAGs
[2023-10-07T04:58:38.769+0530] {logging_mixin.py:151} INFO - [2023-10-07T04:58:38.768+0530] {dag.py:3696} INFO - Setting next_dagrun for example_weekday_branch_operator to 2023-10-05T00:00:00+00:00, run_after=2023-10-06T00:00:00+00:00
[2023-10-07T04:58:38.790+0530] {processor.py:179} INFO - Processing /home/raj/Downloads/kafka_2.13-3.5.1/airflow-env/lib64/python3.11/site-packages/airflow/example_dags/example_branch_day_of_week_operator.py took 0.082 seconds
