[2023-10-07T03:59:58.207+0530] {processor.py:157} INFO - Started process (PID=18044) to work on /home/raj/Downloads/kafka_2.13-3.5.1/airflow-env/lib64/python3.11/site-packages/airflow/example_dags/example_sensors.py
[2023-10-07T03:59:58.208+0530] {processor.py:829} INFO - Processing file /home/raj/Downloads/kafka_2.13-3.5.1/airflow-env/lib64/python3.11/site-packages/airflow/example_dags/example_sensors.py for tasks to queue
[2023-10-07T03:59:58.209+0530] {logging_mixin.py:151} INFO - [2023-10-07T03:59:58.208+0530] {dagbag.py:539} INFO - Filling up the DagBag from /home/raj/Downloads/kafka_2.13-3.5.1/airflow-env/lib64/python3.11/site-packages/airflow/example_dags/example_sensors.py
[2023-10-07T03:59:58.220+0530] {processor.py:839} INFO - DAG(s) dict_keys(['example_sensors']) retrieved from /home/raj/Downloads/kafka_2.13-3.5.1/airflow-env/lib64/python3.11/site-packages/airflow/example_dags/example_sensors.py
[2023-10-07T03:59:58.344+0530] {logging_mixin.py:151} INFO - [2023-10-07T03:59:58.344+0530] {manager.py:499} INFO - Created Permission View: %s
[2023-10-07T03:59:58.357+0530] {logging_mixin.py:151} INFO - [2023-10-07T03:59:58.357+0530] {manager.py:499} INFO - Created Permission View: %s
[2023-10-07T03:59:58.366+0530] {logging_mixin.py:151} INFO - [2023-10-07T03:59:58.366+0530] {manager.py:499} INFO - Created Permission View: %s
[2023-10-07T03:59:58.367+0530] {logging_mixin.py:151} INFO - [2023-10-07T03:59:58.366+0530] {security.py:708} INFO - Not syncing DAG-level permissions for DAG 'DAG:example_sensors' as access control is unset.
[2023-10-07T03:59:58.367+0530] {logging_mixin.py:151} INFO - [2023-10-07T03:59:58.367+0530] {dag.py:2915} INFO - Sync 1 DAGs
[2023-10-07T03:59:58.379+0530] {logging_mixin.py:151} INFO - [2023-10-07T03:59:58.379+0530] {dag.py:2937} INFO - Creating ORM DAG for example_sensors
[2023-10-07T03:59:58.380+0530] {logging_mixin.py:151} INFO - [2023-10-07T03:59:58.380+0530] {dag.py:3696} INFO - Setting next_dagrun for example_sensors to None, run_after=None
[2023-10-07T03:59:58.403+0530] {processor.py:179} INFO - Processing /home/raj/Downloads/kafka_2.13-3.5.1/airflow-env/lib64/python3.11/site-packages/airflow/example_dags/example_sensors.py took 0.199 seconds
[2023-10-07T04:00:47.877+0530] {processor.py:157} INFO - Started process (PID=18156) to work on /home/raj/Downloads/kafka_2.13-3.5.1/airflow-env/lib64/python3.11/site-packages/airflow/example_dags/example_sensors.py
[2023-10-07T04:00:47.878+0530] {processor.py:829} INFO - Processing file /home/raj/Downloads/kafka_2.13-3.5.1/airflow-env/lib64/python3.11/site-packages/airflow/example_dags/example_sensors.py for tasks to queue
[2023-10-07T04:00:47.880+0530] {logging_mixin.py:151} INFO - [2023-10-07T04:00:47.879+0530] {dagbag.py:539} INFO - Filling up the DagBag from /home/raj/Downloads/kafka_2.13-3.5.1/airflow-env/lib64/python3.11/site-packages/airflow/example_dags/example_sensors.py
[2023-10-07T04:00:47.892+0530] {processor.py:839} INFO - DAG(s) dict_keys(['example_sensors']) retrieved from /home/raj/Downloads/kafka_2.13-3.5.1/airflow-env/lib64/python3.11/site-packages/airflow/example_dags/example_sensors.py
[2023-10-07T04:00:47.913+0530] {logging_mixin.py:151} INFO - [2023-10-07T04:00:47.913+0530] {dag.py:2915} INFO - Sync 1 DAGs
[2023-10-07T04:00:47.925+0530] {logging_mixin.py:151} INFO - [2023-10-07T04:00:47.925+0530] {dag.py:3696} INFO - Setting next_dagrun for example_sensors to None, run_after=None
[2023-10-07T04:00:47.959+0530] {processor.py:179} INFO - Processing /home/raj/Downloads/kafka_2.13-3.5.1/airflow-env/lib64/python3.11/site-packages/airflow/example_dags/example_sensors.py took 0.085 seconds
[2023-10-07T04:01:36.881+0530] {processor.py:157} INFO - Started process (PID=18304) to work on /home/raj/Downloads/kafka_2.13-3.5.1/airflow-env/lib64/python3.11/site-packages/airflow/example_dags/example_sensors.py
[2023-10-07T04:01:36.882+0530] {processor.py:829} INFO - Processing file /home/raj/Downloads/kafka_2.13-3.5.1/airflow-env/lib64/python3.11/site-packages/airflow/example_dags/example_sensors.py for tasks to queue
[2023-10-07T04:01:36.884+0530] {logging_mixin.py:151} INFO - [2023-10-07T04:01:36.883+0530] {dagbag.py:539} INFO - Filling up the DagBag from /home/raj/Downloads/kafka_2.13-3.5.1/airflow-env/lib64/python3.11/site-packages/airflow/example_dags/example_sensors.py
[2023-10-07T04:01:36.904+0530] {processor.py:839} INFO - DAG(s) dict_keys(['example_sensors']) retrieved from /home/raj/Downloads/kafka_2.13-3.5.1/airflow-env/lib64/python3.11/site-packages/airflow/example_dags/example_sensors.py
[2023-10-07T04:01:36.927+0530] {logging_mixin.py:151} INFO - [2023-10-07T04:01:36.927+0530] {dag.py:2915} INFO - Sync 1 DAGs
[2023-10-07T04:01:36.936+0530] {logging_mixin.py:151} INFO - [2023-10-07T04:01:36.936+0530] {dag.py:3696} INFO - Setting next_dagrun for example_sensors to None, run_after=None
[2023-10-07T04:01:36.965+0530] {processor.py:179} INFO - Processing /home/raj/Downloads/kafka_2.13-3.5.1/airflow-env/lib64/python3.11/site-packages/airflow/example_dags/example_sensors.py took 0.090 seconds
[2023-10-07T04:02:31.412+0530] {processor.py:157} INFO - Started process (PID=18426) to work on /home/raj/Downloads/kafka_2.13-3.5.1/airflow-env/lib64/python3.11/site-packages/airflow/example_dags/example_sensors.py
[2023-10-07T04:02:31.423+0530] {processor.py:829} INFO - Processing file /home/raj/Downloads/kafka_2.13-3.5.1/airflow-env/lib64/python3.11/site-packages/airflow/example_dags/example_sensors.py for tasks to queue
[2023-10-07T04:02:31.425+0530] {logging_mixin.py:151} INFO - [2023-10-07T04:02:31.424+0530] {dagbag.py:539} INFO - Filling up the DagBag from /home/raj/Downloads/kafka_2.13-3.5.1/airflow-env/lib64/python3.11/site-packages/airflow/example_dags/example_sensors.py
[2023-10-07T04:02:31.445+0530] {processor.py:839} INFO - DAG(s) dict_keys(['example_sensors']) retrieved from /home/raj/Downloads/kafka_2.13-3.5.1/airflow-env/lib64/python3.11/site-packages/airflow/example_dags/example_sensors.py
[2023-10-07T04:02:31.466+0530] {logging_mixin.py:151} INFO - [2023-10-07T04:02:31.466+0530] {dag.py:2915} INFO - Sync 1 DAGs
[2023-10-07T04:02:31.475+0530] {logging_mixin.py:151} INFO - [2023-10-07T04:02:31.475+0530] {dag.py:3696} INFO - Setting next_dagrun for example_sensors to None, run_after=None
[2023-10-07T04:02:31.494+0530] {processor.py:179} INFO - Processing /home/raj/Downloads/kafka_2.13-3.5.1/airflow-env/lib64/python3.11/site-packages/airflow/example_dags/example_sensors.py took 0.084 seconds
[2023-10-07T04:03:22.474+0530] {processor.py:157} INFO - Started process (PID=18645) to work on /home/raj/Downloads/kafka_2.13-3.5.1/airflow-env/lib64/python3.11/site-packages/airflow/example_dags/example_sensors.py
[2023-10-07T04:03:22.476+0530] {processor.py:829} INFO - Processing file /home/raj/Downloads/kafka_2.13-3.5.1/airflow-env/lib64/python3.11/site-packages/airflow/example_dags/example_sensors.py for tasks to queue
[2023-10-07T04:03:22.477+0530] {logging_mixin.py:151} INFO - [2023-10-07T04:03:22.477+0530] {dagbag.py:539} INFO - Filling up the DagBag from /home/raj/Downloads/kafka_2.13-3.5.1/airflow-env/lib64/python3.11/site-packages/airflow/example_dags/example_sensors.py
[2023-10-07T04:03:22.490+0530] {processor.py:839} INFO - DAG(s) dict_keys(['example_sensors']) retrieved from /home/raj/Downloads/kafka_2.13-3.5.1/airflow-env/lib64/python3.11/site-packages/airflow/example_dags/example_sensors.py
[2023-10-07T04:03:22.510+0530] {logging_mixin.py:151} INFO - [2023-10-07T04:03:22.509+0530] {dag.py:2915} INFO - Sync 1 DAGs
[2023-10-07T04:03:22.523+0530] {logging_mixin.py:151} INFO - [2023-10-07T04:03:22.522+0530] {dag.py:3696} INFO - Setting next_dagrun for example_sensors to None, run_after=None
[2023-10-07T04:03:22.547+0530] {processor.py:179} INFO - Processing /home/raj/Downloads/kafka_2.13-3.5.1/airflow-env/lib64/python3.11/site-packages/airflow/example_dags/example_sensors.py took 0.080 seconds
[2023-10-07T04:04:08.876+0530] {processor.py:157} INFO - Started process (PID=18708) to work on /home/raj/Downloads/kafka_2.13-3.5.1/airflow-env/lib64/python3.11/site-packages/airflow/example_dags/example_sensors.py
[2023-10-07T04:04:08.888+0530] {processor.py:829} INFO - Processing file /home/raj/Downloads/kafka_2.13-3.5.1/airflow-env/lib64/python3.11/site-packages/airflow/example_dags/example_sensors.py for tasks to queue
[2023-10-07T04:04:08.889+0530] {logging_mixin.py:151} INFO - [2023-10-07T04:04:08.888+0530] {dagbag.py:539} INFO - Filling up the DagBag from /home/raj/Downloads/kafka_2.13-3.5.1/airflow-env/lib64/python3.11/site-packages/airflow/example_dags/example_sensors.py
[2023-10-07T04:04:08.899+0530] {processor.py:839} INFO - DAG(s) dict_keys(['example_sensors']) retrieved from /home/raj/Downloads/kafka_2.13-3.5.1/airflow-env/lib64/python3.11/site-packages/airflow/example_dags/example_sensors.py
[2023-10-07T04:04:08.916+0530] {logging_mixin.py:151} INFO - [2023-10-07T04:04:08.916+0530] {dag.py:2915} INFO - Sync 1 DAGs
[2023-10-07T04:04:08.925+0530] {logging_mixin.py:151} INFO - [2023-10-07T04:04:08.925+0530] {dag.py:3696} INFO - Setting next_dagrun for example_sensors to None, run_after=None
[2023-10-07T04:04:08.945+0530] {processor.py:179} INFO - Processing /home/raj/Downloads/kafka_2.13-3.5.1/airflow-env/lib64/python3.11/site-packages/airflow/example_dags/example_sensors.py took 0.074 seconds
[2023-10-07T04:04:58.743+0530] {processor.py:157} INFO - Started process (PID=18871) to work on /home/raj/Downloads/kafka_2.13-3.5.1/airflow-env/lib64/python3.11/site-packages/airflow/example_dags/example_sensors.py
[2023-10-07T04:04:58.754+0530] {processor.py:829} INFO - Processing file /home/raj/Downloads/kafka_2.13-3.5.1/airflow-env/lib64/python3.11/site-packages/airflow/example_dags/example_sensors.py for tasks to queue
[2023-10-07T04:04:58.755+0530] {logging_mixin.py:151} INFO - [2023-10-07T04:04:58.755+0530] {dagbag.py:539} INFO - Filling up the DagBag from /home/raj/Downloads/kafka_2.13-3.5.1/airflow-env/lib64/python3.11/site-packages/airflow/example_dags/example_sensors.py
[2023-10-07T04:04:58.776+0530] {processor.py:839} INFO - DAG(s) dict_keys(['example_sensors']) retrieved from /home/raj/Downloads/kafka_2.13-3.5.1/airflow-env/lib64/python3.11/site-packages/airflow/example_dags/example_sensors.py
[2023-10-07T04:04:58.793+0530] {logging_mixin.py:151} INFO - [2023-10-07T04:04:58.793+0530] {dag.py:2915} INFO - Sync 1 DAGs
[2023-10-07T04:04:58.803+0530] {logging_mixin.py:151} INFO - [2023-10-07T04:04:58.803+0530] {dag.py:3696} INFO - Setting next_dagrun for example_sensors to None, run_after=None
[2023-10-07T04:04:58.823+0530] {processor.py:179} INFO - Processing /home/raj/Downloads/kafka_2.13-3.5.1/airflow-env/lib64/python3.11/site-packages/airflow/example_dags/example_sensors.py took 0.086 seconds
[2023-10-07T04:05:50.774+0530] {processor.py:157} INFO - Started process (PID=18999) to work on /home/raj/Downloads/kafka_2.13-3.5.1/airflow-env/lib64/python3.11/site-packages/airflow/example_dags/example_sensors.py
[2023-10-07T04:05:50.786+0530] {processor.py:829} INFO - Processing file /home/raj/Downloads/kafka_2.13-3.5.1/airflow-env/lib64/python3.11/site-packages/airflow/example_dags/example_sensors.py for tasks to queue
[2023-10-07T04:05:50.787+0530] {logging_mixin.py:151} INFO - [2023-10-07T04:05:50.786+0530] {dagbag.py:539} INFO - Filling up the DagBag from /home/raj/Downloads/kafka_2.13-3.5.1/airflow-env/lib64/python3.11/site-packages/airflow/example_dags/example_sensors.py
[2023-10-07T04:05:50.806+0530] {processor.py:839} INFO - DAG(s) dict_keys(['example_sensors']) retrieved from /home/raj/Downloads/kafka_2.13-3.5.1/airflow-env/lib64/python3.11/site-packages/airflow/example_dags/example_sensors.py
[2023-10-07T04:05:50.837+0530] {logging_mixin.py:151} INFO - [2023-10-07T04:05:50.837+0530] {dag.py:2915} INFO - Sync 1 DAGs
[2023-10-07T04:05:50.846+0530] {logging_mixin.py:151} INFO - [2023-10-07T04:05:50.846+0530] {dag.py:3696} INFO - Setting next_dagrun for example_sensors to None, run_after=None
[2023-10-07T04:05:50.865+0530] {processor.py:179} INFO - Processing /home/raj/Downloads/kafka_2.13-3.5.1/airflow-env/lib64/python3.11/site-packages/airflow/example_dags/example_sensors.py took 0.095 seconds
[2023-10-07T04:06:46.331+0530] {processor.py:157} INFO - Started process (PID=19151) to work on /home/raj/Downloads/kafka_2.13-3.5.1/airflow-env/lib64/python3.11/site-packages/airflow/example_dags/example_sensors.py
[2023-10-07T04:06:46.342+0530] {processor.py:829} INFO - Processing file /home/raj/Downloads/kafka_2.13-3.5.1/airflow-env/lib64/python3.11/site-packages/airflow/example_dags/example_sensors.py for tasks to queue
[2023-10-07T04:06:46.343+0530] {logging_mixin.py:151} INFO - [2023-10-07T04:06:46.343+0530] {dagbag.py:539} INFO - Filling up the DagBag from /home/raj/Downloads/kafka_2.13-3.5.1/airflow-env/lib64/python3.11/site-packages/airflow/example_dags/example_sensors.py
[2023-10-07T04:06:46.353+0530] {processor.py:839} INFO - DAG(s) dict_keys(['example_sensors']) retrieved from /home/raj/Downloads/kafka_2.13-3.5.1/airflow-env/lib64/python3.11/site-packages/airflow/example_dags/example_sensors.py
[2023-10-07T04:06:46.373+0530] {logging_mixin.py:151} INFO - [2023-10-07T04:06:46.372+0530] {dag.py:2915} INFO - Sync 1 DAGs
[2023-10-07T04:06:46.383+0530] {logging_mixin.py:151} INFO - [2023-10-07T04:06:46.383+0530] {dag.py:3696} INFO - Setting next_dagrun for example_sensors to None, run_after=None
[2023-10-07T04:06:46.408+0530] {processor.py:179} INFO - Processing /home/raj/Downloads/kafka_2.13-3.5.1/airflow-env/lib64/python3.11/site-packages/airflow/example_dags/example_sensors.py took 0.082 seconds
[2023-10-07T04:07:34.521+0530] {processor.py:157} INFO - Started process (PID=19208) to work on /home/raj/Downloads/kafka_2.13-3.5.1/airflow-env/lib64/python3.11/site-packages/airflow/example_dags/example_sensors.py
[2023-10-07T04:07:34.532+0530] {processor.py:829} INFO - Processing file /home/raj/Downloads/kafka_2.13-3.5.1/airflow-env/lib64/python3.11/site-packages/airflow/example_dags/example_sensors.py for tasks to queue
[2023-10-07T04:07:34.533+0530] {logging_mixin.py:151} INFO - [2023-10-07T04:07:34.533+0530] {dagbag.py:539} INFO - Filling up the DagBag from /home/raj/Downloads/kafka_2.13-3.5.1/airflow-env/lib64/python3.11/site-packages/airflow/example_dags/example_sensors.py
[2023-10-07T04:07:34.543+0530] {processor.py:839} INFO - DAG(s) dict_keys(['example_sensors']) retrieved from /home/raj/Downloads/kafka_2.13-3.5.1/airflow-env/lib64/python3.11/site-packages/airflow/example_dags/example_sensors.py
[2023-10-07T04:07:34.559+0530] {logging_mixin.py:151} INFO - [2023-10-07T04:07:34.559+0530] {dag.py:2915} INFO - Sync 1 DAGs
[2023-10-07T04:07:34.568+0530] {logging_mixin.py:151} INFO - [2023-10-07T04:07:34.568+0530] {dag.py:3696} INFO - Setting next_dagrun for example_sensors to None, run_after=None
[2023-10-07T04:07:34.586+0530] {processor.py:179} INFO - Processing /home/raj/Downloads/kafka_2.13-3.5.1/airflow-env/lib64/python3.11/site-packages/airflow/example_dags/example_sensors.py took 0.071 seconds
[2023-10-07T04:08:28.883+0530] {processor.py:157} INFO - Started process (PID=19264) to work on /home/raj/Downloads/kafka_2.13-3.5.1/airflow-env/lib64/python3.11/site-packages/airflow/example_dags/example_sensors.py
[2023-10-07T04:08:28.894+0530] {processor.py:829} INFO - Processing file /home/raj/Downloads/kafka_2.13-3.5.1/airflow-env/lib64/python3.11/site-packages/airflow/example_dags/example_sensors.py for tasks to queue
[2023-10-07T04:08:28.896+0530] {logging_mixin.py:151} INFO - [2023-10-07T04:08:28.895+0530] {dagbag.py:539} INFO - Filling up the DagBag from /home/raj/Downloads/kafka_2.13-3.5.1/airflow-env/lib64/python3.11/site-packages/airflow/example_dags/example_sensors.py
[2023-10-07T04:08:28.923+0530] {processor.py:839} INFO - DAG(s) dict_keys(['example_sensors']) retrieved from /home/raj/Downloads/kafka_2.13-3.5.1/airflow-env/lib64/python3.11/site-packages/airflow/example_dags/example_sensors.py
[2023-10-07T04:08:28.946+0530] {logging_mixin.py:151} INFO - [2023-10-07T04:08:28.945+0530] {dag.py:2915} INFO - Sync 1 DAGs
[2023-10-07T04:08:28.957+0530] {logging_mixin.py:151} INFO - [2023-10-07T04:08:28.957+0530] {dag.py:3696} INFO - Setting next_dagrun for example_sensors to None, run_after=None
[2023-10-07T04:08:28.977+0530] {processor.py:179} INFO - Processing /home/raj/Downloads/kafka_2.13-3.5.1/airflow-env/lib64/python3.11/site-packages/airflow/example_dags/example_sensors.py took 0.099 seconds
[2023-10-07T04:09:23.058+0530] {processor.py:157} INFO - Started process (PID=19321) to work on /home/raj/Downloads/kafka_2.13-3.5.1/airflow-env/lib64/python3.11/site-packages/airflow/example_dags/example_sensors.py
[2023-10-07T04:09:23.069+0530] {processor.py:829} INFO - Processing file /home/raj/Downloads/kafka_2.13-3.5.1/airflow-env/lib64/python3.11/site-packages/airflow/example_dags/example_sensors.py for tasks to queue
[2023-10-07T04:09:23.071+0530] {logging_mixin.py:151} INFO - [2023-10-07T04:09:23.070+0530] {dagbag.py:539} INFO - Filling up the DagBag from /home/raj/Downloads/kafka_2.13-3.5.1/airflow-env/lib64/python3.11/site-packages/airflow/example_dags/example_sensors.py
[2023-10-07T04:09:23.092+0530] {processor.py:839} INFO - DAG(s) dict_keys(['example_sensors']) retrieved from /home/raj/Downloads/kafka_2.13-3.5.1/airflow-env/lib64/python3.11/site-packages/airflow/example_dags/example_sensors.py
[2023-10-07T04:09:23.120+0530] {logging_mixin.py:151} INFO - [2023-10-07T04:09:23.120+0530] {dag.py:2915} INFO - Sync 1 DAGs
[2023-10-07T04:09:23.129+0530] {logging_mixin.py:151} INFO - [2023-10-07T04:09:23.129+0530] {dag.py:3696} INFO - Setting next_dagrun for example_sensors to None, run_after=None
[2023-10-07T04:09:23.147+0530] {processor.py:179} INFO - Processing /home/raj/Downloads/kafka_2.13-3.5.1/airflow-env/lib64/python3.11/site-packages/airflow/example_dags/example_sensors.py took 0.095 seconds
[2023-10-07T04:10:12.140+0530] {processor.py:157} INFO - Started process (PID=19372) to work on /home/raj/Downloads/kafka_2.13-3.5.1/airflow-env/lib64/python3.11/site-packages/airflow/example_dags/example_sensors.py
[2023-10-07T04:10:12.151+0530] {processor.py:829} INFO - Processing file /home/raj/Downloads/kafka_2.13-3.5.1/airflow-env/lib64/python3.11/site-packages/airflow/example_dags/example_sensors.py for tasks to queue
[2023-10-07T04:10:12.153+0530] {logging_mixin.py:151} INFO - [2023-10-07T04:10:12.152+0530] {dagbag.py:539} INFO - Filling up the DagBag from /home/raj/Downloads/kafka_2.13-3.5.1/airflow-env/lib64/python3.11/site-packages/airflow/example_dags/example_sensors.py
[2023-10-07T04:10:12.179+0530] {processor.py:839} INFO - DAG(s) dict_keys(['example_sensors']) retrieved from /home/raj/Downloads/kafka_2.13-3.5.1/airflow-env/lib64/python3.11/site-packages/airflow/example_dags/example_sensors.py
[2023-10-07T04:10:12.205+0530] {logging_mixin.py:151} INFO - [2023-10-07T04:10:12.205+0530] {dag.py:2915} INFO - Sync 1 DAGs
[2023-10-07T04:10:12.215+0530] {logging_mixin.py:151} INFO - [2023-10-07T04:10:12.215+0530] {dag.py:3696} INFO - Setting next_dagrun for example_sensors to None, run_after=None
[2023-10-07T04:10:12.240+0530] {processor.py:179} INFO - Processing /home/raj/Downloads/kafka_2.13-3.5.1/airflow-env/lib64/python3.11/site-packages/airflow/example_dags/example_sensors.py took 0.105 seconds
[2023-10-07T04:11:01.841+0530] {processor.py:157} INFO - Started process (PID=19439) to work on /home/raj/Downloads/kafka_2.13-3.5.1/airflow-env/lib64/python3.11/site-packages/airflow/example_dags/example_sensors.py
[2023-10-07T04:11:01.851+0530] {processor.py:829} INFO - Processing file /home/raj/Downloads/kafka_2.13-3.5.1/airflow-env/lib64/python3.11/site-packages/airflow/example_dags/example_sensors.py for tasks to queue
[2023-10-07T04:11:01.852+0530] {logging_mixin.py:151} INFO - [2023-10-07T04:11:01.852+0530] {dagbag.py:539} INFO - Filling up the DagBag from /home/raj/Downloads/kafka_2.13-3.5.1/airflow-env/lib64/python3.11/site-packages/airflow/example_dags/example_sensors.py
[2023-10-07T04:11:01.862+0530] {processor.py:839} INFO - DAG(s) dict_keys(['example_sensors']) retrieved from /home/raj/Downloads/kafka_2.13-3.5.1/airflow-env/lib64/python3.11/site-packages/airflow/example_dags/example_sensors.py
[2023-10-07T04:11:01.882+0530] {logging_mixin.py:151} INFO - [2023-10-07T04:11:01.882+0530] {dag.py:2915} INFO - Sync 1 DAGs
[2023-10-07T04:11:01.893+0530] {logging_mixin.py:151} INFO - [2023-10-07T04:11:01.893+0530] {dag.py:3696} INFO - Setting next_dagrun for example_sensors to None, run_after=None
[2023-10-07T04:11:01.917+0530] {processor.py:179} INFO - Processing /home/raj/Downloads/kafka_2.13-3.5.1/airflow-env/lib64/python3.11/site-packages/airflow/example_dags/example_sensors.py took 0.079 seconds
[2023-10-07T04:11:55.187+0530] {processor.py:157} INFO - Started process (PID=19519) to work on /home/raj/Downloads/kafka_2.13-3.5.1/airflow-env/lib64/python3.11/site-packages/airflow/example_dags/example_sensors.py
[2023-10-07T04:11:55.198+0530] {processor.py:829} INFO - Processing file /home/raj/Downloads/kafka_2.13-3.5.1/airflow-env/lib64/python3.11/site-packages/airflow/example_dags/example_sensors.py for tasks to queue
[2023-10-07T04:11:55.200+0530] {logging_mixin.py:151} INFO - [2023-10-07T04:11:55.199+0530] {dagbag.py:539} INFO - Filling up the DagBag from /home/raj/Downloads/kafka_2.13-3.5.1/airflow-env/lib64/python3.11/site-packages/airflow/example_dags/example_sensors.py
[2023-10-07T04:11:55.220+0530] {processor.py:839} INFO - DAG(s) dict_keys(['example_sensors']) retrieved from /home/raj/Downloads/kafka_2.13-3.5.1/airflow-env/lib64/python3.11/site-packages/airflow/example_dags/example_sensors.py
[2023-10-07T04:11:55.251+0530] {logging_mixin.py:151} INFO - [2023-10-07T04:11:55.251+0530] {dag.py:2915} INFO - Sync 1 DAGs
[2023-10-07T04:11:55.260+0530] {logging_mixin.py:151} INFO - [2023-10-07T04:11:55.260+0530] {dag.py:3696} INFO - Setting next_dagrun for example_sensors to None, run_after=None
[2023-10-07T04:11:55.280+0530] {processor.py:179} INFO - Processing /home/raj/Downloads/kafka_2.13-3.5.1/airflow-env/lib64/python3.11/site-packages/airflow/example_dags/example_sensors.py took 0.098 seconds
[2023-10-07T04:12:51.254+0530] {processor.py:157} INFO - Started process (PID=19574) to work on /home/raj/Downloads/kafka_2.13-3.5.1/airflow-env/lib64/python3.11/site-packages/airflow/example_dags/example_sensors.py
[2023-10-07T04:12:51.265+0530] {processor.py:829} INFO - Processing file /home/raj/Downloads/kafka_2.13-3.5.1/airflow-env/lib64/python3.11/site-packages/airflow/example_dags/example_sensors.py for tasks to queue
[2023-10-07T04:12:51.266+0530] {logging_mixin.py:151} INFO - [2023-10-07T04:12:51.266+0530] {dagbag.py:539} INFO - Filling up the DagBag from /home/raj/Downloads/kafka_2.13-3.5.1/airflow-env/lib64/python3.11/site-packages/airflow/example_dags/example_sensors.py
[2023-10-07T04:12:51.287+0530] {processor.py:839} INFO - DAG(s) dict_keys(['example_sensors']) retrieved from /home/raj/Downloads/kafka_2.13-3.5.1/airflow-env/lib64/python3.11/site-packages/airflow/example_dags/example_sensors.py
[2023-10-07T04:12:51.315+0530] {logging_mixin.py:151} INFO - [2023-10-07T04:12:51.315+0530] {dag.py:2915} INFO - Sync 1 DAGs
[2023-10-07T04:12:51.324+0530] {logging_mixin.py:151} INFO - [2023-10-07T04:12:51.324+0530] {dag.py:3696} INFO - Setting next_dagrun for example_sensors to None, run_after=None
[2023-10-07T04:12:51.343+0530] {processor.py:179} INFO - Processing /home/raj/Downloads/kafka_2.13-3.5.1/airflow-env/lib64/python3.11/site-packages/airflow/example_dags/example_sensors.py took 0.094 seconds
[2023-10-07T04:13:43.536+0530] {processor.py:157} INFO - Started process (PID=19628) to work on /home/raj/Downloads/kafka_2.13-3.5.1/airflow-env/lib64/python3.11/site-packages/airflow/example_dags/example_sensors.py
[2023-10-07T04:13:43.538+0530] {processor.py:829} INFO - Processing file /home/raj/Downloads/kafka_2.13-3.5.1/airflow-env/lib64/python3.11/site-packages/airflow/example_dags/example_sensors.py for tasks to queue
[2023-10-07T04:13:43.539+0530] {logging_mixin.py:151} INFO - [2023-10-07T04:13:43.538+0530] {dagbag.py:539} INFO - Filling up the DagBag from /home/raj/Downloads/kafka_2.13-3.5.1/airflow-env/lib64/python3.11/site-packages/airflow/example_dags/example_sensors.py
[2023-10-07T04:13:43.559+0530] {processor.py:839} INFO - DAG(s) dict_keys(['example_sensors']) retrieved from /home/raj/Downloads/kafka_2.13-3.5.1/airflow-env/lib64/python3.11/site-packages/airflow/example_dags/example_sensors.py
[2023-10-07T04:13:43.582+0530] {logging_mixin.py:151} INFO - [2023-10-07T04:13:43.582+0530] {dag.py:2915} INFO - Sync 1 DAGs
[2023-10-07T04:13:43.592+0530] {logging_mixin.py:151} INFO - [2023-10-07T04:13:43.592+0530] {dag.py:3696} INFO - Setting next_dagrun for example_sensors to None, run_after=None
[2023-10-07T04:13:43.613+0530] {processor.py:179} INFO - Processing /home/raj/Downloads/kafka_2.13-3.5.1/airflow-env/lib64/python3.11/site-packages/airflow/example_dags/example_sensors.py took 0.082 seconds
[2023-10-07T04:14:33.033+0530] {processor.py:157} INFO - Started process (PID=19680) to work on /home/raj/Downloads/kafka_2.13-3.5.1/airflow-env/lib64/python3.11/site-packages/airflow/example_dags/example_sensors.py
[2023-10-07T04:14:33.044+0530] {processor.py:829} INFO - Processing file /home/raj/Downloads/kafka_2.13-3.5.1/airflow-env/lib64/python3.11/site-packages/airflow/example_dags/example_sensors.py for tasks to queue
[2023-10-07T04:14:33.045+0530] {logging_mixin.py:151} INFO - [2023-10-07T04:14:33.045+0530] {dagbag.py:539} INFO - Filling up the DagBag from /home/raj/Downloads/kafka_2.13-3.5.1/airflow-env/lib64/python3.11/site-packages/airflow/example_dags/example_sensors.py
[2023-10-07T04:14:33.057+0530] {processor.py:839} INFO - DAG(s) dict_keys(['example_sensors']) retrieved from /home/raj/Downloads/kafka_2.13-3.5.1/airflow-env/lib64/python3.11/site-packages/airflow/example_dags/example_sensors.py
[2023-10-07T04:14:33.079+0530] {logging_mixin.py:151} INFO - [2023-10-07T04:14:33.079+0530] {dag.py:2915} INFO - Sync 1 DAGs
[2023-10-07T04:14:33.092+0530] {logging_mixin.py:151} INFO - [2023-10-07T04:14:33.092+0530] {dag.py:3696} INFO - Setting next_dagrun for example_sensors to None, run_after=None
[2023-10-07T04:14:33.113+0530] {processor.py:179} INFO - Processing /home/raj/Downloads/kafka_2.13-3.5.1/airflow-env/lib64/python3.11/site-packages/airflow/example_dags/example_sensors.py took 0.083 seconds
[2023-10-07T04:15:23.364+0530] {processor.py:157} INFO - Started process (PID=19781) to work on /home/raj/Downloads/kafka_2.13-3.5.1/airflow-env/lib64/python3.11/site-packages/airflow/example_dags/example_sensors.py
[2023-10-07T04:15:23.375+0530] {processor.py:829} INFO - Processing file /home/raj/Downloads/kafka_2.13-3.5.1/airflow-env/lib64/python3.11/site-packages/airflow/example_dags/example_sensors.py for tasks to queue
[2023-10-07T04:15:23.377+0530] {logging_mixin.py:151} INFO - [2023-10-07T04:15:23.376+0530] {dagbag.py:539} INFO - Filling up the DagBag from /home/raj/Downloads/kafka_2.13-3.5.1/airflow-env/lib64/python3.11/site-packages/airflow/example_dags/example_sensors.py
[2023-10-07T04:15:23.397+0530] {processor.py:839} INFO - DAG(s) dict_keys(['example_sensors']) retrieved from /home/raj/Downloads/kafka_2.13-3.5.1/airflow-env/lib64/python3.11/site-packages/airflow/example_dags/example_sensors.py
[2023-10-07T04:15:23.428+0530] {logging_mixin.py:151} INFO - [2023-10-07T04:15:23.428+0530] {dag.py:2915} INFO - Sync 1 DAGs
[2023-10-07T04:15:23.437+0530] {logging_mixin.py:151} INFO - [2023-10-07T04:15:23.437+0530] {dag.py:3696} INFO - Setting next_dagrun for example_sensors to None, run_after=None
[2023-10-07T04:15:23.454+0530] {processor.py:179} INFO - Processing /home/raj/Downloads/kafka_2.13-3.5.1/airflow-env/lib64/python3.11/site-packages/airflow/example_dags/example_sensors.py took 0.096 seconds
[2023-10-07T04:16:13.072+0530] {processor.py:157} INFO - Started process (PID=19843) to work on /home/raj/Downloads/kafka_2.13-3.5.1/airflow-env/lib64/python3.11/site-packages/airflow/example_dags/example_sensors.py
[2023-10-07T04:16:13.083+0530] {processor.py:829} INFO - Processing file /home/raj/Downloads/kafka_2.13-3.5.1/airflow-env/lib64/python3.11/site-packages/airflow/example_dags/example_sensors.py for tasks to queue
[2023-10-07T04:16:13.084+0530] {logging_mixin.py:151} INFO - [2023-10-07T04:16:13.084+0530] {dagbag.py:539} INFO - Filling up the DagBag from /home/raj/Downloads/kafka_2.13-3.5.1/airflow-env/lib64/python3.11/site-packages/airflow/example_dags/example_sensors.py
[2023-10-07T04:16:13.104+0530] {processor.py:839} INFO - DAG(s) dict_keys(['example_sensors']) retrieved from /home/raj/Downloads/kafka_2.13-3.5.1/airflow-env/lib64/python3.11/site-packages/airflow/example_dags/example_sensors.py
[2023-10-07T04:16:13.135+0530] {logging_mixin.py:151} INFO - [2023-10-07T04:16:13.135+0530] {dag.py:2915} INFO - Sync 1 DAGs
[2023-10-07T04:16:13.144+0530] {logging_mixin.py:151} INFO - [2023-10-07T04:16:13.144+0530] {dag.py:3696} INFO - Setting next_dagrun for example_sensors to None, run_after=None
[2023-10-07T04:16:13.162+0530] {processor.py:179} INFO - Processing /home/raj/Downloads/kafka_2.13-3.5.1/airflow-env/lib64/python3.11/site-packages/airflow/example_dags/example_sensors.py took 0.096 seconds
[2023-10-07T04:17:08.738+0530] {processor.py:157} INFO - Started process (PID=19902) to work on /home/raj/Downloads/kafka_2.13-3.5.1/airflow-env/lib64/python3.11/site-packages/airflow/example_dags/example_sensors.py
[2023-10-07T04:17:08.749+0530] {processor.py:829} INFO - Processing file /home/raj/Downloads/kafka_2.13-3.5.1/airflow-env/lib64/python3.11/site-packages/airflow/example_dags/example_sensors.py for tasks to queue
[2023-10-07T04:17:08.751+0530] {logging_mixin.py:151} INFO - [2023-10-07T04:17:08.750+0530] {dagbag.py:539} INFO - Filling up the DagBag from /home/raj/Downloads/kafka_2.13-3.5.1/airflow-env/lib64/python3.11/site-packages/airflow/example_dags/example_sensors.py
[2023-10-07T04:17:08.773+0530] {processor.py:839} INFO - DAG(s) dict_keys(['example_sensors']) retrieved from /home/raj/Downloads/kafka_2.13-3.5.1/airflow-env/lib64/python3.11/site-packages/airflow/example_dags/example_sensors.py
[2023-10-07T04:17:08.804+0530] {logging_mixin.py:151} INFO - [2023-10-07T04:17:08.804+0530] {dag.py:2915} INFO - Sync 1 DAGs
[2023-10-07T04:17:08.817+0530] {logging_mixin.py:151} INFO - [2023-10-07T04:17:08.817+0530] {dag.py:3696} INFO - Setting next_dagrun for example_sensors to None, run_after=None
[2023-10-07T04:17:08.841+0530] {processor.py:179} INFO - Processing /home/raj/Downloads/kafka_2.13-3.5.1/airflow-env/lib64/python3.11/site-packages/airflow/example_dags/example_sensors.py took 0.109 seconds
[2023-10-07T04:17:58.375+0530] {processor.py:157} INFO - Started process (PID=19952) to work on /home/raj/Downloads/kafka_2.13-3.5.1/airflow-env/lib64/python3.11/site-packages/airflow/example_dags/example_sensors.py
[2023-10-07T04:17:58.386+0530] {processor.py:829} INFO - Processing file /home/raj/Downloads/kafka_2.13-3.5.1/airflow-env/lib64/python3.11/site-packages/airflow/example_dags/example_sensors.py for tasks to queue
[2023-10-07T04:17:58.387+0530] {logging_mixin.py:151} INFO - [2023-10-07T04:17:58.387+0530] {dagbag.py:539} INFO - Filling up the DagBag from /home/raj/Downloads/kafka_2.13-3.5.1/airflow-env/lib64/python3.11/site-packages/airflow/example_dags/example_sensors.py
[2023-10-07T04:17:58.405+0530] {processor.py:839} INFO - DAG(s) dict_keys(['example_sensors']) retrieved from /home/raj/Downloads/kafka_2.13-3.5.1/airflow-env/lib64/python3.11/site-packages/airflow/example_dags/example_sensors.py
[2023-10-07T04:17:58.422+0530] {logging_mixin.py:151} INFO - [2023-10-07T04:17:58.422+0530] {dag.py:2915} INFO - Sync 1 DAGs
[2023-10-07T04:17:58.432+0530] {logging_mixin.py:151} INFO - [2023-10-07T04:17:58.431+0530] {dag.py:3696} INFO - Setting next_dagrun for example_sensors to None, run_after=None
[2023-10-07T04:17:58.451+0530] {processor.py:179} INFO - Processing /home/raj/Downloads/kafka_2.13-3.5.1/airflow-env/lib64/python3.11/site-packages/airflow/example_dags/example_sensors.py took 0.081 seconds
[2023-10-07T04:18:50.315+0530] {processor.py:157} INFO - Started process (PID=20006) to work on /home/raj/Downloads/kafka_2.13-3.5.1/airflow-env/lib64/python3.11/site-packages/airflow/example_dags/example_sensors.py
[2023-10-07T04:18:50.326+0530] {processor.py:829} INFO - Processing file /home/raj/Downloads/kafka_2.13-3.5.1/airflow-env/lib64/python3.11/site-packages/airflow/example_dags/example_sensors.py for tasks to queue
[2023-10-07T04:18:50.328+0530] {logging_mixin.py:151} INFO - [2023-10-07T04:18:50.327+0530] {dagbag.py:539} INFO - Filling up the DagBag from /home/raj/Downloads/kafka_2.13-3.5.1/airflow-env/lib64/python3.11/site-packages/airflow/example_dags/example_sensors.py
[2023-10-07T04:18:50.354+0530] {processor.py:839} INFO - DAG(s) dict_keys(['example_sensors']) retrieved from /home/raj/Downloads/kafka_2.13-3.5.1/airflow-env/lib64/python3.11/site-packages/airflow/example_dags/example_sensors.py
[2023-10-07T04:18:50.381+0530] {logging_mixin.py:151} INFO - [2023-10-07T04:18:50.381+0530] {dag.py:2915} INFO - Sync 1 DAGs
[2023-10-07T04:18:50.391+0530] {logging_mixin.py:151} INFO - [2023-10-07T04:18:50.391+0530] {dag.py:3696} INFO - Setting next_dagrun for example_sensors to None, run_after=None
[2023-10-07T04:18:50.411+0530] {processor.py:179} INFO - Processing /home/raj/Downloads/kafka_2.13-3.5.1/airflow-env/lib64/python3.11/site-packages/airflow/example_dags/example_sensors.py took 0.101 seconds
[2023-10-07T04:19:46.164+0530] {processor.py:157} INFO - Started process (PID=20061) to work on /home/raj/Downloads/kafka_2.13-3.5.1/airflow-env/lib64/python3.11/site-packages/airflow/example_dags/example_sensors.py
[2023-10-07T04:19:46.176+0530] {processor.py:829} INFO - Processing file /home/raj/Downloads/kafka_2.13-3.5.1/airflow-env/lib64/python3.11/site-packages/airflow/example_dags/example_sensors.py for tasks to queue
[2023-10-07T04:19:46.177+0530] {logging_mixin.py:151} INFO - [2023-10-07T04:19:46.176+0530] {dagbag.py:539} INFO - Filling up the DagBag from /home/raj/Downloads/kafka_2.13-3.5.1/airflow-env/lib64/python3.11/site-packages/airflow/example_dags/example_sensors.py
[2023-10-07T04:19:46.187+0530] {processor.py:839} INFO - DAG(s) dict_keys(['example_sensors']) retrieved from /home/raj/Downloads/kafka_2.13-3.5.1/airflow-env/lib64/python3.11/site-packages/airflow/example_dags/example_sensors.py
[2023-10-07T04:19:46.203+0530] {logging_mixin.py:151} INFO - [2023-10-07T04:19:46.203+0530] {dag.py:2915} INFO - Sync 1 DAGs
[2023-10-07T04:19:46.212+0530] {logging_mixin.py:151} INFO - [2023-10-07T04:19:46.212+0530] {dag.py:3696} INFO - Setting next_dagrun for example_sensors to None, run_after=None
[2023-10-07T04:19:46.232+0530] {processor.py:179} INFO - Processing /home/raj/Downloads/kafka_2.13-3.5.1/airflow-env/lib64/python3.11/site-packages/airflow/example_dags/example_sensors.py took 0.074 seconds
[2023-10-07T04:20:41.350+0530] {processor.py:157} INFO - Started process (PID=20429) to work on /home/raj/Downloads/kafka_2.13-3.5.1/airflow-env/lib64/python3.11/site-packages/airflow/example_dags/example_sensors.py
[2023-10-07T04:20:41.361+0530] {processor.py:829} INFO - Processing file /home/raj/Downloads/kafka_2.13-3.5.1/airflow-env/lib64/python3.11/site-packages/airflow/example_dags/example_sensors.py for tasks to queue
[2023-10-07T04:20:41.364+0530] {logging_mixin.py:151} INFO - [2023-10-07T04:20:41.363+0530] {dagbag.py:539} INFO - Filling up the DagBag from /home/raj/Downloads/kafka_2.13-3.5.1/airflow-env/lib64/python3.11/site-packages/airflow/example_dags/example_sensors.py
[2023-10-07T04:20:41.395+0530] {processor.py:839} INFO - DAG(s) dict_keys(['example_sensors']) retrieved from /home/raj/Downloads/kafka_2.13-3.5.1/airflow-env/lib64/python3.11/site-packages/airflow/example_dags/example_sensors.py
[2023-10-07T04:20:41.424+0530] {logging_mixin.py:151} INFO - [2023-10-07T04:20:41.424+0530] {dag.py:2915} INFO - Sync 1 DAGs
[2023-10-07T04:20:41.436+0530] {logging_mixin.py:151} INFO - [2023-10-07T04:20:41.436+0530] {dag.py:3696} INFO - Setting next_dagrun for example_sensors to None, run_after=None
[2023-10-07T04:20:41.461+0530] {processor.py:179} INFO - Processing /home/raj/Downloads/kafka_2.13-3.5.1/airflow-env/lib64/python3.11/site-packages/airflow/example_dags/example_sensors.py took 0.116 seconds
[2023-10-07T04:21:33.526+0530] {processor.py:157} INFO - Started process (PID=20620) to work on /home/raj/Downloads/kafka_2.13-3.5.1/airflow-env/lib64/python3.11/site-packages/airflow/example_dags/example_sensors.py
[2023-10-07T04:21:33.536+0530] {processor.py:829} INFO - Processing file /home/raj/Downloads/kafka_2.13-3.5.1/airflow-env/lib64/python3.11/site-packages/airflow/example_dags/example_sensors.py for tasks to queue
[2023-10-07T04:21:33.537+0530] {logging_mixin.py:151} INFO - [2023-10-07T04:21:33.537+0530] {dagbag.py:539} INFO - Filling up the DagBag from /home/raj/Downloads/kafka_2.13-3.5.1/airflow-env/lib64/python3.11/site-packages/airflow/example_dags/example_sensors.py
[2023-10-07T04:21:33.549+0530] {processor.py:839} INFO - DAG(s) dict_keys(['example_sensors']) retrieved from /home/raj/Downloads/kafka_2.13-3.5.1/airflow-env/lib64/python3.11/site-packages/airflow/example_dags/example_sensors.py
[2023-10-07T04:21:33.574+0530] {logging_mixin.py:151} INFO - [2023-10-07T04:21:33.573+0530] {dag.py:2915} INFO - Sync 1 DAGs
[2023-10-07T04:21:33.588+0530] {logging_mixin.py:151} INFO - [2023-10-07T04:21:33.588+0530] {dag.py:3696} INFO - Setting next_dagrun for example_sensors to None, run_after=None
[2023-10-07T04:21:33.608+0530] {processor.py:179} INFO - Processing /home/raj/Downloads/kafka_2.13-3.5.1/airflow-env/lib64/python3.11/site-packages/airflow/example_dags/example_sensors.py took 0.085 seconds
[2023-10-07T04:22:23.151+0530] {processor.py:157} INFO - Started process (PID=20782) to work on /home/raj/Downloads/kafka_2.13-3.5.1/airflow-env/lib64/python3.11/site-packages/airflow/example_dags/example_sensors.py
[2023-10-07T04:22:23.162+0530] {processor.py:829} INFO - Processing file /home/raj/Downloads/kafka_2.13-3.5.1/airflow-env/lib64/python3.11/site-packages/airflow/example_dags/example_sensors.py for tasks to queue
[2023-10-07T04:22:23.163+0530] {logging_mixin.py:151} INFO - [2023-10-07T04:22:23.162+0530] {dagbag.py:539} INFO - Filling up the DagBag from /home/raj/Downloads/kafka_2.13-3.5.1/airflow-env/lib64/python3.11/site-packages/airflow/example_dags/example_sensors.py
[2023-10-07T04:22:23.173+0530] {processor.py:839} INFO - DAG(s) dict_keys(['example_sensors']) retrieved from /home/raj/Downloads/kafka_2.13-3.5.1/airflow-env/lib64/python3.11/site-packages/airflow/example_dags/example_sensors.py
[2023-10-07T04:22:23.192+0530] {logging_mixin.py:151} INFO - [2023-10-07T04:22:23.192+0530] {dag.py:2915} INFO - Sync 1 DAGs
[2023-10-07T04:22:23.203+0530] {logging_mixin.py:151} INFO - [2023-10-07T04:22:23.203+0530] {dag.py:3696} INFO - Setting next_dagrun for example_sensors to None, run_after=None
[2023-10-07T04:22:23.224+0530] {processor.py:179} INFO - Processing /home/raj/Downloads/kafka_2.13-3.5.1/airflow-env/lib64/python3.11/site-packages/airflow/example_dags/example_sensors.py took 0.075 seconds
[2023-10-07T04:23:15.637+0530] {processor.py:157} INFO - Started process (PID=20883) to work on /home/raj/Downloads/kafka_2.13-3.5.1/airflow-env/lib64/python3.11/site-packages/airflow/example_dags/example_sensors.py
[2023-10-07T04:23:15.648+0530] {processor.py:829} INFO - Processing file /home/raj/Downloads/kafka_2.13-3.5.1/airflow-env/lib64/python3.11/site-packages/airflow/example_dags/example_sensors.py for tasks to queue
[2023-10-07T04:23:15.650+0530] {logging_mixin.py:151} INFO - [2023-10-07T04:23:15.649+0530] {dagbag.py:539} INFO - Filling up the DagBag from /home/raj/Downloads/kafka_2.13-3.5.1/airflow-env/lib64/python3.11/site-packages/airflow/example_dags/example_sensors.py
[2023-10-07T04:23:15.673+0530] {processor.py:839} INFO - DAG(s) dict_keys(['example_sensors']) retrieved from /home/raj/Downloads/kafka_2.13-3.5.1/airflow-env/lib64/python3.11/site-packages/airflow/example_dags/example_sensors.py
[2023-10-07T04:23:15.701+0530] {logging_mixin.py:151} INFO - [2023-10-07T04:23:15.700+0530] {dag.py:2915} INFO - Sync 1 DAGs
[2023-10-07T04:23:15.709+0530] {logging_mixin.py:151} INFO - [2023-10-07T04:23:15.709+0530] {dag.py:3696} INFO - Setting next_dagrun for example_sensors to None, run_after=None
[2023-10-07T04:23:15.730+0530] {processor.py:179} INFO - Processing /home/raj/Downloads/kafka_2.13-3.5.1/airflow-env/lib64/python3.11/site-packages/airflow/example_dags/example_sensors.py took 0.098 seconds
[2023-10-07T04:24:06.218+0530] {processor.py:157} INFO - Started process (PID=21010) to work on /home/raj/Downloads/kafka_2.13-3.5.1/airflow-env/lib64/python3.11/site-packages/airflow/example_dags/example_sensors.py
[2023-10-07T04:24:06.219+0530] {processor.py:829} INFO - Processing file /home/raj/Downloads/kafka_2.13-3.5.1/airflow-env/lib64/python3.11/site-packages/airflow/example_dags/example_sensors.py for tasks to queue
[2023-10-07T04:24:06.220+0530] {logging_mixin.py:151} INFO - [2023-10-07T04:24:06.220+0530] {dagbag.py:539} INFO - Filling up the DagBag from /home/raj/Downloads/kafka_2.13-3.5.1/airflow-env/lib64/python3.11/site-packages/airflow/example_dags/example_sensors.py
[2023-10-07T04:24:06.232+0530] {processor.py:839} INFO - DAG(s) dict_keys(['example_sensors']) retrieved from /home/raj/Downloads/kafka_2.13-3.5.1/airflow-env/lib64/python3.11/site-packages/airflow/example_dags/example_sensors.py
[2023-10-07T04:24:06.251+0530] {logging_mixin.py:151} INFO - [2023-10-07T04:24:06.251+0530] {dag.py:2915} INFO - Sync 1 DAGs
[2023-10-07T04:24:06.262+0530] {logging_mixin.py:151} INFO - [2023-10-07T04:24:06.262+0530] {dag.py:3696} INFO - Setting next_dagrun for example_sensors to None, run_after=None
[2023-10-07T04:24:06.288+0530] {processor.py:179} INFO - Processing /home/raj/Downloads/kafka_2.13-3.5.1/airflow-env/lib64/python3.11/site-packages/airflow/example_dags/example_sensors.py took 0.073 seconds
[2023-10-07T04:24:56.200+0530] {processor.py:157} INFO - Started process (PID=21103) to work on /home/raj/Downloads/kafka_2.13-3.5.1/airflow-env/lib64/python3.11/site-packages/airflow/example_dags/example_sensors.py
[2023-10-07T04:24:56.211+0530] {processor.py:829} INFO - Processing file /home/raj/Downloads/kafka_2.13-3.5.1/airflow-env/lib64/python3.11/site-packages/airflow/example_dags/example_sensors.py for tasks to queue
[2023-10-07T04:24:56.213+0530] {logging_mixin.py:151} INFO - [2023-10-07T04:24:56.212+0530] {dagbag.py:539} INFO - Filling up the DagBag from /home/raj/Downloads/kafka_2.13-3.5.1/airflow-env/lib64/python3.11/site-packages/airflow/example_dags/example_sensors.py
[2023-10-07T04:24:56.233+0530] {processor.py:839} INFO - DAG(s) dict_keys(['example_sensors']) retrieved from /home/raj/Downloads/kafka_2.13-3.5.1/airflow-env/lib64/python3.11/site-packages/airflow/example_dags/example_sensors.py
[2023-10-07T04:24:56.258+0530] {logging_mixin.py:151} INFO - [2023-10-07T04:24:56.258+0530] {dag.py:2915} INFO - Sync 1 DAGs
[2023-10-07T04:24:56.267+0530] {logging_mixin.py:151} INFO - [2023-10-07T04:24:56.267+0530] {dag.py:3696} INFO - Setting next_dagrun for example_sensors to None, run_after=None
[2023-10-07T04:24:56.287+0530] {processor.py:179} INFO - Processing /home/raj/Downloads/kafka_2.13-3.5.1/airflow-env/lib64/python3.11/site-packages/airflow/example_dags/example_sensors.py took 0.091 seconds
[2023-10-07T04:25:48.166+0530] {processor.py:157} INFO - Started process (PID=21191) to work on /home/raj/Downloads/kafka_2.13-3.5.1/airflow-env/lib64/python3.11/site-packages/airflow/example_dags/example_sensors.py
[2023-10-07T04:25:48.178+0530] {processor.py:829} INFO - Processing file /home/raj/Downloads/kafka_2.13-3.5.1/airflow-env/lib64/python3.11/site-packages/airflow/example_dags/example_sensors.py for tasks to queue
[2023-10-07T04:25:48.180+0530] {logging_mixin.py:151} INFO - [2023-10-07T04:25:48.179+0530] {dagbag.py:539} INFO - Filling up the DagBag from /home/raj/Downloads/kafka_2.13-3.5.1/airflow-env/lib64/python3.11/site-packages/airflow/example_dags/example_sensors.py
[2023-10-07T04:25:48.202+0530] {processor.py:839} INFO - DAG(s) dict_keys(['example_sensors']) retrieved from /home/raj/Downloads/kafka_2.13-3.5.1/airflow-env/lib64/python3.11/site-packages/airflow/example_dags/example_sensors.py
[2023-10-07T04:25:48.235+0530] {logging_mixin.py:151} INFO - [2023-10-07T04:25:48.235+0530] {dag.py:2915} INFO - Sync 1 DAGs
[2023-10-07T04:25:48.248+0530] {logging_mixin.py:151} INFO - [2023-10-07T04:25:48.248+0530] {dag.py:3696} INFO - Setting next_dagrun for example_sensors to None, run_after=None
[2023-10-07T04:25:48.273+0530] {processor.py:179} INFO - Processing /home/raj/Downloads/kafka_2.13-3.5.1/airflow-env/lib64/python3.11/site-packages/airflow/example_dags/example_sensors.py took 0.113 seconds
[2023-10-07T04:26:40.232+0530] {processor.py:157} INFO - Started process (PID=21411) to work on /home/raj/Downloads/kafka_2.13-3.5.1/airflow-env/lib64/python3.11/site-packages/airflow/example_dags/example_sensors.py
[2023-10-07T04:26:40.233+0530] {processor.py:829} INFO - Processing file /home/raj/Downloads/kafka_2.13-3.5.1/airflow-env/lib64/python3.11/site-packages/airflow/example_dags/example_sensors.py for tasks to queue
[2023-10-07T04:26:40.235+0530] {logging_mixin.py:151} INFO - [2023-10-07T04:26:40.234+0530] {dagbag.py:539} INFO - Filling up the DagBag from /home/raj/Downloads/kafka_2.13-3.5.1/airflow-env/lib64/python3.11/site-packages/airflow/example_dags/example_sensors.py
[2023-10-07T04:26:40.258+0530] {processor.py:839} INFO - DAG(s) dict_keys(['example_sensors']) retrieved from /home/raj/Downloads/kafka_2.13-3.5.1/airflow-env/lib64/python3.11/site-packages/airflow/example_dags/example_sensors.py
[2023-10-07T04:26:40.282+0530] {logging_mixin.py:151} INFO - [2023-10-07T04:26:40.282+0530] {dag.py:2915} INFO - Sync 1 DAGs
[2023-10-07T04:26:40.294+0530] {logging_mixin.py:151} INFO - [2023-10-07T04:26:40.293+0530] {dag.py:3696} INFO - Setting next_dagrun for example_sensors to None, run_after=None
[2023-10-07T04:26:40.319+0530] {processor.py:179} INFO - Processing /home/raj/Downloads/kafka_2.13-3.5.1/airflow-env/lib64/python3.11/site-packages/airflow/example_dags/example_sensors.py took 0.092 seconds
[2023-10-07T04:27:30.258+0530] {processor.py:157} INFO - Started process (PID=21550) to work on /home/raj/Downloads/kafka_2.13-3.5.1/airflow-env/lib64/python3.11/site-packages/airflow/example_dags/example_sensors.py
[2023-10-07T04:27:30.269+0530] {processor.py:829} INFO - Processing file /home/raj/Downloads/kafka_2.13-3.5.1/airflow-env/lib64/python3.11/site-packages/airflow/example_dags/example_sensors.py for tasks to queue
[2023-10-07T04:27:30.270+0530] {logging_mixin.py:151} INFO - [2023-10-07T04:27:30.269+0530] {dagbag.py:539} INFO - Filling up the DagBag from /home/raj/Downloads/kafka_2.13-3.5.1/airflow-env/lib64/python3.11/site-packages/airflow/example_dags/example_sensors.py
[2023-10-07T04:27:30.292+0530] {processor.py:839} INFO - DAG(s) dict_keys(['example_sensors']) retrieved from /home/raj/Downloads/kafka_2.13-3.5.1/airflow-env/lib64/python3.11/site-packages/airflow/example_dags/example_sensors.py
[2023-10-07T04:27:30.322+0530] {logging_mixin.py:151} INFO - [2023-10-07T04:27:30.322+0530] {dag.py:2915} INFO - Sync 1 DAGs
[2023-10-07T04:27:30.331+0530] {logging_mixin.py:151} INFO - [2023-10-07T04:27:30.331+0530] {dag.py:3696} INFO - Setting next_dagrun for example_sensors to None, run_after=None
[2023-10-07T04:27:30.349+0530] {processor.py:179} INFO - Processing /home/raj/Downloads/kafka_2.13-3.5.1/airflow-env/lib64/python3.11/site-packages/airflow/example_dags/example_sensors.py took 0.098 seconds
[2023-10-07T04:28:24.832+0530] {processor.py:157} INFO - Started process (PID=21633) to work on /home/raj/Downloads/kafka_2.13-3.5.1/airflow-env/lib64/python3.11/site-packages/airflow/example_dags/example_sensors.py
[2023-10-07T04:28:24.843+0530] {processor.py:829} INFO - Processing file /home/raj/Downloads/kafka_2.13-3.5.1/airflow-env/lib64/python3.11/site-packages/airflow/example_dags/example_sensors.py for tasks to queue
[2023-10-07T04:28:24.845+0530] {logging_mixin.py:151} INFO - [2023-10-07T04:28:24.844+0530] {dagbag.py:539} INFO - Filling up the DagBag from /home/raj/Downloads/kafka_2.13-3.5.1/airflow-env/lib64/python3.11/site-packages/airflow/example_dags/example_sensors.py
[2023-10-07T04:28:24.868+0530] {processor.py:839} INFO - DAG(s) dict_keys(['example_sensors']) retrieved from /home/raj/Downloads/kafka_2.13-3.5.1/airflow-env/lib64/python3.11/site-packages/airflow/example_dags/example_sensors.py
[2023-10-07T04:28:24.898+0530] {logging_mixin.py:151} INFO - [2023-10-07T04:28:24.898+0530] {dag.py:2915} INFO - Sync 1 DAGs
[2023-10-07T04:28:24.908+0530] {logging_mixin.py:151} INFO - [2023-10-07T04:28:24.908+0530] {dag.py:3696} INFO - Setting next_dagrun for example_sensors to None, run_after=None
[2023-10-07T04:28:24.929+0530] {processor.py:179} INFO - Processing /home/raj/Downloads/kafka_2.13-3.5.1/airflow-env/lib64/python3.11/site-packages/airflow/example_dags/example_sensors.py took 0.103 seconds
[2023-10-07T04:29:16.955+0530] {processor.py:157} INFO - Started process (PID=21747) to work on /home/raj/Downloads/kafka_2.13-3.5.1/airflow-env/lib64/python3.11/site-packages/airflow/example_dags/example_sensors.py
[2023-10-07T04:29:16.957+0530] {processor.py:829} INFO - Processing file /home/raj/Downloads/kafka_2.13-3.5.1/airflow-env/lib64/python3.11/site-packages/airflow/example_dags/example_sensors.py for tasks to queue
[2023-10-07T04:29:16.958+0530] {logging_mixin.py:151} INFO - [2023-10-07T04:29:16.958+0530] {dagbag.py:539} INFO - Filling up the DagBag from /home/raj/Downloads/kafka_2.13-3.5.1/airflow-env/lib64/python3.11/site-packages/airflow/example_dags/example_sensors.py
[2023-10-07T04:29:16.979+0530] {processor.py:839} INFO - DAG(s) dict_keys(['example_sensors']) retrieved from /home/raj/Downloads/kafka_2.13-3.5.1/airflow-env/lib64/python3.11/site-packages/airflow/example_dags/example_sensors.py
[2023-10-07T04:29:17.003+0530] {logging_mixin.py:151} INFO - [2023-10-07T04:29:17.003+0530] {dag.py:2915} INFO - Sync 1 DAGs
[2023-10-07T04:29:17.012+0530] {logging_mixin.py:151} INFO - [2023-10-07T04:29:17.012+0530] {dag.py:3696} INFO - Setting next_dagrun for example_sensors to None, run_after=None
[2023-10-07T04:29:17.031+0530] {processor.py:179} INFO - Processing /home/raj/Downloads/kafka_2.13-3.5.1/airflow-env/lib64/python3.11/site-packages/airflow/example_dags/example_sensors.py took 0.081 seconds
[2023-10-07T04:40:55.342+0530] {processor.py:157} INFO - Started process (PID=9899) to work on /home/raj/Downloads/kafka_2.13-3.5.1/airflow-env/lib64/python3.11/site-packages/airflow/example_dags/example_sensors.py
[2023-10-07T04:40:55.343+0530] {processor.py:829} INFO - Processing file /home/raj/Downloads/kafka_2.13-3.5.1/airflow-env/lib64/python3.11/site-packages/airflow/example_dags/example_sensors.py for tasks to queue
[2023-10-07T04:40:55.344+0530] {logging_mixin.py:151} INFO - [2023-10-07T04:40:55.344+0530] {dagbag.py:539} INFO - Filling up the DagBag from /home/raj/Downloads/kafka_2.13-3.5.1/airflow-env/lib64/python3.11/site-packages/airflow/example_dags/example_sensors.py
[2023-10-07T04:40:55.358+0530] {processor.py:839} INFO - DAG(s) dict_keys(['example_sensors']) retrieved from /home/raj/Downloads/kafka_2.13-3.5.1/airflow-env/lib64/python3.11/site-packages/airflow/example_dags/example_sensors.py
[2023-10-07T04:40:55.385+0530] {logging_mixin.py:151} INFO - [2023-10-07T04:40:55.384+0530] {dag.py:2915} INFO - Sync 1 DAGs
[2023-10-07T04:40:55.398+0530] {logging_mixin.py:151} INFO - [2023-10-07T04:40:55.398+0530] {dag.py:3696} INFO - Setting next_dagrun for example_sensors to None, run_after=None
[2023-10-07T04:40:55.425+0530] {processor.py:179} INFO - Processing /home/raj/Downloads/kafka_2.13-3.5.1/airflow-env/lib64/python3.11/site-packages/airflow/example_dags/example_sensors.py took 0.086 seconds
[2023-10-07T04:41:42.787+0530] {processor.py:157} INFO - Started process (PID=10029) to work on /home/raj/Downloads/kafka_2.13-3.5.1/airflow-env/lib64/python3.11/site-packages/airflow/example_dags/example_sensors.py
[2023-10-07T04:41:42.788+0530] {processor.py:829} INFO - Processing file /home/raj/Downloads/kafka_2.13-3.5.1/airflow-env/lib64/python3.11/site-packages/airflow/example_dags/example_sensors.py for tasks to queue
[2023-10-07T04:41:42.791+0530] {logging_mixin.py:151} INFO - [2023-10-07T04:41:42.790+0530] {dagbag.py:539} INFO - Filling up the DagBag from /home/raj/Downloads/kafka_2.13-3.5.1/airflow-env/lib64/python3.11/site-packages/airflow/example_dags/example_sensors.py
[2023-10-07T04:41:42.802+0530] {processor.py:839} INFO - DAG(s) dict_keys(['example_sensors']) retrieved from /home/raj/Downloads/kafka_2.13-3.5.1/airflow-env/lib64/python3.11/site-packages/airflow/example_dags/example_sensors.py
[2023-10-07T04:41:42.823+0530] {logging_mixin.py:151} INFO - [2023-10-07T04:41:42.823+0530] {dag.py:2915} INFO - Sync 1 DAGs
[2023-10-07T04:41:42.836+0530] {logging_mixin.py:151} INFO - [2023-10-07T04:41:42.836+0530] {dag.py:3696} INFO - Setting next_dagrun for example_sensors to None, run_after=None
[2023-10-07T04:41:42.862+0530] {processor.py:179} INFO - Processing /home/raj/Downloads/kafka_2.13-3.5.1/airflow-env/lib64/python3.11/site-packages/airflow/example_dags/example_sensors.py took 0.081 seconds
[2023-10-07T04:42:34.767+0530] {processor.py:157} INFO - Started process (PID=10204) to work on /home/raj/Downloads/kafka_2.13-3.5.1/airflow-env/lib64/python3.11/site-packages/airflow/example_dags/example_sensors.py
[2023-10-07T04:42:34.777+0530] {processor.py:829} INFO - Processing file /home/raj/Downloads/kafka_2.13-3.5.1/airflow-env/lib64/python3.11/site-packages/airflow/example_dags/example_sensors.py for tasks to queue
[2023-10-07T04:42:34.778+0530] {logging_mixin.py:151} INFO - [2023-10-07T04:42:34.778+0530] {dagbag.py:539} INFO - Filling up the DagBag from /home/raj/Downloads/kafka_2.13-3.5.1/airflow-env/lib64/python3.11/site-packages/airflow/example_dags/example_sensors.py
[2023-10-07T04:42:34.793+0530] {processor.py:839} INFO - DAG(s) dict_keys(['example_sensors']) retrieved from /home/raj/Downloads/kafka_2.13-3.5.1/airflow-env/lib64/python3.11/site-packages/airflow/example_dags/example_sensors.py
[2023-10-07T04:42:34.821+0530] {logging_mixin.py:151} INFO - [2023-10-07T04:42:34.821+0530] {dag.py:2915} INFO - Sync 1 DAGs
[2023-10-07T04:42:34.833+0530] {logging_mixin.py:151} INFO - [2023-10-07T04:42:34.833+0530] {dag.py:3696} INFO - Setting next_dagrun for example_sensors to None, run_after=None
[2023-10-07T04:42:34.855+0530] {processor.py:179} INFO - Processing /home/raj/Downloads/kafka_2.13-3.5.1/airflow-env/lib64/python3.11/site-packages/airflow/example_dags/example_sensors.py took 0.090 seconds
[2023-10-07T04:43:45.943+0530] {processor.py:157} INFO - Started process (PID=10398) to work on /home/raj/Downloads/kafka_2.13-3.5.1/airflow-env/lib64/python3.11/site-packages/airflow/example_dags/example_sensors.py
[2023-10-07T04:43:45.954+0530] {processor.py:829} INFO - Processing file /home/raj/Downloads/kafka_2.13-3.5.1/airflow-env/lib64/python3.11/site-packages/airflow/example_dags/example_sensors.py for tasks to queue
[2023-10-07T04:43:45.956+0530] {logging_mixin.py:151} INFO - [2023-10-07T04:43:45.955+0530] {dagbag.py:539} INFO - Filling up the DagBag from /home/raj/Downloads/kafka_2.13-3.5.1/airflow-env/lib64/python3.11/site-packages/airflow/example_dags/example_sensors.py
[2023-10-07T04:43:45.980+0530] {processor.py:839} INFO - DAG(s) dict_keys(['example_sensors']) retrieved from /home/raj/Downloads/kafka_2.13-3.5.1/airflow-env/lib64/python3.11/site-packages/airflow/example_dags/example_sensors.py
[2023-10-07T04:43:46.008+0530] {logging_mixin.py:151} INFO - [2023-10-07T04:43:46.008+0530] {dag.py:2915} INFO - Sync 1 DAGs
[2023-10-07T04:43:46.019+0530] {logging_mixin.py:151} INFO - [2023-10-07T04:43:46.018+0530] {dag.py:3696} INFO - Setting next_dagrun for example_sensors to None, run_after=None
[2023-10-07T04:43:46.037+0530] {processor.py:179} INFO - Processing /home/raj/Downloads/kafka_2.13-3.5.1/airflow-env/lib64/python3.11/site-packages/airflow/example_dags/example_sensors.py took 0.099 seconds
[2023-10-07T04:44:34.372+0530] {processor.py:157} INFO - Started process (PID=10507) to work on /home/raj/Downloads/kafka_2.13-3.5.1/airflow-env/lib64/python3.11/site-packages/airflow/example_dags/example_sensors.py
[2023-10-07T04:44:34.383+0530] {processor.py:829} INFO - Processing file /home/raj/Downloads/kafka_2.13-3.5.1/airflow-env/lib64/python3.11/site-packages/airflow/example_dags/example_sensors.py for tasks to queue
[2023-10-07T04:44:34.385+0530] {logging_mixin.py:151} INFO - [2023-10-07T04:44:34.384+0530] {dagbag.py:539} INFO - Filling up the DagBag from /home/raj/Downloads/kafka_2.13-3.5.1/airflow-env/lib64/python3.11/site-packages/airflow/example_dags/example_sensors.py
[2023-10-07T04:44:34.406+0530] {processor.py:839} INFO - DAG(s) dict_keys(['example_sensors']) retrieved from /home/raj/Downloads/kafka_2.13-3.5.1/airflow-env/lib64/python3.11/site-packages/airflow/example_dags/example_sensors.py
[2023-10-07T04:44:34.431+0530] {logging_mixin.py:151} INFO - [2023-10-07T04:44:34.431+0530] {dag.py:2915} INFO - Sync 1 DAGs
[2023-10-07T04:44:34.441+0530] {logging_mixin.py:151} INFO - [2023-10-07T04:44:34.441+0530] {dag.py:3696} INFO - Setting next_dagrun for example_sensors to None, run_after=None
[2023-10-07T04:44:34.459+0530] {processor.py:179} INFO - Processing /home/raj/Downloads/kafka_2.13-3.5.1/airflow-env/lib64/python3.11/site-packages/airflow/example_dags/example_sensors.py took 0.092 seconds
[2023-10-07T04:45:30.172+0530] {processor.py:157} INFO - Started process (PID=10670) to work on /home/raj/Downloads/kafka_2.13-3.5.1/airflow-env/lib64/python3.11/site-packages/airflow/example_dags/example_sensors.py
[2023-10-07T04:45:30.183+0530] {processor.py:829} INFO - Processing file /home/raj/Downloads/kafka_2.13-3.5.1/airflow-env/lib64/python3.11/site-packages/airflow/example_dags/example_sensors.py for tasks to queue
[2023-10-07T04:45:30.185+0530] {logging_mixin.py:151} INFO - [2023-10-07T04:45:30.184+0530] {dagbag.py:539} INFO - Filling up the DagBag from /home/raj/Downloads/kafka_2.13-3.5.1/airflow-env/lib64/python3.11/site-packages/airflow/example_dags/example_sensors.py
[2023-10-07T04:45:30.206+0530] {processor.py:839} INFO - DAG(s) dict_keys(['example_sensors']) retrieved from /home/raj/Downloads/kafka_2.13-3.5.1/airflow-env/lib64/python3.11/site-packages/airflow/example_dags/example_sensors.py
[2023-10-07T04:45:30.238+0530] {logging_mixin.py:151} INFO - [2023-10-07T04:45:30.237+0530] {dag.py:2915} INFO - Sync 1 DAGs
[2023-10-07T04:45:30.247+0530] {logging_mixin.py:151} INFO - [2023-10-07T04:45:30.247+0530] {dag.py:3696} INFO - Setting next_dagrun for example_sensors to None, run_after=None
[2023-10-07T04:45:30.269+0530] {processor.py:179} INFO - Processing /home/raj/Downloads/kafka_2.13-3.5.1/airflow-env/lib64/python3.11/site-packages/airflow/example_dags/example_sensors.py took 0.103 seconds
[2023-10-07T04:46:28.136+0530] {processor.py:157} INFO - Started process (PID=10874) to work on /home/raj/Downloads/kafka_2.13-3.5.1/airflow-env/lib64/python3.11/site-packages/airflow/example_dags/example_sensors.py
[2023-10-07T04:46:28.147+0530] {processor.py:829} INFO - Processing file /home/raj/Downloads/kafka_2.13-3.5.1/airflow-env/lib64/python3.11/site-packages/airflow/example_dags/example_sensors.py for tasks to queue
[2023-10-07T04:46:28.149+0530] {logging_mixin.py:151} INFO - [2023-10-07T04:46:28.148+0530] {dagbag.py:539} INFO - Filling up the DagBag from /home/raj/Downloads/kafka_2.13-3.5.1/airflow-env/lib64/python3.11/site-packages/airflow/example_dags/example_sensors.py
[2023-10-07T04:46:28.173+0530] {processor.py:839} INFO - DAG(s) dict_keys(['example_sensors']) retrieved from /home/raj/Downloads/kafka_2.13-3.5.1/airflow-env/lib64/python3.11/site-packages/airflow/example_dags/example_sensors.py
[2023-10-07T04:46:28.202+0530] {logging_mixin.py:151} INFO - [2023-10-07T04:46:28.202+0530] {dag.py:2915} INFO - Sync 1 DAGs
[2023-10-07T04:46:28.214+0530] {logging_mixin.py:151} INFO - [2023-10-07T04:46:28.214+0530] {dag.py:3696} INFO - Setting next_dagrun for example_sensors to None, run_after=None
[2023-10-07T04:46:28.237+0530] {processor.py:179} INFO - Processing /home/raj/Downloads/kafka_2.13-3.5.1/airflow-env/lib64/python3.11/site-packages/airflow/example_dags/example_sensors.py took 0.107 seconds
[2023-10-07T04:47:20.528+0530] {processor.py:157} INFO - Started process (PID=10972) to work on /home/raj/Downloads/kafka_2.13-3.5.1/airflow-env/lib64/python3.11/site-packages/airflow/example_dags/example_sensors.py
[2023-10-07T04:47:20.530+0530] {processor.py:829} INFO - Processing file /home/raj/Downloads/kafka_2.13-3.5.1/airflow-env/lib64/python3.11/site-packages/airflow/example_dags/example_sensors.py for tasks to queue
[2023-10-07T04:47:20.532+0530] {logging_mixin.py:151} INFO - [2023-10-07T04:47:20.531+0530] {dagbag.py:539} INFO - Filling up the DagBag from /home/raj/Downloads/kafka_2.13-3.5.1/airflow-env/lib64/python3.11/site-packages/airflow/example_dags/example_sensors.py
[2023-10-07T04:47:20.556+0530] {processor.py:839} INFO - DAG(s) dict_keys(['example_sensors']) retrieved from /home/raj/Downloads/kafka_2.13-3.5.1/airflow-env/lib64/python3.11/site-packages/airflow/example_dags/example_sensors.py
[2023-10-07T04:47:20.576+0530] {logging_mixin.py:151} INFO - [2023-10-07T04:47:20.575+0530] {dag.py:2915} INFO - Sync 1 DAGs
[2023-10-07T04:47:20.586+0530] {logging_mixin.py:151} INFO - [2023-10-07T04:47:20.585+0530] {dag.py:3696} INFO - Setting next_dagrun for example_sensors to None, run_after=None
[2023-10-07T04:47:20.607+0530] {processor.py:179} INFO - Processing /home/raj/Downloads/kafka_2.13-3.5.1/airflow-env/lib64/python3.11/site-packages/airflow/example_dags/example_sensors.py took 0.084 seconds
[2023-10-07T04:48:09.928+0530] {processor.py:157} INFO - Started process (PID=11062) to work on /home/raj/Downloads/kafka_2.13-3.5.1/airflow-env/lib64/python3.11/site-packages/airflow/example_dags/example_sensors.py
[2023-10-07T04:48:09.930+0530] {processor.py:829} INFO - Processing file /home/raj/Downloads/kafka_2.13-3.5.1/airflow-env/lib64/python3.11/site-packages/airflow/example_dags/example_sensors.py for tasks to queue
[2023-10-07T04:48:09.931+0530] {logging_mixin.py:151} INFO - [2023-10-07T04:48:09.930+0530] {dagbag.py:539} INFO - Filling up the DagBag from /home/raj/Downloads/kafka_2.13-3.5.1/airflow-env/lib64/python3.11/site-packages/airflow/example_dags/example_sensors.py
[2023-10-07T04:48:09.951+0530] {processor.py:839} INFO - DAG(s) dict_keys(['example_sensors']) retrieved from /home/raj/Downloads/kafka_2.13-3.5.1/airflow-env/lib64/python3.11/site-packages/airflow/example_dags/example_sensors.py
[2023-10-07T04:48:09.974+0530] {logging_mixin.py:151} INFO - [2023-10-07T04:48:09.974+0530] {dag.py:2915} INFO - Sync 1 DAGs
[2023-10-07T04:48:09.983+0530] {logging_mixin.py:151} INFO - [2023-10-07T04:48:09.983+0530] {dag.py:3696} INFO - Setting next_dagrun for example_sensors to None, run_after=None
[2023-10-07T04:48:10.000+0530] {processor.py:179} INFO - Processing /home/raj/Downloads/kafka_2.13-3.5.1/airflow-env/lib64/python3.11/site-packages/airflow/example_dags/example_sensors.py took 0.076 seconds
[2023-10-07T04:49:05.125+0530] {processor.py:157} INFO - Started process (PID=11185) to work on /home/raj/Downloads/kafka_2.13-3.5.1/airflow-env/lib64/python3.11/site-packages/airflow/example_dags/example_sensors.py
[2023-10-07T04:49:05.126+0530] {processor.py:829} INFO - Processing file /home/raj/Downloads/kafka_2.13-3.5.1/airflow-env/lib64/python3.11/site-packages/airflow/example_dags/example_sensors.py for tasks to queue
[2023-10-07T04:49:05.128+0530] {logging_mixin.py:151} INFO - [2023-10-07T04:49:05.127+0530] {dagbag.py:539} INFO - Filling up the DagBag from /home/raj/Downloads/kafka_2.13-3.5.1/airflow-env/lib64/python3.11/site-packages/airflow/example_dags/example_sensors.py
[2023-10-07T04:49:05.140+0530] {processor.py:839} INFO - DAG(s) dict_keys(['example_sensors']) retrieved from /home/raj/Downloads/kafka_2.13-3.5.1/airflow-env/lib64/python3.11/site-packages/airflow/example_dags/example_sensors.py
[2023-10-07T04:49:05.165+0530] {logging_mixin.py:151} INFO - [2023-10-07T04:49:05.165+0530] {dag.py:2915} INFO - Sync 1 DAGs
[2023-10-07T04:49:05.179+0530] {logging_mixin.py:151} INFO - [2023-10-07T04:49:05.179+0530] {dag.py:3696} INFO - Setting next_dagrun for example_sensors to None, run_after=None
[2023-10-07T04:49:05.205+0530] {processor.py:179} INFO - Processing /home/raj/Downloads/kafka_2.13-3.5.1/airflow-env/lib64/python3.11/site-packages/airflow/example_dags/example_sensors.py took 0.084 seconds
[2023-10-07T04:50:00.855+0530] {processor.py:157} INFO - Started process (PID=11277) to work on /home/raj/Downloads/kafka_2.13-3.5.1/airflow-env/lib64/python3.11/site-packages/airflow/example_dags/example_sensors.py
[2023-10-07T04:50:00.857+0530] {processor.py:829} INFO - Processing file /home/raj/Downloads/kafka_2.13-3.5.1/airflow-env/lib64/python3.11/site-packages/airflow/example_dags/example_sensors.py for tasks to queue
[2023-10-07T04:50:00.858+0530] {logging_mixin.py:151} INFO - [2023-10-07T04:50:00.857+0530] {dagbag.py:539} INFO - Filling up the DagBag from /home/raj/Downloads/kafka_2.13-3.5.1/airflow-env/lib64/python3.11/site-packages/airflow/example_dags/example_sensors.py
[2023-10-07T04:50:00.879+0530] {processor.py:839} INFO - DAG(s) dict_keys(['example_sensors']) retrieved from /home/raj/Downloads/kafka_2.13-3.5.1/airflow-env/lib64/python3.11/site-packages/airflow/example_dags/example_sensors.py
[2023-10-07T04:50:00.905+0530] {logging_mixin.py:151} INFO - [2023-10-07T04:50:00.905+0530] {dag.py:2915} INFO - Sync 1 DAGs
[2023-10-07T04:50:00.915+0530] {logging_mixin.py:151} INFO - [2023-10-07T04:50:00.915+0530] {dag.py:3696} INFO - Setting next_dagrun for example_sensors to None, run_after=None
[2023-10-07T04:50:00.937+0530] {processor.py:179} INFO - Processing /home/raj/Downloads/kafka_2.13-3.5.1/airflow-env/lib64/python3.11/site-packages/airflow/example_dags/example_sensors.py took 0.086 seconds
[2023-10-07T04:50:52.869+0530] {processor.py:157} INFO - Started process (PID=11398) to work on /home/raj/Downloads/kafka_2.13-3.5.1/airflow-env/lib64/python3.11/site-packages/airflow/example_dags/example_sensors.py
[2023-10-07T04:50:52.880+0530] {processor.py:829} INFO - Processing file /home/raj/Downloads/kafka_2.13-3.5.1/airflow-env/lib64/python3.11/site-packages/airflow/example_dags/example_sensors.py for tasks to queue
[2023-10-07T04:50:52.882+0530] {logging_mixin.py:151} INFO - [2023-10-07T04:50:52.881+0530] {dagbag.py:539} INFO - Filling up the DagBag from /home/raj/Downloads/kafka_2.13-3.5.1/airflow-env/lib64/python3.11/site-packages/airflow/example_dags/example_sensors.py
[2023-10-07T04:50:52.904+0530] {processor.py:839} INFO - DAG(s) dict_keys(['example_sensors']) retrieved from /home/raj/Downloads/kafka_2.13-3.5.1/airflow-env/lib64/python3.11/site-packages/airflow/example_dags/example_sensors.py
[2023-10-07T04:50:52.934+0530] {logging_mixin.py:151} INFO - [2023-10-07T04:50:52.934+0530] {dag.py:2915} INFO - Sync 1 DAGs
[2023-10-07T04:50:52.944+0530] {logging_mixin.py:151} INFO - [2023-10-07T04:50:52.944+0530] {dag.py:3696} INFO - Setting next_dagrun for example_sensors to None, run_after=None
[2023-10-07T04:50:52.963+0530] {processor.py:179} INFO - Processing /home/raj/Downloads/kafka_2.13-3.5.1/airflow-env/lib64/python3.11/site-packages/airflow/example_dags/example_sensors.py took 0.099 seconds
[2023-10-07T04:51:42.838+0530] {processor.py:157} INFO - Started process (PID=11467) to work on /home/raj/Downloads/kafka_2.13-3.5.1/airflow-env/lib64/python3.11/site-packages/airflow/example_dags/example_sensors.py
[2023-10-07T04:51:42.849+0530] {processor.py:829} INFO - Processing file /home/raj/Downloads/kafka_2.13-3.5.1/airflow-env/lib64/python3.11/site-packages/airflow/example_dags/example_sensors.py for tasks to queue
[2023-10-07T04:51:42.851+0530] {logging_mixin.py:151} INFO - [2023-10-07T04:51:42.850+0530] {dagbag.py:539} INFO - Filling up the DagBag from /home/raj/Downloads/kafka_2.13-3.5.1/airflow-env/lib64/python3.11/site-packages/airflow/example_dags/example_sensors.py
[2023-10-07T04:51:42.869+0530] {processor.py:839} INFO - DAG(s) dict_keys(['example_sensors']) retrieved from /home/raj/Downloads/kafka_2.13-3.5.1/airflow-env/lib64/python3.11/site-packages/airflow/example_dags/example_sensors.py
[2023-10-07T04:51:42.902+0530] {logging_mixin.py:151} INFO - [2023-10-07T04:51:42.902+0530] {dag.py:2915} INFO - Sync 1 DAGs
[2023-10-07T04:51:42.911+0530] {logging_mixin.py:151} INFO - [2023-10-07T04:51:42.911+0530] {dag.py:3696} INFO - Setting next_dagrun for example_sensors to None, run_after=None
[2023-10-07T04:51:42.928+0530] {processor.py:179} INFO - Processing /home/raj/Downloads/kafka_2.13-3.5.1/airflow-env/lib64/python3.11/site-packages/airflow/example_dags/example_sensors.py took 0.095 seconds
[2023-10-07T04:52:38.926+0530] {processor.py:157} INFO - Started process (PID=11744) to work on /home/raj/Downloads/kafka_2.13-3.5.1/airflow-env/lib64/python3.11/site-packages/airflow/example_dags/example_sensors.py
[2023-10-07T04:52:38.937+0530] {processor.py:829} INFO - Processing file /home/raj/Downloads/kafka_2.13-3.5.1/airflow-env/lib64/python3.11/site-packages/airflow/example_dags/example_sensors.py for tasks to queue
[2023-10-07T04:52:38.938+0530] {logging_mixin.py:151} INFO - [2023-10-07T04:52:38.937+0530] {dagbag.py:539} INFO - Filling up the DagBag from /home/raj/Downloads/kafka_2.13-3.5.1/airflow-env/lib64/python3.11/site-packages/airflow/example_dags/example_sensors.py
[2023-10-07T04:52:38.954+0530] {processor.py:839} INFO - DAG(s) dict_keys(['example_sensors']) retrieved from /home/raj/Downloads/kafka_2.13-3.5.1/airflow-env/lib64/python3.11/site-packages/airflow/example_dags/example_sensors.py
[2023-10-07T04:52:38.986+0530] {logging_mixin.py:151} INFO - [2023-10-07T04:52:38.986+0530] {dag.py:2915} INFO - Sync 1 DAGs
[2023-10-07T04:52:38.995+0530] {logging_mixin.py:151} INFO - [2023-10-07T04:52:38.995+0530] {dag.py:3696} INFO - Setting next_dagrun for example_sensors to None, run_after=None
[2023-10-07T04:52:39.014+0530] {processor.py:179} INFO - Processing /home/raj/Downloads/kafka_2.13-3.5.1/airflow-env/lib64/python3.11/site-packages/airflow/example_dags/example_sensors.py took 0.090 seconds
[2023-10-07T04:53:27.233+0530] {processor.py:157} INFO - Started process (PID=11899) to work on /home/raj/Downloads/kafka_2.13-3.5.1/airflow-env/lib64/python3.11/site-packages/airflow/example_dags/example_sensors.py
[2023-10-07T04:53:27.235+0530] {processor.py:829} INFO - Processing file /home/raj/Downloads/kafka_2.13-3.5.1/airflow-env/lib64/python3.11/site-packages/airflow/example_dags/example_sensors.py for tasks to queue
[2023-10-07T04:53:27.236+0530] {logging_mixin.py:151} INFO - [2023-10-07T04:53:27.236+0530] {dagbag.py:539} INFO - Filling up the DagBag from /home/raj/Downloads/kafka_2.13-3.5.1/airflow-env/lib64/python3.11/site-packages/airflow/example_dags/example_sensors.py
[2023-10-07T04:53:27.252+0530] {processor.py:839} INFO - DAG(s) dict_keys(['example_sensors']) retrieved from /home/raj/Downloads/kafka_2.13-3.5.1/airflow-env/lib64/python3.11/site-packages/airflow/example_dags/example_sensors.py
[2023-10-07T04:53:27.270+0530] {logging_mixin.py:151} INFO - [2023-10-07T04:53:27.270+0530] {dag.py:2915} INFO - Sync 1 DAGs
[2023-10-07T04:53:27.280+0530] {logging_mixin.py:151} INFO - [2023-10-07T04:53:27.280+0530] {dag.py:3696} INFO - Setting next_dagrun for example_sensors to None, run_after=None
[2023-10-07T04:53:27.298+0530] {processor.py:179} INFO - Processing /home/raj/Downloads/kafka_2.13-3.5.1/airflow-env/lib64/python3.11/site-packages/airflow/example_dags/example_sensors.py took 0.069 seconds
[2023-10-07T04:54:12.901+0530] {processor.py:157} INFO - Started process (PID=11978) to work on /home/raj/Downloads/kafka_2.13-3.5.1/airflow-env/lib64/python3.11/site-packages/airflow/example_dags/example_sensors.py
[2023-10-07T04:54:12.911+0530] {processor.py:829} INFO - Processing file /home/raj/Downloads/kafka_2.13-3.5.1/airflow-env/lib64/python3.11/site-packages/airflow/example_dags/example_sensors.py for tasks to queue
[2023-10-07T04:54:12.912+0530] {logging_mixin.py:151} INFO - [2023-10-07T04:54:12.912+0530] {dagbag.py:539} INFO - Filling up the DagBag from /home/raj/Downloads/kafka_2.13-3.5.1/airflow-env/lib64/python3.11/site-packages/airflow/example_dags/example_sensors.py
[2023-10-07T04:54:12.926+0530] {processor.py:839} INFO - DAG(s) dict_keys(['example_sensors']) retrieved from /home/raj/Downloads/kafka_2.13-3.5.1/airflow-env/lib64/python3.11/site-packages/airflow/example_dags/example_sensors.py
[2023-10-07T04:54:12.951+0530] {logging_mixin.py:151} INFO - [2023-10-07T04:54:12.951+0530] {dag.py:2915} INFO - Sync 1 DAGs
[2023-10-07T04:54:12.963+0530] {logging_mixin.py:151} INFO - [2023-10-07T04:54:12.963+0530] {dag.py:3696} INFO - Setting next_dagrun for example_sensors to None, run_after=None
[2023-10-07T04:54:12.987+0530] {processor.py:179} INFO - Processing /home/raj/Downloads/kafka_2.13-3.5.1/airflow-env/lib64/python3.11/site-packages/airflow/example_dags/example_sensors.py took 0.090 seconds
[2023-10-07T04:55:08.196+0530] {processor.py:157} INFO - Started process (PID=12104) to work on /home/raj/Downloads/kafka_2.13-3.5.1/airflow-env/lib64/python3.11/site-packages/airflow/example_dags/example_sensors.py
[2023-10-07T04:55:08.207+0530] {processor.py:829} INFO - Processing file /home/raj/Downloads/kafka_2.13-3.5.1/airflow-env/lib64/python3.11/site-packages/airflow/example_dags/example_sensors.py for tasks to queue
[2023-10-07T04:55:08.208+0530] {logging_mixin.py:151} INFO - [2023-10-07T04:55:08.208+0530] {dagbag.py:539} INFO - Filling up the DagBag from /home/raj/Downloads/kafka_2.13-3.5.1/airflow-env/lib64/python3.11/site-packages/airflow/example_dags/example_sensors.py
[2023-10-07T04:55:08.219+0530] {processor.py:839} INFO - DAG(s) dict_keys(['example_sensors']) retrieved from /home/raj/Downloads/kafka_2.13-3.5.1/airflow-env/lib64/python3.11/site-packages/airflow/example_dags/example_sensors.py
[2023-10-07T04:55:08.226+0530] {logging_mixin.py:151} INFO - [2023-10-07T04:55:08.226+0530] {dag.py:2915} INFO - Sync 1 DAGs
[2023-10-07T04:55:08.238+0530] {logging_mixin.py:151} INFO - [2023-10-07T04:55:08.238+0530] {dag.py:3696} INFO - Setting next_dagrun for example_sensors to None, run_after=None
[2023-10-07T04:55:08.259+0530] {processor.py:179} INFO - Processing /home/raj/Downloads/kafka_2.13-3.5.1/airflow-env/lib64/python3.11/site-packages/airflow/example_dags/example_sensors.py took 0.070 seconds
[2023-10-07T04:55:54.744+0530] {processor.py:157} INFO - Started process (PID=12219) to work on /home/raj/Downloads/kafka_2.13-3.5.1/airflow-env/lib64/python3.11/site-packages/airflow/example_dags/example_sensors.py
[2023-10-07T04:55:54.755+0530] {processor.py:829} INFO - Processing file /home/raj/Downloads/kafka_2.13-3.5.1/airflow-env/lib64/python3.11/site-packages/airflow/example_dags/example_sensors.py for tasks to queue
[2023-10-07T04:55:54.757+0530] {logging_mixin.py:151} INFO - [2023-10-07T04:55:54.756+0530] {dagbag.py:539} INFO - Filling up the DagBag from /home/raj/Downloads/kafka_2.13-3.5.1/airflow-env/lib64/python3.11/site-packages/airflow/example_dags/example_sensors.py
[2023-10-07T04:55:54.776+0530] {processor.py:839} INFO - DAG(s) dict_keys(['example_sensors']) retrieved from /home/raj/Downloads/kafka_2.13-3.5.1/airflow-env/lib64/python3.11/site-packages/airflow/example_dags/example_sensors.py
[2023-10-07T04:55:54.811+0530] {logging_mixin.py:151} INFO - [2023-10-07T04:55:54.810+0530] {dag.py:2915} INFO - Sync 1 DAGs
[2023-10-07T04:55:54.820+0530] {logging_mixin.py:151} INFO - [2023-10-07T04:55:54.820+0530] {dag.py:3696} INFO - Setting next_dagrun for example_sensors to None, run_after=None
[2023-10-07T04:55:54.837+0530] {processor.py:179} INFO - Processing /home/raj/Downloads/kafka_2.13-3.5.1/airflow-env/lib64/python3.11/site-packages/airflow/example_dags/example_sensors.py took 0.099 seconds
[2023-10-07T04:56:39.551+0530] {processor.py:157} INFO - Started process (PID=12287) to work on /home/raj/Downloads/kafka_2.13-3.5.1/airflow-env/lib64/python3.11/site-packages/airflow/example_dags/example_sensors.py
[2023-10-07T04:56:39.562+0530] {processor.py:829} INFO - Processing file /home/raj/Downloads/kafka_2.13-3.5.1/airflow-env/lib64/python3.11/site-packages/airflow/example_dags/example_sensors.py for tasks to queue
[2023-10-07T04:56:39.564+0530] {logging_mixin.py:151} INFO - [2023-10-07T04:56:39.563+0530] {dagbag.py:539} INFO - Filling up the DagBag from /home/raj/Downloads/kafka_2.13-3.5.1/airflow-env/lib64/python3.11/site-packages/airflow/example_dags/example_sensors.py
[2023-10-07T04:56:39.580+0530] {processor.py:839} INFO - DAG(s) dict_keys(['example_sensors']) retrieved from /home/raj/Downloads/kafka_2.13-3.5.1/airflow-env/lib64/python3.11/site-packages/airflow/example_dags/example_sensors.py
[2023-10-07T04:56:39.602+0530] {logging_mixin.py:151} INFO - [2023-10-07T04:56:39.602+0530] {dag.py:2915} INFO - Sync 1 DAGs
[2023-10-07T04:56:39.617+0530] {logging_mixin.py:151} INFO - [2023-10-07T04:56:39.616+0530] {dag.py:3696} INFO - Setting next_dagrun for example_sensors to None, run_after=None
[2023-10-07T04:56:39.641+0530] {processor.py:179} INFO - Processing /home/raj/Downloads/kafka_2.13-3.5.1/airflow-env/lib64/python3.11/site-packages/airflow/example_dags/example_sensors.py took 0.093 seconds
[2023-10-07T04:57:29.787+0530] {processor.py:157} INFO - Started process (PID=12434) to work on /home/raj/Downloads/kafka_2.13-3.5.1/airflow-env/lib64/python3.11/site-packages/airflow/example_dags/example_sensors.py
[2023-10-07T04:57:29.798+0530] {processor.py:829} INFO - Processing file /home/raj/Downloads/kafka_2.13-3.5.1/airflow-env/lib64/python3.11/site-packages/airflow/example_dags/example_sensors.py for tasks to queue
[2023-10-07T04:57:29.800+0530] {logging_mixin.py:151} INFO - [2023-10-07T04:57:29.799+0530] {dagbag.py:539} INFO - Filling up the DagBag from /home/raj/Downloads/kafka_2.13-3.5.1/airflow-env/lib64/python3.11/site-packages/airflow/example_dags/example_sensors.py
[2023-10-07T04:57:29.824+0530] {processor.py:839} INFO - DAG(s) dict_keys(['example_sensors']) retrieved from /home/raj/Downloads/kafka_2.13-3.5.1/airflow-env/lib64/python3.11/site-packages/airflow/example_dags/example_sensors.py
[2023-10-07T04:57:29.853+0530] {logging_mixin.py:151} INFO - [2023-10-07T04:57:29.853+0530] {dag.py:2915} INFO - Sync 1 DAGs
[2023-10-07T04:57:29.863+0530] {logging_mixin.py:151} INFO - [2023-10-07T04:57:29.862+0530] {dag.py:3696} INFO - Setting next_dagrun for example_sensors to None, run_after=None
[2023-10-07T04:57:29.880+0530] {processor.py:179} INFO - Processing /home/raj/Downloads/kafka_2.13-3.5.1/airflow-env/lib64/python3.11/site-packages/airflow/example_dags/example_sensors.py took 0.099 seconds
[2023-10-07T04:58:20.726+0530] {processor.py:157} INFO - Started process (PID=12521) to work on /home/raj/Downloads/kafka_2.13-3.5.1/airflow-env/lib64/python3.11/site-packages/airflow/example_dags/example_sensors.py
[2023-10-07T04:58:20.736+0530] {processor.py:829} INFO - Processing file /home/raj/Downloads/kafka_2.13-3.5.1/airflow-env/lib64/python3.11/site-packages/airflow/example_dags/example_sensors.py for tasks to queue
[2023-10-07T04:58:20.737+0530] {logging_mixin.py:151} INFO - [2023-10-07T04:58:20.737+0530] {dagbag.py:539} INFO - Filling up the DagBag from /home/raj/Downloads/kafka_2.13-3.5.1/airflow-env/lib64/python3.11/site-packages/airflow/example_dags/example_sensors.py
[2023-10-07T04:58:20.750+0530] {processor.py:839} INFO - DAG(s) dict_keys(['example_sensors']) retrieved from /home/raj/Downloads/kafka_2.13-3.5.1/airflow-env/lib64/python3.11/site-packages/airflow/example_dags/example_sensors.py
[2023-10-07T04:58:20.773+0530] {logging_mixin.py:151} INFO - [2023-10-07T04:58:20.773+0530] {dag.py:2915} INFO - Sync 1 DAGs
[2023-10-07T04:58:20.786+0530] {logging_mixin.py:151} INFO - [2023-10-07T04:58:20.785+0530] {dag.py:3696} INFO - Setting next_dagrun for example_sensors to None, run_after=None
[2023-10-07T04:58:20.809+0530] {processor.py:179} INFO - Processing /home/raj/Downloads/kafka_2.13-3.5.1/airflow-env/lib64/python3.11/site-packages/airflow/example_dags/example_sensors.py took 0.087 seconds
[2023-10-07T04:59:10.486+0530] {processor.py:157} INFO - Started process (PID=12662) to work on /home/raj/Downloads/kafka_2.13-3.5.1/airflow-env/lib64/python3.11/site-packages/airflow/example_dags/example_sensors.py
[2023-10-07T04:59:10.497+0530] {processor.py:829} INFO - Processing file /home/raj/Downloads/kafka_2.13-3.5.1/airflow-env/lib64/python3.11/site-packages/airflow/example_dags/example_sensors.py for tasks to queue
[2023-10-07T04:59:10.498+0530] {logging_mixin.py:151} INFO - [2023-10-07T04:59:10.497+0530] {dagbag.py:539} INFO - Filling up the DagBag from /home/raj/Downloads/kafka_2.13-3.5.1/airflow-env/lib64/python3.11/site-packages/airflow/example_dags/example_sensors.py
[2023-10-07T04:59:10.513+0530] {processor.py:839} INFO - DAG(s) dict_keys(['example_sensors']) retrieved from /home/raj/Downloads/kafka_2.13-3.5.1/airflow-env/lib64/python3.11/site-packages/airflow/example_dags/example_sensors.py
[2023-10-07T04:59:10.542+0530] {logging_mixin.py:151} INFO - [2023-10-07T04:59:10.542+0530] {dag.py:2915} INFO - Sync 1 DAGs
[2023-10-07T04:59:10.560+0530] {logging_mixin.py:151} INFO - [2023-10-07T04:59:10.560+0530] {dag.py:3696} INFO - Setting next_dagrun for example_sensors to None, run_after=None
[2023-10-07T04:59:10.582+0530] {processor.py:179} INFO - Processing /home/raj/Downloads/kafka_2.13-3.5.1/airflow-env/lib64/python3.11/site-packages/airflow/example_dags/example_sensors.py took 0.103 seconds
