[2023-10-07T04:00:20.185+0530] {processor.py:157} INFO - Started process (PID=18128) to work on /home/raj/Downloads/kafka_2.13-3.5.1/airflow-env/lib64/python3.11/site-packages/airflow/example_dags/example_bash_operator.py
[2023-10-07T04:00:20.187+0530] {processor.py:829} INFO - Processing file /home/raj/Downloads/kafka_2.13-3.5.1/airflow-env/lib64/python3.11/site-packages/airflow/example_dags/example_bash_operator.py for tasks to queue
[2023-10-07T04:00:20.189+0530] {logging_mixin.py:151} INFO - [2023-10-07T04:00:20.188+0530] {dagbag.py:539} INFO - Filling up the DagBag from /home/raj/Downloads/kafka_2.13-3.5.1/airflow-env/lib64/python3.11/site-packages/airflow/example_dags/example_bash_operator.py
[2023-10-07T04:00:20.211+0530] {processor.py:839} INFO - DAG(s) dict_keys(['example_bash_operator']) retrieved from /home/raj/Downloads/kafka_2.13-3.5.1/airflow-env/lib64/python3.11/site-packages/airflow/example_dags/example_bash_operator.py
[2023-10-07T04:00:20.322+0530] {logging_mixin.py:151} INFO - [2023-10-07T04:00:20.322+0530] {manager.py:499} INFO - Created Permission View: %s
[2023-10-07T04:00:20.334+0530] {logging_mixin.py:151} INFO - [2023-10-07T04:00:20.333+0530] {manager.py:499} INFO - Created Permission View: %s
[2023-10-07T04:00:20.342+0530] {logging_mixin.py:151} INFO - [2023-10-07T04:00:20.342+0530] {manager.py:499} INFO - Created Permission View: %s
[2023-10-07T04:00:20.343+0530] {logging_mixin.py:151} INFO - [2023-10-07T04:00:20.343+0530] {security.py:708} INFO - Not syncing DAG-level permissions for DAG 'DAG:example_bash_operator' as access control is unset.
[2023-10-07T04:00:20.343+0530] {logging_mixin.py:151} INFO - [2023-10-07T04:00:20.343+0530] {dag.py:2915} INFO - Sync 1 DAGs
[2023-10-07T04:00:20.353+0530] {logging_mixin.py:151} INFO - [2023-10-07T04:00:20.353+0530] {dag.py:2937} INFO - Creating ORM DAG for example_bash_operator
[2023-10-07T04:00:20.363+0530] {logging_mixin.py:151} INFO - [2023-10-07T04:00:20.362+0530] {dag.py:3696} INFO - Setting next_dagrun for example_bash_operator to 2023-10-05T00:00:00+00:00, run_after=2023-10-06T00:00:00+00:00
[2023-10-07T04:00:20.382+0530] {processor.py:179} INFO - Processing /home/raj/Downloads/kafka_2.13-3.5.1/airflow-env/lib64/python3.11/site-packages/airflow/example_dags/example_bash_operator.py took 0.202 seconds
[2023-10-07T04:01:14.409+0530] {processor.py:157} INFO - Started process (PID=18277) to work on /home/raj/Downloads/kafka_2.13-3.5.1/airflow-env/lib64/python3.11/site-packages/airflow/example_dags/example_bash_operator.py
[2023-10-07T04:01:14.410+0530] {processor.py:829} INFO - Processing file /home/raj/Downloads/kafka_2.13-3.5.1/airflow-env/lib64/python3.11/site-packages/airflow/example_dags/example_bash_operator.py for tasks to queue
[2023-10-07T04:01:14.411+0530] {logging_mixin.py:151} INFO - [2023-10-07T04:01:14.411+0530] {dagbag.py:539} INFO - Filling up the DagBag from /home/raj/Downloads/kafka_2.13-3.5.1/airflow-env/lib64/python3.11/site-packages/airflow/example_dags/example_bash_operator.py
[2023-10-07T04:01:14.436+0530] {processor.py:839} INFO - DAG(s) dict_keys(['example_bash_operator']) retrieved from /home/raj/Downloads/kafka_2.13-3.5.1/airflow-env/lib64/python3.11/site-packages/airflow/example_dags/example_bash_operator.py
[2023-10-07T04:01:14.463+0530] {logging_mixin.py:151} INFO - [2023-10-07T04:01:14.463+0530] {dag.py:2915} INFO - Sync 1 DAGs
[2023-10-07T04:01:14.494+0530] {logging_mixin.py:151} INFO - [2023-10-07T04:01:14.494+0530] {dag.py:3696} INFO - Setting next_dagrun for example_bash_operator to 2023-10-05T00:00:00+00:00, run_after=2023-10-06T00:00:00+00:00
[2023-10-07T04:01:14.528+0530] {processor.py:179} INFO - Processing /home/raj/Downloads/kafka_2.13-3.5.1/airflow-env/lib64/python3.11/site-packages/airflow/example_dags/example_bash_operator.py took 0.124 seconds
[2023-10-07T04:02:05.519+0530] {processor.py:157} INFO - Started process (PID=18378) to work on /home/raj/Downloads/kafka_2.13-3.5.1/airflow-env/lib64/python3.11/site-packages/airflow/example_dags/example_bash_operator.py
[2023-10-07T04:02:05.520+0530] {processor.py:829} INFO - Processing file /home/raj/Downloads/kafka_2.13-3.5.1/airflow-env/lib64/python3.11/site-packages/airflow/example_dags/example_bash_operator.py for tasks to queue
[2023-10-07T04:02:05.520+0530] {logging_mixin.py:151} INFO - [2023-10-07T04:02:05.520+0530] {dagbag.py:539} INFO - Filling up the DagBag from /home/raj/Downloads/kafka_2.13-3.5.1/airflow-env/lib64/python3.11/site-packages/airflow/example_dags/example_bash_operator.py
[2023-10-07T04:02:05.530+0530] {processor.py:839} INFO - DAG(s) dict_keys(['example_bash_operator']) retrieved from /home/raj/Downloads/kafka_2.13-3.5.1/airflow-env/lib64/python3.11/site-packages/airflow/example_dags/example_bash_operator.py
[2023-10-07T04:02:05.551+0530] {logging_mixin.py:151} INFO - [2023-10-07T04:02:05.550+0530] {dag.py:2915} INFO - Sync 1 DAGs
[2023-10-07T04:02:05.569+0530] {logging_mixin.py:151} INFO - [2023-10-07T04:02:05.569+0530] {dag.py:3696} INFO - Setting next_dagrun for example_bash_operator to 2023-10-05T00:00:00+00:00, run_after=2023-10-06T00:00:00+00:00
[2023-10-07T04:02:05.600+0530] {processor.py:179} INFO - Processing /home/raj/Downloads/kafka_2.13-3.5.1/airflow-env/lib64/python3.11/site-packages/airflow/example_dags/example_bash_operator.py took 0.084 seconds
[2023-10-07T04:02:58.957+0530] {processor.py:157} INFO - Started process (PID=18536) to work on /home/raj/Downloads/kafka_2.13-3.5.1/airflow-env/lib64/python3.11/site-packages/airflow/example_dags/example_bash_operator.py
[2023-10-07T04:02:58.969+0530] {processor.py:829} INFO - Processing file /home/raj/Downloads/kafka_2.13-3.5.1/airflow-env/lib64/python3.11/site-packages/airflow/example_dags/example_bash_operator.py for tasks to queue
[2023-10-07T04:02:58.970+0530] {logging_mixin.py:151} INFO - [2023-10-07T04:02:58.970+0530] {dagbag.py:539} INFO - Filling up the DagBag from /home/raj/Downloads/kafka_2.13-3.5.1/airflow-env/lib64/python3.11/site-packages/airflow/example_dags/example_bash_operator.py
[2023-10-07T04:02:58.994+0530] {processor.py:839} INFO - DAG(s) dict_keys(['example_bash_operator']) retrieved from /home/raj/Downloads/kafka_2.13-3.5.1/airflow-env/lib64/python3.11/site-packages/airflow/example_dags/example_bash_operator.py
[2023-10-07T04:02:59.024+0530] {logging_mixin.py:151} INFO - [2023-10-07T04:02:59.024+0530] {dag.py:2915} INFO - Sync 1 DAGs
[2023-10-07T04:02:59.041+0530] {logging_mixin.py:151} INFO - [2023-10-07T04:02:59.041+0530] {dag.py:3696} INFO - Setting next_dagrun for example_bash_operator to 2023-10-05T00:00:00+00:00, run_after=2023-10-06T00:00:00+00:00
[2023-10-07T04:02:59.062+0530] {processor.py:179} INFO - Processing /home/raj/Downloads/kafka_2.13-3.5.1/airflow-env/lib64/python3.11/site-packages/airflow/example_dags/example_bash_operator.py took 0.110 seconds
[2023-10-07T04:03:47.739+0530] {processor.py:157} INFO - Started process (PID=18683) to work on /home/raj/Downloads/kafka_2.13-3.5.1/airflow-env/lib64/python3.11/site-packages/airflow/example_dags/example_bash_operator.py
[2023-10-07T04:03:47.750+0530] {processor.py:829} INFO - Processing file /home/raj/Downloads/kafka_2.13-3.5.1/airflow-env/lib64/python3.11/site-packages/airflow/example_dags/example_bash_operator.py for tasks to queue
[2023-10-07T04:03:47.752+0530] {logging_mixin.py:151} INFO - [2023-10-07T04:03:47.751+0530] {dagbag.py:539} INFO - Filling up the DagBag from /home/raj/Downloads/kafka_2.13-3.5.1/airflow-env/lib64/python3.11/site-packages/airflow/example_dags/example_bash_operator.py
[2023-10-07T04:03:47.774+0530] {processor.py:839} INFO - DAG(s) dict_keys(['example_bash_operator']) retrieved from /home/raj/Downloads/kafka_2.13-3.5.1/airflow-env/lib64/python3.11/site-packages/airflow/example_dags/example_bash_operator.py
[2023-10-07T04:03:47.804+0530] {logging_mixin.py:151} INFO - [2023-10-07T04:03:47.803+0530] {dag.py:2915} INFO - Sync 1 DAGs
[2023-10-07T04:03:47.823+0530] {logging_mixin.py:151} INFO - [2023-10-07T04:03:47.823+0530] {dag.py:3696} INFO - Setting next_dagrun for example_bash_operator to 2023-10-05T00:00:00+00:00, run_after=2023-10-06T00:00:00+00:00
[2023-10-07T04:03:47.843+0530] {processor.py:179} INFO - Processing /home/raj/Downloads/kafka_2.13-3.5.1/airflow-env/lib64/python3.11/site-packages/airflow/example_dags/example_bash_operator.py took 0.110 seconds
[2023-10-07T04:04:34.812+0530] {processor.py:157} INFO - Started process (PID=18756) to work on /home/raj/Downloads/kafka_2.13-3.5.1/airflow-env/lib64/python3.11/site-packages/airflow/example_dags/example_bash_operator.py
[2023-10-07T04:04:34.823+0530] {processor.py:829} INFO - Processing file /home/raj/Downloads/kafka_2.13-3.5.1/airflow-env/lib64/python3.11/site-packages/airflow/example_dags/example_bash_operator.py for tasks to queue
[2023-10-07T04:04:34.824+0530] {logging_mixin.py:151} INFO - [2023-10-07T04:04:34.823+0530] {dagbag.py:539} INFO - Filling up the DagBag from /home/raj/Downloads/kafka_2.13-3.5.1/airflow-env/lib64/python3.11/site-packages/airflow/example_dags/example_bash_operator.py
[2023-10-07T04:04:34.835+0530] {processor.py:839} INFO - DAG(s) dict_keys(['example_bash_operator']) retrieved from /home/raj/Downloads/kafka_2.13-3.5.1/airflow-env/lib64/python3.11/site-packages/airflow/example_dags/example_bash_operator.py
[2023-10-07T04:04:34.858+0530] {logging_mixin.py:151} INFO - [2023-10-07T04:04:34.858+0530] {dag.py:2915} INFO - Sync 1 DAGs
[2023-10-07T04:04:34.879+0530] {logging_mixin.py:151} INFO - [2023-10-07T04:04:34.879+0530] {dag.py:3696} INFO - Setting next_dagrun for example_bash_operator to 2023-10-05T00:00:00+00:00, run_after=2023-10-06T00:00:00+00:00
[2023-10-07T04:04:34.898+0530] {processor.py:179} INFO - Processing /home/raj/Downloads/kafka_2.13-3.5.1/airflow-env/lib64/python3.11/site-packages/airflow/example_dags/example_bash_operator.py took 0.093 seconds
[2023-10-07T04:05:27.581+0530] {processor.py:157} INFO - Started process (PID=18971) to work on /home/raj/Downloads/kafka_2.13-3.5.1/airflow-env/lib64/python3.11/site-packages/airflow/example_dags/example_bash_operator.py
[2023-10-07T04:05:27.592+0530] {processor.py:829} INFO - Processing file /home/raj/Downloads/kafka_2.13-3.5.1/airflow-env/lib64/python3.11/site-packages/airflow/example_dags/example_bash_operator.py for tasks to queue
[2023-10-07T04:05:27.594+0530] {logging_mixin.py:151} INFO - [2023-10-07T04:05:27.593+0530] {dagbag.py:539} INFO - Filling up the DagBag from /home/raj/Downloads/kafka_2.13-3.5.1/airflow-env/lib64/python3.11/site-packages/airflow/example_dags/example_bash_operator.py
[2023-10-07T04:05:27.615+0530] {processor.py:839} INFO - DAG(s) dict_keys(['example_bash_operator']) retrieved from /home/raj/Downloads/kafka_2.13-3.5.1/airflow-env/lib64/python3.11/site-packages/airflow/example_dags/example_bash_operator.py
[2023-10-07T04:05:27.646+0530] {logging_mixin.py:151} INFO - [2023-10-07T04:05:27.646+0530] {dag.py:2915} INFO - Sync 1 DAGs
[2023-10-07T04:05:27.664+0530] {logging_mixin.py:151} INFO - [2023-10-07T04:05:27.664+0530] {dag.py:3696} INFO - Setting next_dagrun for example_bash_operator to 2023-10-05T00:00:00+00:00, run_after=2023-10-06T00:00:00+00:00
[2023-10-07T04:05:27.682+0530] {processor.py:179} INFO - Processing /home/raj/Downloads/kafka_2.13-3.5.1/airflow-env/lib64/python3.11/site-packages/airflow/example_dags/example_bash_operator.py took 0.105 seconds
[2023-10-07T04:06:18.417+0530] {processor.py:157} INFO - Started process (PID=19085) to work on /home/raj/Downloads/kafka_2.13-3.5.1/airflow-env/lib64/python3.11/site-packages/airflow/example_dags/example_bash_operator.py
[2023-10-07T04:06:18.428+0530] {processor.py:829} INFO - Processing file /home/raj/Downloads/kafka_2.13-3.5.1/airflow-env/lib64/python3.11/site-packages/airflow/example_dags/example_bash_operator.py for tasks to queue
[2023-10-07T04:06:18.430+0530] {logging_mixin.py:151} INFO - [2023-10-07T04:06:18.429+0530] {dagbag.py:539} INFO - Filling up the DagBag from /home/raj/Downloads/kafka_2.13-3.5.1/airflow-env/lib64/python3.11/site-packages/airflow/example_dags/example_bash_operator.py
[2023-10-07T04:06:18.457+0530] {processor.py:839} INFO - DAG(s) dict_keys(['example_bash_operator']) retrieved from /home/raj/Downloads/kafka_2.13-3.5.1/airflow-env/lib64/python3.11/site-packages/airflow/example_dags/example_bash_operator.py
[2023-10-07T04:06:18.496+0530] {logging_mixin.py:151} INFO - [2023-10-07T04:06:18.495+0530] {dag.py:2915} INFO - Sync 1 DAGs
[2023-10-07T04:06:18.520+0530] {logging_mixin.py:151} INFO - [2023-10-07T04:06:18.520+0530] {dag.py:3696} INFO - Setting next_dagrun for example_bash_operator to 2023-10-05T00:00:00+00:00, run_after=2023-10-06T00:00:00+00:00
[2023-10-07T04:06:18.544+0530] {processor.py:179} INFO - Processing /home/raj/Downloads/kafka_2.13-3.5.1/airflow-env/lib64/python3.11/site-packages/airflow/example_dags/example_bash_operator.py took 0.133 seconds
[2023-10-07T04:07:16.157+0530] {processor.py:157} INFO - Started process (PID=19190) to work on /home/raj/Downloads/kafka_2.13-3.5.1/airflow-env/lib64/python3.11/site-packages/airflow/example_dags/example_bash_operator.py
[2023-10-07T04:07:16.168+0530] {processor.py:829} INFO - Processing file /home/raj/Downloads/kafka_2.13-3.5.1/airflow-env/lib64/python3.11/site-packages/airflow/example_dags/example_bash_operator.py for tasks to queue
[2023-10-07T04:07:16.170+0530] {logging_mixin.py:151} INFO - [2023-10-07T04:07:16.169+0530] {dagbag.py:539} INFO - Filling up the DagBag from /home/raj/Downloads/kafka_2.13-3.5.1/airflow-env/lib64/python3.11/site-packages/airflow/example_dags/example_bash_operator.py
[2023-10-07T04:07:16.192+0530] {processor.py:839} INFO - DAG(s) dict_keys(['example_bash_operator']) retrieved from /home/raj/Downloads/kafka_2.13-3.5.1/airflow-env/lib64/python3.11/site-packages/airflow/example_dags/example_bash_operator.py
[2023-10-07T04:07:16.226+0530] {logging_mixin.py:151} INFO - [2023-10-07T04:07:16.225+0530] {dag.py:2915} INFO - Sync 1 DAGs
[2023-10-07T04:07:16.250+0530] {logging_mixin.py:151} INFO - [2023-10-07T04:07:16.250+0530] {dag.py:3696} INFO - Setting next_dagrun for example_bash_operator to 2023-10-05T00:00:00+00:00, run_after=2023-10-06T00:00:00+00:00
[2023-10-07T04:07:16.273+0530] {processor.py:179} INFO - Processing /home/raj/Downloads/kafka_2.13-3.5.1/airflow-env/lib64/python3.11/site-packages/airflow/example_dags/example_bash_operator.py took 0.121 seconds
[2023-10-07T04:08:11.074+0530] {processor.py:157} INFO - Started process (PID=19245) to work on /home/raj/Downloads/kafka_2.13-3.5.1/airflow-env/lib64/python3.11/site-packages/airflow/example_dags/example_bash_operator.py
[2023-10-07T04:08:11.085+0530] {processor.py:829} INFO - Processing file /home/raj/Downloads/kafka_2.13-3.5.1/airflow-env/lib64/python3.11/site-packages/airflow/example_dags/example_bash_operator.py for tasks to queue
[2023-10-07T04:08:11.086+0530] {logging_mixin.py:151} INFO - [2023-10-07T04:08:11.086+0530] {dagbag.py:539} INFO - Filling up the DagBag from /home/raj/Downloads/kafka_2.13-3.5.1/airflow-env/lib64/python3.11/site-packages/airflow/example_dags/example_bash_operator.py
[2023-10-07T04:08:11.109+0530] {processor.py:839} INFO - DAG(s) dict_keys(['example_bash_operator']) retrieved from /home/raj/Downloads/kafka_2.13-3.5.1/airflow-env/lib64/python3.11/site-packages/airflow/example_dags/example_bash_operator.py
[2023-10-07T04:08:11.139+0530] {logging_mixin.py:151} INFO - [2023-10-07T04:08:11.138+0530] {dag.py:2915} INFO - Sync 1 DAGs
[2023-10-07T04:08:11.156+0530] {logging_mixin.py:151} INFO - [2023-10-07T04:08:11.156+0530] {dag.py:3696} INFO - Setting next_dagrun for example_bash_operator to 2023-10-05T00:00:00+00:00, run_after=2023-10-06T00:00:00+00:00
[2023-10-07T04:08:11.174+0530] {processor.py:179} INFO - Processing /home/raj/Downloads/kafka_2.13-3.5.1/airflow-env/lib64/python3.11/site-packages/airflow/example_dags/example_bash_operator.py took 0.106 seconds
[2023-10-07T04:09:04.453+0530] {processor.py:157} INFO - Started process (PID=19299) to work on /home/raj/Downloads/kafka_2.13-3.5.1/airflow-env/lib64/python3.11/site-packages/airflow/example_dags/example_bash_operator.py
[2023-10-07T04:09:04.464+0530] {processor.py:829} INFO - Processing file /home/raj/Downloads/kafka_2.13-3.5.1/airflow-env/lib64/python3.11/site-packages/airflow/example_dags/example_bash_operator.py for tasks to queue
[2023-10-07T04:09:04.465+0530] {logging_mixin.py:151} INFO - [2023-10-07T04:09:04.465+0530] {dagbag.py:539} INFO - Filling up the DagBag from /home/raj/Downloads/kafka_2.13-3.5.1/airflow-env/lib64/python3.11/site-packages/airflow/example_dags/example_bash_operator.py
[2023-10-07T04:09:04.475+0530] {processor.py:839} INFO - DAG(s) dict_keys(['example_bash_operator']) retrieved from /home/raj/Downloads/kafka_2.13-3.5.1/airflow-env/lib64/python3.11/site-packages/airflow/example_dags/example_bash_operator.py
[2023-10-07T04:09:04.494+0530] {logging_mixin.py:151} INFO - [2023-10-07T04:09:04.494+0530] {dag.py:2915} INFO - Sync 1 DAGs
[2023-10-07T04:09:04.512+0530] {logging_mixin.py:151} INFO - [2023-10-07T04:09:04.512+0530] {dag.py:3696} INFO - Setting next_dagrun for example_bash_operator to 2023-10-05T00:00:00+00:00, run_after=2023-10-06T00:00:00+00:00
[2023-10-07T04:09:04.532+0530] {processor.py:179} INFO - Processing /home/raj/Downloads/kafka_2.13-3.5.1/airflow-env/lib64/python3.11/site-packages/airflow/example_dags/example_bash_operator.py took 0.085 seconds
[2023-10-07T04:09:55.534+0530] {processor.py:157} INFO - Started process (PID=19354) to work on /home/raj/Downloads/kafka_2.13-3.5.1/airflow-env/lib64/python3.11/site-packages/airflow/example_dags/example_bash_operator.py
[2023-10-07T04:09:55.545+0530] {processor.py:829} INFO - Processing file /home/raj/Downloads/kafka_2.13-3.5.1/airflow-env/lib64/python3.11/site-packages/airflow/example_dags/example_bash_operator.py for tasks to queue
[2023-10-07T04:09:55.546+0530] {logging_mixin.py:151} INFO - [2023-10-07T04:09:55.546+0530] {dagbag.py:539} INFO - Filling up the DagBag from /home/raj/Downloads/kafka_2.13-3.5.1/airflow-env/lib64/python3.11/site-packages/airflow/example_dags/example_bash_operator.py
[2023-10-07T04:09:55.570+0530] {processor.py:839} INFO - DAG(s) dict_keys(['example_bash_operator']) retrieved from /home/raj/Downloads/kafka_2.13-3.5.1/airflow-env/lib64/python3.11/site-packages/airflow/example_dags/example_bash_operator.py
[2023-10-07T04:09:55.603+0530] {logging_mixin.py:151} INFO - [2023-10-07T04:09:55.603+0530] {dag.py:2915} INFO - Sync 1 DAGs
[2023-10-07T04:09:55.623+0530] {logging_mixin.py:151} INFO - [2023-10-07T04:09:55.623+0530] {dag.py:3696} INFO - Setting next_dagrun for example_bash_operator to 2023-10-05T00:00:00+00:00, run_after=2023-10-06T00:00:00+00:00
[2023-10-07T04:09:55.645+0530] {processor.py:179} INFO - Processing /home/raj/Downloads/kafka_2.13-3.5.1/airflow-env/lib64/python3.11/site-packages/airflow/example_dags/example_bash_operator.py took 0.117 seconds
[2023-10-07T04:10:45.153+0530] {processor.py:157} INFO - Started process (PID=19421) to work on /home/raj/Downloads/kafka_2.13-3.5.1/airflow-env/lib64/python3.11/site-packages/airflow/example_dags/example_bash_operator.py
[2023-10-07T04:10:45.163+0530] {processor.py:829} INFO - Processing file /home/raj/Downloads/kafka_2.13-3.5.1/airflow-env/lib64/python3.11/site-packages/airflow/example_dags/example_bash_operator.py for tasks to queue
[2023-10-07T04:10:45.164+0530] {logging_mixin.py:151} INFO - [2023-10-07T04:10:45.164+0530] {dagbag.py:539} INFO - Filling up the DagBag from /home/raj/Downloads/kafka_2.13-3.5.1/airflow-env/lib64/python3.11/site-packages/airflow/example_dags/example_bash_operator.py
[2023-10-07T04:10:45.176+0530] {processor.py:839} INFO - DAG(s) dict_keys(['example_bash_operator']) retrieved from /home/raj/Downloads/kafka_2.13-3.5.1/airflow-env/lib64/python3.11/site-packages/airflow/example_dags/example_bash_operator.py
[2023-10-07T04:10:45.200+0530] {logging_mixin.py:151} INFO - [2023-10-07T04:10:45.199+0530] {dag.py:2915} INFO - Sync 1 DAGs
[2023-10-07T04:10:45.220+0530] {logging_mixin.py:151} INFO - [2023-10-07T04:10:45.220+0530] {dag.py:3696} INFO - Setting next_dagrun for example_bash_operator to 2023-10-05T00:00:00+00:00, run_after=2023-10-06T00:00:00+00:00
[2023-10-07T04:10:45.244+0530] {processor.py:179} INFO - Processing /home/raj/Downloads/kafka_2.13-3.5.1/airflow-env/lib64/python3.11/site-packages/airflow/example_dags/example_bash_operator.py took 0.094 seconds
[2023-10-07T04:11:37.469+0530] {processor.py:157} INFO - Started process (PID=19480) to work on /home/raj/Downloads/kafka_2.13-3.5.1/airflow-env/lib64/python3.11/site-packages/airflow/example_dags/example_bash_operator.py
[2023-10-07T04:11:37.470+0530] {processor.py:829} INFO - Processing file /home/raj/Downloads/kafka_2.13-3.5.1/airflow-env/lib64/python3.11/site-packages/airflow/example_dags/example_bash_operator.py for tasks to queue
[2023-10-07T04:11:37.472+0530] {logging_mixin.py:151} INFO - [2023-10-07T04:11:37.471+0530] {dagbag.py:539} INFO - Filling up the DagBag from /home/raj/Downloads/kafka_2.13-3.5.1/airflow-env/lib64/python3.11/site-packages/airflow/example_dags/example_bash_operator.py
[2023-10-07T04:11:37.496+0530] {processor.py:839} INFO - DAG(s) dict_keys(['example_bash_operator']) retrieved from /home/raj/Downloads/kafka_2.13-3.5.1/airflow-env/lib64/python3.11/site-packages/airflow/example_dags/example_bash_operator.py
[2023-10-07T04:11:37.520+0530] {logging_mixin.py:151} INFO - [2023-10-07T04:11:37.519+0530] {dag.py:2915} INFO - Sync 1 DAGs
[2023-10-07T04:11:37.542+0530] {logging_mixin.py:151} INFO - [2023-10-07T04:11:37.542+0530] {dag.py:3696} INFO - Setting next_dagrun for example_bash_operator to 2023-10-05T00:00:00+00:00, run_after=2023-10-06T00:00:00+00:00
[2023-10-07T04:11:37.564+0530] {processor.py:179} INFO - Processing /home/raj/Downloads/kafka_2.13-3.5.1/airflow-env/lib64/python3.11/site-packages/airflow/example_dags/example_bash_operator.py took 0.100 seconds
[2023-10-07T04:12:32.308+0530] {processor.py:157} INFO - Started process (PID=19556) to work on /home/raj/Downloads/kafka_2.13-3.5.1/airflow-env/lib64/python3.11/site-packages/airflow/example_dags/example_bash_operator.py
[2023-10-07T04:12:32.309+0530] {processor.py:829} INFO - Processing file /home/raj/Downloads/kafka_2.13-3.5.1/airflow-env/lib64/python3.11/site-packages/airflow/example_dags/example_bash_operator.py for tasks to queue
[2023-10-07T04:12:32.309+0530] {logging_mixin.py:151} INFO - [2023-10-07T04:12:32.309+0530] {dagbag.py:539} INFO - Filling up the DagBag from /home/raj/Downloads/kafka_2.13-3.5.1/airflow-env/lib64/python3.11/site-packages/airflow/example_dags/example_bash_operator.py
[2023-10-07T04:12:32.321+0530] {processor.py:839} INFO - DAG(s) dict_keys(['example_bash_operator']) retrieved from /home/raj/Downloads/kafka_2.13-3.5.1/airflow-env/lib64/python3.11/site-packages/airflow/example_dags/example_bash_operator.py
[2023-10-07T04:12:32.343+0530] {logging_mixin.py:151} INFO - [2023-10-07T04:12:32.343+0530] {dag.py:2915} INFO - Sync 1 DAGs
[2023-10-07T04:12:32.364+0530] {logging_mixin.py:151} INFO - [2023-10-07T04:12:32.364+0530] {dag.py:3696} INFO - Setting next_dagrun for example_bash_operator to 2023-10-05T00:00:00+00:00, run_after=2023-10-06T00:00:00+00:00
[2023-10-07T04:12:32.383+0530] {processor.py:179} INFO - Processing /home/raj/Downloads/kafka_2.13-3.5.1/airflow-env/lib64/python3.11/site-packages/airflow/example_dags/example_bash_operator.py took 0.079 seconds
[2023-10-07T04:13:26.620+0530] {processor.py:157} INFO - Started process (PID=19611) to work on /home/raj/Downloads/kafka_2.13-3.5.1/airflow-env/lib64/python3.11/site-packages/airflow/example_dags/example_bash_operator.py
[2023-10-07T04:13:26.632+0530] {processor.py:829} INFO - Processing file /home/raj/Downloads/kafka_2.13-3.5.1/airflow-env/lib64/python3.11/site-packages/airflow/example_dags/example_bash_operator.py for tasks to queue
[2023-10-07T04:13:26.633+0530] {logging_mixin.py:151} INFO - [2023-10-07T04:13:26.633+0530] {dagbag.py:539} INFO - Filling up the DagBag from /home/raj/Downloads/kafka_2.13-3.5.1/airflow-env/lib64/python3.11/site-packages/airflow/example_dags/example_bash_operator.py
[2023-10-07T04:13:26.657+0530] {processor.py:839} INFO - DAG(s) dict_keys(['example_bash_operator']) retrieved from /home/raj/Downloads/kafka_2.13-3.5.1/airflow-env/lib64/python3.11/site-packages/airflow/example_dags/example_bash_operator.py
[2023-10-07T04:13:26.691+0530] {logging_mixin.py:151} INFO - [2023-10-07T04:13:26.691+0530] {dag.py:2915} INFO - Sync 1 DAGs
[2023-10-07T04:13:26.713+0530] {logging_mixin.py:151} INFO - [2023-10-07T04:13:26.713+0530] {dag.py:3696} INFO - Setting next_dagrun for example_bash_operator to 2023-10-05T00:00:00+00:00, run_after=2023-10-06T00:00:00+00:00
[2023-10-07T04:13:26.734+0530] {processor.py:179} INFO - Processing /home/raj/Downloads/kafka_2.13-3.5.1/airflow-env/lib64/python3.11/site-packages/airflow/example_dags/example_bash_operator.py took 0.120 seconds
[2023-10-07T04:14:18.066+0530] {processor.py:157} INFO - Started process (PID=19664) to work on /home/raj/Downloads/kafka_2.13-3.5.1/airflow-env/lib64/python3.11/site-packages/airflow/example_dags/example_bash_operator.py
[2023-10-07T04:14:18.078+0530] {processor.py:829} INFO - Processing file /home/raj/Downloads/kafka_2.13-3.5.1/airflow-env/lib64/python3.11/site-packages/airflow/example_dags/example_bash_operator.py for tasks to queue
[2023-10-07T04:14:18.080+0530] {logging_mixin.py:151} INFO - [2023-10-07T04:14:18.079+0530] {dagbag.py:539} INFO - Filling up the DagBag from /home/raj/Downloads/kafka_2.13-3.5.1/airflow-env/lib64/python3.11/site-packages/airflow/example_dags/example_bash_operator.py
[2023-10-07T04:14:18.101+0530] {processor.py:839} INFO - DAG(s) dict_keys(['example_bash_operator']) retrieved from /home/raj/Downloads/kafka_2.13-3.5.1/airflow-env/lib64/python3.11/site-packages/airflow/example_dags/example_bash_operator.py
[2023-10-07T04:14:18.120+0530] {logging_mixin.py:151} INFO - [2023-10-07T04:14:18.119+0530] {dag.py:2915} INFO - Sync 1 DAGs
[2023-10-07T04:14:18.136+0530] {logging_mixin.py:151} INFO - [2023-10-07T04:14:18.136+0530] {dag.py:3696} INFO - Setting next_dagrun for example_bash_operator to 2023-10-05T00:00:00+00:00, run_after=2023-10-06T00:00:00+00:00
[2023-10-07T04:14:18.154+0530] {processor.py:179} INFO - Processing /home/raj/Downloads/kafka_2.13-3.5.1/airflow-env/lib64/python3.11/site-packages/airflow/example_dags/example_bash_operator.py took 0.093 seconds
[2023-10-07T04:15:07.854+0530] {processor.py:157} INFO - Started process (PID=19729) to work on /home/raj/Downloads/kafka_2.13-3.5.1/airflow-env/lib64/python3.11/site-packages/airflow/example_dags/example_bash_operator.py
[2023-10-07T04:15:07.865+0530] {processor.py:829} INFO - Processing file /home/raj/Downloads/kafka_2.13-3.5.1/airflow-env/lib64/python3.11/site-packages/airflow/example_dags/example_bash_operator.py for tasks to queue
[2023-10-07T04:15:07.866+0530] {logging_mixin.py:151} INFO - [2023-10-07T04:15:07.865+0530] {dagbag.py:539} INFO - Filling up the DagBag from /home/raj/Downloads/kafka_2.13-3.5.1/airflow-env/lib64/python3.11/site-packages/airflow/example_dags/example_bash_operator.py
[2023-10-07T04:15:07.877+0530] {processor.py:839} INFO - DAG(s) dict_keys(['example_bash_operator']) retrieved from /home/raj/Downloads/kafka_2.13-3.5.1/airflow-env/lib64/python3.11/site-packages/airflow/example_dags/example_bash_operator.py
[2023-10-07T04:15:07.899+0530] {logging_mixin.py:151} INFO - [2023-10-07T04:15:07.899+0530] {dag.py:2915} INFO - Sync 1 DAGs
[2023-10-07T04:15:07.916+0530] {logging_mixin.py:151} INFO - [2023-10-07T04:15:07.916+0530] {dag.py:3696} INFO - Setting next_dagrun for example_bash_operator to 2023-10-05T00:00:00+00:00, run_after=2023-10-06T00:00:00+00:00
[2023-10-07T04:15:07.936+0530] {processor.py:179} INFO - Processing /home/raj/Downloads/kafka_2.13-3.5.1/airflow-env/lib64/python3.11/site-packages/airflow/example_dags/example_bash_operator.py took 0.087 seconds
[2023-10-07T04:15:57.450+0530] {processor.py:157} INFO - Started process (PID=19820) to work on /home/raj/Downloads/kafka_2.13-3.5.1/airflow-env/lib64/python3.11/site-packages/airflow/example_dags/example_bash_operator.py
[2023-10-07T04:15:57.461+0530] {processor.py:829} INFO - Processing file /home/raj/Downloads/kafka_2.13-3.5.1/airflow-env/lib64/python3.11/site-packages/airflow/example_dags/example_bash_operator.py for tasks to queue
[2023-10-07T04:15:57.463+0530] {logging_mixin.py:151} INFO - [2023-10-07T04:15:57.462+0530] {dagbag.py:539} INFO - Filling up the DagBag from /home/raj/Downloads/kafka_2.13-3.5.1/airflow-env/lib64/python3.11/site-packages/airflow/example_dags/example_bash_operator.py
[2023-10-07T04:15:57.474+0530] {processor.py:839} INFO - DAG(s) dict_keys(['example_bash_operator']) retrieved from /home/raj/Downloads/kafka_2.13-3.5.1/airflow-env/lib64/python3.11/site-packages/airflow/example_dags/example_bash_operator.py
[2023-10-07T04:15:57.498+0530] {logging_mixin.py:151} INFO - [2023-10-07T04:15:57.498+0530] {dag.py:2915} INFO - Sync 1 DAGs
[2023-10-07T04:15:57.517+0530] {logging_mixin.py:151} INFO - [2023-10-07T04:15:57.516+0530] {dag.py:3696} INFO - Setting next_dagrun for example_bash_operator to 2023-10-05T00:00:00+00:00, run_after=2023-10-06T00:00:00+00:00
[2023-10-07T04:15:57.537+0530] {processor.py:179} INFO - Processing /home/raj/Downloads/kafka_2.13-3.5.1/airflow-env/lib64/python3.11/site-packages/airflow/example_dags/example_bash_operator.py took 0.092 seconds
[2023-10-07T04:16:52.093+0530] {processor.py:157} INFO - Started process (PID=19880) to work on /home/raj/Downloads/kafka_2.13-3.5.1/airflow-env/lib64/python3.11/site-packages/airflow/example_dags/example_bash_operator.py
[2023-10-07T04:16:52.104+0530] {processor.py:829} INFO - Processing file /home/raj/Downloads/kafka_2.13-3.5.1/airflow-env/lib64/python3.11/site-packages/airflow/example_dags/example_bash_operator.py for tasks to queue
[2023-10-07T04:16:52.105+0530] {logging_mixin.py:151} INFO - [2023-10-07T04:16:52.104+0530] {dagbag.py:539} INFO - Filling up the DagBag from /home/raj/Downloads/kafka_2.13-3.5.1/airflow-env/lib64/python3.11/site-packages/airflow/example_dags/example_bash_operator.py
[2023-10-07T04:16:52.114+0530] {processor.py:839} INFO - DAG(s) dict_keys(['example_bash_operator']) retrieved from /home/raj/Downloads/kafka_2.13-3.5.1/airflow-env/lib64/python3.11/site-packages/airflow/example_dags/example_bash_operator.py
[2023-10-07T04:16:52.133+0530] {logging_mixin.py:151} INFO - [2023-10-07T04:16:52.132+0530] {dag.py:2915} INFO - Sync 1 DAGs
[2023-10-07T04:16:52.149+0530] {logging_mixin.py:151} INFO - [2023-10-07T04:16:52.149+0530] {dag.py:3696} INFO - Setting next_dagrun for example_bash_operator to 2023-10-05T00:00:00+00:00, run_after=2023-10-06T00:00:00+00:00
[2023-10-07T04:16:52.169+0530] {processor.py:179} INFO - Processing /home/raj/Downloads/kafka_2.13-3.5.1/airflow-env/lib64/python3.11/site-packages/airflow/example_dags/example_bash_operator.py took 0.081 seconds
[2023-10-07T04:17:42.354+0530] {processor.py:157} INFO - Started process (PID=19936) to work on /home/raj/Downloads/kafka_2.13-3.5.1/airflow-env/lib64/python3.11/site-packages/airflow/example_dags/example_bash_operator.py
[2023-10-07T04:17:42.366+0530] {processor.py:829} INFO - Processing file /home/raj/Downloads/kafka_2.13-3.5.1/airflow-env/lib64/python3.11/site-packages/airflow/example_dags/example_bash_operator.py for tasks to queue
[2023-10-07T04:17:42.367+0530] {logging_mixin.py:151} INFO - [2023-10-07T04:17:42.367+0530] {dagbag.py:539} INFO - Filling up the DagBag from /home/raj/Downloads/kafka_2.13-3.5.1/airflow-env/lib64/python3.11/site-packages/airflow/example_dags/example_bash_operator.py
[2023-10-07T04:17:42.393+0530] {processor.py:839} INFO - DAG(s) dict_keys(['example_bash_operator']) retrieved from /home/raj/Downloads/kafka_2.13-3.5.1/airflow-env/lib64/python3.11/site-packages/airflow/example_dags/example_bash_operator.py
[2023-10-07T04:17:42.425+0530] {logging_mixin.py:151} INFO - [2023-10-07T04:17:42.425+0530] {dag.py:2915} INFO - Sync 1 DAGs
[2023-10-07T04:17:42.445+0530] {logging_mixin.py:151} INFO - [2023-10-07T04:17:42.445+0530] {dag.py:3696} INFO - Setting next_dagrun for example_bash_operator to 2023-10-05T00:00:00+00:00, run_after=2023-10-06T00:00:00+00:00
[2023-10-07T04:17:42.465+0530] {processor.py:179} INFO - Processing /home/raj/Downloads/kafka_2.13-3.5.1/airflow-env/lib64/python3.11/site-packages/airflow/example_dags/example_bash_operator.py took 0.116 seconds
[2023-10-07T04:18:33.418+0530] {processor.py:157} INFO - Started process (PID=19989) to work on /home/raj/Downloads/kafka_2.13-3.5.1/airflow-env/lib64/python3.11/site-packages/airflow/example_dags/example_bash_operator.py
[2023-10-07T04:18:33.429+0530] {processor.py:829} INFO - Processing file /home/raj/Downloads/kafka_2.13-3.5.1/airflow-env/lib64/python3.11/site-packages/airflow/example_dags/example_bash_operator.py for tasks to queue
[2023-10-07T04:18:33.430+0530] {logging_mixin.py:151} INFO - [2023-10-07T04:18:33.429+0530] {dagbag.py:539} INFO - Filling up the DagBag from /home/raj/Downloads/kafka_2.13-3.5.1/airflow-env/lib64/python3.11/site-packages/airflow/example_dags/example_bash_operator.py
[2023-10-07T04:18:33.448+0530] {processor.py:839} INFO - DAG(s) dict_keys(['example_bash_operator']) retrieved from /home/raj/Downloads/kafka_2.13-3.5.1/airflow-env/lib64/python3.11/site-packages/airflow/example_dags/example_bash_operator.py
[2023-10-07T04:18:33.475+0530] {logging_mixin.py:151} INFO - [2023-10-07T04:18:33.474+0530] {dag.py:2915} INFO - Sync 1 DAGs
[2023-10-07T04:18:33.498+0530] {logging_mixin.py:151} INFO - [2023-10-07T04:18:33.498+0530] {dag.py:3696} INFO - Setting next_dagrun for example_bash_operator to 2023-10-05T00:00:00+00:00, run_after=2023-10-06T00:00:00+00:00
[2023-10-07T04:18:33.524+0530] {processor.py:179} INFO - Processing /home/raj/Downloads/kafka_2.13-3.5.1/airflow-env/lib64/python3.11/site-packages/airflow/example_dags/example_bash_operator.py took 0.109 seconds
[2023-10-07T04:19:27.975+0530] {processor.py:157} INFO - Started process (PID=20043) to work on /home/raj/Downloads/kafka_2.13-3.5.1/airflow-env/lib64/python3.11/site-packages/airflow/example_dags/example_bash_operator.py
[2023-10-07T04:19:27.986+0530] {processor.py:829} INFO - Processing file /home/raj/Downloads/kafka_2.13-3.5.1/airflow-env/lib64/python3.11/site-packages/airflow/example_dags/example_bash_operator.py for tasks to queue
[2023-10-07T04:19:27.987+0530] {logging_mixin.py:151} INFO - [2023-10-07T04:19:27.987+0530] {dagbag.py:539} INFO - Filling up the DagBag from /home/raj/Downloads/kafka_2.13-3.5.1/airflow-env/lib64/python3.11/site-packages/airflow/example_dags/example_bash_operator.py
[2023-10-07T04:19:28.012+0530] {processor.py:839} INFO - DAG(s) dict_keys(['example_bash_operator']) retrieved from /home/raj/Downloads/kafka_2.13-3.5.1/airflow-env/lib64/python3.11/site-packages/airflow/example_dags/example_bash_operator.py
[2023-10-07T04:19:28.041+0530] {logging_mixin.py:151} INFO - [2023-10-07T04:19:28.041+0530] {dag.py:2915} INFO - Sync 1 DAGs
[2023-10-07T04:19:28.058+0530] {logging_mixin.py:151} INFO - [2023-10-07T04:19:28.058+0530] {dag.py:3696} INFO - Setting next_dagrun for example_bash_operator to 2023-10-05T00:00:00+00:00, run_after=2023-10-06T00:00:00+00:00
[2023-10-07T04:19:28.078+0530] {processor.py:179} INFO - Processing /home/raj/Downloads/kafka_2.13-3.5.1/airflow-env/lib64/python3.11/site-packages/airflow/example_dags/example_bash_operator.py took 0.109 seconds
[2023-10-07T04:20:23.977+0530] {processor.py:157} INFO - Started process (PID=20393) to work on /home/raj/Downloads/kafka_2.13-3.5.1/airflow-env/lib64/python3.11/site-packages/airflow/example_dags/example_bash_operator.py
[2023-10-07T04:20:23.987+0530] {processor.py:829} INFO - Processing file /home/raj/Downloads/kafka_2.13-3.5.1/airflow-env/lib64/python3.11/site-packages/airflow/example_dags/example_bash_operator.py for tasks to queue
[2023-10-07T04:20:23.988+0530] {logging_mixin.py:151} INFO - [2023-10-07T04:20:23.988+0530] {dagbag.py:539} INFO - Filling up the DagBag from /home/raj/Downloads/kafka_2.13-3.5.1/airflow-env/lib64/python3.11/site-packages/airflow/example_dags/example_bash_operator.py
[2023-10-07T04:20:23.998+0530] {processor.py:839} INFO - DAG(s) dict_keys(['example_bash_operator']) retrieved from /home/raj/Downloads/kafka_2.13-3.5.1/airflow-env/lib64/python3.11/site-packages/airflow/example_dags/example_bash_operator.py
[2023-10-07T04:20:24.023+0530] {logging_mixin.py:151} INFO - [2023-10-07T04:20:24.022+0530] {dag.py:2915} INFO - Sync 1 DAGs
[2023-10-07T04:20:24.045+0530] {logging_mixin.py:151} INFO - [2023-10-07T04:20:24.045+0530] {dag.py:3696} INFO - Setting next_dagrun for example_bash_operator to 2023-10-05T00:00:00+00:00, run_after=2023-10-06T00:00:00+00:00
[2023-10-07T04:20:24.069+0530] {processor.py:179} INFO - Processing /home/raj/Downloads/kafka_2.13-3.5.1/airflow-env/lib64/python3.11/site-packages/airflow/example_dags/example_bash_operator.py took 0.094 seconds
[2023-10-07T04:21:19.570+0530] {processor.py:157} INFO - Started process (PID=20584) to work on /home/raj/Downloads/kafka_2.13-3.5.1/airflow-env/lib64/python3.11/site-packages/airflow/example_dags/example_bash_operator.py
[2023-10-07T04:21:19.582+0530] {processor.py:829} INFO - Processing file /home/raj/Downloads/kafka_2.13-3.5.1/airflow-env/lib64/python3.11/site-packages/airflow/example_dags/example_bash_operator.py for tasks to queue
[2023-10-07T04:21:19.583+0530] {logging_mixin.py:151} INFO - [2023-10-07T04:21:19.583+0530] {dagbag.py:539} INFO - Filling up the DagBag from /home/raj/Downloads/kafka_2.13-3.5.1/airflow-env/lib64/python3.11/site-packages/airflow/example_dags/example_bash_operator.py
[2023-10-07T04:21:19.594+0530] {processor.py:839} INFO - DAG(s) dict_keys(['example_bash_operator']) retrieved from /home/raj/Downloads/kafka_2.13-3.5.1/airflow-env/lib64/python3.11/site-packages/airflow/example_dags/example_bash_operator.py
[2023-10-07T04:21:19.619+0530] {logging_mixin.py:151} INFO - [2023-10-07T04:21:19.618+0530] {dag.py:2915} INFO - Sync 1 DAGs
[2023-10-07T04:21:19.638+0530] {logging_mixin.py:151} INFO - [2023-10-07T04:21:19.638+0530] {dag.py:3696} INFO - Setting next_dagrun for example_bash_operator to 2023-10-05T00:00:00+00:00, run_after=2023-10-06T00:00:00+00:00
[2023-10-07T04:21:19.660+0530] {processor.py:179} INFO - Processing /home/raj/Downloads/kafka_2.13-3.5.1/airflow-env/lib64/python3.11/site-packages/airflow/example_dags/example_bash_operator.py took 0.095 seconds
[2023-10-07T04:22:07.803+0530] {processor.py:157} INFO - Started process (PID=20757) to work on /home/raj/Downloads/kafka_2.13-3.5.1/airflow-env/lib64/python3.11/site-packages/airflow/example_dags/example_bash_operator.py
[2023-10-07T04:22:07.814+0530] {processor.py:829} INFO - Processing file /home/raj/Downloads/kafka_2.13-3.5.1/airflow-env/lib64/python3.11/site-packages/airflow/example_dags/example_bash_operator.py for tasks to queue
[2023-10-07T04:22:07.815+0530] {logging_mixin.py:151} INFO - [2023-10-07T04:22:07.815+0530] {dagbag.py:539} INFO - Filling up the DagBag from /home/raj/Downloads/kafka_2.13-3.5.1/airflow-env/lib64/python3.11/site-packages/airflow/example_dags/example_bash_operator.py
[2023-10-07T04:22:07.830+0530] {processor.py:839} INFO - DAG(s) dict_keys(['example_bash_operator']) retrieved from /home/raj/Downloads/kafka_2.13-3.5.1/airflow-env/lib64/python3.11/site-packages/airflow/example_dags/example_bash_operator.py
[2023-10-07T04:22:07.867+0530] {logging_mixin.py:151} INFO - [2023-10-07T04:22:07.867+0530] {dag.py:2915} INFO - Sync 1 DAGs
[2023-10-07T04:22:07.896+0530] {logging_mixin.py:151} INFO - [2023-10-07T04:22:07.896+0530] {dag.py:3696} INFO - Setting next_dagrun for example_bash_operator to 2023-10-05T00:00:00+00:00, run_after=2023-10-06T00:00:00+00:00
[2023-10-07T04:22:07.923+0530] {processor.py:179} INFO - Processing /home/raj/Downloads/kafka_2.13-3.5.1/airflow-env/lib64/python3.11/site-packages/airflow/example_dags/example_bash_operator.py took 0.123 seconds
[2023-10-07T04:22:58.800+0530] {processor.py:157} INFO - Started process (PID=20855) to work on /home/raj/Downloads/kafka_2.13-3.5.1/airflow-env/lib64/python3.11/site-packages/airflow/example_dags/example_bash_operator.py
[2023-10-07T04:22:58.811+0530] {processor.py:829} INFO - Processing file /home/raj/Downloads/kafka_2.13-3.5.1/airflow-env/lib64/python3.11/site-packages/airflow/example_dags/example_bash_operator.py for tasks to queue
[2023-10-07T04:22:58.812+0530] {logging_mixin.py:151} INFO - [2023-10-07T04:22:58.812+0530] {dagbag.py:539} INFO - Filling up the DagBag from /home/raj/Downloads/kafka_2.13-3.5.1/airflow-env/lib64/python3.11/site-packages/airflow/example_dags/example_bash_operator.py
[2023-10-07T04:22:58.824+0530] {processor.py:839} INFO - DAG(s) dict_keys(['example_bash_operator']) retrieved from /home/raj/Downloads/kafka_2.13-3.5.1/airflow-env/lib64/python3.11/site-packages/airflow/example_dags/example_bash_operator.py
[2023-10-07T04:22:58.849+0530] {logging_mixin.py:151} INFO - [2023-10-07T04:22:58.848+0530] {dag.py:2915} INFO - Sync 1 DAGs
[2023-10-07T04:22:58.871+0530] {logging_mixin.py:151} INFO - [2023-10-07T04:22:58.871+0530] {dag.py:3696} INFO - Setting next_dagrun for example_bash_operator to 2023-10-05T00:00:00+00:00, run_after=2023-10-06T00:00:00+00:00
[2023-10-07T04:22:58.892+0530] {processor.py:179} INFO - Processing /home/raj/Downloads/kafka_2.13-3.5.1/airflow-env/lib64/python3.11/site-packages/airflow/example_dags/example_bash_operator.py took 0.095 seconds
[2023-10-07T04:23:50.703+0530] {processor.py:157} INFO - Started process (PID=20971) to work on /home/raj/Downloads/kafka_2.13-3.5.1/airflow-env/lib64/python3.11/site-packages/airflow/example_dags/example_bash_operator.py
[2023-10-07T04:23:50.714+0530] {processor.py:829} INFO - Processing file /home/raj/Downloads/kafka_2.13-3.5.1/airflow-env/lib64/python3.11/site-packages/airflow/example_dags/example_bash_operator.py for tasks to queue
[2023-10-07T04:23:50.716+0530] {logging_mixin.py:151} INFO - [2023-10-07T04:23:50.715+0530] {dagbag.py:539} INFO - Filling up the DagBag from /home/raj/Downloads/kafka_2.13-3.5.1/airflow-env/lib64/python3.11/site-packages/airflow/example_dags/example_bash_operator.py
[2023-10-07T04:23:50.739+0530] {processor.py:839} INFO - DAG(s) dict_keys(['example_bash_operator']) retrieved from /home/raj/Downloads/kafka_2.13-3.5.1/airflow-env/lib64/python3.11/site-packages/airflow/example_dags/example_bash_operator.py
[2023-10-07T04:23:50.765+0530] {logging_mixin.py:151} INFO - [2023-10-07T04:23:50.765+0530] {dag.py:2915} INFO - Sync 1 DAGs
[2023-10-07T04:23:50.785+0530] {logging_mixin.py:151} INFO - [2023-10-07T04:23:50.785+0530] {dag.py:3696} INFO - Setting next_dagrun for example_bash_operator to 2023-10-05T00:00:00+00:00, run_after=2023-10-06T00:00:00+00:00
[2023-10-07T04:23:50.808+0530] {processor.py:179} INFO - Processing /home/raj/Downloads/kafka_2.13-3.5.1/airflow-env/lib64/python3.11/site-packages/airflow/example_dags/example_bash_operator.py took 0.109 seconds
[2023-10-07T04:24:41.087+0530] {processor.py:157} INFO - Started process (PID=21088) to work on /home/raj/Downloads/kafka_2.13-3.5.1/airflow-env/lib64/python3.11/site-packages/airflow/example_dags/example_bash_operator.py
[2023-10-07T04:24:41.098+0530] {processor.py:829} INFO - Processing file /home/raj/Downloads/kafka_2.13-3.5.1/airflow-env/lib64/python3.11/site-packages/airflow/example_dags/example_bash_operator.py for tasks to queue
[2023-10-07T04:24:41.099+0530] {logging_mixin.py:151} INFO - [2023-10-07T04:24:41.098+0530] {dagbag.py:539} INFO - Filling up the DagBag from /home/raj/Downloads/kafka_2.13-3.5.1/airflow-env/lib64/python3.11/site-packages/airflow/example_dags/example_bash_operator.py
[2023-10-07T04:24:41.112+0530] {processor.py:839} INFO - DAG(s) dict_keys(['example_bash_operator']) retrieved from /home/raj/Downloads/kafka_2.13-3.5.1/airflow-env/lib64/python3.11/site-packages/airflow/example_dags/example_bash_operator.py
[2023-10-07T04:24:41.138+0530] {logging_mixin.py:151} INFO - [2023-10-07T04:24:41.138+0530] {dag.py:2915} INFO - Sync 1 DAGs
[2023-10-07T04:24:41.161+0530] {logging_mixin.py:151} INFO - [2023-10-07T04:24:41.161+0530] {dag.py:3696} INFO - Setting next_dagrun for example_bash_operator to 2023-10-05T00:00:00+00:00, run_after=2023-10-06T00:00:00+00:00
[2023-10-07T04:24:41.186+0530] {processor.py:179} INFO - Processing /home/raj/Downloads/kafka_2.13-3.5.1/airflow-env/lib64/python3.11/site-packages/airflow/example_dags/example_bash_operator.py took 0.102 seconds
[2023-10-07T04:25:31.369+0530] {processor.py:157} INFO - Started process (PID=21173) to work on /home/raj/Downloads/kafka_2.13-3.5.1/airflow-env/lib64/python3.11/site-packages/airflow/example_dags/example_bash_operator.py
[2023-10-07T04:25:31.380+0530] {processor.py:829} INFO - Processing file /home/raj/Downloads/kafka_2.13-3.5.1/airflow-env/lib64/python3.11/site-packages/airflow/example_dags/example_bash_operator.py for tasks to queue
[2023-10-07T04:25:31.382+0530] {logging_mixin.py:151} INFO - [2023-10-07T04:25:31.381+0530] {dagbag.py:539} INFO - Filling up the DagBag from /home/raj/Downloads/kafka_2.13-3.5.1/airflow-env/lib64/python3.11/site-packages/airflow/example_dags/example_bash_operator.py
[2023-10-07T04:25:31.392+0530] {processor.py:839} INFO - DAG(s) dict_keys(['example_bash_operator']) retrieved from /home/raj/Downloads/kafka_2.13-3.5.1/airflow-env/lib64/python3.11/site-packages/airflow/example_dags/example_bash_operator.py
[2023-10-07T04:25:31.415+0530] {logging_mixin.py:151} INFO - [2023-10-07T04:25:31.415+0530] {dag.py:2915} INFO - Sync 1 DAGs
[2023-10-07T04:25:31.437+0530] {logging_mixin.py:151} INFO - [2023-10-07T04:25:31.436+0530] {dag.py:3696} INFO - Setting next_dagrun for example_bash_operator to 2023-10-05T00:00:00+00:00, run_after=2023-10-06T00:00:00+00:00
[2023-10-07T04:25:31.465+0530] {processor.py:179} INFO - Processing /home/raj/Downloads/kafka_2.13-3.5.1/airflow-env/lib64/python3.11/site-packages/airflow/example_dags/example_bash_operator.py took 0.103 seconds
[2023-10-07T04:26:24.976+0530] {processor.py:157} INFO - Started process (PID=21340) to work on /home/raj/Downloads/kafka_2.13-3.5.1/airflow-env/lib64/python3.11/site-packages/airflow/example_dags/example_bash_operator.py
[2023-10-07T04:26:24.987+0530] {processor.py:829} INFO - Processing file /home/raj/Downloads/kafka_2.13-3.5.1/airflow-env/lib64/python3.11/site-packages/airflow/example_dags/example_bash_operator.py for tasks to queue
[2023-10-07T04:26:24.989+0530] {logging_mixin.py:151} INFO - [2023-10-07T04:26:24.988+0530] {dagbag.py:539} INFO - Filling up the DagBag from /home/raj/Downloads/kafka_2.13-3.5.1/airflow-env/lib64/python3.11/site-packages/airflow/example_dags/example_bash_operator.py
[2023-10-07T04:26:25.012+0530] {processor.py:839} INFO - DAG(s) dict_keys(['example_bash_operator']) retrieved from /home/raj/Downloads/kafka_2.13-3.5.1/airflow-env/lib64/python3.11/site-packages/airflow/example_dags/example_bash_operator.py
[2023-10-07T04:26:25.044+0530] {logging_mixin.py:151} INFO - [2023-10-07T04:26:25.044+0530] {dag.py:2915} INFO - Sync 1 DAGs
[2023-10-07T04:26:25.061+0530] {logging_mixin.py:151} INFO - [2023-10-07T04:26:25.061+0530] {dag.py:3696} INFO - Setting next_dagrun for example_bash_operator to 2023-10-05T00:00:00+00:00, run_after=2023-10-06T00:00:00+00:00
[2023-10-07T04:26:25.079+0530] {processor.py:179} INFO - Processing /home/raj/Downloads/kafka_2.13-3.5.1/airflow-env/lib64/python3.11/site-packages/airflow/example_dags/example_bash_operator.py took 0.107 seconds
[2023-10-07T04:27:13.353+0530] {processor.py:157} INFO - Started process (PID=21518) to work on /home/raj/Downloads/kafka_2.13-3.5.1/airflow-env/lib64/python3.11/site-packages/airflow/example_dags/example_bash_operator.py
[2023-10-07T04:27:13.356+0530] {processor.py:829} INFO - Processing file /home/raj/Downloads/kafka_2.13-3.5.1/airflow-env/lib64/python3.11/site-packages/airflow/example_dags/example_bash_operator.py for tasks to queue
[2023-10-07T04:27:13.358+0530] {logging_mixin.py:151} INFO - [2023-10-07T04:27:13.357+0530] {dagbag.py:539} INFO - Filling up the DagBag from /home/raj/Downloads/kafka_2.13-3.5.1/airflow-env/lib64/python3.11/site-packages/airflow/example_dags/example_bash_operator.py
[2023-10-07T04:27:13.376+0530] {processor.py:839} INFO - DAG(s) dict_keys(['example_bash_operator']) retrieved from /home/raj/Downloads/kafka_2.13-3.5.1/airflow-env/lib64/python3.11/site-packages/airflow/example_dags/example_bash_operator.py
[2023-10-07T04:27:13.420+0530] {logging_mixin.py:151} INFO - [2023-10-07T04:27:13.420+0530] {dag.py:2915} INFO - Sync 1 DAGs
[2023-10-07T04:27:13.458+0530] {logging_mixin.py:151} INFO - [2023-10-07T04:27:13.457+0530] {dag.py:3696} INFO - Setting next_dagrun for example_bash_operator to 2023-10-05T00:00:00+00:00, run_after=2023-10-06T00:00:00+00:00
[2023-10-07T04:27:13.501+0530] {processor.py:179} INFO - Processing /home/raj/Downloads/kafka_2.13-3.5.1/airflow-env/lib64/python3.11/site-packages/airflow/example_dags/example_bash_operator.py took 0.152 seconds
[2023-10-07T04:28:06.940+0530] {processor.py:157} INFO - Started process (PID=21595) to work on /home/raj/Downloads/kafka_2.13-3.5.1/airflow-env/lib64/python3.11/site-packages/airflow/example_dags/example_bash_operator.py
[2023-10-07T04:28:06.951+0530] {processor.py:829} INFO - Processing file /home/raj/Downloads/kafka_2.13-3.5.1/airflow-env/lib64/python3.11/site-packages/airflow/example_dags/example_bash_operator.py for tasks to queue
[2023-10-07T04:28:06.953+0530] {logging_mixin.py:151} INFO - [2023-10-07T04:28:06.952+0530] {dagbag.py:539} INFO - Filling up the DagBag from /home/raj/Downloads/kafka_2.13-3.5.1/airflow-env/lib64/python3.11/site-packages/airflow/example_dags/example_bash_operator.py
[2023-10-07T04:28:06.965+0530] {processor.py:839} INFO - DAG(s) dict_keys(['example_bash_operator']) retrieved from /home/raj/Downloads/kafka_2.13-3.5.1/airflow-env/lib64/python3.11/site-packages/airflow/example_dags/example_bash_operator.py
[2023-10-07T04:28:06.988+0530] {logging_mixin.py:151} INFO - [2023-10-07T04:28:06.988+0530] {dag.py:2915} INFO - Sync 1 DAGs
[2023-10-07T04:28:07.009+0530] {logging_mixin.py:151} INFO - [2023-10-07T04:28:07.009+0530] {dag.py:3696} INFO - Setting next_dagrun for example_bash_operator to 2023-10-05T00:00:00+00:00, run_after=2023-10-06T00:00:00+00:00
[2023-10-07T04:28:07.031+0530] {processor.py:179} INFO - Processing /home/raj/Downloads/kafka_2.13-3.5.1/airflow-env/lib64/python3.11/site-packages/airflow/example_dags/example_bash_operator.py took 0.097 seconds
[2023-10-07T04:29:00.645+0530] {processor.py:157} INFO - Started process (PID=21729) to work on /home/raj/Downloads/kafka_2.13-3.5.1/airflow-env/lib64/python3.11/site-packages/airflow/example_dags/example_bash_operator.py
[2023-10-07T04:29:00.657+0530] {processor.py:829} INFO - Processing file /home/raj/Downloads/kafka_2.13-3.5.1/airflow-env/lib64/python3.11/site-packages/airflow/example_dags/example_bash_operator.py for tasks to queue
[2023-10-07T04:29:00.658+0530] {logging_mixin.py:151} INFO - [2023-10-07T04:29:00.658+0530] {dagbag.py:539} INFO - Filling up the DagBag from /home/raj/Downloads/kafka_2.13-3.5.1/airflow-env/lib64/python3.11/site-packages/airflow/example_dags/example_bash_operator.py
[2023-10-07T04:29:00.681+0530] {processor.py:839} INFO - DAG(s) dict_keys(['example_bash_operator']) retrieved from /home/raj/Downloads/kafka_2.13-3.5.1/airflow-env/lib64/python3.11/site-packages/airflow/example_dags/example_bash_operator.py
[2023-10-07T04:29:00.712+0530] {logging_mixin.py:151} INFO - [2023-10-07T04:29:00.712+0530] {dag.py:2915} INFO - Sync 1 DAGs
[2023-10-07T04:29:00.728+0530] {logging_mixin.py:151} INFO - [2023-10-07T04:29:00.728+0530] {dag.py:3696} INFO - Setting next_dagrun for example_bash_operator to 2023-10-05T00:00:00+00:00, run_after=2023-10-06T00:00:00+00:00
[2023-10-07T04:29:00.746+0530] {processor.py:179} INFO - Processing /home/raj/Downloads/kafka_2.13-3.5.1/airflow-env/lib64/python3.11/site-packages/airflow/example_dags/example_bash_operator.py took 0.106 seconds
[2023-10-07T04:41:13.619+0530] {processor.py:157} INFO - Started process (PID=9953) to work on /home/raj/Downloads/kafka_2.13-3.5.1/airflow-env/lib64/python3.11/site-packages/airflow/example_dags/example_bash_operator.py
[2023-10-07T04:41:13.631+0530] {processor.py:829} INFO - Processing file /home/raj/Downloads/kafka_2.13-3.5.1/airflow-env/lib64/python3.11/site-packages/airflow/example_dags/example_bash_operator.py for tasks to queue
[2023-10-07T04:41:13.632+0530] {logging_mixin.py:151} INFO - [2023-10-07T04:41:13.631+0530] {dagbag.py:539} INFO - Filling up the DagBag from /home/raj/Downloads/kafka_2.13-3.5.1/airflow-env/lib64/python3.11/site-packages/airflow/example_dags/example_bash_operator.py
[2023-10-07T04:41:13.642+0530] {processor.py:839} INFO - DAG(s) dict_keys(['example_bash_operator']) retrieved from /home/raj/Downloads/kafka_2.13-3.5.1/airflow-env/lib64/python3.11/site-packages/airflow/example_dags/example_bash_operator.py
[2023-10-07T04:41:13.661+0530] {logging_mixin.py:151} INFO - [2023-10-07T04:41:13.660+0530] {dag.py:2915} INFO - Sync 1 DAGs
[2023-10-07T04:41:13.680+0530] {logging_mixin.py:151} INFO - [2023-10-07T04:41:13.680+0530] {dag.py:3696} INFO - Setting next_dagrun for example_bash_operator to 2023-10-05T00:00:00+00:00, run_after=2023-10-06T00:00:00+00:00
[2023-10-07T04:41:13.701+0530] {processor.py:179} INFO - Processing /home/raj/Downloads/kafka_2.13-3.5.1/airflow-env/lib64/python3.11/site-packages/airflow/example_dags/example_bash_operator.py took 0.087 seconds
[2023-10-07T04:42:06.501+0530] {processor.py:157} INFO - Started process (PID=10106) to work on /home/raj/Downloads/kafka_2.13-3.5.1/airflow-env/lib64/python3.11/site-packages/airflow/example_dags/example_bash_operator.py
[2023-10-07T04:42:06.512+0530] {processor.py:829} INFO - Processing file /home/raj/Downloads/kafka_2.13-3.5.1/airflow-env/lib64/python3.11/site-packages/airflow/example_dags/example_bash_operator.py for tasks to queue
[2023-10-07T04:42:06.513+0530] {logging_mixin.py:151} INFO - [2023-10-07T04:42:06.513+0530] {dagbag.py:539} INFO - Filling up the DagBag from /home/raj/Downloads/kafka_2.13-3.5.1/airflow-env/lib64/python3.11/site-packages/airflow/example_dags/example_bash_operator.py
[2023-10-07T04:42:06.533+0530] {processor.py:839} INFO - DAG(s) dict_keys(['example_bash_operator']) retrieved from /home/raj/Downloads/kafka_2.13-3.5.1/airflow-env/lib64/python3.11/site-packages/airflow/example_dags/example_bash_operator.py
[2023-10-07T04:42:06.567+0530] {logging_mixin.py:151} INFO - [2023-10-07T04:42:06.567+0530] {dag.py:2915} INFO - Sync 1 DAGs
[2023-10-07T04:42:06.595+0530] {logging_mixin.py:151} INFO - [2023-10-07T04:42:06.595+0530] {dag.py:3696} INFO - Setting next_dagrun for example_bash_operator to 2023-10-05T00:00:00+00:00, run_after=2023-10-06T00:00:00+00:00
[2023-10-07T04:42:06.619+0530] {processor.py:179} INFO - Processing /home/raj/Downloads/kafka_2.13-3.5.1/airflow-env/lib64/python3.11/site-packages/airflow/example_dags/example_bash_operator.py took 0.122 seconds
[2023-10-07T04:42:58.540+0530] {processor.py:157} INFO - Started process (PID=10252) to work on /home/raj/Downloads/kafka_2.13-3.5.1/airflow-env/lib64/python3.11/site-packages/airflow/example_dags/example_bash_operator.py
[2023-10-07T04:42:58.542+0530] {processor.py:829} INFO - Processing file /home/raj/Downloads/kafka_2.13-3.5.1/airflow-env/lib64/python3.11/site-packages/airflow/example_dags/example_bash_operator.py for tasks to queue
[2023-10-07T04:42:58.544+0530] {logging_mixin.py:151} INFO - [2023-10-07T04:42:58.543+0530] {dagbag.py:539} INFO - Filling up the DagBag from /home/raj/Downloads/kafka_2.13-3.5.1/airflow-env/lib64/python3.11/site-packages/airflow/example_dags/example_bash_operator.py
[2023-10-07T04:42:58.569+0530] {processor.py:839} INFO - DAG(s) dict_keys(['example_bash_operator']) retrieved from /home/raj/Downloads/kafka_2.13-3.5.1/airflow-env/lib64/python3.11/site-packages/airflow/example_dags/example_bash_operator.py
[2023-10-07T04:42:58.591+0530] {logging_mixin.py:151} INFO - [2023-10-07T04:42:58.591+0530] {dag.py:2915} INFO - Sync 1 DAGs
[2023-10-07T04:42:58.610+0530] {logging_mixin.py:151} INFO - [2023-10-07T04:42:58.610+0530] {dag.py:3696} INFO - Setting next_dagrun for example_bash_operator to 2023-10-05T00:00:00+00:00, run_after=2023-10-06T00:00:00+00:00
[2023-10-07T04:42:58.628+0530] {processor.py:179} INFO - Processing /home/raj/Downloads/kafka_2.13-3.5.1/airflow-env/lib64/python3.11/site-packages/airflow/example_dags/example_bash_operator.py took 0.093 seconds
[2023-10-07T04:44:04.496+0530] {processor.py:157} INFO - Started process (PID=10437) to work on /home/raj/Downloads/kafka_2.13-3.5.1/airflow-env/lib64/python3.11/site-packages/airflow/example_dags/example_bash_operator.py
[2023-10-07T04:44:04.506+0530] {processor.py:829} INFO - Processing file /home/raj/Downloads/kafka_2.13-3.5.1/airflow-env/lib64/python3.11/site-packages/airflow/example_dags/example_bash_operator.py for tasks to queue
[2023-10-07T04:44:04.507+0530] {logging_mixin.py:151} INFO - [2023-10-07T04:44:04.507+0530] {dagbag.py:539} INFO - Filling up the DagBag from /home/raj/Downloads/kafka_2.13-3.5.1/airflow-env/lib64/python3.11/site-packages/airflow/example_dags/example_bash_operator.py
[2023-10-07T04:44:04.519+0530] {processor.py:839} INFO - DAG(s) dict_keys(['example_bash_operator']) retrieved from /home/raj/Downloads/kafka_2.13-3.5.1/airflow-env/lib64/python3.11/site-packages/airflow/example_dags/example_bash_operator.py
[2023-10-07T04:44:04.545+0530] {logging_mixin.py:151} INFO - [2023-10-07T04:44:04.545+0530] {dag.py:2915} INFO - Sync 1 DAGs
[2023-10-07T04:44:04.567+0530] {logging_mixin.py:151} INFO - [2023-10-07T04:44:04.567+0530] {dag.py:3696} INFO - Setting next_dagrun for example_bash_operator to 2023-10-05T00:00:00+00:00, run_after=2023-10-06T00:00:00+00:00
[2023-10-07T04:44:04.591+0530] {processor.py:179} INFO - Processing /home/raj/Downloads/kafka_2.13-3.5.1/airflow-env/lib64/python3.11/site-packages/airflow/example_dags/example_bash_operator.py took 0.098 seconds
[2023-10-07T04:45:01.700+0530] {processor.py:157} INFO - Started process (PID=10625) to work on /home/raj/Downloads/kafka_2.13-3.5.1/airflow-env/lib64/python3.11/site-packages/airflow/example_dags/example_bash_operator.py
[2023-10-07T04:45:01.711+0530] {processor.py:829} INFO - Processing file /home/raj/Downloads/kafka_2.13-3.5.1/airflow-env/lib64/python3.11/site-packages/airflow/example_dags/example_bash_operator.py for tasks to queue
[2023-10-07T04:45:01.713+0530] {logging_mixin.py:151} INFO - [2023-10-07T04:45:01.712+0530] {dagbag.py:539} INFO - Filling up the DagBag from /home/raj/Downloads/kafka_2.13-3.5.1/airflow-env/lib64/python3.11/site-packages/airflow/example_dags/example_bash_operator.py
[2023-10-07T04:45:01.737+0530] {processor.py:839} INFO - DAG(s) dict_keys(['example_bash_operator']) retrieved from /home/raj/Downloads/kafka_2.13-3.5.1/airflow-env/lib64/python3.11/site-packages/airflow/example_dags/example_bash_operator.py
[2023-10-07T04:45:01.771+0530] {logging_mixin.py:151} INFO - [2023-10-07T04:45:01.771+0530] {dag.py:2915} INFO - Sync 1 DAGs
[2023-10-07T04:45:01.794+0530] {logging_mixin.py:151} INFO - [2023-10-07T04:45:01.794+0530] {dag.py:3696} INFO - Setting next_dagrun for example_bash_operator to 2023-10-05T00:00:00+00:00, run_after=2023-10-06T00:00:00+00:00
[2023-10-07T04:45:01.816+0530] {processor.py:179} INFO - Processing /home/raj/Downloads/kafka_2.13-3.5.1/airflow-env/lib64/python3.11/site-packages/airflow/example_dags/example_bash_operator.py took 0.122 seconds
[2023-10-07T04:45:58.567+0530] {processor.py:157} INFO - Started process (PID=10832) to work on /home/raj/Downloads/kafka_2.13-3.5.1/airflow-env/lib64/python3.11/site-packages/airflow/example_dags/example_bash_operator.py
[2023-10-07T04:45:58.578+0530] {processor.py:829} INFO - Processing file /home/raj/Downloads/kafka_2.13-3.5.1/airflow-env/lib64/python3.11/site-packages/airflow/example_dags/example_bash_operator.py for tasks to queue
[2023-10-07T04:45:58.579+0530] {logging_mixin.py:151} INFO - [2023-10-07T04:45:58.578+0530] {dagbag.py:539} INFO - Filling up the DagBag from /home/raj/Downloads/kafka_2.13-3.5.1/airflow-env/lib64/python3.11/site-packages/airflow/example_dags/example_bash_operator.py
[2023-10-07T04:45:58.602+0530] {processor.py:839} INFO - DAG(s) dict_keys(['example_bash_operator']) retrieved from /home/raj/Downloads/kafka_2.13-3.5.1/airflow-env/lib64/python3.11/site-packages/airflow/example_dags/example_bash_operator.py
[2023-10-07T04:45:58.643+0530] {logging_mixin.py:151} INFO - [2023-10-07T04:45:58.643+0530] {dag.py:2915} INFO - Sync 1 DAGs
[2023-10-07T04:45:58.670+0530] {logging_mixin.py:151} INFO - [2023-10-07T04:45:58.670+0530] {dag.py:3696} INFO - Setting next_dagrun for example_bash_operator to 2023-10-05T00:00:00+00:00, run_after=2023-10-06T00:00:00+00:00
[2023-10-07T04:45:58.696+0530] {processor.py:179} INFO - Processing /home/raj/Downloads/kafka_2.13-3.5.1/airflow-env/lib64/python3.11/site-packages/airflow/example_dags/example_bash_operator.py took 0.132 seconds
[2023-10-07T04:46:55.859+0530] {processor.py:157} INFO - Started process (PID=10905) to work on /home/raj/Downloads/kafka_2.13-3.5.1/airflow-env/lib64/python3.11/site-packages/airflow/example_dags/example_bash_operator.py
[2023-10-07T04:46:55.870+0530] {processor.py:829} INFO - Processing file /home/raj/Downloads/kafka_2.13-3.5.1/airflow-env/lib64/python3.11/site-packages/airflow/example_dags/example_bash_operator.py for tasks to queue
[2023-10-07T04:46:55.871+0530] {logging_mixin.py:151} INFO - [2023-10-07T04:46:55.870+0530] {dagbag.py:539} INFO - Filling up the DagBag from /home/raj/Downloads/kafka_2.13-3.5.1/airflow-env/lib64/python3.11/site-packages/airflow/example_dags/example_bash_operator.py
[2023-10-07T04:46:55.881+0530] {processor.py:839} INFO - DAG(s) dict_keys(['example_bash_operator']) retrieved from /home/raj/Downloads/kafka_2.13-3.5.1/airflow-env/lib64/python3.11/site-packages/airflow/example_dags/example_bash_operator.py
[2023-10-07T04:46:55.901+0530] {logging_mixin.py:151} INFO - [2023-10-07T04:46:55.901+0530] {dag.py:2915} INFO - Sync 1 DAGs
[2023-10-07T04:46:55.922+0530] {logging_mixin.py:151} INFO - [2023-10-07T04:46:55.922+0530] {dag.py:3696} INFO - Setting next_dagrun for example_bash_operator to 2023-10-05T00:00:00+00:00, run_after=2023-10-06T00:00:00+00:00
[2023-10-07T04:46:55.943+0530] {processor.py:179} INFO - Processing /home/raj/Downloads/kafka_2.13-3.5.1/airflow-env/lib64/python3.11/site-packages/airflow/example_dags/example_bash_operator.py took 0.090 seconds
[2023-10-07T04:47:46.281+0530] {processor.py:157} INFO - Started process (PID=11030) to work on /home/raj/Downloads/kafka_2.13-3.5.1/airflow-env/lib64/python3.11/site-packages/airflow/example_dags/example_bash_operator.py
[2023-10-07T04:47:46.292+0530] {processor.py:829} INFO - Processing file /home/raj/Downloads/kafka_2.13-3.5.1/airflow-env/lib64/python3.11/site-packages/airflow/example_dags/example_bash_operator.py for tasks to queue
[2023-10-07T04:47:46.294+0530] {logging_mixin.py:151} INFO - [2023-10-07T04:47:46.293+0530] {dagbag.py:539} INFO - Filling up the DagBag from /home/raj/Downloads/kafka_2.13-3.5.1/airflow-env/lib64/python3.11/site-packages/airflow/example_dags/example_bash_operator.py
[2023-10-07T04:47:46.317+0530] {processor.py:839} INFO - DAG(s) dict_keys(['example_bash_operator']) retrieved from /home/raj/Downloads/kafka_2.13-3.5.1/airflow-env/lib64/python3.11/site-packages/airflow/example_dags/example_bash_operator.py
[2023-10-07T04:47:46.350+0530] {logging_mixin.py:151} INFO - [2023-10-07T04:47:46.350+0530] {dag.py:2915} INFO - Sync 1 DAGs
[2023-10-07T04:47:46.370+0530] {logging_mixin.py:151} INFO - [2023-10-07T04:47:46.370+0530] {dag.py:3696} INFO - Setting next_dagrun for example_bash_operator to 2023-10-05T00:00:00+00:00, run_after=2023-10-06T00:00:00+00:00
[2023-10-07T04:47:46.389+0530] {processor.py:179} INFO - Processing /home/raj/Downloads/kafka_2.13-3.5.1/airflow-env/lib64/python3.11/site-packages/airflow/example_dags/example_bash_operator.py took 0.113 seconds
[2023-10-07T04:48:37.490+0530] {processor.py:157} INFO - Started process (PID=11103) to work on /home/raj/Downloads/kafka_2.13-3.5.1/airflow-env/lib64/python3.11/site-packages/airflow/example_dags/example_bash_operator.py
[2023-10-07T04:48:37.501+0530] {processor.py:829} INFO - Processing file /home/raj/Downloads/kafka_2.13-3.5.1/airflow-env/lib64/python3.11/site-packages/airflow/example_dags/example_bash_operator.py for tasks to queue
[2023-10-07T04:48:37.502+0530] {logging_mixin.py:151} INFO - [2023-10-07T04:48:37.502+0530] {dagbag.py:539} INFO - Filling up the DagBag from /home/raj/Downloads/kafka_2.13-3.5.1/airflow-env/lib64/python3.11/site-packages/airflow/example_dags/example_bash_operator.py
[2023-10-07T04:48:37.512+0530] {processor.py:839} INFO - DAG(s) dict_keys(['example_bash_operator']) retrieved from /home/raj/Downloads/kafka_2.13-3.5.1/airflow-env/lib64/python3.11/site-packages/airflow/example_dags/example_bash_operator.py
[2023-10-07T04:48:37.532+0530] {logging_mixin.py:151} INFO - [2023-10-07T04:48:37.532+0530] {dag.py:2915} INFO - Sync 1 DAGs
[2023-10-07T04:48:37.550+0530] {logging_mixin.py:151} INFO - [2023-10-07T04:48:37.550+0530] {dag.py:3696} INFO - Setting next_dagrun for example_bash_operator to 2023-10-05T00:00:00+00:00, run_after=2023-10-06T00:00:00+00:00
[2023-10-07T04:48:37.569+0530] {processor.py:179} INFO - Processing /home/raj/Downloads/kafka_2.13-3.5.1/airflow-env/lib64/python3.11/site-packages/airflow/example_dags/example_bash_operator.py took 0.085 seconds
[2023-10-07T04:49:32.170+0530] {processor.py:157} INFO - Started process (PID=11241) to work on /home/raj/Downloads/kafka_2.13-3.5.1/airflow-env/lib64/python3.11/site-packages/airflow/example_dags/example_bash_operator.py
[2023-10-07T04:49:32.178+0530] {processor.py:829} INFO - Processing file /home/raj/Downloads/kafka_2.13-3.5.1/airflow-env/lib64/python3.11/site-packages/airflow/example_dags/example_bash_operator.py for tasks to queue
[2023-10-07T04:49:32.180+0530] {logging_mixin.py:151} INFO - [2023-10-07T04:49:32.179+0530] {dagbag.py:539} INFO - Filling up the DagBag from /home/raj/Downloads/kafka_2.13-3.5.1/airflow-env/lib64/python3.11/site-packages/airflow/example_dags/example_bash_operator.py
[2023-10-07T04:49:32.202+0530] {processor.py:839} INFO - DAG(s) dict_keys(['example_bash_operator']) retrieved from /home/raj/Downloads/kafka_2.13-3.5.1/airflow-env/lib64/python3.11/site-packages/airflow/example_dags/example_bash_operator.py
[2023-10-07T04:49:32.230+0530] {logging_mixin.py:151} INFO - [2023-10-07T04:49:32.230+0530] {dag.py:2915} INFO - Sync 1 DAGs
[2023-10-07T04:49:32.247+0530] {logging_mixin.py:151} INFO - [2023-10-07T04:49:32.247+0530] {dag.py:3696} INFO - Setting next_dagrun for example_bash_operator to 2023-10-05T00:00:00+00:00, run_after=2023-10-06T00:00:00+00:00
[2023-10-07T04:49:32.263+0530] {processor.py:179} INFO - Processing /home/raj/Downloads/kafka_2.13-3.5.1/airflow-env/lib64/python3.11/site-packages/airflow/example_dags/example_bash_operator.py took 0.098 seconds
[2023-10-07T04:50:28.408+0530] {processor.py:157} INFO - Started process (PID=11334) to work on /home/raj/Downloads/kafka_2.13-3.5.1/airflow-env/lib64/python3.11/site-packages/airflow/example_dags/example_bash_operator.py
[2023-10-07T04:50:28.419+0530] {processor.py:829} INFO - Processing file /home/raj/Downloads/kafka_2.13-3.5.1/airflow-env/lib64/python3.11/site-packages/airflow/example_dags/example_bash_operator.py for tasks to queue
[2023-10-07T04:50:28.420+0530] {logging_mixin.py:151} INFO - [2023-10-07T04:50:28.419+0530] {dagbag.py:539} INFO - Filling up the DagBag from /home/raj/Downloads/kafka_2.13-3.5.1/airflow-env/lib64/python3.11/site-packages/airflow/example_dags/example_bash_operator.py
[2023-10-07T04:50:28.442+0530] {processor.py:839} INFO - DAG(s) dict_keys(['example_bash_operator']) retrieved from /home/raj/Downloads/kafka_2.13-3.5.1/airflow-env/lib64/python3.11/site-packages/airflow/example_dags/example_bash_operator.py
[2023-10-07T04:50:28.473+0530] {logging_mixin.py:151} INFO - [2023-10-07T04:50:28.473+0530] {dag.py:2915} INFO - Sync 1 DAGs
[2023-10-07T04:50:28.496+0530] {logging_mixin.py:151} INFO - [2023-10-07T04:50:28.496+0530] {dag.py:3696} INFO - Setting next_dagrun for example_bash_operator to 2023-10-05T00:00:00+00:00, run_after=2023-10-06T00:00:00+00:00
[2023-10-07T04:50:28.517+0530] {processor.py:179} INFO - Processing /home/raj/Downloads/kafka_2.13-3.5.1/airflow-env/lib64/python3.11/site-packages/airflow/example_dags/example_bash_operator.py took 0.116 seconds
[2023-10-07T04:51:17.893+0530] {processor.py:157} INFO - Started process (PID=11433) to work on /home/raj/Downloads/kafka_2.13-3.5.1/airflow-env/lib64/python3.11/site-packages/airflow/example_dags/example_bash_operator.py
[2023-10-07T04:51:17.904+0530] {processor.py:829} INFO - Processing file /home/raj/Downloads/kafka_2.13-3.5.1/airflow-env/lib64/python3.11/site-packages/airflow/example_dags/example_bash_operator.py for tasks to queue
[2023-10-07T04:51:17.906+0530] {logging_mixin.py:151} INFO - [2023-10-07T04:51:17.905+0530] {dagbag.py:539} INFO - Filling up the DagBag from /home/raj/Downloads/kafka_2.13-3.5.1/airflow-env/lib64/python3.11/site-packages/airflow/example_dags/example_bash_operator.py
[2023-10-07T04:51:17.918+0530] {processor.py:839} INFO - DAG(s) dict_keys(['example_bash_operator']) retrieved from /home/raj/Downloads/kafka_2.13-3.5.1/airflow-env/lib64/python3.11/site-packages/airflow/example_dags/example_bash_operator.py
[2023-10-07T04:51:17.936+0530] {logging_mixin.py:151} INFO - [2023-10-07T04:51:17.936+0530] {dag.py:2915} INFO - Sync 1 DAGs
[2023-10-07T04:51:17.953+0530] {logging_mixin.py:151} INFO - [2023-10-07T04:51:17.953+0530] {dag.py:3696} INFO - Setting next_dagrun for example_bash_operator to 2023-10-05T00:00:00+00:00, run_after=2023-10-06T00:00:00+00:00
[2023-10-07T04:51:17.972+0530] {processor.py:179} INFO - Processing /home/raj/Downloads/kafka_2.13-3.5.1/airflow-env/lib64/python3.11/site-packages/airflow/example_dags/example_bash_operator.py took 0.084 seconds
[2023-10-07T04:52:11.145+0530] {processor.py:157} INFO - Started process (PID=11673) to work on /home/raj/Downloads/kafka_2.13-3.5.1/airflow-env/lib64/python3.11/site-packages/airflow/example_dags/example_bash_operator.py
[2023-10-07T04:52:11.156+0530] {processor.py:829} INFO - Processing file /home/raj/Downloads/kafka_2.13-3.5.1/airflow-env/lib64/python3.11/site-packages/airflow/example_dags/example_bash_operator.py for tasks to queue
[2023-10-07T04:52:11.157+0530] {logging_mixin.py:151} INFO - [2023-10-07T04:52:11.157+0530] {dagbag.py:539} INFO - Filling up the DagBag from /home/raj/Downloads/kafka_2.13-3.5.1/airflow-env/lib64/python3.11/site-packages/airflow/example_dags/example_bash_operator.py
[2023-10-07T04:52:11.171+0530] {processor.py:839} INFO - DAG(s) dict_keys(['example_bash_operator']) retrieved from /home/raj/Downloads/kafka_2.13-3.5.1/airflow-env/lib64/python3.11/site-packages/airflow/example_dags/example_bash_operator.py
[2023-10-07T04:52:11.191+0530] {logging_mixin.py:151} INFO - [2023-10-07T04:52:11.191+0530] {dag.py:2915} INFO - Sync 1 DAGs
[2023-10-07T04:52:11.208+0530] {logging_mixin.py:151} INFO - [2023-10-07T04:52:11.208+0530] {dag.py:3696} INFO - Setting next_dagrun for example_bash_operator to 2023-10-05T00:00:00+00:00, run_after=2023-10-06T00:00:00+00:00
[2023-10-07T04:52:11.227+0530] {processor.py:179} INFO - Processing /home/raj/Downloads/kafka_2.13-3.5.1/airflow-env/lib64/python3.11/site-packages/airflow/example_dags/example_bash_operator.py took 0.089 seconds
[2023-10-07T04:53:05.375+0530] {processor.py:157} INFO - Started process (PID=11783) to work on /home/raj/Downloads/kafka_2.13-3.5.1/airflow-env/lib64/python3.11/site-packages/airflow/example_dags/example_bash_operator.py
[2023-10-07T04:53:05.385+0530] {processor.py:829} INFO - Processing file /home/raj/Downloads/kafka_2.13-3.5.1/airflow-env/lib64/python3.11/site-packages/airflow/example_dags/example_bash_operator.py for tasks to queue
[2023-10-07T04:53:05.387+0530] {logging_mixin.py:151} INFO - [2023-10-07T04:53:05.386+0530] {dagbag.py:539} INFO - Filling up the DagBag from /home/raj/Downloads/kafka_2.13-3.5.1/airflow-env/lib64/python3.11/site-packages/airflow/example_dags/example_bash_operator.py
[2023-10-07T04:53:05.409+0530] {processor.py:839} INFO - DAG(s) dict_keys(['example_bash_operator']) retrieved from /home/raj/Downloads/kafka_2.13-3.5.1/airflow-env/lib64/python3.11/site-packages/airflow/example_dags/example_bash_operator.py
[2023-10-07T04:53:05.435+0530] {logging_mixin.py:151} INFO - [2023-10-07T04:53:05.435+0530] {dag.py:2915} INFO - Sync 1 DAGs
[2023-10-07T04:53:05.455+0530] {logging_mixin.py:151} INFO - [2023-10-07T04:53:05.455+0530] {dag.py:3696} INFO - Setting next_dagrun for example_bash_operator to 2023-10-05T00:00:00+00:00, run_after=2023-10-06T00:00:00+00:00
[2023-10-07T04:53:05.478+0530] {processor.py:179} INFO - Processing /home/raj/Downloads/kafka_2.13-3.5.1/airflow-env/lib64/python3.11/site-packages/airflow/example_dags/example_bash_operator.py took 0.108 seconds
[2023-10-07T04:53:48.996+0530] {processor.py:157} INFO - Started process (PID=11950) to work on /home/raj/Downloads/kafka_2.13-3.5.1/airflow-env/lib64/python3.11/site-packages/airflow/example_dags/example_bash_operator.py
[2023-10-07T04:53:49.007+0530] {processor.py:829} INFO - Processing file /home/raj/Downloads/kafka_2.13-3.5.1/airflow-env/lib64/python3.11/site-packages/airflow/example_dags/example_bash_operator.py for tasks to queue
[2023-10-07T04:53:49.008+0530] {logging_mixin.py:151} INFO - [2023-10-07T04:53:49.007+0530] {dagbag.py:539} INFO - Filling up the DagBag from /home/raj/Downloads/kafka_2.13-3.5.1/airflow-env/lib64/python3.11/site-packages/airflow/example_dags/example_bash_operator.py
[2023-10-07T04:53:49.026+0530] {processor.py:839} INFO - DAG(s) dict_keys(['example_bash_operator']) retrieved from /home/raj/Downloads/kafka_2.13-3.5.1/airflow-env/lib64/python3.11/site-packages/airflow/example_dags/example_bash_operator.py
[2023-10-07T04:53:49.046+0530] {logging_mixin.py:151} INFO - [2023-10-07T04:53:49.046+0530] {dag.py:2915} INFO - Sync 1 DAGs
[2023-10-07T04:53:49.065+0530] {logging_mixin.py:151} INFO - [2023-10-07T04:53:49.065+0530] {dag.py:3696} INFO - Setting next_dagrun for example_bash_operator to 2023-10-05T00:00:00+00:00, run_after=2023-10-06T00:00:00+00:00
[2023-10-07T04:53:49.087+0530] {processor.py:179} INFO - Processing /home/raj/Downloads/kafka_2.13-3.5.1/airflow-env/lib64/python3.11/site-packages/airflow/example_dags/example_bash_operator.py took 0.096 seconds
[2023-10-07T04:54:39.906+0530] {processor.py:157} INFO - Started process (PID=12011) to work on /home/raj/Downloads/kafka_2.13-3.5.1/airflow-env/lib64/python3.11/site-packages/airflow/example_dags/example_bash_operator.py
[2023-10-07T04:54:39.917+0530] {processor.py:829} INFO - Processing file /home/raj/Downloads/kafka_2.13-3.5.1/airflow-env/lib64/python3.11/site-packages/airflow/example_dags/example_bash_operator.py for tasks to queue
[2023-10-07T04:54:39.918+0530] {logging_mixin.py:151} INFO - [2023-10-07T04:54:39.917+0530] {dagbag.py:539} INFO - Filling up the DagBag from /home/raj/Downloads/kafka_2.13-3.5.1/airflow-env/lib64/python3.11/site-packages/airflow/example_dags/example_bash_operator.py
[2023-10-07T04:54:39.940+0530] {processor.py:839} INFO - DAG(s) dict_keys(['example_bash_operator']) retrieved from /home/raj/Downloads/kafka_2.13-3.5.1/airflow-env/lib64/python3.11/site-packages/airflow/example_dags/example_bash_operator.py
[2023-10-07T04:54:39.971+0530] {logging_mixin.py:151} INFO - [2023-10-07T04:54:39.971+0530] {dag.py:2915} INFO - Sync 1 DAGs
[2023-10-07T04:54:39.988+0530] {logging_mixin.py:151} INFO - [2023-10-07T04:54:39.987+0530] {dag.py:3696} INFO - Setting next_dagrun for example_bash_operator to 2023-10-05T00:00:00+00:00, run_after=2023-10-06T00:00:00+00:00
[2023-10-07T04:54:40.007+0530] {processor.py:179} INFO - Processing /home/raj/Downloads/kafka_2.13-3.5.1/airflow-env/lib64/python3.11/site-packages/airflow/example_dags/example_bash_operator.py took 0.107 seconds
[2023-10-07T04:56:12.133+0530] {processor.py:157} INFO - Started process (PID=12248) to work on /home/raj/Downloads/kafka_2.13-3.5.1/airflow-env/lib64/python3.11/site-packages/airflow/example_dags/example_bash_operator.py
[2023-10-07T04:56:12.144+0530] {processor.py:829} INFO - Processing file /home/raj/Downloads/kafka_2.13-3.5.1/airflow-env/lib64/python3.11/site-packages/airflow/example_dags/example_bash_operator.py for tasks to queue
[2023-10-07T04:56:12.146+0530] {logging_mixin.py:151} INFO - [2023-10-07T04:56:12.145+0530] {dagbag.py:539} INFO - Filling up the DagBag from /home/raj/Downloads/kafka_2.13-3.5.1/airflow-env/lib64/python3.11/site-packages/airflow/example_dags/example_bash_operator.py
[2023-10-07T04:56:12.167+0530] {processor.py:839} INFO - DAG(s) dict_keys(['example_bash_operator']) retrieved from /home/raj/Downloads/kafka_2.13-3.5.1/airflow-env/lib64/python3.11/site-packages/airflow/example_dags/example_bash_operator.py
[2023-10-07T04:56:12.199+0530] {logging_mixin.py:151} INFO - [2023-10-07T04:56:12.199+0530] {dag.py:2915} INFO - Sync 1 DAGs
[2023-10-07T04:56:12.216+0530] {logging_mixin.py:151} INFO - [2023-10-07T04:56:12.216+0530] {dag.py:3696} INFO - Setting next_dagrun for example_bash_operator to 2023-10-05T00:00:00+00:00, run_after=2023-10-06T00:00:00+00:00
[2023-10-07T04:56:12.233+0530] {processor.py:179} INFO - Processing /home/raj/Downloads/kafka_2.13-3.5.1/airflow-env/lib64/python3.11/site-packages/airflow/example_dags/example_bash_operator.py took 0.106 seconds
[2023-10-07T04:57:02.725+0530] {processor.py:157} INFO - Started process (PID=12377) to work on /home/raj/Downloads/kafka_2.13-3.5.1/airflow-env/lib64/python3.11/site-packages/airflow/example_dags/example_bash_operator.py
[2023-10-07T04:57:02.736+0530] {processor.py:829} INFO - Processing file /home/raj/Downloads/kafka_2.13-3.5.1/airflow-env/lib64/python3.11/site-packages/airflow/example_dags/example_bash_operator.py for tasks to queue
[2023-10-07T04:57:02.738+0530] {logging_mixin.py:151} INFO - [2023-10-07T04:57:02.737+0530] {dagbag.py:539} INFO - Filling up the DagBag from /home/raj/Downloads/kafka_2.13-3.5.1/airflow-env/lib64/python3.11/site-packages/airflow/example_dags/example_bash_operator.py
[2023-10-07T04:57:02.762+0530] {processor.py:839} INFO - DAG(s) dict_keys(['example_bash_operator']) retrieved from /home/raj/Downloads/kafka_2.13-3.5.1/airflow-env/lib64/python3.11/site-packages/airflow/example_dags/example_bash_operator.py
[2023-10-07T04:57:02.792+0530] {logging_mixin.py:151} INFO - [2023-10-07T04:57:02.792+0530] {dag.py:2915} INFO - Sync 1 DAGs
[2023-10-07T04:57:02.809+0530] {logging_mixin.py:151} INFO - [2023-10-07T04:57:02.809+0530] {dag.py:3696} INFO - Setting next_dagrun for example_bash_operator to 2023-10-05T00:00:00+00:00, run_after=2023-10-06T00:00:00+00:00
[2023-10-07T04:57:02.826+0530] {processor.py:179} INFO - Processing /home/raj/Downloads/kafka_2.13-3.5.1/airflow-env/lib64/python3.11/site-packages/airflow/example_dags/example_bash_operator.py took 0.108 seconds
[2023-10-07T04:57:51.363+0530] {processor.py:157} INFO - Started process (PID=12476) to work on /home/raj/Downloads/kafka_2.13-3.5.1/airflow-env/lib64/python3.11/site-packages/airflow/example_dags/example_bash_operator.py
[2023-10-07T04:57:51.373+0530] {processor.py:829} INFO - Processing file /home/raj/Downloads/kafka_2.13-3.5.1/airflow-env/lib64/python3.11/site-packages/airflow/example_dags/example_bash_operator.py for tasks to queue
[2023-10-07T04:57:51.374+0530] {logging_mixin.py:151} INFO - [2023-10-07T04:57:51.374+0530] {dagbag.py:539} INFO - Filling up the DagBag from /home/raj/Downloads/kafka_2.13-3.5.1/airflow-env/lib64/python3.11/site-packages/airflow/example_dags/example_bash_operator.py
[2023-10-07T04:57:51.383+0530] {processor.py:839} INFO - DAG(s) dict_keys(['example_bash_operator']) retrieved from /home/raj/Downloads/kafka_2.13-3.5.1/airflow-env/lib64/python3.11/site-packages/airflow/example_dags/example_bash_operator.py
[2023-10-07T04:57:51.404+0530] {logging_mixin.py:151} INFO - [2023-10-07T04:57:51.404+0530] {dag.py:2915} INFO - Sync 1 DAGs
[2023-10-07T04:57:51.422+0530] {logging_mixin.py:151} INFO - [2023-10-07T04:57:51.422+0530] {dag.py:3696} INFO - Setting next_dagrun for example_bash_operator to 2023-10-05T00:00:00+00:00, run_after=2023-10-06T00:00:00+00:00
[2023-10-07T04:57:51.441+0530] {processor.py:179} INFO - Processing /home/raj/Downloads/kafka_2.13-3.5.1/airflow-env/lib64/python3.11/site-packages/airflow/example_dags/example_bash_operator.py took 0.080 seconds
[2023-10-07T04:58:44.477+0530] {processor.py:157} INFO - Started process (PID=12616) to work on /home/raj/Downloads/kafka_2.13-3.5.1/airflow-env/lib64/python3.11/site-packages/airflow/example_dags/example_bash_operator.py
[2023-10-07T04:58:44.489+0530] {processor.py:829} INFO - Processing file /home/raj/Downloads/kafka_2.13-3.5.1/airflow-env/lib64/python3.11/site-packages/airflow/example_dags/example_bash_operator.py for tasks to queue
[2023-10-07T04:58:44.491+0530] {logging_mixin.py:151} INFO - [2023-10-07T04:58:44.490+0530] {dagbag.py:539} INFO - Filling up the DagBag from /home/raj/Downloads/kafka_2.13-3.5.1/airflow-env/lib64/python3.11/site-packages/airflow/example_dags/example_bash_operator.py
[2023-10-07T04:58:44.518+0530] {processor.py:839} INFO - DAG(s) dict_keys(['example_bash_operator']) retrieved from /home/raj/Downloads/kafka_2.13-3.5.1/airflow-env/lib64/python3.11/site-packages/airflow/example_dags/example_bash_operator.py
[2023-10-07T04:58:44.551+0530] {logging_mixin.py:151} INFO - [2023-10-07T04:58:44.550+0530] {dag.py:2915} INFO - Sync 1 DAGs
[2023-10-07T04:58:44.573+0530] {logging_mixin.py:151} INFO - [2023-10-07T04:58:44.573+0530] {dag.py:3696} INFO - Setting next_dagrun for example_bash_operator to 2023-10-05T00:00:00+00:00, run_after=2023-10-06T00:00:00+00:00
[2023-10-07T04:58:44.594+0530] {processor.py:179} INFO - Processing /home/raj/Downloads/kafka_2.13-3.5.1/airflow-env/lib64/python3.11/site-packages/airflow/example_dags/example_bash_operator.py took 0.122 seconds
