[2023-10-07T03:59:42.395+0530] {processor.py:157} INFO - Started process (PID=17990) to work on /home/raj/Downloads/kafka_2.13-3.5.1/airflow-env/lib64/python3.11/site-packages/airflow/example_dags/example_time_delta_sensor_async.py
[2023-10-07T03:59:42.397+0530] {processor.py:829} INFO - Processing file /home/raj/Downloads/kafka_2.13-3.5.1/airflow-env/lib64/python3.11/site-packages/airflow/example_dags/example_time_delta_sensor_async.py for tasks to queue
[2023-10-07T03:59:42.399+0530] {logging_mixin.py:151} INFO - [2023-10-07T03:59:42.398+0530] {dagbag.py:539} INFO - Filling up the DagBag from /home/raj/Downloads/kafka_2.13-3.5.1/airflow-env/lib64/python3.11/site-packages/airflow/example_dags/example_time_delta_sensor_async.py
[2023-10-07T03:59:42.409+0530] {processor.py:839} INFO - DAG(s) dict_keys(['example_time_delta_sensor_async']) retrieved from /home/raj/Downloads/kafka_2.13-3.5.1/airflow-env/lib64/python3.11/site-packages/airflow/example_dags/example_time_delta_sensor_async.py
[2023-10-07T03:59:42.545+0530] {logging_mixin.py:151} INFO - [2023-10-07T03:59:42.545+0530] {manager.py:499} INFO - Created Permission View: %s
[2023-10-07T03:59:42.559+0530] {logging_mixin.py:151} INFO - [2023-10-07T03:59:42.558+0530] {manager.py:499} INFO - Created Permission View: %s
[2023-10-07T03:59:42.568+0530] {logging_mixin.py:151} INFO - [2023-10-07T03:59:42.568+0530] {manager.py:499} INFO - Created Permission View: %s
[2023-10-07T03:59:42.568+0530] {logging_mixin.py:151} INFO - [2023-10-07T03:59:42.568+0530] {security.py:708} INFO - Not syncing DAG-level permissions for DAG 'DAG:example_time_delta_sensor_async' as access control is unset.
[2023-10-07T03:59:42.568+0530] {logging_mixin.py:151} INFO - [2023-10-07T03:59:42.568+0530] {dag.py:2915} INFO - Sync 1 DAGs
[2023-10-07T03:59:42.581+0530] {logging_mixin.py:151} INFO - [2023-10-07T03:59:42.581+0530] {dag.py:2937} INFO - Creating ORM DAG for example_time_delta_sensor_async
[2023-10-07T03:59:42.582+0530] {logging_mixin.py:151} INFO - [2023-10-07T03:59:42.582+0530] {dag.py:3696} INFO - Setting next_dagrun for example_time_delta_sensor_async to None, run_after=None
[2023-10-07T03:59:42.609+0530] {processor.py:179} INFO - Processing /home/raj/Downloads/kafka_2.13-3.5.1/airflow-env/lib64/python3.11/site-packages/airflow/example_dags/example_time_delta_sensor_async.py took 0.218 seconds
[2023-10-07T04:00:33.676+0530] {processor.py:157} INFO - Started process (PID=18142) to work on /home/raj/Downloads/kafka_2.13-3.5.1/airflow-env/lib64/python3.11/site-packages/airflow/example_dags/example_time_delta_sensor_async.py
[2023-10-07T04:00:33.677+0530] {processor.py:829} INFO - Processing file /home/raj/Downloads/kafka_2.13-3.5.1/airflow-env/lib64/python3.11/site-packages/airflow/example_dags/example_time_delta_sensor_async.py for tasks to queue
[2023-10-07T04:00:33.678+0530] {logging_mixin.py:151} INFO - [2023-10-07T04:00:33.677+0530] {dagbag.py:539} INFO - Filling up the DagBag from /home/raj/Downloads/kafka_2.13-3.5.1/airflow-env/lib64/python3.11/site-packages/airflow/example_dags/example_time_delta_sensor_async.py
[2023-10-07T04:00:33.684+0530] {processor.py:839} INFO - DAG(s) dict_keys(['example_time_delta_sensor_async']) retrieved from /home/raj/Downloads/kafka_2.13-3.5.1/airflow-env/lib64/python3.11/site-packages/airflow/example_dags/example_time_delta_sensor_async.py
[2023-10-07T04:00:33.704+0530] {logging_mixin.py:151} INFO - [2023-10-07T04:00:33.704+0530] {dag.py:2915} INFO - Sync 1 DAGs
[2023-10-07T04:00:33.717+0530] {logging_mixin.py:151} INFO - [2023-10-07T04:00:33.716+0530] {dag.py:3696} INFO - Setting next_dagrun for example_time_delta_sensor_async to None, run_after=None
[2023-10-07T04:00:33.743+0530] {processor.py:179} INFO - Processing /home/raj/Downloads/kafka_2.13-3.5.1/airflow-env/lib64/python3.11/site-packages/airflow/example_dags/example_time_delta_sensor_async.py took 0.072 seconds
[2023-10-07T04:01:20.096+0530] {processor.py:157} INFO - Started process (PID=18282) to work on /home/raj/Downloads/kafka_2.13-3.5.1/airflow-env/lib64/python3.11/site-packages/airflow/example_dags/example_time_delta_sensor_async.py
[2023-10-07T04:01:20.097+0530] {processor.py:829} INFO - Processing file /home/raj/Downloads/kafka_2.13-3.5.1/airflow-env/lib64/python3.11/site-packages/airflow/example_dags/example_time_delta_sensor_async.py for tasks to queue
[2023-10-07T04:01:20.098+0530] {logging_mixin.py:151} INFO - [2023-10-07T04:01:20.097+0530] {dagbag.py:539} INFO - Filling up the DagBag from /home/raj/Downloads/kafka_2.13-3.5.1/airflow-env/lib64/python3.11/site-packages/airflow/example_dags/example_time_delta_sensor_async.py
[2023-10-07T04:01:20.101+0530] {processor.py:839} INFO - DAG(s) dict_keys(['example_time_delta_sensor_async']) retrieved from /home/raj/Downloads/kafka_2.13-3.5.1/airflow-env/lib64/python3.11/site-packages/airflow/example_dags/example_time_delta_sensor_async.py
[2023-10-07T04:01:20.117+0530] {logging_mixin.py:151} INFO - [2023-10-07T04:01:20.116+0530] {dag.py:2915} INFO - Sync 1 DAGs
[2023-10-07T04:01:20.129+0530] {logging_mixin.py:151} INFO - [2023-10-07T04:01:20.128+0530] {dag.py:3696} INFO - Setting next_dagrun for example_time_delta_sensor_async to None, run_after=None
[2023-10-07T04:01:20.161+0530] {processor.py:179} INFO - Processing /home/raj/Downloads/kafka_2.13-3.5.1/airflow-env/lib64/python3.11/site-packages/airflow/example_dags/example_time_delta_sensor_async.py took 0.068 seconds
[2023-10-07T04:02:10.805+0530] {processor.py:157} INFO - Started process (PID=18385) to work on /home/raj/Downloads/kafka_2.13-3.5.1/airflow-env/lib64/python3.11/site-packages/airflow/example_dags/example_time_delta_sensor_async.py
[2023-10-07T04:02:10.807+0530] {processor.py:829} INFO - Processing file /home/raj/Downloads/kafka_2.13-3.5.1/airflow-env/lib64/python3.11/site-packages/airflow/example_dags/example_time_delta_sensor_async.py for tasks to queue
[2023-10-07T04:02:10.808+0530] {logging_mixin.py:151} INFO - [2023-10-07T04:02:10.808+0530] {dagbag.py:539} INFO - Filling up the DagBag from /home/raj/Downloads/kafka_2.13-3.5.1/airflow-env/lib64/python3.11/site-packages/airflow/example_dags/example_time_delta_sensor_async.py
[2023-10-07T04:02:10.817+0530] {processor.py:839} INFO - DAG(s) dict_keys(['example_time_delta_sensor_async']) retrieved from /home/raj/Downloads/kafka_2.13-3.5.1/airflow-env/lib64/python3.11/site-packages/airflow/example_dags/example_time_delta_sensor_async.py
[2023-10-07T04:02:10.843+0530] {logging_mixin.py:151} INFO - [2023-10-07T04:02:10.843+0530] {dag.py:2915} INFO - Sync 1 DAGs
[2023-10-07T04:02:10.852+0530] {logging_mixin.py:151} INFO - [2023-10-07T04:02:10.852+0530] {dag.py:3696} INFO - Setting next_dagrun for example_time_delta_sensor_async to None, run_after=None
[2023-10-07T04:02:10.869+0530] {processor.py:179} INFO - Processing /home/raj/Downloads/kafka_2.13-3.5.1/airflow-env/lib64/python3.11/site-packages/airflow/example_dags/example_time_delta_sensor_async.py took 0.070 seconds
[2023-10-07T04:02:48.620+0530] {processor.py:157} INFO - Started process (PID=18489) to work on /home/raj/Downloads/kafka_2.13-3.5.1/airflow-env/lib64/python3.11/site-packages/airflow/example_dags/example_time_delta_sensor_async.py
[2023-10-07T04:02:48.631+0530] {processor.py:829} INFO - Processing file /home/raj/Downloads/kafka_2.13-3.5.1/airflow-env/lib64/python3.11/site-packages/airflow/example_dags/example_time_delta_sensor_async.py for tasks to queue
[2023-10-07T04:02:48.632+0530] {logging_mixin.py:151} INFO - [2023-10-07T04:02:48.632+0530] {dagbag.py:539} INFO - Filling up the DagBag from /home/raj/Downloads/kafka_2.13-3.5.1/airflow-env/lib64/python3.11/site-packages/airflow/example_dags/example_time_delta_sensor_async.py
[2023-10-07T04:02:48.637+0530] {processor.py:839} INFO - DAG(s) dict_keys(['example_time_delta_sensor_async']) retrieved from /home/raj/Downloads/kafka_2.13-3.5.1/airflow-env/lib64/python3.11/site-packages/airflow/example_dags/example_time_delta_sensor_async.py
[2023-10-07T04:02:48.653+0530] {logging_mixin.py:151} INFO - [2023-10-07T04:02:48.653+0530] {dag.py:2915} INFO - Sync 1 DAGs
[2023-10-07T04:02:48.665+0530] {logging_mixin.py:151} INFO - [2023-10-07T04:02:48.664+0530] {dag.py:3696} INFO - Setting next_dagrun for example_time_delta_sensor_async to None, run_after=None
[2023-10-07T04:02:48.687+0530] {processor.py:179} INFO - Processing /home/raj/Downloads/kafka_2.13-3.5.1/airflow-env/lib64/python3.11/site-packages/airflow/example_dags/example_time_delta_sensor_async.py took 0.072 seconds
[2023-10-07T04:03:37.675+0530] {processor.py:157} INFO - Started process (PID=18672) to work on /home/raj/Downloads/kafka_2.13-3.5.1/airflow-env/lib64/python3.11/site-packages/airflow/example_dags/example_time_delta_sensor_async.py
[2023-10-07T04:03:37.686+0530] {processor.py:829} INFO - Processing file /home/raj/Downloads/kafka_2.13-3.5.1/airflow-env/lib64/python3.11/site-packages/airflow/example_dags/example_time_delta_sensor_async.py for tasks to queue
[2023-10-07T04:03:37.688+0530] {logging_mixin.py:151} INFO - [2023-10-07T04:03:37.687+0530] {dagbag.py:539} INFO - Filling up the DagBag from /home/raj/Downloads/kafka_2.13-3.5.1/airflow-env/lib64/python3.11/site-packages/airflow/example_dags/example_time_delta_sensor_async.py
[2023-10-07T04:03:37.696+0530] {processor.py:839} INFO - DAG(s) dict_keys(['example_time_delta_sensor_async']) retrieved from /home/raj/Downloads/kafka_2.13-3.5.1/airflow-env/lib64/python3.11/site-packages/airflow/example_dags/example_time_delta_sensor_async.py
[2023-10-07T04:03:37.728+0530] {logging_mixin.py:151} INFO - [2023-10-07T04:03:37.728+0530] {dag.py:2915} INFO - Sync 1 DAGs
[2023-10-07T04:03:37.738+0530] {logging_mixin.py:151} INFO - [2023-10-07T04:03:37.738+0530] {dag.py:3696} INFO - Setting next_dagrun for example_time_delta_sensor_async to None, run_after=None
[2023-10-07T04:03:37.758+0530] {processor.py:179} INFO - Processing /home/raj/Downloads/kafka_2.13-3.5.1/airflow-env/lib64/python3.11/site-packages/airflow/example_dags/example_time_delta_sensor_async.py took 0.089 seconds
[2023-10-07T04:04:26.253+0530] {processor.py:157} INFO - Started process (PID=18742) to work on /home/raj/Downloads/kafka_2.13-3.5.1/airflow-env/lib64/python3.11/site-packages/airflow/example_dags/example_time_delta_sensor_async.py
[2023-10-07T04:04:26.264+0530] {processor.py:829} INFO - Processing file /home/raj/Downloads/kafka_2.13-3.5.1/airflow-env/lib64/python3.11/site-packages/airflow/example_dags/example_time_delta_sensor_async.py for tasks to queue
[2023-10-07T04:04:26.265+0530] {logging_mixin.py:151} INFO - [2023-10-07T04:04:26.265+0530] {dagbag.py:539} INFO - Filling up the DagBag from /home/raj/Downloads/kafka_2.13-3.5.1/airflow-env/lib64/python3.11/site-packages/airflow/example_dags/example_time_delta_sensor_async.py
[2023-10-07T04:04:26.274+0530] {processor.py:839} INFO - DAG(s) dict_keys(['example_time_delta_sensor_async']) retrieved from /home/raj/Downloads/kafka_2.13-3.5.1/airflow-env/lib64/python3.11/site-packages/airflow/example_dags/example_time_delta_sensor_async.py
[2023-10-07T04:04:26.307+0530] {logging_mixin.py:151} INFO - [2023-10-07T04:04:26.307+0530] {dag.py:2915} INFO - Sync 1 DAGs
[2023-10-07T04:04:26.317+0530] {logging_mixin.py:151} INFO - [2023-10-07T04:04:26.317+0530] {dag.py:3696} INFO - Setting next_dagrun for example_time_delta_sensor_async to None, run_after=None
[2023-10-07T04:04:26.336+0530] {processor.py:179} INFO - Processing /home/raj/Downloads/kafka_2.13-3.5.1/airflow-env/lib64/python3.11/site-packages/airflow/example_dags/example_time_delta_sensor_async.py took 0.088 seconds
[2023-10-07T04:05:17.246+0530] {processor.py:157} INFO - Started process (PID=18945) to work on /home/raj/Downloads/kafka_2.13-3.5.1/airflow-env/lib64/python3.11/site-packages/airflow/example_dags/example_time_delta_sensor_async.py
[2023-10-07T04:05:17.257+0530] {processor.py:829} INFO - Processing file /home/raj/Downloads/kafka_2.13-3.5.1/airflow-env/lib64/python3.11/site-packages/airflow/example_dags/example_time_delta_sensor_async.py for tasks to queue
[2023-10-07T04:05:17.258+0530] {logging_mixin.py:151} INFO - [2023-10-07T04:05:17.258+0530] {dagbag.py:539} INFO - Filling up the DagBag from /home/raj/Downloads/kafka_2.13-3.5.1/airflow-env/lib64/python3.11/site-packages/airflow/example_dags/example_time_delta_sensor_async.py
[2023-10-07T04:05:17.267+0530] {processor.py:839} INFO - DAG(s) dict_keys(['example_time_delta_sensor_async']) retrieved from /home/raj/Downloads/kafka_2.13-3.5.1/airflow-env/lib64/python3.11/site-packages/airflow/example_dags/example_time_delta_sensor_async.py
[2023-10-07T04:05:17.299+0530] {logging_mixin.py:151} INFO - [2023-10-07T04:05:17.299+0530] {dag.py:2915} INFO - Sync 1 DAGs
[2023-10-07T04:05:17.311+0530] {logging_mixin.py:151} INFO - [2023-10-07T04:05:17.311+0530] {dag.py:3696} INFO - Setting next_dagrun for example_time_delta_sensor_async to None, run_after=None
[2023-10-07T04:05:17.330+0530] {processor.py:179} INFO - Processing /home/raj/Downloads/kafka_2.13-3.5.1/airflow-env/lib64/python3.11/site-packages/airflow/example_dags/example_time_delta_sensor_async.py took 0.090 seconds
[2023-10-07T04:06:07.929+0530] {processor.py:157} INFO - Started process (PID=19025) to work on /home/raj/Downloads/kafka_2.13-3.5.1/airflow-env/lib64/python3.11/site-packages/airflow/example_dags/example_time_delta_sensor_async.py
[2023-10-07T04:06:07.940+0530] {processor.py:829} INFO - Processing file /home/raj/Downloads/kafka_2.13-3.5.1/airflow-env/lib64/python3.11/site-packages/airflow/example_dags/example_time_delta_sensor_async.py for tasks to queue
[2023-10-07T04:06:07.942+0530] {logging_mixin.py:151} INFO - [2023-10-07T04:06:07.941+0530] {dagbag.py:539} INFO - Filling up the DagBag from /home/raj/Downloads/kafka_2.13-3.5.1/airflow-env/lib64/python3.11/site-packages/airflow/example_dags/example_time_delta_sensor_async.py
[2023-10-07T04:06:07.950+0530] {processor.py:839} INFO - DAG(s) dict_keys(['example_time_delta_sensor_async']) retrieved from /home/raj/Downloads/kafka_2.13-3.5.1/airflow-env/lib64/python3.11/site-packages/airflow/example_dags/example_time_delta_sensor_async.py
[2023-10-07T04:06:07.982+0530] {logging_mixin.py:151} INFO - [2023-10-07T04:06:07.981+0530] {dag.py:2915} INFO - Sync 1 DAGs
[2023-10-07T04:06:07.991+0530] {logging_mixin.py:151} INFO - [2023-10-07T04:06:07.991+0530] {dag.py:3696} INFO - Setting next_dagrun for example_time_delta_sensor_async to None, run_after=None
[2023-10-07T04:06:08.009+0530] {processor.py:179} INFO - Processing /home/raj/Downloads/kafka_2.13-3.5.1/airflow-env/lib64/python3.11/site-packages/airflow/example_dags/example_time_delta_sensor_async.py took 0.086 seconds
[2023-10-07T04:06:45.515+0530] {processor.py:157} INFO - Started process (PID=19150) to work on /home/raj/Downloads/kafka_2.13-3.5.1/airflow-env/lib64/python3.11/site-packages/airflow/example_dags/example_time_delta_sensor_async.py
[2023-10-07T04:06:45.526+0530] {processor.py:829} INFO - Processing file /home/raj/Downloads/kafka_2.13-3.5.1/airflow-env/lib64/python3.11/site-packages/airflow/example_dags/example_time_delta_sensor_async.py for tasks to queue
[2023-10-07T04:06:45.528+0530] {logging_mixin.py:151} INFO - [2023-10-07T04:06:45.527+0530] {dagbag.py:539} INFO - Filling up the DagBag from /home/raj/Downloads/kafka_2.13-3.5.1/airflow-env/lib64/python3.11/site-packages/airflow/example_dags/example_time_delta_sensor_async.py
[2023-10-07T04:06:45.537+0530] {processor.py:839} INFO - DAG(s) dict_keys(['example_time_delta_sensor_async']) retrieved from /home/raj/Downloads/kafka_2.13-3.5.1/airflow-env/lib64/python3.11/site-packages/airflow/example_dags/example_time_delta_sensor_async.py
[2023-10-07T04:06:45.572+0530] {logging_mixin.py:151} INFO - [2023-10-07T04:06:45.571+0530] {dag.py:2915} INFO - Sync 1 DAGs
[2023-10-07T04:06:45.583+0530] {logging_mixin.py:151} INFO - [2023-10-07T04:06:45.583+0530] {dag.py:3696} INFO - Setting next_dagrun for example_time_delta_sensor_async to None, run_after=None
[2023-10-07T04:06:45.606+0530] {processor.py:179} INFO - Processing /home/raj/Downloads/kafka_2.13-3.5.1/airflow-env/lib64/python3.11/site-packages/airflow/example_dags/example_time_delta_sensor_async.py took 0.097 seconds
[2023-10-07T04:07:24.331+0530] {processor.py:157} INFO - Started process (PID=19198) to work on /home/raj/Downloads/kafka_2.13-3.5.1/airflow-env/lib64/python3.11/site-packages/airflow/example_dags/example_time_delta_sensor_async.py
[2023-10-07T04:07:24.342+0530] {processor.py:829} INFO - Processing file /home/raj/Downloads/kafka_2.13-3.5.1/airflow-env/lib64/python3.11/site-packages/airflow/example_dags/example_time_delta_sensor_async.py for tasks to queue
[2023-10-07T04:07:24.344+0530] {logging_mixin.py:151} INFO - [2023-10-07T04:07:24.343+0530] {dagbag.py:539} INFO - Filling up the DagBag from /home/raj/Downloads/kafka_2.13-3.5.1/airflow-env/lib64/python3.11/site-packages/airflow/example_dags/example_time_delta_sensor_async.py
[2023-10-07T04:07:24.353+0530] {processor.py:839} INFO - DAG(s) dict_keys(['example_time_delta_sensor_async']) retrieved from /home/raj/Downloads/kafka_2.13-3.5.1/airflow-env/lib64/python3.11/site-packages/airflow/example_dags/example_time_delta_sensor_async.py
[2023-10-07T04:07:24.380+0530] {logging_mixin.py:151} INFO - [2023-10-07T04:07:24.380+0530] {dag.py:2915} INFO - Sync 1 DAGs
[2023-10-07T04:07:24.389+0530] {logging_mixin.py:151} INFO - [2023-10-07T04:07:24.389+0530] {dag.py:3696} INFO - Setting next_dagrun for example_time_delta_sensor_async to None, run_after=None
[2023-10-07T04:07:24.410+0530] {processor.py:179} INFO - Processing /home/raj/Downloads/kafka_2.13-3.5.1/airflow-env/lib64/python3.11/site-packages/airflow/example_dags/example_time_delta_sensor_async.py took 0.084 seconds
[2023-10-07T04:08:17.546+0530] {processor.py:157} INFO - Started process (PID=19253) to work on /home/raj/Downloads/kafka_2.13-3.5.1/airflow-env/lib64/python3.11/site-packages/airflow/example_dags/example_time_delta_sensor_async.py
[2023-10-07T04:08:17.558+0530] {processor.py:829} INFO - Processing file /home/raj/Downloads/kafka_2.13-3.5.1/airflow-env/lib64/python3.11/site-packages/airflow/example_dags/example_time_delta_sensor_async.py for tasks to queue
[2023-10-07T04:08:17.559+0530] {logging_mixin.py:151} INFO - [2023-10-07T04:08:17.558+0530] {dagbag.py:539} INFO - Filling up the DagBag from /home/raj/Downloads/kafka_2.13-3.5.1/airflow-env/lib64/python3.11/site-packages/airflow/example_dags/example_time_delta_sensor_async.py
[2023-10-07T04:08:17.567+0530] {processor.py:839} INFO - DAG(s) dict_keys(['example_time_delta_sensor_async']) retrieved from /home/raj/Downloads/kafka_2.13-3.5.1/airflow-env/lib64/python3.11/site-packages/airflow/example_dags/example_time_delta_sensor_async.py
[2023-10-07T04:08:17.600+0530] {logging_mixin.py:151} INFO - [2023-10-07T04:08:17.599+0530] {dag.py:2915} INFO - Sync 1 DAGs
[2023-10-07T04:08:17.611+0530] {logging_mixin.py:151} INFO - [2023-10-07T04:08:17.610+0530] {dag.py:3696} INFO - Setting next_dagrun for example_time_delta_sensor_async to None, run_after=None
[2023-10-07T04:08:17.627+0530] {processor.py:179} INFO - Processing /home/raj/Downloads/kafka_2.13-3.5.1/airflow-env/lib64/python3.11/site-packages/airflow/example_dags/example_time_delta_sensor_async.py took 0.086 seconds
[2023-10-07T04:08:54.219+0530] {processor.py:157} INFO - Started process (PID=19289) to work on /home/raj/Downloads/kafka_2.13-3.5.1/airflow-env/lib64/python3.11/site-packages/airflow/example_dags/example_time_delta_sensor_async.py
[2023-10-07T04:08:54.231+0530] {processor.py:829} INFO - Processing file /home/raj/Downloads/kafka_2.13-3.5.1/airflow-env/lib64/python3.11/site-packages/airflow/example_dags/example_time_delta_sensor_async.py for tasks to queue
[2023-10-07T04:08:54.233+0530] {logging_mixin.py:151} INFO - [2023-10-07T04:08:54.232+0530] {dagbag.py:539} INFO - Filling up the DagBag from /home/raj/Downloads/kafka_2.13-3.5.1/airflow-env/lib64/python3.11/site-packages/airflow/example_dags/example_time_delta_sensor_async.py
[2023-10-07T04:08:54.243+0530] {processor.py:839} INFO - DAG(s) dict_keys(['example_time_delta_sensor_async']) retrieved from /home/raj/Downloads/kafka_2.13-3.5.1/airflow-env/lib64/python3.11/site-packages/airflow/example_dags/example_time_delta_sensor_async.py
[2023-10-07T04:08:54.276+0530] {logging_mixin.py:151} INFO - [2023-10-07T04:08:54.275+0530] {dag.py:2915} INFO - Sync 1 DAGs
[2023-10-07T04:08:54.285+0530] {logging_mixin.py:151} INFO - [2023-10-07T04:08:54.284+0530] {dag.py:3696} INFO - Setting next_dagrun for example_time_delta_sensor_async to None, run_after=None
[2023-10-07T04:08:54.304+0530] {processor.py:179} INFO - Processing /home/raj/Downloads/kafka_2.13-3.5.1/airflow-env/lib64/python3.11/site-packages/airflow/example_dags/example_time_delta_sensor_async.py took 0.091 seconds
[2023-10-07T04:09:46.130+0530] {processor.py:157} INFO - Started process (PID=19344) to work on /home/raj/Downloads/kafka_2.13-3.5.1/airflow-env/lib64/python3.11/site-packages/airflow/example_dags/example_time_delta_sensor_async.py
[2023-10-07T04:09:46.142+0530] {processor.py:829} INFO - Processing file /home/raj/Downloads/kafka_2.13-3.5.1/airflow-env/lib64/python3.11/site-packages/airflow/example_dags/example_time_delta_sensor_async.py for tasks to queue
[2023-10-07T04:09:46.143+0530] {logging_mixin.py:151} INFO - [2023-10-07T04:09:46.143+0530] {dagbag.py:539} INFO - Filling up the DagBag from /home/raj/Downloads/kafka_2.13-3.5.1/airflow-env/lib64/python3.11/site-packages/airflow/example_dags/example_time_delta_sensor_async.py
[2023-10-07T04:09:46.152+0530] {processor.py:839} INFO - DAG(s) dict_keys(['example_time_delta_sensor_async']) retrieved from /home/raj/Downloads/kafka_2.13-3.5.1/airflow-env/lib64/python3.11/site-packages/airflow/example_dags/example_time_delta_sensor_async.py
[2023-10-07T04:09:46.185+0530] {logging_mixin.py:151} INFO - [2023-10-07T04:09:46.184+0530] {dag.py:2915} INFO - Sync 1 DAGs
[2023-10-07T04:09:46.196+0530] {logging_mixin.py:151} INFO - [2023-10-07T04:09:46.196+0530] {dag.py:3696} INFO - Setting next_dagrun for example_time_delta_sensor_async to None, run_after=None
[2023-10-07T04:09:46.213+0530] {processor.py:179} INFO - Processing /home/raj/Downloads/kafka_2.13-3.5.1/airflow-env/lib64/python3.11/site-packages/airflow/example_dags/example_time_delta_sensor_async.py took 0.088 seconds
[2023-10-07T04:10:34.709+0530] {processor.py:157} INFO - Started process (PID=19406) to work on /home/raj/Downloads/kafka_2.13-3.5.1/airflow-env/lib64/python3.11/site-packages/airflow/example_dags/example_time_delta_sensor_async.py
[2023-10-07T04:10:34.721+0530] {processor.py:829} INFO - Processing file /home/raj/Downloads/kafka_2.13-3.5.1/airflow-env/lib64/python3.11/site-packages/airflow/example_dags/example_time_delta_sensor_async.py for tasks to queue
[2023-10-07T04:10:34.722+0530] {logging_mixin.py:151} INFO - [2023-10-07T04:10:34.721+0530] {dagbag.py:539} INFO - Filling up the DagBag from /home/raj/Downloads/kafka_2.13-3.5.1/airflow-env/lib64/python3.11/site-packages/airflow/example_dags/example_time_delta_sensor_async.py
[2023-10-07T04:10:34.730+0530] {processor.py:839} INFO - DAG(s) dict_keys(['example_time_delta_sensor_async']) retrieved from /home/raj/Downloads/kafka_2.13-3.5.1/airflow-env/lib64/python3.11/site-packages/airflow/example_dags/example_time_delta_sensor_async.py
[2023-10-07T04:10:34.764+0530] {logging_mixin.py:151} INFO - [2023-10-07T04:10:34.764+0530] {dag.py:2915} INFO - Sync 1 DAGs
[2023-10-07T04:10:34.776+0530] {logging_mixin.py:151} INFO - [2023-10-07T04:10:34.776+0530] {dag.py:3696} INFO - Setting next_dagrun for example_time_delta_sensor_async to None, run_after=None
[2023-10-07T04:10:34.793+0530] {processor.py:179} INFO - Processing /home/raj/Downloads/kafka_2.13-3.5.1/airflow-env/lib64/python3.11/site-packages/airflow/example_dags/example_time_delta_sensor_async.py took 0.089 seconds
[2023-10-07T04:11:26.760+0530] {processor.py:157} INFO - Started process (PID=19469) to work on /home/raj/Downloads/kafka_2.13-3.5.1/airflow-env/lib64/python3.11/site-packages/airflow/example_dags/example_time_delta_sensor_async.py
[2023-10-07T04:11:26.772+0530] {processor.py:829} INFO - Processing file /home/raj/Downloads/kafka_2.13-3.5.1/airflow-env/lib64/python3.11/site-packages/airflow/example_dags/example_time_delta_sensor_async.py for tasks to queue
[2023-10-07T04:11:26.773+0530] {logging_mixin.py:151} INFO - [2023-10-07T04:11:26.772+0530] {dagbag.py:539} INFO - Filling up the DagBag from /home/raj/Downloads/kafka_2.13-3.5.1/airflow-env/lib64/python3.11/site-packages/airflow/example_dags/example_time_delta_sensor_async.py
[2023-10-07T04:11:26.778+0530] {processor.py:839} INFO - DAG(s) dict_keys(['example_time_delta_sensor_async']) retrieved from /home/raj/Downloads/kafka_2.13-3.5.1/airflow-env/lib64/python3.11/site-packages/airflow/example_dags/example_time_delta_sensor_async.py
[2023-10-07T04:11:26.794+0530] {logging_mixin.py:151} INFO - [2023-10-07T04:11:26.794+0530] {dag.py:2915} INFO - Sync 1 DAGs
[2023-10-07T04:11:26.806+0530] {logging_mixin.py:151} INFO - [2023-10-07T04:11:26.806+0530] {dag.py:3696} INFO - Setting next_dagrun for example_time_delta_sensor_async to None, run_after=None
[2023-10-07T04:11:26.828+0530] {processor.py:179} INFO - Processing /home/raj/Downloads/kafka_2.13-3.5.1/airflow-env/lib64/python3.11/site-packages/airflow/example_dags/example_time_delta_sensor_async.py took 0.074 seconds
[2023-10-07T04:12:20.112+0530] {processor.py:157} INFO - Started process (PID=19545) to work on /home/raj/Downloads/kafka_2.13-3.5.1/airflow-env/lib64/python3.11/site-packages/airflow/example_dags/example_time_delta_sensor_async.py
[2023-10-07T04:12:20.114+0530] {processor.py:829} INFO - Processing file /home/raj/Downloads/kafka_2.13-3.5.1/airflow-env/lib64/python3.11/site-packages/airflow/example_dags/example_time_delta_sensor_async.py for tasks to queue
[2023-10-07T04:12:20.115+0530] {logging_mixin.py:151} INFO - [2023-10-07T04:12:20.115+0530] {dagbag.py:539} INFO - Filling up the DagBag from /home/raj/Downloads/kafka_2.13-3.5.1/airflow-env/lib64/python3.11/site-packages/airflow/example_dags/example_time_delta_sensor_async.py
[2023-10-07T04:12:20.123+0530] {processor.py:839} INFO - DAG(s) dict_keys(['example_time_delta_sensor_async']) retrieved from /home/raj/Downloads/kafka_2.13-3.5.1/airflow-env/lib64/python3.11/site-packages/airflow/example_dags/example_time_delta_sensor_async.py
[2023-10-07T04:12:20.151+0530] {logging_mixin.py:151} INFO - [2023-10-07T04:12:20.151+0530] {dag.py:2915} INFO - Sync 1 DAGs
[2023-10-07T04:12:20.161+0530] {logging_mixin.py:151} INFO - [2023-10-07T04:12:20.160+0530] {dag.py:3696} INFO - Setting next_dagrun for example_time_delta_sensor_async to None, run_after=None
[2023-10-07T04:12:20.179+0530] {processor.py:179} INFO - Processing /home/raj/Downloads/kafka_2.13-3.5.1/airflow-env/lib64/python3.11/site-packages/airflow/example_dags/example_time_delta_sensor_async.py took 0.072 seconds
[2023-10-07T04:12:58.739+0530] {processor.py:157} INFO - Started process (PID=19582) to work on /home/raj/Downloads/kafka_2.13-3.5.1/airflow-env/lib64/python3.11/site-packages/airflow/example_dags/example_time_delta_sensor_async.py
[2023-10-07T04:12:58.750+0530] {processor.py:829} INFO - Processing file /home/raj/Downloads/kafka_2.13-3.5.1/airflow-env/lib64/python3.11/site-packages/airflow/example_dags/example_time_delta_sensor_async.py for tasks to queue
[2023-10-07T04:12:58.752+0530] {logging_mixin.py:151} INFO - [2023-10-07T04:12:58.751+0530] {dagbag.py:539} INFO - Filling up the DagBag from /home/raj/Downloads/kafka_2.13-3.5.1/airflow-env/lib64/python3.11/site-packages/airflow/example_dags/example_time_delta_sensor_async.py
[2023-10-07T04:12:58.757+0530] {processor.py:839} INFO - DAG(s) dict_keys(['example_time_delta_sensor_async']) retrieved from /home/raj/Downloads/kafka_2.13-3.5.1/airflow-env/lib64/python3.11/site-packages/airflow/example_dags/example_time_delta_sensor_async.py
[2023-10-07T04:12:58.771+0530] {logging_mixin.py:151} INFO - [2023-10-07T04:12:58.770+0530] {dag.py:2915} INFO - Sync 1 DAGs
[2023-10-07T04:12:58.780+0530] {logging_mixin.py:151} INFO - [2023-10-07T04:12:58.779+0530] {dag.py:3696} INFO - Setting next_dagrun for example_time_delta_sensor_async to None, run_after=None
[2023-10-07T04:12:58.797+0530] {processor.py:179} INFO - Processing /home/raj/Downloads/kafka_2.13-3.5.1/airflow-env/lib64/python3.11/site-packages/airflow/example_dags/example_time_delta_sensor_async.py took 0.063 seconds
[2023-10-07T04:13:49.746+0530] {processor.py:157} INFO - Started process (PID=19635) to work on /home/raj/Downloads/kafka_2.13-3.5.1/airflow-env/lib64/python3.11/site-packages/airflow/example_dags/example_time_delta_sensor_async.py
[2023-10-07T04:13:49.757+0530] {processor.py:829} INFO - Processing file /home/raj/Downloads/kafka_2.13-3.5.1/airflow-env/lib64/python3.11/site-packages/airflow/example_dags/example_time_delta_sensor_async.py for tasks to queue
[2023-10-07T04:13:49.759+0530] {logging_mixin.py:151} INFO - [2023-10-07T04:13:49.758+0530] {dagbag.py:539} INFO - Filling up the DagBag from /home/raj/Downloads/kafka_2.13-3.5.1/airflow-env/lib64/python3.11/site-packages/airflow/example_dags/example_time_delta_sensor_async.py
[2023-10-07T04:13:49.768+0530] {processor.py:839} INFO - DAG(s) dict_keys(['example_time_delta_sensor_async']) retrieved from /home/raj/Downloads/kafka_2.13-3.5.1/airflow-env/lib64/python3.11/site-packages/airflow/example_dags/example_time_delta_sensor_async.py
[2023-10-07T04:13:49.803+0530] {logging_mixin.py:151} INFO - [2023-10-07T04:13:49.803+0530] {dag.py:2915} INFO - Sync 1 DAGs
[2023-10-07T04:13:49.814+0530] {logging_mixin.py:151} INFO - [2023-10-07T04:13:49.813+0530] {dag.py:3696} INFO - Setting next_dagrun for example_time_delta_sensor_async to None, run_after=None
[2023-10-07T04:13:49.833+0530] {processor.py:179} INFO - Processing /home/raj/Downloads/kafka_2.13-3.5.1/airflow-env/lib64/python3.11/site-packages/airflow/example_dags/example_time_delta_sensor_async.py took 0.093 seconds
[2023-10-07T04:14:40.335+0530] {processor.py:157} INFO - Started process (PID=19687) to work on /home/raj/Downloads/kafka_2.13-3.5.1/airflow-env/lib64/python3.11/site-packages/airflow/example_dags/example_time_delta_sensor_async.py
[2023-10-07T04:14:40.346+0530] {processor.py:829} INFO - Processing file /home/raj/Downloads/kafka_2.13-3.5.1/airflow-env/lib64/python3.11/site-packages/airflow/example_dags/example_time_delta_sensor_async.py for tasks to queue
[2023-10-07T04:14:40.348+0530] {logging_mixin.py:151} INFO - [2023-10-07T04:14:40.347+0530] {dagbag.py:539} INFO - Filling up the DagBag from /home/raj/Downloads/kafka_2.13-3.5.1/airflow-env/lib64/python3.11/site-packages/airflow/example_dags/example_time_delta_sensor_async.py
[2023-10-07T04:14:40.356+0530] {processor.py:839} INFO - DAG(s) dict_keys(['example_time_delta_sensor_async']) retrieved from /home/raj/Downloads/kafka_2.13-3.5.1/airflow-env/lib64/python3.11/site-packages/airflow/example_dags/example_time_delta_sensor_async.py
[2023-10-07T04:14:40.388+0530] {logging_mixin.py:151} INFO - [2023-10-07T04:14:40.388+0530] {dag.py:2915} INFO - Sync 1 DAGs
[2023-10-07T04:14:40.400+0530] {logging_mixin.py:151} INFO - [2023-10-07T04:14:40.400+0530] {dag.py:3696} INFO - Setting next_dagrun for example_time_delta_sensor_async to None, run_after=None
[2023-10-07T04:14:40.417+0530] {processor.py:179} INFO - Processing /home/raj/Downloads/kafka_2.13-3.5.1/airflow-env/lib64/python3.11/site-packages/airflow/example_dags/example_time_delta_sensor_async.py took 0.087 seconds
[2023-10-07T04:15:30.866+0530] {processor.py:157} INFO - Started process (PID=19789) to work on /home/raj/Downloads/kafka_2.13-3.5.1/airflow-env/lib64/python3.11/site-packages/airflow/example_dags/example_time_delta_sensor_async.py
[2023-10-07T04:15:30.877+0530] {processor.py:829} INFO - Processing file /home/raj/Downloads/kafka_2.13-3.5.1/airflow-env/lib64/python3.11/site-packages/airflow/example_dags/example_time_delta_sensor_async.py for tasks to queue
[2023-10-07T04:15:30.879+0530] {logging_mixin.py:151} INFO - [2023-10-07T04:15:30.878+0530] {dagbag.py:539} INFO - Filling up the DagBag from /home/raj/Downloads/kafka_2.13-3.5.1/airflow-env/lib64/python3.11/site-packages/airflow/example_dags/example_time_delta_sensor_async.py
[2023-10-07T04:15:30.888+0530] {processor.py:839} INFO - DAG(s) dict_keys(['example_time_delta_sensor_async']) retrieved from /home/raj/Downloads/kafka_2.13-3.5.1/airflow-env/lib64/python3.11/site-packages/airflow/example_dags/example_time_delta_sensor_async.py
[2023-10-07T04:15:30.921+0530] {logging_mixin.py:151} INFO - [2023-10-07T04:15:30.921+0530] {dag.py:2915} INFO - Sync 1 DAGs
[2023-10-07T04:15:30.931+0530] {logging_mixin.py:151} INFO - [2023-10-07T04:15:30.931+0530] {dag.py:3696} INFO - Setting next_dagrun for example_time_delta_sensor_async to None, run_after=None
[2023-10-07T04:15:30.954+0530] {processor.py:179} INFO - Processing /home/raj/Downloads/kafka_2.13-3.5.1/airflow-env/lib64/python3.11/site-packages/airflow/example_dags/example_time_delta_sensor_async.py took 0.093 seconds
[2023-10-07T04:16:21.811+0530] {processor.py:157} INFO - Started process (PID=19851) to work on /home/raj/Downloads/kafka_2.13-3.5.1/airflow-env/lib64/python3.11/site-packages/airflow/example_dags/example_time_delta_sensor_async.py
[2023-10-07T04:16:21.822+0530] {processor.py:829} INFO - Processing file /home/raj/Downloads/kafka_2.13-3.5.1/airflow-env/lib64/python3.11/site-packages/airflow/example_dags/example_time_delta_sensor_async.py for tasks to queue
[2023-10-07T04:16:21.824+0530] {logging_mixin.py:151} INFO - [2023-10-07T04:16:21.823+0530] {dagbag.py:539} INFO - Filling up the DagBag from /home/raj/Downloads/kafka_2.13-3.5.1/airflow-env/lib64/python3.11/site-packages/airflow/example_dags/example_time_delta_sensor_async.py
[2023-10-07T04:16:21.832+0530] {processor.py:839} INFO - DAG(s) dict_keys(['example_time_delta_sensor_async']) retrieved from /home/raj/Downloads/kafka_2.13-3.5.1/airflow-env/lib64/python3.11/site-packages/airflow/example_dags/example_time_delta_sensor_async.py
[2023-10-07T04:16:21.853+0530] {logging_mixin.py:151} INFO - [2023-10-07T04:16:21.853+0530] {dag.py:2915} INFO - Sync 1 DAGs
[2023-10-07T04:16:21.863+0530] {logging_mixin.py:151} INFO - [2023-10-07T04:16:21.863+0530] {dag.py:3696} INFO - Setting next_dagrun for example_time_delta_sensor_async to None, run_after=None
[2023-10-07T04:16:21.880+0530] {processor.py:179} INFO - Processing /home/raj/Downloads/kafka_2.13-3.5.1/airflow-env/lib64/python3.11/site-packages/airflow/example_dags/example_time_delta_sensor_async.py took 0.074 seconds
[2023-10-07T04:16:58.562+0530] {processor.py:157} INFO - Started process (PID=19887) to work on /home/raj/Downloads/kafka_2.13-3.5.1/airflow-env/lib64/python3.11/site-packages/airflow/example_dags/example_time_delta_sensor_async.py
[2023-10-07T04:16:58.574+0530] {processor.py:829} INFO - Processing file /home/raj/Downloads/kafka_2.13-3.5.1/airflow-env/lib64/python3.11/site-packages/airflow/example_dags/example_time_delta_sensor_async.py for tasks to queue
[2023-10-07T04:16:58.575+0530] {logging_mixin.py:151} INFO - [2023-10-07T04:16:58.575+0530] {dagbag.py:539} INFO - Filling up the DagBag from /home/raj/Downloads/kafka_2.13-3.5.1/airflow-env/lib64/python3.11/site-packages/airflow/example_dags/example_time_delta_sensor_async.py
[2023-10-07T04:16:58.584+0530] {processor.py:839} INFO - DAG(s) dict_keys(['example_time_delta_sensor_async']) retrieved from /home/raj/Downloads/kafka_2.13-3.5.1/airflow-env/lib64/python3.11/site-packages/airflow/example_dags/example_time_delta_sensor_async.py
[2023-10-07T04:16:58.616+0530] {logging_mixin.py:151} INFO - [2023-10-07T04:16:58.616+0530] {dag.py:2915} INFO - Sync 1 DAGs
[2023-10-07T04:16:58.628+0530] {logging_mixin.py:151} INFO - [2023-10-07T04:16:58.628+0530] {dag.py:3696} INFO - Setting next_dagrun for example_time_delta_sensor_async to None, run_after=None
[2023-10-07T04:16:58.645+0530] {processor.py:179} INFO - Processing /home/raj/Downloads/kafka_2.13-3.5.1/airflow-env/lib64/python3.11/site-packages/airflow/example_dags/example_time_delta_sensor_async.py took 0.088 seconds
[2023-10-07T04:17:48.207+0530] {processor.py:157} INFO - Started process (PID=19942) to work on /home/raj/Downloads/kafka_2.13-3.5.1/airflow-env/lib64/python3.11/site-packages/airflow/example_dags/example_time_delta_sensor_async.py
[2023-10-07T04:17:48.218+0530] {processor.py:829} INFO - Processing file /home/raj/Downloads/kafka_2.13-3.5.1/airflow-env/lib64/python3.11/site-packages/airflow/example_dags/example_time_delta_sensor_async.py for tasks to queue
[2023-10-07T04:17:48.219+0530] {logging_mixin.py:151} INFO - [2023-10-07T04:17:48.219+0530] {dagbag.py:539} INFO - Filling up the DagBag from /home/raj/Downloads/kafka_2.13-3.5.1/airflow-env/lib64/python3.11/site-packages/airflow/example_dags/example_time_delta_sensor_async.py
[2023-10-07T04:17:48.229+0530] {processor.py:839} INFO - DAG(s) dict_keys(['example_time_delta_sensor_async']) retrieved from /home/raj/Downloads/kafka_2.13-3.5.1/airflow-env/lib64/python3.11/site-packages/airflow/example_dags/example_time_delta_sensor_async.py
[2023-10-07T04:17:48.262+0530] {logging_mixin.py:151} INFO - [2023-10-07T04:17:48.262+0530] {dag.py:2915} INFO - Sync 1 DAGs
[2023-10-07T04:17:48.273+0530] {logging_mixin.py:151} INFO - [2023-10-07T04:17:48.273+0530] {dag.py:3696} INFO - Setting next_dagrun for example_time_delta_sensor_async to None, run_after=None
[2023-10-07T04:17:48.290+0530] {processor.py:179} INFO - Processing /home/raj/Downloads/kafka_2.13-3.5.1/airflow-env/lib64/python3.11/site-packages/airflow/example_dags/example_time_delta_sensor_async.py took 0.089 seconds
[2023-10-07T04:18:40.257+0530] {processor.py:157} INFO - Started process (PID=19996) to work on /home/raj/Downloads/kafka_2.13-3.5.1/airflow-env/lib64/python3.11/site-packages/airflow/example_dags/example_time_delta_sensor_async.py
[2023-10-07T04:18:40.268+0530] {processor.py:829} INFO - Processing file /home/raj/Downloads/kafka_2.13-3.5.1/airflow-env/lib64/python3.11/site-packages/airflow/example_dags/example_time_delta_sensor_async.py for tasks to queue
[2023-10-07T04:18:40.269+0530] {logging_mixin.py:151} INFO - [2023-10-07T04:18:40.269+0530] {dagbag.py:539} INFO - Filling up the DagBag from /home/raj/Downloads/kafka_2.13-3.5.1/airflow-env/lib64/python3.11/site-packages/airflow/example_dags/example_time_delta_sensor_async.py
[2023-10-07T04:18:40.278+0530] {processor.py:839} INFO - DAG(s) dict_keys(['example_time_delta_sensor_async']) retrieved from /home/raj/Downloads/kafka_2.13-3.5.1/airflow-env/lib64/python3.11/site-packages/airflow/example_dags/example_time_delta_sensor_async.py
[2023-10-07T04:18:40.305+0530] {logging_mixin.py:151} INFO - [2023-10-07T04:18:40.305+0530] {dag.py:2915} INFO - Sync 1 DAGs
[2023-10-07T04:18:40.316+0530] {logging_mixin.py:151} INFO - [2023-10-07T04:18:40.315+0530] {dag.py:3696} INFO - Setting next_dagrun for example_time_delta_sensor_async to None, run_after=None
[2023-10-07T04:18:40.335+0530] {processor.py:179} INFO - Processing /home/raj/Downloads/kafka_2.13-3.5.1/airflow-env/lib64/python3.11/site-packages/airflow/example_dags/example_time_delta_sensor_async.py took 0.084 seconds
[2023-10-07T04:19:35.198+0530] {processor.py:157} INFO - Started process (PID=20051) to work on /home/raj/Downloads/kafka_2.13-3.5.1/airflow-env/lib64/python3.11/site-packages/airflow/example_dags/example_time_delta_sensor_async.py
[2023-10-07T04:19:35.209+0530] {processor.py:829} INFO - Processing file /home/raj/Downloads/kafka_2.13-3.5.1/airflow-env/lib64/python3.11/site-packages/airflow/example_dags/example_time_delta_sensor_async.py for tasks to queue
[2023-10-07T04:19:35.211+0530] {logging_mixin.py:151} INFO - [2023-10-07T04:19:35.210+0530] {dagbag.py:539} INFO - Filling up the DagBag from /home/raj/Downloads/kafka_2.13-3.5.1/airflow-env/lib64/python3.11/site-packages/airflow/example_dags/example_time_delta_sensor_async.py
[2023-10-07T04:19:35.221+0530] {processor.py:839} INFO - DAG(s) dict_keys(['example_time_delta_sensor_async']) retrieved from /home/raj/Downloads/kafka_2.13-3.5.1/airflow-env/lib64/python3.11/site-packages/airflow/example_dags/example_time_delta_sensor_async.py
[2023-10-07T04:19:35.254+0530] {logging_mixin.py:151} INFO - [2023-10-07T04:19:35.254+0530] {dag.py:2915} INFO - Sync 1 DAGs
[2023-10-07T04:19:35.264+0530] {logging_mixin.py:151} INFO - [2023-10-07T04:19:35.264+0530] {dag.py:3696} INFO - Setting next_dagrun for example_time_delta_sensor_async to None, run_after=None
[2023-10-07T04:19:35.282+0530] {processor.py:179} INFO - Processing /home/raj/Downloads/kafka_2.13-3.5.1/airflow-env/lib64/python3.11/site-packages/airflow/example_dags/example_time_delta_sensor_async.py took 0.089 seconds
[2023-10-07T04:20:13.703+0530] {processor.py:157} INFO - Started process (PID=20380) to work on /home/raj/Downloads/kafka_2.13-3.5.1/airflow-env/lib64/python3.11/site-packages/airflow/example_dags/example_time_delta_sensor_async.py
[2023-10-07T04:20:13.714+0530] {processor.py:829} INFO - Processing file /home/raj/Downloads/kafka_2.13-3.5.1/airflow-env/lib64/python3.11/site-packages/airflow/example_dags/example_time_delta_sensor_async.py for tasks to queue
[2023-10-07T04:20:13.715+0530] {logging_mixin.py:151} INFO - [2023-10-07T04:20:13.714+0530] {dagbag.py:539} INFO - Filling up the DagBag from /home/raj/Downloads/kafka_2.13-3.5.1/airflow-env/lib64/python3.11/site-packages/airflow/example_dags/example_time_delta_sensor_async.py
[2023-10-07T04:20:13.718+0530] {processor.py:839} INFO - DAG(s) dict_keys(['example_time_delta_sensor_async']) retrieved from /home/raj/Downloads/kafka_2.13-3.5.1/airflow-env/lib64/python3.11/site-packages/airflow/example_dags/example_time_delta_sensor_async.py
[2023-10-07T04:20:13.734+0530] {logging_mixin.py:151} INFO - [2023-10-07T04:20:13.734+0530] {dag.py:2915} INFO - Sync 1 DAGs
[2023-10-07T04:20:13.743+0530] {logging_mixin.py:151} INFO - [2023-10-07T04:20:13.743+0530] {dag.py:3696} INFO - Setting next_dagrun for example_time_delta_sensor_async to None, run_after=None
[2023-10-07T04:20:13.765+0530] {processor.py:179} INFO - Processing /home/raj/Downloads/kafka_2.13-3.5.1/airflow-env/lib64/python3.11/site-packages/airflow/example_dags/example_time_delta_sensor_async.py took 0.065 seconds
[2023-10-07T04:21:08.037+0530] {processor.py:157} INFO - Started process (PID=20569) to work on /home/raj/Downloads/kafka_2.13-3.5.1/airflow-env/lib64/python3.11/site-packages/airflow/example_dags/example_time_delta_sensor_async.py
[2023-10-07T04:21:08.039+0530] {processor.py:829} INFO - Processing file /home/raj/Downloads/kafka_2.13-3.5.1/airflow-env/lib64/python3.11/site-packages/airflow/example_dags/example_time_delta_sensor_async.py for tasks to queue
[2023-10-07T04:21:08.041+0530] {logging_mixin.py:151} INFO - [2023-10-07T04:21:08.040+0530] {dagbag.py:539} INFO - Filling up the DagBag from /home/raj/Downloads/kafka_2.13-3.5.1/airflow-env/lib64/python3.11/site-packages/airflow/example_dags/example_time_delta_sensor_async.py
[2023-10-07T04:21:08.049+0530] {processor.py:839} INFO - DAG(s) dict_keys(['example_time_delta_sensor_async']) retrieved from /home/raj/Downloads/kafka_2.13-3.5.1/airflow-env/lib64/python3.11/site-packages/airflow/example_dags/example_time_delta_sensor_async.py
[2023-10-07T04:21:08.078+0530] {logging_mixin.py:151} INFO - [2023-10-07T04:21:08.077+0530] {dag.py:2915} INFO - Sync 1 DAGs
[2023-10-07T04:21:08.088+0530] {logging_mixin.py:151} INFO - [2023-10-07T04:21:08.087+0530] {dag.py:3696} INFO - Setting next_dagrun for example_time_delta_sensor_async to None, run_after=None
[2023-10-07T04:21:08.106+0530] {processor.py:179} INFO - Processing /home/raj/Downloads/kafka_2.13-3.5.1/airflow-env/lib64/python3.11/site-packages/airflow/example_dags/example_time_delta_sensor_async.py took 0.074 seconds
[2023-10-07T04:21:57.411+0530] {processor.py:157} INFO - Started process (PID=20733) to work on /home/raj/Downloads/kafka_2.13-3.5.1/airflow-env/lib64/python3.11/site-packages/airflow/example_dags/example_time_delta_sensor_async.py
[2023-10-07T04:21:57.412+0530] {processor.py:829} INFO - Processing file /home/raj/Downloads/kafka_2.13-3.5.1/airflow-env/lib64/python3.11/site-packages/airflow/example_dags/example_time_delta_sensor_async.py for tasks to queue
[2023-10-07T04:21:57.413+0530] {logging_mixin.py:151} INFO - [2023-10-07T04:21:57.413+0530] {dagbag.py:539} INFO - Filling up the DagBag from /home/raj/Downloads/kafka_2.13-3.5.1/airflow-env/lib64/python3.11/site-packages/airflow/example_dags/example_time_delta_sensor_async.py
[2023-10-07T04:21:57.418+0530] {processor.py:839} INFO - DAG(s) dict_keys(['example_time_delta_sensor_async']) retrieved from /home/raj/Downloads/kafka_2.13-3.5.1/airflow-env/lib64/python3.11/site-packages/airflow/example_dags/example_time_delta_sensor_async.py
[2023-10-07T04:21:57.438+0530] {logging_mixin.py:151} INFO - [2023-10-07T04:21:57.438+0530] {dag.py:2915} INFO - Sync 1 DAGs
[2023-10-07T04:21:57.452+0530] {logging_mixin.py:151} INFO - [2023-10-07T04:21:57.452+0530] {dag.py:3696} INFO - Setting next_dagrun for example_time_delta_sensor_async to None, run_after=None
[2023-10-07T04:21:57.483+0530] {processor.py:179} INFO - Processing /home/raj/Downloads/kafka_2.13-3.5.1/airflow-env/lib64/python3.11/site-packages/airflow/example_dags/example_time_delta_sensor_async.py took 0.076 seconds
[2023-10-07T04:22:47.122+0530] {processor.py:157} INFO - Started process (PID=20844) to work on /home/raj/Downloads/kafka_2.13-3.5.1/airflow-env/lib64/python3.11/site-packages/airflow/example_dags/example_time_delta_sensor_async.py
[2023-10-07T04:22:47.133+0530] {processor.py:829} INFO - Processing file /home/raj/Downloads/kafka_2.13-3.5.1/airflow-env/lib64/python3.11/site-packages/airflow/example_dags/example_time_delta_sensor_async.py for tasks to queue
[2023-10-07T04:22:47.134+0530] {logging_mixin.py:151} INFO - [2023-10-07T04:22:47.133+0530] {dagbag.py:539} INFO - Filling up the DagBag from /home/raj/Downloads/kafka_2.13-3.5.1/airflow-env/lib64/python3.11/site-packages/airflow/example_dags/example_time_delta_sensor_async.py
[2023-10-07T04:22:47.138+0530] {processor.py:839} INFO - DAG(s) dict_keys(['example_time_delta_sensor_async']) retrieved from /home/raj/Downloads/kafka_2.13-3.5.1/airflow-env/lib64/python3.11/site-packages/airflow/example_dags/example_time_delta_sensor_async.py
[2023-10-07T04:22:47.155+0530] {logging_mixin.py:151} INFO - [2023-10-07T04:22:47.155+0530] {dag.py:2915} INFO - Sync 1 DAGs
[2023-10-07T04:22:47.167+0530] {logging_mixin.py:151} INFO - [2023-10-07T04:22:47.166+0530] {dag.py:3696} INFO - Setting next_dagrun for example_time_delta_sensor_async to None, run_after=None
[2023-10-07T04:22:47.189+0530] {processor.py:179} INFO - Processing /home/raj/Downloads/kafka_2.13-3.5.1/airflow-env/lib64/python3.11/site-packages/airflow/example_dags/example_time_delta_sensor_async.py took 0.074 seconds
[2023-10-07T04:23:24.236+0530] {processor.py:157} INFO - Started process (PID=20917) to work on /home/raj/Downloads/kafka_2.13-3.5.1/airflow-env/lib64/python3.11/site-packages/airflow/example_dags/example_time_delta_sensor_async.py
[2023-10-07T04:23:24.246+0530] {processor.py:829} INFO - Processing file /home/raj/Downloads/kafka_2.13-3.5.1/airflow-env/lib64/python3.11/site-packages/airflow/example_dags/example_time_delta_sensor_async.py for tasks to queue
[2023-10-07T04:23:24.248+0530] {logging_mixin.py:151} INFO - [2023-10-07T04:23:24.247+0530] {dagbag.py:539} INFO - Filling up the DagBag from /home/raj/Downloads/kafka_2.13-3.5.1/airflow-env/lib64/python3.11/site-packages/airflow/example_dags/example_time_delta_sensor_async.py
[2023-10-07T04:23:24.257+0530] {processor.py:839} INFO - DAG(s) dict_keys(['example_time_delta_sensor_async']) retrieved from /home/raj/Downloads/kafka_2.13-3.5.1/airflow-env/lib64/python3.11/site-packages/airflow/example_dags/example_time_delta_sensor_async.py
[2023-10-07T04:23:24.278+0530] {logging_mixin.py:151} INFO - [2023-10-07T04:23:24.277+0530] {dag.py:2915} INFO - Sync 1 DAGs
[2023-10-07T04:23:24.290+0530] {logging_mixin.py:151} INFO - [2023-10-07T04:23:24.289+0530] {dag.py:3696} INFO - Setting next_dagrun for example_time_delta_sensor_async to None, run_after=None
[2023-10-07T04:23:24.315+0530] {processor.py:179} INFO - Processing /home/raj/Downloads/kafka_2.13-3.5.1/airflow-env/lib64/python3.11/site-packages/airflow/example_dags/example_time_delta_sensor_async.py took 0.082 seconds
[2023-10-07T04:24:13.829+0530] {processor.py:157} INFO - Started process (PID=21042) to work on /home/raj/Downloads/kafka_2.13-3.5.1/airflow-env/lib64/python3.11/site-packages/airflow/example_dags/example_time_delta_sensor_async.py
[2023-10-07T04:24:13.841+0530] {processor.py:829} INFO - Processing file /home/raj/Downloads/kafka_2.13-3.5.1/airflow-env/lib64/python3.11/site-packages/airflow/example_dags/example_time_delta_sensor_async.py for tasks to queue
[2023-10-07T04:24:13.842+0530] {logging_mixin.py:151} INFO - [2023-10-07T04:24:13.841+0530] {dagbag.py:539} INFO - Filling up the DagBag from /home/raj/Downloads/kafka_2.13-3.5.1/airflow-env/lib64/python3.11/site-packages/airflow/example_dags/example_time_delta_sensor_async.py
[2023-10-07T04:24:13.851+0530] {processor.py:839} INFO - DAG(s) dict_keys(['example_time_delta_sensor_async']) retrieved from /home/raj/Downloads/kafka_2.13-3.5.1/airflow-env/lib64/python3.11/site-packages/airflow/example_dags/example_time_delta_sensor_async.py
[2023-10-07T04:24:13.883+0530] {logging_mixin.py:151} INFO - [2023-10-07T04:24:13.883+0530] {dag.py:2915} INFO - Sync 1 DAGs
[2023-10-07T04:24:13.894+0530] {logging_mixin.py:151} INFO - [2023-10-07T04:24:13.894+0530] {dag.py:3696} INFO - Setting next_dagrun for example_time_delta_sensor_async to None, run_after=None
[2023-10-07T04:24:13.915+0530] {processor.py:179} INFO - Processing /home/raj/Downloads/kafka_2.13-3.5.1/airflow-env/lib64/python3.11/site-packages/airflow/example_dags/example_time_delta_sensor_async.py took 0.091 seconds
[2023-10-07T04:25:02.753+0530] {processor.py:157} INFO - Started process (PID=21127) to work on /home/raj/Downloads/kafka_2.13-3.5.1/airflow-env/lib64/python3.11/site-packages/airflow/example_dags/example_time_delta_sensor_async.py
[2023-10-07T04:25:02.764+0530] {processor.py:829} INFO - Processing file /home/raj/Downloads/kafka_2.13-3.5.1/airflow-env/lib64/python3.11/site-packages/airflow/example_dags/example_time_delta_sensor_async.py for tasks to queue
[2023-10-07T04:25:02.765+0530] {logging_mixin.py:151} INFO - [2023-10-07T04:25:02.765+0530] {dagbag.py:539} INFO - Filling up the DagBag from /home/raj/Downloads/kafka_2.13-3.5.1/airflow-env/lib64/python3.11/site-packages/airflow/example_dags/example_time_delta_sensor_async.py
[2023-10-07T04:25:02.771+0530] {processor.py:839} INFO - DAG(s) dict_keys(['example_time_delta_sensor_async']) retrieved from /home/raj/Downloads/kafka_2.13-3.5.1/airflow-env/lib64/python3.11/site-packages/airflow/example_dags/example_time_delta_sensor_async.py
[2023-10-07T04:25:02.794+0530] {logging_mixin.py:151} INFO - [2023-10-07T04:25:02.793+0530] {dag.py:2915} INFO - Sync 1 DAGs
[2023-10-07T04:25:02.815+0530] {logging_mixin.py:151} INFO - [2023-10-07T04:25:02.814+0530] {dag.py:3696} INFO - Setting next_dagrun for example_time_delta_sensor_async to None, run_after=None
[2023-10-07T04:25:02.854+0530] {processor.py:179} INFO - Processing /home/raj/Downloads/kafka_2.13-3.5.1/airflow-env/lib64/python3.11/site-packages/airflow/example_dags/example_time_delta_sensor_async.py took 0.104 seconds
[2023-10-07T04:25:55.266+0530] {processor.py:157} INFO - Started process (PID=21253) to work on /home/raj/Downloads/kafka_2.13-3.5.1/airflow-env/lib64/python3.11/site-packages/airflow/example_dags/example_time_delta_sensor_async.py
[2023-10-07T04:25:55.276+0530] {processor.py:829} INFO - Processing file /home/raj/Downloads/kafka_2.13-3.5.1/airflow-env/lib64/python3.11/site-packages/airflow/example_dags/example_time_delta_sensor_async.py for tasks to queue
[2023-10-07T04:25:55.278+0530] {logging_mixin.py:151} INFO - [2023-10-07T04:25:55.277+0530] {dagbag.py:539} INFO - Filling up the DagBag from /home/raj/Downloads/kafka_2.13-3.5.1/airflow-env/lib64/python3.11/site-packages/airflow/example_dags/example_time_delta_sensor_async.py
[2023-10-07T04:25:55.282+0530] {processor.py:839} INFO - DAG(s) dict_keys(['example_time_delta_sensor_async']) retrieved from /home/raj/Downloads/kafka_2.13-3.5.1/airflow-env/lib64/python3.11/site-packages/airflow/example_dags/example_time_delta_sensor_async.py
[2023-10-07T04:25:55.298+0530] {logging_mixin.py:151} INFO - [2023-10-07T04:25:55.297+0530] {dag.py:2915} INFO - Sync 1 DAGs
[2023-10-07T04:25:55.308+0530] {logging_mixin.py:151} INFO - [2023-10-07T04:25:55.308+0530] {dag.py:3696} INFO - Setting next_dagrun for example_time_delta_sensor_async to None, run_after=None
[2023-10-07T04:25:55.328+0530] {processor.py:179} INFO - Processing /home/raj/Downloads/kafka_2.13-3.5.1/airflow-env/lib64/python3.11/site-packages/airflow/example_dags/example_time_delta_sensor_async.py took 0.066 seconds
[2023-10-07T04:26:31.768+0530] {processor.py:157} INFO - Started process (PID=21356) to work on /home/raj/Downloads/kafka_2.13-3.5.1/airflow-env/lib64/python3.11/site-packages/airflow/example_dags/example_time_delta_sensor_async.py
[2023-10-07T04:26:31.770+0530] {processor.py:829} INFO - Processing file /home/raj/Downloads/kafka_2.13-3.5.1/airflow-env/lib64/python3.11/site-packages/airflow/example_dags/example_time_delta_sensor_async.py for tasks to queue
[2023-10-07T04:26:31.771+0530] {logging_mixin.py:151} INFO - [2023-10-07T04:26:31.770+0530] {dagbag.py:539} INFO - Filling up the DagBag from /home/raj/Downloads/kafka_2.13-3.5.1/airflow-env/lib64/python3.11/site-packages/airflow/example_dags/example_time_delta_sensor_async.py
[2023-10-07T04:26:31.779+0530] {processor.py:839} INFO - DAG(s) dict_keys(['example_time_delta_sensor_async']) retrieved from /home/raj/Downloads/kafka_2.13-3.5.1/airflow-env/lib64/python3.11/site-packages/airflow/example_dags/example_time_delta_sensor_async.py
[2023-10-07T04:26:31.806+0530] {logging_mixin.py:151} INFO - [2023-10-07T04:26:31.806+0530] {dag.py:2915} INFO - Sync 1 DAGs
[2023-10-07T04:26:31.815+0530] {logging_mixin.py:151} INFO - [2023-10-07T04:26:31.815+0530] {dag.py:3696} INFO - Setting next_dagrun for example_time_delta_sensor_async to None, run_after=None
[2023-10-07T04:26:31.834+0530] {processor.py:179} INFO - Processing /home/raj/Downloads/kafka_2.13-3.5.1/airflow-env/lib64/python3.11/site-packages/airflow/example_dags/example_time_delta_sensor_async.py took 0.071 seconds
[2023-10-07T04:27:20.500+0530] {processor.py:157} INFO - Started process (PID=21538) to work on /home/raj/Downloads/kafka_2.13-3.5.1/airflow-env/lib64/python3.11/site-packages/airflow/example_dags/example_time_delta_sensor_async.py
[2023-10-07T04:27:20.502+0530] {processor.py:829} INFO - Processing file /home/raj/Downloads/kafka_2.13-3.5.1/airflow-env/lib64/python3.11/site-packages/airflow/example_dags/example_time_delta_sensor_async.py for tasks to queue
[2023-10-07T04:27:20.503+0530] {logging_mixin.py:151} INFO - [2023-10-07T04:27:20.502+0530] {dagbag.py:539} INFO - Filling up the DagBag from /home/raj/Downloads/kafka_2.13-3.5.1/airflow-env/lib64/python3.11/site-packages/airflow/example_dags/example_time_delta_sensor_async.py
[2023-10-07T04:27:20.508+0530] {processor.py:839} INFO - DAG(s) dict_keys(['example_time_delta_sensor_async']) retrieved from /home/raj/Downloads/kafka_2.13-3.5.1/airflow-env/lib64/python3.11/site-packages/airflow/example_dags/example_time_delta_sensor_async.py
[2023-10-07T04:27:20.525+0530] {logging_mixin.py:151} INFO - [2023-10-07T04:27:20.525+0530] {dag.py:2915} INFO - Sync 1 DAGs
[2023-10-07T04:27:20.539+0530] {logging_mixin.py:151} INFO - [2023-10-07T04:27:20.538+0530] {dag.py:3696} INFO - Setting next_dagrun for example_time_delta_sensor_async to None, run_after=None
[2023-10-07T04:27:20.561+0530] {processor.py:179} INFO - Processing /home/raj/Downloads/kafka_2.13-3.5.1/airflow-env/lib64/python3.11/site-packages/airflow/example_dags/example_time_delta_sensor_async.py took 0.067 seconds
[2023-10-07T04:28:14.653+0530] {processor.py:157} INFO - Started process (PID=21604) to work on /home/raj/Downloads/kafka_2.13-3.5.1/airflow-env/lib64/python3.11/site-packages/airflow/example_dags/example_time_delta_sensor_async.py
[2023-10-07T04:28:14.664+0530] {processor.py:829} INFO - Processing file /home/raj/Downloads/kafka_2.13-3.5.1/airflow-env/lib64/python3.11/site-packages/airflow/example_dags/example_time_delta_sensor_async.py for tasks to queue
[2023-10-07T04:28:14.666+0530] {logging_mixin.py:151} INFO - [2023-10-07T04:28:14.665+0530] {dagbag.py:539} INFO - Filling up the DagBag from /home/raj/Downloads/kafka_2.13-3.5.1/airflow-env/lib64/python3.11/site-packages/airflow/example_dags/example_time_delta_sensor_async.py
[2023-10-07T04:28:14.671+0530] {processor.py:839} INFO - DAG(s) dict_keys(['example_time_delta_sensor_async']) retrieved from /home/raj/Downloads/kafka_2.13-3.5.1/airflow-env/lib64/python3.11/site-packages/airflow/example_dags/example_time_delta_sensor_async.py
[2023-10-07T04:28:14.686+0530] {logging_mixin.py:151} INFO - [2023-10-07T04:28:14.686+0530] {dag.py:2915} INFO - Sync 1 DAGs
[2023-10-07T04:28:14.697+0530] {logging_mixin.py:151} INFO - [2023-10-07T04:28:14.697+0530] {dag.py:3696} INFO - Setting next_dagrun for example_time_delta_sensor_async to None, run_after=None
[2023-10-07T04:28:14.717+0530] {processor.py:179} INFO - Processing /home/raj/Downloads/kafka_2.13-3.5.1/airflow-env/lib64/python3.11/site-packages/airflow/example_dags/example_time_delta_sensor_async.py took 0.070 seconds
[2023-10-07T04:29:08.062+0530] {processor.py:157} INFO - Started process (PID=21736) to work on /home/raj/Downloads/kafka_2.13-3.5.1/airflow-env/lib64/python3.11/site-packages/airflow/example_dags/example_time_delta_sensor_async.py
[2023-10-07T04:29:08.073+0530] {processor.py:829} INFO - Processing file /home/raj/Downloads/kafka_2.13-3.5.1/airflow-env/lib64/python3.11/site-packages/airflow/example_dags/example_time_delta_sensor_async.py for tasks to queue
[2023-10-07T04:29:08.074+0530] {logging_mixin.py:151} INFO - [2023-10-07T04:29:08.074+0530] {dagbag.py:539} INFO - Filling up the DagBag from /home/raj/Downloads/kafka_2.13-3.5.1/airflow-env/lib64/python3.11/site-packages/airflow/example_dags/example_time_delta_sensor_async.py
[2023-10-07T04:29:08.083+0530] {processor.py:839} INFO - DAG(s) dict_keys(['example_time_delta_sensor_async']) retrieved from /home/raj/Downloads/kafka_2.13-3.5.1/airflow-env/lib64/python3.11/site-packages/airflow/example_dags/example_time_delta_sensor_async.py
[2023-10-07T04:29:08.115+0530] {logging_mixin.py:151} INFO - [2023-10-07T04:29:08.115+0530] {dag.py:2915} INFO - Sync 1 DAGs
[2023-10-07T04:29:08.128+0530] {logging_mixin.py:151} INFO - [2023-10-07T04:29:08.128+0530] {dag.py:3696} INFO - Setting next_dagrun for example_time_delta_sensor_async to None, run_after=None
[2023-10-07T04:29:08.145+0530] {processor.py:179} INFO - Processing /home/raj/Downloads/kafka_2.13-3.5.1/airflow-env/lib64/python3.11/site-packages/airflow/example_dags/example_time_delta_sensor_async.py took 0.089 seconds
[2023-10-07T04:40:41.211+0530] {processor.py:157} INFO - Started process (PID=9518) to work on /home/raj/Downloads/kafka_2.13-3.5.1/airflow-env/lib64/python3.11/site-packages/airflow/example_dags/example_time_delta_sensor_async.py
[2023-10-07T04:40:41.212+0530] {processor.py:829} INFO - Processing file /home/raj/Downloads/kafka_2.13-3.5.1/airflow-env/lib64/python3.11/site-packages/airflow/example_dags/example_time_delta_sensor_async.py for tasks to queue
[2023-10-07T04:40:41.213+0530] {logging_mixin.py:151} INFO - [2023-10-07T04:40:41.212+0530] {dagbag.py:539} INFO - Filling up the DagBag from /home/raj/Downloads/kafka_2.13-3.5.1/airflow-env/lib64/python3.11/site-packages/airflow/example_dags/example_time_delta_sensor_async.py
[2023-10-07T04:40:41.217+0530] {processor.py:839} INFO - DAG(s) dict_keys(['example_time_delta_sensor_async']) retrieved from /home/raj/Downloads/kafka_2.13-3.5.1/airflow-env/lib64/python3.11/site-packages/airflow/example_dags/example_time_delta_sensor_async.py
[2023-10-07T04:40:41.239+0530] {logging_mixin.py:151} INFO - [2023-10-07T04:40:41.239+0530] {dag.py:2915} INFO - Sync 1 DAGs
[2023-10-07T04:40:41.251+0530] {logging_mixin.py:151} INFO - [2023-10-07T04:40:41.251+0530] {dag.py:3696} INFO - Setting next_dagrun for example_time_delta_sensor_async to None, run_after=None
[2023-10-07T04:40:41.278+0530] {processor.py:179} INFO - Processing /home/raj/Downloads/kafka_2.13-3.5.1/airflow-env/lib64/python3.11/site-packages/airflow/example_dags/example_time_delta_sensor_async.py took 0.069 seconds
[2023-10-07T04:41:27.624+0530] {processor.py:157} INFO - Started process (PID=10015) to work on /home/raj/Downloads/kafka_2.13-3.5.1/airflow-env/lib64/python3.11/site-packages/airflow/example_dags/example_time_delta_sensor_async.py
[2023-10-07T04:41:27.635+0530] {processor.py:829} INFO - Processing file /home/raj/Downloads/kafka_2.13-3.5.1/airflow-env/lib64/python3.11/site-packages/airflow/example_dags/example_time_delta_sensor_async.py for tasks to queue
[2023-10-07T04:41:27.637+0530] {logging_mixin.py:151} INFO - [2023-10-07T04:41:27.636+0530] {dagbag.py:539} INFO - Filling up the DagBag from /home/raj/Downloads/kafka_2.13-3.5.1/airflow-env/lib64/python3.11/site-packages/airflow/example_dags/example_time_delta_sensor_async.py
[2023-10-07T04:41:27.645+0530] {processor.py:839} INFO - DAG(s) dict_keys(['example_time_delta_sensor_async']) retrieved from /home/raj/Downloads/kafka_2.13-3.5.1/airflow-env/lib64/python3.11/site-packages/airflow/example_dags/example_time_delta_sensor_async.py
[2023-10-07T04:41:27.676+0530] {logging_mixin.py:151} INFO - [2023-10-07T04:41:27.675+0530] {dag.py:2915} INFO - Sync 1 DAGs
[2023-10-07T04:41:27.690+0530] {logging_mixin.py:151} INFO - [2023-10-07T04:41:27.689+0530] {dag.py:3696} INFO - Setting next_dagrun for example_time_delta_sensor_async to None, run_after=None
[2023-10-07T04:41:27.707+0530] {processor.py:179} INFO - Processing /home/raj/Downloads/kafka_2.13-3.5.1/airflow-env/lib64/python3.11/site-packages/airflow/example_dags/example_time_delta_sensor_async.py took 0.088 seconds
[2023-10-07T04:42:15.533+0530] {processor.py:157} INFO - Started process (PID=10184) to work on /home/raj/Downloads/kafka_2.13-3.5.1/airflow-env/lib64/python3.11/site-packages/airflow/example_dags/example_time_delta_sensor_async.py
[2023-10-07T04:42:15.534+0530] {processor.py:829} INFO - Processing file /home/raj/Downloads/kafka_2.13-3.5.1/airflow-env/lib64/python3.11/site-packages/airflow/example_dags/example_time_delta_sensor_async.py for tasks to queue
[2023-10-07T04:42:15.536+0530] {logging_mixin.py:151} INFO - [2023-10-07T04:42:15.535+0530] {dagbag.py:539} INFO - Filling up the DagBag from /home/raj/Downloads/kafka_2.13-3.5.1/airflow-env/lib64/python3.11/site-packages/airflow/example_dags/example_time_delta_sensor_async.py
[2023-10-07T04:42:15.542+0530] {processor.py:839} INFO - DAG(s) dict_keys(['example_time_delta_sensor_async']) retrieved from /home/raj/Downloads/kafka_2.13-3.5.1/airflow-env/lib64/python3.11/site-packages/airflow/example_dags/example_time_delta_sensor_async.py
[2023-10-07T04:42:15.557+0530] {logging_mixin.py:151} INFO - [2023-10-07T04:42:15.557+0530] {dag.py:2915} INFO - Sync 1 DAGs
[2023-10-07T04:42:15.567+0530] {logging_mixin.py:151} INFO - [2023-10-07T04:42:15.567+0530] {dag.py:3696} INFO - Setting next_dagrun for example_time_delta_sensor_async to None, run_after=None
[2023-10-07T04:42:15.590+0530] {processor.py:179} INFO - Processing /home/raj/Downloads/kafka_2.13-3.5.1/airflow-env/lib64/python3.11/site-packages/airflow/example_dags/example_time_delta_sensor_async.py took 0.062 seconds
[2023-10-07T04:43:31.459+0530] {processor.py:157} INFO - Started process (PID=10384) to work on /home/raj/Downloads/kafka_2.13-3.5.1/airflow-env/lib64/python3.11/site-packages/airflow/example_dags/example_time_delta_sensor_async.py
[2023-10-07T04:43:31.470+0530] {processor.py:829} INFO - Processing file /home/raj/Downloads/kafka_2.13-3.5.1/airflow-env/lib64/python3.11/site-packages/airflow/example_dags/example_time_delta_sensor_async.py for tasks to queue
[2023-10-07T04:43:31.471+0530] {logging_mixin.py:151} INFO - [2023-10-07T04:43:31.470+0530] {dagbag.py:539} INFO - Filling up the DagBag from /home/raj/Downloads/kafka_2.13-3.5.1/airflow-env/lib64/python3.11/site-packages/airflow/example_dags/example_time_delta_sensor_async.py
[2023-10-07T04:43:31.475+0530] {processor.py:839} INFO - DAG(s) dict_keys(['example_time_delta_sensor_async']) retrieved from /home/raj/Downloads/kafka_2.13-3.5.1/airflow-env/lib64/python3.11/site-packages/airflow/example_dags/example_time_delta_sensor_async.py
[2023-10-07T04:43:31.499+0530] {logging_mixin.py:151} INFO - [2023-10-07T04:43:31.499+0530] {dag.py:2915} INFO - Sync 1 DAGs
[2023-10-07T04:43:31.510+0530] {logging_mixin.py:151} INFO - [2023-10-07T04:43:31.510+0530] {dag.py:3696} INFO - Setting next_dagrun for example_time_delta_sensor_async to None, run_after=None
[2023-10-07T04:43:31.531+0530] {processor.py:179} INFO - Processing /home/raj/Downloads/kafka_2.13-3.5.1/airflow-env/lib64/python3.11/site-packages/airflow/example_dags/example_time_delta_sensor_async.py took 0.078 seconds
[2023-10-07T04:44:19.201+0530] {processor.py:157} INFO - Started process (PID=10488) to work on /home/raj/Downloads/kafka_2.13-3.5.1/airflow-env/lib64/python3.11/site-packages/airflow/example_dags/example_time_delta_sensor_async.py
[2023-10-07T04:44:19.212+0530] {processor.py:829} INFO - Processing file /home/raj/Downloads/kafka_2.13-3.5.1/airflow-env/lib64/python3.11/site-packages/airflow/example_dags/example_time_delta_sensor_async.py for tasks to queue
[2023-10-07T04:44:19.213+0530] {logging_mixin.py:151} INFO - [2023-10-07T04:44:19.212+0530] {dagbag.py:539} INFO - Filling up the DagBag from /home/raj/Downloads/kafka_2.13-3.5.1/airflow-env/lib64/python3.11/site-packages/airflow/example_dags/example_time_delta_sensor_async.py
[2023-10-07T04:44:19.217+0530] {processor.py:839} INFO - DAG(s) dict_keys(['example_time_delta_sensor_async']) retrieved from /home/raj/Downloads/kafka_2.13-3.5.1/airflow-env/lib64/python3.11/site-packages/airflow/example_dags/example_time_delta_sensor_async.py
[2023-10-07T04:44:19.235+0530] {logging_mixin.py:151} INFO - [2023-10-07T04:44:19.235+0530] {dag.py:2915} INFO - Sync 1 DAGs
[2023-10-07T04:44:19.252+0530] {logging_mixin.py:151} INFO - [2023-10-07T04:44:19.251+0530] {dag.py:3696} INFO - Setting next_dagrun for example_time_delta_sensor_async to None, run_after=None
[2023-10-07T04:44:19.284+0530] {processor.py:179} INFO - Processing /home/raj/Downloads/kafka_2.13-3.5.1/airflow-env/lib64/python3.11/site-packages/airflow/example_dags/example_time_delta_sensor_async.py took 0.085 seconds
[2023-10-07T04:45:08.255+0530] {processor.py:157} INFO - Started process (PID=10636) to work on /home/raj/Downloads/kafka_2.13-3.5.1/airflow-env/lib64/python3.11/site-packages/airflow/example_dags/example_time_delta_sensor_async.py
[2023-10-07T04:45:08.266+0530] {processor.py:829} INFO - Processing file /home/raj/Downloads/kafka_2.13-3.5.1/airflow-env/lib64/python3.11/site-packages/airflow/example_dags/example_time_delta_sensor_async.py for tasks to queue
[2023-10-07T04:45:08.267+0530] {logging_mixin.py:151} INFO - [2023-10-07T04:45:08.267+0530] {dagbag.py:539} INFO - Filling up the DagBag from /home/raj/Downloads/kafka_2.13-3.5.1/airflow-env/lib64/python3.11/site-packages/airflow/example_dags/example_time_delta_sensor_async.py
[2023-10-07T04:45:08.276+0530] {processor.py:839} INFO - DAG(s) dict_keys(['example_time_delta_sensor_async']) retrieved from /home/raj/Downloads/kafka_2.13-3.5.1/airflow-env/lib64/python3.11/site-packages/airflow/example_dags/example_time_delta_sensor_async.py
[2023-10-07T04:45:08.309+0530] {logging_mixin.py:151} INFO - [2023-10-07T04:45:08.309+0530] {dag.py:2915} INFO - Sync 1 DAGs
[2023-10-07T04:45:08.321+0530] {logging_mixin.py:151} INFO - [2023-10-07T04:45:08.321+0530] {dag.py:3696} INFO - Setting next_dagrun for example_time_delta_sensor_async to None, run_after=None
[2023-10-07T04:45:08.339+0530] {processor.py:179} INFO - Processing /home/raj/Downloads/kafka_2.13-3.5.1/airflow-env/lib64/python3.11/site-packages/airflow/example_dags/example_time_delta_sensor_async.py took 0.089 seconds
[2023-10-07T04:45:45.873+0530] {processor.py:157} INFO - Started process (PID=10756) to work on /home/raj/Downloads/kafka_2.13-3.5.1/airflow-env/lib64/python3.11/site-packages/airflow/example_dags/example_time_delta_sensor_async.py
[2023-10-07T04:45:45.876+0530] {processor.py:829} INFO - Processing file /home/raj/Downloads/kafka_2.13-3.5.1/airflow-env/lib64/python3.11/site-packages/airflow/example_dags/example_time_delta_sensor_async.py for tasks to queue
[2023-10-07T04:45:45.877+0530] {logging_mixin.py:151} INFO - [2023-10-07T04:45:45.877+0530] {dagbag.py:539} INFO - Filling up the DagBag from /home/raj/Downloads/kafka_2.13-3.5.1/airflow-env/lib64/python3.11/site-packages/airflow/example_dags/example_time_delta_sensor_async.py
[2023-10-07T04:45:45.882+0530] {processor.py:839} INFO - DAG(s) dict_keys(['example_time_delta_sensor_async']) retrieved from /home/raj/Downloads/kafka_2.13-3.5.1/airflow-env/lib64/python3.11/site-packages/airflow/example_dags/example_time_delta_sensor_async.py
[2023-10-07T04:45:45.899+0530] {logging_mixin.py:151} INFO - [2023-10-07T04:45:45.898+0530] {dag.py:2915} INFO - Sync 1 DAGs
[2023-10-07T04:45:45.910+0530] {logging_mixin.py:151} INFO - [2023-10-07T04:45:45.910+0530] {dag.py:3696} INFO - Setting next_dagrun for example_time_delta_sensor_async to None, run_after=None
[2023-10-07T04:45:45.934+0530] {processor.py:179} INFO - Processing /home/raj/Downloads/kafka_2.13-3.5.1/airflow-env/lib64/python3.11/site-packages/airflow/example_dags/example_time_delta_sensor_async.py took 0.063 seconds
[2023-10-07T04:46:25.822+0530] {processor.py:157} INFO - Started process (PID=10872) to work on /home/raj/Downloads/kafka_2.13-3.5.1/airflow-env/lib64/python3.11/site-packages/airflow/example_dags/example_time_delta_sensor_async.py
[2023-10-07T04:46:25.833+0530] {processor.py:829} INFO - Processing file /home/raj/Downloads/kafka_2.13-3.5.1/airflow-env/lib64/python3.11/site-packages/airflow/example_dags/example_time_delta_sensor_async.py for tasks to queue
[2023-10-07T04:46:25.835+0530] {logging_mixin.py:151} INFO - [2023-10-07T04:46:25.834+0530] {dagbag.py:539} INFO - Filling up the DagBag from /home/raj/Downloads/kafka_2.13-3.5.1/airflow-env/lib64/python3.11/site-packages/airflow/example_dags/example_time_delta_sensor_async.py
[2023-10-07T04:46:25.844+0530] {processor.py:839} INFO - DAG(s) dict_keys(['example_time_delta_sensor_async']) retrieved from /home/raj/Downloads/kafka_2.13-3.5.1/airflow-env/lib64/python3.11/site-packages/airflow/example_dags/example_time_delta_sensor_async.py
[2023-10-07T04:46:25.865+0530] {logging_mixin.py:151} INFO - [2023-10-07T04:46:25.865+0530] {dag.py:2915} INFO - Sync 1 DAGs
[2023-10-07T04:46:25.875+0530] {logging_mixin.py:151} INFO - [2023-10-07T04:46:25.875+0530] {dag.py:3696} INFO - Setting next_dagrun for example_time_delta_sensor_async to None, run_after=None
[2023-10-07T04:46:25.894+0530] {processor.py:179} INFO - Processing /home/raj/Downloads/kafka_2.13-3.5.1/airflow-env/lib64/python3.11/site-packages/airflow/example_dags/example_time_delta_sensor_async.py took 0.077 seconds
[2023-10-07T04:47:03.551+0530] {processor.py:157} INFO - Started process (PID=10954) to work on /home/raj/Downloads/kafka_2.13-3.5.1/airflow-env/lib64/python3.11/site-packages/airflow/example_dags/example_time_delta_sensor_async.py
[2023-10-07T04:47:03.563+0530] {processor.py:829} INFO - Processing file /home/raj/Downloads/kafka_2.13-3.5.1/airflow-env/lib64/python3.11/site-packages/airflow/example_dags/example_time_delta_sensor_async.py for tasks to queue
[2023-10-07T04:47:03.564+0530] {logging_mixin.py:151} INFO - [2023-10-07T04:47:03.564+0530] {dagbag.py:539} INFO - Filling up the DagBag from /home/raj/Downloads/kafka_2.13-3.5.1/airflow-env/lib64/python3.11/site-packages/airflow/example_dags/example_time_delta_sensor_async.py
[2023-10-07T04:47:03.573+0530] {processor.py:839} INFO - DAG(s) dict_keys(['example_time_delta_sensor_async']) retrieved from /home/raj/Downloads/kafka_2.13-3.5.1/airflow-env/lib64/python3.11/site-packages/airflow/example_dags/example_time_delta_sensor_async.py
[2023-10-07T04:47:03.610+0530] {logging_mixin.py:151} INFO - [2023-10-07T04:47:03.610+0530] {dag.py:2915} INFO - Sync 1 DAGs
[2023-10-07T04:47:03.621+0530] {logging_mixin.py:151} INFO - [2023-10-07T04:47:03.621+0530] {dag.py:3696} INFO - Setting next_dagrun for example_time_delta_sensor_async to None, run_after=None
[2023-10-07T04:47:03.643+0530] {processor.py:179} INFO - Processing /home/raj/Downloads/kafka_2.13-3.5.1/airflow-env/lib64/python3.11/site-packages/airflow/example_dags/example_time_delta_sensor_async.py took 0.098 seconds
[2023-10-07T04:47:51.576+0530] {processor.py:157} INFO - Started process (PID=11037) to work on /home/raj/Downloads/kafka_2.13-3.5.1/airflow-env/lib64/python3.11/site-packages/airflow/example_dags/example_time_delta_sensor_async.py
[2023-10-07T04:47:51.587+0530] {processor.py:829} INFO - Processing file /home/raj/Downloads/kafka_2.13-3.5.1/airflow-env/lib64/python3.11/site-packages/airflow/example_dags/example_time_delta_sensor_async.py for tasks to queue
[2023-10-07T04:47:51.589+0530] {logging_mixin.py:151} INFO - [2023-10-07T04:47:51.588+0530] {dagbag.py:539} INFO - Filling up the DagBag from /home/raj/Downloads/kafka_2.13-3.5.1/airflow-env/lib64/python3.11/site-packages/airflow/example_dags/example_time_delta_sensor_async.py
[2023-10-07T04:47:51.600+0530] {processor.py:839} INFO - DAG(s) dict_keys(['example_time_delta_sensor_async']) retrieved from /home/raj/Downloads/kafka_2.13-3.5.1/airflow-env/lib64/python3.11/site-packages/airflow/example_dags/example_time_delta_sensor_async.py
[2023-10-07T04:47:51.633+0530] {logging_mixin.py:151} INFO - [2023-10-07T04:47:51.633+0530] {dag.py:2915} INFO - Sync 1 DAGs
[2023-10-07T04:47:51.646+0530] {logging_mixin.py:151} INFO - [2023-10-07T04:47:51.646+0530] {dag.py:3696} INFO - Setting next_dagrun for example_time_delta_sensor_async to None, run_after=None
[2023-10-07T04:47:51.669+0530] {processor.py:179} INFO - Processing /home/raj/Downloads/kafka_2.13-3.5.1/airflow-env/lib64/python3.11/site-packages/airflow/example_dags/example_time_delta_sensor_async.py took 0.100 seconds
[2023-10-07T04:48:45.519+0530] {processor.py:157} INFO - Started process (PID=11117) to work on /home/raj/Downloads/kafka_2.13-3.5.1/airflow-env/lib64/python3.11/site-packages/airflow/example_dags/example_time_delta_sensor_async.py
[2023-10-07T04:48:45.530+0530] {processor.py:829} INFO - Processing file /home/raj/Downloads/kafka_2.13-3.5.1/airflow-env/lib64/python3.11/site-packages/airflow/example_dags/example_time_delta_sensor_async.py for tasks to queue
[2023-10-07T04:48:45.532+0530] {logging_mixin.py:151} INFO - [2023-10-07T04:48:45.531+0530] {dagbag.py:539} INFO - Filling up the DagBag from /home/raj/Downloads/kafka_2.13-3.5.1/airflow-env/lib64/python3.11/site-packages/airflow/example_dags/example_time_delta_sensor_async.py
[2023-10-07T04:48:45.541+0530] {processor.py:839} INFO - DAG(s) dict_keys(['example_time_delta_sensor_async']) retrieved from /home/raj/Downloads/kafka_2.13-3.5.1/airflow-env/lib64/python3.11/site-packages/airflow/example_dags/example_time_delta_sensor_async.py
[2023-10-07T04:48:45.574+0530] {logging_mixin.py:151} INFO - [2023-10-07T04:48:45.574+0530] {dag.py:2915} INFO - Sync 1 DAGs
[2023-10-07T04:48:45.584+0530] {logging_mixin.py:151} INFO - [2023-10-07T04:48:45.584+0530] {dag.py:3696} INFO - Setting next_dagrun for example_time_delta_sensor_async to None, run_after=None
[2023-10-07T04:48:45.600+0530] {processor.py:179} INFO - Processing /home/raj/Downloads/kafka_2.13-3.5.1/airflow-env/lib64/python3.11/site-packages/airflow/example_dags/example_time_delta_sensor_async.py took 0.086 seconds
[2023-10-07T04:49:39.987+0530] {processor.py:157} INFO - Started process (PID=11254) to work on /home/raj/Downloads/kafka_2.13-3.5.1/airflow-env/lib64/python3.11/site-packages/airflow/example_dags/example_time_delta_sensor_async.py
[2023-10-07T04:49:39.998+0530] {processor.py:829} INFO - Processing file /home/raj/Downloads/kafka_2.13-3.5.1/airflow-env/lib64/python3.11/site-packages/airflow/example_dags/example_time_delta_sensor_async.py for tasks to queue
[2023-10-07T04:49:40.000+0530] {logging_mixin.py:151} INFO - [2023-10-07T04:49:39.999+0530] {dagbag.py:539} INFO - Filling up the DagBag from /home/raj/Downloads/kafka_2.13-3.5.1/airflow-env/lib64/python3.11/site-packages/airflow/example_dags/example_time_delta_sensor_async.py
[2023-10-07T04:49:40.007+0530] {processor.py:839} INFO - DAG(s) dict_keys(['example_time_delta_sensor_async']) retrieved from /home/raj/Downloads/kafka_2.13-3.5.1/airflow-env/lib64/python3.11/site-packages/airflow/example_dags/example_time_delta_sensor_async.py
[2023-10-07T04:49:40.032+0530] {logging_mixin.py:151} INFO - [2023-10-07T04:49:40.032+0530] {dag.py:2915} INFO - Sync 1 DAGs
[2023-10-07T04:49:40.049+0530] {logging_mixin.py:151} INFO - [2023-10-07T04:49:40.048+0530] {dag.py:3696} INFO - Setting next_dagrun for example_time_delta_sensor_async to None, run_after=None
[2023-10-07T04:49:40.073+0530] {processor.py:179} INFO - Processing /home/raj/Downloads/kafka_2.13-3.5.1/airflow-env/lib64/python3.11/site-packages/airflow/example_dags/example_time_delta_sensor_async.py took 0.091 seconds
[2023-10-07T04:50:17.941+0530] {processor.py:157} INFO - Started process (PID=11314) to work on /home/raj/Downloads/kafka_2.13-3.5.1/airflow-env/lib64/python3.11/site-packages/airflow/example_dags/example_time_delta_sensor_async.py
[2023-10-07T04:50:17.953+0530] {processor.py:829} INFO - Processing file /home/raj/Downloads/kafka_2.13-3.5.1/airflow-env/lib64/python3.11/site-packages/airflow/example_dags/example_time_delta_sensor_async.py for tasks to queue
[2023-10-07T04:50:17.954+0530] {logging_mixin.py:151} INFO - [2023-10-07T04:50:17.954+0530] {dagbag.py:539} INFO - Filling up the DagBag from /home/raj/Downloads/kafka_2.13-3.5.1/airflow-env/lib64/python3.11/site-packages/airflow/example_dags/example_time_delta_sensor_async.py
[2023-10-07T04:50:17.964+0530] {processor.py:839} INFO - DAG(s) dict_keys(['example_time_delta_sensor_async']) retrieved from /home/raj/Downloads/kafka_2.13-3.5.1/airflow-env/lib64/python3.11/site-packages/airflow/example_dags/example_time_delta_sensor_async.py
[2023-10-07T04:50:18.000+0530] {logging_mixin.py:151} INFO - [2023-10-07T04:50:17.999+0530] {dag.py:2915} INFO - Sync 1 DAGs
[2023-10-07T04:50:18.010+0530] {logging_mixin.py:151} INFO - [2023-10-07T04:50:18.010+0530] {dag.py:3696} INFO - Setting next_dagrun for example_time_delta_sensor_async to None, run_after=None
[2023-10-07T04:50:18.027+0530] {processor.py:179} INFO - Processing /home/raj/Downloads/kafka_2.13-3.5.1/airflow-env/lib64/python3.11/site-packages/airflow/example_dags/example_time_delta_sensor_async.py took 0.090 seconds
[2023-10-07T04:51:06.387+0530] {processor.py:157} INFO - Started process (PID=11422) to work on /home/raj/Downloads/kafka_2.13-3.5.1/airflow-env/lib64/python3.11/site-packages/airflow/example_dags/example_time_delta_sensor_async.py
[2023-10-07T04:51:06.389+0530] {processor.py:829} INFO - Processing file /home/raj/Downloads/kafka_2.13-3.5.1/airflow-env/lib64/python3.11/site-packages/airflow/example_dags/example_time_delta_sensor_async.py for tasks to queue
[2023-10-07T04:51:06.390+0530] {logging_mixin.py:151} INFO - [2023-10-07T04:51:06.389+0530] {dagbag.py:539} INFO - Filling up the DagBag from /home/raj/Downloads/kafka_2.13-3.5.1/airflow-env/lib64/python3.11/site-packages/airflow/example_dags/example_time_delta_sensor_async.py
[2023-10-07T04:51:06.399+0530] {processor.py:839} INFO - DAG(s) dict_keys(['example_time_delta_sensor_async']) retrieved from /home/raj/Downloads/kafka_2.13-3.5.1/airflow-env/lib64/python3.11/site-packages/airflow/example_dags/example_time_delta_sensor_async.py
[2023-10-07T04:51:06.425+0530] {logging_mixin.py:151} INFO - [2023-10-07T04:51:06.425+0530] {dag.py:2915} INFO - Sync 1 DAGs
[2023-10-07T04:51:06.434+0530] {logging_mixin.py:151} INFO - [2023-10-07T04:51:06.434+0530] {dag.py:3696} INFO - Setting next_dagrun for example_time_delta_sensor_async to None, run_after=None
[2023-10-07T04:51:06.453+0530] {processor.py:179} INFO - Processing /home/raj/Downloads/kafka_2.13-3.5.1/airflow-env/lib64/python3.11/site-packages/airflow/example_dags/example_time_delta_sensor_async.py took 0.072 seconds
[2023-10-07T04:52:00.497+0530] {processor.py:157} INFO - Started process (PID=11494) to work on /home/raj/Downloads/kafka_2.13-3.5.1/airflow-env/lib64/python3.11/site-packages/airflow/example_dags/example_time_delta_sensor_async.py
[2023-10-07T04:52:00.508+0530] {processor.py:829} INFO - Processing file /home/raj/Downloads/kafka_2.13-3.5.1/airflow-env/lib64/python3.11/site-packages/airflow/example_dags/example_time_delta_sensor_async.py for tasks to queue
[2023-10-07T04:52:00.510+0530] {logging_mixin.py:151} INFO - [2023-10-07T04:52:00.509+0530] {dagbag.py:539} INFO - Filling up the DagBag from /home/raj/Downloads/kafka_2.13-3.5.1/airflow-env/lib64/python3.11/site-packages/airflow/example_dags/example_time_delta_sensor_async.py
[2023-10-07T04:52:00.519+0530] {processor.py:839} INFO - DAG(s) dict_keys(['example_time_delta_sensor_async']) retrieved from /home/raj/Downloads/kafka_2.13-3.5.1/airflow-env/lib64/python3.11/site-packages/airflow/example_dags/example_time_delta_sensor_async.py
[2023-10-07T04:52:00.551+0530] {logging_mixin.py:151} INFO - [2023-10-07T04:52:00.550+0530] {dag.py:2915} INFO - Sync 1 DAGs
[2023-10-07T04:52:00.560+0530] {logging_mixin.py:151} INFO - [2023-10-07T04:52:00.560+0530] {dag.py:3696} INFO - Setting next_dagrun for example_time_delta_sensor_async to None, run_after=None
[2023-10-07T04:52:00.578+0530] {processor.py:179} INFO - Processing /home/raj/Downloads/kafka_2.13-3.5.1/airflow-env/lib64/python3.11/site-packages/airflow/example_dags/example_time_delta_sensor_async.py took 0.087 seconds
[2023-10-07T04:52:37.763+0530] {processor.py:157} INFO - Started process (PID=11743) to work on /home/raj/Downloads/kafka_2.13-3.5.1/airflow-env/lib64/python3.11/site-packages/airflow/example_dags/example_time_delta_sensor_async.py
[2023-10-07T04:52:37.774+0530] {processor.py:829} INFO - Processing file /home/raj/Downloads/kafka_2.13-3.5.1/airflow-env/lib64/python3.11/site-packages/airflow/example_dags/example_time_delta_sensor_async.py for tasks to queue
[2023-10-07T04:52:37.776+0530] {logging_mixin.py:151} INFO - [2023-10-07T04:52:37.775+0530] {dagbag.py:539} INFO - Filling up the DagBag from /home/raj/Downloads/kafka_2.13-3.5.1/airflow-env/lib64/python3.11/site-packages/airflow/example_dags/example_time_delta_sensor_async.py
[2023-10-07T04:52:37.785+0530] {processor.py:839} INFO - DAG(s) dict_keys(['example_time_delta_sensor_async']) retrieved from /home/raj/Downloads/kafka_2.13-3.5.1/airflow-env/lib64/python3.11/site-packages/airflow/example_dags/example_time_delta_sensor_async.py
[2023-10-07T04:52:37.805+0530] {logging_mixin.py:151} INFO - [2023-10-07T04:52:37.805+0530] {dag.py:2915} INFO - Sync 1 DAGs
[2023-10-07T04:52:37.814+0530] {logging_mixin.py:151} INFO - [2023-10-07T04:52:37.814+0530] {dag.py:3696} INFO - Setting next_dagrun for example_time_delta_sensor_async to None, run_after=None
[2023-10-07T04:52:37.831+0530] {processor.py:179} INFO - Processing /home/raj/Downloads/kafka_2.13-3.5.1/airflow-env/lib64/python3.11/site-packages/airflow/example_dags/example_time_delta_sensor_async.py took 0.073 seconds
[2023-10-07T04:53:26.064+0530] {processor.py:157} INFO - Started process (PID=11897) to work on /home/raj/Downloads/kafka_2.13-3.5.1/airflow-env/lib64/python3.11/site-packages/airflow/example_dags/example_time_delta_sensor_async.py
[2023-10-07T04:53:26.075+0530] {processor.py:829} INFO - Processing file /home/raj/Downloads/kafka_2.13-3.5.1/airflow-env/lib64/python3.11/site-packages/airflow/example_dags/example_time_delta_sensor_async.py for tasks to queue
[2023-10-07T04:53:26.077+0530] {logging_mixin.py:151} INFO - [2023-10-07T04:53:26.076+0530] {dagbag.py:539} INFO - Filling up the DagBag from /home/raj/Downloads/kafka_2.13-3.5.1/airflow-env/lib64/python3.11/site-packages/airflow/example_dags/example_time_delta_sensor_async.py
[2023-10-07T04:53:26.086+0530] {processor.py:839} INFO - DAG(s) dict_keys(['example_time_delta_sensor_async']) retrieved from /home/raj/Downloads/kafka_2.13-3.5.1/airflow-env/lib64/python3.11/site-packages/airflow/example_dags/example_time_delta_sensor_async.py
[2023-10-07T04:53:26.118+0530] {logging_mixin.py:151} INFO - [2023-10-07T04:53:26.117+0530] {dag.py:2915} INFO - Sync 1 DAGs
[2023-10-07T04:53:26.129+0530] {logging_mixin.py:151} INFO - [2023-10-07T04:53:26.129+0530] {dag.py:3696} INFO - Setting next_dagrun for example_time_delta_sensor_async to None, run_after=None
[2023-10-07T04:53:26.146+0530] {processor.py:179} INFO - Processing /home/raj/Downloads/kafka_2.13-3.5.1/airflow-env/lib64/python3.11/site-packages/airflow/example_dags/example_time_delta_sensor_async.py took 0.088 seconds
[2023-10-07T04:54:10.144+0530] {processor.py:157} INFO - Started process (PID=11975) to work on /home/raj/Downloads/kafka_2.13-3.5.1/airflow-env/lib64/python3.11/site-packages/airflow/example_dags/example_time_delta_sensor_async.py
[2023-10-07T04:54:10.156+0530] {processor.py:829} INFO - Processing file /home/raj/Downloads/kafka_2.13-3.5.1/airflow-env/lib64/python3.11/site-packages/airflow/example_dags/example_time_delta_sensor_async.py for tasks to queue
[2023-10-07T04:54:10.157+0530] {logging_mixin.py:151} INFO - [2023-10-07T04:54:10.156+0530] {dagbag.py:539} INFO - Filling up the DagBag from /home/raj/Downloads/kafka_2.13-3.5.1/airflow-env/lib64/python3.11/site-packages/airflow/example_dags/example_time_delta_sensor_async.py
[2023-10-07T04:54:10.165+0530] {processor.py:839} INFO - DAG(s) dict_keys(['example_time_delta_sensor_async']) retrieved from /home/raj/Downloads/kafka_2.13-3.5.1/airflow-env/lib64/python3.11/site-packages/airflow/example_dags/example_time_delta_sensor_async.py
[2023-10-07T04:54:10.197+0530] {logging_mixin.py:151} INFO - [2023-10-07T04:54:10.197+0530] {dag.py:2915} INFO - Sync 1 DAGs
[2023-10-07T04:54:10.210+0530] {logging_mixin.py:151} INFO - [2023-10-07T04:54:10.209+0530] {dag.py:3696} INFO - Setting next_dagrun for example_time_delta_sensor_async to None, run_after=None
[2023-10-07T04:54:10.230+0530] {processor.py:179} INFO - Processing /home/raj/Downloads/kafka_2.13-3.5.1/airflow-env/lib64/python3.11/site-packages/airflow/example_dags/example_time_delta_sensor_async.py took 0.091 seconds
[2023-10-07T04:54:48.891+0530] {processor.py:157} INFO - Started process (PID=12066) to work on /home/raj/Downloads/kafka_2.13-3.5.1/airflow-env/lib64/python3.11/site-packages/airflow/example_dags/example_time_delta_sensor_async.py
[2023-10-07T04:54:48.901+0530] {processor.py:829} INFO - Processing file /home/raj/Downloads/kafka_2.13-3.5.1/airflow-env/lib64/python3.11/site-packages/airflow/example_dags/example_time_delta_sensor_async.py for tasks to queue
[2023-10-07T04:54:48.902+0530] {logging_mixin.py:151} INFO - [2023-10-07T04:54:48.902+0530] {dagbag.py:539} INFO - Filling up the DagBag from /home/raj/Downloads/kafka_2.13-3.5.1/airflow-env/lib64/python3.11/site-packages/airflow/example_dags/example_time_delta_sensor_async.py
[2023-10-07T04:54:48.906+0530] {processor.py:839} INFO - DAG(s) dict_keys(['example_time_delta_sensor_async']) retrieved from /home/raj/Downloads/kafka_2.13-3.5.1/airflow-env/lib64/python3.11/site-packages/airflow/example_dags/example_time_delta_sensor_async.py
[2023-10-07T04:54:48.921+0530] {logging_mixin.py:151} INFO - [2023-10-07T04:54:48.921+0530] {dag.py:2915} INFO - Sync 1 DAGs
[2023-10-07T04:54:48.933+0530] {logging_mixin.py:151} INFO - [2023-10-07T04:54:48.933+0530] {dag.py:3696} INFO - Setting next_dagrun for example_time_delta_sensor_async to None, run_after=None
[2023-10-07T04:54:48.955+0530] {processor.py:179} INFO - Processing /home/raj/Downloads/kafka_2.13-3.5.1/airflow-env/lib64/python3.11/site-packages/airflow/example_dags/example_time_delta_sensor_async.py took 0.067 seconds
[2023-10-07T04:55:39.323+0530] {processor.py:157} INFO - Started process (PID=12205) to work on /home/raj/Downloads/kafka_2.13-3.5.1/airflow-env/lib64/python3.11/site-packages/airflow/example_dags/example_time_delta_sensor_async.py
[2023-10-07T04:55:39.335+0530] {processor.py:829} INFO - Processing file /home/raj/Downloads/kafka_2.13-3.5.1/airflow-env/lib64/python3.11/site-packages/airflow/example_dags/example_time_delta_sensor_async.py for tasks to queue
[2023-10-07T04:55:39.336+0530] {logging_mixin.py:151} INFO - [2023-10-07T04:55:39.336+0530] {dagbag.py:539} INFO - Filling up the DagBag from /home/raj/Downloads/kafka_2.13-3.5.1/airflow-env/lib64/python3.11/site-packages/airflow/example_dags/example_time_delta_sensor_async.py
[2023-10-07T04:55:39.344+0530] {processor.py:839} INFO - DAG(s) dict_keys(['example_time_delta_sensor_async']) retrieved from /home/raj/Downloads/kafka_2.13-3.5.1/airflow-env/lib64/python3.11/site-packages/airflow/example_dags/example_time_delta_sensor_async.py
[2023-10-07T04:55:39.382+0530] {logging_mixin.py:151} INFO - [2023-10-07T04:55:39.382+0530] {dag.py:2915} INFO - Sync 1 DAGs
[2023-10-07T04:55:39.391+0530] {logging_mixin.py:151} INFO - [2023-10-07T04:55:39.391+0530] {dag.py:3696} INFO - Setting next_dagrun for example_time_delta_sensor_async to None, run_after=None
[2023-10-07T04:55:39.411+0530] {processor.py:179} INFO - Processing /home/raj/Downloads/kafka_2.13-3.5.1/airflow-env/lib64/python3.11/site-packages/airflow/example_dags/example_time_delta_sensor_async.py took 0.093 seconds
[2023-10-07T04:56:25.613+0530] {processor.py:157} INFO - Started process (PID=12271) to work on /home/raj/Downloads/kafka_2.13-3.5.1/airflow-env/lib64/python3.11/site-packages/airflow/example_dags/example_time_delta_sensor_async.py
[2023-10-07T04:56:25.624+0530] {processor.py:829} INFO - Processing file /home/raj/Downloads/kafka_2.13-3.5.1/airflow-env/lib64/python3.11/site-packages/airflow/example_dags/example_time_delta_sensor_async.py for tasks to queue
[2023-10-07T04:56:25.626+0530] {logging_mixin.py:151} INFO - [2023-10-07T04:56:25.625+0530] {dagbag.py:539} INFO - Filling up the DagBag from /home/raj/Downloads/kafka_2.13-3.5.1/airflow-env/lib64/python3.11/site-packages/airflow/example_dags/example_time_delta_sensor_async.py
[2023-10-07T04:56:25.637+0530] {processor.py:839} INFO - DAG(s) dict_keys(['example_time_delta_sensor_async']) retrieved from /home/raj/Downloads/kafka_2.13-3.5.1/airflow-env/lib64/python3.11/site-packages/airflow/example_dags/example_time_delta_sensor_async.py
[2023-10-07T04:56:25.670+0530] {logging_mixin.py:151} INFO - [2023-10-07T04:56:25.669+0530] {dag.py:2915} INFO - Sync 1 DAGs
[2023-10-07T04:56:25.683+0530] {logging_mixin.py:151} INFO - [2023-10-07T04:56:25.683+0530] {dag.py:3696} INFO - Setting next_dagrun for example_time_delta_sensor_async to None, run_after=None
[2023-10-07T04:56:25.707+0530] {processor.py:179} INFO - Processing /home/raj/Downloads/kafka_2.13-3.5.1/airflow-env/lib64/python3.11/site-packages/airflow/example_dags/example_time_delta_sensor_async.py took 0.100 seconds
[2023-10-07T04:57:11.141+0530] {processor.py:157} INFO - Started process (PID=12391) to work on /home/raj/Downloads/kafka_2.13-3.5.1/airflow-env/lib64/python3.11/site-packages/airflow/example_dags/example_time_delta_sensor_async.py
[2023-10-07T04:57:11.153+0530] {processor.py:829} INFO - Processing file /home/raj/Downloads/kafka_2.13-3.5.1/airflow-env/lib64/python3.11/site-packages/airflow/example_dags/example_time_delta_sensor_async.py for tasks to queue
[2023-10-07T04:57:11.154+0530] {logging_mixin.py:151} INFO - [2023-10-07T04:57:11.153+0530] {dagbag.py:539} INFO - Filling up the DagBag from /home/raj/Downloads/kafka_2.13-3.5.1/airflow-env/lib64/python3.11/site-packages/airflow/example_dags/example_time_delta_sensor_async.py
[2023-10-07T04:57:11.163+0530] {processor.py:839} INFO - DAG(s) dict_keys(['example_time_delta_sensor_async']) retrieved from /home/raj/Downloads/kafka_2.13-3.5.1/airflow-env/lib64/python3.11/site-packages/airflow/example_dags/example_time_delta_sensor_async.py
[2023-10-07T04:57:11.196+0530] {logging_mixin.py:151} INFO - [2023-10-07T04:57:11.195+0530] {dag.py:2915} INFO - Sync 1 DAGs
[2023-10-07T04:57:11.207+0530] {logging_mixin.py:151} INFO - [2023-10-07T04:57:11.207+0530] {dag.py:3696} INFO - Setting next_dagrun for example_time_delta_sensor_async to None, run_after=None
[2023-10-07T04:57:11.225+0530] {processor.py:179} INFO - Processing /home/raj/Downloads/kafka_2.13-3.5.1/airflow-env/lib64/python3.11/site-packages/airflow/example_dags/example_time_delta_sensor_async.py took 0.089 seconds
[2023-10-07T04:58:00.553+0530] {processor.py:157} INFO - Started process (PID=12496) to work on /home/raj/Downloads/kafka_2.13-3.5.1/airflow-env/lib64/python3.11/site-packages/airflow/example_dags/example_time_delta_sensor_async.py
[2023-10-07T04:58:00.564+0530] {processor.py:829} INFO - Processing file /home/raj/Downloads/kafka_2.13-3.5.1/airflow-env/lib64/python3.11/site-packages/airflow/example_dags/example_time_delta_sensor_async.py for tasks to queue
[2023-10-07T04:58:00.566+0530] {logging_mixin.py:151} INFO - [2023-10-07T04:58:00.565+0530] {dagbag.py:539} INFO - Filling up the DagBag from /home/raj/Downloads/kafka_2.13-3.5.1/airflow-env/lib64/python3.11/site-packages/airflow/example_dags/example_time_delta_sensor_async.py
[2023-10-07T04:58:00.574+0530] {processor.py:839} INFO - DAG(s) dict_keys(['example_time_delta_sensor_async']) retrieved from /home/raj/Downloads/kafka_2.13-3.5.1/airflow-env/lib64/python3.11/site-packages/airflow/example_dags/example_time_delta_sensor_async.py
[2023-10-07T04:58:00.608+0530] {logging_mixin.py:151} INFO - [2023-10-07T04:58:00.607+0530] {dag.py:2915} INFO - Sync 1 DAGs
[2023-10-07T04:58:00.618+0530] {logging_mixin.py:151} INFO - [2023-10-07T04:58:00.618+0530] {dag.py:3696} INFO - Setting next_dagrun for example_time_delta_sensor_async to None, run_after=None
[2023-10-07T04:58:00.639+0530] {processor.py:179} INFO - Processing /home/raj/Downloads/kafka_2.13-3.5.1/airflow-env/lib64/python3.11/site-packages/airflow/example_dags/example_time_delta_sensor_async.py took 0.092 seconds
[2023-10-07T04:58:52.573+0530] {processor.py:157} INFO - Started process (PID=12625) to work on /home/raj/Downloads/kafka_2.13-3.5.1/airflow-env/lib64/python3.11/site-packages/airflow/example_dags/example_time_delta_sensor_async.py
[2023-10-07T04:58:52.584+0530] {processor.py:829} INFO - Processing file /home/raj/Downloads/kafka_2.13-3.5.1/airflow-env/lib64/python3.11/site-packages/airflow/example_dags/example_time_delta_sensor_async.py for tasks to queue
[2023-10-07T04:58:52.585+0530] {logging_mixin.py:151} INFO - [2023-10-07T04:58:52.584+0530] {dagbag.py:539} INFO - Filling up the DagBag from /home/raj/Downloads/kafka_2.13-3.5.1/airflow-env/lib64/python3.11/site-packages/airflow/example_dags/example_time_delta_sensor_async.py
[2023-10-07T04:58:52.588+0530] {processor.py:839} INFO - DAG(s) dict_keys(['example_time_delta_sensor_async']) retrieved from /home/raj/Downloads/kafka_2.13-3.5.1/airflow-env/lib64/python3.11/site-packages/airflow/example_dags/example_time_delta_sensor_async.py
[2023-10-07T04:58:52.602+0530] {logging_mixin.py:151} INFO - [2023-10-07T04:58:52.602+0530] {dag.py:2915} INFO - Sync 1 DAGs
[2023-10-07T04:58:52.611+0530] {logging_mixin.py:151} INFO - [2023-10-07T04:58:52.611+0530] {dag.py:3696} INFO - Setting next_dagrun for example_time_delta_sensor_async to None, run_after=None
[2023-10-07T04:58:52.629+0530] {processor.py:179} INFO - Processing /home/raj/Downloads/kafka_2.13-3.5.1/airflow-env/lib64/python3.11/site-packages/airflow/example_dags/example_time_delta_sensor_async.py took 0.061 seconds
