[2023-10-07T03:59:46.294+0530] {processor.py:157} INFO - Started process (PID=18034) to work on /home/raj/Downloads/kafka_2.13-3.5.1/airflow-env/lib64/python3.11/site-packages/airflow/example_dags/example_setup_teardown_taskflow.py
[2023-10-07T03:59:46.295+0530] {processor.py:829} INFO - Processing file /home/raj/Downloads/kafka_2.13-3.5.1/airflow-env/lib64/python3.11/site-packages/airflow/example_dags/example_setup_teardown_taskflow.py for tasks to queue
[2023-10-07T03:59:46.296+0530] {logging_mixin.py:151} INFO - [2023-10-07T03:59:46.295+0530] {dagbag.py:539} INFO - Filling up the DagBag from /home/raj/Downloads/kafka_2.13-3.5.1/airflow-env/lib64/python3.11/site-packages/airflow/example_dags/example_setup_teardown_taskflow.py
[2023-10-07T03:59:46.309+0530] {processor.py:839} INFO - DAG(s) dict_keys(['example_setup_teardown_taskflow']) retrieved from /home/raj/Downloads/kafka_2.13-3.5.1/airflow-env/lib64/python3.11/site-packages/airflow/example_dags/example_setup_teardown_taskflow.py
[2023-10-07T03:59:46.445+0530] {logging_mixin.py:151} INFO - [2023-10-07T03:59:46.444+0530] {manager.py:499} INFO - Created Permission View: %s
[2023-10-07T03:59:46.461+0530] {logging_mixin.py:151} INFO - [2023-10-07T03:59:46.461+0530] {manager.py:499} INFO - Created Permission View: %s
[2023-10-07T03:59:46.474+0530] {logging_mixin.py:151} INFO - [2023-10-07T03:59:46.474+0530] {manager.py:499} INFO - Created Permission View: %s
[2023-10-07T03:59:46.474+0530] {logging_mixin.py:151} INFO - [2023-10-07T03:59:46.474+0530] {security.py:708} INFO - Not syncing DAG-level permissions for DAG 'DAG:example_setup_teardown_taskflow' as access control is unset.
[2023-10-07T03:59:46.474+0530] {logging_mixin.py:151} INFO - [2023-10-07T03:59:46.474+0530] {dag.py:2915} INFO - Sync 1 DAGs
[2023-10-07T03:59:46.486+0530] {logging_mixin.py:151} INFO - [2023-10-07T03:59:46.486+0530] {dag.py:2937} INFO - Creating ORM DAG for example_setup_teardown_taskflow
[2023-10-07T03:59:46.496+0530] {logging_mixin.py:151} INFO - [2023-10-07T03:59:46.496+0530] {dag.py:3696} INFO - Setting next_dagrun for example_setup_teardown_taskflow to 2023-10-05T22:29:46.496368+00:00, run_after=2023-10-06T22:29:46.496368+00:00
[2023-10-07T03:59:46.519+0530] {processor.py:179} INFO - Processing /home/raj/Downloads/kafka_2.13-3.5.1/airflow-env/lib64/python3.11/site-packages/airflow/example_dags/example_setup_teardown_taskflow.py took 0.228 seconds
[2023-10-07T04:00:37.578+0530] {processor.py:157} INFO - Started process (PID=18146) to work on /home/raj/Downloads/kafka_2.13-3.5.1/airflow-env/lib64/python3.11/site-packages/airflow/example_dags/example_setup_teardown_taskflow.py
[2023-10-07T04:00:37.579+0530] {processor.py:829} INFO - Processing file /home/raj/Downloads/kafka_2.13-3.5.1/airflow-env/lib64/python3.11/site-packages/airflow/example_dags/example_setup_teardown_taskflow.py for tasks to queue
[2023-10-07T04:00:37.579+0530] {logging_mixin.py:151} INFO - [2023-10-07T04:00:37.579+0530] {dagbag.py:539} INFO - Filling up the DagBag from /home/raj/Downloads/kafka_2.13-3.5.1/airflow-env/lib64/python3.11/site-packages/airflow/example_dags/example_setup_teardown_taskflow.py
[2023-10-07T04:00:37.591+0530] {processor.py:839} INFO - DAG(s) dict_keys(['example_setup_teardown_taskflow']) retrieved from /home/raj/Downloads/kafka_2.13-3.5.1/airflow-env/lib64/python3.11/site-packages/airflow/example_dags/example_setup_teardown_taskflow.py
[2023-10-07T04:00:37.608+0530] {logging_mixin.py:151} INFO - [2023-10-07T04:00:37.608+0530] {dag.py:2915} INFO - Sync 1 DAGs
[2023-10-07T04:00:37.629+0530] {logging_mixin.py:151} INFO - [2023-10-07T04:00:37.629+0530] {dag.py:3696} INFO - Setting next_dagrun for example_setup_teardown_taskflow to 2023-10-05T22:30:37.629539+00:00, run_after=2023-10-06T22:30:37.629539+00:00
[2023-10-07T04:00:37.662+0530] {processor.py:179} INFO - Processing /home/raj/Downloads/kafka_2.13-3.5.1/airflow-env/lib64/python3.11/site-packages/airflow/example_dags/example_setup_teardown_taskflow.py took 0.087 seconds
[2023-10-07T04:01:24.191+0530] {processor.py:157} INFO - Started process (PID=18287) to work on /home/raj/Downloads/kafka_2.13-3.5.1/airflow-env/lib64/python3.11/site-packages/airflow/example_dags/example_setup_teardown_taskflow.py
[2023-10-07T04:01:24.193+0530] {processor.py:829} INFO - Processing file /home/raj/Downloads/kafka_2.13-3.5.1/airflow-env/lib64/python3.11/site-packages/airflow/example_dags/example_setup_teardown_taskflow.py for tasks to queue
[2023-10-07T04:01:24.193+0530] {logging_mixin.py:151} INFO - [2023-10-07T04:01:24.193+0530] {dagbag.py:539} INFO - Filling up the DagBag from /home/raj/Downloads/kafka_2.13-3.5.1/airflow-env/lib64/python3.11/site-packages/airflow/example_dags/example_setup_teardown_taskflow.py
[2023-10-07T04:01:24.207+0530] {processor.py:839} INFO - DAG(s) dict_keys(['example_setup_teardown_taskflow']) retrieved from /home/raj/Downloads/kafka_2.13-3.5.1/airflow-env/lib64/python3.11/site-packages/airflow/example_dags/example_setup_teardown_taskflow.py
[2023-10-07T04:01:24.226+0530] {logging_mixin.py:151} INFO - [2023-10-07T04:01:24.225+0530] {dag.py:2915} INFO - Sync 1 DAGs
[2023-10-07T04:01:24.247+0530] {logging_mixin.py:151} INFO - [2023-10-07T04:01:24.247+0530] {dag.py:3696} INFO - Setting next_dagrun for example_setup_teardown_taskflow to 2023-10-05T22:31:24.247015+00:00, run_after=2023-10-06T22:31:24.247015+00:00
[2023-10-07T04:01:24.281+0530] {processor.py:179} INFO - Processing /home/raj/Downloads/kafka_2.13-3.5.1/airflow-env/lib64/python3.11/site-packages/airflow/example_dags/example_setup_teardown_taskflow.py took 0.094 seconds
[2023-10-07T04:02:14.594+0530] {processor.py:157} INFO - Started process (PID=18396) to work on /home/raj/Downloads/kafka_2.13-3.5.1/airflow-env/lib64/python3.11/site-packages/airflow/example_dags/example_setup_teardown_taskflow.py
[2023-10-07T04:02:14.596+0530] {processor.py:829} INFO - Processing file /home/raj/Downloads/kafka_2.13-3.5.1/airflow-env/lib64/python3.11/site-packages/airflow/example_dags/example_setup_teardown_taskflow.py for tasks to queue
[2023-10-07T04:02:14.597+0530] {logging_mixin.py:151} INFO - [2023-10-07T04:02:14.596+0530] {dagbag.py:539} INFO - Filling up the DagBag from /home/raj/Downloads/kafka_2.13-3.5.1/airflow-env/lib64/python3.11/site-packages/airflow/example_dags/example_setup_teardown_taskflow.py
[2023-10-07T04:02:14.607+0530] {processor.py:839} INFO - DAG(s) dict_keys(['example_setup_teardown_taskflow']) retrieved from /home/raj/Downloads/kafka_2.13-3.5.1/airflow-env/lib64/python3.11/site-packages/airflow/example_dags/example_setup_teardown_taskflow.py
[2023-10-07T04:02:14.621+0530] {logging_mixin.py:151} INFO - [2023-10-07T04:02:14.621+0530] {dag.py:2915} INFO - Sync 1 DAGs
[2023-10-07T04:02:14.639+0530] {logging_mixin.py:151} INFO - [2023-10-07T04:02:14.639+0530] {dag.py:3696} INFO - Setting next_dagrun for example_setup_teardown_taskflow to 2023-10-05T22:32:14.639255+00:00, run_after=2023-10-06T22:32:14.639255+00:00
[2023-10-07T04:02:14.663+0530] {processor.py:179} INFO - Processing /home/raj/Downloads/kafka_2.13-3.5.1/airflow-env/lib64/python3.11/site-packages/airflow/example_dags/example_setup_teardown_taskflow.py took 0.074 seconds
[2023-10-07T04:03:06.870+0530] {processor.py:157} INFO - Started process (PID=18590) to work on /home/raj/Downloads/kafka_2.13-3.5.1/airflow-env/lib64/python3.11/site-packages/airflow/example_dags/example_setup_teardown_taskflow.py
[2023-10-07T04:03:06.881+0530] {processor.py:829} INFO - Processing file /home/raj/Downloads/kafka_2.13-3.5.1/airflow-env/lib64/python3.11/site-packages/airflow/example_dags/example_setup_teardown_taskflow.py for tasks to queue
[2023-10-07T04:03:06.882+0530] {logging_mixin.py:151} INFO - [2023-10-07T04:03:06.881+0530] {dagbag.py:539} INFO - Filling up the DagBag from /home/raj/Downloads/kafka_2.13-3.5.1/airflow-env/lib64/python3.11/site-packages/airflow/example_dags/example_setup_teardown_taskflow.py
[2023-10-07T04:03:06.895+0530] {processor.py:839} INFO - DAG(s) dict_keys(['example_setup_teardown_taskflow']) retrieved from /home/raj/Downloads/kafka_2.13-3.5.1/airflow-env/lib64/python3.11/site-packages/airflow/example_dags/example_setup_teardown_taskflow.py
[2023-10-07T04:03:06.918+0530] {logging_mixin.py:151} INFO - [2023-10-07T04:03:06.918+0530] {dag.py:2915} INFO - Sync 1 DAGs
[2023-10-07T04:03:06.945+0530] {logging_mixin.py:151} INFO - [2023-10-07T04:03:06.944+0530] {dag.py:3696} INFO - Setting next_dagrun for example_setup_teardown_taskflow to 2023-10-05T22:33:06.944636+00:00, run_after=2023-10-06T22:33:06.944636+00:00
[2023-10-07T04:03:06.974+0530] {processor.py:179} INFO - Processing /home/raj/Downloads/kafka_2.13-3.5.1/airflow-env/lib64/python3.11/site-packages/airflow/example_dags/example_setup_teardown_taskflow.py took 0.107 seconds
[2023-10-07T04:03:52.916+0530] {processor.py:157} INFO - Started process (PID=18688) to work on /home/raj/Downloads/kafka_2.13-3.5.1/airflow-env/lib64/python3.11/site-packages/airflow/example_dags/example_setup_teardown_taskflow.py
[2023-10-07T04:03:52.927+0530] {processor.py:829} INFO - Processing file /home/raj/Downloads/kafka_2.13-3.5.1/airflow-env/lib64/python3.11/site-packages/airflow/example_dags/example_setup_teardown_taskflow.py for tasks to queue
[2023-10-07T04:03:52.929+0530] {logging_mixin.py:151} INFO - [2023-10-07T04:03:52.928+0530] {dagbag.py:539} INFO - Filling up the DagBag from /home/raj/Downloads/kafka_2.13-3.5.1/airflow-env/lib64/python3.11/site-packages/airflow/example_dags/example_setup_teardown_taskflow.py
[2023-10-07T04:03:52.947+0530] {processor.py:839} INFO - DAG(s) dict_keys(['example_setup_teardown_taskflow']) retrieved from /home/raj/Downloads/kafka_2.13-3.5.1/airflow-env/lib64/python3.11/site-packages/airflow/example_dags/example_setup_teardown_taskflow.py
[2023-10-07T04:03:52.969+0530] {logging_mixin.py:151} INFO - [2023-10-07T04:03:52.969+0530] {dag.py:2915} INFO - Sync 1 DAGs
[2023-10-07T04:03:52.995+0530] {logging_mixin.py:151} INFO - [2023-10-07T04:03:52.995+0530] {dag.py:3696} INFO - Setting next_dagrun for example_setup_teardown_taskflow to 2023-10-05T22:33:52.995170+00:00, run_after=2023-10-06T22:33:52.995170+00:00
[2023-10-07T04:03:53.018+0530] {processor.py:179} INFO - Processing /home/raj/Downloads/kafka_2.13-3.5.1/airflow-env/lib64/python3.11/site-packages/airflow/example_dags/example_setup_teardown_taskflow.py took 0.108 seconds
[2023-10-07T04:04:41.983+0530] {processor.py:157} INFO - Started process (PID=18763) to work on /home/raj/Downloads/kafka_2.13-3.5.1/airflow-env/lib64/python3.11/site-packages/airflow/example_dags/example_setup_teardown_taskflow.py
[2023-10-07T04:04:41.994+0530] {processor.py:829} INFO - Processing file /home/raj/Downloads/kafka_2.13-3.5.1/airflow-env/lib64/python3.11/site-packages/airflow/example_dags/example_setup_teardown_taskflow.py for tasks to queue
[2023-10-07T04:04:41.996+0530] {logging_mixin.py:151} INFO - [2023-10-07T04:04:41.995+0530] {dagbag.py:539} INFO - Filling up the DagBag from /home/raj/Downloads/kafka_2.13-3.5.1/airflow-env/lib64/python3.11/site-packages/airflow/example_dags/example_setup_teardown_taskflow.py
[2023-10-07T04:04:42.013+0530] {processor.py:839} INFO - DAG(s) dict_keys(['example_setup_teardown_taskflow']) retrieved from /home/raj/Downloads/kafka_2.13-3.5.1/airflow-env/lib64/python3.11/site-packages/airflow/example_dags/example_setup_teardown_taskflow.py
[2023-10-07T04:04:42.029+0530] {logging_mixin.py:151} INFO - [2023-10-07T04:04:42.029+0530] {dag.py:2915} INFO - Sync 1 DAGs
[2023-10-07T04:04:42.047+0530] {logging_mixin.py:151} INFO - [2023-10-07T04:04:42.046+0530] {dag.py:3696} INFO - Setting next_dagrun for example_setup_teardown_taskflow to 2023-10-05T22:34:42.046783+00:00, run_after=2023-10-06T22:34:42.046783+00:00
[2023-10-07T04:04:42.067+0530] {processor.py:179} INFO - Processing /home/raj/Downloads/kafka_2.13-3.5.1/airflow-env/lib64/python3.11/site-packages/airflow/example_dags/example_setup_teardown_taskflow.py took 0.089 seconds
[2023-10-07T04:05:34.093+0530] {processor.py:157} INFO - Started process (PID=18979) to work on /home/raj/Downloads/kafka_2.13-3.5.1/airflow-env/lib64/python3.11/site-packages/airflow/example_dags/example_setup_teardown_taskflow.py
[2023-10-07T04:05:34.094+0530] {processor.py:829} INFO - Processing file /home/raj/Downloads/kafka_2.13-3.5.1/airflow-env/lib64/python3.11/site-packages/airflow/example_dags/example_setup_teardown_taskflow.py for tasks to queue
[2023-10-07T04:05:34.094+0530] {logging_mixin.py:151} INFO - [2023-10-07T04:05:34.094+0530] {dagbag.py:539} INFO - Filling up the DagBag from /home/raj/Downloads/kafka_2.13-3.5.1/airflow-env/lib64/python3.11/site-packages/airflow/example_dags/example_setup_teardown_taskflow.py
[2023-10-07T04:05:34.103+0530] {processor.py:839} INFO - DAG(s) dict_keys(['example_setup_teardown_taskflow']) retrieved from /home/raj/Downloads/kafka_2.13-3.5.1/airflow-env/lib64/python3.11/site-packages/airflow/example_dags/example_setup_teardown_taskflow.py
[2023-10-07T04:05:34.117+0530] {logging_mixin.py:151} INFO - [2023-10-07T04:05:34.117+0530] {dag.py:2915} INFO - Sync 1 DAGs
[2023-10-07T04:05:34.132+0530] {logging_mixin.py:151} INFO - [2023-10-07T04:05:34.132+0530] {dag.py:3696} INFO - Setting next_dagrun for example_setup_teardown_taskflow to 2023-10-05T22:35:34.132377+00:00, run_after=2023-10-06T22:35:34.132377+00:00
[2023-10-07T04:05:34.151+0530] {processor.py:179} INFO - Processing /home/raj/Downloads/kafka_2.13-3.5.1/airflow-env/lib64/python3.11/site-packages/airflow/example_dags/example_setup_teardown_taskflow.py took 0.061 seconds
[2023-10-07T04:06:27.076+0530] {processor.py:157} INFO - Started process (PID=19093) to work on /home/raj/Downloads/kafka_2.13-3.5.1/airflow-env/lib64/python3.11/site-packages/airflow/example_dags/example_setup_teardown_taskflow.py
[2023-10-07T04:06:27.088+0530] {processor.py:829} INFO - Processing file /home/raj/Downloads/kafka_2.13-3.5.1/airflow-env/lib64/python3.11/site-packages/airflow/example_dags/example_setup_teardown_taskflow.py for tasks to queue
[2023-10-07T04:06:27.089+0530] {logging_mixin.py:151} INFO - [2023-10-07T04:06:27.089+0530] {dagbag.py:539} INFO - Filling up the DagBag from /home/raj/Downloads/kafka_2.13-3.5.1/airflow-env/lib64/python3.11/site-packages/airflow/example_dags/example_setup_teardown_taskflow.py
[2023-10-07T04:06:27.110+0530] {processor.py:839} INFO - DAG(s) dict_keys(['example_setup_teardown_taskflow']) retrieved from /home/raj/Downloads/kafka_2.13-3.5.1/airflow-env/lib64/python3.11/site-packages/airflow/example_dags/example_setup_teardown_taskflow.py
[2023-10-07T04:06:27.140+0530] {logging_mixin.py:151} INFO - [2023-10-07T04:06:27.140+0530] {dag.py:2915} INFO - Sync 1 DAGs
[2023-10-07T04:06:27.155+0530] {logging_mixin.py:151} INFO - [2023-10-07T04:06:27.155+0530] {dag.py:3696} INFO - Setting next_dagrun for example_setup_teardown_taskflow to 2023-10-05T22:36:27.155484+00:00, run_after=2023-10-06T22:36:27.155484+00:00
[2023-10-07T04:06:27.173+0530] {processor.py:179} INFO - Processing /home/raj/Downloads/kafka_2.13-3.5.1/airflow-env/lib64/python3.11/site-packages/airflow/example_dags/example_setup_teardown_taskflow.py took 0.102 seconds
[2023-10-07T04:07:06.627+0530] {processor.py:157} INFO - Started process (PID=19180) to work on /home/raj/Downloads/kafka_2.13-3.5.1/airflow-env/lib64/python3.11/site-packages/airflow/example_dags/example_setup_teardown_taskflow.py
[2023-10-07T04:07:06.638+0530] {processor.py:829} INFO - Processing file /home/raj/Downloads/kafka_2.13-3.5.1/airflow-env/lib64/python3.11/site-packages/airflow/example_dags/example_setup_teardown_taskflow.py for tasks to queue
[2023-10-07T04:07:06.639+0530] {logging_mixin.py:151} INFO - [2023-10-07T04:07:06.639+0530] {dagbag.py:539} INFO - Filling up the DagBag from /home/raj/Downloads/kafka_2.13-3.5.1/airflow-env/lib64/python3.11/site-packages/airflow/example_dags/example_setup_teardown_taskflow.py
[2023-10-07T04:07:06.650+0530] {processor.py:839} INFO - DAG(s) dict_keys(['example_setup_teardown_taskflow']) retrieved from /home/raj/Downloads/kafka_2.13-3.5.1/airflow-env/lib64/python3.11/site-packages/airflow/example_dags/example_setup_teardown_taskflow.py
[2023-10-07T04:07:06.667+0530] {logging_mixin.py:151} INFO - [2023-10-07T04:07:06.666+0530] {dag.py:2915} INFO - Sync 1 DAGs
[2023-10-07T04:07:06.685+0530] {logging_mixin.py:151} INFO - [2023-10-07T04:07:06.685+0530] {dag.py:3696} INFO - Setting next_dagrun for example_setup_teardown_taskflow to 2023-10-05T22:37:06.684857+00:00, run_after=2023-10-06T22:37:06.684857+00:00
[2023-10-07T04:07:06.706+0530] {processor.py:179} INFO - Processing /home/raj/Downloads/kafka_2.13-3.5.1/airflow-env/lib64/python3.11/site-packages/airflow/example_dags/example_setup_teardown_taskflow.py took 0.085 seconds
[2023-10-07T04:08:02.951+0530] {processor.py:157} INFO - Started process (PID=19235) to work on /home/raj/Downloads/kafka_2.13-3.5.1/airflow-env/lib64/python3.11/site-packages/airflow/example_dags/example_setup_teardown_taskflow.py
[2023-10-07T04:08:02.962+0530] {processor.py:829} INFO - Processing file /home/raj/Downloads/kafka_2.13-3.5.1/airflow-env/lib64/python3.11/site-packages/airflow/example_dags/example_setup_teardown_taskflow.py for tasks to queue
[2023-10-07T04:08:02.962+0530] {logging_mixin.py:151} INFO - [2023-10-07T04:08:02.962+0530] {dagbag.py:539} INFO - Filling up the DagBag from /home/raj/Downloads/kafka_2.13-3.5.1/airflow-env/lib64/python3.11/site-packages/airflow/example_dags/example_setup_teardown_taskflow.py
[2023-10-07T04:08:02.972+0530] {processor.py:839} INFO - DAG(s) dict_keys(['example_setup_teardown_taskflow']) retrieved from /home/raj/Downloads/kafka_2.13-3.5.1/airflow-env/lib64/python3.11/site-packages/airflow/example_dags/example_setup_teardown_taskflow.py
[2023-10-07T04:08:02.989+0530] {logging_mixin.py:151} INFO - [2023-10-07T04:08:02.989+0530] {dag.py:2915} INFO - Sync 1 DAGs
[2023-10-07T04:08:03.008+0530] {logging_mixin.py:151} INFO - [2023-10-07T04:08:03.008+0530] {dag.py:3696} INFO - Setting next_dagrun for example_setup_teardown_taskflow to 2023-10-05T22:38:03.008433+00:00, run_after=2023-10-06T22:38:03.008433+00:00
[2023-10-07T04:08:03.030+0530] {processor.py:179} INFO - Processing /home/raj/Downloads/kafka_2.13-3.5.1/airflow-env/lib64/python3.11/site-packages/airflow/example_dags/example_setup_teardown_taskflow.py took 0.081 seconds
[2023-10-07T04:08:55.692+0530] {processor.py:157} INFO - Started process (PID=19291) to work on /home/raj/Downloads/kafka_2.13-3.5.1/airflow-env/lib64/python3.11/site-packages/airflow/example_dags/example_setup_teardown_taskflow.py
[2023-10-07T04:08:55.703+0530] {processor.py:829} INFO - Processing file /home/raj/Downloads/kafka_2.13-3.5.1/airflow-env/lib64/python3.11/site-packages/airflow/example_dags/example_setup_teardown_taskflow.py for tasks to queue
[2023-10-07T04:08:55.705+0530] {logging_mixin.py:151} INFO - [2023-10-07T04:08:55.704+0530] {dagbag.py:539} INFO - Filling up the DagBag from /home/raj/Downloads/kafka_2.13-3.5.1/airflow-env/lib64/python3.11/site-packages/airflow/example_dags/example_setup_teardown_taskflow.py
[2023-10-07T04:08:55.724+0530] {processor.py:839} INFO - DAG(s) dict_keys(['example_setup_teardown_taskflow']) retrieved from /home/raj/Downloads/kafka_2.13-3.5.1/airflow-env/lib64/python3.11/site-packages/airflow/example_dags/example_setup_teardown_taskflow.py
[2023-10-07T04:08:55.741+0530] {logging_mixin.py:151} INFO - [2023-10-07T04:08:55.741+0530] {dag.py:2915} INFO - Sync 1 DAGs
[2023-10-07T04:08:55.761+0530] {logging_mixin.py:151} INFO - [2023-10-07T04:08:55.761+0530] {dag.py:3696} INFO - Setting next_dagrun for example_setup_teardown_taskflow to 2023-10-05T22:38:55.761522+00:00, run_after=2023-10-06T22:38:55.761522+00:00
[2023-10-07T04:08:55.783+0530] {processor.py:179} INFO - Processing /home/raj/Downloads/kafka_2.13-3.5.1/airflow-env/lib64/python3.11/site-packages/airflow/example_dags/example_setup_teardown_taskflow.py took 0.097 seconds
[2023-10-07T04:09:47.821+0530] {processor.py:157} INFO - Started process (PID=19346) to work on /home/raj/Downloads/kafka_2.13-3.5.1/airflow-env/lib64/python3.11/site-packages/airflow/example_dags/example_setup_teardown_taskflow.py
[2023-10-07T04:09:47.832+0530] {processor.py:829} INFO - Processing file /home/raj/Downloads/kafka_2.13-3.5.1/airflow-env/lib64/python3.11/site-packages/airflow/example_dags/example_setup_teardown_taskflow.py for tasks to queue
[2023-10-07T04:09:47.834+0530] {logging_mixin.py:151} INFO - [2023-10-07T04:09:47.833+0530] {dagbag.py:539} INFO - Filling up the DagBag from /home/raj/Downloads/kafka_2.13-3.5.1/airflow-env/lib64/python3.11/site-packages/airflow/example_dags/example_setup_teardown_taskflow.py
[2023-10-07T04:09:47.853+0530] {processor.py:839} INFO - DAG(s) dict_keys(['example_setup_teardown_taskflow']) retrieved from /home/raj/Downloads/kafka_2.13-3.5.1/airflow-env/lib64/python3.11/site-packages/airflow/example_dags/example_setup_teardown_taskflow.py
[2023-10-07T04:09:47.866+0530] {logging_mixin.py:151} INFO - [2023-10-07T04:09:47.866+0530] {dag.py:2915} INFO - Sync 1 DAGs
[2023-10-07T04:09:47.882+0530] {logging_mixin.py:151} INFO - [2023-10-07T04:09:47.882+0530] {dag.py:3696} INFO - Setting next_dagrun for example_setup_teardown_taskflow to 2023-10-05T22:39:47.882103+00:00, run_after=2023-10-06T22:39:47.882103+00:00
[2023-10-07T04:09:47.900+0530] {processor.py:179} INFO - Processing /home/raj/Downloads/kafka_2.13-3.5.1/airflow-env/lib64/python3.11/site-packages/airflow/example_dags/example_setup_teardown_taskflow.py took 0.084 seconds
[2023-10-07T04:10:36.640+0530] {processor.py:157} INFO - Started process (PID=19408) to work on /home/raj/Downloads/kafka_2.13-3.5.1/airflow-env/lib64/python3.11/site-packages/airflow/example_dags/example_setup_teardown_taskflow.py
[2023-10-07T04:10:36.651+0530] {processor.py:829} INFO - Processing file /home/raj/Downloads/kafka_2.13-3.5.1/airflow-env/lib64/python3.11/site-packages/airflow/example_dags/example_setup_teardown_taskflow.py for tasks to queue
[2023-10-07T04:10:36.653+0530] {logging_mixin.py:151} INFO - [2023-10-07T04:10:36.652+0530] {dagbag.py:539} INFO - Filling up the DagBag from /home/raj/Downloads/kafka_2.13-3.5.1/airflow-env/lib64/python3.11/site-packages/airflow/example_dags/example_setup_teardown_taskflow.py
[2023-10-07T04:10:36.675+0530] {processor.py:839} INFO - DAG(s) dict_keys(['example_setup_teardown_taskflow']) retrieved from /home/raj/Downloads/kafka_2.13-3.5.1/airflow-env/lib64/python3.11/site-packages/airflow/example_dags/example_setup_teardown_taskflow.py
[2023-10-07T04:10:36.702+0530] {logging_mixin.py:151} INFO - [2023-10-07T04:10:36.701+0530] {dag.py:2915} INFO - Sync 1 DAGs
[2023-10-07T04:10:36.717+0530] {logging_mixin.py:151} INFO - [2023-10-07T04:10:36.717+0530] {dag.py:3696} INFO - Setting next_dagrun for example_setup_teardown_taskflow to 2023-10-05T22:40:36.716952+00:00, run_after=2023-10-06T22:40:36.716952+00:00
[2023-10-07T04:10:36.735+0530] {processor.py:179} INFO - Processing /home/raj/Downloads/kafka_2.13-3.5.1/airflow-env/lib64/python3.11/site-packages/airflow/example_dags/example_setup_teardown_taskflow.py took 0.100 seconds
[2023-10-07T04:11:30.010+0530] {processor.py:157} INFO - Started process (PID=19472) to work on /home/raj/Downloads/kafka_2.13-3.5.1/airflow-env/lib64/python3.11/site-packages/airflow/example_dags/example_setup_teardown_taskflow.py
[2023-10-07T04:11:30.021+0530] {processor.py:829} INFO - Processing file /home/raj/Downloads/kafka_2.13-3.5.1/airflow-env/lib64/python3.11/site-packages/airflow/example_dags/example_setup_teardown_taskflow.py for tasks to queue
[2023-10-07T04:11:30.022+0530] {logging_mixin.py:151} INFO - [2023-10-07T04:11:30.022+0530] {dagbag.py:539} INFO - Filling up the DagBag from /home/raj/Downloads/kafka_2.13-3.5.1/airflow-env/lib64/python3.11/site-packages/airflow/example_dags/example_setup_teardown_taskflow.py
[2023-10-07T04:11:30.044+0530] {processor.py:839} INFO - DAG(s) dict_keys(['example_setup_teardown_taskflow']) retrieved from /home/raj/Downloads/kafka_2.13-3.5.1/airflow-env/lib64/python3.11/site-packages/airflow/example_dags/example_setup_teardown_taskflow.py
[2023-10-07T04:11:30.071+0530] {logging_mixin.py:151} INFO - [2023-10-07T04:11:30.071+0530] {dag.py:2915} INFO - Sync 1 DAGs
[2023-10-07T04:11:30.087+0530] {logging_mixin.py:151} INFO - [2023-10-07T04:11:30.087+0530] {dag.py:3696} INFO - Setting next_dagrun for example_setup_teardown_taskflow to 2023-10-05T22:41:30.087449+00:00, run_after=2023-10-06T22:41:30.087449+00:00
[2023-10-07T04:11:30.106+0530] {processor.py:179} INFO - Processing /home/raj/Downloads/kafka_2.13-3.5.1/airflow-env/lib64/python3.11/site-packages/airflow/example_dags/example_setup_teardown_taskflow.py took 0.102 seconds
[2023-10-07T04:12:23.127+0530] {processor.py:157} INFO - Started process (PID=19548) to work on /home/raj/Downloads/kafka_2.13-3.5.1/airflow-env/lib64/python3.11/site-packages/airflow/example_dags/example_setup_teardown_taskflow.py
[2023-10-07T04:12:23.139+0530] {processor.py:829} INFO - Processing file /home/raj/Downloads/kafka_2.13-3.5.1/airflow-env/lib64/python3.11/site-packages/airflow/example_dags/example_setup_teardown_taskflow.py for tasks to queue
[2023-10-07T04:12:23.140+0530] {logging_mixin.py:151} INFO - [2023-10-07T04:12:23.139+0530] {dagbag.py:539} INFO - Filling up the DagBag from /home/raj/Downloads/kafka_2.13-3.5.1/airflow-env/lib64/python3.11/site-packages/airflow/example_dags/example_setup_teardown_taskflow.py
[2023-10-07T04:12:23.161+0530] {processor.py:839} INFO - DAG(s) dict_keys(['example_setup_teardown_taskflow']) retrieved from /home/raj/Downloads/kafka_2.13-3.5.1/airflow-env/lib64/python3.11/site-packages/airflow/example_dags/example_setup_teardown_taskflow.py
[2023-10-07T04:12:23.188+0530] {logging_mixin.py:151} INFO - [2023-10-07T04:12:23.188+0530] {dag.py:2915} INFO - Sync 1 DAGs
[2023-10-07T04:12:23.204+0530] {logging_mixin.py:151} INFO - [2023-10-07T04:12:23.204+0530] {dag.py:3696} INFO - Setting next_dagrun for example_setup_teardown_taskflow to 2023-10-05T22:42:23.203978+00:00, run_after=2023-10-06T22:42:23.203978+00:00
[2023-10-07T04:12:23.222+0530] {processor.py:179} INFO - Processing /home/raj/Downloads/kafka_2.13-3.5.1/airflow-env/lib64/python3.11/site-packages/airflow/example_dags/example_setup_teardown_taskflow.py took 0.100 seconds
[2023-10-07T04:13:18.591+0530] {processor.py:157} INFO - Started process (PID=19603) to work on /home/raj/Downloads/kafka_2.13-3.5.1/airflow-env/lib64/python3.11/site-packages/airflow/example_dags/example_setup_teardown_taskflow.py
[2023-10-07T04:13:18.602+0530] {processor.py:829} INFO - Processing file /home/raj/Downloads/kafka_2.13-3.5.1/airflow-env/lib64/python3.11/site-packages/airflow/example_dags/example_setup_teardown_taskflow.py for tasks to queue
[2023-10-07T04:13:18.604+0530] {logging_mixin.py:151} INFO - [2023-10-07T04:13:18.603+0530] {dagbag.py:539} INFO - Filling up the DagBag from /home/raj/Downloads/kafka_2.13-3.5.1/airflow-env/lib64/python3.11/site-packages/airflow/example_dags/example_setup_teardown_taskflow.py
[2023-10-07T04:13:18.626+0530] {processor.py:839} INFO - DAG(s) dict_keys(['example_setup_teardown_taskflow']) retrieved from /home/raj/Downloads/kafka_2.13-3.5.1/airflow-env/lib64/python3.11/site-packages/airflow/example_dags/example_setup_teardown_taskflow.py
[2023-10-07T04:13:18.653+0530] {logging_mixin.py:151} INFO - [2023-10-07T04:13:18.652+0530] {dag.py:2915} INFO - Sync 1 DAGs
[2023-10-07T04:13:18.668+0530] {logging_mixin.py:151} INFO - [2023-10-07T04:13:18.668+0530] {dag.py:3696} INFO - Setting next_dagrun for example_setup_teardown_taskflow to 2023-10-05T22:43:18.668458+00:00, run_after=2023-10-06T22:43:18.668458+00:00
[2023-10-07T04:13:18.688+0530] {processor.py:179} INFO - Processing /home/raj/Downloads/kafka_2.13-3.5.1/airflow-env/lib64/python3.11/site-packages/airflow/example_dags/example_setup_teardown_taskflow.py took 0.102 seconds
[2023-10-07T04:14:09.211+0530] {processor.py:157} INFO - Started process (PID=19656) to work on /home/raj/Downloads/kafka_2.13-3.5.1/airflow-env/lib64/python3.11/site-packages/airflow/example_dags/example_setup_teardown_taskflow.py
[2023-10-07T04:14:09.222+0530] {processor.py:829} INFO - Processing file /home/raj/Downloads/kafka_2.13-3.5.1/airflow-env/lib64/python3.11/site-packages/airflow/example_dags/example_setup_teardown_taskflow.py for tasks to queue
[2023-10-07T04:14:09.224+0530] {logging_mixin.py:151} INFO - [2023-10-07T04:14:09.223+0530] {dagbag.py:539} INFO - Filling up the DagBag from /home/raj/Downloads/kafka_2.13-3.5.1/airflow-env/lib64/python3.11/site-packages/airflow/example_dags/example_setup_teardown_taskflow.py
[2023-10-07T04:14:09.248+0530] {processor.py:839} INFO - DAG(s) dict_keys(['example_setup_teardown_taskflow']) retrieved from /home/raj/Downloads/kafka_2.13-3.5.1/airflow-env/lib64/python3.11/site-packages/airflow/example_dags/example_setup_teardown_taskflow.py
[2023-10-07T04:14:09.274+0530] {logging_mixin.py:151} INFO - [2023-10-07T04:14:09.274+0530] {dag.py:2915} INFO - Sync 1 DAGs
[2023-10-07T04:14:09.292+0530] {logging_mixin.py:151} INFO - [2023-10-07T04:14:09.292+0530] {dag.py:3696} INFO - Setting next_dagrun for example_setup_teardown_taskflow to 2023-10-05T22:44:09.292541+00:00, run_after=2023-10-06T22:44:09.292541+00:00
[2023-10-07T04:14:09.311+0530] {processor.py:179} INFO - Processing /home/raj/Downloads/kafka_2.13-3.5.1/airflow-env/lib64/python3.11/site-packages/airflow/example_dags/example_setup_teardown_taskflow.py took 0.105 seconds
[2023-10-07T04:14:59.165+0530] {processor.py:157} INFO - Started process (PID=19721) to work on /home/raj/Downloads/kafka_2.13-3.5.1/airflow-env/lib64/python3.11/site-packages/airflow/example_dags/example_setup_teardown_taskflow.py
[2023-10-07T04:14:59.176+0530] {processor.py:829} INFO - Processing file /home/raj/Downloads/kafka_2.13-3.5.1/airflow-env/lib64/python3.11/site-packages/airflow/example_dags/example_setup_teardown_taskflow.py for tasks to queue
[2023-10-07T04:14:59.177+0530] {logging_mixin.py:151} INFO - [2023-10-07T04:14:59.177+0530] {dagbag.py:539} INFO - Filling up the DagBag from /home/raj/Downloads/kafka_2.13-3.5.1/airflow-env/lib64/python3.11/site-packages/airflow/example_dags/example_setup_teardown_taskflow.py
[2023-10-07T04:14:59.200+0530] {processor.py:839} INFO - DAG(s) dict_keys(['example_setup_teardown_taskflow']) retrieved from /home/raj/Downloads/kafka_2.13-3.5.1/airflow-env/lib64/python3.11/site-packages/airflow/example_dags/example_setup_teardown_taskflow.py
[2023-10-07T04:14:59.226+0530] {logging_mixin.py:151} INFO - [2023-10-07T04:14:59.226+0530] {dag.py:2915} INFO - Sync 1 DAGs
[2023-10-07T04:14:59.243+0530] {logging_mixin.py:151} INFO - [2023-10-07T04:14:59.243+0530] {dag.py:3696} INFO - Setting next_dagrun for example_setup_teardown_taskflow to 2023-10-05T22:44:59.242896+00:00, run_after=2023-10-06T22:44:59.242896+00:00
[2023-10-07T04:14:59.264+0530] {processor.py:179} INFO - Processing /home/raj/Downloads/kafka_2.13-3.5.1/airflow-env/lib64/python3.11/site-packages/airflow/example_dags/example_setup_teardown_taskflow.py took 0.105 seconds
[2023-10-07T04:15:49.574+0530] {processor.py:157} INFO - Started process (PID=19812) to work on /home/raj/Downloads/kafka_2.13-3.5.1/airflow-env/lib64/python3.11/site-packages/airflow/example_dags/example_setup_teardown_taskflow.py
[2023-10-07T04:15:49.586+0530] {processor.py:829} INFO - Processing file /home/raj/Downloads/kafka_2.13-3.5.1/airflow-env/lib64/python3.11/site-packages/airflow/example_dags/example_setup_teardown_taskflow.py for tasks to queue
[2023-10-07T04:15:49.587+0530] {logging_mixin.py:151} INFO - [2023-10-07T04:15:49.586+0530] {dagbag.py:539} INFO - Filling up the DagBag from /home/raj/Downloads/kafka_2.13-3.5.1/airflow-env/lib64/python3.11/site-packages/airflow/example_dags/example_setup_teardown_taskflow.py
[2023-10-07T04:15:49.611+0530] {processor.py:839} INFO - DAG(s) dict_keys(['example_setup_teardown_taskflow']) retrieved from /home/raj/Downloads/kafka_2.13-3.5.1/airflow-env/lib64/python3.11/site-packages/airflow/example_dags/example_setup_teardown_taskflow.py
[2023-10-07T04:15:49.638+0530] {logging_mixin.py:151} INFO - [2023-10-07T04:15:49.638+0530] {dag.py:2915} INFO - Sync 1 DAGs
[2023-10-07T04:15:49.657+0530] {logging_mixin.py:151} INFO - [2023-10-07T04:15:49.656+0530] {dag.py:3696} INFO - Setting next_dagrun for example_setup_teardown_taskflow to 2023-10-05T22:45:49.656696+00:00, run_after=2023-10-06T22:45:49.656696+00:00
[2023-10-07T04:15:49.679+0530] {processor.py:179} INFO - Processing /home/raj/Downloads/kafka_2.13-3.5.1/airflow-env/lib64/python3.11/site-packages/airflow/example_dags/example_setup_teardown_taskflow.py took 0.110 seconds
[2023-10-07T04:16:42.847+0530] {processor.py:157} INFO - Started process (PID=19871) to work on /home/raj/Downloads/kafka_2.13-3.5.1/airflow-env/lib64/python3.11/site-packages/airflow/example_dags/example_setup_teardown_taskflow.py
[2023-10-07T04:16:42.858+0530] {processor.py:829} INFO - Processing file /home/raj/Downloads/kafka_2.13-3.5.1/airflow-env/lib64/python3.11/site-packages/airflow/example_dags/example_setup_teardown_taskflow.py for tasks to queue
[2023-10-07T04:16:42.860+0530] {logging_mixin.py:151} INFO - [2023-10-07T04:16:42.859+0530] {dagbag.py:539} INFO - Filling up the DagBag from /home/raj/Downloads/kafka_2.13-3.5.1/airflow-env/lib64/python3.11/site-packages/airflow/example_dags/example_setup_teardown_taskflow.py
[2023-10-07T04:16:42.882+0530] {processor.py:839} INFO - DAG(s) dict_keys(['example_setup_teardown_taskflow']) retrieved from /home/raj/Downloads/kafka_2.13-3.5.1/airflow-env/lib64/python3.11/site-packages/airflow/example_dags/example_setup_teardown_taskflow.py
[2023-10-07T04:16:42.899+0530] {logging_mixin.py:151} INFO - [2023-10-07T04:16:42.898+0530] {dag.py:2915} INFO - Sync 1 DAGs
[2023-10-07T04:16:42.918+0530] {logging_mixin.py:151} INFO - [2023-10-07T04:16:42.918+0530] {dag.py:3696} INFO - Setting next_dagrun for example_setup_teardown_taskflow to 2023-10-05T22:46:42.918286+00:00, run_after=2023-10-06T22:46:42.918286+00:00
[2023-10-07T04:16:42.936+0530] {processor.py:179} INFO - Processing /home/raj/Downloads/kafka_2.13-3.5.1/airflow-env/lib64/python3.11/site-packages/airflow/example_dags/example_setup_teardown_taskflow.py took 0.094 seconds
[2023-10-07T04:17:32.466+0530] {processor.py:157} INFO - Started process (PID=19927) to work on /home/raj/Downloads/kafka_2.13-3.5.1/airflow-env/lib64/python3.11/site-packages/airflow/example_dags/example_setup_teardown_taskflow.py
[2023-10-07T04:17:32.477+0530] {processor.py:829} INFO - Processing file /home/raj/Downloads/kafka_2.13-3.5.1/airflow-env/lib64/python3.11/site-packages/airflow/example_dags/example_setup_teardown_taskflow.py for tasks to queue
[2023-10-07T04:17:32.478+0530] {logging_mixin.py:151} INFO - [2023-10-07T04:17:32.477+0530] {dagbag.py:539} INFO - Filling up the DagBag from /home/raj/Downloads/kafka_2.13-3.5.1/airflow-env/lib64/python3.11/site-packages/airflow/example_dags/example_setup_teardown_taskflow.py
[2023-10-07T04:17:32.489+0530] {processor.py:839} INFO - DAG(s) dict_keys(['example_setup_teardown_taskflow']) retrieved from /home/raj/Downloads/kafka_2.13-3.5.1/airflow-env/lib64/python3.11/site-packages/airflow/example_dags/example_setup_teardown_taskflow.py
[2023-10-07T04:17:32.504+0530] {logging_mixin.py:151} INFO - [2023-10-07T04:17:32.504+0530] {dag.py:2915} INFO - Sync 1 DAGs
[2023-10-07T04:17:32.523+0530] {logging_mixin.py:151} INFO - [2023-10-07T04:17:32.523+0530] {dag.py:3696} INFO - Setting next_dagrun for example_setup_teardown_taskflow to 2023-10-05T22:47:32.523049+00:00, run_after=2023-10-06T22:47:32.523049+00:00
[2023-10-07T04:17:32.544+0530] {processor.py:179} INFO - Processing /home/raj/Downloads/kafka_2.13-3.5.1/airflow-env/lib64/python3.11/site-packages/airflow/example_dags/example_setup_teardown_taskflow.py took 0.083 seconds
[2023-10-07T04:18:24.136+0530] {processor.py:157} INFO - Started process (PID=19980) to work on /home/raj/Downloads/kafka_2.13-3.5.1/airflow-env/lib64/python3.11/site-packages/airflow/example_dags/example_setup_teardown_taskflow.py
[2023-10-07T04:18:24.148+0530] {processor.py:829} INFO - Processing file /home/raj/Downloads/kafka_2.13-3.5.1/airflow-env/lib64/python3.11/site-packages/airflow/example_dags/example_setup_teardown_taskflow.py for tasks to queue
[2023-10-07T04:18:24.149+0530] {logging_mixin.py:151} INFO - [2023-10-07T04:18:24.148+0530] {dagbag.py:539} INFO - Filling up the DagBag from /home/raj/Downloads/kafka_2.13-3.5.1/airflow-env/lib64/python3.11/site-packages/airflow/example_dags/example_setup_teardown_taskflow.py
[2023-10-07T04:18:24.172+0530] {processor.py:839} INFO - DAG(s) dict_keys(['example_setup_teardown_taskflow']) retrieved from /home/raj/Downloads/kafka_2.13-3.5.1/airflow-env/lib64/python3.11/site-packages/airflow/example_dags/example_setup_teardown_taskflow.py
[2023-10-07T04:18:24.199+0530] {logging_mixin.py:151} INFO - [2023-10-07T04:18:24.199+0530] {dag.py:2915} INFO - Sync 1 DAGs
[2023-10-07T04:18:24.214+0530] {logging_mixin.py:151} INFO - [2023-10-07T04:18:24.214+0530] {dag.py:3696} INFO - Setting next_dagrun for example_setup_teardown_taskflow to 2023-10-05T22:48:24.214050+00:00, run_after=2023-10-06T22:48:24.214050+00:00
[2023-10-07T04:18:24.236+0530] {processor.py:179} INFO - Processing /home/raj/Downloads/kafka_2.13-3.5.1/airflow-env/lib64/python3.11/site-packages/airflow/example_dags/example_setup_teardown_taskflow.py took 0.104 seconds
[2023-10-07T04:19:17.515+0530] {processor.py:157} INFO - Started process (PID=20034) to work on /home/raj/Downloads/kafka_2.13-3.5.1/airflow-env/lib64/python3.11/site-packages/airflow/example_dags/example_setup_teardown_taskflow.py
[2023-10-07T04:19:17.526+0530] {processor.py:829} INFO - Processing file /home/raj/Downloads/kafka_2.13-3.5.1/airflow-env/lib64/python3.11/site-packages/airflow/example_dags/example_setup_teardown_taskflow.py for tasks to queue
[2023-10-07T04:19:17.528+0530] {logging_mixin.py:151} INFO - [2023-10-07T04:19:17.527+0530] {dagbag.py:539} INFO - Filling up the DagBag from /home/raj/Downloads/kafka_2.13-3.5.1/airflow-env/lib64/python3.11/site-packages/airflow/example_dags/example_setup_teardown_taskflow.py
[2023-10-07T04:19:17.539+0530] {processor.py:839} INFO - DAG(s) dict_keys(['example_setup_teardown_taskflow']) retrieved from /home/raj/Downloads/kafka_2.13-3.5.1/airflow-env/lib64/python3.11/site-packages/airflow/example_dags/example_setup_teardown_taskflow.py
[2023-10-07T04:19:17.553+0530] {logging_mixin.py:151} INFO - [2023-10-07T04:19:17.553+0530] {dag.py:2915} INFO - Sync 1 DAGs
[2023-10-07T04:19:17.568+0530] {logging_mixin.py:151} INFO - [2023-10-07T04:19:17.568+0530] {dag.py:3696} INFO - Setting next_dagrun for example_setup_teardown_taskflow to 2023-10-05T22:49:17.568300+00:00, run_after=2023-10-06T22:49:17.568300+00:00
[2023-10-07T04:19:17.587+0530] {processor.py:179} INFO - Processing /home/raj/Downloads/kafka_2.13-3.5.1/airflow-env/lib64/python3.11/site-packages/airflow/example_dags/example_setup_teardown_taskflow.py took 0.078 seconds
[2023-10-07T04:19:56.394+0530] {processor.py:157} INFO - Started process (PID=20077) to work on /home/raj/Downloads/kafka_2.13-3.5.1/airflow-env/lib64/python3.11/site-packages/airflow/example_dags/example_setup_teardown_taskflow.py
[2023-10-07T04:19:56.405+0530] {processor.py:829} INFO - Processing file /home/raj/Downloads/kafka_2.13-3.5.1/airflow-env/lib64/python3.11/site-packages/airflow/example_dags/example_setup_teardown_taskflow.py for tasks to queue
[2023-10-07T04:19:56.407+0530] {logging_mixin.py:151} INFO - [2023-10-07T04:19:56.406+0530] {dagbag.py:539} INFO - Filling up the DagBag from /home/raj/Downloads/kafka_2.13-3.5.1/airflow-env/lib64/python3.11/site-packages/airflow/example_dags/example_setup_teardown_taskflow.py
[2023-10-07T04:19:56.430+0530] {processor.py:839} INFO - DAG(s) dict_keys(['example_setup_teardown_taskflow']) retrieved from /home/raj/Downloads/kafka_2.13-3.5.1/airflow-env/lib64/python3.11/site-packages/airflow/example_dags/example_setup_teardown_taskflow.py
[2023-10-07T04:19:56.455+0530] {logging_mixin.py:151} INFO - [2023-10-07T04:19:56.455+0530] {dag.py:2915} INFO - Sync 1 DAGs
[2023-10-07T04:19:56.471+0530] {logging_mixin.py:151} INFO - [2023-10-07T04:19:56.471+0530] {dag.py:3696} INFO - Setting next_dagrun for example_setup_teardown_taskflow to 2023-10-05T22:49:56.470881+00:00, run_after=2023-10-06T22:49:56.470881+00:00
[2023-10-07T04:19:56.491+0530] {processor.py:179} INFO - Processing /home/raj/Downloads/kafka_2.13-3.5.1/airflow-env/lib64/python3.11/site-packages/airflow/example_dags/example_setup_teardown_taskflow.py took 0.102 seconds
[2023-10-07T04:20:51.622+0530] {processor.py:157} INFO - Started process (PID=20449) to work on /home/raj/Downloads/kafka_2.13-3.5.1/airflow-env/lib64/python3.11/site-packages/airflow/example_dags/example_setup_teardown_taskflow.py
[2023-10-07T04:20:51.633+0530] {processor.py:829} INFO - Processing file /home/raj/Downloads/kafka_2.13-3.5.1/airflow-env/lib64/python3.11/site-packages/airflow/example_dags/example_setup_teardown_taskflow.py for tasks to queue
[2023-10-07T04:20:51.634+0530] {logging_mixin.py:151} INFO - [2023-10-07T04:20:51.634+0530] {dagbag.py:539} INFO - Filling up the DagBag from /home/raj/Downloads/kafka_2.13-3.5.1/airflow-env/lib64/python3.11/site-packages/airflow/example_dags/example_setup_teardown_taskflow.py
[2023-10-07T04:20:51.646+0530] {processor.py:839} INFO - DAG(s) dict_keys(['example_setup_teardown_taskflow']) retrieved from /home/raj/Downloads/kafka_2.13-3.5.1/airflow-env/lib64/python3.11/site-packages/airflow/example_dags/example_setup_teardown_taskflow.py
[2023-10-07T04:20:51.661+0530] {logging_mixin.py:151} INFO - [2023-10-07T04:20:51.661+0530] {dag.py:2915} INFO - Sync 1 DAGs
[2023-10-07T04:20:51.678+0530] {logging_mixin.py:151} INFO - [2023-10-07T04:20:51.678+0530] {dag.py:3696} INFO - Setting next_dagrun for example_setup_teardown_taskflow to 2023-10-05T22:50:51.678139+00:00, run_after=2023-10-06T22:50:51.678139+00:00
[2023-10-07T04:20:51.699+0530] {processor.py:179} INFO - Processing /home/raj/Downloads/kafka_2.13-3.5.1/airflow-env/lib64/python3.11/site-packages/airflow/example_dags/example_setup_teardown_taskflow.py took 0.084 seconds
[2023-10-07T04:21:42.004+0530] {processor.py:157} INFO - Started process (PID=20646) to work on /home/raj/Downloads/kafka_2.13-3.5.1/airflow-env/lib64/python3.11/site-packages/airflow/example_dags/example_setup_teardown_taskflow.py
[2023-10-07T04:21:42.016+0530] {processor.py:829} INFO - Processing file /home/raj/Downloads/kafka_2.13-3.5.1/airflow-env/lib64/python3.11/site-packages/airflow/example_dags/example_setup_teardown_taskflow.py for tasks to queue
[2023-10-07T04:21:42.018+0530] {logging_mixin.py:151} INFO - [2023-10-07T04:21:42.017+0530] {dagbag.py:539} INFO - Filling up the DagBag from /home/raj/Downloads/kafka_2.13-3.5.1/airflow-env/lib64/python3.11/site-packages/airflow/example_dags/example_setup_teardown_taskflow.py
[2023-10-07T04:21:42.039+0530] {processor.py:839} INFO - DAG(s) dict_keys(['example_setup_teardown_taskflow']) retrieved from /home/raj/Downloads/kafka_2.13-3.5.1/airflow-env/lib64/python3.11/site-packages/airflow/example_dags/example_setup_teardown_taskflow.py
[2023-10-07T04:21:42.066+0530] {logging_mixin.py:151} INFO - [2023-10-07T04:21:42.066+0530] {dag.py:2915} INFO - Sync 1 DAGs
[2023-10-07T04:21:42.084+0530] {logging_mixin.py:151} INFO - [2023-10-07T04:21:42.084+0530] {dag.py:3696} INFO - Setting next_dagrun for example_setup_teardown_taskflow to 2023-10-05T22:51:42.084058+00:00, run_after=2023-10-06T22:51:42.084058+00:00
[2023-10-07T04:21:42.104+0530] {processor.py:179} INFO - Processing /home/raj/Downloads/kafka_2.13-3.5.1/airflow-env/lib64/python3.11/site-packages/airflow/example_dags/example_setup_teardown_taskflow.py took 0.105 seconds
[2023-10-07T04:22:32.199+0530] {processor.py:157} INFO - Started process (PID=20793) to work on /home/raj/Downloads/kafka_2.13-3.5.1/airflow-env/lib64/python3.11/site-packages/airflow/example_dags/example_setup_teardown_taskflow.py
[2023-10-07T04:22:32.210+0530] {processor.py:829} INFO - Processing file /home/raj/Downloads/kafka_2.13-3.5.1/airflow-env/lib64/python3.11/site-packages/airflow/example_dags/example_setup_teardown_taskflow.py for tasks to queue
[2023-10-07T04:22:32.212+0530] {logging_mixin.py:151} INFO - [2023-10-07T04:22:32.211+0530] {dagbag.py:539} INFO - Filling up the DagBag from /home/raj/Downloads/kafka_2.13-3.5.1/airflow-env/lib64/python3.11/site-packages/airflow/example_dags/example_setup_teardown_taskflow.py
[2023-10-07T04:22:32.234+0530] {processor.py:839} INFO - DAG(s) dict_keys(['example_setup_teardown_taskflow']) retrieved from /home/raj/Downloads/kafka_2.13-3.5.1/airflow-env/lib64/python3.11/site-packages/airflow/example_dags/example_setup_teardown_taskflow.py
[2023-10-07T04:22:32.260+0530] {logging_mixin.py:151} INFO - [2023-10-07T04:22:32.260+0530] {dag.py:2915} INFO - Sync 1 DAGs
[2023-10-07T04:22:32.276+0530] {logging_mixin.py:151} INFO - [2023-10-07T04:22:32.275+0530] {dag.py:3696} INFO - Setting next_dagrun for example_setup_teardown_taskflow to 2023-10-05T22:52:32.275733+00:00, run_after=2023-10-06T22:52:32.275733+00:00
[2023-10-07T04:22:32.294+0530] {processor.py:179} INFO - Processing /home/raj/Downloads/kafka_2.13-3.5.1/airflow-env/lib64/python3.11/site-packages/airflow/example_dags/example_setup_teardown_taskflow.py took 0.100 seconds
[2023-10-07T04:23:26.103+0530] {processor.py:157} INFO - Started process (PID=20919) to work on /home/raj/Downloads/kafka_2.13-3.5.1/airflow-env/lib64/python3.11/site-packages/airflow/example_dags/example_setup_teardown_taskflow.py
[2023-10-07T04:23:26.114+0530] {processor.py:829} INFO - Processing file /home/raj/Downloads/kafka_2.13-3.5.1/airflow-env/lib64/python3.11/site-packages/airflow/example_dags/example_setup_teardown_taskflow.py for tasks to queue
[2023-10-07T04:23:26.116+0530] {logging_mixin.py:151} INFO - [2023-10-07T04:23:26.115+0530] {dagbag.py:539} INFO - Filling up the DagBag from /home/raj/Downloads/kafka_2.13-3.5.1/airflow-env/lib64/python3.11/site-packages/airflow/example_dags/example_setup_teardown_taskflow.py
[2023-10-07T04:23:26.134+0530] {processor.py:839} INFO - DAG(s) dict_keys(['example_setup_teardown_taskflow']) retrieved from /home/raj/Downloads/kafka_2.13-3.5.1/airflow-env/lib64/python3.11/site-packages/airflow/example_dags/example_setup_teardown_taskflow.py
[2023-10-07T04:23:26.153+0530] {logging_mixin.py:151} INFO - [2023-10-07T04:23:26.153+0530] {dag.py:2915} INFO - Sync 1 DAGs
[2023-10-07T04:23:26.171+0530] {logging_mixin.py:151} INFO - [2023-10-07T04:23:26.171+0530] {dag.py:3696} INFO - Setting next_dagrun for example_setup_teardown_taskflow to 2023-10-05T22:53:26.171156+00:00, run_after=2023-10-06T22:53:26.171156+00:00
[2023-10-07T04:23:26.191+0530] {processor.py:179} INFO - Processing /home/raj/Downloads/kafka_2.13-3.5.1/airflow-env/lib64/python3.11/site-packages/airflow/example_dags/example_setup_teardown_taskflow.py took 0.094 seconds
[2023-10-07T04:24:15.220+0530] {processor.py:157} INFO - Started process (PID=21044) to work on /home/raj/Downloads/kafka_2.13-3.5.1/airflow-env/lib64/python3.11/site-packages/airflow/example_dags/example_setup_teardown_taskflow.py
[2023-10-07T04:24:15.230+0530] {processor.py:829} INFO - Processing file /home/raj/Downloads/kafka_2.13-3.5.1/airflow-env/lib64/python3.11/site-packages/airflow/example_dags/example_setup_teardown_taskflow.py for tasks to queue
[2023-10-07T04:24:15.231+0530] {logging_mixin.py:151} INFO - [2023-10-07T04:24:15.231+0530] {dagbag.py:539} INFO - Filling up the DagBag from /home/raj/Downloads/kafka_2.13-3.5.1/airflow-env/lib64/python3.11/site-packages/airflow/example_dags/example_setup_teardown_taskflow.py
[2023-10-07T04:24:15.243+0530] {processor.py:839} INFO - DAG(s) dict_keys(['example_setup_teardown_taskflow']) retrieved from /home/raj/Downloads/kafka_2.13-3.5.1/airflow-env/lib64/python3.11/site-packages/airflow/example_dags/example_setup_teardown_taskflow.py
[2023-10-07T04:24:15.263+0530] {logging_mixin.py:151} INFO - [2023-10-07T04:24:15.263+0530] {dag.py:2915} INFO - Sync 1 DAGs
[2023-10-07T04:24:15.287+0530] {logging_mixin.py:151} INFO - [2023-10-07T04:24:15.286+0530] {dag.py:3696} INFO - Setting next_dagrun for example_setup_teardown_taskflow to 2023-10-05T22:54:15.286746+00:00, run_after=2023-10-06T22:54:15.286746+00:00
[2023-10-07T04:24:15.315+0530] {processor.py:179} INFO - Processing /home/raj/Downloads/kafka_2.13-3.5.1/airflow-env/lib64/python3.11/site-packages/airflow/example_dags/example_setup_teardown_taskflow.py took 0.098 seconds
[2023-10-07T04:25:04.846+0530] {processor.py:157} INFO - Started process (PID=21131) to work on /home/raj/Downloads/kafka_2.13-3.5.1/airflow-env/lib64/python3.11/site-packages/airflow/example_dags/example_setup_teardown_taskflow.py
[2023-10-07T04:25:04.857+0530] {processor.py:829} INFO - Processing file /home/raj/Downloads/kafka_2.13-3.5.1/airflow-env/lib64/python3.11/site-packages/airflow/example_dags/example_setup_teardown_taskflow.py for tasks to queue
[2023-10-07T04:25:04.858+0530] {logging_mixin.py:151} INFO - [2023-10-07T04:25:04.857+0530] {dagbag.py:539} INFO - Filling up the DagBag from /home/raj/Downloads/kafka_2.13-3.5.1/airflow-env/lib64/python3.11/site-packages/airflow/example_dags/example_setup_teardown_taskflow.py
[2023-10-07T04:25:04.886+0530] {processor.py:839} INFO - DAG(s) dict_keys(['example_setup_teardown_taskflow']) retrieved from /home/raj/Downloads/kafka_2.13-3.5.1/airflow-env/lib64/python3.11/site-packages/airflow/example_dags/example_setup_teardown_taskflow.py
[2023-10-07T04:25:04.920+0530] {logging_mixin.py:151} INFO - [2023-10-07T04:25:04.919+0530] {dag.py:2915} INFO - Sync 1 DAGs
[2023-10-07T04:25:04.944+0530] {logging_mixin.py:151} INFO - [2023-10-07T04:25:04.944+0530] {dag.py:3696} INFO - Setting next_dagrun for example_setup_teardown_taskflow to 2023-10-05T22:55:04.943731+00:00, run_after=2023-10-06T22:55:04.943731+00:00
[2023-10-07T04:25:04.974+0530] {processor.py:179} INFO - Processing /home/raj/Downloads/kafka_2.13-3.5.1/airflow-env/lib64/python3.11/site-packages/airflow/example_dags/example_setup_teardown_taskflow.py took 0.131 seconds
[2023-10-07T04:25:57.232+0530] {processor.py:157} INFO - Started process (PID=21255) to work on /home/raj/Downloads/kafka_2.13-3.5.1/airflow-env/lib64/python3.11/site-packages/airflow/example_dags/example_setup_teardown_taskflow.py
[2023-10-07T04:25:57.243+0530] {processor.py:829} INFO - Processing file /home/raj/Downloads/kafka_2.13-3.5.1/airflow-env/lib64/python3.11/site-packages/airflow/example_dags/example_setup_teardown_taskflow.py for tasks to queue
[2023-10-07T04:25:57.244+0530] {logging_mixin.py:151} INFO - [2023-10-07T04:25:57.243+0530] {dagbag.py:539} INFO - Filling up the DagBag from /home/raj/Downloads/kafka_2.13-3.5.1/airflow-env/lib64/python3.11/site-packages/airflow/example_dags/example_setup_teardown_taskflow.py
[2023-10-07T04:25:57.257+0530] {processor.py:839} INFO - DAG(s) dict_keys(['example_setup_teardown_taskflow']) retrieved from /home/raj/Downloads/kafka_2.13-3.5.1/airflow-env/lib64/python3.11/site-packages/airflow/example_dags/example_setup_teardown_taskflow.py
[2023-10-07T04:25:57.277+0530] {logging_mixin.py:151} INFO - [2023-10-07T04:25:57.276+0530] {dag.py:2915} INFO - Sync 1 DAGs
[2023-10-07T04:25:57.300+0530] {logging_mixin.py:151} INFO - [2023-10-07T04:25:57.299+0530] {dag.py:3696} INFO - Setting next_dagrun for example_setup_teardown_taskflow to 2023-10-05T22:55:57.299523+00:00, run_after=2023-10-06T22:55:57.299523+00:00
[2023-10-07T04:25:57.323+0530] {processor.py:179} INFO - Processing /home/raj/Downloads/kafka_2.13-3.5.1/airflow-env/lib64/python3.11/site-packages/airflow/example_dags/example_setup_teardown_taskflow.py took 0.096 seconds
[2023-10-07T04:26:47.391+0530] {processor.py:157} INFO - Started process (PID=21418) to work on /home/raj/Downloads/kafka_2.13-3.5.1/airflow-env/lib64/python3.11/site-packages/airflow/example_dags/example_setup_teardown_taskflow.py
[2023-10-07T04:26:47.392+0530] {processor.py:829} INFO - Processing file /home/raj/Downloads/kafka_2.13-3.5.1/airflow-env/lib64/python3.11/site-packages/airflow/example_dags/example_setup_teardown_taskflow.py for tasks to queue
[2023-10-07T04:26:47.394+0530] {logging_mixin.py:151} INFO - [2023-10-07T04:26:47.393+0530] {dagbag.py:539} INFO - Filling up the DagBag from /home/raj/Downloads/kafka_2.13-3.5.1/airflow-env/lib64/python3.11/site-packages/airflow/example_dags/example_setup_teardown_taskflow.py
[2023-10-07T04:26:47.406+0530] {processor.py:839} INFO - DAG(s) dict_keys(['example_setup_teardown_taskflow']) retrieved from /home/raj/Downloads/kafka_2.13-3.5.1/airflow-env/lib64/python3.11/site-packages/airflow/example_dags/example_setup_teardown_taskflow.py
[2023-10-07T04:26:47.419+0530] {logging_mixin.py:151} INFO - [2023-10-07T04:26:47.419+0530] {dag.py:2915} INFO - Sync 1 DAGs
[2023-10-07T04:26:47.436+0530] {logging_mixin.py:151} INFO - [2023-10-07T04:26:47.436+0530] {dag.py:3696} INFO - Setting next_dagrun for example_setup_teardown_taskflow to 2023-10-05T22:56:47.436300+00:00, run_after=2023-10-06T22:56:47.436300+00:00
[2023-10-07T04:26:47.456+0530] {processor.py:179} INFO - Processing /home/raj/Downloads/kafka_2.13-3.5.1/airflow-env/lib64/python3.11/site-packages/airflow/example_dags/example_setup_teardown_taskflow.py took 0.071 seconds
[2023-10-07T04:27:40.715+0530] {processor.py:157} INFO - Started process (PID=21563) to work on /home/raj/Downloads/kafka_2.13-3.5.1/airflow-env/lib64/python3.11/site-packages/airflow/example_dags/example_setup_teardown_taskflow.py
[2023-10-07T04:27:40.725+0530] {processor.py:829} INFO - Processing file /home/raj/Downloads/kafka_2.13-3.5.1/airflow-env/lib64/python3.11/site-packages/airflow/example_dags/example_setup_teardown_taskflow.py for tasks to queue
[2023-10-07T04:27:40.726+0530] {logging_mixin.py:151} INFO - [2023-10-07T04:27:40.726+0530] {dagbag.py:539} INFO - Filling up the DagBag from /home/raj/Downloads/kafka_2.13-3.5.1/airflow-env/lib64/python3.11/site-packages/airflow/example_dags/example_setup_teardown_taskflow.py
[2023-10-07T04:27:40.737+0530] {processor.py:839} INFO - DAG(s) dict_keys(['example_setup_teardown_taskflow']) retrieved from /home/raj/Downloads/kafka_2.13-3.5.1/airflow-env/lib64/python3.11/site-packages/airflow/example_dags/example_setup_teardown_taskflow.py
[2023-10-07T04:27:40.754+0530] {logging_mixin.py:151} INFO - [2023-10-07T04:27:40.754+0530] {dag.py:2915} INFO - Sync 1 DAGs
[2023-10-07T04:27:40.774+0530] {logging_mixin.py:151} INFO - [2023-10-07T04:27:40.774+0530] {dag.py:3696} INFO - Setting next_dagrun for example_setup_teardown_taskflow to 2023-10-05T22:57:40.773903+00:00, run_after=2023-10-06T22:57:40.773903+00:00
[2023-10-07T04:27:40.799+0530] {processor.py:179} INFO - Processing /home/raj/Downloads/kafka_2.13-3.5.1/airflow-env/lib64/python3.11/site-packages/airflow/example_dags/example_setup_teardown_taskflow.py took 0.087 seconds
[2023-10-07T04:28:34.742+0530] {processor.py:157} INFO - Started process (PID=21702) to work on /home/raj/Downloads/kafka_2.13-3.5.1/airflow-env/lib64/python3.11/site-packages/airflow/example_dags/example_setup_teardown_taskflow.py
[2023-10-07T04:28:34.753+0530] {processor.py:829} INFO - Processing file /home/raj/Downloads/kafka_2.13-3.5.1/airflow-env/lib64/python3.11/site-packages/airflow/example_dags/example_setup_teardown_taskflow.py for tasks to queue
[2023-10-07T04:28:34.755+0530] {logging_mixin.py:151} INFO - [2023-10-07T04:28:34.754+0530] {dagbag.py:539} INFO - Filling up the DagBag from /home/raj/Downloads/kafka_2.13-3.5.1/airflow-env/lib64/python3.11/site-packages/airflow/example_dags/example_setup_teardown_taskflow.py
[2023-10-07T04:28:34.771+0530] {processor.py:839} INFO - DAG(s) dict_keys(['example_setup_teardown_taskflow']) retrieved from /home/raj/Downloads/kafka_2.13-3.5.1/airflow-env/lib64/python3.11/site-packages/airflow/example_dags/example_setup_teardown_taskflow.py
[2023-10-07T04:28:34.785+0530] {logging_mixin.py:151} INFO - [2023-10-07T04:28:34.784+0530] {dag.py:2915} INFO - Sync 1 DAGs
[2023-10-07T04:28:34.803+0530] {logging_mixin.py:151} INFO - [2023-10-07T04:28:34.803+0530] {dag.py:3696} INFO - Setting next_dagrun for example_setup_teardown_taskflow to 2023-10-05T22:58:34.803183+00:00, run_after=2023-10-06T22:58:34.803183+00:00
[2023-10-07T04:28:34.826+0530] {processor.py:179} INFO - Processing /home/raj/Downloads/kafka_2.13-3.5.1/airflow-env/lib64/python3.11/site-packages/airflow/example_dags/example_setup_teardown_taskflow.py took 0.090 seconds
[2023-10-07T04:29:24.876+0530] {processor.py:157} INFO - Started process (PID=21784) to work on /home/raj/Downloads/kafka_2.13-3.5.1/airflow-env/lib64/python3.11/site-packages/airflow/example_dags/example_setup_teardown_taskflow.py
[2023-10-07T04:29:24.887+0530] {processor.py:829} INFO - Processing file /home/raj/Downloads/kafka_2.13-3.5.1/airflow-env/lib64/python3.11/site-packages/airflow/example_dags/example_setup_teardown_taskflow.py for tasks to queue
[2023-10-07T04:29:24.888+0530] {logging_mixin.py:151} INFO - [2023-10-07T04:29:24.887+0530] {dagbag.py:539} INFO - Filling up the DagBag from /home/raj/Downloads/kafka_2.13-3.5.1/airflow-env/lib64/python3.11/site-packages/airflow/example_dags/example_setup_teardown_taskflow.py
[2023-10-07T04:29:24.901+0530] {processor.py:839} INFO - DAG(s) dict_keys(['example_setup_teardown_taskflow']) retrieved from /home/raj/Downloads/kafka_2.13-3.5.1/airflow-env/lib64/python3.11/site-packages/airflow/example_dags/example_setup_teardown_taskflow.py
[2023-10-07T04:29:24.922+0530] {logging_mixin.py:151} INFO - [2023-10-07T04:29:24.921+0530] {dag.py:2915} INFO - Sync 1 DAGs
[2023-10-07T04:29:24.947+0530] {logging_mixin.py:151} INFO - [2023-10-07T04:29:24.947+0530] {dag.py:3696} INFO - Setting next_dagrun for example_setup_teardown_taskflow to 2023-10-05T22:59:24.947034+00:00, run_after=2023-10-06T22:59:24.947034+00:00
[2023-10-07T04:29:24.965+0530] {processor.py:179} INFO - Processing /home/raj/Downloads/kafka_2.13-3.5.1/airflow-env/lib64/python3.11/site-packages/airflow/example_dags/example_setup_teardown_taskflow.py took 0.091 seconds
[2023-10-07T04:40:45.143+0530] {processor.py:157} INFO - Started process (PID=9529) to work on /home/raj/Downloads/kafka_2.13-3.5.1/airflow-env/lib64/python3.11/site-packages/airflow/example_dags/example_setup_teardown_taskflow.py
[2023-10-07T04:40:45.144+0530] {processor.py:829} INFO - Processing file /home/raj/Downloads/kafka_2.13-3.5.1/airflow-env/lib64/python3.11/site-packages/airflow/example_dags/example_setup_teardown_taskflow.py for tasks to queue
[2023-10-07T04:40:45.144+0530] {logging_mixin.py:151} INFO - [2023-10-07T04:40:45.144+0530] {dagbag.py:539} INFO - Filling up the DagBag from /home/raj/Downloads/kafka_2.13-3.5.1/airflow-env/lib64/python3.11/site-packages/airflow/example_dags/example_setup_teardown_taskflow.py
[2023-10-07T04:40:45.153+0530] {processor.py:839} INFO - DAG(s) dict_keys(['example_setup_teardown_taskflow']) retrieved from /home/raj/Downloads/kafka_2.13-3.5.1/airflow-env/lib64/python3.11/site-packages/airflow/example_dags/example_setup_teardown_taskflow.py
[2023-10-07T04:40:45.168+0530] {logging_mixin.py:151} INFO - [2023-10-07T04:40:45.168+0530] {dag.py:2915} INFO - Sync 1 DAGs
[2023-10-07T04:40:45.196+0530] {logging_mixin.py:151} INFO - [2023-10-07T04:40:45.196+0530] {dag.py:3696} INFO - Setting next_dagrun for example_setup_teardown_taskflow to 2023-10-05T23:10:45.196349+00:00, run_after=2023-10-06T23:10:45.196349+00:00
[2023-10-07T04:40:45.226+0530] {processor.py:179} INFO - Processing /home/raj/Downloads/kafka_2.13-3.5.1/airflow-env/lib64/python3.11/site-packages/airflow/example_dags/example_setup_teardown_taskflow.py took 0.085 seconds
[2023-10-07T04:41:31.626+0530] {processor.py:157} INFO - Started process (PID=10019) to work on /home/raj/Downloads/kafka_2.13-3.5.1/airflow-env/lib64/python3.11/site-packages/airflow/example_dags/example_setup_teardown_taskflow.py
[2023-10-07T04:41:31.637+0530] {processor.py:829} INFO - Processing file /home/raj/Downloads/kafka_2.13-3.5.1/airflow-env/lib64/python3.11/site-packages/airflow/example_dags/example_setup_teardown_taskflow.py for tasks to queue
[2023-10-07T04:41:31.638+0530] {logging_mixin.py:151} INFO - [2023-10-07T04:41:31.638+0530] {dagbag.py:539} INFO - Filling up the DagBag from /home/raj/Downloads/kafka_2.13-3.5.1/airflow-env/lib64/python3.11/site-packages/airflow/example_dags/example_setup_teardown_taskflow.py
[2023-10-07T04:41:31.659+0530] {processor.py:839} INFO - DAG(s) dict_keys(['example_setup_teardown_taskflow']) retrieved from /home/raj/Downloads/kafka_2.13-3.5.1/airflow-env/lib64/python3.11/site-packages/airflow/example_dags/example_setup_teardown_taskflow.py
[2023-10-07T04:41:31.691+0530] {logging_mixin.py:151} INFO - [2023-10-07T04:41:31.691+0530] {dag.py:2915} INFO - Sync 1 DAGs
[2023-10-07T04:41:31.710+0530] {logging_mixin.py:151} INFO - [2023-10-07T04:41:31.710+0530] {dag.py:3696} INFO - Setting next_dagrun for example_setup_teardown_taskflow to 2023-10-05T23:11:31.710380+00:00, run_after=2023-10-06T23:11:31.710380+00:00
[2023-10-07T04:41:31.727+0530] {processor.py:179} INFO - Processing /home/raj/Downloads/kafka_2.13-3.5.1/airflow-env/lib64/python3.11/site-packages/airflow/example_dags/example_setup_teardown_taskflow.py took 0.107 seconds
[2023-10-07T04:42:20.377+0530] {processor.py:157} INFO - Started process (PID=10188) to work on /home/raj/Downloads/kafka_2.13-3.5.1/airflow-env/lib64/python3.11/site-packages/airflow/example_dags/example_setup_teardown_taskflow.py
[2023-10-07T04:42:20.389+0530] {processor.py:829} INFO - Processing file /home/raj/Downloads/kafka_2.13-3.5.1/airflow-env/lib64/python3.11/site-packages/airflow/example_dags/example_setup_teardown_taskflow.py for tasks to queue
[2023-10-07T04:42:20.391+0530] {logging_mixin.py:151} INFO - [2023-10-07T04:42:20.390+0530] {dagbag.py:539} INFO - Filling up the DagBag from /home/raj/Downloads/kafka_2.13-3.5.1/airflow-env/lib64/python3.11/site-packages/airflow/example_dags/example_setup_teardown_taskflow.py
[2023-10-07T04:42:20.412+0530] {processor.py:839} INFO - DAG(s) dict_keys(['example_setup_teardown_taskflow']) retrieved from /home/raj/Downloads/kafka_2.13-3.5.1/airflow-env/lib64/python3.11/site-packages/airflow/example_dags/example_setup_teardown_taskflow.py
[2023-10-07T04:42:20.437+0530] {logging_mixin.py:151} INFO - [2023-10-07T04:42:20.437+0530] {dag.py:2915} INFO - Sync 1 DAGs
[2023-10-07T04:42:20.454+0530] {logging_mixin.py:151} INFO - [2023-10-07T04:42:20.453+0530] {dag.py:3696} INFO - Setting next_dagrun for example_setup_teardown_taskflow to 2023-10-05T23:12:20.453770+00:00, run_after=2023-10-06T23:12:20.453770+00:00
[2023-10-07T04:42:20.472+0530] {processor.py:179} INFO - Processing /home/raj/Downloads/kafka_2.13-3.5.1/airflow-env/lib64/python3.11/site-packages/airflow/example_dags/example_setup_teardown_taskflow.py took 0.100 seconds
[2023-10-07T04:43:35.489+0530] {processor.py:157} INFO - Started process (PID=10388) to work on /home/raj/Downloads/kafka_2.13-3.5.1/airflow-env/lib64/python3.11/site-packages/airflow/example_dags/example_setup_teardown_taskflow.py
[2023-10-07T04:43:35.500+0530] {processor.py:829} INFO - Processing file /home/raj/Downloads/kafka_2.13-3.5.1/airflow-env/lib64/python3.11/site-packages/airflow/example_dags/example_setup_teardown_taskflow.py for tasks to queue
[2023-10-07T04:43:35.502+0530] {logging_mixin.py:151} INFO - [2023-10-07T04:43:35.501+0530] {dagbag.py:539} INFO - Filling up the DagBag from /home/raj/Downloads/kafka_2.13-3.5.1/airflow-env/lib64/python3.11/site-packages/airflow/example_dags/example_setup_teardown_taskflow.py
[2023-10-07T04:43:35.525+0530] {processor.py:839} INFO - DAG(s) dict_keys(['example_setup_teardown_taskflow']) retrieved from /home/raj/Downloads/kafka_2.13-3.5.1/airflow-env/lib64/python3.11/site-packages/airflow/example_dags/example_setup_teardown_taskflow.py
[2023-10-07T04:43:35.552+0530] {logging_mixin.py:151} INFO - [2023-10-07T04:43:35.552+0530] {dag.py:2915} INFO - Sync 1 DAGs
[2023-10-07T04:43:35.574+0530] {logging_mixin.py:151} INFO - [2023-10-07T04:43:35.574+0530] {dag.py:3696} INFO - Setting next_dagrun for example_setup_teardown_taskflow to 2023-10-05T23:13:35.574171+00:00, run_after=2023-10-06T23:13:35.574171+00:00
[2023-10-07T04:43:35.596+0530] {processor.py:179} INFO - Processing /home/raj/Downloads/kafka_2.13-3.5.1/airflow-env/lib64/python3.11/site-packages/airflow/example_dags/example_setup_teardown_taskflow.py took 0.113 seconds
[2023-10-07T04:44:23.837+0530] {processor.py:157} INFO - Started process (PID=10493) to work on /home/raj/Downloads/kafka_2.13-3.5.1/airflow-env/lib64/python3.11/site-packages/airflow/example_dags/example_setup_teardown_taskflow.py
[2023-10-07T04:44:23.848+0530] {processor.py:829} INFO - Processing file /home/raj/Downloads/kafka_2.13-3.5.1/airflow-env/lib64/python3.11/site-packages/airflow/example_dags/example_setup_teardown_taskflow.py for tasks to queue
[2023-10-07T04:44:23.850+0530] {logging_mixin.py:151} INFO - [2023-10-07T04:44:23.849+0530] {dagbag.py:539} INFO - Filling up the DagBag from /home/raj/Downloads/kafka_2.13-3.5.1/airflow-env/lib64/python3.11/site-packages/airflow/example_dags/example_setup_teardown_taskflow.py
[2023-10-07T04:44:23.872+0530] {processor.py:839} INFO - DAG(s) dict_keys(['example_setup_teardown_taskflow']) retrieved from /home/raj/Downloads/kafka_2.13-3.5.1/airflow-env/lib64/python3.11/site-packages/airflow/example_dags/example_setup_teardown_taskflow.py
[2023-10-07T04:44:23.898+0530] {logging_mixin.py:151} INFO - [2023-10-07T04:44:23.898+0530] {dag.py:2915} INFO - Sync 1 DAGs
[2023-10-07T04:44:23.913+0530] {logging_mixin.py:151} INFO - [2023-10-07T04:44:23.913+0530] {dag.py:3696} INFO - Setting next_dagrun for example_setup_teardown_taskflow to 2023-10-05T23:14:23.913270+00:00, run_after=2023-10-06T23:14:23.913270+00:00
[2023-10-07T04:44:23.933+0530] {processor.py:179} INFO - Processing /home/raj/Downloads/kafka_2.13-3.5.1/airflow-env/lib64/python3.11/site-packages/airflow/example_dags/example_setup_teardown_taskflow.py took 0.101 seconds
[2023-10-07T04:45:12.248+0530] {processor.py:157} INFO - Started process (PID=10642) to work on /home/raj/Downloads/kafka_2.13-3.5.1/airflow-env/lib64/python3.11/site-packages/airflow/example_dags/example_setup_teardown_taskflow.py
[2023-10-07T04:45:12.259+0530] {processor.py:829} INFO - Processing file /home/raj/Downloads/kafka_2.13-3.5.1/airflow-env/lib64/python3.11/site-packages/airflow/example_dags/example_setup_teardown_taskflow.py for tasks to queue
[2023-10-07T04:45:12.261+0530] {logging_mixin.py:151} INFO - [2023-10-07T04:45:12.260+0530] {dagbag.py:539} INFO - Filling up the DagBag from /home/raj/Downloads/kafka_2.13-3.5.1/airflow-env/lib64/python3.11/site-packages/airflow/example_dags/example_setup_teardown_taskflow.py
[2023-10-07T04:45:12.284+0530] {processor.py:839} INFO - DAG(s) dict_keys(['example_setup_teardown_taskflow']) retrieved from /home/raj/Downloads/kafka_2.13-3.5.1/airflow-env/lib64/python3.11/site-packages/airflow/example_dags/example_setup_teardown_taskflow.py
[2023-10-07T04:45:12.309+0530] {logging_mixin.py:151} INFO - [2023-10-07T04:45:12.309+0530] {dag.py:2915} INFO - Sync 1 DAGs
[2023-10-07T04:45:12.331+0530] {logging_mixin.py:151} INFO - [2023-10-07T04:45:12.331+0530] {dag.py:3696} INFO - Setting next_dagrun for example_setup_teardown_taskflow to 2023-10-05T23:15:12.331464+00:00, run_after=2023-10-06T23:15:12.331464+00:00
[2023-10-07T04:45:12.355+0530] {processor.py:179} INFO - Processing /home/raj/Downloads/kafka_2.13-3.5.1/airflow-env/lib64/python3.11/site-packages/airflow/example_dags/example_setup_teardown_taskflow.py took 0.113 seconds
[2023-10-07T04:46:09.001+0530] {processor.py:157} INFO - Started process (PID=10848) to work on /home/raj/Downloads/kafka_2.13-3.5.1/airflow-env/lib64/python3.11/site-packages/airflow/example_dags/example_setup_teardown_taskflow.py
[2023-10-07T04:46:09.002+0530] {processor.py:829} INFO - Processing file /home/raj/Downloads/kafka_2.13-3.5.1/airflow-env/lib64/python3.11/site-packages/airflow/example_dags/example_setup_teardown_taskflow.py for tasks to queue
[2023-10-07T04:46:09.003+0530] {logging_mixin.py:151} INFO - [2023-10-07T04:46:09.003+0530] {dagbag.py:539} INFO - Filling up the DagBag from /home/raj/Downloads/kafka_2.13-3.5.1/airflow-env/lib64/python3.11/site-packages/airflow/example_dags/example_setup_teardown_taskflow.py
[2023-10-07T04:46:09.016+0530] {processor.py:839} INFO - DAG(s) dict_keys(['example_setup_teardown_taskflow']) retrieved from /home/raj/Downloads/kafka_2.13-3.5.1/airflow-env/lib64/python3.11/site-packages/airflow/example_dags/example_setup_teardown_taskflow.py
[2023-10-07T04:46:09.036+0530] {logging_mixin.py:151} INFO - [2023-10-07T04:46:09.036+0530] {dag.py:2915} INFO - Sync 1 DAGs
[2023-10-07T04:46:09.060+0530] {logging_mixin.py:151} INFO - [2023-10-07T04:46:09.060+0530] {dag.py:3696} INFO - Setting next_dagrun for example_setup_teardown_taskflow to 2023-10-05T23:16:09.060260+00:00, run_after=2023-10-06T23:16:09.060260+00:00
[2023-10-07T04:46:09.087+0530] {processor.py:179} INFO - Processing /home/raj/Downloads/kafka_2.13-3.5.1/airflow-env/lib64/python3.11/site-packages/airflow/example_dags/example_setup_teardown_taskflow.py took 0.088 seconds
[2023-10-07T04:47:04.796+0530] {processor.py:157} INFO - Started process (PID=10955) to work on /home/raj/Downloads/kafka_2.13-3.5.1/airflow-env/lib64/python3.11/site-packages/airflow/example_dags/example_setup_teardown_taskflow.py
[2023-10-07T04:47:04.807+0530] {processor.py:829} INFO - Processing file /home/raj/Downloads/kafka_2.13-3.5.1/airflow-env/lib64/python3.11/site-packages/airflow/example_dags/example_setup_teardown_taskflow.py for tasks to queue
[2023-10-07T04:47:04.808+0530] {logging_mixin.py:151} INFO - [2023-10-07T04:47:04.807+0530] {dagbag.py:539} INFO - Filling up the DagBag from /home/raj/Downloads/kafka_2.13-3.5.1/airflow-env/lib64/python3.11/site-packages/airflow/example_dags/example_setup_teardown_taskflow.py
[2023-10-07T04:47:04.819+0530] {processor.py:839} INFO - DAG(s) dict_keys(['example_setup_teardown_taskflow']) retrieved from /home/raj/Downloads/kafka_2.13-3.5.1/airflow-env/lib64/python3.11/site-packages/airflow/example_dags/example_setup_teardown_taskflow.py
[2023-10-07T04:47:04.837+0530] {logging_mixin.py:151} INFO - [2023-10-07T04:47:04.837+0530] {dag.py:2915} INFO - Sync 1 DAGs
[2023-10-07T04:47:04.860+0530] {logging_mixin.py:151} INFO - [2023-10-07T04:47:04.860+0530] {dag.py:3696} INFO - Setting next_dagrun for example_setup_teardown_taskflow to 2023-10-05T23:17:04.860393+00:00, run_after=2023-10-06T23:17:04.860393+00:00
[2023-10-07T04:47:04.883+0530] {processor.py:179} INFO - Processing /home/raj/Downloads/kafka_2.13-3.5.1/airflow-env/lib64/python3.11/site-packages/airflow/example_dags/example_setup_teardown_taskflow.py took 0.091 seconds
[2023-10-07T04:47:52.838+0530] {processor.py:157} INFO - Started process (PID=11038) to work on /home/raj/Downloads/kafka_2.13-3.5.1/airflow-env/lib64/python3.11/site-packages/airflow/example_dags/example_setup_teardown_taskflow.py
[2023-10-07T04:47:52.848+0530] {processor.py:829} INFO - Processing file /home/raj/Downloads/kafka_2.13-3.5.1/airflow-env/lib64/python3.11/site-packages/airflow/example_dags/example_setup_teardown_taskflow.py for tasks to queue
[2023-10-07T04:47:52.849+0530] {logging_mixin.py:151} INFO - [2023-10-07T04:47:52.849+0530] {dagbag.py:539} INFO - Filling up the DagBag from /home/raj/Downloads/kafka_2.13-3.5.1/airflow-env/lib64/python3.11/site-packages/airflow/example_dags/example_setup_teardown_taskflow.py
[2023-10-07T04:47:52.861+0530] {processor.py:839} INFO - DAG(s) dict_keys(['example_setup_teardown_taskflow']) retrieved from /home/raj/Downloads/kafka_2.13-3.5.1/airflow-env/lib64/python3.11/site-packages/airflow/example_dags/example_setup_teardown_taskflow.py
[2023-10-07T04:47:52.880+0530] {logging_mixin.py:151} INFO - [2023-10-07T04:47:52.879+0530] {dag.py:2915} INFO - Sync 1 DAGs
[2023-10-07T04:47:52.902+0530] {logging_mixin.py:151} INFO - [2023-10-07T04:47:52.902+0530] {dag.py:3696} INFO - Setting next_dagrun for example_setup_teardown_taskflow to 2023-10-05T23:17:52.902424+00:00, run_after=2023-10-06T23:17:52.902424+00:00
[2023-10-07T04:47:52.926+0530] {processor.py:179} INFO - Processing /home/raj/Downloads/kafka_2.13-3.5.1/airflow-env/lib64/python3.11/site-packages/airflow/example_dags/example_setup_teardown_taskflow.py took 0.091 seconds
[2023-10-07T04:48:46.688+0530] {processor.py:157} INFO - Started process (PID=11118) to work on /home/raj/Downloads/kafka_2.13-3.5.1/airflow-env/lib64/python3.11/site-packages/airflow/example_dags/example_setup_teardown_taskflow.py
[2023-10-07T04:48:46.699+0530] {processor.py:829} INFO - Processing file /home/raj/Downloads/kafka_2.13-3.5.1/airflow-env/lib64/python3.11/site-packages/airflow/example_dags/example_setup_teardown_taskflow.py for tasks to queue
[2023-10-07T04:48:46.700+0530] {logging_mixin.py:151} INFO - [2023-10-07T04:48:46.700+0530] {dagbag.py:539} INFO - Filling up the DagBag from /home/raj/Downloads/kafka_2.13-3.5.1/airflow-env/lib64/python3.11/site-packages/airflow/example_dags/example_setup_teardown_taskflow.py
[2023-10-07T04:48:46.721+0530] {processor.py:839} INFO - DAG(s) dict_keys(['example_setup_teardown_taskflow']) retrieved from /home/raj/Downloads/kafka_2.13-3.5.1/airflow-env/lib64/python3.11/site-packages/airflow/example_dags/example_setup_teardown_taskflow.py
[2023-10-07T04:48:46.749+0530] {logging_mixin.py:151} INFO - [2023-10-07T04:48:46.749+0530] {dag.py:2915} INFO - Sync 1 DAGs
[2023-10-07T04:48:46.765+0530] {logging_mixin.py:151} INFO - [2023-10-07T04:48:46.765+0530] {dag.py:3696} INFO - Setting next_dagrun for example_setup_teardown_taskflow to 2023-10-05T23:18:46.765535+00:00, run_after=2023-10-06T23:18:46.765535+00:00
[2023-10-07T04:48:46.782+0530] {processor.py:179} INFO - Processing /home/raj/Downloads/kafka_2.13-3.5.1/airflow-env/lib64/python3.11/site-packages/airflow/example_dags/example_setup_teardown_taskflow.py took 0.099 seconds
[2023-10-07T04:49:42.287+0530] {processor.py:157} INFO - Started process (PID=11256) to work on /home/raj/Downloads/kafka_2.13-3.5.1/airflow-env/lib64/python3.11/site-packages/airflow/example_dags/example_setup_teardown_taskflow.py
[2023-10-07T04:49:42.297+0530] {processor.py:829} INFO - Processing file /home/raj/Downloads/kafka_2.13-3.5.1/airflow-env/lib64/python3.11/site-packages/airflow/example_dags/example_setup_teardown_taskflow.py for tasks to queue
[2023-10-07T04:49:42.299+0530] {logging_mixin.py:151} INFO - [2023-10-07T04:49:42.298+0530] {dagbag.py:539} INFO - Filling up the DagBag from /home/raj/Downloads/kafka_2.13-3.5.1/airflow-env/lib64/python3.11/site-packages/airflow/example_dags/example_setup_teardown_taskflow.py
[2023-10-07T04:49:42.311+0530] {processor.py:839} INFO - DAG(s) dict_keys(['example_setup_teardown_taskflow']) retrieved from /home/raj/Downloads/kafka_2.13-3.5.1/airflow-env/lib64/python3.11/site-packages/airflow/example_dags/example_setup_teardown_taskflow.py
[2023-10-07T04:49:42.328+0530] {logging_mixin.py:151} INFO - [2023-10-07T04:49:42.327+0530] {dag.py:2915} INFO - Sync 1 DAGs
[2023-10-07T04:49:42.347+0530] {logging_mixin.py:151} INFO - [2023-10-07T04:49:42.346+0530] {dag.py:3696} INFO - Setting next_dagrun for example_setup_teardown_taskflow to 2023-10-05T23:19:42.346500+00:00, run_after=2023-10-06T23:19:42.346500+00:00
[2023-10-07T04:49:42.369+0530] {processor.py:179} INFO - Processing /home/raj/Downloads/kafka_2.13-3.5.1/airflow-env/lib64/python3.11/site-packages/airflow/example_dags/example_setup_teardown_taskflow.py took 0.084 seconds
[2023-10-07T04:50:36.334+0530] {processor.py:157} INFO - Started process (PID=11351) to work on /home/raj/Downloads/kafka_2.13-3.5.1/airflow-env/lib64/python3.11/site-packages/airflow/example_dags/example_setup_teardown_taskflow.py
[2023-10-07T04:50:36.345+0530] {processor.py:829} INFO - Processing file /home/raj/Downloads/kafka_2.13-3.5.1/airflow-env/lib64/python3.11/site-packages/airflow/example_dags/example_setup_teardown_taskflow.py for tasks to queue
[2023-10-07T04:50:36.347+0530] {logging_mixin.py:151} INFO - [2023-10-07T04:50:36.346+0530] {dagbag.py:539} INFO - Filling up the DagBag from /home/raj/Downloads/kafka_2.13-3.5.1/airflow-env/lib64/python3.11/site-packages/airflow/example_dags/example_setup_teardown_taskflow.py
[2023-10-07T04:50:36.371+0530] {processor.py:839} INFO - DAG(s) dict_keys(['example_setup_teardown_taskflow']) retrieved from /home/raj/Downloads/kafka_2.13-3.5.1/airflow-env/lib64/python3.11/site-packages/airflow/example_dags/example_setup_teardown_taskflow.py
[2023-10-07T04:50:36.396+0530] {logging_mixin.py:151} INFO - [2023-10-07T04:50:36.396+0530] {dag.py:2915} INFO - Sync 1 DAGs
[2023-10-07T04:50:36.413+0530] {logging_mixin.py:151} INFO - [2023-10-07T04:50:36.413+0530] {dag.py:3696} INFO - Setting next_dagrun for example_setup_teardown_taskflow to 2023-10-05T23:20:36.412910+00:00, run_after=2023-10-06T23:20:36.412910+00:00
[2023-10-07T04:50:36.431+0530] {processor.py:179} INFO - Processing /home/raj/Downloads/kafka_2.13-3.5.1/airflow-env/lib64/python3.11/site-packages/airflow/example_dags/example_setup_teardown_taskflow.py took 0.103 seconds
[2023-10-07T04:51:24.984+0530] {processor.py:157} INFO - Started process (PID=11440) to work on /home/raj/Downloads/kafka_2.13-3.5.1/airflow-env/lib64/python3.11/site-packages/airflow/example_dags/example_setup_teardown_taskflow.py
[2023-10-07T04:51:24.995+0530] {processor.py:829} INFO - Processing file /home/raj/Downloads/kafka_2.13-3.5.1/airflow-env/lib64/python3.11/site-packages/airflow/example_dags/example_setup_teardown_taskflow.py for tasks to queue
[2023-10-07T04:51:24.997+0530] {logging_mixin.py:151} INFO - [2023-10-07T04:51:24.996+0530] {dagbag.py:539} INFO - Filling up the DagBag from /home/raj/Downloads/kafka_2.13-3.5.1/airflow-env/lib64/python3.11/site-packages/airflow/example_dags/example_setup_teardown_taskflow.py
[2023-10-07T04:51:25.018+0530] {processor.py:839} INFO - DAG(s) dict_keys(['example_setup_teardown_taskflow']) retrieved from /home/raj/Downloads/kafka_2.13-3.5.1/airflow-env/lib64/python3.11/site-packages/airflow/example_dags/example_setup_teardown_taskflow.py
[2023-10-07T04:51:25.046+0530] {logging_mixin.py:151} INFO - [2023-10-07T04:51:25.046+0530] {dag.py:2915} INFO - Sync 1 DAGs
[2023-10-07T04:51:25.062+0530] {logging_mixin.py:151} INFO - [2023-10-07T04:51:25.062+0530] {dag.py:3696} INFO - Setting next_dagrun for example_setup_teardown_taskflow to 2023-10-05T23:21:25.062434+00:00, run_after=2023-10-06T23:21:25.062434+00:00
[2023-10-07T04:51:25.080+0530] {processor.py:179} INFO - Processing /home/raj/Downloads/kafka_2.13-3.5.1/airflow-env/lib64/python3.11/site-packages/airflow/example_dags/example_setup_teardown_taskflow.py took 0.102 seconds
[2023-10-07T04:52:20.195+0530] {processor.py:157} INFO - Started process (PID=11720) to work on /home/raj/Downloads/kafka_2.13-3.5.1/airflow-env/lib64/python3.11/site-packages/airflow/example_dags/example_setup_teardown_taskflow.py
[2023-10-07T04:52:20.206+0530] {processor.py:829} INFO - Processing file /home/raj/Downloads/kafka_2.13-3.5.1/airflow-env/lib64/python3.11/site-packages/airflow/example_dags/example_setup_teardown_taskflow.py for tasks to queue
[2023-10-07T04:52:20.208+0530] {logging_mixin.py:151} INFO - [2023-10-07T04:52:20.207+0530] {dagbag.py:539} INFO - Filling up the DagBag from /home/raj/Downloads/kafka_2.13-3.5.1/airflow-env/lib64/python3.11/site-packages/airflow/example_dags/example_setup_teardown_taskflow.py
[2023-10-07T04:52:20.229+0530] {processor.py:839} INFO - DAG(s) dict_keys(['example_setup_teardown_taskflow']) retrieved from /home/raj/Downloads/kafka_2.13-3.5.1/airflow-env/lib64/python3.11/site-packages/airflow/example_dags/example_setup_teardown_taskflow.py
[2023-10-07T04:52:20.257+0530] {logging_mixin.py:151} INFO - [2023-10-07T04:52:20.257+0530] {dag.py:2915} INFO - Sync 1 DAGs
[2023-10-07T04:52:20.275+0530] {logging_mixin.py:151} INFO - [2023-10-07T04:52:20.275+0530] {dag.py:3696} INFO - Setting next_dagrun for example_setup_teardown_taskflow to 2023-10-05T23:22:20.275103+00:00, run_after=2023-10-06T23:22:20.275103+00:00
[2023-10-07T04:52:20.292+0530] {processor.py:179} INFO - Processing /home/raj/Downloads/kafka_2.13-3.5.1/airflow-env/lib64/python3.11/site-packages/airflow/example_dags/example_setup_teardown_taskflow.py took 0.102 seconds
[2023-10-07T04:53:14.109+0530] {processor.py:157} INFO - Started process (PID=11837) to work on /home/raj/Downloads/kafka_2.13-3.5.1/airflow-env/lib64/python3.11/site-packages/airflow/example_dags/example_setup_teardown_taskflow.py
[2023-10-07T04:53:14.120+0530] {processor.py:829} INFO - Processing file /home/raj/Downloads/kafka_2.13-3.5.1/airflow-env/lib64/python3.11/site-packages/airflow/example_dags/example_setup_teardown_taskflow.py for tasks to queue
[2023-10-07T04:53:14.122+0530] {logging_mixin.py:151} INFO - [2023-10-07T04:53:14.121+0530] {dagbag.py:539} INFO - Filling up the DagBag from /home/raj/Downloads/kafka_2.13-3.5.1/airflow-env/lib64/python3.11/site-packages/airflow/example_dags/example_setup_teardown_taskflow.py
[2023-10-07T04:53:14.134+0530] {processor.py:839} INFO - DAG(s) dict_keys(['example_setup_teardown_taskflow']) retrieved from /home/raj/Downloads/kafka_2.13-3.5.1/airflow-env/lib64/python3.11/site-packages/airflow/example_dags/example_setup_teardown_taskflow.py
[2023-10-07T04:53:14.153+0530] {logging_mixin.py:151} INFO - [2023-10-07T04:53:14.152+0530] {dag.py:2915} INFO - Sync 1 DAGs
[2023-10-07T04:53:14.174+0530] {logging_mixin.py:151} INFO - [2023-10-07T04:53:14.173+0530] {dag.py:3696} INFO - Setting next_dagrun for example_setup_teardown_taskflow to 2023-10-05T23:23:14.173631+00:00, run_after=2023-10-06T23:23:14.173631+00:00
[2023-10-07T04:53:14.197+0530] {processor.py:179} INFO - Processing /home/raj/Downloads/kafka_2.13-3.5.1/airflow-env/lib64/python3.11/site-packages/airflow/example_dags/example_setup_teardown_taskflow.py took 0.094 seconds
[2023-10-07T04:53:57.289+0530] {processor.py:157} INFO - Started process (PID=11961) to work on /home/raj/Downloads/kafka_2.13-3.5.1/airflow-env/lib64/python3.11/site-packages/airflow/example_dags/example_setup_teardown_taskflow.py
[2023-10-07T04:53:57.300+0530] {processor.py:829} INFO - Processing file /home/raj/Downloads/kafka_2.13-3.5.1/airflow-env/lib64/python3.11/site-packages/airflow/example_dags/example_setup_teardown_taskflow.py for tasks to queue
[2023-10-07T04:53:57.302+0530] {logging_mixin.py:151} INFO - [2023-10-07T04:53:57.301+0530] {dagbag.py:539} INFO - Filling up the DagBag from /home/raj/Downloads/kafka_2.13-3.5.1/airflow-env/lib64/python3.11/site-packages/airflow/example_dags/example_setup_teardown_taskflow.py
[2023-10-07T04:53:57.324+0530] {processor.py:839} INFO - DAG(s) dict_keys(['example_setup_teardown_taskflow']) retrieved from /home/raj/Downloads/kafka_2.13-3.5.1/airflow-env/lib64/python3.11/site-packages/airflow/example_dags/example_setup_teardown_taskflow.py
[2023-10-07T04:53:57.351+0530] {logging_mixin.py:151} INFO - [2023-10-07T04:53:57.350+0530] {dag.py:2915} INFO - Sync 1 DAGs
[2023-10-07T04:53:57.369+0530] {logging_mixin.py:151} INFO - [2023-10-07T04:53:57.369+0530] {dag.py:3696} INFO - Setting next_dagrun for example_setup_teardown_taskflow to 2023-10-05T23:23:57.369312+00:00, run_after=2023-10-06T23:23:57.369312+00:00
[2023-10-07T04:53:57.392+0530] {processor.py:179} INFO - Processing /home/raj/Downloads/kafka_2.13-3.5.1/airflow-env/lib64/python3.11/site-packages/airflow/example_dags/example_setup_teardown_taskflow.py took 0.108 seconds
[2023-10-07T04:54:50.232+0530] {processor.py:157} INFO - Started process (PID=12068) to work on /home/raj/Downloads/kafka_2.13-3.5.1/airflow-env/lib64/python3.11/site-packages/airflow/example_dags/example_setup_teardown_taskflow.py
[2023-10-07T04:54:50.244+0530] {processor.py:829} INFO - Processing file /home/raj/Downloads/kafka_2.13-3.5.1/airflow-env/lib64/python3.11/site-packages/airflow/example_dags/example_setup_teardown_taskflow.py for tasks to queue
[2023-10-07T04:54:50.245+0530] {logging_mixin.py:151} INFO - [2023-10-07T04:54:50.244+0530] {dagbag.py:539} INFO - Filling up the DagBag from /home/raj/Downloads/kafka_2.13-3.5.1/airflow-env/lib64/python3.11/site-packages/airflow/example_dags/example_setup_teardown_taskflow.py
[2023-10-07T04:54:50.254+0530] {processor.py:839} INFO - DAG(s) dict_keys(['example_setup_teardown_taskflow']) retrieved from /home/raj/Downloads/kafka_2.13-3.5.1/airflow-env/lib64/python3.11/site-packages/airflow/example_dags/example_setup_teardown_taskflow.py
[2023-10-07T04:54:50.271+0530] {logging_mixin.py:151} INFO - [2023-10-07T04:54:50.271+0530] {dag.py:2915} INFO - Sync 1 DAGs
[2023-10-07T04:54:50.292+0530] {logging_mixin.py:151} INFO - [2023-10-07T04:54:50.292+0530] {dag.py:3696} INFO - Setting next_dagrun for example_setup_teardown_taskflow to 2023-10-05T23:24:50.291910+00:00, run_after=2023-10-06T23:24:50.291910+00:00
[2023-10-07T04:54:50.313+0530] {processor.py:179} INFO - Processing /home/raj/Downloads/kafka_2.13-3.5.1/airflow-env/lib64/python3.11/site-packages/airflow/example_dags/example_setup_teardown_taskflow.py took 0.085 seconds
[2023-10-07T04:55:43.210+0530] {processor.py:157} INFO - Started process (PID=12209) to work on /home/raj/Downloads/kafka_2.13-3.5.1/airflow-env/lib64/python3.11/site-packages/airflow/example_dags/example_setup_teardown_taskflow.py
[2023-10-07T04:55:43.212+0530] {processor.py:829} INFO - Processing file /home/raj/Downloads/kafka_2.13-3.5.1/airflow-env/lib64/python3.11/site-packages/airflow/example_dags/example_setup_teardown_taskflow.py for tasks to queue
[2023-10-07T04:55:43.213+0530] {logging_mixin.py:151} INFO - [2023-10-07T04:55:43.213+0530] {dagbag.py:539} INFO - Filling up the DagBag from /home/raj/Downloads/kafka_2.13-3.5.1/airflow-env/lib64/python3.11/site-packages/airflow/example_dags/example_setup_teardown_taskflow.py
[2023-10-07T04:55:43.237+0530] {processor.py:839} INFO - DAG(s) dict_keys(['example_setup_teardown_taskflow']) retrieved from /home/raj/Downloads/kafka_2.13-3.5.1/airflow-env/lib64/python3.11/site-packages/airflow/example_dags/example_setup_teardown_taskflow.py
[2023-10-07T04:55:43.259+0530] {logging_mixin.py:151} INFO - [2023-10-07T04:55:43.258+0530] {dag.py:2915} INFO - Sync 1 DAGs
[2023-10-07T04:55:43.277+0530] {logging_mixin.py:151} INFO - [2023-10-07T04:55:43.276+0530] {dag.py:3696} INFO - Setting next_dagrun for example_setup_teardown_taskflow to 2023-10-05T23:25:43.276774+00:00, run_after=2023-10-06T23:25:43.276774+00:00
[2023-10-07T04:55:43.295+0530] {processor.py:179} INFO - Processing /home/raj/Downloads/kafka_2.13-3.5.1/airflow-env/lib64/python3.11/site-packages/airflow/example_dags/example_setup_teardown_taskflow.py took 0.092 seconds
[2023-10-07T04:56:29.126+0530] {processor.py:157} INFO - Started process (PID=12275) to work on /home/raj/Downloads/kafka_2.13-3.5.1/airflow-env/lib64/python3.11/site-packages/airflow/example_dags/example_setup_teardown_taskflow.py
[2023-10-07T04:56:29.136+0530] {processor.py:829} INFO - Processing file /home/raj/Downloads/kafka_2.13-3.5.1/airflow-env/lib64/python3.11/site-packages/airflow/example_dags/example_setup_teardown_taskflow.py for tasks to queue
[2023-10-07T04:56:29.138+0530] {logging_mixin.py:151} INFO - [2023-10-07T04:56:29.137+0530] {dagbag.py:539} INFO - Filling up the DagBag from /home/raj/Downloads/kafka_2.13-3.5.1/airflow-env/lib64/python3.11/site-packages/airflow/example_dags/example_setup_teardown_taskflow.py
[2023-10-07T04:56:29.150+0530] {processor.py:839} INFO - DAG(s) dict_keys(['example_setup_teardown_taskflow']) retrieved from /home/raj/Downloads/kafka_2.13-3.5.1/airflow-env/lib64/python3.11/site-packages/airflow/example_dags/example_setup_teardown_taskflow.py
[2023-10-07T04:56:29.166+0530] {logging_mixin.py:151} INFO - [2023-10-07T04:56:29.165+0530] {dag.py:2915} INFO - Sync 1 DAGs
[2023-10-07T04:56:29.189+0530] {logging_mixin.py:151} INFO - [2023-10-07T04:56:29.189+0530] {dag.py:3696} INFO - Setting next_dagrun for example_setup_teardown_taskflow to 2023-10-05T23:26:29.188950+00:00, run_after=2023-10-06T23:26:29.188950+00:00
[2023-10-07T04:56:29.213+0530] {processor.py:179} INFO - Processing /home/raj/Downloads/kafka_2.13-3.5.1/airflow-env/lib64/python3.11/site-packages/airflow/example_dags/example_setup_teardown_taskflow.py took 0.090 seconds
[2023-10-07T04:57:15.830+0530] {processor.py:157} INFO - Started process (PID=12415) to work on /home/raj/Downloads/kafka_2.13-3.5.1/airflow-env/lib64/python3.11/site-packages/airflow/example_dags/example_setup_teardown_taskflow.py
[2023-10-07T04:57:15.841+0530] {processor.py:829} INFO - Processing file /home/raj/Downloads/kafka_2.13-3.5.1/airflow-env/lib64/python3.11/site-packages/airflow/example_dags/example_setup_teardown_taskflow.py for tasks to queue
[2023-10-07T04:57:15.843+0530] {logging_mixin.py:151} INFO - [2023-10-07T04:57:15.842+0530] {dagbag.py:539} INFO - Filling up the DagBag from /home/raj/Downloads/kafka_2.13-3.5.1/airflow-env/lib64/python3.11/site-packages/airflow/example_dags/example_setup_teardown_taskflow.py
[2023-10-07T04:57:15.864+0530] {processor.py:839} INFO - DAG(s) dict_keys(['example_setup_teardown_taskflow']) retrieved from /home/raj/Downloads/kafka_2.13-3.5.1/airflow-env/lib64/python3.11/site-packages/airflow/example_dags/example_setup_teardown_taskflow.py
[2023-10-07T04:57:15.887+0530] {logging_mixin.py:151} INFO - [2023-10-07T04:57:15.887+0530] {dag.py:2915} INFO - Sync 1 DAGs
[2023-10-07T04:57:15.904+0530] {logging_mixin.py:151} INFO - [2023-10-07T04:57:15.903+0530] {dag.py:3696} INFO - Setting next_dagrun for example_setup_teardown_taskflow to 2023-10-05T23:27:15.903677+00:00, run_after=2023-10-06T23:27:15.903677+00:00
[2023-10-07T04:57:15.922+0530] {processor.py:179} INFO - Processing /home/raj/Downloads/kafka_2.13-3.5.1/airflow-env/lib64/python3.11/site-packages/airflow/example_dags/example_setup_teardown_taskflow.py took 0.097 seconds
[2023-10-07T04:58:05.183+0530] {processor.py:157} INFO - Started process (PID=12500) to work on /home/raj/Downloads/kafka_2.13-3.5.1/airflow-env/lib64/python3.11/site-packages/airflow/example_dags/example_setup_teardown_taskflow.py
[2023-10-07T04:58:05.195+0530] {processor.py:829} INFO - Processing file /home/raj/Downloads/kafka_2.13-3.5.1/airflow-env/lib64/python3.11/site-packages/airflow/example_dags/example_setup_teardown_taskflow.py for tasks to queue
[2023-10-07T04:58:05.196+0530] {logging_mixin.py:151} INFO - [2023-10-07T04:58:05.196+0530] {dagbag.py:539} INFO - Filling up the DagBag from /home/raj/Downloads/kafka_2.13-3.5.1/airflow-env/lib64/python3.11/site-packages/airflow/example_dags/example_setup_teardown_taskflow.py
[2023-10-07T04:58:05.221+0530] {processor.py:839} INFO - DAG(s) dict_keys(['example_setup_teardown_taskflow']) retrieved from /home/raj/Downloads/kafka_2.13-3.5.1/airflow-env/lib64/python3.11/site-packages/airflow/example_dags/example_setup_teardown_taskflow.py
[2023-10-07T04:58:05.248+0530] {logging_mixin.py:151} INFO - [2023-10-07T04:58:05.247+0530] {dag.py:2915} INFO - Sync 1 DAGs
[2023-10-07T04:58:05.264+0530] {logging_mixin.py:151} INFO - [2023-10-07T04:58:05.264+0530] {dag.py:3696} INFO - Setting next_dagrun for example_setup_teardown_taskflow to 2023-10-05T23:28:05.264250+00:00, run_after=2023-10-06T23:28:05.264250+00:00
[2023-10-07T04:58:05.285+0530] {processor.py:179} INFO - Processing /home/raj/Downloads/kafka_2.13-3.5.1/airflow-env/lib64/python3.11/site-packages/airflow/example_dags/example_setup_teardown_taskflow.py took 0.107 seconds
[2023-10-07T04:58:57.181+0530] {processor.py:157} INFO - Started process (PID=12633) to work on /home/raj/Downloads/kafka_2.13-3.5.1/airflow-env/lib64/python3.11/site-packages/airflow/example_dags/example_setup_teardown_taskflow.py
[2023-10-07T04:58:57.183+0530] {processor.py:829} INFO - Processing file /home/raj/Downloads/kafka_2.13-3.5.1/airflow-env/lib64/python3.11/site-packages/airflow/example_dags/example_setup_teardown_taskflow.py for tasks to queue
[2023-10-07T04:58:57.184+0530] {logging_mixin.py:151} INFO - [2023-10-07T04:58:57.183+0530] {dagbag.py:539} INFO - Filling up the DagBag from /home/raj/Downloads/kafka_2.13-3.5.1/airflow-env/lib64/python3.11/site-packages/airflow/example_dags/example_setup_teardown_taskflow.py
[2023-10-07T04:58:57.196+0530] {processor.py:839} INFO - DAG(s) dict_keys(['example_setup_teardown_taskflow']) retrieved from /home/raj/Downloads/kafka_2.13-3.5.1/airflow-env/lib64/python3.11/site-packages/airflow/example_dags/example_setup_teardown_taskflow.py
[2023-10-07T04:58:57.215+0530] {logging_mixin.py:151} INFO - [2023-10-07T04:58:57.215+0530] {dag.py:2915} INFO - Sync 1 DAGs
[2023-10-07T04:58:57.242+0530] {logging_mixin.py:151} INFO - [2023-10-07T04:58:57.241+0530] {dag.py:3696} INFO - Setting next_dagrun for example_setup_teardown_taskflow to 2023-10-05T23:28:57.241705+00:00, run_after=2023-10-06T23:28:57.241705+00:00
[2023-10-07T04:58:57.270+0530] {processor.py:179} INFO - Processing /home/raj/Downloads/kafka_2.13-3.5.1/airflow-env/lib64/python3.11/site-packages/airflow/example_dags/example_setup_teardown_taskflow.py took 0.092 seconds
