[2023-10-07T04:00:03.537+0530] {processor.py:157} INFO - Started process (PID=18111) to work on /home/raj/Downloads/kafka_2.13-3.5.1/airflow-env/lib64/python3.11/site-packages/airflow/example_dags/example_latest_only_with_trigger.py
[2023-10-07T04:00:03.539+0530] {processor.py:829} INFO - Processing file /home/raj/Downloads/kafka_2.13-3.5.1/airflow-env/lib64/python3.11/site-packages/airflow/example_dags/example_latest_only_with_trigger.py for tasks to queue
[2023-10-07T04:00:03.540+0530] {logging_mixin.py:151} INFO - [2023-10-07T04:00:03.539+0530] {dagbag.py:539} INFO - Filling up the DagBag from /home/raj/Downloads/kafka_2.13-3.5.1/airflow-env/lib64/python3.11/site-packages/airflow/example_dags/example_latest_only_with_trigger.py
[2023-10-07T04:00:03.552+0530] {processor.py:839} INFO - DAG(s) dict_keys(['latest_only_with_trigger']) retrieved from /home/raj/Downloads/kafka_2.13-3.5.1/airflow-env/lib64/python3.11/site-packages/airflow/example_dags/example_latest_only_with_trigger.py
[2023-10-07T04:00:03.661+0530] {logging_mixin.py:151} INFO - [2023-10-07T04:00:03.661+0530] {manager.py:499} INFO - Created Permission View: %s
[2023-10-07T04:00:03.674+0530] {logging_mixin.py:151} INFO - [2023-10-07T04:00:03.674+0530] {manager.py:499} INFO - Created Permission View: %s
[2023-10-07T04:00:03.684+0530] {logging_mixin.py:151} INFO - [2023-10-07T04:00:03.683+0530] {manager.py:499} INFO - Created Permission View: %s
[2023-10-07T04:00:03.684+0530] {logging_mixin.py:151} INFO - [2023-10-07T04:00:03.684+0530] {security.py:708} INFO - Not syncing DAG-level permissions for DAG 'DAG:latest_only_with_trigger' as access control is unset.
[2023-10-07T04:00:03.684+0530] {logging_mixin.py:151} INFO - [2023-10-07T04:00:03.684+0530] {dag.py:2915} INFO - Sync 1 DAGs
[2023-10-07T04:00:03.697+0530] {logging_mixin.py:151} INFO - [2023-10-07T04:00:03.697+0530] {dag.py:2937} INFO - Creating ORM DAG for latest_only_with_trigger
[2023-10-07T04:00:03.706+0530] {logging_mixin.py:151} INFO - [2023-10-07T04:00:03.706+0530] {dag.py:3696} INFO - Setting next_dagrun for latest_only_with_trigger to 2023-10-06T18:30:03.706195+00:00, run_after=2023-10-06T22:30:03.706195+00:00
[2023-10-07T04:00:03.726+0530] {processor.py:179} INFO - Processing /home/raj/Downloads/kafka_2.13-3.5.1/airflow-env/lib64/python3.11/site-packages/airflow/example_dags/example_latest_only_with_trigger.py took 0.194 seconds
[2023-10-07T04:00:51.800+0530] {processor.py:157} INFO - Started process (PID=18161) to work on /home/raj/Downloads/kafka_2.13-3.5.1/airflow-env/lib64/python3.11/site-packages/airflow/example_dags/example_latest_only_with_trigger.py
[2023-10-07T04:00:51.801+0530] {processor.py:829} INFO - Processing file /home/raj/Downloads/kafka_2.13-3.5.1/airflow-env/lib64/python3.11/site-packages/airflow/example_dags/example_latest_only_with_trigger.py for tasks to queue
[2023-10-07T04:00:51.803+0530] {logging_mixin.py:151} INFO - [2023-10-07T04:00:51.802+0530] {dagbag.py:539} INFO - Filling up the DagBag from /home/raj/Downloads/kafka_2.13-3.5.1/airflow-env/lib64/python3.11/site-packages/airflow/example_dags/example_latest_only_with_trigger.py
[2023-10-07T04:00:51.817+0530] {processor.py:839} INFO - DAG(s) dict_keys(['latest_only_with_trigger']) retrieved from /home/raj/Downloads/kafka_2.13-3.5.1/airflow-env/lib64/python3.11/site-packages/airflow/example_dags/example_latest_only_with_trigger.py
[2023-10-07T04:00:51.834+0530] {logging_mixin.py:151} INFO - [2023-10-07T04:00:51.834+0530] {dag.py:2915} INFO - Sync 1 DAGs
[2023-10-07T04:00:51.855+0530] {logging_mixin.py:151} INFO - [2023-10-07T04:00:51.855+0530] {dag.py:3696} INFO - Setting next_dagrun for latest_only_with_trigger to 2023-10-06T18:30:51.855546+00:00, run_after=2023-10-06T22:30:51.855546+00:00
[2023-10-07T04:00:51.889+0530] {processor.py:179} INFO - Processing /home/raj/Downloads/kafka_2.13-3.5.1/airflow-env/lib64/python3.11/site-packages/airflow/example_dags/example_latest_only_with_trigger.py took 0.094 seconds
[2023-10-07T04:01:40.529+0530] {processor.py:157} INFO - Started process (PID=18308) to work on /home/raj/Downloads/kafka_2.13-3.5.1/airflow-env/lib64/python3.11/site-packages/airflow/example_dags/example_latest_only_with_trigger.py
[2023-10-07T04:01:40.530+0530] {processor.py:829} INFO - Processing file /home/raj/Downloads/kafka_2.13-3.5.1/airflow-env/lib64/python3.11/site-packages/airflow/example_dags/example_latest_only_with_trigger.py for tasks to queue
[2023-10-07T04:01:40.532+0530] {logging_mixin.py:151} INFO - [2023-10-07T04:01:40.531+0530] {dagbag.py:539} INFO - Filling up the DagBag from /home/raj/Downloads/kafka_2.13-3.5.1/airflow-env/lib64/python3.11/site-packages/airflow/example_dags/example_latest_only_with_trigger.py
[2023-10-07T04:01:40.542+0530] {processor.py:839} INFO - DAG(s) dict_keys(['latest_only_with_trigger']) retrieved from /home/raj/Downloads/kafka_2.13-3.5.1/airflow-env/lib64/python3.11/site-packages/airflow/example_dags/example_latest_only_with_trigger.py
[2023-10-07T04:01:40.565+0530] {logging_mixin.py:151} INFO - [2023-10-07T04:01:40.564+0530] {dag.py:2915} INFO - Sync 1 DAGs
[2023-10-07T04:01:40.583+0530] {logging_mixin.py:151} INFO - [2023-10-07T04:01:40.583+0530] {dag.py:3696} INFO - Setting next_dagrun for latest_only_with_trigger to 2023-10-06T18:31:40.582959+00:00, run_after=2023-10-06T22:31:40.582959+00:00
[2023-10-07T04:01:40.614+0530] {processor.py:179} INFO - Processing /home/raj/Downloads/kafka_2.13-3.5.1/airflow-env/lib64/python3.11/site-packages/airflow/example_dags/example_latest_only_with_trigger.py took 0.091 seconds
[2023-10-07T04:02:35.624+0530] {processor.py:157} INFO - Started process (PID=18431) to work on /home/raj/Downloads/kafka_2.13-3.5.1/airflow-env/lib64/python3.11/site-packages/airflow/example_dags/example_latest_only_with_trigger.py
[2023-10-07T04:02:35.635+0530] {processor.py:829} INFO - Processing file /home/raj/Downloads/kafka_2.13-3.5.1/airflow-env/lib64/python3.11/site-packages/airflow/example_dags/example_latest_only_with_trigger.py for tasks to queue
[2023-10-07T04:02:35.636+0530] {logging_mixin.py:151} INFO - [2023-10-07T04:02:35.635+0530] {dagbag.py:539} INFO - Filling up the DagBag from /home/raj/Downloads/kafka_2.13-3.5.1/airflow-env/lib64/python3.11/site-packages/airflow/example_dags/example_latest_only_with_trigger.py
[2023-10-07T04:02:35.641+0530] {processor.py:839} INFO - DAG(s) dict_keys(['latest_only_with_trigger']) retrieved from /home/raj/Downloads/kafka_2.13-3.5.1/airflow-env/lib64/python3.11/site-packages/airflow/example_dags/example_latest_only_with_trigger.py
[2023-10-07T04:02:35.657+0530] {logging_mixin.py:151} INFO - [2023-10-07T04:02:35.657+0530] {dag.py:2915} INFO - Sync 1 DAGs
[2023-10-07T04:02:35.674+0530] {logging_mixin.py:151} INFO - [2023-10-07T04:02:35.674+0530] {dag.py:3696} INFO - Setting next_dagrun for latest_only_with_trigger to 2023-10-06T18:32:35.673876+00:00, run_after=2023-10-06T22:32:35.673876+00:00
[2023-10-07T04:02:35.691+0530] {processor.py:179} INFO - Processing /home/raj/Downloads/kafka_2.13-3.5.1/airflow-env/lib64/python3.11/site-packages/airflow/example_dags/example_latest_only_with_trigger.py took 0.070 seconds
[2023-10-07T04:03:27.208+0530] {processor.py:157} INFO - Started process (PID=18653) to work on /home/raj/Downloads/kafka_2.13-3.5.1/airflow-env/lib64/python3.11/site-packages/airflow/example_dags/example_latest_only_with_trigger.py
[2023-10-07T04:03:27.220+0530] {processor.py:829} INFO - Processing file /home/raj/Downloads/kafka_2.13-3.5.1/airflow-env/lib64/python3.11/site-packages/airflow/example_dags/example_latest_only_with_trigger.py for tasks to queue
[2023-10-07T04:03:27.221+0530] {logging_mixin.py:151} INFO - [2023-10-07T04:03:27.220+0530] {dagbag.py:539} INFO - Filling up the DagBag from /home/raj/Downloads/kafka_2.13-3.5.1/airflow-env/lib64/python3.11/site-packages/airflow/example_dags/example_latest_only_with_trigger.py
[2023-10-07T04:03:27.233+0530] {processor.py:839} INFO - DAG(s) dict_keys(['latest_only_with_trigger']) retrieved from /home/raj/Downloads/kafka_2.13-3.5.1/airflow-env/lib64/python3.11/site-packages/airflow/example_dags/example_latest_only_with_trigger.py
[2023-10-07T04:03:27.250+0530] {logging_mixin.py:151} INFO - [2023-10-07T04:03:27.250+0530] {dag.py:2915} INFO - Sync 1 DAGs
[2023-10-07T04:03:27.266+0530] {logging_mixin.py:151} INFO - [2023-10-07T04:03:27.266+0530] {dag.py:3696} INFO - Setting next_dagrun for latest_only_with_trigger to 2023-10-06T18:33:27.266169+00:00, run_after=2023-10-06T22:33:27.266169+00:00
[2023-10-07T04:03:27.287+0530] {processor.py:179} INFO - Processing /home/raj/Downloads/kafka_2.13-3.5.1/airflow-env/lib64/python3.11/site-packages/airflow/example_dags/example_latest_only_with_trigger.py took 0.083 seconds
[2023-10-07T04:04:12.868+0530] {processor.py:157} INFO - Started process (PID=18712) to work on /home/raj/Downloads/kafka_2.13-3.5.1/airflow-env/lib64/python3.11/site-packages/airflow/example_dags/example_latest_only_with_trigger.py
[2023-10-07T04:04:12.879+0530] {processor.py:829} INFO - Processing file /home/raj/Downloads/kafka_2.13-3.5.1/airflow-env/lib64/python3.11/site-packages/airflow/example_dags/example_latest_only_with_trigger.py for tasks to queue
[2023-10-07T04:04:12.881+0530] {logging_mixin.py:151} INFO - [2023-10-07T04:04:12.880+0530] {dagbag.py:539} INFO - Filling up the DagBag from /home/raj/Downloads/kafka_2.13-3.5.1/airflow-env/lib64/python3.11/site-packages/airflow/example_dags/example_latest_only_with_trigger.py
[2023-10-07T04:04:12.894+0530] {processor.py:839} INFO - DAG(s) dict_keys(['latest_only_with_trigger']) retrieved from /home/raj/Downloads/kafka_2.13-3.5.1/airflow-env/lib64/python3.11/site-packages/airflow/example_dags/example_latest_only_with_trigger.py
[2023-10-07T04:04:12.928+0530] {logging_mixin.py:151} INFO - [2023-10-07T04:04:12.928+0530] {dag.py:2915} INFO - Sync 1 DAGs
[2023-10-07T04:04:12.944+0530] {logging_mixin.py:151} INFO - [2023-10-07T04:04:12.944+0530] {dag.py:3696} INFO - Setting next_dagrun for latest_only_with_trigger to 2023-10-06T18:34:12.944096+00:00, run_after=2023-10-06T22:34:12.944096+00:00
[2023-10-07T04:04:12.962+0530] {processor.py:179} INFO - Processing /home/raj/Downloads/kafka_2.13-3.5.1/airflow-env/lib64/python3.11/site-packages/airflow/example_dags/example_latest_only_with_trigger.py took 0.100 seconds
[2023-10-07T04:05:02.392+0530] {processor.py:157} INFO - Started process (PID=18902) to work on /home/raj/Downloads/kafka_2.13-3.5.1/airflow-env/lib64/python3.11/site-packages/airflow/example_dags/example_latest_only_with_trigger.py
[2023-10-07T04:05:02.403+0530] {processor.py:829} INFO - Processing file /home/raj/Downloads/kafka_2.13-3.5.1/airflow-env/lib64/python3.11/site-packages/airflow/example_dags/example_latest_only_with_trigger.py for tasks to queue
[2023-10-07T04:05:02.404+0530] {logging_mixin.py:151} INFO - [2023-10-07T04:05:02.404+0530] {dagbag.py:539} INFO - Filling up the DagBag from /home/raj/Downloads/kafka_2.13-3.5.1/airflow-env/lib64/python3.11/site-packages/airflow/example_dags/example_latest_only_with_trigger.py
[2023-10-07T04:05:02.415+0530] {processor.py:839} INFO - DAG(s) dict_keys(['latest_only_with_trigger']) retrieved from /home/raj/Downloads/kafka_2.13-3.5.1/airflow-env/lib64/python3.11/site-packages/airflow/example_dags/example_latest_only_with_trigger.py
[2023-10-07T04:05:02.449+0530] {logging_mixin.py:151} INFO - [2023-10-07T04:05:02.449+0530] {dag.py:2915} INFO - Sync 1 DAGs
[2023-10-07T04:05:02.469+0530] {logging_mixin.py:151} INFO - [2023-10-07T04:05:02.469+0530] {dag.py:3696} INFO - Setting next_dagrun for latest_only_with_trigger to 2023-10-06T18:35:02.469550+00:00, run_after=2023-10-06T22:35:02.469550+00:00
[2023-10-07T04:05:02.493+0530] {processor.py:179} INFO - Processing /home/raj/Downloads/kafka_2.13-3.5.1/airflow-env/lib64/python3.11/site-packages/airflow/example_dags/example_latest_only_with_trigger.py took 0.106 seconds
[2023-10-07T04:05:54.779+0530] {processor.py:157} INFO - Started process (PID=19003) to work on /home/raj/Downloads/kafka_2.13-3.5.1/airflow-env/lib64/python3.11/site-packages/airflow/example_dags/example_latest_only_with_trigger.py
[2023-10-07T04:05:54.790+0530] {processor.py:829} INFO - Processing file /home/raj/Downloads/kafka_2.13-3.5.1/airflow-env/lib64/python3.11/site-packages/airflow/example_dags/example_latest_only_with_trigger.py for tasks to queue
[2023-10-07T04:05:54.792+0530] {logging_mixin.py:151} INFO - [2023-10-07T04:05:54.791+0530] {dagbag.py:539} INFO - Filling up the DagBag from /home/raj/Downloads/kafka_2.13-3.5.1/airflow-env/lib64/python3.11/site-packages/airflow/example_dags/example_latest_only_with_trigger.py
[2023-10-07T04:05:54.804+0530] {processor.py:839} INFO - DAG(s) dict_keys(['latest_only_with_trigger']) retrieved from /home/raj/Downloads/kafka_2.13-3.5.1/airflow-env/lib64/python3.11/site-packages/airflow/example_dags/example_latest_only_with_trigger.py
[2023-10-07T04:05:54.836+0530] {logging_mixin.py:151} INFO - [2023-10-07T04:05:54.836+0530] {dag.py:2915} INFO - Sync 1 DAGs
[2023-10-07T04:05:54.852+0530] {logging_mixin.py:151} INFO - [2023-10-07T04:05:54.852+0530] {dag.py:3696} INFO - Setting next_dagrun for latest_only_with_trigger to 2023-10-06T18:35:54.851894+00:00, run_after=2023-10-06T22:35:54.851894+00:00
[2023-10-07T04:05:54.871+0530] {processor.py:179} INFO - Processing /home/raj/Downloads/kafka_2.13-3.5.1/airflow-env/lib64/python3.11/site-packages/airflow/example_dags/example_latest_only_with_trigger.py took 0.098 seconds
[2023-10-07T04:06:50.213+0530] {processor.py:157} INFO - Started process (PID=19159) to work on /home/raj/Downloads/kafka_2.13-3.5.1/airflow-env/lib64/python3.11/site-packages/airflow/example_dags/example_latest_only_with_trigger.py
[2023-10-07T04:06:50.224+0530] {processor.py:829} INFO - Processing file /home/raj/Downloads/kafka_2.13-3.5.1/airflow-env/lib64/python3.11/site-packages/airflow/example_dags/example_latest_only_with_trigger.py for tasks to queue
[2023-10-07T04:06:50.226+0530] {logging_mixin.py:151} INFO - [2023-10-07T04:06:50.225+0530] {dagbag.py:539} INFO - Filling up the DagBag from /home/raj/Downloads/kafka_2.13-3.5.1/airflow-env/lib64/python3.11/site-packages/airflow/example_dags/example_latest_only_with_trigger.py
[2023-10-07T04:06:50.246+0530] {processor.py:839} INFO - DAG(s) dict_keys(['latest_only_with_trigger']) retrieved from /home/raj/Downloads/kafka_2.13-3.5.1/airflow-env/lib64/python3.11/site-packages/airflow/example_dags/example_latest_only_with_trigger.py
[2023-10-07T04:06:50.275+0530] {logging_mixin.py:151} INFO - [2023-10-07T04:06:50.274+0530] {dag.py:2915} INFO - Sync 1 DAGs
[2023-10-07T04:06:50.296+0530] {logging_mixin.py:151} INFO - [2023-10-07T04:06:50.295+0530] {dag.py:3696} INFO - Setting next_dagrun for latest_only_with_trigger to 2023-10-06T18:36:50.295644+00:00, run_after=2023-10-06T22:36:50.295644+00:00
[2023-10-07T04:06:50.320+0530] {processor.py:179} INFO - Processing /home/raj/Downloads/kafka_2.13-3.5.1/airflow-env/lib64/python3.11/site-packages/airflow/example_dags/example_latest_only_with_trigger.py took 0.114 seconds
[2023-10-07T04:07:47.012+0530] {processor.py:157} INFO - Started process (PID=19220) to work on /home/raj/Downloads/kafka_2.13-3.5.1/airflow-env/lib64/python3.11/site-packages/airflow/example_dags/example_latest_only_with_trigger.py
[2023-10-07T04:07:47.023+0530] {processor.py:829} INFO - Processing file /home/raj/Downloads/kafka_2.13-3.5.1/airflow-env/lib64/python3.11/site-packages/airflow/example_dags/example_latest_only_with_trigger.py for tasks to queue
[2023-10-07T04:07:47.025+0530] {logging_mixin.py:151} INFO - [2023-10-07T04:07:47.024+0530] {dagbag.py:539} INFO - Filling up the DagBag from /home/raj/Downloads/kafka_2.13-3.5.1/airflow-env/lib64/python3.11/site-packages/airflow/example_dags/example_latest_only_with_trigger.py
[2023-10-07T04:07:47.037+0530] {processor.py:839} INFO - DAG(s) dict_keys(['latest_only_with_trigger']) retrieved from /home/raj/Downloads/kafka_2.13-3.5.1/airflow-env/lib64/python3.11/site-packages/airflow/example_dags/example_latest_only_with_trigger.py
[2023-10-07T04:07:47.071+0530] {logging_mixin.py:151} INFO - [2023-10-07T04:07:47.070+0530] {dag.py:2915} INFO - Sync 1 DAGs
[2023-10-07T04:07:47.086+0530] {logging_mixin.py:151} INFO - [2023-10-07T04:07:47.086+0530] {dag.py:3696} INFO - Setting next_dagrun for latest_only_with_trigger to 2023-10-06T18:37:47.086176+00:00, run_after=2023-10-06T22:37:47.086176+00:00
[2023-10-07T04:07:47.104+0530] {processor.py:179} INFO - Processing /home/raj/Downloads/kafka_2.13-3.5.1/airflow-env/lib64/python3.11/site-packages/airflow/example_dags/example_latest_only_with_trigger.py took 0.098 seconds
[2023-10-07T04:08:40.007+0530] {processor.py:157} INFO - Started process (PID=19275) to work on /home/raj/Downloads/kafka_2.13-3.5.1/airflow-env/lib64/python3.11/site-packages/airflow/example_dags/example_latest_only_with_trigger.py
[2023-10-07T04:08:40.019+0530] {processor.py:829} INFO - Processing file /home/raj/Downloads/kafka_2.13-3.5.1/airflow-env/lib64/python3.11/site-packages/airflow/example_dags/example_latest_only_with_trigger.py for tasks to queue
[2023-10-07T04:08:40.020+0530] {logging_mixin.py:151} INFO - [2023-10-07T04:08:40.019+0530] {dagbag.py:539} INFO - Filling up the DagBag from /home/raj/Downloads/kafka_2.13-3.5.1/airflow-env/lib64/python3.11/site-packages/airflow/example_dags/example_latest_only_with_trigger.py
[2023-10-07T04:08:40.032+0530] {processor.py:839} INFO - DAG(s) dict_keys(['latest_only_with_trigger']) retrieved from /home/raj/Downloads/kafka_2.13-3.5.1/airflow-env/lib64/python3.11/site-packages/airflow/example_dags/example_latest_only_with_trigger.py
[2023-10-07T04:08:40.064+0530] {logging_mixin.py:151} INFO - [2023-10-07T04:08:40.063+0530] {dag.py:2915} INFO - Sync 1 DAGs
[2023-10-07T04:08:40.082+0530] {logging_mixin.py:151} INFO - [2023-10-07T04:08:40.082+0530] {dag.py:3696} INFO - Setting next_dagrun for latest_only_with_trigger to 2023-10-06T18:38:40.082310+00:00, run_after=2023-10-06T22:38:40.082310+00:00
[2023-10-07T04:08:40.104+0530] {processor.py:179} INFO - Processing /home/raj/Downloads/kafka_2.13-3.5.1/airflow-env/lib64/python3.11/site-packages/airflow/example_dags/example_latest_only_with_trigger.py took 0.103 seconds
[2023-10-07T04:09:33.387+0530] {processor.py:157} INFO - Started process (PID=19332) to work on /home/raj/Downloads/kafka_2.13-3.5.1/airflow-env/lib64/python3.11/site-packages/airflow/example_dags/example_latest_only_with_trigger.py
[2023-10-07T04:09:33.398+0530] {processor.py:829} INFO - Processing file /home/raj/Downloads/kafka_2.13-3.5.1/airflow-env/lib64/python3.11/site-packages/airflow/example_dags/example_latest_only_with_trigger.py for tasks to queue
[2023-10-07T04:09:33.400+0530] {logging_mixin.py:151} INFO - [2023-10-07T04:09:33.400+0530] {dagbag.py:539} INFO - Filling up the DagBag from /home/raj/Downloads/kafka_2.13-3.5.1/airflow-env/lib64/python3.11/site-packages/airflow/example_dags/example_latest_only_with_trigger.py
[2023-10-07T04:09:33.411+0530] {processor.py:839} INFO - DAG(s) dict_keys(['latest_only_with_trigger']) retrieved from /home/raj/Downloads/kafka_2.13-3.5.1/airflow-env/lib64/python3.11/site-packages/airflow/example_dags/example_latest_only_with_trigger.py
[2023-10-07T04:09:33.442+0530] {logging_mixin.py:151} INFO - [2023-10-07T04:09:33.442+0530] {dag.py:2915} INFO - Sync 1 DAGs
[2023-10-07T04:09:33.462+0530] {logging_mixin.py:151} INFO - [2023-10-07T04:09:33.462+0530] {dag.py:3696} INFO - Setting next_dagrun for latest_only_with_trigger to 2023-10-06T18:39:33.461985+00:00, run_after=2023-10-06T22:39:33.461985+00:00
[2023-10-07T04:09:33.483+0530] {processor.py:179} INFO - Processing /home/raj/Downloads/kafka_2.13-3.5.1/airflow-env/lib64/python3.11/site-packages/airflow/example_dags/example_latest_only_with_trigger.py took 0.101 seconds
[2023-10-07T04:10:22.638+0530] {processor.py:157} INFO - Started process (PID=19392) to work on /home/raj/Downloads/kafka_2.13-3.5.1/airflow-env/lib64/python3.11/site-packages/airflow/example_dags/example_latest_only_with_trigger.py
[2023-10-07T04:10:22.648+0530] {processor.py:829} INFO - Processing file /home/raj/Downloads/kafka_2.13-3.5.1/airflow-env/lib64/python3.11/site-packages/airflow/example_dags/example_latest_only_with_trigger.py for tasks to queue
[2023-10-07T04:10:22.650+0530] {logging_mixin.py:151} INFO - [2023-10-07T04:10:22.649+0530] {dagbag.py:539} INFO - Filling up the DagBag from /home/raj/Downloads/kafka_2.13-3.5.1/airflow-env/lib64/python3.11/site-packages/airflow/example_dags/example_latest_only_with_trigger.py
[2023-10-07T04:10:22.658+0530] {processor.py:839} INFO - DAG(s) dict_keys(['latest_only_with_trigger']) retrieved from /home/raj/Downloads/kafka_2.13-3.5.1/airflow-env/lib64/python3.11/site-packages/airflow/example_dags/example_latest_only_with_trigger.py
[2023-10-07T04:10:22.687+0530] {logging_mixin.py:151} INFO - [2023-10-07T04:10:22.687+0530] {dag.py:2915} INFO - Sync 1 DAGs
[2023-10-07T04:10:22.710+0530] {logging_mixin.py:151} INFO - [2023-10-07T04:10:22.710+0530] {dag.py:3696} INFO - Setting next_dagrun for latest_only_with_trigger to 2023-10-06T18:40:22.710013+00:00, run_after=2023-10-06T22:40:22.710013+00:00
[2023-10-07T04:10:22.730+0530] {processor.py:179} INFO - Processing /home/raj/Downloads/kafka_2.13-3.5.1/airflow-env/lib64/python3.11/site-packages/airflow/example_dags/example_latest_only_with_trigger.py took 0.095 seconds
[2023-10-07T04:11:14.725+0530] {processor.py:157} INFO - Started process (PID=19456) to work on /home/raj/Downloads/kafka_2.13-3.5.1/airflow-env/lib64/python3.11/site-packages/airflow/example_dags/example_latest_only_with_trigger.py
[2023-10-07T04:11:14.735+0530] {processor.py:829} INFO - Processing file /home/raj/Downloads/kafka_2.13-3.5.1/airflow-env/lib64/python3.11/site-packages/airflow/example_dags/example_latest_only_with_trigger.py for tasks to queue
[2023-10-07T04:11:14.736+0530] {logging_mixin.py:151} INFO - [2023-10-07T04:11:14.736+0530] {dagbag.py:539} INFO - Filling up the DagBag from /home/raj/Downloads/kafka_2.13-3.5.1/airflow-env/lib64/python3.11/site-packages/airflow/example_dags/example_latest_only_with_trigger.py
[2023-10-07T04:11:14.741+0530] {processor.py:839} INFO - DAG(s) dict_keys(['latest_only_with_trigger']) retrieved from /home/raj/Downloads/kafka_2.13-3.5.1/airflow-env/lib64/python3.11/site-packages/airflow/example_dags/example_latest_only_with_trigger.py
[2023-10-07T04:11:14.756+0530] {logging_mixin.py:151} INFO - [2023-10-07T04:11:14.756+0530] {dag.py:2915} INFO - Sync 1 DAGs
[2023-10-07T04:11:14.773+0530] {logging_mixin.py:151} INFO - [2023-10-07T04:11:14.772+0530] {dag.py:3696} INFO - Setting next_dagrun for latest_only_with_trigger to 2023-10-06T18:41:14.772651+00:00, run_after=2023-10-06T22:41:14.772651+00:00
[2023-10-07T04:11:14.793+0530] {processor.py:179} INFO - Processing /home/raj/Downloads/kafka_2.13-3.5.1/airflow-env/lib64/python3.11/site-packages/airflow/example_dags/example_latest_only_with_trigger.py took 0.072 seconds
[2023-10-07T04:12:06.803+0530] {processor.py:157} INFO - Started process (PID=19530) to work on /home/raj/Downloads/kafka_2.13-3.5.1/airflow-env/lib64/python3.11/site-packages/airflow/example_dags/example_latest_only_with_trigger.py
[2023-10-07T04:12:06.804+0530] {processor.py:829} INFO - Processing file /home/raj/Downloads/kafka_2.13-3.5.1/airflow-env/lib64/python3.11/site-packages/airflow/example_dags/example_latest_only_with_trigger.py for tasks to queue
[2023-10-07T04:12:06.806+0530] {logging_mixin.py:151} INFO - [2023-10-07T04:12:06.805+0530] {dagbag.py:539} INFO - Filling up the DagBag from /home/raj/Downloads/kafka_2.13-3.5.1/airflow-env/lib64/python3.11/site-packages/airflow/example_dags/example_latest_only_with_trigger.py
[2023-10-07T04:12:06.819+0530] {processor.py:839} INFO - DAG(s) dict_keys(['latest_only_with_trigger']) retrieved from /home/raj/Downloads/kafka_2.13-3.5.1/airflow-env/lib64/python3.11/site-packages/airflow/example_dags/example_latest_only_with_trigger.py
[2023-10-07T04:12:06.844+0530] {logging_mixin.py:151} INFO - [2023-10-07T04:12:06.843+0530] {dag.py:2915} INFO - Sync 1 DAGs
[2023-10-07T04:12:06.860+0530] {logging_mixin.py:151} INFO - [2023-10-07T04:12:06.860+0530] {dag.py:3696} INFO - Setting next_dagrun for latest_only_with_trigger to 2023-10-06T18:42:06.859813+00:00, run_after=2023-10-06T22:42:06.859813+00:00
[2023-10-07T04:12:06.879+0530] {processor.py:179} INFO - Processing /home/raj/Downloads/kafka_2.13-3.5.1/airflow-env/lib64/python3.11/site-packages/airflow/example_dags/example_latest_only_with_trigger.py took 0.081 seconds
[2023-10-07T04:13:04.009+0530] {processor.py:157} INFO - Started process (PID=19587) to work on /home/raj/Downloads/kafka_2.13-3.5.1/airflow-env/lib64/python3.11/site-packages/airflow/example_dags/example_latest_only_with_trigger.py
[2023-10-07T04:13:04.020+0530] {processor.py:829} INFO - Processing file /home/raj/Downloads/kafka_2.13-3.5.1/airflow-env/lib64/python3.11/site-packages/airflow/example_dags/example_latest_only_with_trigger.py for tasks to queue
[2023-10-07T04:13:04.022+0530] {logging_mixin.py:151} INFO - [2023-10-07T04:13:04.021+0530] {dagbag.py:539} INFO - Filling up the DagBag from /home/raj/Downloads/kafka_2.13-3.5.1/airflow-env/lib64/python3.11/site-packages/airflow/example_dags/example_latest_only_with_trigger.py
[2023-10-07T04:13:04.034+0530] {processor.py:839} INFO - DAG(s) dict_keys(['latest_only_with_trigger']) retrieved from /home/raj/Downloads/kafka_2.13-3.5.1/airflow-env/lib64/python3.11/site-packages/airflow/example_dags/example_latest_only_with_trigger.py
[2023-10-07T04:13:04.064+0530] {logging_mixin.py:151} INFO - [2023-10-07T04:13:04.063+0530] {dag.py:2915} INFO - Sync 1 DAGs
[2023-10-07T04:13:04.080+0530] {logging_mixin.py:151} INFO - [2023-10-07T04:13:04.080+0530] {dag.py:3696} INFO - Setting next_dagrun for latest_only_with_trigger to 2023-10-06T18:43:04.080436+00:00, run_after=2023-10-06T22:43:04.080436+00:00
[2023-10-07T04:13:04.098+0530] {processor.py:179} INFO - Processing /home/raj/Downloads/kafka_2.13-3.5.1/airflow-env/lib64/python3.11/site-packages/airflow/example_dags/example_latest_only_with_trigger.py took 0.094 seconds
[2023-10-07T04:13:53.992+0530] {processor.py:157} INFO - Started process (PID=19640) to work on /home/raj/Downloads/kafka_2.13-3.5.1/airflow-env/lib64/python3.11/site-packages/airflow/example_dags/example_latest_only_with_trigger.py
[2023-10-07T04:13:54.004+0530] {processor.py:829} INFO - Processing file /home/raj/Downloads/kafka_2.13-3.5.1/airflow-env/lib64/python3.11/site-packages/airflow/example_dags/example_latest_only_with_trigger.py for tasks to queue
[2023-10-07T04:13:54.005+0530] {logging_mixin.py:151} INFO - [2023-10-07T04:13:54.004+0530] {dagbag.py:539} INFO - Filling up the DagBag from /home/raj/Downloads/kafka_2.13-3.5.1/airflow-env/lib64/python3.11/site-packages/airflow/example_dags/example_latest_only_with_trigger.py
[2023-10-07T04:13:54.017+0530] {processor.py:839} INFO - DAG(s) dict_keys(['latest_only_with_trigger']) retrieved from /home/raj/Downloads/kafka_2.13-3.5.1/airflow-env/lib64/python3.11/site-packages/airflow/example_dags/example_latest_only_with_trigger.py
[2023-10-07T04:13:54.047+0530] {logging_mixin.py:151} INFO - [2023-10-07T04:13:54.047+0530] {dag.py:2915} INFO - Sync 1 DAGs
[2023-10-07T04:13:54.063+0530] {logging_mixin.py:151} INFO - [2023-10-07T04:13:54.063+0530] {dag.py:3696} INFO - Setting next_dagrun for latest_only_with_trigger to 2023-10-06T18:43:54.062956+00:00, run_after=2023-10-06T22:43:54.062956+00:00
[2023-10-07T04:13:54.082+0530] {processor.py:179} INFO - Processing /home/raj/Downloads/kafka_2.13-3.5.1/airflow-env/lib64/python3.11/site-packages/airflow/example_dags/example_latest_only_with_trigger.py took 0.095 seconds
[2023-10-07T04:14:45.092+0530] {processor.py:157} INFO - Started process (PID=19692) to work on /home/raj/Downloads/kafka_2.13-3.5.1/airflow-env/lib64/python3.11/site-packages/airflow/example_dags/example_latest_only_with_trigger.py
[2023-10-07T04:14:45.103+0530] {processor.py:829} INFO - Processing file /home/raj/Downloads/kafka_2.13-3.5.1/airflow-env/lib64/python3.11/site-packages/airflow/example_dags/example_latest_only_with_trigger.py for tasks to queue
[2023-10-07T04:14:45.105+0530] {logging_mixin.py:151} INFO - [2023-10-07T04:14:45.104+0530] {dagbag.py:539} INFO - Filling up the DagBag from /home/raj/Downloads/kafka_2.13-3.5.1/airflow-env/lib64/python3.11/site-packages/airflow/example_dags/example_latest_only_with_trigger.py
[2023-10-07T04:14:45.111+0530] {processor.py:839} INFO - DAG(s) dict_keys(['latest_only_with_trigger']) retrieved from /home/raj/Downloads/kafka_2.13-3.5.1/airflow-env/lib64/python3.11/site-packages/airflow/example_dags/example_latest_only_with_trigger.py
[2023-10-07T04:14:45.125+0530] {logging_mixin.py:151} INFO - [2023-10-07T04:14:45.125+0530] {dag.py:2915} INFO - Sync 1 DAGs
[2023-10-07T04:14:45.142+0530] {logging_mixin.py:151} INFO - [2023-10-07T04:14:45.142+0530] {dag.py:3696} INFO - Setting next_dagrun for latest_only_with_trigger to 2023-10-06T18:44:45.142578+00:00, run_after=2023-10-06T22:44:45.142578+00:00
[2023-10-07T04:14:45.161+0530] {processor.py:179} INFO - Processing /home/raj/Downloads/kafka_2.13-3.5.1/airflow-env/lib64/python3.11/site-packages/airflow/example_dags/example_latest_only_with_trigger.py took 0.076 seconds
[2023-10-07T04:15:35.904+0530] {processor.py:157} INFO - Started process (PID=19794) to work on /home/raj/Downloads/kafka_2.13-3.5.1/airflow-env/lib64/python3.11/site-packages/airflow/example_dags/example_latest_only_with_trigger.py
[2023-10-07T04:15:35.915+0530] {processor.py:829} INFO - Processing file /home/raj/Downloads/kafka_2.13-3.5.1/airflow-env/lib64/python3.11/site-packages/airflow/example_dags/example_latest_only_with_trigger.py for tasks to queue
[2023-10-07T04:15:35.917+0530] {logging_mixin.py:151} INFO - [2023-10-07T04:15:35.916+0530] {dagbag.py:539} INFO - Filling up the DagBag from /home/raj/Downloads/kafka_2.13-3.5.1/airflow-env/lib64/python3.11/site-packages/airflow/example_dags/example_latest_only_with_trigger.py
[2023-10-07T04:15:35.930+0530] {processor.py:839} INFO - DAG(s) dict_keys(['latest_only_with_trigger']) retrieved from /home/raj/Downloads/kafka_2.13-3.5.1/airflow-env/lib64/python3.11/site-packages/airflow/example_dags/example_latest_only_with_trigger.py
[2023-10-07T04:15:35.962+0530] {logging_mixin.py:151} INFO - [2023-10-07T04:15:35.962+0530] {dag.py:2915} INFO - Sync 1 DAGs
[2023-10-07T04:15:35.978+0530] {logging_mixin.py:151} INFO - [2023-10-07T04:15:35.978+0530] {dag.py:3696} INFO - Setting next_dagrun for latest_only_with_trigger to 2023-10-06T18:45:35.977828+00:00, run_after=2023-10-06T22:45:35.977828+00:00
[2023-10-07T04:15:35.995+0530] {processor.py:179} INFO - Processing /home/raj/Downloads/kafka_2.13-3.5.1/airflow-env/lib64/python3.11/site-packages/airflow/example_dags/example_latest_only_with_trigger.py took 0.096 seconds
[2023-10-07T04:16:26.604+0530] {processor.py:157} INFO - Started process (PID=19856) to work on /home/raj/Downloads/kafka_2.13-3.5.1/airflow-env/lib64/python3.11/site-packages/airflow/example_dags/example_latest_only_with_trigger.py
[2023-10-07T04:16:26.615+0530] {processor.py:829} INFO - Processing file /home/raj/Downloads/kafka_2.13-3.5.1/airflow-env/lib64/python3.11/site-packages/airflow/example_dags/example_latest_only_with_trigger.py for tasks to queue
[2023-10-07T04:16:26.616+0530] {logging_mixin.py:151} INFO - [2023-10-07T04:16:26.615+0530] {dagbag.py:539} INFO - Filling up the DagBag from /home/raj/Downloads/kafka_2.13-3.5.1/airflow-env/lib64/python3.11/site-packages/airflow/example_dags/example_latest_only_with_trigger.py
[2023-10-07T04:16:26.621+0530] {processor.py:839} INFO - DAG(s) dict_keys(['latest_only_with_trigger']) retrieved from /home/raj/Downloads/kafka_2.13-3.5.1/airflow-env/lib64/python3.11/site-packages/airflow/example_dags/example_latest_only_with_trigger.py
[2023-10-07T04:16:26.637+0530] {logging_mixin.py:151} INFO - [2023-10-07T04:16:26.637+0530] {dag.py:2915} INFO - Sync 1 DAGs
[2023-10-07T04:16:26.655+0530] {logging_mixin.py:151} INFO - [2023-10-07T04:16:26.655+0530] {dag.py:3696} INFO - Setting next_dagrun for latest_only_with_trigger to 2023-10-06T18:46:26.655259+00:00, run_after=2023-10-06T22:46:26.655259+00:00
[2023-10-07T04:16:26.674+0530] {processor.py:179} INFO - Processing /home/raj/Downloads/kafka_2.13-3.5.1/airflow-env/lib64/python3.11/site-packages/airflow/example_dags/example_latest_only_with_trigger.py took 0.074 seconds
[2023-10-07T04:17:20.061+0530] {processor.py:157} INFO - Started process (PID=19913) to work on /home/raj/Downloads/kafka_2.13-3.5.1/airflow-env/lib64/python3.11/site-packages/airflow/example_dags/example_latest_only_with_trigger.py
[2023-10-07T04:17:20.072+0530] {processor.py:829} INFO - Processing file /home/raj/Downloads/kafka_2.13-3.5.1/airflow-env/lib64/python3.11/site-packages/airflow/example_dags/example_latest_only_with_trigger.py for tasks to queue
[2023-10-07T04:17:20.074+0530] {logging_mixin.py:151} INFO - [2023-10-07T04:17:20.073+0530] {dagbag.py:539} INFO - Filling up the DagBag from /home/raj/Downloads/kafka_2.13-3.5.1/airflow-env/lib64/python3.11/site-packages/airflow/example_dags/example_latest_only_with_trigger.py
[2023-10-07T04:17:20.082+0530] {processor.py:839} INFO - DAG(s) dict_keys(['latest_only_with_trigger']) retrieved from /home/raj/Downloads/kafka_2.13-3.5.1/airflow-env/lib64/python3.11/site-packages/airflow/example_dags/example_latest_only_with_trigger.py
[2023-10-07T04:17:20.097+0530] {logging_mixin.py:151} INFO - [2023-10-07T04:17:20.097+0530] {dag.py:2915} INFO - Sync 1 DAGs
[2023-10-07T04:17:20.115+0530] {logging_mixin.py:151} INFO - [2023-10-07T04:17:20.115+0530] {dag.py:3696} INFO - Setting next_dagrun for latest_only_with_trigger to 2023-10-06T18:47:20.115011+00:00, run_after=2023-10-06T22:47:20.115011+00:00
[2023-10-07T04:17:20.135+0530] {processor.py:179} INFO - Processing /home/raj/Downloads/kafka_2.13-3.5.1/airflow-env/lib64/python3.11/site-packages/airflow/example_dags/example_latest_only_with_trigger.py took 0.079 seconds
[2023-10-07T04:18:10.910+0530] {processor.py:157} INFO - Started process (PID=19966) to work on /home/raj/Downloads/kafka_2.13-3.5.1/airflow-env/lib64/python3.11/site-packages/airflow/example_dags/example_latest_only_with_trigger.py
[2023-10-07T04:18:10.921+0530] {processor.py:829} INFO - Processing file /home/raj/Downloads/kafka_2.13-3.5.1/airflow-env/lib64/python3.11/site-packages/airflow/example_dags/example_latest_only_with_trigger.py for tasks to queue
[2023-10-07T04:18:10.922+0530] {logging_mixin.py:151} INFO - [2023-10-07T04:18:10.922+0530] {dagbag.py:539} INFO - Filling up the DagBag from /home/raj/Downloads/kafka_2.13-3.5.1/airflow-env/lib64/python3.11/site-packages/airflow/example_dags/example_latest_only_with_trigger.py
[2023-10-07T04:18:10.935+0530] {processor.py:839} INFO - DAG(s) dict_keys(['latest_only_with_trigger']) retrieved from /home/raj/Downloads/kafka_2.13-3.5.1/airflow-env/lib64/python3.11/site-packages/airflow/example_dags/example_latest_only_with_trigger.py
[2023-10-07T04:18:10.951+0530] {logging_mixin.py:151} INFO - [2023-10-07T04:18:10.951+0530] {dag.py:2915} INFO - Sync 1 DAGs
[2023-10-07T04:18:10.970+0530] {logging_mixin.py:151} INFO - [2023-10-07T04:18:10.969+0530] {dag.py:3696} INFO - Setting next_dagrun for latest_only_with_trigger to 2023-10-06T18:48:10.969680+00:00, run_after=2023-10-06T22:48:10.969680+00:00
[2023-10-07T04:18:10.989+0530] {processor.py:179} INFO - Processing /home/raj/Downloads/kafka_2.13-3.5.1/airflow-env/lib64/python3.11/site-packages/airflow/example_dags/example_latest_only_with_trigger.py took 0.084 seconds
[2023-10-07T04:19:02.910+0530] {processor.py:157} INFO - Started process (PID=20018) to work on /home/raj/Downloads/kafka_2.13-3.5.1/airflow-env/lib64/python3.11/site-packages/airflow/example_dags/example_latest_only_with_trigger.py
[2023-10-07T04:19:02.922+0530] {processor.py:829} INFO - Processing file /home/raj/Downloads/kafka_2.13-3.5.1/airflow-env/lib64/python3.11/site-packages/airflow/example_dags/example_latest_only_with_trigger.py for tasks to queue
[2023-10-07T04:19:02.923+0530] {logging_mixin.py:151} INFO - [2023-10-07T04:19:02.923+0530] {dagbag.py:539} INFO - Filling up the DagBag from /home/raj/Downloads/kafka_2.13-3.5.1/airflow-env/lib64/python3.11/site-packages/airflow/example_dags/example_latest_only_with_trigger.py
[2023-10-07T04:19:02.936+0530] {processor.py:839} INFO - DAG(s) dict_keys(['latest_only_with_trigger']) retrieved from /home/raj/Downloads/kafka_2.13-3.5.1/airflow-env/lib64/python3.11/site-packages/airflow/example_dags/example_latest_only_with_trigger.py
[2023-10-07T04:19:02.969+0530] {logging_mixin.py:151} INFO - [2023-10-07T04:19:02.968+0530] {dag.py:2915} INFO - Sync 1 DAGs
[2023-10-07T04:19:02.987+0530] {logging_mixin.py:151} INFO - [2023-10-07T04:19:02.987+0530] {dag.py:3696} INFO - Setting next_dagrun for latest_only_with_trigger to 2023-10-06T18:49:02.987249+00:00, run_after=2023-10-06T22:49:02.987249+00:00
[2023-10-07T04:19:03.008+0530] {processor.py:179} INFO - Processing /home/raj/Downloads/kafka_2.13-3.5.1/airflow-env/lib64/python3.11/site-packages/airflow/example_dags/example_latest_only_with_trigger.py took 0.103 seconds
[2023-10-07T04:19:58.892+0530] {processor.py:157} INFO - Started process (PID=20117) to work on /home/raj/Downloads/kafka_2.13-3.5.1/airflow-env/lib64/python3.11/site-packages/airflow/example_dags/example_latest_only_with_trigger.py
[2023-10-07T04:19:58.893+0530] {processor.py:829} INFO - Processing file /home/raj/Downloads/kafka_2.13-3.5.1/airflow-env/lib64/python3.11/site-packages/airflow/example_dags/example_latest_only_with_trigger.py for tasks to queue
[2023-10-07T04:19:58.893+0530] {logging_mixin.py:151} INFO - [2023-10-07T04:19:58.893+0530] {dagbag.py:539} INFO - Filling up the DagBag from /home/raj/Downloads/kafka_2.13-3.5.1/airflow-env/lib64/python3.11/site-packages/airflow/example_dags/example_latest_only_with_trigger.py
[2023-10-07T04:19:58.901+0530] {processor.py:839} INFO - DAG(s) dict_keys(['latest_only_with_trigger']) retrieved from /home/raj/Downloads/kafka_2.13-3.5.1/airflow-env/lib64/python3.11/site-packages/airflow/example_dags/example_latest_only_with_trigger.py
[2023-10-07T04:19:58.920+0530] {logging_mixin.py:151} INFO - [2023-10-07T04:19:58.919+0530] {dag.py:2915} INFO - Sync 1 DAGs
[2023-10-07T04:19:58.939+0530] {logging_mixin.py:151} INFO - [2023-10-07T04:19:58.939+0530] {dag.py:3696} INFO - Setting next_dagrun for latest_only_with_trigger to 2023-10-06T18:49:58.938956+00:00, run_after=2023-10-06T22:49:58.938956+00:00
[2023-10-07T04:19:58.961+0530] {processor.py:179} INFO - Processing /home/raj/Downloads/kafka_2.13-3.5.1/airflow-env/lib64/python3.11/site-packages/airflow/example_dags/example_latest_only_with_trigger.py took 0.072 seconds
[2023-10-07T04:20:55.089+0530] {processor.py:157} INFO - Started process (PID=20455) to work on /home/raj/Downloads/kafka_2.13-3.5.1/airflow-env/lib64/python3.11/site-packages/airflow/example_dags/example_latest_only_with_trigger.py
[2023-10-07T04:20:55.101+0530] {processor.py:829} INFO - Processing file /home/raj/Downloads/kafka_2.13-3.5.1/airflow-env/lib64/python3.11/site-packages/airflow/example_dags/example_latest_only_with_trigger.py for tasks to queue
[2023-10-07T04:20:55.102+0530] {logging_mixin.py:151} INFO - [2023-10-07T04:20:55.102+0530] {dagbag.py:539} INFO - Filling up the DagBag from /home/raj/Downloads/kafka_2.13-3.5.1/airflow-env/lib64/python3.11/site-packages/airflow/example_dags/example_latest_only_with_trigger.py
[2023-10-07T04:20:55.117+0530] {processor.py:839} INFO - DAG(s) dict_keys(['latest_only_with_trigger']) retrieved from /home/raj/Downloads/kafka_2.13-3.5.1/airflow-env/lib64/python3.11/site-packages/airflow/example_dags/example_latest_only_with_trigger.py
[2023-10-07T04:20:55.155+0530] {logging_mixin.py:151} INFO - [2023-10-07T04:20:55.155+0530] {dag.py:2915} INFO - Sync 1 DAGs
[2023-10-07T04:20:55.176+0530] {logging_mixin.py:151} INFO - [2023-10-07T04:20:55.176+0530] {dag.py:3696} INFO - Setting next_dagrun for latest_only_with_trigger to 2023-10-06T18:50:55.176337+00:00, run_after=2023-10-06T22:50:55.176337+00:00
[2023-10-07T04:20:55.202+0530] {processor.py:179} INFO - Processing /home/raj/Downloads/kafka_2.13-3.5.1/airflow-env/lib64/python3.11/site-packages/airflow/example_dags/example_latest_only_with_trigger.py took 0.118 seconds
[2023-10-07T04:21:44.829+0530] {processor.py:157} INFO - Started process (PID=20651) to work on /home/raj/Downloads/kafka_2.13-3.5.1/airflow-env/lib64/python3.11/site-packages/airflow/example_dags/example_latest_only_with_trigger.py
[2023-10-07T04:21:44.840+0530] {processor.py:829} INFO - Processing file /home/raj/Downloads/kafka_2.13-3.5.1/airflow-env/lib64/python3.11/site-packages/airflow/example_dags/example_latest_only_with_trigger.py for tasks to queue
[2023-10-07T04:21:44.842+0530] {logging_mixin.py:151} INFO - [2023-10-07T04:21:44.841+0530] {dagbag.py:539} INFO - Filling up the DagBag from /home/raj/Downloads/kafka_2.13-3.5.1/airflow-env/lib64/python3.11/site-packages/airflow/example_dags/example_latest_only_with_trigger.py
[2023-10-07T04:21:44.854+0530] {processor.py:839} INFO - DAG(s) dict_keys(['latest_only_with_trigger']) retrieved from /home/raj/Downloads/kafka_2.13-3.5.1/airflow-env/lib64/python3.11/site-packages/airflow/example_dags/example_latest_only_with_trigger.py
[2023-10-07T04:21:44.885+0530] {logging_mixin.py:151} INFO - [2023-10-07T04:21:44.885+0530] {dag.py:2915} INFO - Sync 1 DAGs
[2023-10-07T04:21:44.909+0530] {logging_mixin.py:151} INFO - [2023-10-07T04:21:44.909+0530] {dag.py:3696} INFO - Setting next_dagrun for latest_only_with_trigger to 2023-10-06T18:51:44.909301+00:00, run_after=2023-10-06T22:51:44.909301+00:00
[2023-10-07T04:21:44.936+0530] {processor.py:179} INFO - Processing /home/raj/Downloads/kafka_2.13-3.5.1/airflow-env/lib64/python3.11/site-packages/airflow/example_dags/example_latest_only_with_trigger.py took 0.112 seconds
[2023-10-07T04:22:34.599+0530] {processor.py:157} INFO - Started process (PID=20796) to work on /home/raj/Downloads/kafka_2.13-3.5.1/airflow-env/lib64/python3.11/site-packages/airflow/example_dags/example_latest_only_with_trigger.py
[2023-10-07T04:22:34.610+0530] {processor.py:829} INFO - Processing file /home/raj/Downloads/kafka_2.13-3.5.1/airflow-env/lib64/python3.11/site-packages/airflow/example_dags/example_latest_only_with_trigger.py for tasks to queue
[2023-10-07T04:22:34.612+0530] {logging_mixin.py:151} INFO - [2023-10-07T04:22:34.611+0530] {dagbag.py:539} INFO - Filling up the DagBag from /home/raj/Downloads/kafka_2.13-3.5.1/airflow-env/lib64/python3.11/site-packages/airflow/example_dags/example_latest_only_with_trigger.py
[2023-10-07T04:22:34.622+0530] {processor.py:839} INFO - DAG(s) dict_keys(['latest_only_with_trigger']) retrieved from /home/raj/Downloads/kafka_2.13-3.5.1/airflow-env/lib64/python3.11/site-packages/airflow/example_dags/example_latest_only_with_trigger.py
[2023-10-07T04:22:34.638+0530] {logging_mixin.py:151} INFO - [2023-10-07T04:22:34.637+0530] {dag.py:2915} INFO - Sync 1 DAGs
[2023-10-07T04:22:34.655+0530] {logging_mixin.py:151} INFO - [2023-10-07T04:22:34.655+0530] {dag.py:3696} INFO - Setting next_dagrun for latest_only_with_trigger to 2023-10-06T18:52:34.654910+00:00, run_after=2023-10-06T22:52:34.654910+00:00
[2023-10-07T04:22:34.672+0530] {processor.py:179} INFO - Processing /home/raj/Downloads/kafka_2.13-3.5.1/airflow-env/lib64/python3.11/site-packages/airflow/example_dags/example_latest_only_with_trigger.py took 0.079 seconds
[2023-10-07T04:23:29.697+0530] {processor.py:157} INFO - Started process (PID=20924) to work on /home/raj/Downloads/kafka_2.13-3.5.1/airflow-env/lib64/python3.11/site-packages/airflow/example_dags/example_latest_only_with_trigger.py
[2023-10-07T04:23:29.707+0530] {processor.py:829} INFO - Processing file /home/raj/Downloads/kafka_2.13-3.5.1/airflow-env/lib64/python3.11/site-packages/airflow/example_dags/example_latest_only_with_trigger.py for tasks to queue
[2023-10-07T04:23:29.709+0530] {logging_mixin.py:151} INFO - [2023-10-07T04:23:29.708+0530] {dagbag.py:539} INFO - Filling up the DagBag from /home/raj/Downloads/kafka_2.13-3.5.1/airflow-env/lib64/python3.11/site-packages/airflow/example_dags/example_latest_only_with_trigger.py
[2023-10-07T04:23:29.717+0530] {processor.py:839} INFO - DAG(s) dict_keys(['latest_only_with_trigger']) retrieved from /home/raj/Downloads/kafka_2.13-3.5.1/airflow-env/lib64/python3.11/site-packages/airflow/example_dags/example_latest_only_with_trigger.py
[2023-10-07T04:23:29.737+0530] {logging_mixin.py:151} INFO - [2023-10-07T04:23:29.737+0530] {dag.py:2915} INFO - Sync 1 DAGs
[2023-10-07T04:23:29.761+0530] {logging_mixin.py:151} INFO - [2023-10-07T04:23:29.761+0530] {dag.py:3696} INFO - Setting next_dagrun for latest_only_with_trigger to 2023-10-06T18:53:29.761098+00:00, run_after=2023-10-06T22:53:29.761098+00:00
[2023-10-07T04:23:29.788+0530] {processor.py:179} INFO - Processing /home/raj/Downloads/kafka_2.13-3.5.1/airflow-env/lib64/python3.11/site-packages/airflow/example_dags/example_latest_only_with_trigger.py took 0.094 seconds
[2023-10-07T04:24:17.242+0530] {processor.py:157} INFO - Started process (PID=21048) to work on /home/raj/Downloads/kafka_2.13-3.5.1/airflow-env/lib64/python3.11/site-packages/airflow/example_dags/example_latest_only_with_trigger.py
[2023-10-07T04:24:17.253+0530] {processor.py:829} INFO - Processing file /home/raj/Downloads/kafka_2.13-3.5.1/airflow-env/lib64/python3.11/site-packages/airflow/example_dags/example_latest_only_with_trigger.py for tasks to queue
[2023-10-07T04:24:17.254+0530] {logging_mixin.py:151} INFO - [2023-10-07T04:24:17.254+0530] {dagbag.py:539} INFO - Filling up the DagBag from /home/raj/Downloads/kafka_2.13-3.5.1/airflow-env/lib64/python3.11/site-packages/airflow/example_dags/example_latest_only_with_trigger.py
[2023-10-07T04:24:17.265+0530] {processor.py:839} INFO - DAG(s) dict_keys(['latest_only_with_trigger']) retrieved from /home/raj/Downloads/kafka_2.13-3.5.1/airflow-env/lib64/python3.11/site-packages/airflow/example_dags/example_latest_only_with_trigger.py
[2023-10-07T04:24:17.284+0530] {logging_mixin.py:151} INFO - [2023-10-07T04:24:17.284+0530] {dag.py:2915} INFO - Sync 1 DAGs
[2023-10-07T04:24:17.308+0530] {logging_mixin.py:151} INFO - [2023-10-07T04:24:17.307+0530] {dag.py:3696} INFO - Setting next_dagrun for latest_only_with_trigger to 2023-10-06T18:54:17.307648+00:00, run_after=2023-10-06T22:54:17.307648+00:00
[2023-10-07T04:24:17.334+0530] {processor.py:179} INFO - Processing /home/raj/Downloads/kafka_2.13-3.5.1/airflow-env/lib64/python3.11/site-packages/airflow/example_dags/example_latest_only_with_trigger.py took 0.094 seconds
[2023-10-07T04:25:07.622+0530] {processor.py:157} INFO - Started process (PID=21134) to work on /home/raj/Downloads/kafka_2.13-3.5.1/airflow-env/lib64/python3.11/site-packages/airflow/example_dags/example_latest_only_with_trigger.py
[2023-10-07T04:25:07.624+0530] {processor.py:829} INFO - Processing file /home/raj/Downloads/kafka_2.13-3.5.1/airflow-env/lib64/python3.11/site-packages/airflow/example_dags/example_latest_only_with_trigger.py for tasks to queue
[2023-10-07T04:25:07.626+0530] {logging_mixin.py:151} INFO - [2023-10-07T04:25:07.625+0530] {dagbag.py:539} INFO - Filling up the DagBag from /home/raj/Downloads/kafka_2.13-3.5.1/airflow-env/lib64/python3.11/site-packages/airflow/example_dags/example_latest_only_with_trigger.py
[2023-10-07T04:25:07.641+0530] {processor.py:839} INFO - DAG(s) dict_keys(['latest_only_with_trigger']) retrieved from /home/raj/Downloads/kafka_2.13-3.5.1/airflow-env/lib64/python3.11/site-packages/airflow/example_dags/example_latest_only_with_trigger.py
[2023-10-07T04:25:07.664+0530] {logging_mixin.py:151} INFO - [2023-10-07T04:25:07.664+0530] {dag.py:2915} INFO - Sync 1 DAGs
[2023-10-07T04:25:07.684+0530] {logging_mixin.py:151} INFO - [2023-10-07T04:25:07.684+0530] {dag.py:3696} INFO - Setting next_dagrun for latest_only_with_trigger to 2023-10-06T18:55:07.683994+00:00, run_after=2023-10-06T22:55:07.683994+00:00
[2023-10-07T04:25:07.707+0530] {processor.py:179} INFO - Processing /home/raj/Downloads/kafka_2.13-3.5.1/airflow-env/lib64/python3.11/site-packages/airflow/example_dags/example_latest_only_with_trigger.py took 0.093 seconds
[2023-10-07T04:26:00.440+0530] {processor.py:157} INFO - Started process (PID=21258) to work on /home/raj/Downloads/kafka_2.13-3.5.1/airflow-env/lib64/python3.11/site-packages/airflow/example_dags/example_latest_only_with_trigger.py
[2023-10-07T04:26:00.452+0530] {processor.py:829} INFO - Processing file /home/raj/Downloads/kafka_2.13-3.5.1/airflow-env/lib64/python3.11/site-packages/airflow/example_dags/example_latest_only_with_trigger.py for tasks to queue
[2023-10-07T04:26:00.454+0530] {logging_mixin.py:151} INFO - [2023-10-07T04:26:00.453+0530] {dagbag.py:539} INFO - Filling up the DagBag from /home/raj/Downloads/kafka_2.13-3.5.1/airflow-env/lib64/python3.11/site-packages/airflow/example_dags/example_latest_only_with_trigger.py
[2023-10-07T04:26:00.468+0530] {processor.py:839} INFO - DAG(s) dict_keys(['latest_only_with_trigger']) retrieved from /home/raj/Downloads/kafka_2.13-3.5.1/airflow-env/lib64/python3.11/site-packages/airflow/example_dags/example_latest_only_with_trigger.py
[2023-10-07T04:26:00.499+0530] {logging_mixin.py:151} INFO - [2023-10-07T04:26:00.499+0530] {dag.py:2915} INFO - Sync 1 DAGs
[2023-10-07T04:26:00.520+0530] {logging_mixin.py:151} INFO - [2023-10-07T04:26:00.520+0530] {dag.py:3696} INFO - Setting next_dagrun for latest_only_with_trigger to 2023-10-06T18:56:00.519766+00:00, run_after=2023-10-06T22:56:00.519766+00:00
[2023-10-07T04:26:00.542+0530] {processor.py:179} INFO - Processing /home/raj/Downloads/kafka_2.13-3.5.1/airflow-env/lib64/python3.11/site-packages/airflow/example_dags/example_latest_only_with_trigger.py took 0.108 seconds
[2023-10-07T04:26:50.213+0530] {processor.py:157} INFO - Started process (PID=21421) to work on /home/raj/Downloads/kafka_2.13-3.5.1/airflow-env/lib64/python3.11/site-packages/airflow/example_dags/example_latest_only_with_trigger.py
[2023-10-07T04:26:50.224+0530] {processor.py:829} INFO - Processing file /home/raj/Downloads/kafka_2.13-3.5.1/airflow-env/lib64/python3.11/site-packages/airflow/example_dags/example_latest_only_with_trigger.py for tasks to queue
[2023-10-07T04:26:50.225+0530] {logging_mixin.py:151} INFO - [2023-10-07T04:26:50.225+0530] {dagbag.py:539} INFO - Filling up the DagBag from /home/raj/Downloads/kafka_2.13-3.5.1/airflow-env/lib64/python3.11/site-packages/airflow/example_dags/example_latest_only_with_trigger.py
[2023-10-07T04:26:50.236+0530] {processor.py:839} INFO - DAG(s) dict_keys(['latest_only_with_trigger']) retrieved from /home/raj/Downloads/kafka_2.13-3.5.1/airflow-env/lib64/python3.11/site-packages/airflow/example_dags/example_latest_only_with_trigger.py
[2023-10-07T04:26:50.265+0530] {logging_mixin.py:151} INFO - [2023-10-07T04:26:50.264+0530] {dag.py:2915} INFO - Sync 1 DAGs
[2023-10-07T04:26:50.285+0530] {logging_mixin.py:151} INFO - [2023-10-07T04:26:50.285+0530] {dag.py:3696} INFO - Setting next_dagrun for latest_only_with_trigger to 2023-10-06T18:56:50.285384+00:00, run_after=2023-10-06T22:56:50.285384+00:00
[2023-10-07T04:26:50.306+0530] {processor.py:179} INFO - Processing /home/raj/Downloads/kafka_2.13-3.5.1/airflow-env/lib64/python3.11/site-packages/airflow/example_dags/example_latest_only_with_trigger.py took 0.098 seconds
[2023-10-07T04:27:44.185+0530] {processor.py:157} INFO - Started process (PID=21570) to work on /home/raj/Downloads/kafka_2.13-3.5.1/airflow-env/lib64/python3.11/site-packages/airflow/example_dags/example_latest_only_with_trigger.py
[2023-10-07T04:27:44.195+0530] {processor.py:829} INFO - Processing file /home/raj/Downloads/kafka_2.13-3.5.1/airflow-env/lib64/python3.11/site-packages/airflow/example_dags/example_latest_only_with_trigger.py for tasks to queue
[2023-10-07T04:27:44.196+0530] {logging_mixin.py:151} INFO - [2023-10-07T04:27:44.196+0530] {dagbag.py:539} INFO - Filling up the DagBag from /home/raj/Downloads/kafka_2.13-3.5.1/airflow-env/lib64/python3.11/site-packages/airflow/example_dags/example_latest_only_with_trigger.py
[2023-10-07T04:27:44.203+0530] {processor.py:839} INFO - DAG(s) dict_keys(['latest_only_with_trigger']) retrieved from /home/raj/Downloads/kafka_2.13-3.5.1/airflow-env/lib64/python3.11/site-packages/airflow/example_dags/example_latest_only_with_trigger.py
[2023-10-07T04:27:44.220+0530] {logging_mixin.py:151} INFO - [2023-10-07T04:27:44.220+0530] {dag.py:2915} INFO - Sync 1 DAGs
[2023-10-07T04:27:44.242+0530] {logging_mixin.py:151} INFO - [2023-10-07T04:27:44.242+0530] {dag.py:3696} INFO - Setting next_dagrun for latest_only_with_trigger to 2023-10-06T18:57:44.242502+00:00, run_after=2023-10-06T22:57:44.242502+00:00
[2023-10-07T04:27:44.268+0530] {processor.py:179} INFO - Processing /home/raj/Downloads/kafka_2.13-3.5.1/airflow-env/lib64/python3.11/site-packages/airflow/example_dags/example_latest_only_with_trigger.py took 0.086 seconds
[2023-10-07T04:28:36.856+0530] {processor.py:157} INFO - Started process (PID=21705) to work on /home/raj/Downloads/kafka_2.13-3.5.1/airflow-env/lib64/python3.11/site-packages/airflow/example_dags/example_latest_only_with_trigger.py
[2023-10-07T04:28:36.868+0530] {processor.py:829} INFO - Processing file /home/raj/Downloads/kafka_2.13-3.5.1/airflow-env/lib64/python3.11/site-packages/airflow/example_dags/example_latest_only_with_trigger.py for tasks to queue
[2023-10-07T04:28:36.869+0530] {logging_mixin.py:151} INFO - [2023-10-07T04:28:36.868+0530] {dagbag.py:539} INFO - Filling up the DagBag from /home/raj/Downloads/kafka_2.13-3.5.1/airflow-env/lib64/python3.11/site-packages/airflow/example_dags/example_latest_only_with_trigger.py
[2023-10-07T04:28:36.881+0530] {processor.py:839} INFO - DAG(s) dict_keys(['latest_only_with_trigger']) retrieved from /home/raj/Downloads/kafka_2.13-3.5.1/airflow-env/lib64/python3.11/site-packages/airflow/example_dags/example_latest_only_with_trigger.py
[2023-10-07T04:28:36.913+0530] {logging_mixin.py:151} INFO - [2023-10-07T04:28:36.913+0530] {dag.py:2915} INFO - Sync 1 DAGs
[2023-10-07T04:28:36.934+0530] {logging_mixin.py:151} INFO - [2023-10-07T04:28:36.933+0530] {dag.py:3696} INFO - Setting next_dagrun for latest_only_with_trigger to 2023-10-06T18:58:36.933584+00:00, run_after=2023-10-06T22:58:36.933584+00:00
[2023-10-07T04:28:36.958+0530] {processor.py:179} INFO - Processing /home/raj/Downloads/kafka_2.13-3.5.1/airflow-env/lib64/python3.11/site-packages/airflow/example_dags/example_latest_only_with_trigger.py took 0.107 seconds
[2023-10-07T04:29:28.379+0530] {processor.py:157} INFO - Started process (PID=21787) to work on /home/raj/Downloads/kafka_2.13-3.5.1/airflow-env/lib64/python3.11/site-packages/airflow/example_dags/example_latest_only_with_trigger.py
[2023-10-07T04:29:28.390+0530] {processor.py:829} INFO - Processing file /home/raj/Downloads/kafka_2.13-3.5.1/airflow-env/lib64/python3.11/site-packages/airflow/example_dags/example_latest_only_with_trigger.py for tasks to queue
[2023-10-07T04:29:28.392+0530] {logging_mixin.py:151} INFO - [2023-10-07T04:29:28.391+0530] {dagbag.py:539} INFO - Filling up the DagBag from /home/raj/Downloads/kafka_2.13-3.5.1/airflow-env/lib64/python3.11/site-packages/airflow/example_dags/example_latest_only_with_trigger.py
[2023-10-07T04:29:28.407+0530] {processor.py:839} INFO - DAG(s) dict_keys(['latest_only_with_trigger']) retrieved from /home/raj/Downloads/kafka_2.13-3.5.1/airflow-env/lib64/python3.11/site-packages/airflow/example_dags/example_latest_only_with_trigger.py
[2023-10-07T04:29:28.438+0530] {logging_mixin.py:151} INFO - [2023-10-07T04:29:28.438+0530] {dag.py:2915} INFO - Sync 1 DAGs
[2023-10-07T04:29:28.454+0530] {logging_mixin.py:151} INFO - [2023-10-07T04:29:28.454+0530] {dag.py:3696} INFO - Setting next_dagrun for latest_only_with_trigger to 2023-10-06T18:59:28.453830+00:00, run_after=2023-10-06T22:59:28.453830+00:00
[2023-10-07T04:29:28.472+0530] {processor.py:179} INFO - Processing /home/raj/Downloads/kafka_2.13-3.5.1/airflow-env/lib64/python3.11/site-packages/airflow/example_dags/example_latest_only_with_trigger.py took 0.098 seconds
[2023-10-07T04:40:58.180+0530] {processor.py:157} INFO - Started process (PID=9929) to work on /home/raj/Downloads/kafka_2.13-3.5.1/airflow-env/lib64/python3.11/site-packages/airflow/example_dags/example_latest_only_with_trigger.py
[2023-10-07T04:40:58.181+0530] {processor.py:829} INFO - Processing file /home/raj/Downloads/kafka_2.13-3.5.1/airflow-env/lib64/python3.11/site-packages/airflow/example_dags/example_latest_only_with_trigger.py for tasks to queue
[2023-10-07T04:40:58.182+0530] {logging_mixin.py:151} INFO - [2023-10-07T04:40:58.182+0530] {dagbag.py:539} INFO - Filling up the DagBag from /home/raj/Downloads/kafka_2.13-3.5.1/airflow-env/lib64/python3.11/site-packages/airflow/example_dags/example_latest_only_with_trigger.py
[2023-10-07T04:40:58.192+0530] {processor.py:839} INFO - DAG(s) dict_keys(['latest_only_with_trigger']) retrieved from /home/raj/Downloads/kafka_2.13-3.5.1/airflow-env/lib64/python3.11/site-packages/airflow/example_dags/example_latest_only_with_trigger.py
[2023-10-07T04:40:58.209+0530] {logging_mixin.py:151} INFO - [2023-10-07T04:40:58.209+0530] {dag.py:2915} INFO - Sync 1 DAGs
[2023-10-07T04:40:58.233+0530] {logging_mixin.py:151} INFO - [2023-10-07T04:40:58.233+0530] {dag.py:3696} INFO - Setting next_dagrun for latest_only_with_trigger to 2023-10-06T19:10:58.232992+00:00, run_after=2023-10-06T23:10:58.232992+00:00
[2023-10-07T04:40:58.260+0530] {processor.py:179} INFO - Processing /home/raj/Downloads/kafka_2.13-3.5.1/airflow-env/lib64/python3.11/site-packages/airflow/example_dags/example_latest_only_with_trigger.py took 0.083 seconds
[2023-10-07T04:41:47.001+0530] {processor.py:157} INFO - Started process (PID=10038) to work on /home/raj/Downloads/kafka_2.13-3.5.1/airflow-env/lib64/python3.11/site-packages/airflow/example_dags/example_latest_only_with_trigger.py
[2023-10-07T04:41:47.012+0530] {processor.py:829} INFO - Processing file /home/raj/Downloads/kafka_2.13-3.5.1/airflow-env/lib64/python3.11/site-packages/airflow/example_dags/example_latest_only_with_trigger.py for tasks to queue
[2023-10-07T04:41:47.014+0530] {logging_mixin.py:151} INFO - [2023-10-07T04:41:47.013+0530] {dagbag.py:539} INFO - Filling up the DagBag from /home/raj/Downloads/kafka_2.13-3.5.1/airflow-env/lib64/python3.11/site-packages/airflow/example_dags/example_latest_only_with_trigger.py
[2023-10-07T04:41:47.026+0530] {processor.py:839} INFO - DAG(s) dict_keys(['latest_only_with_trigger']) retrieved from /home/raj/Downloads/kafka_2.13-3.5.1/airflow-env/lib64/python3.11/site-packages/airflow/example_dags/example_latest_only_with_trigger.py
[2023-10-07T04:41:47.059+0530] {logging_mixin.py:151} INFO - [2023-10-07T04:41:47.058+0530] {dag.py:2915} INFO - Sync 1 DAGs
[2023-10-07T04:41:47.078+0530] {logging_mixin.py:151} INFO - [2023-10-07T04:41:47.078+0530] {dag.py:3696} INFO - Setting next_dagrun for latest_only_with_trigger to 2023-10-06T19:11:47.078481+00:00, run_after=2023-10-06T23:11:47.078481+00:00
[2023-10-07T04:41:47.097+0530] {processor.py:179} INFO - Processing /home/raj/Downloads/kafka_2.13-3.5.1/airflow-env/lib64/python3.11/site-packages/airflow/example_dags/example_latest_only_with_trigger.py took 0.101 seconds
[2023-10-07T04:42:38.798+0530] {processor.py:157} INFO - Started process (PID=10212) to work on /home/raj/Downloads/kafka_2.13-3.5.1/airflow-env/lib64/python3.11/site-packages/airflow/example_dags/example_latest_only_with_trigger.py
[2023-10-07T04:42:38.810+0530] {processor.py:829} INFO - Processing file /home/raj/Downloads/kafka_2.13-3.5.1/airflow-env/lib64/python3.11/site-packages/airflow/example_dags/example_latest_only_with_trigger.py for tasks to queue
[2023-10-07T04:42:38.811+0530] {logging_mixin.py:151} INFO - [2023-10-07T04:42:38.810+0530] {dagbag.py:539} INFO - Filling up the DagBag from /home/raj/Downloads/kafka_2.13-3.5.1/airflow-env/lib64/python3.11/site-packages/airflow/example_dags/example_latest_only_with_trigger.py
[2023-10-07T04:42:38.823+0530] {processor.py:839} INFO - DAG(s) dict_keys(['latest_only_with_trigger']) retrieved from /home/raj/Downloads/kafka_2.13-3.5.1/airflow-env/lib64/python3.11/site-packages/airflow/example_dags/example_latest_only_with_trigger.py
[2023-10-07T04:42:38.855+0530] {logging_mixin.py:151} INFO - [2023-10-07T04:42:38.855+0530] {dag.py:2915} INFO - Sync 1 DAGs
[2023-10-07T04:42:38.871+0530] {logging_mixin.py:151} INFO - [2023-10-07T04:42:38.871+0530] {dag.py:3696} INFO - Setting next_dagrun for latest_only_with_trigger to 2023-10-06T19:12:38.871456+00:00, run_after=2023-10-06T23:12:38.871456+00:00
[2023-10-07T04:42:38.891+0530] {processor.py:179} INFO - Processing /home/raj/Downloads/kafka_2.13-3.5.1/airflow-env/lib64/python3.11/site-packages/airflow/example_dags/example_latest_only_with_trigger.py took 0.097 seconds
[2023-10-07T04:43:49.950+0530] {processor.py:157} INFO - Started process (PID=10405) to work on /home/raj/Downloads/kafka_2.13-3.5.1/airflow-env/lib64/python3.11/site-packages/airflow/example_dags/example_latest_only_with_trigger.py
[2023-10-07T04:43:49.952+0530] {processor.py:829} INFO - Processing file /home/raj/Downloads/kafka_2.13-3.5.1/airflow-env/lib64/python3.11/site-packages/airflow/example_dags/example_latest_only_with_trigger.py for tasks to queue
[2023-10-07T04:43:49.953+0530] {logging_mixin.py:151} INFO - [2023-10-07T04:43:49.952+0530] {dagbag.py:539} INFO - Filling up the DagBag from /home/raj/Downloads/kafka_2.13-3.5.1/airflow-env/lib64/python3.11/site-packages/airflow/example_dags/example_latest_only_with_trigger.py
[2023-10-07T04:43:49.963+0530] {processor.py:839} INFO - DAG(s) dict_keys(['latest_only_with_trigger']) retrieved from /home/raj/Downloads/kafka_2.13-3.5.1/airflow-env/lib64/python3.11/site-packages/airflow/example_dags/example_latest_only_with_trigger.py
[2023-10-07T04:43:49.976+0530] {logging_mixin.py:151} INFO - [2023-10-07T04:43:49.976+0530] {dag.py:2915} INFO - Sync 1 DAGs
[2023-10-07T04:43:49.991+0530] {logging_mixin.py:151} INFO - [2023-10-07T04:43:49.991+0530] {dag.py:3696} INFO - Setting next_dagrun for latest_only_with_trigger to 2023-10-06T19:13:49.990892+00:00, run_after=2023-10-06T23:13:49.990892+00:00
[2023-10-07T04:43:50.007+0530] {processor.py:179} INFO - Processing /home/raj/Downloads/kafka_2.13-3.5.1/airflow-env/lib64/python3.11/site-packages/airflow/example_dags/example_latest_only_with_trigger.py took 0.060 seconds
[2023-10-07T04:44:38.214+0530] {processor.py:157} INFO - Started process (PID=10513) to work on /home/raj/Downloads/kafka_2.13-3.5.1/airflow-env/lib64/python3.11/site-packages/airflow/example_dags/example_latest_only_with_trigger.py
[2023-10-07T04:44:38.226+0530] {processor.py:829} INFO - Processing file /home/raj/Downloads/kafka_2.13-3.5.1/airflow-env/lib64/python3.11/site-packages/airflow/example_dags/example_latest_only_with_trigger.py for tasks to queue
[2023-10-07T04:44:38.228+0530] {logging_mixin.py:151} INFO - [2023-10-07T04:44:38.227+0530] {dagbag.py:539} INFO - Filling up the DagBag from /home/raj/Downloads/kafka_2.13-3.5.1/airflow-env/lib64/python3.11/site-packages/airflow/example_dags/example_latest_only_with_trigger.py
[2023-10-07T04:44:38.235+0530] {processor.py:839} INFO - DAG(s) dict_keys(['latest_only_with_trigger']) retrieved from /home/raj/Downloads/kafka_2.13-3.5.1/airflow-env/lib64/python3.11/site-packages/airflow/example_dags/example_latest_only_with_trigger.py
[2023-10-07T04:44:38.256+0530] {logging_mixin.py:151} INFO - [2023-10-07T04:44:38.256+0530] {dag.py:2915} INFO - Sync 1 DAGs
[2023-10-07T04:44:38.282+0530] {logging_mixin.py:151} INFO - [2023-10-07T04:44:38.281+0530] {dag.py:3696} INFO - Setting next_dagrun for latest_only_with_trigger to 2023-10-06T19:14:38.281547+00:00, run_after=2023-10-06T23:14:38.281547+00:00
[2023-10-07T04:44:38.306+0530] {processor.py:179} INFO - Processing /home/raj/Downloads/kafka_2.13-3.5.1/airflow-env/lib64/python3.11/site-packages/airflow/example_dags/example_latest_only_with_trigger.py took 0.096 seconds
[2023-10-07T04:45:34.008+0530] {processor.py:157} INFO - Started process (PID=10674) to work on /home/raj/Downloads/kafka_2.13-3.5.1/airflow-env/lib64/python3.11/site-packages/airflow/example_dags/example_latest_only_with_trigger.py
[2023-10-07T04:45:34.019+0530] {processor.py:829} INFO - Processing file /home/raj/Downloads/kafka_2.13-3.5.1/airflow-env/lib64/python3.11/site-packages/airflow/example_dags/example_latest_only_with_trigger.py for tasks to queue
[2023-10-07T04:45:34.021+0530] {logging_mixin.py:151} INFO - [2023-10-07T04:45:34.020+0530] {dagbag.py:539} INFO - Filling up the DagBag from /home/raj/Downloads/kafka_2.13-3.5.1/airflow-env/lib64/python3.11/site-packages/airflow/example_dags/example_latest_only_with_trigger.py
[2023-10-07T04:45:34.033+0530] {processor.py:839} INFO - DAG(s) dict_keys(['latest_only_with_trigger']) retrieved from /home/raj/Downloads/kafka_2.13-3.5.1/airflow-env/lib64/python3.11/site-packages/airflow/example_dags/example_latest_only_with_trigger.py
[2023-10-07T04:45:34.064+0530] {logging_mixin.py:151} INFO - [2023-10-07T04:45:34.064+0530] {dag.py:2915} INFO - Sync 1 DAGs
[2023-10-07T04:45:34.082+0530] {logging_mixin.py:151} INFO - [2023-10-07T04:45:34.081+0530] {dag.py:3696} INFO - Setting next_dagrun for latest_only_with_trigger to 2023-10-06T19:15:34.081711+00:00, run_after=2023-10-06T23:15:34.081711+00:00
[2023-10-07T04:45:34.101+0530] {processor.py:179} INFO - Processing /home/raj/Downloads/kafka_2.13-3.5.1/airflow-env/lib64/python3.11/site-packages/airflow/example_dags/example_latest_only_with_trigger.py took 0.097 seconds
[2023-10-07T04:46:32.237+0530] {processor.py:157} INFO - Started process (PID=10878) to work on /home/raj/Downloads/kafka_2.13-3.5.1/airflow-env/lib64/python3.11/site-packages/airflow/example_dags/example_latest_only_with_trigger.py
[2023-10-07T04:46:32.247+0530] {processor.py:829} INFO - Processing file /home/raj/Downloads/kafka_2.13-3.5.1/airflow-env/lib64/python3.11/site-packages/airflow/example_dags/example_latest_only_with_trigger.py for tasks to queue
[2023-10-07T04:46:32.248+0530] {logging_mixin.py:151} INFO - [2023-10-07T04:46:32.248+0530] {dagbag.py:539} INFO - Filling up the DagBag from /home/raj/Downloads/kafka_2.13-3.5.1/airflow-env/lib64/python3.11/site-packages/airflow/example_dags/example_latest_only_with_trigger.py
[2023-10-07T04:46:32.256+0530] {processor.py:839} INFO - DAG(s) dict_keys(['latest_only_with_trigger']) retrieved from /home/raj/Downloads/kafka_2.13-3.5.1/airflow-env/lib64/python3.11/site-packages/airflow/example_dags/example_latest_only_with_trigger.py
[2023-10-07T04:46:32.274+0530] {logging_mixin.py:151} INFO - [2023-10-07T04:46:32.274+0530] {dag.py:2915} INFO - Sync 1 DAGs
[2023-10-07T04:46:32.296+0530] {logging_mixin.py:151} INFO - [2023-10-07T04:46:32.296+0530] {dag.py:3696} INFO - Setting next_dagrun for latest_only_with_trigger to 2023-10-06T19:16:32.296087+00:00, run_after=2023-10-06T23:16:32.296087+00:00
[2023-10-07T04:46:32.321+0530] {processor.py:179} INFO - Processing /home/raj/Downloads/kafka_2.13-3.5.1/airflow-env/lib64/python3.11/site-packages/airflow/example_dags/example_latest_only_with_trigger.py took 0.088 seconds
[2023-10-07T04:47:24.219+0530] {processor.py:157} INFO - Started process (PID=10976) to work on /home/raj/Downloads/kafka_2.13-3.5.1/airflow-env/lib64/python3.11/site-packages/airflow/example_dags/example_latest_only_with_trigger.py
[2023-10-07T04:47:24.230+0530] {processor.py:829} INFO - Processing file /home/raj/Downloads/kafka_2.13-3.5.1/airflow-env/lib64/python3.11/site-packages/airflow/example_dags/example_latest_only_with_trigger.py for tasks to queue
[2023-10-07T04:47:24.233+0530] {logging_mixin.py:151} INFO - [2023-10-07T04:47:24.232+0530] {dagbag.py:539} INFO - Filling up the DagBag from /home/raj/Downloads/kafka_2.13-3.5.1/airflow-env/lib64/python3.11/site-packages/airflow/example_dags/example_latest_only_with_trigger.py
[2023-10-07T04:47:24.246+0530] {processor.py:839} INFO - DAG(s) dict_keys(['latest_only_with_trigger']) retrieved from /home/raj/Downloads/kafka_2.13-3.5.1/airflow-env/lib64/python3.11/site-packages/airflow/example_dags/example_latest_only_with_trigger.py
[2023-10-07T04:47:24.278+0530] {logging_mixin.py:151} INFO - [2023-10-07T04:47:24.278+0530] {dag.py:2915} INFO - Sync 1 DAGs
[2023-10-07T04:47:24.294+0530] {logging_mixin.py:151} INFO - [2023-10-07T04:47:24.294+0530] {dag.py:3696} INFO - Setting next_dagrun for latest_only_with_trigger to 2023-10-06T19:17:24.294294+00:00, run_after=2023-10-06T23:17:24.294294+00:00
[2023-10-07T04:47:24.314+0530] {processor.py:179} INFO - Processing /home/raj/Downloads/kafka_2.13-3.5.1/airflow-env/lib64/python3.11/site-packages/airflow/example_dags/example_latest_only_with_trigger.py took 0.101 seconds
[2023-10-07T04:48:13.930+0530] {processor.py:157} INFO - Started process (PID=11079) to work on /home/raj/Downloads/kafka_2.13-3.5.1/airflow-env/lib64/python3.11/site-packages/airflow/example_dags/example_latest_only_with_trigger.py
[2023-10-07T04:48:13.941+0530] {processor.py:829} INFO - Processing file /home/raj/Downloads/kafka_2.13-3.5.1/airflow-env/lib64/python3.11/site-packages/airflow/example_dags/example_latest_only_with_trigger.py for tasks to queue
[2023-10-07T04:48:13.941+0530] {logging_mixin.py:151} INFO - [2023-10-07T04:48:13.941+0530] {dagbag.py:539} INFO - Filling up the DagBag from /home/raj/Downloads/kafka_2.13-3.5.1/airflow-env/lib64/python3.11/site-packages/airflow/example_dags/example_latest_only_with_trigger.py
[2023-10-07T04:48:13.948+0530] {processor.py:839} INFO - DAG(s) dict_keys(['latest_only_with_trigger']) retrieved from /home/raj/Downloads/kafka_2.13-3.5.1/airflow-env/lib64/python3.11/site-packages/airflow/example_dags/example_latest_only_with_trigger.py
[2023-10-07T04:48:13.963+0530] {logging_mixin.py:151} INFO - [2023-10-07T04:48:13.963+0530] {dag.py:2915} INFO - Sync 1 DAGs
[2023-10-07T04:48:13.981+0530] {logging_mixin.py:151} INFO - [2023-10-07T04:48:13.981+0530] {dag.py:3696} INFO - Setting next_dagrun for latest_only_with_trigger to 2023-10-06T19:18:13.981378+00:00, run_after=2023-10-06T23:18:13.981378+00:00
[2023-10-07T04:48:14.000+0530] {processor.py:179} INFO - Processing /home/raj/Downloads/kafka_2.13-3.5.1/airflow-env/lib64/python3.11/site-packages/airflow/example_dags/example_latest_only_with_trigger.py took 0.074 seconds
[2023-10-07T04:49:09.056+0530] {processor.py:157} INFO - Started process (PID=11200) to work on /home/raj/Downloads/kafka_2.13-3.5.1/airflow-env/lib64/python3.11/site-packages/airflow/example_dags/example_latest_only_with_trigger.py
[2023-10-07T04:49:09.066+0530] {processor.py:829} INFO - Processing file /home/raj/Downloads/kafka_2.13-3.5.1/airflow-env/lib64/python3.11/site-packages/airflow/example_dags/example_latest_only_with_trigger.py for tasks to queue
[2023-10-07T04:49:09.067+0530] {logging_mixin.py:151} INFO - [2023-10-07T04:49:09.067+0530] {dagbag.py:539} INFO - Filling up the DagBag from /home/raj/Downloads/kafka_2.13-3.5.1/airflow-env/lib64/python3.11/site-packages/airflow/example_dags/example_latest_only_with_trigger.py
[2023-10-07T04:49:09.073+0530] {processor.py:839} INFO - DAG(s) dict_keys(['latest_only_with_trigger']) retrieved from /home/raj/Downloads/kafka_2.13-3.5.1/airflow-env/lib64/python3.11/site-packages/airflow/example_dags/example_latest_only_with_trigger.py
[2023-10-07T04:49:09.089+0530] {logging_mixin.py:151} INFO - [2023-10-07T04:49:09.089+0530] {dag.py:2915} INFO - Sync 1 DAGs
[2023-10-07T04:49:09.108+0530] {logging_mixin.py:151} INFO - [2023-10-07T04:49:09.107+0530] {dag.py:3696} INFO - Setting next_dagrun for latest_only_with_trigger to 2023-10-06T19:19:09.107626+00:00, run_after=2023-10-06T23:19:09.107626+00:00
[2023-10-07T04:49:09.131+0530] {processor.py:179} INFO - Processing /home/raj/Downloads/kafka_2.13-3.5.1/airflow-env/lib64/python3.11/site-packages/airflow/example_dags/example_latest_only_with_trigger.py took 0.079 seconds
[2023-10-07T04:50:04.975+0530] {processor.py:157} INFO - Started process (PID=11285) to work on /home/raj/Downloads/kafka_2.13-3.5.1/airflow-env/lib64/python3.11/site-packages/airflow/example_dags/example_latest_only_with_trigger.py
[2023-10-07T04:50:04.976+0530] {processor.py:829} INFO - Processing file /home/raj/Downloads/kafka_2.13-3.5.1/airflow-env/lib64/python3.11/site-packages/airflow/example_dags/example_latest_only_with_trigger.py for tasks to queue
[2023-10-07T04:50:04.977+0530] {logging_mixin.py:151} INFO - [2023-10-07T04:50:04.977+0530] {dagbag.py:539} INFO - Filling up the DagBag from /home/raj/Downloads/kafka_2.13-3.5.1/airflow-env/lib64/python3.11/site-packages/airflow/example_dags/example_latest_only_with_trigger.py
[2023-10-07T04:50:04.987+0530] {processor.py:839} INFO - DAG(s) dict_keys(['latest_only_with_trigger']) retrieved from /home/raj/Downloads/kafka_2.13-3.5.1/airflow-env/lib64/python3.11/site-packages/airflow/example_dags/example_latest_only_with_trigger.py
[2023-10-07T04:50:05.013+0530] {logging_mixin.py:151} INFO - [2023-10-07T04:50:05.013+0530] {dag.py:2915} INFO - Sync 1 DAGs
[2023-10-07T04:50:05.029+0530] {logging_mixin.py:151} INFO - [2023-10-07T04:50:05.029+0530] {dag.py:3696} INFO - Setting next_dagrun for latest_only_with_trigger to 2023-10-06T19:20:05.029323+00:00, run_after=2023-10-06T23:20:05.029323+00:00
[2023-10-07T04:50:05.046+0530] {processor.py:179} INFO - Processing /home/raj/Downloads/kafka_2.13-3.5.1/airflow-env/lib64/python3.11/site-packages/airflow/example_dags/example_latest_only_with_trigger.py took 0.076 seconds
[2023-10-07T04:50:55.935+0530] {processor.py:157} INFO - Started process (PID=11406) to work on /home/raj/Downloads/kafka_2.13-3.5.1/airflow-env/lib64/python3.11/site-packages/airflow/example_dags/example_latest_only_with_trigger.py
[2023-10-07T04:50:55.946+0530] {processor.py:829} INFO - Processing file /home/raj/Downloads/kafka_2.13-3.5.1/airflow-env/lib64/python3.11/site-packages/airflow/example_dags/example_latest_only_with_trigger.py for tasks to queue
[2023-10-07T04:50:55.948+0530] {logging_mixin.py:151} INFO - [2023-10-07T04:50:55.947+0530] {dagbag.py:539} INFO - Filling up the DagBag from /home/raj/Downloads/kafka_2.13-3.5.1/airflow-env/lib64/python3.11/site-packages/airflow/example_dags/example_latest_only_with_trigger.py
[2023-10-07T04:50:55.954+0530] {processor.py:839} INFO - DAG(s) dict_keys(['latest_only_with_trigger']) retrieved from /home/raj/Downloads/kafka_2.13-3.5.1/airflow-env/lib64/python3.11/site-packages/airflow/example_dags/example_latest_only_with_trigger.py
[2023-10-07T04:50:55.968+0530] {logging_mixin.py:151} INFO - [2023-10-07T04:50:55.967+0530] {dag.py:2915} INFO - Sync 1 DAGs
[2023-10-07T04:50:55.984+0530] {logging_mixin.py:151} INFO - [2023-10-07T04:50:55.984+0530] {dag.py:3696} INFO - Setting next_dagrun for latest_only_with_trigger to 2023-10-06T19:20:55.984625+00:00, run_after=2023-10-06T23:20:55.984625+00:00
[2023-10-07T04:50:56.003+0530] {processor.py:179} INFO - Processing /home/raj/Downloads/kafka_2.13-3.5.1/airflow-env/lib64/python3.11/site-packages/airflow/example_dags/example_latest_only_with_trigger.py took 0.073 seconds
[2023-10-07T04:51:46.655+0530] {processor.py:157} INFO - Started process (PID=11471) to work on /home/raj/Downloads/kafka_2.13-3.5.1/airflow-env/lib64/python3.11/site-packages/airflow/example_dags/example_latest_only_with_trigger.py
[2023-10-07T04:51:46.666+0530] {processor.py:829} INFO - Processing file /home/raj/Downloads/kafka_2.13-3.5.1/airflow-env/lib64/python3.11/site-packages/airflow/example_dags/example_latest_only_with_trigger.py for tasks to queue
[2023-10-07T04:51:46.668+0530] {logging_mixin.py:151} INFO - [2023-10-07T04:51:46.667+0530] {dagbag.py:539} INFO - Filling up the DagBag from /home/raj/Downloads/kafka_2.13-3.5.1/airflow-env/lib64/python3.11/site-packages/airflow/example_dags/example_latest_only_with_trigger.py
[2023-10-07T04:51:46.681+0530] {processor.py:839} INFO - DAG(s) dict_keys(['latest_only_with_trigger']) retrieved from /home/raj/Downloads/kafka_2.13-3.5.1/airflow-env/lib64/python3.11/site-packages/airflow/example_dags/example_latest_only_with_trigger.py
[2023-10-07T04:51:46.713+0530] {logging_mixin.py:151} INFO - [2023-10-07T04:51:46.713+0530] {dag.py:2915} INFO - Sync 1 DAGs
[2023-10-07T04:51:46.728+0530] {logging_mixin.py:151} INFO - [2023-10-07T04:51:46.728+0530] {dag.py:3696} INFO - Setting next_dagrun for latest_only_with_trigger to 2023-10-06T19:21:46.728345+00:00, run_after=2023-10-06T23:21:46.728345+00:00
[2023-10-07T04:51:46.747+0530] {processor.py:179} INFO - Processing /home/raj/Downloads/kafka_2.13-3.5.1/airflow-env/lib64/python3.11/site-packages/airflow/example_dags/example_latest_only_with_trigger.py took 0.098 seconds
[2023-10-07T04:52:41.839+0530] {processor.py:157} INFO - Started process (PID=11748) to work on /home/raj/Downloads/kafka_2.13-3.5.1/airflow-env/lib64/python3.11/site-packages/airflow/example_dags/example_latest_only_with_trigger.py
[2023-10-07T04:52:41.850+0530] {processor.py:829} INFO - Processing file /home/raj/Downloads/kafka_2.13-3.5.1/airflow-env/lib64/python3.11/site-packages/airflow/example_dags/example_latest_only_with_trigger.py for tasks to queue
[2023-10-07T04:52:41.852+0530] {logging_mixin.py:151} INFO - [2023-10-07T04:52:41.851+0530] {dagbag.py:539} INFO - Filling up the DagBag from /home/raj/Downloads/kafka_2.13-3.5.1/airflow-env/lib64/python3.11/site-packages/airflow/example_dags/example_latest_only_with_trigger.py
[2023-10-07T04:52:41.864+0530] {processor.py:839} INFO - DAG(s) dict_keys(['latest_only_with_trigger']) retrieved from /home/raj/Downloads/kafka_2.13-3.5.1/airflow-env/lib64/python3.11/site-packages/airflow/example_dags/example_latest_only_with_trigger.py
[2023-10-07T04:52:41.895+0530] {logging_mixin.py:151} INFO - [2023-10-07T04:52:41.895+0530] {dag.py:2915} INFO - Sync 1 DAGs
[2023-10-07T04:52:41.912+0530] {logging_mixin.py:151} INFO - [2023-10-07T04:52:41.912+0530] {dag.py:3696} INFO - Setting next_dagrun for latest_only_with_trigger to 2023-10-06T19:22:41.912315+00:00, run_after=2023-10-06T23:22:41.912315+00:00
[2023-10-07T04:52:41.931+0530] {processor.py:179} INFO - Processing /home/raj/Downloads/kafka_2.13-3.5.1/airflow-env/lib64/python3.11/site-packages/airflow/example_dags/example_latest_only_with_trigger.py took 0.096 seconds
[2023-10-07T04:53:30.991+0530] {processor.py:157} INFO - Started process (PID=11906) to work on /home/raj/Downloads/kafka_2.13-3.5.1/airflow-env/lib64/python3.11/site-packages/airflow/example_dags/example_latest_only_with_trigger.py
[2023-10-07T04:53:31.003+0530] {processor.py:829} INFO - Processing file /home/raj/Downloads/kafka_2.13-3.5.1/airflow-env/lib64/python3.11/site-packages/airflow/example_dags/example_latest_only_with_trigger.py for tasks to queue
[2023-10-07T04:53:31.004+0530] {logging_mixin.py:151} INFO - [2023-10-07T04:53:31.003+0530] {dagbag.py:539} INFO - Filling up the DagBag from /home/raj/Downloads/kafka_2.13-3.5.1/airflow-env/lib64/python3.11/site-packages/airflow/example_dags/example_latest_only_with_trigger.py
[2023-10-07T04:53:31.016+0530] {processor.py:839} INFO - DAG(s) dict_keys(['latest_only_with_trigger']) retrieved from /home/raj/Downloads/kafka_2.13-3.5.1/airflow-env/lib64/python3.11/site-packages/airflow/example_dags/example_latest_only_with_trigger.py
[2023-10-07T04:53:31.047+0530] {logging_mixin.py:151} INFO - [2023-10-07T04:53:31.047+0530] {dag.py:2915} INFO - Sync 1 DAGs
[2023-10-07T04:53:31.063+0530] {logging_mixin.py:151} INFO - [2023-10-07T04:53:31.063+0530] {dag.py:3696} INFO - Setting next_dagrun for latest_only_with_trigger to 2023-10-06T19:23:31.063289+00:00, run_after=2023-10-06T23:23:31.063289+00:00
[2023-10-07T04:53:31.081+0530] {processor.py:179} INFO - Processing /home/raj/Downloads/kafka_2.13-3.5.1/airflow-env/lib64/python3.11/site-packages/airflow/example_dags/example_latest_only_with_trigger.py took 0.095 seconds
[2023-10-07T04:54:17.644+0530] {processor.py:157} INFO - Started process (PID=11982) to work on /home/raj/Downloads/kafka_2.13-3.5.1/airflow-env/lib64/python3.11/site-packages/airflow/example_dags/example_latest_only_with_trigger.py
[2023-10-07T04:54:17.655+0530] {processor.py:829} INFO - Processing file /home/raj/Downloads/kafka_2.13-3.5.1/airflow-env/lib64/python3.11/site-packages/airflow/example_dags/example_latest_only_with_trigger.py for tasks to queue
[2023-10-07T04:54:17.657+0530] {logging_mixin.py:151} INFO - [2023-10-07T04:54:17.656+0530] {dagbag.py:539} INFO - Filling up the DagBag from /home/raj/Downloads/kafka_2.13-3.5.1/airflow-env/lib64/python3.11/site-packages/airflow/example_dags/example_latest_only_with_trigger.py
[2023-10-07T04:54:17.669+0530] {processor.py:839} INFO - DAG(s) dict_keys(['latest_only_with_trigger']) retrieved from /home/raj/Downloads/kafka_2.13-3.5.1/airflow-env/lib64/python3.11/site-packages/airflow/example_dags/example_latest_only_with_trigger.py
[2023-10-07T04:54:17.701+0530] {logging_mixin.py:151} INFO - [2023-10-07T04:54:17.701+0530] {dag.py:2915} INFO - Sync 1 DAGs
[2023-10-07T04:54:17.719+0530] {logging_mixin.py:151} INFO - [2023-10-07T04:54:17.719+0530] {dag.py:3696} INFO - Setting next_dagrun for latest_only_with_trigger to 2023-10-06T19:24:17.718842+00:00, run_after=2023-10-06T23:24:17.718842+00:00
[2023-10-07T04:54:17.738+0530] {processor.py:179} INFO - Processing /home/raj/Downloads/kafka_2.13-3.5.1/airflow-env/lib64/python3.11/site-packages/airflow/example_dags/example_latest_only_with_trigger.py took 0.098 seconds
[2023-10-07T04:55:12.049+0530] {processor.py:157} INFO - Started process (PID=12113) to work on /home/raj/Downloads/kafka_2.13-3.5.1/airflow-env/lib64/python3.11/site-packages/airflow/example_dags/example_latest_only_with_trigger.py
[2023-10-07T04:55:12.061+0530] {processor.py:829} INFO - Processing file /home/raj/Downloads/kafka_2.13-3.5.1/airflow-env/lib64/python3.11/site-packages/airflow/example_dags/example_latest_only_with_trigger.py for tasks to queue
[2023-10-07T04:55:12.062+0530] {logging_mixin.py:151} INFO - [2023-10-07T04:55:12.061+0530] {dagbag.py:539} INFO - Filling up the DagBag from /home/raj/Downloads/kafka_2.13-3.5.1/airflow-env/lib64/python3.11/site-packages/airflow/example_dags/example_latest_only_with_trigger.py
[2023-10-07T04:55:12.068+0530] {processor.py:839} INFO - DAG(s) dict_keys(['latest_only_with_trigger']) retrieved from /home/raj/Downloads/kafka_2.13-3.5.1/airflow-env/lib64/python3.11/site-packages/airflow/example_dags/example_latest_only_with_trigger.py
[2023-10-07T04:55:12.076+0530] {logging_mixin.py:151} INFO - [2023-10-07T04:55:12.075+0530] {dag.py:2915} INFO - Sync 1 DAGs
[2023-10-07T04:55:12.095+0530] {logging_mixin.py:151} INFO - [2023-10-07T04:55:12.094+0530] {dag.py:3696} INFO - Setting next_dagrun for latest_only_with_trigger to 2023-10-06T19:25:12.094653+00:00, run_after=2023-10-06T23:25:12.094653+00:00
[2023-10-07T04:55:12.115+0530] {processor.py:179} INFO - Processing /home/raj/Downloads/kafka_2.13-3.5.1/airflow-env/lib64/python3.11/site-packages/airflow/example_dags/example_latest_only_with_trigger.py took 0.071 seconds
[2023-10-07T04:55:57.569+0530] {processor.py:157} INFO - Started process (PID=12227) to work on /home/raj/Downloads/kafka_2.13-3.5.1/airflow-env/lib64/python3.11/site-packages/airflow/example_dags/example_latest_only_with_trigger.py
[2023-10-07T04:55:57.579+0530] {processor.py:829} INFO - Processing file /home/raj/Downloads/kafka_2.13-3.5.1/airflow-env/lib64/python3.11/site-packages/airflow/example_dags/example_latest_only_with_trigger.py for tasks to queue
[2023-10-07T04:55:57.580+0530] {logging_mixin.py:151} INFO - [2023-10-07T04:55:57.580+0530] {dagbag.py:539} INFO - Filling up the DagBag from /home/raj/Downloads/kafka_2.13-3.5.1/airflow-env/lib64/python3.11/site-packages/airflow/example_dags/example_latest_only_with_trigger.py
[2023-10-07T04:55:57.587+0530] {processor.py:839} INFO - DAG(s) dict_keys(['latest_only_with_trigger']) retrieved from /home/raj/Downloads/kafka_2.13-3.5.1/airflow-env/lib64/python3.11/site-packages/airflow/example_dags/example_latest_only_with_trigger.py
[2023-10-07T04:55:57.603+0530] {logging_mixin.py:151} INFO - [2023-10-07T04:55:57.603+0530] {dag.py:2915} INFO - Sync 1 DAGs
[2023-10-07T04:55:57.623+0530] {logging_mixin.py:151} INFO - [2023-10-07T04:55:57.623+0530] {dag.py:3696} INFO - Setting next_dagrun for latest_only_with_trigger to 2023-10-06T19:25:57.622847+00:00, run_after=2023-10-06T23:25:57.622847+00:00
[2023-10-07T04:55:57.643+0530] {processor.py:179} INFO - Processing /home/raj/Downloads/kafka_2.13-3.5.1/airflow-env/lib64/python3.11/site-packages/airflow/example_dags/example_latest_only_with_trigger.py took 0.077 seconds
[2023-10-07T04:56:43.545+0530] {processor.py:157} INFO - Started process (PID=12291) to work on /home/raj/Downloads/kafka_2.13-3.5.1/airflow-env/lib64/python3.11/site-packages/airflow/example_dags/example_latest_only_with_trigger.py
[2023-10-07T04:56:43.556+0530] {processor.py:829} INFO - Processing file /home/raj/Downloads/kafka_2.13-3.5.1/airflow-env/lib64/python3.11/site-packages/airflow/example_dags/example_latest_only_with_trigger.py for tasks to queue
[2023-10-07T04:56:43.558+0530] {logging_mixin.py:151} INFO - [2023-10-07T04:56:43.557+0530] {dagbag.py:539} INFO - Filling up the DagBag from /home/raj/Downloads/kafka_2.13-3.5.1/airflow-env/lib64/python3.11/site-packages/airflow/example_dags/example_latest_only_with_trigger.py
[2023-10-07T04:56:43.569+0530] {processor.py:839} INFO - DAG(s) dict_keys(['latest_only_with_trigger']) retrieved from /home/raj/Downloads/kafka_2.13-3.5.1/airflow-env/lib64/python3.11/site-packages/airflow/example_dags/example_latest_only_with_trigger.py
[2023-10-07T04:56:43.605+0530] {logging_mixin.py:151} INFO - [2023-10-07T04:56:43.604+0530] {dag.py:2915} INFO - Sync 1 DAGs
[2023-10-07T04:56:43.623+0530] {logging_mixin.py:151} INFO - [2023-10-07T04:56:43.623+0530] {dag.py:3696} INFO - Setting next_dagrun for latest_only_with_trigger to 2023-10-06T19:26:43.623008+00:00, run_after=2023-10-06T23:26:43.623008+00:00
[2023-10-07T04:56:43.644+0530] {processor.py:179} INFO - Processing /home/raj/Downloads/kafka_2.13-3.5.1/airflow-env/lib64/python3.11/site-packages/airflow/example_dags/example_latest_only_with_trigger.py took 0.103 seconds
[2023-10-07T04:57:33.957+0530] {processor.py:157} INFO - Started process (PID=12438) to work on /home/raj/Downloads/kafka_2.13-3.5.1/airflow-env/lib64/python3.11/site-packages/airflow/example_dags/example_latest_only_with_trigger.py
[2023-10-07T04:57:33.968+0530] {processor.py:829} INFO - Processing file /home/raj/Downloads/kafka_2.13-3.5.1/airflow-env/lib64/python3.11/site-packages/airflow/example_dags/example_latest_only_with_trigger.py for tasks to queue
[2023-10-07T04:57:33.970+0530] {logging_mixin.py:151} INFO - [2023-10-07T04:57:33.969+0530] {dagbag.py:539} INFO - Filling up the DagBag from /home/raj/Downloads/kafka_2.13-3.5.1/airflow-env/lib64/python3.11/site-packages/airflow/example_dags/example_latest_only_with_trigger.py
[2023-10-07T04:57:33.982+0530] {processor.py:839} INFO - DAG(s) dict_keys(['latest_only_with_trigger']) retrieved from /home/raj/Downloads/kafka_2.13-3.5.1/airflow-env/lib64/python3.11/site-packages/airflow/example_dags/example_latest_only_with_trigger.py
[2023-10-07T04:57:34.015+0530] {logging_mixin.py:151} INFO - [2023-10-07T04:57:34.015+0530] {dag.py:2915} INFO - Sync 1 DAGs
[2023-10-07T04:57:34.031+0530] {logging_mixin.py:151} INFO - [2023-10-07T04:57:34.031+0530] {dag.py:3696} INFO - Setting next_dagrun for latest_only_with_trigger to 2023-10-06T19:27:34.031023+00:00, run_after=2023-10-06T23:27:34.031023+00:00
[2023-10-07T04:57:34.048+0530] {processor.py:179} INFO - Processing /home/raj/Downloads/kafka_2.13-3.5.1/airflow-env/lib64/python3.11/site-packages/airflow/example_dags/example_latest_only_with_trigger.py took 0.096 seconds
[2023-10-07T04:58:24.846+0530] {processor.py:157} INFO - Started process (PID=12529) to work on /home/raj/Downloads/kafka_2.13-3.5.1/airflow-env/lib64/python3.11/site-packages/airflow/example_dags/example_latest_only_with_trigger.py
[2023-10-07T04:58:24.847+0530] {processor.py:829} INFO - Processing file /home/raj/Downloads/kafka_2.13-3.5.1/airflow-env/lib64/python3.11/site-packages/airflow/example_dags/example_latest_only_with_trigger.py for tasks to queue
[2023-10-07T04:58:24.848+0530] {logging_mixin.py:151} INFO - [2023-10-07T04:58:24.847+0530] {dagbag.py:539} INFO - Filling up the DagBag from /home/raj/Downloads/kafka_2.13-3.5.1/airflow-env/lib64/python3.11/site-packages/airflow/example_dags/example_latest_only_with_trigger.py
[2023-10-07T04:58:24.854+0530] {processor.py:839} INFO - DAG(s) dict_keys(['latest_only_with_trigger']) retrieved from /home/raj/Downloads/kafka_2.13-3.5.1/airflow-env/lib64/python3.11/site-packages/airflow/example_dags/example_latest_only_with_trigger.py
[2023-10-07T04:58:24.872+0530] {logging_mixin.py:151} INFO - [2023-10-07T04:58:24.872+0530] {dag.py:2915} INFO - Sync 1 DAGs
[2023-10-07T04:58:24.896+0530] {logging_mixin.py:151} INFO - [2023-10-07T04:58:24.895+0530] {dag.py:3696} INFO - Setting next_dagrun for latest_only_with_trigger to 2023-10-06T19:28:24.895592+00:00, run_after=2023-10-06T23:28:24.895592+00:00
[2023-10-07T04:58:24.921+0530] {processor.py:179} INFO - Processing /home/raj/Downloads/kafka_2.13-3.5.1/airflow-env/lib64/python3.11/site-packages/airflow/example_dags/example_latest_only_with_trigger.py took 0.077 seconds
[2023-10-07T04:59:14.216+0530] {processor.py:157} INFO - Started process (PID=12671) to work on /home/raj/Downloads/kafka_2.13-3.5.1/airflow-env/lib64/python3.11/site-packages/airflow/example_dags/example_latest_only_with_trigger.py
[2023-10-07T04:59:14.227+0530] {processor.py:829} INFO - Processing file /home/raj/Downloads/kafka_2.13-3.5.1/airflow-env/lib64/python3.11/site-packages/airflow/example_dags/example_latest_only_with_trigger.py for tasks to queue
[2023-10-07T04:59:14.228+0530] {logging_mixin.py:151} INFO - [2023-10-07T04:59:14.227+0530] {dagbag.py:539} INFO - Filling up the DagBag from /home/raj/Downloads/kafka_2.13-3.5.1/airflow-env/lib64/python3.11/site-packages/airflow/example_dags/example_latest_only_with_trigger.py
[2023-10-07T04:59:14.234+0530] {processor.py:839} INFO - DAG(s) dict_keys(['latest_only_with_trigger']) retrieved from /home/raj/Downloads/kafka_2.13-3.5.1/airflow-env/lib64/python3.11/site-packages/airflow/example_dags/example_latest_only_with_trigger.py
[2023-10-07T04:59:14.249+0530] {logging_mixin.py:151} INFO - [2023-10-07T04:59:14.249+0530] {dag.py:2915} INFO - Sync 1 DAGs
[2023-10-07T04:59:14.267+0530] {logging_mixin.py:151} INFO - [2023-10-07T04:59:14.267+0530] {dag.py:3696} INFO - Setting next_dagrun for latest_only_with_trigger to 2023-10-06T19:29:14.267466+00:00, run_after=2023-10-06T23:29:14.267466+00:00
[2023-10-07T04:59:14.289+0530] {processor.py:179} INFO - Processing /home/raj/Downloads/kafka_2.13-3.5.1/airflow-env/lib64/python3.11/site-packages/airflow/example_dags/example_latest_only_with_trigger.py took 0.076 seconds
