[2023-10-07T04:00:15.403+0530] {processor.py:157} INFO - Started process (PID=18124) to work on /home/raj/Downloads/kafka_2.13-3.5.1/airflow-env/lib64/python3.11/site-packages/airflow/example_dags/example_branch_labels.py
[2023-10-07T04:00:15.404+0530] {processor.py:829} INFO - Processing file /home/raj/Downloads/kafka_2.13-3.5.1/airflow-env/lib64/python3.11/site-packages/airflow/example_dags/example_branch_labels.py for tasks to queue
[2023-10-07T04:00:15.405+0530] {logging_mixin.py:151} INFO - [2023-10-07T04:00:15.405+0530] {dagbag.py:539} INFO - Filling up the DagBag from /home/raj/Downloads/kafka_2.13-3.5.1/airflow-env/lib64/python3.11/site-packages/airflow/example_dags/example_branch_labels.py
[2023-10-07T04:00:15.413+0530] {processor.py:839} INFO - DAG(s) dict_keys(['example_branch_labels']) retrieved from /home/raj/Downloads/kafka_2.13-3.5.1/airflow-env/lib64/python3.11/site-packages/airflow/example_dags/example_branch_labels.py
[2023-10-07T04:00:15.544+0530] {logging_mixin.py:151} INFO - [2023-10-07T04:00:15.544+0530] {manager.py:499} INFO - Created Permission View: %s
[2023-10-07T04:00:15.558+0530] {logging_mixin.py:151} INFO - [2023-10-07T04:00:15.557+0530] {manager.py:499} INFO - Created Permission View: %s
[2023-10-07T04:00:15.569+0530] {logging_mixin.py:151} INFO - [2023-10-07T04:00:15.568+0530] {manager.py:499} INFO - Created Permission View: %s
[2023-10-07T04:00:15.569+0530] {logging_mixin.py:151} INFO - [2023-10-07T04:00:15.569+0530] {security.py:708} INFO - Not syncing DAG-level permissions for DAG 'DAG:example_branch_labels' as access control is unset.
[2023-10-07T04:00:15.569+0530] {logging_mixin.py:151} INFO - [2023-10-07T04:00:15.569+0530] {dag.py:2915} INFO - Sync 1 DAGs
[2023-10-07T04:00:15.585+0530] {logging_mixin.py:151} INFO - [2023-10-07T04:00:15.584+0530] {dag.py:2937} INFO - Creating ORM DAG for example_branch_labels
[2023-10-07T04:00:15.597+0530] {logging_mixin.py:151} INFO - [2023-10-07T04:00:15.597+0530] {dag.py:3696} INFO - Setting next_dagrun for example_branch_labels to 2023-10-05T00:00:00+00:00, run_after=2023-10-06T00:00:00+00:00
[2023-10-07T04:00:15.621+0530] {processor.py:179} INFO - Processing /home/raj/Downloads/kafka_2.13-3.5.1/airflow-env/lib64/python3.11/site-packages/airflow/example_dags/example_branch_labels.py took 0.221 seconds
[2023-10-07T04:01:11.100+0530] {processor.py:157} INFO - Started process (PID=18271) to work on /home/raj/Downloads/kafka_2.13-3.5.1/airflow-env/lib64/python3.11/site-packages/airflow/example_dags/example_branch_labels.py
[2023-10-07T04:01:11.101+0530] {processor.py:829} INFO - Processing file /home/raj/Downloads/kafka_2.13-3.5.1/airflow-env/lib64/python3.11/site-packages/airflow/example_dags/example_branch_labels.py for tasks to queue
[2023-10-07T04:01:11.103+0530] {logging_mixin.py:151} INFO - [2023-10-07T04:01:11.102+0530] {dagbag.py:539} INFO - Filling up the DagBag from /home/raj/Downloads/kafka_2.13-3.5.1/airflow-env/lib64/python3.11/site-packages/airflow/example_dags/example_branch_labels.py
[2023-10-07T04:01:11.118+0530] {processor.py:839} INFO - DAG(s) dict_keys(['example_branch_labels']) retrieved from /home/raj/Downloads/kafka_2.13-3.5.1/airflow-env/lib64/python3.11/site-packages/airflow/example_dags/example_branch_labels.py
[2023-10-07T04:01:11.141+0530] {logging_mixin.py:151} INFO - [2023-10-07T04:01:11.141+0530] {dag.py:2915} INFO - Sync 1 DAGs
[2023-10-07T04:01:11.158+0530] {logging_mixin.py:151} INFO - [2023-10-07T04:01:11.158+0530] {dag.py:3696} INFO - Setting next_dagrun for example_branch_labels to 2023-10-05T00:00:00+00:00, run_after=2023-10-06T00:00:00+00:00
[2023-10-07T04:01:11.188+0530] {processor.py:179} INFO - Processing /home/raj/Downloads/kafka_2.13-3.5.1/airflow-env/lib64/python3.11/site-packages/airflow/example_dags/example_branch_labels.py took 0.093 seconds
[2023-10-07T04:02:00.965+0530] {processor.py:157} INFO - Started process (PID=18360) to work on /home/raj/Downloads/kafka_2.13-3.5.1/airflow-env/lib64/python3.11/site-packages/airflow/example_dags/example_branch_labels.py
[2023-10-07T04:02:00.966+0530] {processor.py:829} INFO - Processing file /home/raj/Downloads/kafka_2.13-3.5.1/airflow-env/lib64/python3.11/site-packages/airflow/example_dags/example_branch_labels.py for tasks to queue
[2023-10-07T04:02:00.967+0530] {logging_mixin.py:151} INFO - [2023-10-07T04:02:00.967+0530] {dagbag.py:539} INFO - Filling up the DagBag from /home/raj/Downloads/kafka_2.13-3.5.1/airflow-env/lib64/python3.11/site-packages/airflow/example_dags/example_branch_labels.py
[2023-10-07T04:02:00.975+0530] {processor.py:839} INFO - DAG(s) dict_keys(['example_branch_labels']) retrieved from /home/raj/Downloads/kafka_2.13-3.5.1/airflow-env/lib64/python3.11/site-packages/airflow/example_dags/example_branch_labels.py
[2023-10-07T04:02:00.993+0530] {logging_mixin.py:151} INFO - [2023-10-07T04:02:00.992+0530] {dag.py:2915} INFO - Sync 1 DAGs
[2023-10-07T04:02:01.016+0530] {logging_mixin.py:151} INFO - [2023-10-07T04:02:01.015+0530] {dag.py:3696} INFO - Setting next_dagrun for example_branch_labels to 2023-10-05T00:00:00+00:00, run_after=2023-10-06T00:00:00+00:00
[2023-10-07T04:02:01.049+0530] {processor.py:179} INFO - Processing /home/raj/Downloads/kafka_2.13-3.5.1/airflow-env/lib64/python3.11/site-packages/airflow/example_dags/example_branch_labels.py took 0.089 seconds
[2023-10-07T04:02:54.195+0530] {processor.py:157} INFO - Started process (PID=18495) to work on /home/raj/Downloads/kafka_2.13-3.5.1/airflow-env/lib64/python3.11/site-packages/airflow/example_dags/example_branch_labels.py
[2023-10-07T04:02:54.207+0530] {processor.py:829} INFO - Processing file /home/raj/Downloads/kafka_2.13-3.5.1/airflow-env/lib64/python3.11/site-packages/airflow/example_dags/example_branch_labels.py for tasks to queue
[2023-10-07T04:02:54.209+0530] {logging_mixin.py:151} INFO - [2023-10-07T04:02:54.208+0530] {dagbag.py:539} INFO - Filling up the DagBag from /home/raj/Downloads/kafka_2.13-3.5.1/airflow-env/lib64/python3.11/site-packages/airflow/example_dags/example_branch_labels.py
[2023-10-07T04:02:54.226+0530] {processor.py:839} INFO - DAG(s) dict_keys(['example_branch_labels']) retrieved from /home/raj/Downloads/kafka_2.13-3.5.1/airflow-env/lib64/python3.11/site-packages/airflow/example_dags/example_branch_labels.py
[2023-10-07T04:02:54.255+0530] {logging_mixin.py:151} INFO - [2023-10-07T04:02:54.254+0530] {dag.py:2915} INFO - Sync 1 DAGs
[2023-10-07T04:02:54.275+0530] {logging_mixin.py:151} INFO - [2023-10-07T04:02:54.275+0530] {dag.py:3696} INFO - Setting next_dagrun for example_branch_labels to 2023-10-05T00:00:00+00:00, run_after=2023-10-06T00:00:00+00:00
[2023-10-07T04:02:54.295+0530] {processor.py:179} INFO - Processing /home/raj/Downloads/kafka_2.13-3.5.1/airflow-env/lib64/python3.11/site-packages/airflow/example_dags/example_branch_labels.py took 0.105 seconds
[2023-10-07T04:03:43.156+0530] {processor.py:157} INFO - Started process (PID=18678) to work on /home/raj/Downloads/kafka_2.13-3.5.1/airflow-env/lib64/python3.11/site-packages/airflow/example_dags/example_branch_labels.py
[2023-10-07T04:03:43.167+0530] {processor.py:829} INFO - Processing file /home/raj/Downloads/kafka_2.13-3.5.1/airflow-env/lib64/python3.11/site-packages/airflow/example_dags/example_branch_labels.py for tasks to queue
[2023-10-07T04:03:43.169+0530] {logging_mixin.py:151} INFO - [2023-10-07T04:03:43.168+0530] {dagbag.py:539} INFO - Filling up the DagBag from /home/raj/Downloads/kafka_2.13-3.5.1/airflow-env/lib64/python3.11/site-packages/airflow/example_dags/example_branch_labels.py
[2023-10-07T04:03:43.185+0530] {processor.py:839} INFO - DAG(s) dict_keys(['example_branch_labels']) retrieved from /home/raj/Downloads/kafka_2.13-3.5.1/airflow-env/lib64/python3.11/site-packages/airflow/example_dags/example_branch_labels.py
[2023-10-07T04:03:43.217+0530] {logging_mixin.py:151} INFO - [2023-10-07T04:03:43.217+0530] {dag.py:2915} INFO - Sync 1 DAGs
[2023-10-07T04:03:43.238+0530] {logging_mixin.py:151} INFO - [2023-10-07T04:03:43.237+0530] {dag.py:3696} INFO - Setting next_dagrun for example_branch_labels to 2023-10-05T00:00:00+00:00, run_after=2023-10-06T00:00:00+00:00
[2023-10-07T04:03:43.257+0530] {processor.py:179} INFO - Processing /home/raj/Downloads/kafka_2.13-3.5.1/airflow-env/lib64/python3.11/site-packages/airflow/example_dags/example_branch_labels.py took 0.106 seconds
[2023-10-07T04:04:31.533+0530] {processor.py:157} INFO - Started process (PID=18752) to work on /home/raj/Downloads/kafka_2.13-3.5.1/airflow-env/lib64/python3.11/site-packages/airflow/example_dags/example_branch_labels.py
[2023-10-07T04:04:31.545+0530] {processor.py:829} INFO - Processing file /home/raj/Downloads/kafka_2.13-3.5.1/airflow-env/lib64/python3.11/site-packages/airflow/example_dags/example_branch_labels.py for tasks to queue
[2023-10-07T04:04:31.546+0530] {logging_mixin.py:151} INFO - [2023-10-07T04:04:31.546+0530] {dagbag.py:539} INFO - Filling up the DagBag from /home/raj/Downloads/kafka_2.13-3.5.1/airflow-env/lib64/python3.11/site-packages/airflow/example_dags/example_branch_labels.py
[2023-10-07T04:04:31.562+0530] {processor.py:839} INFO - DAG(s) dict_keys(['example_branch_labels']) retrieved from /home/raj/Downloads/kafka_2.13-3.5.1/airflow-env/lib64/python3.11/site-packages/airflow/example_dags/example_branch_labels.py
[2023-10-07T04:04:31.592+0530] {logging_mixin.py:151} INFO - [2023-10-07T04:04:31.591+0530] {dag.py:2915} INFO - Sync 1 DAGs
[2023-10-07T04:04:31.608+0530] {logging_mixin.py:151} INFO - [2023-10-07T04:04:31.608+0530] {dag.py:3696} INFO - Setting next_dagrun for example_branch_labels to 2023-10-05T00:00:00+00:00, run_after=2023-10-06T00:00:00+00:00
[2023-10-07T04:04:31.625+0530] {processor.py:179} INFO - Processing /home/raj/Downloads/kafka_2.13-3.5.1/airflow-env/lib64/python3.11/site-packages/airflow/example_dags/example_branch_labels.py took 0.098 seconds
[2023-10-07T04:05:23.586+0530] {processor.py:157} INFO - Started process (PID=18967) to work on /home/raj/Downloads/kafka_2.13-3.5.1/airflow-env/lib64/python3.11/site-packages/airflow/example_dags/example_branch_labels.py
[2023-10-07T04:05:23.597+0530] {processor.py:829} INFO - Processing file /home/raj/Downloads/kafka_2.13-3.5.1/airflow-env/lib64/python3.11/site-packages/airflow/example_dags/example_branch_labels.py for tasks to queue
[2023-10-07T04:05:23.598+0530] {logging_mixin.py:151} INFO - [2023-10-07T04:05:23.597+0530] {dagbag.py:539} INFO - Filling up the DagBag from /home/raj/Downloads/kafka_2.13-3.5.1/airflow-env/lib64/python3.11/site-packages/airflow/example_dags/example_branch_labels.py
[2023-10-07T04:05:23.605+0530] {processor.py:839} INFO - DAG(s) dict_keys(['example_branch_labels']) retrieved from /home/raj/Downloads/kafka_2.13-3.5.1/airflow-env/lib64/python3.11/site-packages/airflow/example_dags/example_branch_labels.py
[2023-10-07T04:05:23.619+0530] {logging_mixin.py:151} INFO - [2023-10-07T04:05:23.619+0530] {dag.py:2915} INFO - Sync 1 DAGs
[2023-10-07T04:05:23.639+0530] {logging_mixin.py:151} INFO - [2023-10-07T04:05:23.638+0530] {dag.py:3696} INFO - Setting next_dagrun for example_branch_labels to 2023-10-05T00:00:00+00:00, run_after=2023-10-06T00:00:00+00:00
[2023-10-07T04:05:23.659+0530] {processor.py:179} INFO - Processing /home/raj/Downloads/kafka_2.13-3.5.1/airflow-env/lib64/python3.11/site-packages/airflow/example_dags/example_branch_labels.py took 0.075 seconds
[2023-10-07T04:06:14.371+0530] {processor.py:157} INFO - Started process (PID=19037) to work on /home/raj/Downloads/kafka_2.13-3.5.1/airflow-env/lib64/python3.11/site-packages/airflow/example_dags/example_branch_labels.py
[2023-10-07T04:06:14.382+0530] {processor.py:829} INFO - Processing file /home/raj/Downloads/kafka_2.13-3.5.1/airflow-env/lib64/python3.11/site-packages/airflow/example_dags/example_branch_labels.py for tasks to queue
[2023-10-07T04:06:14.384+0530] {logging_mixin.py:151} INFO - [2023-10-07T04:06:14.383+0530] {dagbag.py:539} INFO - Filling up the DagBag from /home/raj/Downloads/kafka_2.13-3.5.1/airflow-env/lib64/python3.11/site-packages/airflow/example_dags/example_branch_labels.py
[2023-10-07T04:06:14.399+0530] {processor.py:839} INFO - DAG(s) dict_keys(['example_branch_labels']) retrieved from /home/raj/Downloads/kafka_2.13-3.5.1/airflow-env/lib64/python3.11/site-packages/airflow/example_dags/example_branch_labels.py
[2023-10-07T04:06:14.432+0530] {logging_mixin.py:151} INFO - [2023-10-07T04:06:14.432+0530] {dag.py:2915} INFO - Sync 1 DAGs
[2023-10-07T04:06:14.450+0530] {logging_mixin.py:151} INFO - [2023-10-07T04:06:14.449+0530] {dag.py:3696} INFO - Setting next_dagrun for example_branch_labels to 2023-10-05T00:00:00+00:00, run_after=2023-10-06T00:00:00+00:00
[2023-10-07T04:06:14.470+0530] {processor.py:179} INFO - Processing /home/raj/Downloads/kafka_2.13-3.5.1/airflow-env/lib64/python3.11/site-packages/airflow/example_dags/example_branch_labels.py took 0.105 seconds
[2023-10-07T04:07:11.445+0530] {processor.py:157} INFO - Started process (PID=19186) to work on /home/raj/Downloads/kafka_2.13-3.5.1/airflow-env/lib64/python3.11/site-packages/airflow/example_dags/example_branch_labels.py
[2023-10-07T04:07:11.457+0530] {processor.py:829} INFO - Processing file /home/raj/Downloads/kafka_2.13-3.5.1/airflow-env/lib64/python3.11/site-packages/airflow/example_dags/example_branch_labels.py for tasks to queue
[2023-10-07T04:07:11.458+0530] {logging_mixin.py:151} INFO - [2023-10-07T04:07:11.458+0530] {dagbag.py:539} INFO - Filling up the DagBag from /home/raj/Downloads/kafka_2.13-3.5.1/airflow-env/lib64/python3.11/site-packages/airflow/example_dags/example_branch_labels.py
[2023-10-07T04:07:11.471+0530] {processor.py:839} INFO - DAG(s) dict_keys(['example_branch_labels']) retrieved from /home/raj/Downloads/kafka_2.13-3.5.1/airflow-env/lib64/python3.11/site-packages/airflow/example_dags/example_branch_labels.py
[2023-10-07T04:07:11.486+0530] {logging_mixin.py:151} INFO - [2023-10-07T04:07:11.485+0530] {dag.py:2915} INFO - Sync 1 DAGs
[2023-10-07T04:07:11.502+0530] {logging_mixin.py:151} INFO - [2023-10-07T04:07:11.502+0530] {dag.py:3696} INFO - Setting next_dagrun for example_branch_labels to 2023-10-05T00:00:00+00:00, run_after=2023-10-06T00:00:00+00:00
[2023-10-07T04:07:11.520+0530] {processor.py:179} INFO - Processing /home/raj/Downloads/kafka_2.13-3.5.1/airflow-env/lib64/python3.11/site-packages/airflow/example_dags/example_branch_labels.py took 0.081 seconds
[2023-10-07T04:08:06.117+0530] {processor.py:157} INFO - Started process (PID=19239) to work on /home/raj/Downloads/kafka_2.13-3.5.1/airflow-env/lib64/python3.11/site-packages/airflow/example_dags/example_branch_labels.py
[2023-10-07T04:08:06.118+0530] {processor.py:829} INFO - Processing file /home/raj/Downloads/kafka_2.13-3.5.1/airflow-env/lib64/python3.11/site-packages/airflow/example_dags/example_branch_labels.py for tasks to queue
[2023-10-07T04:08:06.120+0530] {logging_mixin.py:151} INFO - [2023-10-07T04:08:06.119+0530] {dagbag.py:539} INFO - Filling up the DagBag from /home/raj/Downloads/kafka_2.13-3.5.1/airflow-env/lib64/python3.11/site-packages/airflow/example_dags/example_branch_labels.py
[2023-10-07T04:08:06.135+0530] {processor.py:839} INFO - DAG(s) dict_keys(['example_branch_labels']) retrieved from /home/raj/Downloads/kafka_2.13-3.5.1/airflow-env/lib64/python3.11/site-packages/airflow/example_dags/example_branch_labels.py
[2023-10-07T04:08:06.159+0530] {logging_mixin.py:151} INFO - [2023-10-07T04:08:06.159+0530] {dag.py:2915} INFO - Sync 1 DAGs
[2023-10-07T04:08:06.176+0530] {logging_mixin.py:151} INFO - [2023-10-07T04:08:06.175+0530] {dag.py:3696} INFO - Setting next_dagrun for example_branch_labels to 2023-10-05T00:00:00+00:00, run_after=2023-10-06T00:00:00+00:00
[2023-10-07T04:08:06.193+0530] {processor.py:179} INFO - Processing /home/raj/Downloads/kafka_2.13-3.5.1/airflow-env/lib64/python3.11/site-packages/airflow/example_dags/example_branch_labels.py took 0.082 seconds
[2023-10-07T04:09:00.657+0530] {processor.py:157} INFO - Started process (PID=19295) to work on /home/raj/Downloads/kafka_2.13-3.5.1/airflow-env/lib64/python3.11/site-packages/airflow/example_dags/example_branch_labels.py
[2023-10-07T04:09:00.668+0530] {processor.py:829} INFO - Processing file /home/raj/Downloads/kafka_2.13-3.5.1/airflow-env/lib64/python3.11/site-packages/airflow/example_dags/example_branch_labels.py for tasks to queue
[2023-10-07T04:09:00.670+0530] {logging_mixin.py:151} INFO - [2023-10-07T04:09:00.669+0530] {dagbag.py:539} INFO - Filling up the DagBag from /home/raj/Downloads/kafka_2.13-3.5.1/airflow-env/lib64/python3.11/site-packages/airflow/example_dags/example_branch_labels.py
[2023-10-07T04:09:00.686+0530] {processor.py:839} INFO - DAG(s) dict_keys(['example_branch_labels']) retrieved from /home/raj/Downloads/kafka_2.13-3.5.1/airflow-env/lib64/python3.11/site-packages/airflow/example_dags/example_branch_labels.py
[2023-10-07T04:09:00.718+0530] {logging_mixin.py:151} INFO - [2023-10-07T04:09:00.718+0530] {dag.py:2915} INFO - Sync 1 DAGs
[2023-10-07T04:09:00.735+0530] {logging_mixin.py:151} INFO - [2023-10-07T04:09:00.735+0530] {dag.py:3696} INFO - Setting next_dagrun for example_branch_labels to 2023-10-05T00:00:00+00:00, run_after=2023-10-06T00:00:00+00:00
[2023-10-07T04:09:00.752+0530] {processor.py:179} INFO - Processing /home/raj/Downloads/kafka_2.13-3.5.1/airflow-env/lib64/python3.11/site-packages/airflow/example_dags/example_branch_labels.py took 0.100 seconds
[2023-10-07T04:09:51.064+0530] {processor.py:157} INFO - Started process (PID=19350) to work on /home/raj/Downloads/kafka_2.13-3.5.1/airflow-env/lib64/python3.11/site-packages/airflow/example_dags/example_branch_labels.py
[2023-10-07T04:09:51.075+0530] {processor.py:829} INFO - Processing file /home/raj/Downloads/kafka_2.13-3.5.1/airflow-env/lib64/python3.11/site-packages/airflow/example_dags/example_branch_labels.py for tasks to queue
[2023-10-07T04:09:51.077+0530] {logging_mixin.py:151} INFO - [2023-10-07T04:09:51.077+0530] {dagbag.py:539} INFO - Filling up the DagBag from /home/raj/Downloads/kafka_2.13-3.5.1/airflow-env/lib64/python3.11/site-packages/airflow/example_dags/example_branch_labels.py
[2023-10-07T04:09:51.092+0530] {processor.py:839} INFO - DAG(s) dict_keys(['example_branch_labels']) retrieved from /home/raj/Downloads/kafka_2.13-3.5.1/airflow-env/lib64/python3.11/site-packages/airflow/example_dags/example_branch_labels.py
[2023-10-07T04:09:51.109+0530] {logging_mixin.py:151} INFO - [2023-10-07T04:09:51.109+0530] {dag.py:2915} INFO - Sync 1 DAGs
[2023-10-07T04:09:51.129+0530] {logging_mixin.py:151} INFO - [2023-10-07T04:09:51.129+0530] {dag.py:3696} INFO - Setting next_dagrun for example_branch_labels to 2023-10-05T00:00:00+00:00, run_after=2023-10-06T00:00:00+00:00
[2023-10-07T04:09:51.150+0530] {processor.py:179} INFO - Processing /home/raj/Downloads/kafka_2.13-3.5.1/airflow-env/lib64/python3.11/site-packages/airflow/example_dags/example_branch_labels.py took 0.092 seconds
[2023-10-07T04:10:41.168+0530] {processor.py:157} INFO - Started process (PID=19412) to work on /home/raj/Downloads/kafka_2.13-3.5.1/airflow-env/lib64/python3.11/site-packages/airflow/example_dags/example_branch_labels.py
[2023-10-07T04:10:41.179+0530] {processor.py:829} INFO - Processing file /home/raj/Downloads/kafka_2.13-3.5.1/airflow-env/lib64/python3.11/site-packages/airflow/example_dags/example_branch_labels.py for tasks to queue
[2023-10-07T04:10:41.181+0530] {logging_mixin.py:151} INFO - [2023-10-07T04:10:41.180+0530] {dagbag.py:539} INFO - Filling up the DagBag from /home/raj/Downloads/kafka_2.13-3.5.1/airflow-env/lib64/python3.11/site-packages/airflow/example_dags/example_branch_labels.py
[2023-10-07T04:10:41.197+0530] {processor.py:839} INFO - DAG(s) dict_keys(['example_branch_labels']) retrieved from /home/raj/Downloads/kafka_2.13-3.5.1/airflow-env/lib64/python3.11/site-packages/airflow/example_dags/example_branch_labels.py
[2023-10-07T04:10:41.228+0530] {logging_mixin.py:151} INFO - [2023-10-07T04:10:41.228+0530] {dag.py:2915} INFO - Sync 1 DAGs
[2023-10-07T04:10:41.246+0530] {logging_mixin.py:151} INFO - [2023-10-07T04:10:41.246+0530] {dag.py:3696} INFO - Setting next_dagrun for example_branch_labels to 2023-10-05T00:00:00+00:00, run_after=2023-10-06T00:00:00+00:00
[2023-10-07T04:10:41.264+0530] {processor.py:179} INFO - Processing /home/raj/Downloads/kafka_2.13-3.5.1/airflow-env/lib64/python3.11/site-packages/airflow/example_dags/example_branch_labels.py took 0.101 seconds
[2023-10-07T04:11:34.349+0530] {processor.py:157} INFO - Started process (PID=19476) to work on /home/raj/Downloads/kafka_2.13-3.5.1/airflow-env/lib64/python3.11/site-packages/airflow/example_dags/example_branch_labels.py
[2023-10-07T04:11:34.360+0530] {processor.py:829} INFO - Processing file /home/raj/Downloads/kafka_2.13-3.5.1/airflow-env/lib64/python3.11/site-packages/airflow/example_dags/example_branch_labels.py for tasks to queue
[2023-10-07T04:11:34.362+0530] {logging_mixin.py:151} INFO - [2023-10-07T04:11:34.361+0530] {dagbag.py:539} INFO - Filling up the DagBag from /home/raj/Downloads/kafka_2.13-3.5.1/airflow-env/lib64/python3.11/site-packages/airflow/example_dags/example_branch_labels.py
[2023-10-07T04:11:34.379+0530] {processor.py:839} INFO - DAG(s) dict_keys(['example_branch_labels']) retrieved from /home/raj/Downloads/kafka_2.13-3.5.1/airflow-env/lib64/python3.11/site-packages/airflow/example_dags/example_branch_labels.py
[2023-10-07T04:11:34.410+0530] {logging_mixin.py:151} INFO - [2023-10-07T04:11:34.410+0530] {dag.py:2915} INFO - Sync 1 DAGs
[2023-10-07T04:11:34.429+0530] {logging_mixin.py:151} INFO - [2023-10-07T04:11:34.429+0530] {dag.py:3696} INFO - Setting next_dagrun for example_branch_labels to 2023-10-05T00:00:00+00:00, run_after=2023-10-06T00:00:00+00:00
[2023-10-07T04:11:34.449+0530] {processor.py:179} INFO - Processing /home/raj/Downloads/kafka_2.13-3.5.1/airflow-env/lib64/python3.11/site-packages/airflow/example_dags/example_branch_labels.py took 0.106 seconds
[2023-10-07T04:12:27.814+0530] {processor.py:157} INFO - Started process (PID=19552) to work on /home/raj/Downloads/kafka_2.13-3.5.1/airflow-env/lib64/python3.11/site-packages/airflow/example_dags/example_branch_labels.py
[2023-10-07T04:12:27.825+0530] {processor.py:829} INFO - Processing file /home/raj/Downloads/kafka_2.13-3.5.1/airflow-env/lib64/python3.11/site-packages/airflow/example_dags/example_branch_labels.py for tasks to queue
[2023-10-07T04:12:27.827+0530] {logging_mixin.py:151} INFO - [2023-10-07T04:12:27.826+0530] {dagbag.py:539} INFO - Filling up the DagBag from /home/raj/Downloads/kafka_2.13-3.5.1/airflow-env/lib64/python3.11/site-packages/airflow/example_dags/example_branch_labels.py
[2023-10-07T04:12:27.845+0530] {processor.py:839} INFO - DAG(s) dict_keys(['example_branch_labels']) retrieved from /home/raj/Downloads/kafka_2.13-3.5.1/airflow-env/lib64/python3.11/site-packages/airflow/example_dags/example_branch_labels.py
[2023-10-07T04:12:27.875+0530] {logging_mixin.py:151} INFO - [2023-10-07T04:12:27.875+0530] {dag.py:2915} INFO - Sync 1 DAGs
[2023-10-07T04:12:27.891+0530] {logging_mixin.py:151} INFO - [2023-10-07T04:12:27.891+0530] {dag.py:3696} INFO - Setting next_dagrun for example_branch_labels to 2023-10-05T00:00:00+00:00, run_after=2023-10-06T00:00:00+00:00
[2023-10-07T04:12:27.908+0530] {processor.py:179} INFO - Processing /home/raj/Downloads/kafka_2.13-3.5.1/airflow-env/lib64/python3.11/site-packages/airflow/example_dags/example_branch_labels.py took 0.100 seconds
[2023-10-07T04:13:22.695+0530] {processor.py:157} INFO - Started process (PID=19607) to work on /home/raj/Downloads/kafka_2.13-3.5.1/airflow-env/lib64/python3.11/site-packages/airflow/example_dags/example_branch_labels.py
[2023-10-07T04:13:22.706+0530] {processor.py:829} INFO - Processing file /home/raj/Downloads/kafka_2.13-3.5.1/airflow-env/lib64/python3.11/site-packages/airflow/example_dags/example_branch_labels.py for tasks to queue
[2023-10-07T04:13:22.708+0530] {logging_mixin.py:151} INFO - [2023-10-07T04:13:22.707+0530] {dagbag.py:539} INFO - Filling up the DagBag from /home/raj/Downloads/kafka_2.13-3.5.1/airflow-env/lib64/python3.11/site-packages/airflow/example_dags/example_branch_labels.py
[2023-10-07T04:13:22.724+0530] {processor.py:839} INFO - DAG(s) dict_keys(['example_branch_labels']) retrieved from /home/raj/Downloads/kafka_2.13-3.5.1/airflow-env/lib64/python3.11/site-packages/airflow/example_dags/example_branch_labels.py
[2023-10-07T04:13:22.748+0530] {logging_mixin.py:151} INFO - [2023-10-07T04:13:22.748+0530] {dag.py:2915} INFO - Sync 1 DAGs
[2023-10-07T04:13:22.765+0530] {logging_mixin.py:151} INFO - [2023-10-07T04:13:22.765+0530] {dag.py:3696} INFO - Setting next_dagrun for example_branch_labels to 2023-10-05T00:00:00+00:00, run_after=2023-10-06T00:00:00+00:00
[2023-10-07T04:13:22.782+0530] {processor.py:179} INFO - Processing /home/raj/Downloads/kafka_2.13-3.5.1/airflow-env/lib64/python3.11/site-packages/airflow/example_dags/example_branch_labels.py took 0.092 seconds
[2023-10-07T04:14:13.220+0530] {processor.py:157} INFO - Started process (PID=19660) to work on /home/raj/Downloads/kafka_2.13-3.5.1/airflow-env/lib64/python3.11/site-packages/airflow/example_dags/example_branch_labels.py
[2023-10-07T04:14:13.231+0530] {processor.py:829} INFO - Processing file /home/raj/Downloads/kafka_2.13-3.5.1/airflow-env/lib64/python3.11/site-packages/airflow/example_dags/example_branch_labels.py for tasks to queue
[2023-10-07T04:14:13.232+0530] {logging_mixin.py:151} INFO - [2023-10-07T04:14:13.232+0530] {dagbag.py:539} INFO - Filling up the DagBag from /home/raj/Downloads/kafka_2.13-3.5.1/airflow-env/lib64/python3.11/site-packages/airflow/example_dags/example_branch_labels.py
[2023-10-07T04:14:13.239+0530] {processor.py:839} INFO - DAG(s) dict_keys(['example_branch_labels']) retrieved from /home/raj/Downloads/kafka_2.13-3.5.1/airflow-env/lib64/python3.11/site-packages/airflow/example_dags/example_branch_labels.py
[2023-10-07T04:14:13.256+0530] {logging_mixin.py:151} INFO - [2023-10-07T04:14:13.256+0530] {dag.py:2915} INFO - Sync 1 DAGs
[2023-10-07T04:14:13.272+0530] {logging_mixin.py:151} INFO - [2023-10-07T04:14:13.272+0530] {dag.py:3696} INFO - Setting next_dagrun for example_branch_labels to 2023-10-05T00:00:00+00:00, run_after=2023-10-06T00:00:00+00:00
[2023-10-07T04:14:13.289+0530] {processor.py:179} INFO - Processing /home/raj/Downloads/kafka_2.13-3.5.1/airflow-env/lib64/python3.11/site-packages/airflow/example_dags/example_branch_labels.py took 0.074 seconds
[2023-10-07T04:15:03.825+0530] {processor.py:157} INFO - Started process (PID=19725) to work on /home/raj/Downloads/kafka_2.13-3.5.1/airflow-env/lib64/python3.11/site-packages/airflow/example_dags/example_branch_labels.py
[2023-10-07T04:15:03.836+0530] {processor.py:829} INFO - Processing file /home/raj/Downloads/kafka_2.13-3.5.1/airflow-env/lib64/python3.11/site-packages/airflow/example_dags/example_branch_labels.py for tasks to queue
[2023-10-07T04:15:03.838+0530] {logging_mixin.py:151} INFO - [2023-10-07T04:15:03.837+0530] {dagbag.py:539} INFO - Filling up the DagBag from /home/raj/Downloads/kafka_2.13-3.5.1/airflow-env/lib64/python3.11/site-packages/airflow/example_dags/example_branch_labels.py
[2023-10-07T04:15:03.848+0530] {processor.py:839} INFO - DAG(s) dict_keys(['example_branch_labels']) retrieved from /home/raj/Downloads/kafka_2.13-3.5.1/airflow-env/lib64/python3.11/site-packages/airflow/example_dags/example_branch_labels.py
[2023-10-07T04:15:03.863+0530] {logging_mixin.py:151} INFO - [2023-10-07T04:15:03.863+0530] {dag.py:2915} INFO - Sync 1 DAGs
[2023-10-07T04:15:03.879+0530] {logging_mixin.py:151} INFO - [2023-10-07T04:15:03.879+0530] {dag.py:3696} INFO - Setting next_dagrun for example_branch_labels to 2023-10-05T00:00:00+00:00, run_after=2023-10-06T00:00:00+00:00
[2023-10-07T04:15:03.896+0530] {processor.py:179} INFO - Processing /home/raj/Downloads/kafka_2.13-3.5.1/airflow-env/lib64/python3.11/site-packages/airflow/example_dags/example_branch_labels.py took 0.076 seconds
[2023-10-07T04:15:53.486+0530] {processor.py:157} INFO - Started process (PID=19816) to work on /home/raj/Downloads/kafka_2.13-3.5.1/airflow-env/lib64/python3.11/site-packages/airflow/example_dags/example_branch_labels.py
[2023-10-07T04:15:53.497+0530] {processor.py:829} INFO - Processing file /home/raj/Downloads/kafka_2.13-3.5.1/airflow-env/lib64/python3.11/site-packages/airflow/example_dags/example_branch_labels.py for tasks to queue
[2023-10-07T04:15:53.499+0530] {logging_mixin.py:151} INFO - [2023-10-07T04:15:53.498+0530] {dagbag.py:539} INFO - Filling up the DagBag from /home/raj/Downloads/kafka_2.13-3.5.1/airflow-env/lib64/python3.11/site-packages/airflow/example_dags/example_branch_labels.py
[2023-10-07T04:15:53.514+0530] {processor.py:839} INFO - DAG(s) dict_keys(['example_branch_labels']) retrieved from /home/raj/Downloads/kafka_2.13-3.5.1/airflow-env/lib64/python3.11/site-packages/airflow/example_dags/example_branch_labels.py
[2023-10-07T04:15:53.546+0530] {logging_mixin.py:151} INFO - [2023-10-07T04:15:53.545+0530] {dag.py:2915} INFO - Sync 1 DAGs
[2023-10-07T04:15:53.563+0530] {logging_mixin.py:151} INFO - [2023-10-07T04:15:53.563+0530] {dag.py:3696} INFO - Setting next_dagrun for example_branch_labels to 2023-10-05T00:00:00+00:00, run_after=2023-10-06T00:00:00+00:00
[2023-10-07T04:15:53.580+0530] {processor.py:179} INFO - Processing /home/raj/Downloads/kafka_2.13-3.5.1/airflow-env/lib64/python3.11/site-packages/airflow/example_dags/example_branch_labels.py took 0.100 seconds
[2023-10-07T04:16:47.028+0530] {processor.py:157} INFO - Started process (PID=19876) to work on /home/raj/Downloads/kafka_2.13-3.5.1/airflow-env/lib64/python3.11/site-packages/airflow/example_dags/example_branch_labels.py
[2023-10-07T04:16:47.039+0530] {processor.py:829} INFO - Processing file /home/raj/Downloads/kafka_2.13-3.5.1/airflow-env/lib64/python3.11/site-packages/airflow/example_dags/example_branch_labels.py for tasks to queue
[2023-10-07T04:16:47.040+0530] {logging_mixin.py:151} INFO - [2023-10-07T04:16:47.040+0530] {dagbag.py:539} INFO - Filling up the DagBag from /home/raj/Downloads/kafka_2.13-3.5.1/airflow-env/lib64/python3.11/site-packages/airflow/example_dags/example_branch_labels.py
[2023-10-07T04:16:47.056+0530] {processor.py:839} INFO - DAG(s) dict_keys(['example_branch_labels']) retrieved from /home/raj/Downloads/kafka_2.13-3.5.1/airflow-env/lib64/python3.11/site-packages/airflow/example_dags/example_branch_labels.py
[2023-10-07T04:16:47.087+0530] {logging_mixin.py:151} INFO - [2023-10-07T04:16:47.087+0530] {dag.py:2915} INFO - Sync 1 DAGs
[2023-10-07T04:16:47.104+0530] {logging_mixin.py:151} INFO - [2023-10-07T04:16:47.103+0530] {dag.py:3696} INFO - Setting next_dagrun for example_branch_labels to 2023-10-05T00:00:00+00:00, run_after=2023-10-06T00:00:00+00:00
[2023-10-07T04:16:47.121+0530] {processor.py:179} INFO - Processing /home/raj/Downloads/kafka_2.13-3.5.1/airflow-env/lib64/python3.11/site-packages/airflow/example_dags/example_branch_labels.py took 0.099 seconds
[2023-10-07T04:17:38.058+0530] {processor.py:157} INFO - Started process (PID=19932) to work on /home/raj/Downloads/kafka_2.13-3.5.1/airflow-env/lib64/python3.11/site-packages/airflow/example_dags/example_branch_labels.py
[2023-10-07T04:17:38.060+0530] {processor.py:829} INFO - Processing file /home/raj/Downloads/kafka_2.13-3.5.1/airflow-env/lib64/python3.11/site-packages/airflow/example_dags/example_branch_labels.py for tasks to queue
[2023-10-07T04:17:38.061+0530] {logging_mixin.py:151} INFO - [2023-10-07T04:17:38.061+0530] {dagbag.py:539} INFO - Filling up the DagBag from /home/raj/Downloads/kafka_2.13-3.5.1/airflow-env/lib64/python3.11/site-packages/airflow/example_dags/example_branch_labels.py
[2023-10-07T04:17:38.076+0530] {processor.py:839} INFO - DAG(s) dict_keys(['example_branch_labels']) retrieved from /home/raj/Downloads/kafka_2.13-3.5.1/airflow-env/lib64/python3.11/site-packages/airflow/example_dags/example_branch_labels.py
[2023-10-07T04:17:38.100+0530] {logging_mixin.py:151} INFO - [2023-10-07T04:17:38.100+0530] {dag.py:2915} INFO - Sync 1 DAGs
[2023-10-07T04:17:38.119+0530] {logging_mixin.py:151} INFO - [2023-10-07T04:17:38.119+0530] {dag.py:3696} INFO - Setting next_dagrun for example_branch_labels to 2023-10-05T00:00:00+00:00, run_after=2023-10-06T00:00:00+00:00
[2023-10-07T04:17:38.138+0530] {processor.py:179} INFO - Processing /home/raj/Downloads/kafka_2.13-3.5.1/airflow-env/lib64/python3.11/site-packages/airflow/example_dags/example_branch_labels.py took 0.085 seconds
[2023-10-07T04:18:28.923+0530] {processor.py:157} INFO - Started process (PID=19985) to work on /home/raj/Downloads/kafka_2.13-3.5.1/airflow-env/lib64/python3.11/site-packages/airflow/example_dags/example_branch_labels.py
[2023-10-07T04:18:28.935+0530] {processor.py:829} INFO - Processing file /home/raj/Downloads/kafka_2.13-3.5.1/airflow-env/lib64/python3.11/site-packages/airflow/example_dags/example_branch_labels.py for tasks to queue
[2023-10-07T04:18:28.936+0530] {logging_mixin.py:151} INFO - [2023-10-07T04:18:28.935+0530] {dagbag.py:539} INFO - Filling up the DagBag from /home/raj/Downloads/kafka_2.13-3.5.1/airflow-env/lib64/python3.11/site-packages/airflow/example_dags/example_branch_labels.py
[2023-10-07T04:18:28.953+0530] {processor.py:839} INFO - DAG(s) dict_keys(['example_branch_labels']) retrieved from /home/raj/Downloads/kafka_2.13-3.5.1/airflow-env/lib64/python3.11/site-packages/airflow/example_dags/example_branch_labels.py
[2023-10-07T04:18:28.971+0530] {logging_mixin.py:151} INFO - [2023-10-07T04:18:28.970+0530] {dag.py:2915} INFO - Sync 1 DAGs
[2023-10-07T04:18:28.987+0530] {logging_mixin.py:151} INFO - [2023-10-07T04:18:28.987+0530] {dag.py:3696} INFO - Setting next_dagrun for example_branch_labels to 2023-10-05T00:00:00+00:00, run_after=2023-10-06T00:00:00+00:00
[2023-10-07T04:18:29.006+0530] {processor.py:179} INFO - Processing /home/raj/Downloads/kafka_2.13-3.5.1/airflow-env/lib64/python3.11/site-packages/airflow/example_dags/example_branch_labels.py took 0.088 seconds
[2023-10-07T04:19:22.905+0530] {processor.py:157} INFO - Started process (PID=20039) to work on /home/raj/Downloads/kafka_2.13-3.5.1/airflow-env/lib64/python3.11/site-packages/airflow/example_dags/example_branch_labels.py
[2023-10-07T04:19:22.916+0530] {processor.py:829} INFO - Processing file /home/raj/Downloads/kafka_2.13-3.5.1/airflow-env/lib64/python3.11/site-packages/airflow/example_dags/example_branch_labels.py for tasks to queue
[2023-10-07T04:19:22.918+0530] {logging_mixin.py:151} INFO - [2023-10-07T04:19:22.917+0530] {dagbag.py:539} INFO - Filling up the DagBag from /home/raj/Downloads/kafka_2.13-3.5.1/airflow-env/lib64/python3.11/site-packages/airflow/example_dags/example_branch_labels.py
[2023-10-07T04:19:22.933+0530] {processor.py:839} INFO - DAG(s) dict_keys(['example_branch_labels']) retrieved from /home/raj/Downloads/kafka_2.13-3.5.1/airflow-env/lib64/python3.11/site-packages/airflow/example_dags/example_branch_labels.py
[2023-10-07T04:19:22.966+0530] {logging_mixin.py:151} INFO - [2023-10-07T04:19:22.966+0530] {dag.py:2915} INFO - Sync 1 DAGs
[2023-10-07T04:19:22.983+0530] {logging_mixin.py:151} INFO - [2023-10-07T04:19:22.983+0530] {dag.py:3696} INFO - Setting next_dagrun for example_branch_labels to 2023-10-05T00:00:00+00:00, run_after=2023-10-06T00:00:00+00:00
[2023-10-07T04:19:23.001+0530] {processor.py:179} INFO - Processing /home/raj/Downloads/kafka_2.13-3.5.1/airflow-env/lib64/python3.11/site-packages/airflow/example_dags/example_branch_labels.py took 0.101 seconds
[2023-10-07T04:20:20.085+0530] {processor.py:157} INFO - Started process (PID=20389) to work on /home/raj/Downloads/kafka_2.13-3.5.1/airflow-env/lib64/python3.11/site-packages/airflow/example_dags/example_branch_labels.py
[2023-10-07T04:20:20.096+0530] {processor.py:829} INFO - Processing file /home/raj/Downloads/kafka_2.13-3.5.1/airflow-env/lib64/python3.11/site-packages/airflow/example_dags/example_branch_labels.py for tasks to queue
[2023-10-07T04:20:20.097+0530] {logging_mixin.py:151} INFO - [2023-10-07T04:20:20.097+0530] {dagbag.py:539} INFO - Filling up the DagBag from /home/raj/Downloads/kafka_2.13-3.5.1/airflow-env/lib64/python3.11/site-packages/airflow/example_dags/example_branch_labels.py
[2023-10-07T04:20:20.109+0530] {processor.py:839} INFO - DAG(s) dict_keys(['example_branch_labels']) retrieved from /home/raj/Downloads/kafka_2.13-3.5.1/airflow-env/lib64/python3.11/site-packages/airflow/example_dags/example_branch_labels.py
[2023-10-07T04:20:20.128+0530] {logging_mixin.py:151} INFO - [2023-10-07T04:20:20.128+0530] {dag.py:2915} INFO - Sync 1 DAGs
[2023-10-07T04:20:20.151+0530] {logging_mixin.py:151} INFO - [2023-10-07T04:20:20.151+0530] {dag.py:3696} INFO - Setting next_dagrun for example_branch_labels to 2023-10-05T00:00:00+00:00, run_after=2023-10-06T00:00:00+00:00
[2023-10-07T04:20:20.172+0530] {processor.py:179} INFO - Processing /home/raj/Downloads/kafka_2.13-3.5.1/airflow-env/lib64/python3.11/site-packages/airflow/example_dags/example_branch_labels.py took 0.093 seconds
[2023-10-07T04:21:14.750+0530] {processor.py:157} INFO - Started process (PID=20579) to work on /home/raj/Downloads/kafka_2.13-3.5.1/airflow-env/lib64/python3.11/site-packages/airflow/example_dags/example_branch_labels.py
[2023-10-07T04:21:14.761+0530] {processor.py:829} INFO - Processing file /home/raj/Downloads/kafka_2.13-3.5.1/airflow-env/lib64/python3.11/site-packages/airflow/example_dags/example_branch_labels.py for tasks to queue
[2023-10-07T04:21:14.762+0530] {logging_mixin.py:151} INFO - [2023-10-07T04:21:14.762+0530] {dagbag.py:539} INFO - Filling up the DagBag from /home/raj/Downloads/kafka_2.13-3.5.1/airflow-env/lib64/python3.11/site-packages/airflow/example_dags/example_branch_labels.py
[2023-10-07T04:21:14.771+0530] {processor.py:839} INFO - DAG(s) dict_keys(['example_branch_labels']) retrieved from /home/raj/Downloads/kafka_2.13-3.5.1/airflow-env/lib64/python3.11/site-packages/airflow/example_dags/example_branch_labels.py
[2023-10-07T04:21:14.792+0530] {logging_mixin.py:151} INFO - [2023-10-07T04:21:14.792+0530] {dag.py:2915} INFO - Sync 1 DAGs
[2023-10-07T04:21:14.817+0530] {logging_mixin.py:151} INFO - [2023-10-07T04:21:14.817+0530] {dag.py:3696} INFO - Setting next_dagrun for example_branch_labels to 2023-10-05T00:00:00+00:00, run_after=2023-10-06T00:00:00+00:00
[2023-10-07T04:21:14.838+0530] {processor.py:179} INFO - Processing /home/raj/Downloads/kafka_2.13-3.5.1/airflow-env/lib64/python3.11/site-packages/airflow/example_dags/example_branch_labels.py took 0.090 seconds
[2023-10-07T04:22:03.992+0530] {processor.py:157} INFO - Started process (PID=20752) to work on /home/raj/Downloads/kafka_2.13-3.5.1/airflow-env/lib64/python3.11/site-packages/airflow/example_dags/example_branch_labels.py
[2023-10-07T04:22:03.993+0530] {processor.py:829} INFO - Processing file /home/raj/Downloads/kafka_2.13-3.5.1/airflow-env/lib64/python3.11/site-packages/airflow/example_dags/example_branch_labels.py for tasks to queue
[2023-10-07T04:22:03.994+0530] {logging_mixin.py:151} INFO - [2023-10-07T04:22:03.993+0530] {dagbag.py:539} INFO - Filling up the DagBag from /home/raj/Downloads/kafka_2.13-3.5.1/airflow-env/lib64/python3.11/site-packages/airflow/example_dags/example_branch_labels.py
[2023-10-07T04:22:04.004+0530] {processor.py:839} INFO - DAG(s) dict_keys(['example_branch_labels']) retrieved from /home/raj/Downloads/kafka_2.13-3.5.1/airflow-env/lib64/python3.11/site-packages/airflow/example_dags/example_branch_labels.py
[2023-10-07T04:22:04.025+0530] {logging_mixin.py:151} INFO - [2023-10-07T04:22:04.025+0530] {dag.py:2915} INFO - Sync 1 DAGs
[2023-10-07T04:22:04.050+0530] {logging_mixin.py:151} INFO - [2023-10-07T04:22:04.050+0530] {dag.py:3696} INFO - Setting next_dagrun for example_branch_labels to 2023-10-05T00:00:00+00:00, run_after=2023-10-06T00:00:00+00:00
[2023-10-07T04:22:04.075+0530] {processor.py:179} INFO - Processing /home/raj/Downloads/kafka_2.13-3.5.1/airflow-env/lib64/python3.11/site-packages/airflow/example_dags/example_branch_labels.py took 0.088 seconds
[2023-10-07T04:22:54.804+0530] {processor.py:157} INFO - Started process (PID=20851) to work on /home/raj/Downloads/kafka_2.13-3.5.1/airflow-env/lib64/python3.11/site-packages/airflow/example_dags/example_branch_labels.py
[2023-10-07T04:22:54.815+0530] {processor.py:829} INFO - Processing file /home/raj/Downloads/kafka_2.13-3.5.1/airflow-env/lib64/python3.11/site-packages/airflow/example_dags/example_branch_labels.py for tasks to queue
[2023-10-07T04:22:54.817+0530] {logging_mixin.py:151} INFO - [2023-10-07T04:22:54.817+0530] {dagbag.py:539} INFO - Filling up the DagBag from /home/raj/Downloads/kafka_2.13-3.5.1/airflow-env/lib64/python3.11/site-packages/airflow/example_dags/example_branch_labels.py
[2023-10-07T04:22:54.829+0530] {processor.py:839} INFO - DAG(s) dict_keys(['example_branch_labels']) retrieved from /home/raj/Downloads/kafka_2.13-3.5.1/airflow-env/lib64/python3.11/site-packages/airflow/example_dags/example_branch_labels.py
[2023-10-07T04:22:54.844+0530] {logging_mixin.py:151} INFO - [2023-10-07T04:22:54.843+0530] {dag.py:2915} INFO - Sync 1 DAGs
[2023-10-07T04:22:54.862+0530] {logging_mixin.py:151} INFO - [2023-10-07T04:22:54.862+0530] {dag.py:3696} INFO - Setting next_dagrun for example_branch_labels to 2023-10-05T00:00:00+00:00, run_after=2023-10-06T00:00:00+00:00
[2023-10-07T04:22:54.884+0530] {processor.py:179} INFO - Processing /home/raj/Downloads/kafka_2.13-3.5.1/airflow-env/lib64/python3.11/site-packages/airflow/example_dags/example_branch_labels.py took 0.085 seconds
[2023-10-07T04:23:46.708+0530] {processor.py:157} INFO - Started process (PID=20955) to work on /home/raj/Downloads/kafka_2.13-3.5.1/airflow-env/lib64/python3.11/site-packages/airflow/example_dags/example_branch_labels.py
[2023-10-07T04:23:46.720+0530] {processor.py:829} INFO - Processing file /home/raj/Downloads/kafka_2.13-3.5.1/airflow-env/lib64/python3.11/site-packages/airflow/example_dags/example_branch_labels.py for tasks to queue
[2023-10-07T04:23:46.722+0530] {logging_mixin.py:151} INFO - [2023-10-07T04:23:46.721+0530] {dagbag.py:539} INFO - Filling up the DagBag from /home/raj/Downloads/kafka_2.13-3.5.1/airflow-env/lib64/python3.11/site-packages/airflow/example_dags/example_branch_labels.py
[2023-10-07T04:23:46.738+0530] {processor.py:839} INFO - DAG(s) dict_keys(['example_branch_labels']) retrieved from /home/raj/Downloads/kafka_2.13-3.5.1/airflow-env/lib64/python3.11/site-packages/airflow/example_dags/example_branch_labels.py
[2023-10-07T04:23:46.763+0530] {logging_mixin.py:151} INFO - [2023-10-07T04:23:46.763+0530] {dag.py:2915} INFO - Sync 1 DAGs
[2023-10-07T04:23:46.783+0530] {logging_mixin.py:151} INFO - [2023-10-07T04:23:46.783+0530] {dag.py:3696} INFO - Setting next_dagrun for example_branch_labels to 2023-10-05T00:00:00+00:00, run_after=2023-10-06T00:00:00+00:00
[2023-10-07T04:23:46.804+0530] {processor.py:179} INFO - Processing /home/raj/Downloads/kafka_2.13-3.5.1/airflow-env/lib64/python3.11/site-packages/airflow/example_dags/example_branch_labels.py took 0.102 seconds
[2023-10-07T04:24:36.930+0530] {processor.py:157} INFO - Started process (PID=21079) to work on /home/raj/Downloads/kafka_2.13-3.5.1/airflow-env/lib64/python3.11/site-packages/airflow/example_dags/example_branch_labels.py
[2023-10-07T04:24:36.941+0530] {processor.py:829} INFO - Processing file /home/raj/Downloads/kafka_2.13-3.5.1/airflow-env/lib64/python3.11/site-packages/airflow/example_dags/example_branch_labels.py for tasks to queue
[2023-10-07T04:24:36.943+0530] {logging_mixin.py:151} INFO - [2023-10-07T04:24:36.942+0530] {dagbag.py:539} INFO - Filling up the DagBag from /home/raj/Downloads/kafka_2.13-3.5.1/airflow-env/lib64/python3.11/site-packages/airflow/example_dags/example_branch_labels.py
[2023-10-07T04:24:36.959+0530] {processor.py:839} INFO - DAG(s) dict_keys(['example_branch_labels']) retrieved from /home/raj/Downloads/kafka_2.13-3.5.1/airflow-env/lib64/python3.11/site-packages/airflow/example_dags/example_branch_labels.py
[2023-10-07T04:24:36.989+0530] {logging_mixin.py:151} INFO - [2023-10-07T04:24:36.989+0530] {dag.py:2915} INFO - Sync 1 DAGs
[2023-10-07T04:24:37.007+0530] {logging_mixin.py:151} INFO - [2023-10-07T04:24:37.007+0530] {dag.py:3696} INFO - Setting next_dagrun for example_branch_labels to 2023-10-05T00:00:00+00:00, run_after=2023-10-06T00:00:00+00:00
[2023-10-07T04:24:37.030+0530] {processor.py:179} INFO - Processing /home/raj/Downloads/kafka_2.13-3.5.1/airflow-env/lib64/python3.11/site-packages/airflow/example_dags/example_branch_labels.py took 0.105 seconds
[2023-10-07T04:25:27.910+0530] {processor.py:157} INFO - Started process (PID=21169) to work on /home/raj/Downloads/kafka_2.13-3.5.1/airflow-env/lib64/python3.11/site-packages/airflow/example_dags/example_branch_labels.py
[2023-10-07T04:25:27.921+0530] {processor.py:829} INFO - Processing file /home/raj/Downloads/kafka_2.13-3.5.1/airflow-env/lib64/python3.11/site-packages/airflow/example_dags/example_branch_labels.py for tasks to queue
[2023-10-07T04:25:27.923+0530] {logging_mixin.py:151} INFO - [2023-10-07T04:25:27.922+0530] {dagbag.py:539} INFO - Filling up the DagBag from /home/raj/Downloads/kafka_2.13-3.5.1/airflow-env/lib64/python3.11/site-packages/airflow/example_dags/example_branch_labels.py
[2023-10-07T04:25:27.940+0530] {processor.py:839} INFO - DAG(s) dict_keys(['example_branch_labels']) retrieved from /home/raj/Downloads/kafka_2.13-3.5.1/airflow-env/lib64/python3.11/site-packages/airflow/example_dags/example_branch_labels.py
[2023-10-07T04:25:27.972+0530] {logging_mixin.py:151} INFO - [2023-10-07T04:25:27.971+0530] {dag.py:2915} INFO - Sync 1 DAGs
[2023-10-07T04:25:27.989+0530] {logging_mixin.py:151} INFO - [2023-10-07T04:25:27.988+0530] {dag.py:3696} INFO - Setting next_dagrun for example_branch_labels to 2023-10-05T00:00:00+00:00, run_after=2023-10-06T00:00:00+00:00
[2023-10-07T04:25:28.008+0530] {processor.py:179} INFO - Processing /home/raj/Downloads/kafka_2.13-3.5.1/airflow-env/lib64/python3.11/site-packages/airflow/example_dags/example_branch_labels.py took 0.103 seconds
[2023-10-07T04:26:21.032+0530] {processor.py:157} INFO - Started process (PID=21333) to work on /home/raj/Downloads/kafka_2.13-3.5.1/airflow-env/lib64/python3.11/site-packages/airflow/example_dags/example_branch_labels.py
[2023-10-07T04:26:21.034+0530] {processor.py:829} INFO - Processing file /home/raj/Downloads/kafka_2.13-3.5.1/airflow-env/lib64/python3.11/site-packages/airflow/example_dags/example_branch_labels.py for tasks to queue
[2023-10-07T04:26:21.037+0530] {logging_mixin.py:151} INFO - [2023-10-07T04:26:21.035+0530] {dagbag.py:539} INFO - Filling up the DagBag from /home/raj/Downloads/kafka_2.13-3.5.1/airflow-env/lib64/python3.11/site-packages/airflow/example_dags/example_branch_labels.py
[2023-10-07T04:26:21.045+0530] {processor.py:839} INFO - DAG(s) dict_keys(['example_branch_labels']) retrieved from /home/raj/Downloads/kafka_2.13-3.5.1/airflow-env/lib64/python3.11/site-packages/airflow/example_dags/example_branch_labels.py
[2023-10-07T04:26:21.062+0530] {logging_mixin.py:151} INFO - [2023-10-07T04:26:21.062+0530] {dag.py:2915} INFO - Sync 1 DAGs
[2023-10-07T04:26:21.082+0530] {logging_mixin.py:151} INFO - [2023-10-07T04:26:21.081+0530] {dag.py:3696} INFO - Setting next_dagrun for example_branch_labels to 2023-10-05T00:00:00+00:00, run_after=2023-10-06T00:00:00+00:00
[2023-10-07T04:26:21.101+0530] {processor.py:179} INFO - Processing /home/raj/Downloads/kafka_2.13-3.5.1/airflow-env/lib64/python3.11/site-packages/airflow/example_dags/example_branch_labels.py took 0.075 seconds
[2023-10-07T04:27:08.408+0530] {processor.py:157} INFO - Started process (PID=21458) to work on /home/raj/Downloads/kafka_2.13-3.5.1/airflow-env/lib64/python3.11/site-packages/airflow/example_dags/example_branch_labels.py
[2023-10-07T04:27:08.410+0530] {processor.py:829} INFO - Processing file /home/raj/Downloads/kafka_2.13-3.5.1/airflow-env/lib64/python3.11/site-packages/airflow/example_dags/example_branch_labels.py for tasks to queue
[2023-10-07T04:27:08.412+0530] {logging_mixin.py:151} INFO - [2023-10-07T04:27:08.411+0530] {dagbag.py:539} INFO - Filling up the DagBag from /home/raj/Downloads/kafka_2.13-3.5.1/airflow-env/lib64/python3.11/site-packages/airflow/example_dags/example_branch_labels.py
[2023-10-07T04:27:08.428+0530] {processor.py:839} INFO - DAG(s) dict_keys(['example_branch_labels']) retrieved from /home/raj/Downloads/kafka_2.13-3.5.1/airflow-env/lib64/python3.11/site-packages/airflow/example_dags/example_branch_labels.py
[2023-10-07T04:27:08.445+0530] {logging_mixin.py:151} INFO - [2023-10-07T04:27:08.444+0530] {dag.py:2915} INFO - Sync 1 DAGs
[2023-10-07T04:27:08.472+0530] {logging_mixin.py:151} INFO - [2023-10-07T04:27:08.472+0530] {dag.py:3696} INFO - Setting next_dagrun for example_branch_labels to 2023-10-05T00:00:00+00:00, run_after=2023-10-06T00:00:00+00:00
[2023-10-07T04:27:08.498+0530] {processor.py:179} INFO - Processing /home/raj/Downloads/kafka_2.13-3.5.1/airflow-env/lib64/python3.11/site-packages/airflow/example_dags/example_branch_labels.py took 0.095 seconds
[2023-10-07T04:28:02.809+0530] {processor.py:157} INFO - Started process (PID=21589) to work on /home/raj/Downloads/kafka_2.13-3.5.1/airflow-env/lib64/python3.11/site-packages/airflow/example_dags/example_branch_labels.py
[2023-10-07T04:28:02.821+0530] {processor.py:829} INFO - Processing file /home/raj/Downloads/kafka_2.13-3.5.1/airflow-env/lib64/python3.11/site-packages/airflow/example_dags/example_branch_labels.py for tasks to queue
[2023-10-07T04:28:02.823+0530] {logging_mixin.py:151} INFO - [2023-10-07T04:28:02.822+0530] {dagbag.py:539} INFO - Filling up the DagBag from /home/raj/Downloads/kafka_2.13-3.5.1/airflow-env/lib64/python3.11/site-packages/airflow/example_dags/example_branch_labels.py
[2023-10-07T04:28:02.831+0530] {processor.py:839} INFO - DAG(s) dict_keys(['example_branch_labels']) retrieved from /home/raj/Downloads/kafka_2.13-3.5.1/airflow-env/lib64/python3.11/site-packages/airflow/example_dags/example_branch_labels.py
[2023-10-07T04:28:02.846+0530] {logging_mixin.py:151} INFO - [2023-10-07T04:28:02.846+0530] {dag.py:2915} INFO - Sync 1 DAGs
[2023-10-07T04:28:02.865+0530] {logging_mixin.py:151} INFO - [2023-10-07T04:28:02.865+0530] {dag.py:3696} INFO - Setting next_dagrun for example_branch_labels to 2023-10-05T00:00:00+00:00, run_after=2023-10-06T00:00:00+00:00
[2023-10-07T04:28:02.885+0530] {processor.py:179} INFO - Processing /home/raj/Downloads/kafka_2.13-3.5.1/airflow-env/lib64/python3.11/site-packages/airflow/example_dags/example_branch_labels.py took 0.081 seconds
[2023-10-07T04:28:57.519+0530] {processor.py:157} INFO - Started process (PID=21725) to work on /home/raj/Downloads/kafka_2.13-3.5.1/airflow-env/lib64/python3.11/site-packages/airflow/example_dags/example_branch_labels.py
[2023-10-07T04:28:57.531+0530] {processor.py:829} INFO - Processing file /home/raj/Downloads/kafka_2.13-3.5.1/airflow-env/lib64/python3.11/site-packages/airflow/example_dags/example_branch_labels.py for tasks to queue
[2023-10-07T04:28:57.532+0530] {logging_mixin.py:151} INFO - [2023-10-07T04:28:57.532+0530] {dagbag.py:539} INFO - Filling up the DagBag from /home/raj/Downloads/kafka_2.13-3.5.1/airflow-env/lib64/python3.11/site-packages/airflow/example_dags/example_branch_labels.py
[2023-10-07T04:28:57.550+0530] {processor.py:839} INFO - DAG(s) dict_keys(['example_branch_labels']) retrieved from /home/raj/Downloads/kafka_2.13-3.5.1/airflow-env/lib64/python3.11/site-packages/airflow/example_dags/example_branch_labels.py
[2023-10-07T04:28:57.581+0530] {logging_mixin.py:151} INFO - [2023-10-07T04:28:57.581+0530] {dag.py:2915} INFO - Sync 1 DAGs
[2023-10-07T04:28:57.597+0530] {logging_mixin.py:151} INFO - [2023-10-07T04:28:57.597+0530] {dag.py:3696} INFO - Setting next_dagrun for example_branch_labels to 2023-10-05T00:00:00+00:00, run_after=2023-10-06T00:00:00+00:00
[2023-10-07T04:28:57.616+0530] {processor.py:179} INFO - Processing /home/raj/Downloads/kafka_2.13-3.5.1/airflow-env/lib64/python3.11/site-packages/airflow/example_dags/example_branch_labels.py took 0.102 seconds
[2023-10-07T04:41:08.487+0530] {processor.py:157} INFO - Started process (PID=9949) to work on /home/raj/Downloads/kafka_2.13-3.5.1/airflow-env/lib64/python3.11/site-packages/airflow/example_dags/example_branch_labels.py
[2023-10-07T04:41:08.489+0530] {processor.py:829} INFO - Processing file /home/raj/Downloads/kafka_2.13-3.5.1/airflow-env/lib64/python3.11/site-packages/airflow/example_dags/example_branch_labels.py for tasks to queue
[2023-10-07T04:41:08.490+0530] {logging_mixin.py:151} INFO - [2023-10-07T04:41:08.489+0530] {dagbag.py:539} INFO - Filling up the DagBag from /home/raj/Downloads/kafka_2.13-3.5.1/airflow-env/lib64/python3.11/site-packages/airflow/example_dags/example_branch_labels.py
[2023-10-07T04:41:08.503+0530] {processor.py:839} INFO - DAG(s) dict_keys(['example_branch_labels']) retrieved from /home/raj/Downloads/kafka_2.13-3.5.1/airflow-env/lib64/python3.11/site-packages/airflow/example_dags/example_branch_labels.py
[2023-10-07T04:41:08.528+0530] {logging_mixin.py:151} INFO - [2023-10-07T04:41:08.528+0530] {dag.py:2915} INFO - Sync 1 DAGs
[2023-10-07T04:41:08.545+0530] {logging_mixin.py:151} INFO - [2023-10-07T04:41:08.545+0530] {dag.py:3696} INFO - Setting next_dagrun for example_branch_labels to 2023-10-05T00:00:00+00:00, run_after=2023-10-06T00:00:00+00:00
[2023-10-07T04:41:08.562+0530] {processor.py:179} INFO - Processing /home/raj/Downloads/kafka_2.13-3.5.1/airflow-env/lib64/python3.11/site-packages/airflow/example_dags/example_branch_labels.py took 0.079 seconds
[2023-10-07T04:42:02.607+0530] {processor.py:157} INFO - Started process (PID=10081) to work on /home/raj/Downloads/kafka_2.13-3.5.1/airflow-env/lib64/python3.11/site-packages/airflow/example_dags/example_branch_labels.py
[2023-10-07T04:42:02.618+0530] {processor.py:829} INFO - Processing file /home/raj/Downloads/kafka_2.13-3.5.1/airflow-env/lib64/python3.11/site-packages/airflow/example_dags/example_branch_labels.py for tasks to queue
[2023-10-07T04:42:02.619+0530] {logging_mixin.py:151} INFO - [2023-10-07T04:42:02.619+0530] {dagbag.py:539} INFO - Filling up the DagBag from /home/raj/Downloads/kafka_2.13-3.5.1/airflow-env/lib64/python3.11/site-packages/airflow/example_dags/example_branch_labels.py
[2023-10-07T04:42:02.631+0530] {processor.py:839} INFO - DAG(s) dict_keys(['example_branch_labels']) retrieved from /home/raj/Downloads/kafka_2.13-3.5.1/airflow-env/lib64/python3.11/site-packages/airflow/example_dags/example_branch_labels.py
[2023-10-07T04:42:02.656+0530] {logging_mixin.py:151} INFO - [2023-10-07T04:42:02.656+0530] {dag.py:2915} INFO - Sync 1 DAGs
[2023-10-07T04:42:02.680+0530] {logging_mixin.py:151} INFO - [2023-10-07T04:42:02.680+0530] {dag.py:3696} INFO - Setting next_dagrun for example_branch_labels to 2023-10-05T00:00:00+00:00, run_after=2023-10-06T00:00:00+00:00
[2023-10-07T04:42:02.704+0530] {processor.py:179} INFO - Processing /home/raj/Downloads/kafka_2.13-3.5.1/airflow-env/lib64/python3.11/site-packages/airflow/example_dags/example_branch_labels.py took 0.099 seconds
[2023-10-07T04:42:54.537+0530] {processor.py:157} INFO - Started process (PID=10240) to work on /home/raj/Downloads/kafka_2.13-3.5.1/airflow-env/lib64/python3.11/site-packages/airflow/example_dags/example_branch_labels.py
[2023-10-07T04:42:54.548+0530] {processor.py:829} INFO - Processing file /home/raj/Downloads/kafka_2.13-3.5.1/airflow-env/lib64/python3.11/site-packages/airflow/example_dags/example_branch_labels.py for tasks to queue
[2023-10-07T04:42:54.549+0530] {logging_mixin.py:151} INFO - [2023-10-07T04:42:54.549+0530] {dagbag.py:539} INFO - Filling up the DagBag from /home/raj/Downloads/kafka_2.13-3.5.1/airflow-env/lib64/python3.11/site-packages/airflow/example_dags/example_branch_labels.py
[2023-10-07T04:42:54.565+0530] {processor.py:839} INFO - DAG(s) dict_keys(['example_branch_labels']) retrieved from /home/raj/Downloads/kafka_2.13-3.5.1/airflow-env/lib64/python3.11/site-packages/airflow/example_dags/example_branch_labels.py
[2023-10-07T04:42:54.594+0530] {logging_mixin.py:151} INFO - [2023-10-07T04:42:54.594+0530] {dag.py:2915} INFO - Sync 1 DAGs
[2023-10-07T04:42:54.611+0530] {logging_mixin.py:151} INFO - [2023-10-07T04:42:54.611+0530] {dag.py:3696} INFO - Setting next_dagrun for example_branch_labels to 2023-10-05T00:00:00+00:00, run_after=2023-10-06T00:00:00+00:00
[2023-10-07T04:42:54.628+0530] {processor.py:179} INFO - Processing /home/raj/Downloads/kafka_2.13-3.5.1/airflow-env/lib64/python3.11/site-packages/airflow/example_dags/example_branch_labels.py took 0.097 seconds
[2023-10-07T04:44:00.495+0530] {processor.py:157} INFO - Started process (PID=10424) to work on /home/raj/Downloads/kafka_2.13-3.5.1/airflow-env/lib64/python3.11/site-packages/airflow/example_dags/example_branch_labels.py
[2023-10-07T04:44:00.506+0530] {processor.py:829} INFO - Processing file /home/raj/Downloads/kafka_2.13-3.5.1/airflow-env/lib64/python3.11/site-packages/airflow/example_dags/example_branch_labels.py for tasks to queue
[2023-10-07T04:44:00.507+0530] {logging_mixin.py:151} INFO - [2023-10-07T04:44:00.507+0530] {dagbag.py:539} INFO - Filling up the DagBag from /home/raj/Downloads/kafka_2.13-3.5.1/airflow-env/lib64/python3.11/site-packages/airflow/example_dags/example_branch_labels.py
[2023-10-07T04:44:00.520+0530] {processor.py:839} INFO - DAG(s) dict_keys(['example_branch_labels']) retrieved from /home/raj/Downloads/kafka_2.13-3.5.1/airflow-env/lib64/python3.11/site-packages/airflow/example_dags/example_branch_labels.py
[2023-10-07T04:44:00.549+0530] {logging_mixin.py:151} INFO - [2023-10-07T04:44:00.548+0530] {dag.py:2915} INFO - Sync 1 DAGs
[2023-10-07T04:44:00.573+0530] {logging_mixin.py:151} INFO - [2023-10-07T04:44:00.573+0530] {dag.py:3696} INFO - Setting next_dagrun for example_branch_labels to 2023-10-05T00:00:00+00:00, run_after=2023-10-06T00:00:00+00:00
[2023-10-07T04:44:00.595+0530] {processor.py:179} INFO - Processing /home/raj/Downloads/kafka_2.13-3.5.1/airflow-env/lib64/python3.11/site-packages/airflow/example_dags/example_branch_labels.py took 0.104 seconds
[2023-10-07T04:44:57.702+0530] {processor.py:157} INFO - Started process (PID=10621) to work on /home/raj/Downloads/kafka_2.13-3.5.1/airflow-env/lib64/python3.11/site-packages/airflow/example_dags/example_branch_labels.py
[2023-10-07T04:44:57.713+0530] {processor.py:829} INFO - Processing file /home/raj/Downloads/kafka_2.13-3.5.1/airflow-env/lib64/python3.11/site-packages/airflow/example_dags/example_branch_labels.py for tasks to queue
[2023-10-07T04:44:57.715+0530] {logging_mixin.py:151} INFO - [2023-10-07T04:44:57.714+0530] {dagbag.py:539} INFO - Filling up the DagBag from /home/raj/Downloads/kafka_2.13-3.5.1/airflow-env/lib64/python3.11/site-packages/airflow/example_dags/example_branch_labels.py
[2023-10-07T04:44:57.723+0530] {processor.py:839} INFO - DAG(s) dict_keys(['example_branch_labels']) retrieved from /home/raj/Downloads/kafka_2.13-3.5.1/airflow-env/lib64/python3.11/site-packages/airflow/example_dags/example_branch_labels.py
[2023-10-07T04:44:57.739+0530] {logging_mixin.py:151} INFO - [2023-10-07T04:44:57.739+0530] {dag.py:2915} INFO - Sync 1 DAGs
[2023-10-07T04:44:57.757+0530] {logging_mixin.py:151} INFO - [2023-10-07T04:44:57.757+0530] {dag.py:3696} INFO - Setting next_dagrun for example_branch_labels to 2023-10-05T00:00:00+00:00, run_after=2023-10-06T00:00:00+00:00
[2023-10-07T04:44:57.776+0530] {processor.py:179} INFO - Processing /home/raj/Downloads/kafka_2.13-3.5.1/airflow-env/lib64/python3.11/site-packages/airflow/example_dags/example_branch_labels.py took 0.079 seconds
[2023-10-07T04:45:53.638+0530] {processor.py:157} INFO - Started process (PID=10772) to work on /home/raj/Downloads/kafka_2.13-3.5.1/airflow-env/lib64/python3.11/site-packages/airflow/example_dags/example_branch_labels.py
[2023-10-07T04:45:53.649+0530] {processor.py:829} INFO - Processing file /home/raj/Downloads/kafka_2.13-3.5.1/airflow-env/lib64/python3.11/site-packages/airflow/example_dags/example_branch_labels.py for tasks to queue
[2023-10-07T04:45:53.650+0530] {logging_mixin.py:151} INFO - [2023-10-07T04:45:53.649+0530] {dagbag.py:539} INFO - Filling up the DagBag from /home/raj/Downloads/kafka_2.13-3.5.1/airflow-env/lib64/python3.11/site-packages/airflow/example_dags/example_branch_labels.py
[2023-10-07T04:45:53.658+0530] {processor.py:839} INFO - DAG(s) dict_keys(['example_branch_labels']) retrieved from /home/raj/Downloads/kafka_2.13-3.5.1/airflow-env/lib64/python3.11/site-packages/airflow/example_dags/example_branch_labels.py
[2023-10-07T04:45:53.677+0530] {logging_mixin.py:151} INFO - [2023-10-07T04:45:53.677+0530] {dag.py:2915} INFO - Sync 1 DAGs
[2023-10-07T04:45:53.701+0530] {logging_mixin.py:151} INFO - [2023-10-07T04:45:53.700+0530] {dag.py:3696} INFO - Setting next_dagrun for example_branch_labels to 2023-10-05T00:00:00+00:00, run_after=2023-10-06T00:00:00+00:00
[2023-10-07T04:45:53.724+0530] {processor.py:179} INFO - Processing /home/raj/Downloads/kafka_2.13-3.5.1/airflow-env/lib64/python3.11/site-packages/airflow/example_dags/example_branch_labels.py took 0.089 seconds
[2023-10-07T04:46:51.852+0530] {processor.py:157} INFO - Started process (PID=10901) to work on /home/raj/Downloads/kafka_2.13-3.5.1/airflow-env/lib64/python3.11/site-packages/airflow/example_dags/example_branch_labels.py
[2023-10-07T04:46:51.862+0530] {processor.py:829} INFO - Processing file /home/raj/Downloads/kafka_2.13-3.5.1/airflow-env/lib64/python3.11/site-packages/airflow/example_dags/example_branch_labels.py for tasks to queue
[2023-10-07T04:46:51.863+0530] {logging_mixin.py:151} INFO - [2023-10-07T04:46:51.863+0530] {dagbag.py:539} INFO - Filling up the DagBag from /home/raj/Downloads/kafka_2.13-3.5.1/airflow-env/lib64/python3.11/site-packages/airflow/example_dags/example_branch_labels.py
[2023-10-07T04:46:51.871+0530] {processor.py:839} INFO - DAG(s) dict_keys(['example_branch_labels']) retrieved from /home/raj/Downloads/kafka_2.13-3.5.1/airflow-env/lib64/python3.11/site-packages/airflow/example_dags/example_branch_labels.py
[2023-10-07T04:46:51.893+0530] {logging_mixin.py:151} INFO - [2023-10-07T04:46:51.893+0530] {dag.py:2915} INFO - Sync 1 DAGs
[2023-10-07T04:46:51.917+0530] {logging_mixin.py:151} INFO - [2023-10-07T04:46:51.917+0530] {dag.py:3696} INFO - Setting next_dagrun for example_branch_labels to 2023-10-05T00:00:00+00:00, run_after=2023-10-06T00:00:00+00:00
[2023-10-07T04:46:51.940+0530] {processor.py:179} INFO - Processing /home/raj/Downloads/kafka_2.13-3.5.1/airflow-env/lib64/python3.11/site-packages/airflow/example_dags/example_branch_labels.py took 0.091 seconds
[2023-10-07T04:47:41.300+0530] {processor.py:157} INFO - Started process (PID=10993) to work on /home/raj/Downloads/kafka_2.13-3.5.1/airflow-env/lib64/python3.11/site-packages/airflow/example_dags/example_branch_labels.py
[2023-10-07T04:47:41.311+0530] {processor.py:829} INFO - Processing file /home/raj/Downloads/kafka_2.13-3.5.1/airflow-env/lib64/python3.11/site-packages/airflow/example_dags/example_branch_labels.py for tasks to queue
[2023-10-07T04:47:41.312+0530] {logging_mixin.py:151} INFO - [2023-10-07T04:47:41.311+0530] {dagbag.py:539} INFO - Filling up the DagBag from /home/raj/Downloads/kafka_2.13-3.5.1/airflow-env/lib64/python3.11/site-packages/airflow/example_dags/example_branch_labels.py
[2023-10-07T04:47:41.329+0530] {processor.py:839} INFO - DAG(s) dict_keys(['example_branch_labels']) retrieved from /home/raj/Downloads/kafka_2.13-3.5.1/airflow-env/lib64/python3.11/site-packages/airflow/example_dags/example_branch_labels.py
[2023-10-07T04:47:41.361+0530] {logging_mixin.py:151} INFO - [2023-10-07T04:47:41.361+0530] {dag.py:2915} INFO - Sync 1 DAGs
[2023-10-07T04:47:41.383+0530] {logging_mixin.py:151} INFO - [2023-10-07T04:47:41.383+0530] {dag.py:3696} INFO - Setting next_dagrun for example_branch_labels to 2023-10-05T00:00:00+00:00, run_after=2023-10-06T00:00:00+00:00
[2023-10-07T04:47:41.406+0530] {processor.py:179} INFO - Processing /home/raj/Downloads/kafka_2.13-3.5.1/airflow-env/lib64/python3.11/site-packages/airflow/example_dags/example_branch_labels.py took 0.109 seconds
[2023-10-07T04:48:33.371+0530] {processor.py:157} INFO - Started process (PID=11099) to work on /home/raj/Downloads/kafka_2.13-3.5.1/airflow-env/lib64/python3.11/site-packages/airflow/example_dags/example_branch_labels.py
[2023-10-07T04:48:33.382+0530] {processor.py:829} INFO - Processing file /home/raj/Downloads/kafka_2.13-3.5.1/airflow-env/lib64/python3.11/site-packages/airflow/example_dags/example_branch_labels.py for tasks to queue
[2023-10-07T04:48:33.382+0530] {logging_mixin.py:151} INFO - [2023-10-07T04:48:33.382+0530] {dagbag.py:539} INFO - Filling up the DagBag from /home/raj/Downloads/kafka_2.13-3.5.1/airflow-env/lib64/python3.11/site-packages/airflow/example_dags/example_branch_labels.py
[2023-10-07T04:48:33.390+0530] {processor.py:839} INFO - DAG(s) dict_keys(['example_branch_labels']) retrieved from /home/raj/Downloads/kafka_2.13-3.5.1/airflow-env/lib64/python3.11/site-packages/airflow/example_dags/example_branch_labels.py
[2023-10-07T04:48:33.407+0530] {logging_mixin.py:151} INFO - [2023-10-07T04:48:33.407+0530] {dag.py:2915} INFO - Sync 1 DAGs
[2023-10-07T04:48:33.428+0530] {logging_mixin.py:151} INFO - [2023-10-07T04:48:33.427+0530] {dag.py:3696} INFO - Setting next_dagrun for example_branch_labels to 2023-10-05T00:00:00+00:00, run_after=2023-10-06T00:00:00+00:00
[2023-10-07T04:48:33.453+0530] {processor.py:179} INFO - Processing /home/raj/Downloads/kafka_2.13-3.5.1/airflow-env/lib64/python3.11/site-packages/airflow/example_dags/example_branch_labels.py took 0.087 seconds
[2023-10-07T04:49:28.169+0530] {processor.py:157} INFO - Started process (PID=11228) to work on /home/raj/Downloads/kafka_2.13-3.5.1/airflow-env/lib64/python3.11/site-packages/airflow/example_dags/example_branch_labels.py
[2023-10-07T04:49:28.180+0530] {processor.py:829} INFO - Processing file /home/raj/Downloads/kafka_2.13-3.5.1/airflow-env/lib64/python3.11/site-packages/airflow/example_dags/example_branch_labels.py for tasks to queue
[2023-10-07T04:49:28.181+0530] {logging_mixin.py:151} INFO - [2023-10-07T04:49:28.181+0530] {dagbag.py:539} INFO - Filling up the DagBag from /home/raj/Downloads/kafka_2.13-3.5.1/airflow-env/lib64/python3.11/site-packages/airflow/example_dags/example_branch_labels.py
[2023-10-07T04:49:28.196+0530] {processor.py:839} INFO - DAG(s) dict_keys(['example_branch_labels']) retrieved from /home/raj/Downloads/kafka_2.13-3.5.1/airflow-env/lib64/python3.11/site-packages/airflow/example_dags/example_branch_labels.py
[2023-10-07T04:49:28.211+0530] {logging_mixin.py:151} INFO - [2023-10-07T04:49:28.210+0530] {dag.py:2915} INFO - Sync 1 DAGs
[2023-10-07T04:49:28.230+0530] {logging_mixin.py:151} INFO - [2023-10-07T04:49:28.230+0530] {dag.py:3696} INFO - Setting next_dagrun for example_branch_labels to 2023-10-05T00:00:00+00:00, run_after=2023-10-06T00:00:00+00:00
[2023-10-07T04:49:28.250+0530] {processor.py:179} INFO - Processing /home/raj/Downloads/kafka_2.13-3.5.1/airflow-env/lib64/python3.11/site-packages/airflow/example_dags/example_branch_labels.py took 0.083 seconds
[2023-10-07T04:50:23.981+0530] {processor.py:157} INFO - Started process (PID=11321) to work on /home/raj/Downloads/kafka_2.13-3.5.1/airflow-env/lib64/python3.11/site-packages/airflow/example_dags/example_branch_labels.py
[2023-10-07T04:50:23.983+0530] {processor.py:829} INFO - Processing file /home/raj/Downloads/kafka_2.13-3.5.1/airflow-env/lib64/python3.11/site-packages/airflow/example_dags/example_branch_labels.py for tasks to queue
[2023-10-07T04:50:23.984+0530] {logging_mixin.py:151} INFO - [2023-10-07T04:50:23.983+0530] {dagbag.py:539} INFO - Filling up the DagBag from /home/raj/Downloads/kafka_2.13-3.5.1/airflow-env/lib64/python3.11/site-packages/airflow/example_dags/example_branch_labels.py
[2023-10-07T04:50:24.000+0530] {processor.py:839} INFO - DAG(s) dict_keys(['example_branch_labels']) retrieved from /home/raj/Downloads/kafka_2.13-3.5.1/airflow-env/lib64/python3.11/site-packages/airflow/example_dags/example_branch_labels.py
[2023-10-07T04:50:24.025+0530] {logging_mixin.py:151} INFO - [2023-10-07T04:50:24.024+0530] {dag.py:2915} INFO - Sync 1 DAGs
[2023-10-07T04:50:24.041+0530] {logging_mixin.py:151} INFO - [2023-10-07T04:50:24.041+0530] {dag.py:3696} INFO - Setting next_dagrun for example_branch_labels to 2023-10-05T00:00:00+00:00, run_after=2023-10-06T00:00:00+00:00
[2023-10-07T04:50:24.057+0530] {processor.py:179} INFO - Processing /home/raj/Downloads/kafka_2.13-3.5.1/airflow-env/lib64/python3.11/site-packages/airflow/example_dags/example_branch_labels.py took 0.081 seconds
[2023-10-07T04:51:13.968+0530] {processor.py:157} INFO - Started process (PID=11429) to work on /home/raj/Downloads/kafka_2.13-3.5.1/airflow-env/lib64/python3.11/site-packages/airflow/example_dags/example_branch_labels.py
[2023-10-07T04:51:13.979+0530] {processor.py:829} INFO - Processing file /home/raj/Downloads/kafka_2.13-3.5.1/airflow-env/lib64/python3.11/site-packages/airflow/example_dags/example_branch_labels.py for tasks to queue
[2023-10-07T04:51:13.980+0530] {logging_mixin.py:151} INFO - [2023-10-07T04:51:13.980+0530] {dagbag.py:539} INFO - Filling up the DagBag from /home/raj/Downloads/kafka_2.13-3.5.1/airflow-env/lib64/python3.11/site-packages/airflow/example_dags/example_branch_labels.py
[2023-10-07T04:51:13.993+0530] {processor.py:839} INFO - DAG(s) dict_keys(['example_branch_labels']) retrieved from /home/raj/Downloads/kafka_2.13-3.5.1/airflow-env/lib64/python3.11/site-packages/airflow/example_dags/example_branch_labels.py
[2023-10-07T04:51:14.015+0530] {logging_mixin.py:151} INFO - [2023-10-07T04:51:14.015+0530] {dag.py:2915} INFO - Sync 1 DAGs
[2023-10-07T04:51:14.033+0530] {logging_mixin.py:151} INFO - [2023-10-07T04:51:14.033+0530] {dag.py:3696} INFO - Setting next_dagrun for example_branch_labels to 2023-10-05T00:00:00+00:00, run_after=2023-10-06T00:00:00+00:00
[2023-10-07T04:51:14.052+0530] {processor.py:179} INFO - Processing /home/raj/Downloads/kafka_2.13-3.5.1/airflow-env/lib64/python3.11/site-packages/airflow/example_dags/example_branch_labels.py took 0.088 seconds
[2023-10-07T04:52:07.178+0530] {processor.py:157} INFO - Started process (PID=11651) to work on /home/raj/Downloads/kafka_2.13-3.5.1/airflow-env/lib64/python3.11/site-packages/airflow/example_dags/example_branch_labels.py
[2023-10-07T04:52:07.189+0530] {processor.py:829} INFO - Processing file /home/raj/Downloads/kafka_2.13-3.5.1/airflow-env/lib64/python3.11/site-packages/airflow/example_dags/example_branch_labels.py for tasks to queue
[2023-10-07T04:52:07.190+0530] {logging_mixin.py:151} INFO - [2023-10-07T04:52:07.190+0530] {dagbag.py:539} INFO - Filling up the DagBag from /home/raj/Downloads/kafka_2.13-3.5.1/airflow-env/lib64/python3.11/site-packages/airflow/example_dags/example_branch_labels.py
[2023-10-07T04:52:07.197+0530] {processor.py:839} INFO - DAG(s) dict_keys(['example_branch_labels']) retrieved from /home/raj/Downloads/kafka_2.13-3.5.1/airflow-env/lib64/python3.11/site-packages/airflow/example_dags/example_branch_labels.py
[2023-10-07T04:52:07.214+0530] {logging_mixin.py:151} INFO - [2023-10-07T04:52:07.214+0530] {dag.py:2915} INFO - Sync 1 DAGs
[2023-10-07T04:52:07.236+0530] {logging_mixin.py:151} INFO - [2023-10-07T04:52:07.235+0530] {dag.py:3696} INFO - Setting next_dagrun for example_branch_labels to 2023-10-05T00:00:00+00:00, run_after=2023-10-06T00:00:00+00:00
[2023-10-07T04:52:07.259+0530] {processor.py:179} INFO - Processing /home/raj/Downloads/kafka_2.13-3.5.1/airflow-env/lib64/python3.11/site-packages/airflow/example_dags/example_branch_labels.py took 0.085 seconds
[2023-10-07T04:53:00.416+0530] {processor.py:157} INFO - Started process (PID=11779) to work on /home/raj/Downloads/kafka_2.13-3.5.1/airflow-env/lib64/python3.11/site-packages/airflow/example_dags/example_branch_labels.py
[2023-10-07T04:53:00.427+0530] {processor.py:829} INFO - Processing file /home/raj/Downloads/kafka_2.13-3.5.1/airflow-env/lib64/python3.11/site-packages/airflow/example_dags/example_branch_labels.py for tasks to queue
[2023-10-07T04:53:00.428+0530] {logging_mixin.py:151} INFO - [2023-10-07T04:53:00.428+0530] {dagbag.py:539} INFO - Filling up the DagBag from /home/raj/Downloads/kafka_2.13-3.5.1/airflow-env/lib64/python3.11/site-packages/airflow/example_dags/example_branch_labels.py
[2023-10-07T04:53:00.436+0530] {processor.py:839} INFO - DAG(s) dict_keys(['example_branch_labels']) retrieved from /home/raj/Downloads/kafka_2.13-3.5.1/airflow-env/lib64/python3.11/site-packages/airflow/example_dags/example_branch_labels.py
[2023-10-07T04:53:00.460+0530] {logging_mixin.py:151} INFO - [2023-10-07T04:53:00.460+0530] {dag.py:2915} INFO - Sync 1 DAGs
[2023-10-07T04:53:00.485+0530] {logging_mixin.py:151} INFO - [2023-10-07T04:53:00.484+0530] {dag.py:3696} INFO - Setting next_dagrun for example_branch_labels to 2023-10-05T00:00:00+00:00, run_after=2023-10-06T00:00:00+00:00
[2023-10-07T04:53:00.506+0530] {processor.py:179} INFO - Processing /home/raj/Downloads/kafka_2.13-3.5.1/airflow-env/lib64/python3.11/site-packages/airflow/example_dags/example_branch_labels.py took 0.094 seconds
[2023-10-07T04:53:45.255+0530] {processor.py:157} INFO - Started process (PID=11946) to work on /home/raj/Downloads/kafka_2.13-3.5.1/airflow-env/lib64/python3.11/site-packages/airflow/example_dags/example_branch_labels.py
[2023-10-07T04:53:45.266+0530] {processor.py:829} INFO - Processing file /home/raj/Downloads/kafka_2.13-3.5.1/airflow-env/lib64/python3.11/site-packages/airflow/example_dags/example_branch_labels.py for tasks to queue
[2023-10-07T04:53:45.267+0530] {logging_mixin.py:151} INFO - [2023-10-07T04:53:45.266+0530] {dagbag.py:539} INFO - Filling up the DagBag from /home/raj/Downloads/kafka_2.13-3.5.1/airflow-env/lib64/python3.11/site-packages/airflow/example_dags/example_branch_labels.py
[2023-10-07T04:53:45.275+0530] {processor.py:839} INFO - DAG(s) dict_keys(['example_branch_labels']) retrieved from /home/raj/Downloads/kafka_2.13-3.5.1/airflow-env/lib64/python3.11/site-packages/airflow/example_dags/example_branch_labels.py
[2023-10-07T04:53:45.294+0530] {logging_mixin.py:151} INFO - [2023-10-07T04:53:45.294+0530] {dag.py:2915} INFO - Sync 1 DAGs
[2023-10-07T04:53:45.317+0530] {logging_mixin.py:151} INFO - [2023-10-07T04:53:45.317+0530] {dag.py:3696} INFO - Setting next_dagrun for example_branch_labels to 2023-10-05T00:00:00+00:00, run_after=2023-10-06T00:00:00+00:00
[2023-10-07T04:53:45.342+0530] {processor.py:179} INFO - Processing /home/raj/Downloads/kafka_2.13-3.5.1/airflow-env/lib64/python3.11/site-packages/airflow/example_dags/example_branch_labels.py took 0.089 seconds
[2023-10-07T04:54:34.868+0530] {processor.py:157} INFO - Started process (PID=12007) to work on /home/raj/Downloads/kafka_2.13-3.5.1/airflow-env/lib64/python3.11/site-packages/airflow/example_dags/example_branch_labels.py
[2023-10-07T04:54:34.880+0530] {processor.py:829} INFO - Processing file /home/raj/Downloads/kafka_2.13-3.5.1/airflow-env/lib64/python3.11/site-packages/airflow/example_dags/example_branch_labels.py for tasks to queue
[2023-10-07T04:54:34.881+0530] {logging_mixin.py:151} INFO - [2023-10-07T04:54:34.881+0530] {dagbag.py:539} INFO - Filling up the DagBag from /home/raj/Downloads/kafka_2.13-3.5.1/airflow-env/lib64/python3.11/site-packages/airflow/example_dags/example_branch_labels.py
[2023-10-07T04:54:34.897+0530] {processor.py:839} INFO - DAG(s) dict_keys(['example_branch_labels']) retrieved from /home/raj/Downloads/kafka_2.13-3.5.1/airflow-env/lib64/python3.11/site-packages/airflow/example_dags/example_branch_labels.py
[2023-10-07T04:54:34.927+0530] {logging_mixin.py:151} INFO - [2023-10-07T04:54:34.927+0530] {dag.py:2915} INFO - Sync 1 DAGs
[2023-10-07T04:54:34.943+0530] {logging_mixin.py:151} INFO - [2023-10-07T04:54:34.943+0530] {dag.py:3696} INFO - Setting next_dagrun for example_branch_labels to 2023-10-05T00:00:00+00:00, run_after=2023-10-06T00:00:00+00:00
[2023-10-07T04:54:34.961+0530] {processor.py:179} INFO - Processing /home/raj/Downloads/kafka_2.13-3.5.1/airflow-env/lib64/python3.11/site-packages/airflow/example_dags/example_branch_labels.py took 0.099 seconds
[2023-10-07T04:56:08.131+0530] {processor.py:157} INFO - Started process (PID=12244) to work on /home/raj/Downloads/kafka_2.13-3.5.1/airflow-env/lib64/python3.11/site-packages/airflow/example_dags/example_branch_labels.py
[2023-10-07T04:56:08.142+0530] {processor.py:829} INFO - Processing file /home/raj/Downloads/kafka_2.13-3.5.1/airflow-env/lib64/python3.11/site-packages/airflow/example_dags/example_branch_labels.py for tasks to queue
[2023-10-07T04:56:08.144+0530] {logging_mixin.py:151} INFO - [2023-10-07T04:56:08.143+0530] {dagbag.py:539} INFO - Filling up the DagBag from /home/raj/Downloads/kafka_2.13-3.5.1/airflow-env/lib64/python3.11/site-packages/airflow/example_dags/example_branch_labels.py
[2023-10-07T04:56:08.152+0530] {processor.py:839} INFO - DAG(s) dict_keys(['example_branch_labels']) retrieved from /home/raj/Downloads/kafka_2.13-3.5.1/airflow-env/lib64/python3.11/site-packages/airflow/example_dags/example_branch_labels.py
[2023-10-07T04:56:08.169+0530] {logging_mixin.py:151} INFO - [2023-10-07T04:56:08.169+0530] {dag.py:2915} INFO - Sync 1 DAGs
[2023-10-07T04:56:08.190+0530] {logging_mixin.py:151} INFO - [2023-10-07T04:56:08.189+0530] {dag.py:3696} INFO - Setting next_dagrun for example_branch_labels to 2023-10-05T00:00:00+00:00, run_after=2023-10-06T00:00:00+00:00
[2023-10-07T04:56:08.212+0530] {processor.py:179} INFO - Processing /home/raj/Downloads/kafka_2.13-3.5.1/airflow-env/lib64/python3.11/site-packages/airflow/example_dags/example_branch_labels.py took 0.084 seconds
[2023-10-07T04:56:57.919+0530] {processor.py:157} INFO - Started process (PID=12344) to work on /home/raj/Downloads/kafka_2.13-3.5.1/airflow-env/lib64/python3.11/site-packages/airflow/example_dags/example_branch_labels.py
[2023-10-07T04:56:57.920+0530] {processor.py:829} INFO - Processing file /home/raj/Downloads/kafka_2.13-3.5.1/airflow-env/lib64/python3.11/site-packages/airflow/example_dags/example_branch_labels.py for tasks to queue
[2023-10-07T04:56:57.921+0530] {logging_mixin.py:151} INFO - [2023-10-07T04:56:57.920+0530] {dagbag.py:539} INFO - Filling up the DagBag from /home/raj/Downloads/kafka_2.13-3.5.1/airflow-env/lib64/python3.11/site-packages/airflow/example_dags/example_branch_labels.py
[2023-10-07T04:56:57.928+0530] {processor.py:839} INFO - DAG(s) dict_keys(['example_branch_labels']) retrieved from /home/raj/Downloads/kafka_2.13-3.5.1/airflow-env/lib64/python3.11/site-packages/airflow/example_dags/example_branch_labels.py
[2023-10-07T04:56:57.947+0530] {logging_mixin.py:151} INFO - [2023-10-07T04:56:57.946+0530] {dag.py:2915} INFO - Sync 1 DAGs
[2023-10-07T04:56:57.974+0530] {logging_mixin.py:151} INFO - [2023-10-07T04:56:57.974+0530] {dag.py:3696} INFO - Setting next_dagrun for example_branch_labels to 2023-10-05T00:00:00+00:00, run_after=2023-10-06T00:00:00+00:00
[2023-10-07T04:56:57.998+0530] {processor.py:179} INFO - Processing /home/raj/Downloads/kafka_2.13-3.5.1/airflow-env/lib64/python3.11/site-packages/airflow/example_dags/example_branch_labels.py took 0.081 seconds
[2023-10-07T04:57:47.369+0530] {processor.py:157} INFO - Started process (PID=12472) to work on /home/raj/Downloads/kafka_2.13-3.5.1/airflow-env/lib64/python3.11/site-packages/airflow/example_dags/example_branch_labels.py
[2023-10-07T04:57:47.380+0530] {processor.py:829} INFO - Processing file /home/raj/Downloads/kafka_2.13-3.5.1/airflow-env/lib64/python3.11/site-packages/airflow/example_dags/example_branch_labels.py for tasks to queue
[2023-10-07T04:57:47.382+0530] {logging_mixin.py:151} INFO - [2023-10-07T04:57:47.381+0530] {dagbag.py:539} INFO - Filling up the DagBag from /home/raj/Downloads/kafka_2.13-3.5.1/airflow-env/lib64/python3.11/site-packages/airflow/example_dags/example_branch_labels.py
[2023-10-07T04:57:47.399+0530] {processor.py:839} INFO - DAG(s) dict_keys(['example_branch_labels']) retrieved from /home/raj/Downloads/kafka_2.13-3.5.1/airflow-env/lib64/python3.11/site-packages/airflow/example_dags/example_branch_labels.py
[2023-10-07T04:57:47.431+0530] {logging_mixin.py:151} INFO - [2023-10-07T04:57:47.431+0530] {dag.py:2915} INFO - Sync 1 DAGs
[2023-10-07T04:57:47.456+0530] {logging_mixin.py:151} INFO - [2023-10-07T04:57:47.456+0530] {dag.py:3696} INFO - Setting next_dagrun for example_branch_labels to 2023-10-05T00:00:00+00:00, run_after=2023-10-06T00:00:00+00:00
[2023-10-07T04:57:47.483+0530] {processor.py:179} INFO - Processing /home/raj/Downloads/kafka_2.13-3.5.1/airflow-env/lib64/python3.11/site-packages/airflow/example_dags/example_branch_labels.py took 0.120 seconds
[2023-10-07T04:58:39.871+0530] {processor.py:157} INFO - Started process (PID=12591) to work on /home/raj/Downloads/kafka_2.13-3.5.1/airflow-env/lib64/python3.11/site-packages/airflow/example_dags/example_branch_labels.py
[2023-10-07T04:58:39.882+0530] {processor.py:829} INFO - Processing file /home/raj/Downloads/kafka_2.13-3.5.1/airflow-env/lib64/python3.11/site-packages/airflow/example_dags/example_branch_labels.py for tasks to queue
[2023-10-07T04:58:39.883+0530] {logging_mixin.py:151} INFO - [2023-10-07T04:58:39.883+0530] {dagbag.py:539} INFO - Filling up the DagBag from /home/raj/Downloads/kafka_2.13-3.5.1/airflow-env/lib64/python3.11/site-packages/airflow/example_dags/example_branch_labels.py
[2023-10-07T04:58:39.892+0530] {processor.py:839} INFO - DAG(s) dict_keys(['example_branch_labels']) retrieved from /home/raj/Downloads/kafka_2.13-3.5.1/airflow-env/lib64/python3.11/site-packages/airflow/example_dags/example_branch_labels.py
[2023-10-07T04:58:39.918+0530] {logging_mixin.py:151} INFO - [2023-10-07T04:58:39.918+0530] {dag.py:2915} INFO - Sync 1 DAGs
[2023-10-07T04:58:39.950+0530] {logging_mixin.py:151} INFO - [2023-10-07T04:58:39.950+0530] {dag.py:3696} INFO - Setting next_dagrun for example_branch_labels to 2023-10-05T00:00:00+00:00, run_after=2023-10-06T00:00:00+00:00
[2023-10-07T04:58:39.984+0530] {processor.py:179} INFO - Processing /home/raj/Downloads/kafka_2.13-3.5.1/airflow-env/lib64/python3.11/site-packages/airflow/example_dags/example_branch_labels.py took 0.116 seconds
