[2023-10-07T03:59:57.053+0530] {processor.py:157} INFO - Started process (PID=18043) to work on /home/raj/Downloads/kafka_2.13-3.5.1/airflow-env/lib64/python3.11/site-packages/airflow/example_dags/example_sensor_decorator.py
[2023-10-07T03:59:57.054+0530] {processor.py:829} INFO - Processing file /home/raj/Downloads/kafka_2.13-3.5.1/airflow-env/lib64/python3.11/site-packages/airflow/example_dags/example_sensor_decorator.py for tasks to queue
[2023-10-07T03:59:57.056+0530] {logging_mixin.py:151} INFO - [2023-10-07T03:59:57.055+0530] {dagbag.py:539} INFO - Filling up the DagBag from /home/raj/Downloads/kafka_2.13-3.5.1/airflow-env/lib64/python3.11/site-packages/airflow/example_dags/example_sensor_decorator.py
[2023-10-07T03:59:57.066+0530] {processor.py:839} INFO - DAG(s) dict_keys(['example_sensor_decorator']) retrieved from /home/raj/Downloads/kafka_2.13-3.5.1/airflow-env/lib64/python3.11/site-packages/airflow/example_dags/example_sensor_decorator.py
[2023-10-07T03:59:57.183+0530] {logging_mixin.py:151} INFO - [2023-10-07T03:59:57.182+0530] {manager.py:499} INFO - Created Permission View: %s
[2023-10-07T03:59:57.196+0530] {logging_mixin.py:151} INFO - [2023-10-07T03:59:57.195+0530] {manager.py:499} INFO - Created Permission View: %s
[2023-10-07T03:59:57.205+0530] {logging_mixin.py:151} INFO - [2023-10-07T03:59:57.205+0530] {manager.py:499} INFO - Created Permission View: %s
[2023-10-07T03:59:57.205+0530] {logging_mixin.py:151} INFO - [2023-10-07T03:59:57.205+0530] {security.py:708} INFO - Not syncing DAG-level permissions for DAG 'DAG:example_sensor_decorator' as access control is unset.
[2023-10-07T03:59:57.206+0530] {logging_mixin.py:151} INFO - [2023-10-07T03:59:57.205+0530] {dag.py:2915} INFO - Sync 1 DAGs
[2023-10-07T03:59:57.220+0530] {logging_mixin.py:151} INFO - [2023-10-07T03:59:57.219+0530] {dag.py:2937} INFO - Creating ORM DAG for example_sensor_decorator
[2023-10-07T03:59:57.220+0530] {logging_mixin.py:151} INFO - [2023-10-07T03:59:57.220+0530] {dag.py:3696} INFO - Setting next_dagrun for example_sensor_decorator to None, run_after=None
[2023-10-07T03:59:57.244+0530] {processor.py:179} INFO - Processing /home/raj/Downloads/kafka_2.13-3.5.1/airflow-env/lib64/python3.11/site-packages/airflow/example_dags/example_sensor_decorator.py took 0.197 seconds
[2023-10-07T04:00:46.728+0530] {processor.py:157} INFO - Started process (PID=18155) to work on /home/raj/Downloads/kafka_2.13-3.5.1/airflow-env/lib64/python3.11/site-packages/airflow/example_dags/example_sensor_decorator.py
[2023-10-07T04:00:46.730+0530] {processor.py:829} INFO - Processing file /home/raj/Downloads/kafka_2.13-3.5.1/airflow-env/lib64/python3.11/site-packages/airflow/example_dags/example_sensor_decorator.py for tasks to queue
[2023-10-07T04:00:46.731+0530] {logging_mixin.py:151} INFO - [2023-10-07T04:00:46.730+0530] {dagbag.py:539} INFO - Filling up the DagBag from /home/raj/Downloads/kafka_2.13-3.5.1/airflow-env/lib64/python3.11/site-packages/airflow/example_dags/example_sensor_decorator.py
[2023-10-07T04:00:46.741+0530] {processor.py:839} INFO - DAG(s) dict_keys(['example_sensor_decorator']) retrieved from /home/raj/Downloads/kafka_2.13-3.5.1/airflow-env/lib64/python3.11/site-packages/airflow/example_dags/example_sensor_decorator.py
[2023-10-07T04:00:46.761+0530] {logging_mixin.py:151} INFO - [2023-10-07T04:00:46.761+0530] {dag.py:2915} INFO - Sync 1 DAGs
[2023-10-07T04:00:46.776+0530] {logging_mixin.py:151} INFO - [2023-10-07T04:00:46.775+0530] {dag.py:3696} INFO - Setting next_dagrun for example_sensor_decorator to None, run_after=None
[2023-10-07T04:00:46.812+0530] {processor.py:179} INFO - Processing /home/raj/Downloads/kafka_2.13-3.5.1/airflow-env/lib64/python3.11/site-packages/airflow/example_dags/example_sensor_decorator.py took 0.089 seconds
[2023-10-07T04:01:35.622+0530] {processor.py:157} INFO - Started process (PID=18303) to work on /home/raj/Downloads/kafka_2.13-3.5.1/airflow-env/lib64/python3.11/site-packages/airflow/example_dags/example_sensor_decorator.py
[2023-10-07T04:01:35.624+0530] {processor.py:829} INFO - Processing file /home/raj/Downloads/kafka_2.13-3.5.1/airflow-env/lib64/python3.11/site-packages/airflow/example_dags/example_sensor_decorator.py for tasks to queue
[2023-10-07T04:01:35.626+0530] {logging_mixin.py:151} INFO - [2023-10-07T04:01:35.625+0530] {dagbag.py:539} INFO - Filling up the DagBag from /home/raj/Downloads/kafka_2.13-3.5.1/airflow-env/lib64/python3.11/site-packages/airflow/example_dags/example_sensor_decorator.py
[2023-10-07T04:01:35.643+0530] {processor.py:839} INFO - DAG(s) dict_keys(['example_sensor_decorator']) retrieved from /home/raj/Downloads/kafka_2.13-3.5.1/airflow-env/lib64/python3.11/site-packages/airflow/example_dags/example_sensor_decorator.py
[2023-10-07T04:01:35.666+0530] {logging_mixin.py:151} INFO - [2023-10-07T04:01:35.666+0530] {dag.py:2915} INFO - Sync 1 DAGs
[2023-10-07T04:01:35.685+0530] {logging_mixin.py:151} INFO - [2023-10-07T04:01:35.685+0530] {dag.py:3696} INFO - Setting next_dagrun for example_sensor_decorator to None, run_after=None
[2023-10-07T04:01:35.720+0530] {processor.py:179} INFO - Processing /home/raj/Downloads/kafka_2.13-3.5.1/airflow-env/lib64/python3.11/site-packages/airflow/example_dags/example_sensor_decorator.py took 0.104 seconds
[2023-10-07T04:02:23.584+0530] {processor.py:157} INFO - Started process (PID=18410) to work on /home/raj/Downloads/kafka_2.13-3.5.1/airflow-env/lib64/python3.11/site-packages/airflow/example_dags/example_sensor_decorator.py
[2023-10-07T04:02:23.596+0530] {processor.py:829} INFO - Processing file /home/raj/Downloads/kafka_2.13-3.5.1/airflow-env/lib64/python3.11/site-packages/airflow/example_dags/example_sensor_decorator.py for tasks to queue
[2023-10-07T04:02:23.597+0530] {logging_mixin.py:151} INFO - [2023-10-07T04:02:23.597+0530] {dagbag.py:539} INFO - Filling up the DagBag from /home/raj/Downloads/kafka_2.13-3.5.1/airflow-env/lib64/python3.11/site-packages/airflow/example_dags/example_sensor_decorator.py
[2023-10-07T04:02:23.609+0530] {processor.py:839} INFO - DAG(s) dict_keys(['example_sensor_decorator']) retrieved from /home/raj/Downloads/kafka_2.13-3.5.1/airflow-env/lib64/python3.11/site-packages/airflow/example_dags/example_sensor_decorator.py
[2023-10-07T04:02:23.637+0530] {logging_mixin.py:151} INFO - [2023-10-07T04:02:23.636+0530] {dag.py:2915} INFO - Sync 1 DAGs
[2023-10-07T04:02:23.646+0530] {logging_mixin.py:151} INFO - [2023-10-07T04:02:23.646+0530] {dag.py:3696} INFO - Setting next_dagrun for example_sensor_decorator to None, run_after=None
[2023-10-07T04:02:23.666+0530] {processor.py:179} INFO - Processing /home/raj/Downloads/kafka_2.13-3.5.1/airflow-env/lib64/python3.11/site-packages/airflow/example_dags/example_sensor_decorator.py took 0.088 seconds
[2023-10-07T04:03:16.150+0530] {processor.py:157} INFO - Started process (PID=18638) to work on /home/raj/Downloads/kafka_2.13-3.5.1/airflow-env/lib64/python3.11/site-packages/airflow/example_dags/example_sensor_decorator.py
[2023-10-07T04:03:16.162+0530] {processor.py:829} INFO - Processing file /home/raj/Downloads/kafka_2.13-3.5.1/airflow-env/lib64/python3.11/site-packages/airflow/example_dags/example_sensor_decorator.py for tasks to queue
[2023-10-07T04:03:16.163+0530] {logging_mixin.py:151} INFO - [2023-10-07T04:03:16.163+0530] {dagbag.py:539} INFO - Filling up the DagBag from /home/raj/Downloads/kafka_2.13-3.5.1/airflow-env/lib64/python3.11/site-packages/airflow/example_dags/example_sensor_decorator.py
[2023-10-07T04:03:16.169+0530] {processor.py:839} INFO - DAG(s) dict_keys(['example_sensor_decorator']) retrieved from /home/raj/Downloads/kafka_2.13-3.5.1/airflow-env/lib64/python3.11/site-packages/airflow/example_dags/example_sensor_decorator.py
[2023-10-07T04:03:16.185+0530] {logging_mixin.py:151} INFO - [2023-10-07T04:03:16.185+0530] {dag.py:2915} INFO - Sync 1 DAGs
[2023-10-07T04:03:16.196+0530] {logging_mixin.py:151} INFO - [2023-10-07T04:03:16.196+0530] {dag.py:3696} INFO - Setting next_dagrun for example_sensor_decorator to None, run_after=None
[2023-10-07T04:03:16.221+0530] {processor.py:179} INFO - Processing /home/raj/Downloads/kafka_2.13-3.5.1/airflow-env/lib64/python3.11/site-packages/airflow/example_dags/example_sensor_decorator.py took 0.076 seconds
[2023-10-07T04:04:01.738+0530] {processor.py:157} INFO - Started process (PID=18699) to work on /home/raj/Downloads/kafka_2.13-3.5.1/airflow-env/lib64/python3.11/site-packages/airflow/example_dags/example_sensor_decorator.py
[2023-10-07T04:04:01.749+0530] {processor.py:829} INFO - Processing file /home/raj/Downloads/kafka_2.13-3.5.1/airflow-env/lib64/python3.11/site-packages/airflow/example_dags/example_sensor_decorator.py for tasks to queue
[2023-10-07T04:04:01.751+0530] {logging_mixin.py:151} INFO - [2023-10-07T04:04:01.751+0530] {dagbag.py:539} INFO - Filling up the DagBag from /home/raj/Downloads/kafka_2.13-3.5.1/airflow-env/lib64/python3.11/site-packages/airflow/example_dags/example_sensor_decorator.py
[2023-10-07T04:04:01.762+0530] {processor.py:839} INFO - DAG(s) dict_keys(['example_sensor_decorator']) retrieved from /home/raj/Downloads/kafka_2.13-3.5.1/airflow-env/lib64/python3.11/site-packages/airflow/example_dags/example_sensor_decorator.py
[2023-10-07T04:04:01.788+0530] {logging_mixin.py:151} INFO - [2023-10-07T04:04:01.788+0530] {dag.py:2915} INFO - Sync 1 DAGs
[2023-10-07T04:04:01.799+0530] {logging_mixin.py:151} INFO - [2023-10-07T04:04:01.799+0530] {dag.py:3696} INFO - Setting next_dagrun for example_sensor_decorator to None, run_after=None
[2023-10-07T04:04:01.820+0530] {processor.py:179} INFO - Processing /home/raj/Downloads/kafka_2.13-3.5.1/airflow-env/lib64/python3.11/site-packages/airflow/example_dags/example_sensor_decorator.py took 0.087 seconds
[2023-10-07T04:04:52.206+0530] {processor.py:157} INFO - Started process (PID=18865) to work on /home/raj/Downloads/kafka_2.13-3.5.1/airflow-env/lib64/python3.11/site-packages/airflow/example_dags/example_sensor_decorator.py
[2023-10-07T04:04:52.217+0530] {processor.py:829} INFO - Processing file /home/raj/Downloads/kafka_2.13-3.5.1/airflow-env/lib64/python3.11/site-packages/airflow/example_dags/example_sensor_decorator.py for tasks to queue
[2023-10-07T04:04:52.219+0530] {logging_mixin.py:151} INFO - [2023-10-07T04:04:52.218+0530] {dagbag.py:539} INFO - Filling up the DagBag from /home/raj/Downloads/kafka_2.13-3.5.1/airflow-env/lib64/python3.11/site-packages/airflow/example_dags/example_sensor_decorator.py
[2023-10-07T04:04:52.232+0530] {processor.py:839} INFO - DAG(s) dict_keys(['example_sensor_decorator']) retrieved from /home/raj/Downloads/kafka_2.13-3.5.1/airflow-env/lib64/python3.11/site-packages/airflow/example_dags/example_sensor_decorator.py
[2023-10-07T04:04:52.261+0530] {logging_mixin.py:151} INFO - [2023-10-07T04:04:52.261+0530] {dag.py:2915} INFO - Sync 1 DAGs
[2023-10-07T04:04:52.270+0530] {logging_mixin.py:151} INFO - [2023-10-07T04:04:52.270+0530] {dag.py:3696} INFO - Setting next_dagrun for example_sensor_decorator to None, run_after=None
[2023-10-07T04:04:52.291+0530] {processor.py:179} INFO - Processing /home/raj/Downloads/kafka_2.13-3.5.1/airflow-env/lib64/python3.11/site-packages/airflow/example_dags/example_sensor_decorator.py took 0.092 seconds
[2023-10-07T04:05:44.454+0530] {processor.py:157} INFO - Started process (PID=18992) to work on /home/raj/Downloads/kafka_2.13-3.5.1/airflow-env/lib64/python3.11/site-packages/airflow/example_dags/example_sensor_decorator.py
[2023-10-07T04:05:44.466+0530] {processor.py:829} INFO - Processing file /home/raj/Downloads/kafka_2.13-3.5.1/airflow-env/lib64/python3.11/site-packages/airflow/example_dags/example_sensor_decorator.py for tasks to queue
[2023-10-07T04:05:44.467+0530] {logging_mixin.py:151} INFO - [2023-10-07T04:05:44.467+0530] {dagbag.py:539} INFO - Filling up the DagBag from /home/raj/Downloads/kafka_2.13-3.5.1/airflow-env/lib64/python3.11/site-packages/airflow/example_dags/example_sensor_decorator.py
[2023-10-07T04:05:44.478+0530] {processor.py:839} INFO - DAG(s) dict_keys(['example_sensor_decorator']) retrieved from /home/raj/Downloads/kafka_2.13-3.5.1/airflow-env/lib64/python3.11/site-packages/airflow/example_dags/example_sensor_decorator.py
[2023-10-07T04:05:44.509+0530] {logging_mixin.py:151} INFO - [2023-10-07T04:05:44.509+0530] {dag.py:2915} INFO - Sync 1 DAGs
[2023-10-07T04:05:44.520+0530] {logging_mixin.py:151} INFO - [2023-10-07T04:05:44.520+0530] {dag.py:3696} INFO - Setting next_dagrun for example_sensor_decorator to None, run_after=None
[2023-10-07T04:05:44.541+0530] {processor.py:179} INFO - Processing /home/raj/Downloads/kafka_2.13-3.5.1/airflow-env/lib64/python3.11/site-packages/airflow/example_dags/example_sensor_decorator.py took 0.092 seconds
[2023-10-07T04:06:37.324+0530] {processor.py:157} INFO - Started process (PID=19141) to work on /home/raj/Downloads/kafka_2.13-3.5.1/airflow-env/lib64/python3.11/site-packages/airflow/example_dags/example_sensor_decorator.py
[2023-10-07T04:06:37.335+0530] {processor.py:829} INFO - Processing file /home/raj/Downloads/kafka_2.13-3.5.1/airflow-env/lib64/python3.11/site-packages/airflow/example_dags/example_sensor_decorator.py for tasks to queue
[2023-10-07T04:06:37.336+0530] {logging_mixin.py:151} INFO - [2023-10-07T04:06:37.336+0530] {dagbag.py:539} INFO - Filling up the DagBag from /home/raj/Downloads/kafka_2.13-3.5.1/airflow-env/lib64/python3.11/site-packages/airflow/example_dags/example_sensor_decorator.py
[2023-10-07T04:06:37.343+0530] {processor.py:839} INFO - DAG(s) dict_keys(['example_sensor_decorator']) retrieved from /home/raj/Downloads/kafka_2.13-3.5.1/airflow-env/lib64/python3.11/site-packages/airflow/example_dags/example_sensor_decorator.py
[2023-10-07T04:06:37.360+0530] {logging_mixin.py:151} INFO - [2023-10-07T04:06:37.360+0530] {dag.py:2915} INFO - Sync 1 DAGs
[2023-10-07T04:06:37.373+0530] {logging_mixin.py:151} INFO - [2023-10-07T04:06:37.373+0530] {dag.py:3696} INFO - Setting next_dagrun for example_sensor_decorator to None, run_after=None
[2023-10-07T04:06:37.398+0530] {processor.py:179} INFO - Processing /home/raj/Downloads/kafka_2.13-3.5.1/airflow-env/lib64/python3.11/site-packages/airflow/example_dags/example_sensor_decorator.py took 0.079 seconds
[2023-10-07T04:07:33.367+0530] {processor.py:157} INFO - Started process (PID=19207) to work on /home/raj/Downloads/kafka_2.13-3.5.1/airflow-env/lib64/python3.11/site-packages/airflow/example_dags/example_sensor_decorator.py
[2023-10-07T04:07:33.378+0530] {processor.py:829} INFO - Processing file /home/raj/Downloads/kafka_2.13-3.5.1/airflow-env/lib64/python3.11/site-packages/airflow/example_dags/example_sensor_decorator.py for tasks to queue
[2023-10-07T04:07:33.379+0530] {logging_mixin.py:151} INFO - [2023-10-07T04:07:33.378+0530] {dagbag.py:539} INFO - Filling up the DagBag from /home/raj/Downloads/kafka_2.13-3.5.1/airflow-env/lib64/python3.11/site-packages/airflow/example_dags/example_sensor_decorator.py
[2023-10-07T04:07:33.385+0530] {processor.py:839} INFO - DAG(s) dict_keys(['example_sensor_decorator']) retrieved from /home/raj/Downloads/kafka_2.13-3.5.1/airflow-env/lib64/python3.11/site-packages/airflow/example_dags/example_sensor_decorator.py
[2023-10-07T04:07:33.408+0530] {logging_mixin.py:151} INFO - [2023-10-07T04:07:33.408+0530] {dag.py:2915} INFO - Sync 1 DAGs
[2023-10-07T04:07:33.427+0530] {logging_mixin.py:151} INFO - [2023-10-07T04:07:33.427+0530] {dag.py:3696} INFO - Setting next_dagrun for example_sensor_decorator to None, run_after=None
[2023-10-07T04:07:33.452+0530] {processor.py:179} INFO - Processing /home/raj/Downloads/kafka_2.13-3.5.1/airflow-env/lib64/python3.11/site-packages/airflow/example_dags/example_sensor_decorator.py took 0.089 seconds
[2023-10-07T04:08:27.712+0530] {processor.py:157} INFO - Started process (PID=19263) to work on /home/raj/Downloads/kafka_2.13-3.5.1/airflow-env/lib64/python3.11/site-packages/airflow/example_dags/example_sensor_decorator.py
[2023-10-07T04:08:27.723+0530] {processor.py:829} INFO - Processing file /home/raj/Downloads/kafka_2.13-3.5.1/airflow-env/lib64/python3.11/site-packages/airflow/example_dags/example_sensor_decorator.py for tasks to queue
[2023-10-07T04:08:27.724+0530] {logging_mixin.py:151} INFO - [2023-10-07T04:08:27.723+0530] {dagbag.py:539} INFO - Filling up the DagBag from /home/raj/Downloads/kafka_2.13-3.5.1/airflow-env/lib64/python3.11/site-packages/airflow/example_dags/example_sensor_decorator.py
[2023-10-07T04:08:27.735+0530] {processor.py:839} INFO - DAG(s) dict_keys(['example_sensor_decorator']) retrieved from /home/raj/Downloads/kafka_2.13-3.5.1/airflow-env/lib64/python3.11/site-packages/airflow/example_dags/example_sensor_decorator.py
[2023-10-07T04:08:27.767+0530] {logging_mixin.py:151} INFO - [2023-10-07T04:08:27.766+0530] {dag.py:2915} INFO - Sync 1 DAGs
[2023-10-07T04:08:27.777+0530] {logging_mixin.py:151} INFO - [2023-10-07T04:08:27.776+0530] {dag.py:3696} INFO - Setting next_dagrun for example_sensor_decorator to None, run_after=None
[2023-10-07T04:08:27.794+0530] {processor.py:179} INFO - Processing /home/raj/Downloads/kafka_2.13-3.5.1/airflow-env/lib64/python3.11/site-packages/airflow/example_dags/example_sensor_decorator.py took 0.087 seconds
[2023-10-07T04:09:21.773+0530] {processor.py:157} INFO - Started process (PID=19320) to work on /home/raj/Downloads/kafka_2.13-3.5.1/airflow-env/lib64/python3.11/site-packages/airflow/example_dags/example_sensor_decorator.py
[2023-10-07T04:09:21.784+0530] {processor.py:829} INFO - Processing file /home/raj/Downloads/kafka_2.13-3.5.1/airflow-env/lib64/python3.11/site-packages/airflow/example_dags/example_sensor_decorator.py for tasks to queue
[2023-10-07T04:09:21.786+0530] {logging_mixin.py:151} INFO - [2023-10-07T04:09:21.785+0530] {dagbag.py:539} INFO - Filling up the DagBag from /home/raj/Downloads/kafka_2.13-3.5.1/airflow-env/lib64/python3.11/site-packages/airflow/example_dags/example_sensor_decorator.py
[2023-10-07T04:09:21.797+0530] {processor.py:839} INFO - DAG(s) dict_keys(['example_sensor_decorator']) retrieved from /home/raj/Downloads/kafka_2.13-3.5.1/airflow-env/lib64/python3.11/site-packages/airflow/example_dags/example_sensor_decorator.py
[2023-10-07T04:09:21.829+0530] {logging_mixin.py:151} INFO - [2023-10-07T04:09:21.829+0530] {dag.py:2915} INFO - Sync 1 DAGs
[2023-10-07T04:09:21.840+0530] {logging_mixin.py:151} INFO - [2023-10-07T04:09:21.840+0530] {dag.py:3696} INFO - Setting next_dagrun for example_sensor_decorator to None, run_after=None
[2023-10-07T04:09:21.862+0530] {processor.py:179} INFO - Processing /home/raj/Downloads/kafka_2.13-3.5.1/airflow-env/lib64/python3.11/site-packages/airflow/example_dags/example_sensor_decorator.py took 0.095 seconds
[2023-10-07T04:10:10.878+0530] {processor.py:157} INFO - Started process (PID=19371) to work on /home/raj/Downloads/kafka_2.13-3.5.1/airflow-env/lib64/python3.11/site-packages/airflow/example_dags/example_sensor_decorator.py
[2023-10-07T04:10:10.889+0530] {processor.py:829} INFO - Processing file /home/raj/Downloads/kafka_2.13-3.5.1/airflow-env/lib64/python3.11/site-packages/airflow/example_dags/example_sensor_decorator.py for tasks to queue
[2023-10-07T04:10:10.891+0530] {logging_mixin.py:151} INFO - [2023-10-07T04:10:10.890+0530] {dagbag.py:539} INFO - Filling up the DagBag from /home/raj/Downloads/kafka_2.13-3.5.1/airflow-env/lib64/python3.11/site-packages/airflow/example_dags/example_sensor_decorator.py
[2023-10-07T04:10:10.902+0530] {processor.py:839} INFO - DAG(s) dict_keys(['example_sensor_decorator']) retrieved from /home/raj/Downloads/kafka_2.13-3.5.1/airflow-env/lib64/python3.11/site-packages/airflow/example_dags/example_sensor_decorator.py
[2023-10-07T04:10:10.933+0530] {logging_mixin.py:151} INFO - [2023-10-07T04:10:10.933+0530] {dag.py:2915} INFO - Sync 1 DAGs
[2023-10-07T04:10:10.944+0530] {logging_mixin.py:151} INFO - [2023-10-07T04:10:10.944+0530] {dag.py:3696} INFO - Setting next_dagrun for example_sensor_decorator to None, run_after=None
[2023-10-07T04:10:10.970+0530] {processor.py:179} INFO - Processing /home/raj/Downloads/kafka_2.13-3.5.1/airflow-env/lib64/python3.11/site-packages/airflow/example_dags/example_sensor_decorator.py took 0.098 seconds
[2023-10-07T04:11:00.674+0530] {processor.py:157} INFO - Started process (PID=19438) to work on /home/raj/Downloads/kafka_2.13-3.5.1/airflow-env/lib64/python3.11/site-packages/airflow/example_dags/example_sensor_decorator.py
[2023-10-07T04:11:00.685+0530] {processor.py:829} INFO - Processing file /home/raj/Downloads/kafka_2.13-3.5.1/airflow-env/lib64/python3.11/site-packages/airflow/example_dags/example_sensor_decorator.py for tasks to queue
[2023-10-07T04:11:00.687+0530] {logging_mixin.py:151} INFO - [2023-10-07T04:11:00.686+0530] {dagbag.py:539} INFO - Filling up the DagBag from /home/raj/Downloads/kafka_2.13-3.5.1/airflow-env/lib64/python3.11/site-packages/airflow/example_dags/example_sensor_decorator.py
[2023-10-07T04:11:00.698+0530] {processor.py:839} INFO - DAG(s) dict_keys(['example_sensor_decorator']) retrieved from /home/raj/Downloads/kafka_2.13-3.5.1/airflow-env/lib64/python3.11/site-packages/airflow/example_dags/example_sensor_decorator.py
[2023-10-07T04:11:00.728+0530] {logging_mixin.py:151} INFO - [2023-10-07T04:11:00.728+0530] {dag.py:2915} INFO - Sync 1 DAGs
[2023-10-07T04:11:00.738+0530] {logging_mixin.py:151} INFO - [2023-10-07T04:11:00.738+0530] {dag.py:3696} INFO - Setting next_dagrun for example_sensor_decorator to None, run_after=None
[2023-10-07T04:11:00.755+0530] {processor.py:179} INFO - Processing /home/raj/Downloads/kafka_2.13-3.5.1/airflow-env/lib64/python3.11/site-packages/airflow/example_dags/example_sensor_decorator.py took 0.087 seconds
[2023-10-07T04:11:54.017+0530] {processor.py:157} INFO - Started process (PID=19518) to work on /home/raj/Downloads/kafka_2.13-3.5.1/airflow-env/lib64/python3.11/site-packages/airflow/example_dags/example_sensor_decorator.py
[2023-10-07T04:11:54.028+0530] {processor.py:829} INFO - Processing file /home/raj/Downloads/kafka_2.13-3.5.1/airflow-env/lib64/python3.11/site-packages/airflow/example_dags/example_sensor_decorator.py for tasks to queue
[2023-10-07T04:11:54.030+0530] {logging_mixin.py:151} INFO - [2023-10-07T04:11:54.029+0530] {dagbag.py:539} INFO - Filling up the DagBag from /home/raj/Downloads/kafka_2.13-3.5.1/airflow-env/lib64/python3.11/site-packages/airflow/example_dags/example_sensor_decorator.py
[2023-10-07T04:11:54.042+0530] {processor.py:839} INFO - DAG(s) dict_keys(['example_sensor_decorator']) retrieved from /home/raj/Downloads/kafka_2.13-3.5.1/airflow-env/lib64/python3.11/site-packages/airflow/example_dags/example_sensor_decorator.py
[2023-10-07T04:11:54.056+0530] {logging_mixin.py:151} INFO - [2023-10-07T04:11:54.056+0530] {dag.py:2915} INFO - Sync 1 DAGs
[2023-10-07T04:11:54.066+0530] {logging_mixin.py:151} INFO - [2023-10-07T04:11:54.066+0530] {dag.py:3696} INFO - Setting next_dagrun for example_sensor_decorator to None, run_after=None
[2023-10-07T04:11:54.086+0530] {processor.py:179} INFO - Processing /home/raj/Downloads/kafka_2.13-3.5.1/airflow-env/lib64/python3.11/site-packages/airflow/example_dags/example_sensor_decorator.py took 0.072 seconds
[2023-10-07T04:12:50.096+0530] {processor.py:157} INFO - Started process (PID=19573) to work on /home/raj/Downloads/kafka_2.13-3.5.1/airflow-env/lib64/python3.11/site-packages/airflow/example_dags/example_sensor_decorator.py
[2023-10-07T04:12:50.108+0530] {processor.py:829} INFO - Processing file /home/raj/Downloads/kafka_2.13-3.5.1/airflow-env/lib64/python3.11/site-packages/airflow/example_dags/example_sensor_decorator.py for tasks to queue
[2023-10-07T04:12:50.109+0530] {logging_mixin.py:151} INFO - [2023-10-07T04:12:50.109+0530] {dagbag.py:539} INFO - Filling up the DagBag from /home/raj/Downloads/kafka_2.13-3.5.1/airflow-env/lib64/python3.11/site-packages/airflow/example_dags/example_sensor_decorator.py
[2023-10-07T04:12:50.122+0530] {processor.py:839} INFO - DAG(s) dict_keys(['example_sensor_decorator']) retrieved from /home/raj/Downloads/kafka_2.13-3.5.1/airflow-env/lib64/python3.11/site-packages/airflow/example_dags/example_sensor_decorator.py
[2023-10-07T04:12:50.142+0530] {logging_mixin.py:151} INFO - [2023-10-07T04:12:50.142+0530] {dag.py:2915} INFO - Sync 1 DAGs
[2023-10-07T04:12:50.155+0530] {logging_mixin.py:151} INFO - [2023-10-07T04:12:50.154+0530] {dag.py:3696} INFO - Setting next_dagrun for example_sensor_decorator to None, run_after=None
[2023-10-07T04:12:50.176+0530] {processor.py:179} INFO - Processing /home/raj/Downloads/kafka_2.13-3.5.1/airflow-env/lib64/python3.11/site-packages/airflow/example_dags/example_sensor_decorator.py took 0.086 seconds
[2023-10-07T04:13:42.364+0530] {processor.py:157} INFO - Started process (PID=19627) to work on /home/raj/Downloads/kafka_2.13-3.5.1/airflow-env/lib64/python3.11/site-packages/airflow/example_dags/example_sensor_decorator.py
[2023-10-07T04:13:42.366+0530] {processor.py:829} INFO - Processing file /home/raj/Downloads/kafka_2.13-3.5.1/airflow-env/lib64/python3.11/site-packages/airflow/example_dags/example_sensor_decorator.py for tasks to queue
[2023-10-07T04:13:42.367+0530] {logging_mixin.py:151} INFO - [2023-10-07T04:13:42.367+0530] {dagbag.py:539} INFO - Filling up the DagBag from /home/raj/Downloads/kafka_2.13-3.5.1/airflow-env/lib64/python3.11/site-packages/airflow/example_dags/example_sensor_decorator.py
[2023-10-07T04:13:42.378+0530] {processor.py:839} INFO - DAG(s) dict_keys(['example_sensor_decorator']) retrieved from /home/raj/Downloads/kafka_2.13-3.5.1/airflow-env/lib64/python3.11/site-packages/airflow/example_dags/example_sensor_decorator.py
[2023-10-07T04:13:42.404+0530] {logging_mixin.py:151} INFO - [2023-10-07T04:13:42.403+0530] {dag.py:2915} INFO - Sync 1 DAGs
[2023-10-07T04:13:42.414+0530] {logging_mixin.py:151} INFO - [2023-10-07T04:13:42.414+0530] {dag.py:3696} INFO - Setting next_dagrun for example_sensor_decorator to None, run_after=None
[2023-10-07T04:13:42.433+0530] {processor.py:179} INFO - Processing /home/raj/Downloads/kafka_2.13-3.5.1/airflow-env/lib64/python3.11/site-packages/airflow/example_dags/example_sensor_decorator.py took 0.075 seconds
[2023-10-07T04:14:31.869+0530] {processor.py:157} INFO - Started process (PID=19679) to work on /home/raj/Downloads/kafka_2.13-3.5.1/airflow-env/lib64/python3.11/site-packages/airflow/example_dags/example_sensor_decorator.py
[2023-10-07T04:14:31.880+0530] {processor.py:829} INFO - Processing file /home/raj/Downloads/kafka_2.13-3.5.1/airflow-env/lib64/python3.11/site-packages/airflow/example_dags/example_sensor_decorator.py for tasks to queue
[2023-10-07T04:14:31.882+0530] {logging_mixin.py:151} INFO - [2023-10-07T04:14:31.881+0530] {dagbag.py:539} INFO - Filling up the DagBag from /home/raj/Downloads/kafka_2.13-3.5.1/airflow-env/lib64/python3.11/site-packages/airflow/example_dags/example_sensor_decorator.py
[2023-10-07T04:14:31.894+0530] {processor.py:839} INFO - DAG(s) dict_keys(['example_sensor_decorator']) retrieved from /home/raj/Downloads/kafka_2.13-3.5.1/airflow-env/lib64/python3.11/site-packages/airflow/example_dags/example_sensor_decorator.py
[2023-10-07T04:14:31.921+0530] {logging_mixin.py:151} INFO - [2023-10-07T04:14:31.920+0530] {dag.py:2915} INFO - Sync 1 DAGs
[2023-10-07T04:14:31.930+0530] {logging_mixin.py:151} INFO - [2023-10-07T04:14:31.930+0530] {dag.py:3696} INFO - Setting next_dagrun for example_sensor_decorator to None, run_after=None
[2023-10-07T04:14:31.951+0530] {processor.py:179} INFO - Processing /home/raj/Downloads/kafka_2.13-3.5.1/airflow-env/lib64/python3.11/site-packages/airflow/example_dags/example_sensor_decorator.py took 0.087 seconds
[2023-10-07T04:15:22.220+0530] {processor.py:157} INFO - Started process (PID=19780) to work on /home/raj/Downloads/kafka_2.13-3.5.1/airflow-env/lib64/python3.11/site-packages/airflow/example_dags/example_sensor_decorator.py
[2023-10-07T04:15:22.231+0530] {processor.py:829} INFO - Processing file /home/raj/Downloads/kafka_2.13-3.5.1/airflow-env/lib64/python3.11/site-packages/airflow/example_dags/example_sensor_decorator.py for tasks to queue
[2023-10-07T04:15:22.232+0530] {logging_mixin.py:151} INFO - [2023-10-07T04:15:22.232+0530] {dagbag.py:539} INFO - Filling up the DagBag from /home/raj/Downloads/kafka_2.13-3.5.1/airflow-env/lib64/python3.11/site-packages/airflow/example_dags/example_sensor_decorator.py
[2023-10-07T04:15:22.244+0530] {processor.py:839} INFO - DAG(s) dict_keys(['example_sensor_decorator']) retrieved from /home/raj/Downloads/kafka_2.13-3.5.1/airflow-env/lib64/python3.11/site-packages/airflow/example_dags/example_sensor_decorator.py
[2023-10-07T04:15:22.261+0530] {logging_mixin.py:151} INFO - [2023-10-07T04:15:22.260+0530] {dag.py:2915} INFO - Sync 1 DAGs
[2023-10-07T04:15:22.272+0530] {logging_mixin.py:151} INFO - [2023-10-07T04:15:22.271+0530] {dag.py:3696} INFO - Setting next_dagrun for example_sensor_decorator to None, run_after=None
[2023-10-07T04:15:22.290+0530] {processor.py:179} INFO - Processing /home/raj/Downloads/kafka_2.13-3.5.1/airflow-env/lib64/python3.11/site-packages/airflow/example_dags/example_sensor_decorator.py took 0.075 seconds
[2023-10-07T04:16:12.615+0530] {processor.py:157} INFO - Started process (PID=19842) to work on /home/raj/Downloads/kafka_2.13-3.5.1/airflow-env/lib64/python3.11/site-packages/airflow/example_dags/example_sensor_decorator.py
[2023-10-07T04:16:12.617+0530] {processor.py:829} INFO - Processing file /home/raj/Downloads/kafka_2.13-3.5.1/airflow-env/lib64/python3.11/site-packages/airflow/example_dags/example_sensor_decorator.py for tasks to queue
[2023-10-07T04:16:12.619+0530] {logging_mixin.py:151} INFO - [2023-10-07T04:16:12.618+0530] {dagbag.py:539} INFO - Filling up the DagBag from /home/raj/Downloads/kafka_2.13-3.5.1/airflow-env/lib64/python3.11/site-packages/airflow/example_dags/example_sensor_decorator.py
[2023-10-07T04:16:12.631+0530] {processor.py:839} INFO - DAG(s) dict_keys(['example_sensor_decorator']) retrieved from /home/raj/Downloads/kafka_2.13-3.5.1/airflow-env/lib64/python3.11/site-packages/airflow/example_dags/example_sensor_decorator.py
[2023-10-07T04:16:12.655+0530] {logging_mixin.py:151} INFO - [2023-10-07T04:16:12.654+0530] {dag.py:2915} INFO - Sync 1 DAGs
[2023-10-07T04:16:12.664+0530] {logging_mixin.py:151} INFO - [2023-10-07T04:16:12.664+0530] {dag.py:3696} INFO - Setting next_dagrun for example_sensor_decorator to None, run_after=None
[2023-10-07T04:16:12.685+0530] {processor.py:179} INFO - Processing /home/raj/Downloads/kafka_2.13-3.5.1/airflow-env/lib64/python3.11/site-packages/airflow/example_dags/example_sensor_decorator.py took 0.076 seconds
[2023-10-07T04:17:07.565+0530] {processor.py:157} INFO - Started process (PID=19899) to work on /home/raj/Downloads/kafka_2.13-3.5.1/airflow-env/lib64/python3.11/site-packages/airflow/example_dags/example_sensor_decorator.py
[2023-10-07T04:17:07.576+0530] {processor.py:829} INFO - Processing file /home/raj/Downloads/kafka_2.13-3.5.1/airflow-env/lib64/python3.11/site-packages/airflow/example_dags/example_sensor_decorator.py for tasks to queue
[2023-10-07T04:17:07.578+0530] {logging_mixin.py:151} INFO - [2023-10-07T04:17:07.577+0530] {dagbag.py:539} INFO - Filling up the DagBag from /home/raj/Downloads/kafka_2.13-3.5.1/airflow-env/lib64/python3.11/site-packages/airflow/example_dags/example_sensor_decorator.py
[2023-10-07T04:17:07.587+0530] {processor.py:839} INFO - DAG(s) dict_keys(['example_sensor_decorator']) retrieved from /home/raj/Downloads/kafka_2.13-3.5.1/airflow-env/lib64/python3.11/site-packages/airflow/example_dags/example_sensor_decorator.py
[2023-10-07T04:17:07.607+0530] {logging_mixin.py:151} INFO - [2023-10-07T04:17:07.607+0530] {dag.py:2915} INFO - Sync 1 DAGs
[2023-10-07T04:17:07.621+0530] {logging_mixin.py:151} INFO - [2023-10-07T04:17:07.621+0530] {dag.py:3696} INFO - Setting next_dagrun for example_sensor_decorator to None, run_after=None
[2023-10-07T04:17:07.647+0530] {processor.py:179} INFO - Processing /home/raj/Downloads/kafka_2.13-3.5.1/airflow-env/lib64/python3.11/site-packages/airflow/example_dags/example_sensor_decorator.py took 0.085 seconds
[2023-10-07T04:17:57.627+0530] {processor.py:157} INFO - Started process (PID=19951) to work on /home/raj/Downloads/kafka_2.13-3.5.1/airflow-env/lib64/python3.11/site-packages/airflow/example_dags/example_sensor_decorator.py
[2023-10-07T04:17:57.639+0530] {processor.py:829} INFO - Processing file /home/raj/Downloads/kafka_2.13-3.5.1/airflow-env/lib64/python3.11/site-packages/airflow/example_dags/example_sensor_decorator.py for tasks to queue
[2023-10-07T04:17:57.640+0530] {logging_mixin.py:151} INFO - [2023-10-07T04:17:57.639+0530] {dagbag.py:539} INFO - Filling up the DagBag from /home/raj/Downloads/kafka_2.13-3.5.1/airflow-env/lib64/python3.11/site-packages/airflow/example_dags/example_sensor_decorator.py
[2023-10-07T04:17:57.645+0530] {processor.py:839} INFO - DAG(s) dict_keys(['example_sensor_decorator']) retrieved from /home/raj/Downloads/kafka_2.13-3.5.1/airflow-env/lib64/python3.11/site-packages/airflow/example_dags/example_sensor_decorator.py
[2023-10-07T04:17:57.658+0530] {logging_mixin.py:151} INFO - [2023-10-07T04:17:57.658+0530] {dag.py:2915} INFO - Sync 1 DAGs
[2023-10-07T04:17:57.669+0530] {logging_mixin.py:151} INFO - [2023-10-07T04:17:57.669+0530] {dag.py:3696} INFO - Setting next_dagrun for example_sensor_decorator to None, run_after=None
[2023-10-07T04:17:57.688+0530] {processor.py:179} INFO - Processing /home/raj/Downloads/kafka_2.13-3.5.1/airflow-env/lib64/python3.11/site-packages/airflow/example_dags/example_sensor_decorator.py took 0.066 seconds
[2023-10-07T04:18:49.140+0530] {processor.py:157} INFO - Started process (PID=20005) to work on /home/raj/Downloads/kafka_2.13-3.5.1/airflow-env/lib64/python3.11/site-packages/airflow/example_dags/example_sensor_decorator.py
[2023-10-07T04:18:49.151+0530] {processor.py:829} INFO - Processing file /home/raj/Downloads/kafka_2.13-3.5.1/airflow-env/lib64/python3.11/site-packages/airflow/example_dags/example_sensor_decorator.py for tasks to queue
[2023-10-07T04:18:49.153+0530] {logging_mixin.py:151} INFO - [2023-10-07T04:18:49.152+0530] {dagbag.py:539} INFO - Filling up the DagBag from /home/raj/Downloads/kafka_2.13-3.5.1/airflow-env/lib64/python3.11/site-packages/airflow/example_dags/example_sensor_decorator.py
[2023-10-07T04:18:49.165+0530] {processor.py:839} INFO - DAG(s) dict_keys(['example_sensor_decorator']) retrieved from /home/raj/Downloads/kafka_2.13-3.5.1/airflow-env/lib64/python3.11/site-packages/airflow/example_dags/example_sensor_decorator.py
[2023-10-07T04:18:49.196+0530] {logging_mixin.py:151} INFO - [2023-10-07T04:18:49.196+0530] {dag.py:2915} INFO - Sync 1 DAGs
[2023-10-07T04:18:49.206+0530] {logging_mixin.py:151} INFO - [2023-10-07T04:18:49.205+0530] {dag.py:3696} INFO - Setting next_dagrun for example_sensor_decorator to None, run_after=None
[2023-10-07T04:18:49.223+0530] {processor.py:179} INFO - Processing /home/raj/Downloads/kafka_2.13-3.5.1/airflow-env/lib64/python3.11/site-packages/airflow/example_dags/example_sensor_decorator.py took 0.089 seconds
[2023-10-07T04:19:44.898+0530] {processor.py:157} INFO - Started process (PID=20060) to work on /home/raj/Downloads/kafka_2.13-3.5.1/airflow-env/lib64/python3.11/site-packages/airflow/example_dags/example_sensor_decorator.py
[2023-10-07T04:19:44.909+0530] {processor.py:829} INFO - Processing file /home/raj/Downloads/kafka_2.13-3.5.1/airflow-env/lib64/python3.11/site-packages/airflow/example_dags/example_sensor_decorator.py for tasks to queue
[2023-10-07T04:19:44.911+0530] {logging_mixin.py:151} INFO - [2023-10-07T04:19:44.910+0530] {dagbag.py:539} INFO - Filling up the DagBag from /home/raj/Downloads/kafka_2.13-3.5.1/airflow-env/lib64/python3.11/site-packages/airflow/example_dags/example_sensor_decorator.py
[2023-10-07T04:19:44.924+0530] {processor.py:839} INFO - DAG(s) dict_keys(['example_sensor_decorator']) retrieved from /home/raj/Downloads/kafka_2.13-3.5.1/airflow-env/lib64/python3.11/site-packages/airflow/example_dags/example_sensor_decorator.py
[2023-10-07T04:19:44.957+0530] {logging_mixin.py:151} INFO - [2023-10-07T04:19:44.957+0530] {dag.py:2915} INFO - Sync 1 DAGs
[2023-10-07T04:19:44.968+0530] {logging_mixin.py:151} INFO - [2023-10-07T04:19:44.968+0530] {dag.py:3696} INFO - Setting next_dagrun for example_sensor_decorator to None, run_after=None
[2023-10-07T04:19:44.989+0530] {processor.py:179} INFO - Processing /home/raj/Downloads/kafka_2.13-3.5.1/airflow-env/lib64/python3.11/site-packages/airflow/example_dags/example_sensor_decorator.py took 0.096 seconds
[2023-10-07T04:20:40.483+0530] {processor.py:157} INFO - Started process (PID=20428) to work on /home/raj/Downloads/kafka_2.13-3.5.1/airflow-env/lib64/python3.11/site-packages/airflow/example_dags/example_sensor_decorator.py
[2023-10-07T04:20:40.494+0530] {processor.py:829} INFO - Processing file /home/raj/Downloads/kafka_2.13-3.5.1/airflow-env/lib64/python3.11/site-packages/airflow/example_dags/example_sensor_decorator.py for tasks to queue
[2023-10-07T04:20:40.496+0530] {logging_mixin.py:151} INFO - [2023-10-07T04:20:40.495+0530] {dagbag.py:539} INFO - Filling up the DagBag from /home/raj/Downloads/kafka_2.13-3.5.1/airflow-env/lib64/python3.11/site-packages/airflow/example_dags/example_sensor_decorator.py
[2023-10-07T04:20:40.507+0530] {processor.py:839} INFO - DAG(s) dict_keys(['example_sensor_decorator']) retrieved from /home/raj/Downloads/kafka_2.13-3.5.1/airflow-env/lib64/python3.11/site-packages/airflow/example_dags/example_sensor_decorator.py
[2023-10-07T04:20:40.541+0530] {logging_mixin.py:151} INFO - [2023-10-07T04:20:40.541+0530] {dag.py:2915} INFO - Sync 1 DAGs
[2023-10-07T04:20:40.552+0530] {logging_mixin.py:151} INFO - [2023-10-07T04:20:40.552+0530] {dag.py:3696} INFO - Setting next_dagrun for example_sensor_decorator to None, run_after=None
[2023-10-07T04:20:40.573+0530] {processor.py:179} INFO - Processing /home/raj/Downloads/kafka_2.13-3.5.1/airflow-env/lib64/python3.11/site-packages/airflow/example_dags/example_sensor_decorator.py took 0.096 seconds
[2023-10-07T04:21:32.354+0530] {processor.py:157} INFO - Started process (PID=20619) to work on /home/raj/Downloads/kafka_2.13-3.5.1/airflow-env/lib64/python3.11/site-packages/airflow/example_dags/example_sensor_decorator.py
[2023-10-07T04:21:32.364+0530] {processor.py:829} INFO - Processing file /home/raj/Downloads/kafka_2.13-3.5.1/airflow-env/lib64/python3.11/site-packages/airflow/example_dags/example_sensor_decorator.py for tasks to queue
[2023-10-07T04:21:32.365+0530] {logging_mixin.py:151} INFO - [2023-10-07T04:21:32.365+0530] {dagbag.py:539} INFO - Filling up the DagBag from /home/raj/Downloads/kafka_2.13-3.5.1/airflow-env/lib64/python3.11/site-packages/airflow/example_dags/example_sensor_decorator.py
[2023-10-07T04:21:32.372+0530] {processor.py:839} INFO - DAG(s) dict_keys(['example_sensor_decorator']) retrieved from /home/raj/Downloads/kafka_2.13-3.5.1/airflow-env/lib64/python3.11/site-packages/airflow/example_dags/example_sensor_decorator.py
[2023-10-07T04:21:32.390+0530] {logging_mixin.py:151} INFO - [2023-10-07T04:21:32.390+0530] {dag.py:2915} INFO - Sync 1 DAGs
[2023-10-07T04:21:32.406+0530] {logging_mixin.py:151} INFO - [2023-10-07T04:21:32.406+0530] {dag.py:3696} INFO - Setting next_dagrun for example_sensor_decorator to None, run_after=None
[2023-10-07T04:21:32.433+0530] {processor.py:179} INFO - Processing /home/raj/Downloads/kafka_2.13-3.5.1/airflow-env/lib64/python3.11/site-packages/airflow/example_dags/example_sensor_decorator.py took 0.082 seconds
[2023-10-07T04:22:22.361+0530] {processor.py:157} INFO - Started process (PID=20781) to work on /home/raj/Downloads/kafka_2.13-3.5.1/airflow-env/lib64/python3.11/site-packages/airflow/example_dags/example_sensor_decorator.py
[2023-10-07T04:22:22.372+0530] {processor.py:829} INFO - Processing file /home/raj/Downloads/kafka_2.13-3.5.1/airflow-env/lib64/python3.11/site-packages/airflow/example_dags/example_sensor_decorator.py for tasks to queue
[2023-10-07T04:22:22.373+0530] {logging_mixin.py:151} INFO - [2023-10-07T04:22:22.372+0530] {dagbag.py:539} INFO - Filling up the DagBag from /home/raj/Downloads/kafka_2.13-3.5.1/airflow-env/lib64/python3.11/site-packages/airflow/example_dags/example_sensor_decorator.py
[2023-10-07T04:22:22.379+0530] {processor.py:839} INFO - DAG(s) dict_keys(['example_sensor_decorator']) retrieved from /home/raj/Downloads/kafka_2.13-3.5.1/airflow-env/lib64/python3.11/site-packages/airflow/example_dags/example_sensor_decorator.py
[2023-10-07T04:22:22.396+0530] {logging_mixin.py:151} INFO - [2023-10-07T04:22:22.396+0530] {dag.py:2915} INFO - Sync 1 DAGs
[2023-10-07T04:22:22.409+0530] {logging_mixin.py:151} INFO - [2023-10-07T04:22:22.409+0530] {dag.py:3696} INFO - Setting next_dagrun for example_sensor_decorator to None, run_after=None
[2023-10-07T04:22:22.434+0530] {processor.py:179} INFO - Processing /home/raj/Downloads/kafka_2.13-3.5.1/airflow-env/lib64/python3.11/site-packages/airflow/example_dags/example_sensor_decorator.py took 0.078 seconds
[2023-10-07T04:23:14.378+0530] {processor.py:157} INFO - Started process (PID=20882) to work on /home/raj/Downloads/kafka_2.13-3.5.1/airflow-env/lib64/python3.11/site-packages/airflow/example_dags/example_sensor_decorator.py
[2023-10-07T04:23:14.389+0530] {processor.py:829} INFO - Processing file /home/raj/Downloads/kafka_2.13-3.5.1/airflow-env/lib64/python3.11/site-packages/airflow/example_dags/example_sensor_decorator.py for tasks to queue
[2023-10-07T04:23:14.391+0530] {logging_mixin.py:151} INFO - [2023-10-07T04:23:14.390+0530] {dagbag.py:539} INFO - Filling up the DagBag from /home/raj/Downloads/kafka_2.13-3.5.1/airflow-env/lib64/python3.11/site-packages/airflow/example_dags/example_sensor_decorator.py
[2023-10-07T04:23:14.403+0530] {processor.py:839} INFO - DAG(s) dict_keys(['example_sensor_decorator']) retrieved from /home/raj/Downloads/kafka_2.13-3.5.1/airflow-env/lib64/python3.11/site-packages/airflow/example_dags/example_sensor_decorator.py
[2023-10-07T04:23:14.431+0530] {logging_mixin.py:151} INFO - [2023-10-07T04:23:14.430+0530] {dag.py:2915} INFO - Sync 1 DAGs
[2023-10-07T04:23:14.445+0530] {logging_mixin.py:151} INFO - [2023-10-07T04:23:14.445+0530] {dag.py:3696} INFO - Setting next_dagrun for example_sensor_decorator to None, run_after=None
[2023-10-07T04:23:14.469+0530] {processor.py:179} INFO - Processing /home/raj/Downloads/kafka_2.13-3.5.1/airflow-env/lib64/python3.11/site-packages/airflow/example_dags/example_sensor_decorator.py took 0.097 seconds
[2023-10-07T04:24:05.068+0530] {processor.py:157} INFO - Started process (PID=21006) to work on /home/raj/Downloads/kafka_2.13-3.5.1/airflow-env/lib64/python3.11/site-packages/airflow/example_dags/example_sensor_decorator.py
[2023-10-07T04:24:05.078+0530] {processor.py:829} INFO - Processing file /home/raj/Downloads/kafka_2.13-3.5.1/airflow-env/lib64/python3.11/site-packages/airflow/example_dags/example_sensor_decorator.py for tasks to queue
[2023-10-07T04:24:05.079+0530] {logging_mixin.py:151} INFO - [2023-10-07T04:24:05.079+0530] {dagbag.py:539} INFO - Filling up the DagBag from /home/raj/Downloads/kafka_2.13-3.5.1/airflow-env/lib64/python3.11/site-packages/airflow/example_dags/example_sensor_decorator.py
[2023-10-07T04:24:05.086+0530] {processor.py:839} INFO - DAG(s) dict_keys(['example_sensor_decorator']) retrieved from /home/raj/Downloads/kafka_2.13-3.5.1/airflow-env/lib64/python3.11/site-packages/airflow/example_dags/example_sensor_decorator.py
[2023-10-07T04:24:05.108+0530] {logging_mixin.py:151} INFO - [2023-10-07T04:24:05.108+0530] {dag.py:2915} INFO - Sync 1 DAGs
[2023-10-07T04:24:05.122+0530] {logging_mixin.py:151} INFO - [2023-10-07T04:24:05.121+0530] {dag.py:3696} INFO - Setting next_dagrun for example_sensor_decorator to None, run_after=None
[2023-10-07T04:24:05.151+0530] {processor.py:179} INFO - Processing /home/raj/Downloads/kafka_2.13-3.5.1/airflow-env/lib64/python3.11/site-packages/airflow/example_dags/example_sensor_decorator.py took 0.087 seconds
[2023-10-07T04:24:55.542+0530] {processor.py:157} INFO - Started process (PID=21102) to work on /home/raj/Downloads/kafka_2.13-3.5.1/airflow-env/lib64/python3.11/site-packages/airflow/example_dags/example_sensor_decorator.py
[2023-10-07T04:24:55.553+0530] {processor.py:829} INFO - Processing file /home/raj/Downloads/kafka_2.13-3.5.1/airflow-env/lib64/python3.11/site-packages/airflow/example_dags/example_sensor_decorator.py for tasks to queue
[2023-10-07T04:24:55.555+0530] {logging_mixin.py:151} INFO - [2023-10-07T04:24:55.554+0530] {dagbag.py:539} INFO - Filling up the DagBag from /home/raj/Downloads/kafka_2.13-3.5.1/airflow-env/lib64/python3.11/site-packages/airflow/example_dags/example_sensor_decorator.py
[2023-10-07T04:24:55.567+0530] {processor.py:839} INFO - DAG(s) dict_keys(['example_sensor_decorator']) retrieved from /home/raj/Downloads/kafka_2.13-3.5.1/airflow-env/lib64/python3.11/site-packages/airflow/example_dags/example_sensor_decorator.py
[2023-10-07T04:24:55.584+0530] {logging_mixin.py:151} INFO - [2023-10-07T04:24:55.584+0530] {dag.py:2915} INFO - Sync 1 DAGs
[2023-10-07T04:24:55.595+0530] {logging_mixin.py:151} INFO - [2023-10-07T04:24:55.595+0530] {dag.py:3696} INFO - Setting next_dagrun for example_sensor_decorator to None, run_after=None
[2023-10-07T04:24:55.615+0530] {processor.py:179} INFO - Processing /home/raj/Downloads/kafka_2.13-3.5.1/airflow-env/lib64/python3.11/site-packages/airflow/example_dags/example_sensor_decorator.py took 0.079 seconds
[2023-10-07T04:25:47.074+0530] {processor.py:157} INFO - Started process (PID=21190) to work on /home/raj/Downloads/kafka_2.13-3.5.1/airflow-env/lib64/python3.11/site-packages/airflow/example_dags/example_sensor_decorator.py
[2023-10-07T04:25:47.084+0530] {processor.py:829} INFO - Processing file /home/raj/Downloads/kafka_2.13-3.5.1/airflow-env/lib64/python3.11/site-packages/airflow/example_dags/example_sensor_decorator.py for tasks to queue
[2023-10-07T04:25:47.085+0530] {logging_mixin.py:151} INFO - [2023-10-07T04:25:47.085+0530] {dagbag.py:539} INFO - Filling up the DagBag from /home/raj/Downloads/kafka_2.13-3.5.1/airflow-env/lib64/python3.11/site-packages/airflow/example_dags/example_sensor_decorator.py
[2023-10-07T04:25:47.090+0530] {processor.py:839} INFO - DAG(s) dict_keys(['example_sensor_decorator']) retrieved from /home/raj/Downloads/kafka_2.13-3.5.1/airflow-env/lib64/python3.11/site-packages/airflow/example_dags/example_sensor_decorator.py
[2023-10-07T04:25:47.104+0530] {logging_mixin.py:151} INFO - [2023-10-07T04:25:47.103+0530] {dag.py:2915} INFO - Sync 1 DAGs
[2023-10-07T04:25:47.113+0530] {logging_mixin.py:151} INFO - [2023-10-07T04:25:47.113+0530] {dag.py:3696} INFO - Setting next_dagrun for example_sensor_decorator to None, run_after=None
[2023-10-07T04:25:47.131+0530] {processor.py:179} INFO - Processing /home/raj/Downloads/kafka_2.13-3.5.1/airflow-env/lib64/python3.11/site-packages/airflow/example_dags/example_sensor_decorator.py took 0.060 seconds
[2023-10-07T04:26:39.082+0530] {processor.py:157} INFO - Started process (PID=21410) to work on /home/raj/Downloads/kafka_2.13-3.5.1/airflow-env/lib64/python3.11/site-packages/airflow/example_dags/example_sensor_decorator.py
[2023-10-07T04:26:39.083+0530] {processor.py:829} INFO - Processing file /home/raj/Downloads/kafka_2.13-3.5.1/airflow-env/lib64/python3.11/site-packages/airflow/example_dags/example_sensor_decorator.py for tasks to queue
[2023-10-07T04:26:39.085+0530] {logging_mixin.py:151} INFO - [2023-10-07T04:26:39.084+0530] {dagbag.py:539} INFO - Filling up the DagBag from /home/raj/Downloads/kafka_2.13-3.5.1/airflow-env/lib64/python3.11/site-packages/airflow/example_dags/example_sensor_decorator.py
[2023-10-07T04:26:39.094+0530] {processor.py:839} INFO - DAG(s) dict_keys(['example_sensor_decorator']) retrieved from /home/raj/Downloads/kafka_2.13-3.5.1/airflow-env/lib64/python3.11/site-packages/airflow/example_dags/example_sensor_decorator.py
[2023-10-07T04:26:39.120+0530] {logging_mixin.py:151} INFO - [2023-10-07T04:26:39.120+0530] {dag.py:2915} INFO - Sync 1 DAGs
[2023-10-07T04:26:39.134+0530] {logging_mixin.py:151} INFO - [2023-10-07T04:26:39.133+0530] {dag.py:3696} INFO - Setting next_dagrun for example_sensor_decorator to None, run_after=None
[2023-10-07T04:26:39.159+0530] {processor.py:179} INFO - Processing /home/raj/Downloads/kafka_2.13-3.5.1/airflow-env/lib64/python3.11/site-packages/airflow/example_dags/example_sensor_decorator.py took 0.081 seconds
[2023-10-07T04:27:29.080+0530] {processor.py:157} INFO - Started process (PID=21549) to work on /home/raj/Downloads/kafka_2.13-3.5.1/airflow-env/lib64/python3.11/site-packages/airflow/example_dags/example_sensor_decorator.py
[2023-10-07T04:27:29.081+0530] {processor.py:829} INFO - Processing file /home/raj/Downloads/kafka_2.13-3.5.1/airflow-env/lib64/python3.11/site-packages/airflow/example_dags/example_sensor_decorator.py for tasks to queue
[2023-10-07T04:27:29.083+0530] {logging_mixin.py:151} INFO - [2023-10-07T04:27:29.082+0530] {dagbag.py:539} INFO - Filling up the DagBag from /home/raj/Downloads/kafka_2.13-3.5.1/airflow-env/lib64/python3.11/site-packages/airflow/example_dags/example_sensor_decorator.py
[2023-10-07T04:27:29.094+0530] {processor.py:839} INFO - DAG(s) dict_keys(['example_sensor_decorator']) retrieved from /home/raj/Downloads/kafka_2.13-3.5.1/airflow-env/lib64/python3.11/site-packages/airflow/example_dags/example_sensor_decorator.py
[2023-10-07T04:27:29.116+0530] {logging_mixin.py:151} INFO - [2023-10-07T04:27:29.116+0530] {dag.py:2915} INFO - Sync 1 DAGs
[2023-10-07T04:27:29.125+0530] {logging_mixin.py:151} INFO - [2023-10-07T04:27:29.125+0530] {dag.py:3696} INFO - Setting next_dagrun for example_sensor_decorator to None, run_after=None
[2023-10-07T04:27:29.144+0530] {processor.py:179} INFO - Processing /home/raj/Downloads/kafka_2.13-3.5.1/airflow-env/lib64/python3.11/site-packages/airflow/example_dags/example_sensor_decorator.py took 0.069 seconds
[2023-10-07T04:28:23.660+0530] {processor.py:157} INFO - Started process (PID=21632) to work on /home/raj/Downloads/kafka_2.13-3.5.1/airflow-env/lib64/python3.11/site-packages/airflow/example_dags/example_sensor_decorator.py
[2023-10-07T04:28:23.662+0530] {processor.py:829} INFO - Processing file /home/raj/Downloads/kafka_2.13-3.5.1/airflow-env/lib64/python3.11/site-packages/airflow/example_dags/example_sensor_decorator.py for tasks to queue
[2023-10-07T04:28:23.664+0530] {logging_mixin.py:151} INFO - [2023-10-07T04:28:23.663+0530] {dagbag.py:539} INFO - Filling up the DagBag from /home/raj/Downloads/kafka_2.13-3.5.1/airflow-env/lib64/python3.11/site-packages/airflow/example_dags/example_sensor_decorator.py
[2023-10-07T04:28:23.677+0530] {processor.py:839} INFO - DAG(s) dict_keys(['example_sensor_decorator']) retrieved from /home/raj/Downloads/kafka_2.13-3.5.1/airflow-env/lib64/python3.11/site-packages/airflow/example_dags/example_sensor_decorator.py
[2023-10-07T04:28:23.695+0530] {logging_mixin.py:151} INFO - [2023-10-07T04:28:23.694+0530] {dag.py:2915} INFO - Sync 1 DAGs
[2023-10-07T04:28:23.706+0530] {logging_mixin.py:151} INFO - [2023-10-07T04:28:23.706+0530] {dag.py:3696} INFO - Setting next_dagrun for example_sensor_decorator to None, run_after=None
[2023-10-07T04:28:23.727+0530] {processor.py:179} INFO - Processing /home/raj/Downloads/kafka_2.13-3.5.1/airflow-env/lib64/python3.11/site-packages/airflow/example_dags/example_sensor_decorator.py took 0.072 seconds
[2023-10-07T04:29:15.784+0530] {processor.py:157} INFO - Started process (PID=21746) to work on /home/raj/Downloads/kafka_2.13-3.5.1/airflow-env/lib64/python3.11/site-packages/airflow/example_dags/example_sensor_decorator.py
[2023-10-07T04:29:15.795+0530] {processor.py:829} INFO - Processing file /home/raj/Downloads/kafka_2.13-3.5.1/airflow-env/lib64/python3.11/site-packages/airflow/example_dags/example_sensor_decorator.py for tasks to queue
[2023-10-07T04:29:15.797+0530] {logging_mixin.py:151} INFO - [2023-10-07T04:29:15.796+0530] {dagbag.py:539} INFO - Filling up the DagBag from /home/raj/Downloads/kafka_2.13-3.5.1/airflow-env/lib64/python3.11/site-packages/airflow/example_dags/example_sensor_decorator.py
[2023-10-07T04:29:15.808+0530] {processor.py:839} INFO - DAG(s) dict_keys(['example_sensor_decorator']) retrieved from /home/raj/Downloads/kafka_2.13-3.5.1/airflow-env/lib64/python3.11/site-packages/airflow/example_dags/example_sensor_decorator.py
[2023-10-07T04:29:15.840+0530] {logging_mixin.py:151} INFO - [2023-10-07T04:29:15.840+0530] {dag.py:2915} INFO - Sync 1 DAGs
[2023-10-07T04:29:15.850+0530] {logging_mixin.py:151} INFO - [2023-10-07T04:29:15.850+0530] {dag.py:3696} INFO - Setting next_dagrun for example_sensor_decorator to None, run_after=None
[2023-10-07T04:29:15.867+0530] {processor.py:179} INFO - Processing /home/raj/Downloads/kafka_2.13-3.5.1/airflow-env/lib64/python3.11/site-packages/airflow/example_dags/example_sensor_decorator.py took 0.088 seconds
[2023-10-07T04:40:54.186+0530] {processor.py:157} INFO - Started process (PID=9888) to work on /home/raj/Downloads/kafka_2.13-3.5.1/airflow-env/lib64/python3.11/site-packages/airflow/example_dags/example_sensor_decorator.py
[2023-10-07T04:40:54.187+0530] {processor.py:829} INFO - Processing file /home/raj/Downloads/kafka_2.13-3.5.1/airflow-env/lib64/python3.11/site-packages/airflow/example_dags/example_sensor_decorator.py for tasks to queue
[2023-10-07T04:40:54.188+0530] {logging_mixin.py:151} INFO - [2023-10-07T04:40:54.187+0530] {dagbag.py:539} INFO - Filling up the DagBag from /home/raj/Downloads/kafka_2.13-3.5.1/airflow-env/lib64/python3.11/site-packages/airflow/example_dags/example_sensor_decorator.py
[2023-10-07T04:40:54.196+0530] {processor.py:839} INFO - DAG(s) dict_keys(['example_sensor_decorator']) retrieved from /home/raj/Downloads/kafka_2.13-3.5.1/airflow-env/lib64/python3.11/site-packages/airflow/example_dags/example_sensor_decorator.py
[2023-10-07T04:40:54.222+0530] {logging_mixin.py:151} INFO - [2023-10-07T04:40:54.222+0530] {dag.py:2915} INFO - Sync 1 DAGs
[2023-10-07T04:40:54.238+0530] {logging_mixin.py:151} INFO - [2023-10-07T04:40:54.237+0530] {dag.py:3696} INFO - Setting next_dagrun for example_sensor_decorator to None, run_after=None
[2023-10-07T04:40:54.272+0530] {processor.py:179} INFO - Processing /home/raj/Downloads/kafka_2.13-3.5.1/airflow-env/lib64/python3.11/site-packages/airflow/example_dags/example_sensor_decorator.py took 0.092 seconds
[2023-10-07T04:41:41.838+0530] {processor.py:157} INFO - Started process (PID=10028) to work on /home/raj/Downloads/kafka_2.13-3.5.1/airflow-env/lib64/python3.11/site-packages/airflow/example_dags/example_sensor_decorator.py
[2023-10-07T04:41:41.849+0530] {processor.py:829} INFO - Processing file /home/raj/Downloads/kafka_2.13-3.5.1/airflow-env/lib64/python3.11/site-packages/airflow/example_dags/example_sensor_decorator.py for tasks to queue
[2023-10-07T04:41:41.851+0530] {logging_mixin.py:151} INFO - [2023-10-07T04:41:41.850+0530] {dagbag.py:539} INFO - Filling up the DagBag from /home/raj/Downloads/kafka_2.13-3.5.1/airflow-env/lib64/python3.11/site-packages/airflow/example_dags/example_sensor_decorator.py
[2023-10-07T04:41:41.862+0530] {processor.py:839} INFO - DAG(s) dict_keys(['example_sensor_decorator']) retrieved from /home/raj/Downloads/kafka_2.13-3.5.1/airflow-env/lib64/python3.11/site-packages/airflow/example_dags/example_sensor_decorator.py
[2023-10-07T04:41:41.893+0530] {logging_mixin.py:151} INFO - [2023-10-07T04:41:41.893+0530] {dag.py:2915} INFO - Sync 1 DAGs
[2023-10-07T04:41:41.903+0530] {logging_mixin.py:151} INFO - [2023-10-07T04:41:41.903+0530] {dag.py:3696} INFO - Setting next_dagrun for example_sensor_decorator to None, run_after=None
[2023-10-07T04:41:41.923+0530] {processor.py:179} INFO - Processing /home/raj/Downloads/kafka_2.13-3.5.1/airflow-env/lib64/python3.11/site-packages/airflow/example_dags/example_sensor_decorator.py took 0.091 seconds
[2023-10-07T04:42:33.611+0530] {processor.py:157} INFO - Started process (PID=10203) to work on /home/raj/Downloads/kafka_2.13-3.5.1/airflow-env/lib64/python3.11/site-packages/airflow/example_dags/example_sensor_decorator.py
[2023-10-07T04:42:33.623+0530] {processor.py:829} INFO - Processing file /home/raj/Downloads/kafka_2.13-3.5.1/airflow-env/lib64/python3.11/site-packages/airflow/example_dags/example_sensor_decorator.py for tasks to queue
[2023-10-07T04:42:33.624+0530] {logging_mixin.py:151} INFO - [2023-10-07T04:42:33.623+0530] {dagbag.py:539} INFO - Filling up the DagBag from /home/raj/Downloads/kafka_2.13-3.5.1/airflow-env/lib64/python3.11/site-packages/airflow/example_dags/example_sensor_decorator.py
[2023-10-07T04:42:33.632+0530] {processor.py:839} INFO - DAG(s) dict_keys(['example_sensor_decorator']) retrieved from /home/raj/Downloads/kafka_2.13-3.5.1/airflow-env/lib64/python3.11/site-packages/airflow/example_dags/example_sensor_decorator.py
[2023-10-07T04:42:33.655+0530] {logging_mixin.py:151} INFO - [2023-10-07T04:42:33.655+0530] {dag.py:2915} INFO - Sync 1 DAGs
[2023-10-07T04:42:33.668+0530] {logging_mixin.py:151} INFO - [2023-10-07T04:42:33.668+0530] {dag.py:3696} INFO - Setting next_dagrun for example_sensor_decorator to None, run_after=None
[2023-10-07T04:42:33.693+0530] {processor.py:179} INFO - Processing /home/raj/Downloads/kafka_2.13-3.5.1/airflow-env/lib64/python3.11/site-packages/airflow/example_dags/example_sensor_decorator.py took 0.086 seconds
[2023-10-07T04:43:44.774+0530] {processor.py:157} INFO - Started process (PID=10397) to work on /home/raj/Downloads/kafka_2.13-3.5.1/airflow-env/lib64/python3.11/site-packages/airflow/example_dags/example_sensor_decorator.py
[2023-10-07T04:43:44.786+0530] {processor.py:829} INFO - Processing file /home/raj/Downloads/kafka_2.13-3.5.1/airflow-env/lib64/python3.11/site-packages/airflow/example_dags/example_sensor_decorator.py for tasks to queue
[2023-10-07T04:43:44.788+0530] {logging_mixin.py:151} INFO - [2023-10-07T04:43:44.787+0530] {dagbag.py:539} INFO - Filling up the DagBag from /home/raj/Downloads/kafka_2.13-3.5.1/airflow-env/lib64/python3.11/site-packages/airflow/example_dags/example_sensor_decorator.py
[2023-10-07T04:43:44.799+0530] {processor.py:839} INFO - DAG(s) dict_keys(['example_sensor_decorator']) retrieved from /home/raj/Downloads/kafka_2.13-3.5.1/airflow-env/lib64/python3.11/site-packages/airflow/example_dags/example_sensor_decorator.py
[2023-10-07T04:43:44.817+0530] {logging_mixin.py:151} INFO - [2023-10-07T04:43:44.817+0530] {dag.py:2915} INFO - Sync 1 DAGs
[2023-10-07T04:43:44.829+0530] {logging_mixin.py:151} INFO - [2023-10-07T04:43:44.829+0530] {dag.py:3696} INFO - Setting next_dagrun for example_sensor_decorator to None, run_after=None
[2023-10-07T04:43:44.849+0530] {processor.py:179} INFO - Processing /home/raj/Downloads/kafka_2.13-3.5.1/airflow-env/lib64/python3.11/site-packages/airflow/example_dags/example_sensor_decorator.py took 0.080 seconds
[2023-10-07T04:44:33.204+0530] {processor.py:157} INFO - Started process (PID=10506) to work on /home/raj/Downloads/kafka_2.13-3.5.1/airflow-env/lib64/python3.11/site-packages/airflow/example_dags/example_sensor_decorator.py
[2023-10-07T04:44:33.216+0530] {processor.py:829} INFO - Processing file /home/raj/Downloads/kafka_2.13-3.5.1/airflow-env/lib64/python3.11/site-packages/airflow/example_dags/example_sensor_decorator.py for tasks to queue
[2023-10-07T04:44:33.217+0530] {logging_mixin.py:151} INFO - [2023-10-07T04:44:33.217+0530] {dagbag.py:539} INFO - Filling up the DagBag from /home/raj/Downloads/kafka_2.13-3.5.1/airflow-env/lib64/python3.11/site-packages/airflow/example_dags/example_sensor_decorator.py
[2023-10-07T04:44:33.224+0530] {processor.py:839} INFO - DAG(s) dict_keys(['example_sensor_decorator']) retrieved from /home/raj/Downloads/kafka_2.13-3.5.1/airflow-env/lib64/python3.11/site-packages/airflow/example_dags/example_sensor_decorator.py
[2023-10-07T04:44:33.241+0530] {logging_mixin.py:151} INFO - [2023-10-07T04:44:33.240+0530] {dag.py:2915} INFO - Sync 1 DAGs
[2023-10-07T04:44:33.252+0530] {logging_mixin.py:151} INFO - [2023-10-07T04:44:33.252+0530] {dag.py:3696} INFO - Setting next_dagrun for example_sensor_decorator to None, run_after=None
[2023-10-07T04:44:33.274+0530] {processor.py:179} INFO - Processing /home/raj/Downloads/kafka_2.13-3.5.1/airflow-env/lib64/python3.11/site-packages/airflow/example_dags/example_sensor_decorator.py took 0.075 seconds
[2023-10-07T04:45:29.014+0530] {processor.py:157} INFO - Started process (PID=10669) to work on /home/raj/Downloads/kafka_2.13-3.5.1/airflow-env/lib64/python3.11/site-packages/airflow/example_dags/example_sensor_decorator.py
[2023-10-07T04:45:29.025+0530] {processor.py:829} INFO - Processing file /home/raj/Downloads/kafka_2.13-3.5.1/airflow-env/lib64/python3.11/site-packages/airflow/example_dags/example_sensor_decorator.py for tasks to queue
[2023-10-07T04:45:29.027+0530] {logging_mixin.py:151} INFO - [2023-10-07T04:45:29.026+0530] {dagbag.py:539} INFO - Filling up the DagBag from /home/raj/Downloads/kafka_2.13-3.5.1/airflow-env/lib64/python3.11/site-packages/airflow/example_dags/example_sensor_decorator.py
[2023-10-07T04:45:29.037+0530] {processor.py:839} INFO - DAG(s) dict_keys(['example_sensor_decorator']) retrieved from /home/raj/Downloads/kafka_2.13-3.5.1/airflow-env/lib64/python3.11/site-packages/airflow/example_dags/example_sensor_decorator.py
[2023-10-07T04:45:29.068+0530] {logging_mixin.py:151} INFO - [2023-10-07T04:45:29.068+0530] {dag.py:2915} INFO - Sync 1 DAGs
[2023-10-07T04:45:29.078+0530] {logging_mixin.py:151} INFO - [2023-10-07T04:45:29.078+0530] {dag.py:3696} INFO - Setting next_dagrun for example_sensor_decorator to None, run_after=None
[2023-10-07T04:45:29.095+0530] {processor.py:179} INFO - Processing /home/raj/Downloads/kafka_2.13-3.5.1/airflow-env/lib64/python3.11/site-packages/airflow/example_dags/example_sensor_decorator.py took 0.086 seconds
[2023-10-07T04:46:18.908+0530] {processor.py:157} INFO - Started process (PID=10861) to work on /home/raj/Downloads/kafka_2.13-3.5.1/airflow-env/lib64/python3.11/site-packages/airflow/example_dags/example_sensor_decorator.py
[2023-10-07T04:46:18.920+0530] {processor.py:829} INFO - Processing file /home/raj/Downloads/kafka_2.13-3.5.1/airflow-env/lib64/python3.11/site-packages/airflow/example_dags/example_sensor_decorator.py for tasks to queue
[2023-10-07T04:46:18.921+0530] {logging_mixin.py:151} INFO - [2023-10-07T04:46:18.921+0530] {dagbag.py:539} INFO - Filling up the DagBag from /home/raj/Downloads/kafka_2.13-3.5.1/airflow-env/lib64/python3.11/site-packages/airflow/example_dags/example_sensor_decorator.py
[2023-10-07T04:46:18.932+0530] {processor.py:839} INFO - DAG(s) dict_keys(['example_sensor_decorator']) retrieved from /home/raj/Downloads/kafka_2.13-3.5.1/airflow-env/lib64/python3.11/site-packages/airflow/example_dags/example_sensor_decorator.py
[2023-10-07T04:46:18.963+0530] {logging_mixin.py:151} INFO - [2023-10-07T04:46:18.962+0530] {dag.py:2915} INFO - Sync 1 DAGs
[2023-10-07T04:46:18.974+0530] {logging_mixin.py:151} INFO - [2023-10-07T04:46:18.974+0530] {dag.py:3696} INFO - Setting next_dagrun for example_sensor_decorator to None, run_after=None
[2023-10-07T04:46:18.991+0530] {processor.py:179} INFO - Processing /home/raj/Downloads/kafka_2.13-3.5.1/airflow-env/lib64/python3.11/site-packages/airflow/example_dags/example_sensor_decorator.py took 0.088 seconds
[2023-10-07T04:47:13.945+0530] {processor.py:157} INFO - Started process (PID=10964) to work on /home/raj/Downloads/kafka_2.13-3.5.1/airflow-env/lib64/python3.11/site-packages/airflow/example_dags/example_sensor_decorator.py
[2023-10-07T04:47:13.955+0530] {processor.py:829} INFO - Processing file /home/raj/Downloads/kafka_2.13-3.5.1/airflow-env/lib64/python3.11/site-packages/airflow/example_dags/example_sensor_decorator.py for tasks to queue
[2023-10-07T04:47:13.956+0530] {logging_mixin.py:151} INFO - [2023-10-07T04:47:13.956+0530] {dagbag.py:539} INFO - Filling up the DagBag from /home/raj/Downloads/kafka_2.13-3.5.1/airflow-env/lib64/python3.11/site-packages/airflow/example_dags/example_sensor_decorator.py
[2023-10-07T04:47:13.963+0530] {processor.py:839} INFO - DAG(s) dict_keys(['example_sensor_decorator']) retrieved from /home/raj/Downloads/kafka_2.13-3.5.1/airflow-env/lib64/python3.11/site-packages/airflow/example_dags/example_sensor_decorator.py
[2023-10-07T04:47:13.980+0530] {logging_mixin.py:151} INFO - [2023-10-07T04:47:13.980+0530] {dag.py:2915} INFO - Sync 1 DAGs
[2023-10-07T04:47:13.993+0530] {logging_mixin.py:151} INFO - [2023-10-07T04:47:13.993+0530] {dag.py:3696} INFO - Setting next_dagrun for example_sensor_decorator to None, run_after=None
[2023-10-07T04:47:14.017+0530] {processor.py:179} INFO - Processing /home/raj/Downloads/kafka_2.13-3.5.1/airflow-env/lib64/python3.11/site-packages/airflow/example_dags/example_sensor_decorator.py took 0.076 seconds
[2023-10-07T04:48:01.847+0530] {processor.py:157} INFO - Started process (PID=11051) to work on /home/raj/Downloads/kafka_2.13-3.5.1/airflow-env/lib64/python3.11/site-packages/airflow/example_dags/example_sensor_decorator.py
[2023-10-07T04:48:01.858+0530] {processor.py:829} INFO - Processing file /home/raj/Downloads/kafka_2.13-3.5.1/airflow-env/lib64/python3.11/site-packages/airflow/example_dags/example_sensor_decorator.py for tasks to queue
[2023-10-07T04:48:01.860+0530] {logging_mixin.py:151} INFO - [2023-10-07T04:48:01.859+0530] {dagbag.py:539} INFO - Filling up the DagBag from /home/raj/Downloads/kafka_2.13-3.5.1/airflow-env/lib64/python3.11/site-packages/airflow/example_dags/example_sensor_decorator.py
[2023-10-07T04:48:01.870+0530] {processor.py:839} INFO - DAG(s) dict_keys(['example_sensor_decorator']) retrieved from /home/raj/Downloads/kafka_2.13-3.5.1/airflow-env/lib64/python3.11/site-packages/airflow/example_dags/example_sensor_decorator.py
[2023-10-07T04:48:01.901+0530] {logging_mixin.py:151} INFO - [2023-10-07T04:48:01.901+0530] {dag.py:2915} INFO - Sync 1 DAGs
[2023-10-07T04:48:01.912+0530] {logging_mixin.py:151} INFO - [2023-10-07T04:48:01.911+0530] {dag.py:3696} INFO - Setting next_dagrun for example_sensor_decorator to None, run_after=None
[2023-10-07T04:48:01.928+0530] {processor.py:179} INFO - Processing /home/raj/Downloads/kafka_2.13-3.5.1/airflow-env/lib64/python3.11/site-packages/airflow/example_dags/example_sensor_decorator.py took 0.087 seconds
[2023-10-07T04:48:55.976+0530] {processor.py:157} INFO - Started process (PID=11169) to work on /home/raj/Downloads/kafka_2.13-3.5.1/airflow-env/lib64/python3.11/site-packages/airflow/example_dags/example_sensor_decorator.py
[2023-10-07T04:48:55.987+0530] {processor.py:829} INFO - Processing file /home/raj/Downloads/kafka_2.13-3.5.1/airflow-env/lib64/python3.11/site-packages/airflow/example_dags/example_sensor_decorator.py for tasks to queue
[2023-10-07T04:48:55.989+0530] {logging_mixin.py:151} INFO - [2023-10-07T04:48:55.988+0530] {dagbag.py:539} INFO - Filling up the DagBag from /home/raj/Downloads/kafka_2.13-3.5.1/airflow-env/lib64/python3.11/site-packages/airflow/example_dags/example_sensor_decorator.py
[2023-10-07T04:48:56.000+0530] {processor.py:839} INFO - DAG(s) dict_keys(['example_sensor_decorator']) retrieved from /home/raj/Downloads/kafka_2.13-3.5.1/airflow-env/lib64/python3.11/site-packages/airflow/example_dags/example_sensor_decorator.py
[2023-10-07T04:48:56.012+0530] {logging_mixin.py:151} INFO - [2023-10-07T04:48:56.012+0530] {dag.py:2915} INFO - Sync 1 DAGs
[2023-10-07T04:48:56.022+0530] {logging_mixin.py:151} INFO - [2023-10-07T04:48:56.021+0530] {dag.py:3696} INFO - Setting next_dagrun for example_sensor_decorator to None, run_after=None
[2023-10-07T04:48:56.039+0530] {processor.py:179} INFO - Processing /home/raj/Downloads/kafka_2.13-3.5.1/airflow-env/lib64/python3.11/site-packages/airflow/example_dags/example_sensor_decorator.py took 0.069 seconds
[2023-10-07T04:49:51.562+0530] {processor.py:157} INFO - Started process (PID=11265) to work on /home/raj/Downloads/kafka_2.13-3.5.1/airflow-env/lib64/python3.11/site-packages/airflow/example_dags/example_sensor_decorator.py
[2023-10-07T04:49:51.574+0530] {processor.py:829} INFO - Processing file /home/raj/Downloads/kafka_2.13-3.5.1/airflow-env/lib64/python3.11/site-packages/airflow/example_dags/example_sensor_decorator.py for tasks to queue
[2023-10-07T04:49:51.575+0530] {logging_mixin.py:151} INFO - [2023-10-07T04:49:51.574+0530] {dagbag.py:539} INFO - Filling up the DagBag from /home/raj/Downloads/kafka_2.13-3.5.1/airflow-env/lib64/python3.11/site-packages/airflow/example_dags/example_sensor_decorator.py
[2023-10-07T04:49:51.586+0530] {processor.py:839} INFO - DAG(s) dict_keys(['example_sensor_decorator']) retrieved from /home/raj/Downloads/kafka_2.13-3.5.1/airflow-env/lib64/python3.11/site-packages/airflow/example_dags/example_sensor_decorator.py
[2023-10-07T04:49:51.600+0530] {logging_mixin.py:151} INFO - [2023-10-07T04:49:51.600+0530] {dag.py:2915} INFO - Sync 1 DAGs
[2023-10-07T04:49:51.610+0530] {logging_mixin.py:151} INFO - [2023-10-07T04:49:51.609+0530] {dag.py:3696} INFO - Setting next_dagrun for example_sensor_decorator to None, run_after=None
[2023-10-07T04:49:51.631+0530] {processor.py:179} INFO - Processing /home/raj/Downloads/kafka_2.13-3.5.1/airflow-env/lib64/python3.11/site-packages/airflow/example_dags/example_sensor_decorator.py took 0.075 seconds
[2023-10-07T04:50:45.484+0530] {processor.py:157} INFO - Started process (PID=11361) to work on /home/raj/Downloads/kafka_2.13-3.5.1/airflow-env/lib64/python3.11/site-packages/airflow/example_dags/example_sensor_decorator.py
[2023-10-07T04:50:45.495+0530] {processor.py:829} INFO - Processing file /home/raj/Downloads/kafka_2.13-3.5.1/airflow-env/lib64/python3.11/site-packages/airflow/example_dags/example_sensor_decorator.py for tasks to queue
[2023-10-07T04:50:45.497+0530] {logging_mixin.py:151} INFO - [2023-10-07T04:50:45.496+0530] {dagbag.py:539} INFO - Filling up the DagBag from /home/raj/Downloads/kafka_2.13-3.5.1/airflow-env/lib64/python3.11/site-packages/airflow/example_dags/example_sensor_decorator.py
[2023-10-07T04:50:45.508+0530] {processor.py:839} INFO - DAG(s) dict_keys(['example_sensor_decorator']) retrieved from /home/raj/Downloads/kafka_2.13-3.5.1/airflow-env/lib64/python3.11/site-packages/airflow/example_dags/example_sensor_decorator.py
[2023-10-07T04:50:45.523+0530] {logging_mixin.py:151} INFO - [2023-10-07T04:50:45.522+0530] {dag.py:2915} INFO - Sync 1 DAGs
[2023-10-07T04:50:45.532+0530] {logging_mixin.py:151} INFO - [2023-10-07T04:50:45.532+0530] {dag.py:3696} INFO - Setting next_dagrun for example_sensor_decorator to None, run_after=None
[2023-10-07T04:50:45.548+0530] {processor.py:179} INFO - Processing /home/raj/Downloads/kafka_2.13-3.5.1/airflow-env/lib64/python3.11/site-packages/airflow/example_dags/example_sensor_decorator.py took 0.069 seconds
[2023-10-07T04:51:34.767+0530] {processor.py:157} INFO - Started process (PID=11455) to work on /home/raj/Downloads/kafka_2.13-3.5.1/airflow-env/lib64/python3.11/site-packages/airflow/example_dags/example_sensor_decorator.py
[2023-10-07T04:51:34.779+0530] {processor.py:829} INFO - Processing file /home/raj/Downloads/kafka_2.13-3.5.1/airflow-env/lib64/python3.11/site-packages/airflow/example_dags/example_sensor_decorator.py for tasks to queue
[2023-10-07T04:51:34.781+0530] {logging_mixin.py:151} INFO - [2023-10-07T04:51:34.780+0530] {dagbag.py:539} INFO - Filling up the DagBag from /home/raj/Downloads/kafka_2.13-3.5.1/airflow-env/lib64/python3.11/site-packages/airflow/example_dags/example_sensor_decorator.py
[2023-10-07T04:51:34.791+0530] {processor.py:839} INFO - DAG(s) dict_keys(['example_sensor_decorator']) retrieved from /home/raj/Downloads/kafka_2.13-3.5.1/airflow-env/lib64/python3.11/site-packages/airflow/example_dags/example_sensor_decorator.py
[2023-10-07T04:51:34.825+0530] {logging_mixin.py:151} INFO - [2023-10-07T04:51:34.824+0530] {dag.py:2915} INFO - Sync 1 DAGs
[2023-10-07T04:51:34.836+0530] {logging_mixin.py:151} INFO - [2023-10-07T04:51:34.836+0530] {dag.py:3696} INFO - Setting next_dagrun for example_sensor_decorator to None, run_after=None
[2023-10-07T04:51:34.857+0530] {processor.py:179} INFO - Processing /home/raj/Downloads/kafka_2.13-3.5.1/airflow-env/lib64/python3.11/site-packages/airflow/example_dags/example_sensor_decorator.py took 0.094 seconds
[2023-10-07T04:52:30.351+0530] {processor.py:157} INFO - Started process (PID=11736) to work on /home/raj/Downloads/kafka_2.13-3.5.1/airflow-env/lib64/python3.11/site-packages/airflow/example_dags/example_sensor_decorator.py
[2023-10-07T04:52:30.362+0530] {processor.py:829} INFO - Processing file /home/raj/Downloads/kafka_2.13-3.5.1/airflow-env/lib64/python3.11/site-packages/airflow/example_dags/example_sensor_decorator.py for tasks to queue
[2023-10-07T04:52:30.364+0530] {logging_mixin.py:151} INFO - [2023-10-07T04:52:30.363+0530] {dagbag.py:539} INFO - Filling up the DagBag from /home/raj/Downloads/kafka_2.13-3.5.1/airflow-env/lib64/python3.11/site-packages/airflow/example_dags/example_sensor_decorator.py
[2023-10-07T04:52:30.375+0530] {processor.py:839} INFO - DAG(s) dict_keys(['example_sensor_decorator']) retrieved from /home/raj/Downloads/kafka_2.13-3.5.1/airflow-env/lib64/python3.11/site-packages/airflow/example_dags/example_sensor_decorator.py
[2023-10-07T04:52:30.405+0530] {logging_mixin.py:151} INFO - [2023-10-07T04:52:30.405+0530] {dag.py:2915} INFO - Sync 1 DAGs
[2023-10-07T04:52:30.415+0530] {logging_mixin.py:151} INFO - [2023-10-07T04:52:30.415+0530] {dag.py:3696} INFO - Setting next_dagrun for example_sensor_decorator to None, run_after=None
[2023-10-07T04:52:30.432+0530] {processor.py:179} INFO - Processing /home/raj/Downloads/kafka_2.13-3.5.1/airflow-env/lib64/python3.11/site-packages/airflow/example_dags/example_sensor_decorator.py took 0.086 seconds
[2023-10-07T04:53:20.882+0530] {processor.py:157} INFO - Started process (PID=11891) to work on /home/raj/Downloads/kafka_2.13-3.5.1/airflow-env/lib64/python3.11/site-packages/airflow/example_dags/example_sensor_decorator.py
[2023-10-07T04:53:20.893+0530] {processor.py:829} INFO - Processing file /home/raj/Downloads/kafka_2.13-3.5.1/airflow-env/lib64/python3.11/site-packages/airflow/example_dags/example_sensor_decorator.py for tasks to queue
[2023-10-07T04:53:20.894+0530] {logging_mixin.py:151} INFO - [2023-10-07T04:53:20.894+0530] {dagbag.py:539} INFO - Filling up the DagBag from /home/raj/Downloads/kafka_2.13-3.5.1/airflow-env/lib64/python3.11/site-packages/airflow/example_dags/example_sensor_decorator.py
[2023-10-07T04:53:20.906+0530] {processor.py:839} INFO - DAG(s) dict_keys(['example_sensor_decorator']) retrieved from /home/raj/Downloads/kafka_2.13-3.5.1/airflow-env/lib64/python3.11/site-packages/airflow/example_dags/example_sensor_decorator.py
[2023-10-07T04:53:20.937+0530] {logging_mixin.py:151} INFO - [2023-10-07T04:53:20.937+0530] {dag.py:2915} INFO - Sync 1 DAGs
[2023-10-07T04:53:20.949+0530] {logging_mixin.py:151} INFO - [2023-10-07T04:53:20.949+0530] {dag.py:3696} INFO - Setting next_dagrun for example_sensor_decorator to None, run_after=None
[2023-10-07T04:53:20.969+0530] {processor.py:179} INFO - Processing /home/raj/Downloads/kafka_2.13-3.5.1/airflow-env/lib64/python3.11/site-packages/airflow/example_dags/example_sensor_decorator.py took 0.092 seconds
[2023-10-07T04:54:12.554+0530] {processor.py:157} INFO - Started process (PID=11977) to work on /home/raj/Downloads/kafka_2.13-3.5.1/airflow-env/lib64/python3.11/site-packages/airflow/example_dags/example_sensor_decorator.py
[2023-10-07T04:54:12.565+0530] {processor.py:829} INFO - Processing file /home/raj/Downloads/kafka_2.13-3.5.1/airflow-env/lib64/python3.11/site-packages/airflow/example_dags/example_sensor_decorator.py for tasks to queue
[2023-10-07T04:54:12.566+0530] {logging_mixin.py:151} INFO - [2023-10-07T04:54:12.566+0530] {dagbag.py:539} INFO - Filling up the DagBag from /home/raj/Downloads/kafka_2.13-3.5.1/airflow-env/lib64/python3.11/site-packages/airflow/example_dags/example_sensor_decorator.py
[2023-10-07T04:54:12.576+0530] {processor.py:839} INFO - DAG(s) dict_keys(['example_sensor_decorator']) retrieved from /home/raj/Downloads/kafka_2.13-3.5.1/airflow-env/lib64/python3.11/site-packages/airflow/example_dags/example_sensor_decorator.py
[2023-10-07T04:54:12.596+0530] {logging_mixin.py:151} INFO - [2023-10-07T04:54:12.596+0530] {dag.py:2915} INFO - Sync 1 DAGs
[2023-10-07T04:54:12.606+0530] {logging_mixin.py:151} INFO - [2023-10-07T04:54:12.606+0530] {dag.py:3696} INFO - Setting next_dagrun for example_sensor_decorator to None, run_after=None
[2023-10-07T04:54:12.625+0530] {processor.py:179} INFO - Processing /home/raj/Downloads/kafka_2.13-3.5.1/airflow-env/lib64/python3.11/site-packages/airflow/example_dags/example_sensor_decorator.py took 0.076 seconds
[2023-10-07T04:55:07.031+0530] {processor.py:157} INFO - Started process (PID=12102) to work on /home/raj/Downloads/kafka_2.13-3.5.1/airflow-env/lib64/python3.11/site-packages/airflow/example_dags/example_sensor_decorator.py
[2023-10-07T04:55:07.032+0530] {processor.py:829} INFO - Processing file /home/raj/Downloads/kafka_2.13-3.5.1/airflow-env/lib64/python3.11/site-packages/airflow/example_dags/example_sensor_decorator.py for tasks to queue
[2023-10-07T04:55:07.032+0530] {logging_mixin.py:151} INFO - [2023-10-07T04:55:07.032+0530] {dagbag.py:539} INFO - Filling up the DagBag from /home/raj/Downloads/kafka_2.13-3.5.1/airflow-env/lib64/python3.11/site-packages/airflow/example_dags/example_sensor_decorator.py
[2023-10-07T04:55:07.038+0530] {processor.py:839} INFO - DAG(s) dict_keys(['example_sensor_decorator']) retrieved from /home/raj/Downloads/kafka_2.13-3.5.1/airflow-env/lib64/python3.11/site-packages/airflow/example_dags/example_sensor_decorator.py
[2023-10-07T04:55:07.045+0530] {logging_mixin.py:151} INFO - [2023-10-07T04:55:07.045+0530] {dag.py:2915} INFO - Sync 1 DAGs
[2023-10-07T04:55:07.058+0530] {logging_mixin.py:151} INFO - [2023-10-07T04:55:07.058+0530] {dag.py:3696} INFO - Setting next_dagrun for example_sensor_decorator to None, run_after=None
[2023-10-07T04:55:07.081+0530] {processor.py:179} INFO - Processing /home/raj/Downloads/kafka_2.13-3.5.1/airflow-env/lib64/python3.11/site-packages/airflow/example_dags/example_sensor_decorator.py took 0.053 seconds
[2023-10-07T04:55:53.561+0530] {processor.py:157} INFO - Started process (PID=12218) to work on /home/raj/Downloads/kafka_2.13-3.5.1/airflow-env/lib64/python3.11/site-packages/airflow/example_dags/example_sensor_decorator.py
[2023-10-07T04:55:53.572+0530] {processor.py:829} INFO - Processing file /home/raj/Downloads/kafka_2.13-3.5.1/airflow-env/lib64/python3.11/site-packages/airflow/example_dags/example_sensor_decorator.py for tasks to queue
[2023-10-07T04:55:53.573+0530] {logging_mixin.py:151} INFO - [2023-10-07T04:55:53.573+0530] {dagbag.py:539} INFO - Filling up the DagBag from /home/raj/Downloads/kafka_2.13-3.5.1/airflow-env/lib64/python3.11/site-packages/airflow/example_dags/example_sensor_decorator.py
[2023-10-07T04:55:53.585+0530] {processor.py:839} INFO - DAG(s) dict_keys(['example_sensor_decorator']) retrieved from /home/raj/Downloads/kafka_2.13-3.5.1/airflow-env/lib64/python3.11/site-packages/airflow/example_dags/example_sensor_decorator.py
[2023-10-07T04:55:53.612+0530] {logging_mixin.py:151} INFO - [2023-10-07T04:55:53.612+0530] {dag.py:2915} INFO - Sync 1 DAGs
[2023-10-07T04:55:53.625+0530] {logging_mixin.py:151} INFO - [2023-10-07T04:55:53.625+0530] {dag.py:3696} INFO - Setting next_dagrun for example_sensor_decorator to None, run_after=None
[2023-10-07T04:55:53.651+0530] {processor.py:179} INFO - Processing /home/raj/Downloads/kafka_2.13-3.5.1/airflow-env/lib64/python3.11/site-packages/airflow/example_dags/example_sensor_decorator.py took 0.093 seconds
[2023-10-07T04:56:38.386+0530] {processor.py:157} INFO - Started process (PID=12284) to work on /home/raj/Downloads/kafka_2.13-3.5.1/airflow-env/lib64/python3.11/site-packages/airflow/example_dags/example_sensor_decorator.py
[2023-10-07T04:56:38.397+0530] {processor.py:829} INFO - Processing file /home/raj/Downloads/kafka_2.13-3.5.1/airflow-env/lib64/python3.11/site-packages/airflow/example_dags/example_sensor_decorator.py for tasks to queue
[2023-10-07T04:56:38.399+0530] {logging_mixin.py:151} INFO - [2023-10-07T04:56:38.398+0530] {dagbag.py:539} INFO - Filling up the DagBag from /home/raj/Downloads/kafka_2.13-3.5.1/airflow-env/lib64/python3.11/site-packages/airflow/example_dags/example_sensor_decorator.py
[2023-10-07T04:56:38.407+0530] {processor.py:839} INFO - DAG(s) dict_keys(['example_sensor_decorator']) retrieved from /home/raj/Downloads/kafka_2.13-3.5.1/airflow-env/lib64/python3.11/site-packages/airflow/example_dags/example_sensor_decorator.py
[2023-10-07T04:56:38.428+0530] {logging_mixin.py:151} INFO - [2023-10-07T04:56:38.427+0530] {dag.py:2915} INFO - Sync 1 DAGs
[2023-10-07T04:56:38.442+0530] {logging_mixin.py:151} INFO - [2023-10-07T04:56:38.441+0530] {dag.py:3696} INFO - Setting next_dagrun for example_sensor_decorator to None, run_after=None
[2023-10-07T04:56:38.466+0530] {processor.py:179} INFO - Processing /home/raj/Downloads/kafka_2.13-3.5.1/airflow-env/lib64/python3.11/site-packages/airflow/example_dags/example_sensor_decorator.py took 0.083 seconds
[2023-10-07T04:57:28.530+0530] {processor.py:157} INFO - Started process (PID=12433) to work on /home/raj/Downloads/kafka_2.13-3.5.1/airflow-env/lib64/python3.11/site-packages/airflow/example_dags/example_sensor_decorator.py
[2023-10-07T04:57:28.541+0530] {processor.py:829} INFO - Processing file /home/raj/Downloads/kafka_2.13-3.5.1/airflow-env/lib64/python3.11/site-packages/airflow/example_dags/example_sensor_decorator.py for tasks to queue
[2023-10-07T04:57:28.543+0530] {logging_mixin.py:151} INFO - [2023-10-07T04:57:28.542+0530] {dagbag.py:539} INFO - Filling up the DagBag from /home/raj/Downloads/kafka_2.13-3.5.1/airflow-env/lib64/python3.11/site-packages/airflow/example_dags/example_sensor_decorator.py
[2023-10-07T04:57:28.554+0530] {processor.py:839} INFO - DAG(s) dict_keys(['example_sensor_decorator']) retrieved from /home/raj/Downloads/kafka_2.13-3.5.1/airflow-env/lib64/python3.11/site-packages/airflow/example_dags/example_sensor_decorator.py
[2023-10-07T04:57:28.584+0530] {logging_mixin.py:151} INFO - [2023-10-07T04:57:28.584+0530] {dag.py:2915} INFO - Sync 1 DAGs
[2023-10-07T04:57:28.597+0530] {logging_mixin.py:151} INFO - [2023-10-07T04:57:28.597+0530] {dag.py:3696} INFO - Setting next_dagrun for example_sensor_decorator to None, run_after=None
[2023-10-07T04:57:28.618+0530] {processor.py:179} INFO - Processing /home/raj/Downloads/kafka_2.13-3.5.1/airflow-env/lib64/python3.11/site-packages/airflow/example_dags/example_sensor_decorator.py took 0.094 seconds
[2023-10-07T04:58:19.560+0530] {processor.py:157} INFO - Started process (PID=12520) to work on /home/raj/Downloads/kafka_2.13-3.5.1/airflow-env/lib64/python3.11/site-packages/airflow/example_dags/example_sensor_decorator.py
[2023-10-07T04:58:19.570+0530] {processor.py:829} INFO - Processing file /home/raj/Downloads/kafka_2.13-3.5.1/airflow-env/lib64/python3.11/site-packages/airflow/example_dags/example_sensor_decorator.py for tasks to queue
[2023-10-07T04:58:19.571+0530] {logging_mixin.py:151} INFO - [2023-10-07T04:58:19.571+0530] {dagbag.py:539} INFO - Filling up the DagBag from /home/raj/Downloads/kafka_2.13-3.5.1/airflow-env/lib64/python3.11/site-packages/airflow/example_dags/example_sensor_decorator.py
[2023-10-07T04:58:19.577+0530] {processor.py:839} INFO - DAG(s) dict_keys(['example_sensor_decorator']) retrieved from /home/raj/Downloads/kafka_2.13-3.5.1/airflow-env/lib64/python3.11/site-packages/airflow/example_dags/example_sensor_decorator.py
[2023-10-07T04:58:19.596+0530] {logging_mixin.py:151} INFO - [2023-10-07T04:58:19.595+0530] {dag.py:2915} INFO - Sync 1 DAGs
[2023-10-07T04:58:19.609+0530] {logging_mixin.py:151} INFO - [2023-10-07T04:58:19.608+0530] {dag.py:3696} INFO - Setting next_dagrun for example_sensor_decorator to None, run_after=None
[2023-10-07T04:58:19.630+0530] {processor.py:179} INFO - Processing /home/raj/Downloads/kafka_2.13-3.5.1/airflow-env/lib64/python3.11/site-packages/airflow/example_dags/example_sensor_decorator.py took 0.074 seconds
[2023-10-07T04:59:09.301+0530] {processor.py:157} INFO - Started process (PID=12661) to work on /home/raj/Downloads/kafka_2.13-3.5.1/airflow-env/lib64/python3.11/site-packages/airflow/example_dags/example_sensor_decorator.py
[2023-10-07T04:59:09.311+0530] {processor.py:829} INFO - Processing file /home/raj/Downloads/kafka_2.13-3.5.1/airflow-env/lib64/python3.11/site-packages/airflow/example_dags/example_sensor_decorator.py for tasks to queue
[2023-10-07T04:59:09.312+0530] {logging_mixin.py:151} INFO - [2023-10-07T04:59:09.312+0530] {dagbag.py:539} INFO - Filling up the DagBag from /home/raj/Downloads/kafka_2.13-3.5.1/airflow-env/lib64/python3.11/site-packages/airflow/example_dags/example_sensor_decorator.py
[2023-10-07T04:59:09.317+0530] {processor.py:839} INFO - DAG(s) dict_keys(['example_sensor_decorator']) retrieved from /home/raj/Downloads/kafka_2.13-3.5.1/airflow-env/lib64/python3.11/site-packages/airflow/example_dags/example_sensor_decorator.py
[2023-10-07T04:59:09.333+0530] {logging_mixin.py:151} INFO - [2023-10-07T04:59:09.333+0530] {dag.py:2915} INFO - Sync 1 DAGs
[2023-10-07T04:59:09.345+0530] {logging_mixin.py:151} INFO - [2023-10-07T04:59:09.345+0530] {dag.py:3696} INFO - Setting next_dagrun for example_sensor_decorator to None, run_after=None
[2023-10-07T04:59:09.366+0530] {processor.py:179} INFO - Processing /home/raj/Downloads/kafka_2.13-3.5.1/airflow-env/lib64/python3.11/site-packages/airflow/example_dags/example_sensor_decorator.py took 0.068 seconds
