[2023-10-07T03:59:50.312+0530] {processor.py:157} INFO - Started process (PID=18038) to work on /home/raj/Downloads/kafka_2.13-3.5.1/airflow-env/lib64/python3.11/site-packages/airflow/example_dags/example_sla_dag.py
[2023-10-07T03:59:50.313+0530] {processor.py:829} INFO - Processing file /home/raj/Downloads/kafka_2.13-3.5.1/airflow-env/lib64/python3.11/site-packages/airflow/example_dags/example_sla_dag.py for tasks to queue
[2023-10-07T03:59:50.314+0530] {logging_mixin.py:151} INFO - [2023-10-07T03:59:50.314+0530] {dagbag.py:539} INFO - Filling up the DagBag from /home/raj/Downloads/kafka_2.13-3.5.1/airflow-env/lib64/python3.11/site-packages/airflow/example_dags/example_sla_dag.py
[2023-10-07T03:59:50.323+0530] {processor.py:839} INFO - DAG(s) dict_keys(['example_sla_dag']) retrieved from /home/raj/Downloads/kafka_2.13-3.5.1/airflow-env/lib64/python3.11/site-packages/airflow/example_dags/example_sla_dag.py
[2023-10-07T03:59:50.446+0530] {logging_mixin.py:151} INFO - [2023-10-07T03:59:50.446+0530] {manager.py:499} INFO - Created Permission View: %s
[2023-10-07T03:59:50.460+0530] {logging_mixin.py:151} INFO - [2023-10-07T03:59:50.460+0530] {manager.py:499} INFO - Created Permission View: %s
[2023-10-07T03:59:50.470+0530] {logging_mixin.py:151} INFO - [2023-10-07T03:59:50.470+0530] {manager.py:499} INFO - Created Permission View: %s
[2023-10-07T03:59:50.470+0530] {logging_mixin.py:151} INFO - [2023-10-07T03:59:50.470+0530] {security.py:708} INFO - Not syncing DAG-level permissions for DAG 'DAG:example_sla_dag' as access control is unset.
[2023-10-07T03:59:50.471+0530] {logging_mixin.py:151} INFO - [2023-10-07T03:59:50.471+0530] {dag.py:2915} INFO - Sync 1 DAGs
[2023-10-07T03:59:50.482+0530] {logging_mixin.py:151} INFO - [2023-10-07T03:59:50.482+0530] {dag.py:2937} INFO - Creating ORM DAG for example_sla_dag
[2023-10-07T03:59:50.496+0530] {logging_mixin.py:151} INFO - [2023-10-07T03:59:50.496+0530] {dag.py:3696} INFO - Setting next_dagrun for example_sla_dag to 2023-10-06T22:26:00+00:00, run_after=2023-10-06T22:28:00+00:00
[2023-10-07T03:59:50.517+0530] {processor.py:179} INFO - Processing /home/raj/Downloads/kafka_2.13-3.5.1/airflow-env/lib64/python3.11/site-packages/airflow/example_dags/example_sla_dag.py took 0.211 seconds
[2023-10-07T04:00:41.572+0530] {processor.py:157} INFO - Started process (PID=18150) to work on /home/raj/Downloads/kafka_2.13-3.5.1/airflow-env/lib64/python3.11/site-packages/airflow/example_dags/example_sla_dag.py
[2023-10-07T04:00:41.572+0530] {processor.py:829} INFO - Processing file /home/raj/Downloads/kafka_2.13-3.5.1/airflow-env/lib64/python3.11/site-packages/airflow/example_dags/example_sla_dag.py for tasks to queue
[2023-10-07T04:00:41.573+0530] {logging_mixin.py:151} INFO - [2023-10-07T04:00:41.573+0530] {dagbag.py:539} INFO - Filling up the DagBag from /home/raj/Downloads/kafka_2.13-3.5.1/airflow-env/lib64/python3.11/site-packages/airflow/example_dags/example_sla_dag.py
[2023-10-07T04:00:41.582+0530] {processor.py:839} INFO - DAG(s) dict_keys(['example_sla_dag']) retrieved from /home/raj/Downloads/kafka_2.13-3.5.1/airflow-env/lib64/python3.11/site-packages/airflow/example_dags/example_sla_dag.py
[2023-10-07T04:00:41.599+0530] {logging_mixin.py:151} INFO - [2023-10-07T04:00:41.599+0530] {dag.py:2915} INFO - Sync 1 DAGs
[2023-10-07T04:00:41.623+0530] {logging_mixin.py:151} INFO - [2023-10-07T04:00:41.623+0530] {dag.py:3696} INFO - Setting next_dagrun for example_sla_dag to 2023-10-06T22:28:00+00:00, run_after=2023-10-06T22:30:00+00:00
[2023-10-07T04:00:41.655+0530] {processor.py:179} INFO - Processing /home/raj/Downloads/kafka_2.13-3.5.1/airflow-env/lib64/python3.11/site-packages/airflow/example_dags/example_sla_dag.py took 0.086 seconds
[2023-10-07T04:01:28.109+0530] {processor.py:157} INFO - Started process (PID=18291) to work on /home/raj/Downloads/kafka_2.13-3.5.1/airflow-env/lib64/python3.11/site-packages/airflow/example_dags/example_sla_dag.py
[2023-10-07T04:01:28.111+0530] {processor.py:829} INFO - Processing file /home/raj/Downloads/kafka_2.13-3.5.1/airflow-env/lib64/python3.11/site-packages/airflow/example_dags/example_sla_dag.py for tasks to queue
[2023-10-07T04:01:28.112+0530] {logging_mixin.py:151} INFO - [2023-10-07T04:01:28.111+0530] {dagbag.py:539} INFO - Filling up the DagBag from /home/raj/Downloads/kafka_2.13-3.5.1/airflow-env/lib64/python3.11/site-packages/airflow/example_dags/example_sla_dag.py
[2023-10-07T04:01:28.121+0530] {processor.py:839} INFO - DAG(s) dict_keys(['example_sla_dag']) retrieved from /home/raj/Downloads/kafka_2.13-3.5.1/airflow-env/lib64/python3.11/site-packages/airflow/example_dags/example_sla_dag.py
[2023-10-07T04:01:28.136+0530] {logging_mixin.py:151} INFO - [2023-10-07T04:01:28.136+0530] {dag.py:2915} INFO - Sync 1 DAGs
[2023-10-07T04:01:28.159+0530] {logging_mixin.py:151} INFO - [2023-10-07T04:01:28.159+0530] {dag.py:3696} INFO - Setting next_dagrun for example_sla_dag to 2023-10-06T22:28:00+00:00, run_after=2023-10-06T22:30:00+00:00
[2023-10-07T04:01:28.190+0530] {processor.py:179} INFO - Processing /home/raj/Downloads/kafka_2.13-3.5.1/airflow-env/lib64/python3.11/site-packages/airflow/example_dags/example_sla_dag.py took 0.087 seconds
[2023-10-07T04:02:17.761+0530] {processor.py:157} INFO - Started process (PID=18404) to work on /home/raj/Downloads/kafka_2.13-3.5.1/airflow-env/lib64/python3.11/site-packages/airflow/example_dags/example_sla_dag.py
[2023-10-07T04:02:17.772+0530] {processor.py:829} INFO - Processing file /home/raj/Downloads/kafka_2.13-3.5.1/airflow-env/lib64/python3.11/site-packages/airflow/example_dags/example_sla_dag.py for tasks to queue
[2023-10-07T04:02:17.774+0530] {logging_mixin.py:151} INFO - [2023-10-07T04:02:17.773+0530] {dagbag.py:539} INFO - Filling up the DagBag from /home/raj/Downloads/kafka_2.13-3.5.1/airflow-env/lib64/python3.11/site-packages/airflow/example_dags/example_sla_dag.py
[2023-10-07T04:02:17.789+0530] {processor.py:839} INFO - DAG(s) dict_keys(['example_sla_dag']) retrieved from /home/raj/Downloads/kafka_2.13-3.5.1/airflow-env/lib64/python3.11/site-packages/airflow/example_dags/example_sla_dag.py
[2023-10-07T04:02:17.803+0530] {logging_mixin.py:151} INFO - [2023-10-07T04:02:17.803+0530] {dag.py:2915} INFO - Sync 1 DAGs
[2023-10-07T04:02:17.825+0530] {logging_mixin.py:151} INFO - [2023-10-07T04:02:17.825+0530] {dag.py:3696} INFO - Setting next_dagrun for example_sla_dag to 2023-10-06T22:30:00+00:00, run_after=2023-10-06T22:32:00+00:00
[2023-10-07T04:02:17.851+0530] {processor.py:179} INFO - Processing /home/raj/Downloads/kafka_2.13-3.5.1/airflow-env/lib64/python3.11/site-packages/airflow/example_dags/example_sla_dag.py took 0.097 seconds
[2023-10-07T04:03:11.682+0530] {processor.py:157} INFO - Started process (PID=18630) to work on /home/raj/Downloads/kafka_2.13-3.5.1/airflow-env/lib64/python3.11/site-packages/airflow/example_dags/example_sla_dag.py
[2023-10-07T04:03:11.693+0530] {processor.py:829} INFO - Processing file /home/raj/Downloads/kafka_2.13-3.5.1/airflow-env/lib64/python3.11/site-packages/airflow/example_dags/example_sla_dag.py for tasks to queue
[2023-10-07T04:03:11.695+0530] {logging_mixin.py:151} INFO - [2023-10-07T04:03:11.695+0530] {dagbag.py:539} INFO - Filling up the DagBag from /home/raj/Downloads/kafka_2.13-3.5.1/airflow-env/lib64/python3.11/site-packages/airflow/example_dags/example_sla_dag.py
[2023-10-07T04:03:11.714+0530] {processor.py:839} INFO - DAG(s) dict_keys(['example_sla_dag']) retrieved from /home/raj/Downloads/kafka_2.13-3.5.1/airflow-env/lib64/python3.11/site-packages/airflow/example_dags/example_sla_dag.py
[2023-10-07T04:03:11.743+0530] {logging_mixin.py:151} INFO - [2023-10-07T04:03:11.742+0530] {dag.py:2915} INFO - Sync 1 DAGs
[2023-10-07T04:03:11.765+0530] {logging_mixin.py:151} INFO - [2023-10-07T04:03:11.765+0530] {dag.py:3696} INFO - Setting next_dagrun for example_sla_dag to 2023-10-06T22:30:00+00:00, run_after=2023-10-06T22:32:00+00:00
[2023-10-07T04:03:11.794+0530] {processor.py:179} INFO - Processing /home/raj/Downloads/kafka_2.13-3.5.1/airflow-env/lib64/python3.11/site-packages/airflow/example_dags/example_sla_dag.py took 0.117 seconds
[2023-10-07T04:03:57.324+0530] {processor.py:157} INFO - Started process (PID=18694) to work on /home/raj/Downloads/kafka_2.13-3.5.1/airflow-env/lib64/python3.11/site-packages/airflow/example_dags/example_sla_dag.py
[2023-10-07T04:03:57.335+0530] {processor.py:829} INFO - Processing file /home/raj/Downloads/kafka_2.13-3.5.1/airflow-env/lib64/python3.11/site-packages/airflow/example_dags/example_sla_dag.py for tasks to queue
[2023-10-07T04:03:57.337+0530] {logging_mixin.py:151} INFO - [2023-10-07T04:03:57.336+0530] {dagbag.py:539} INFO - Filling up the DagBag from /home/raj/Downloads/kafka_2.13-3.5.1/airflow-env/lib64/python3.11/site-packages/airflow/example_dags/example_sla_dag.py
[2023-10-07T04:03:57.356+0530] {processor.py:839} INFO - DAG(s) dict_keys(['example_sla_dag']) retrieved from /home/raj/Downloads/kafka_2.13-3.5.1/airflow-env/lib64/python3.11/site-packages/airflow/example_dags/example_sla_dag.py
[2023-10-07T04:03:57.385+0530] {logging_mixin.py:151} INFO - [2023-10-07T04:03:57.385+0530] {dag.py:2915} INFO - Sync 1 DAGs
[2023-10-07T04:03:57.409+0530] {logging_mixin.py:151} INFO - [2023-10-07T04:03:57.409+0530] {dag.py:3696} INFO - Setting next_dagrun for example_sla_dag to 2023-10-06T22:30:00+00:00, run_after=2023-10-06T22:32:00+00:00
[2023-10-07T04:03:57.431+0530] {processor.py:179} INFO - Processing /home/raj/Downloads/kafka_2.13-3.5.1/airflow-env/lib64/python3.11/site-packages/airflow/example_dags/example_sla_dag.py took 0.113 seconds
[2023-10-07T04:04:45.977+0530] {processor.py:157} INFO - Started process (PID=18832) to work on /home/raj/Downloads/kafka_2.13-3.5.1/airflow-env/lib64/python3.11/site-packages/airflow/example_dags/example_sla_dag.py
[2023-10-07T04:04:45.987+0530] {processor.py:829} INFO - Processing file /home/raj/Downloads/kafka_2.13-3.5.1/airflow-env/lib64/python3.11/site-packages/airflow/example_dags/example_sla_dag.py for tasks to queue
[2023-10-07T04:04:45.988+0530] {logging_mixin.py:151} INFO - [2023-10-07T04:04:45.988+0530] {dagbag.py:539} INFO - Filling up the DagBag from /home/raj/Downloads/kafka_2.13-3.5.1/airflow-env/lib64/python3.11/site-packages/airflow/example_dags/example_sla_dag.py
[2023-10-07T04:04:46.003+0530] {processor.py:839} INFO - DAG(s) dict_keys(['example_sla_dag']) retrieved from /home/raj/Downloads/kafka_2.13-3.5.1/airflow-env/lib64/python3.11/site-packages/airflow/example_dags/example_sla_dag.py
[2023-10-07T04:04:46.028+0530] {logging_mixin.py:151} INFO - [2023-10-07T04:04:46.027+0530] {dag.py:2915} INFO - Sync 1 DAGs
[2023-10-07T04:04:46.050+0530] {logging_mixin.py:151} INFO - [2023-10-07T04:04:46.050+0530] {dag.py:3696} INFO - Setting next_dagrun for example_sla_dag to 2023-10-06T22:32:00+00:00, run_after=2023-10-06T22:34:00+00:00
[2023-10-07T04:04:46.067+0530] {processor.py:179} INFO - Processing /home/raj/Downloads/kafka_2.13-3.5.1/airflow-env/lib64/python3.11/site-packages/airflow/example_dags/example_sla_dag.py took 0.094 seconds
[2023-10-07T04:05:38.099+0530] {processor.py:157} INFO - Started process (PID=18984) to work on /home/raj/Downloads/kafka_2.13-3.5.1/airflow-env/lib64/python3.11/site-packages/airflow/example_dags/example_sla_dag.py
[2023-10-07T04:05:38.110+0530] {processor.py:829} INFO - Processing file /home/raj/Downloads/kafka_2.13-3.5.1/airflow-env/lib64/python3.11/site-packages/airflow/example_dags/example_sla_dag.py for tasks to queue
[2023-10-07T04:05:38.111+0530] {logging_mixin.py:151} INFO - [2023-10-07T04:05:38.111+0530] {dagbag.py:539} INFO - Filling up the DagBag from /home/raj/Downloads/kafka_2.13-3.5.1/airflow-env/lib64/python3.11/site-packages/airflow/example_dags/example_sla_dag.py
[2023-10-07T04:05:38.129+0530] {processor.py:839} INFO - DAG(s) dict_keys(['example_sla_dag']) retrieved from /home/raj/Downloads/kafka_2.13-3.5.1/airflow-env/lib64/python3.11/site-packages/airflow/example_dags/example_sla_dag.py
[2023-10-07T04:05:38.156+0530] {logging_mixin.py:151} INFO - [2023-10-07T04:05:38.156+0530] {dag.py:2915} INFO - Sync 1 DAGs
[2023-10-07T04:05:38.174+0530] {logging_mixin.py:151} INFO - [2023-10-07T04:05:38.174+0530] {dag.py:3696} INFO - Setting next_dagrun for example_sla_dag to 2023-10-06T22:32:00+00:00, run_after=2023-10-06T22:34:00+00:00
[2023-10-07T04:05:38.193+0530] {processor.py:179} INFO - Processing /home/raj/Downloads/kafka_2.13-3.5.1/airflow-env/lib64/python3.11/site-packages/airflow/example_dags/example_sla_dag.py took 0.101 seconds
[2023-10-07T04:06:31.278+0530] {processor.py:157} INFO - Started process (PID=19097) to work on /home/raj/Downloads/kafka_2.13-3.5.1/airflow-env/lib64/python3.11/site-packages/airflow/example_dags/example_sla_dag.py
[2023-10-07T04:06:31.289+0530] {processor.py:829} INFO - Processing file /home/raj/Downloads/kafka_2.13-3.5.1/airflow-env/lib64/python3.11/site-packages/airflow/example_dags/example_sla_dag.py for tasks to queue
[2023-10-07T04:06:31.290+0530] {logging_mixin.py:151} INFO - [2023-10-07T04:06:31.290+0530] {dagbag.py:539} INFO - Filling up the DagBag from /home/raj/Downloads/kafka_2.13-3.5.1/airflow-env/lib64/python3.11/site-packages/airflow/example_dags/example_sla_dag.py
[2023-10-07T04:06:31.300+0530] {processor.py:839} INFO - DAG(s) dict_keys(['example_sla_dag']) retrieved from /home/raj/Downloads/kafka_2.13-3.5.1/airflow-env/lib64/python3.11/site-packages/airflow/example_dags/example_sla_dag.py
[2023-10-07T04:06:31.315+0530] {logging_mixin.py:151} INFO - [2023-10-07T04:06:31.315+0530] {dag.py:2915} INFO - Sync 1 DAGs
[2023-10-07T04:06:31.338+0530] {logging_mixin.py:151} INFO - [2023-10-07T04:06:31.338+0530] {dag.py:3696} INFO - Setting next_dagrun for example_sla_dag to 2023-10-06T22:34:00+00:00, run_after=2023-10-06T22:36:00+00:00
[2023-10-07T04:06:31.362+0530] {processor.py:179} INFO - Processing /home/raj/Downloads/kafka_2.13-3.5.1/airflow-env/lib64/python3.11/site-packages/airflow/example_dags/example_sla_dag.py took 0.087 seconds
[2023-10-07T04:07:28.218+0530] {processor.py:157} INFO - Started process (PID=19202) to work on /home/raj/Downloads/kafka_2.13-3.5.1/airflow-env/lib64/python3.11/site-packages/airflow/example_dags/example_sla_dag.py
[2023-10-07T04:07:28.229+0530] {processor.py:829} INFO - Processing file /home/raj/Downloads/kafka_2.13-3.5.1/airflow-env/lib64/python3.11/site-packages/airflow/example_dags/example_sla_dag.py for tasks to queue
[2023-10-07T04:07:28.231+0530] {logging_mixin.py:151} INFO - [2023-10-07T04:07:28.230+0530] {dagbag.py:539} INFO - Filling up the DagBag from /home/raj/Downloads/kafka_2.13-3.5.1/airflow-env/lib64/python3.11/site-packages/airflow/example_dags/example_sla_dag.py
[2023-10-07T04:07:28.251+0530] {processor.py:839} INFO - DAG(s) dict_keys(['example_sla_dag']) retrieved from /home/raj/Downloads/kafka_2.13-3.5.1/airflow-env/lib64/python3.11/site-packages/airflow/example_dags/example_sla_dag.py
[2023-10-07T04:07:28.277+0530] {logging_mixin.py:151} INFO - [2023-10-07T04:07:28.277+0530] {dag.py:2915} INFO - Sync 1 DAGs
[2023-10-07T04:07:28.296+0530] {logging_mixin.py:151} INFO - [2023-10-07T04:07:28.296+0530] {dag.py:3696} INFO - Setting next_dagrun for example_sla_dag to 2023-10-06T22:34:00+00:00, run_after=2023-10-06T22:36:00+00:00
[2023-10-07T04:07:28.314+0530] {processor.py:179} INFO - Processing /home/raj/Downloads/kafka_2.13-3.5.1/airflow-env/lib64/python3.11/site-packages/airflow/example_dags/example_sla_dag.py took 0.101 seconds
[2023-10-07T04:08:22.414+0530] {processor.py:157} INFO - Started process (PID=19258) to work on /home/raj/Downloads/kafka_2.13-3.5.1/airflow-env/lib64/python3.11/site-packages/airflow/example_dags/example_sla_dag.py
[2023-10-07T04:08:22.425+0530] {processor.py:829} INFO - Processing file /home/raj/Downloads/kafka_2.13-3.5.1/airflow-env/lib64/python3.11/site-packages/airflow/example_dags/example_sla_dag.py for tasks to queue
[2023-10-07T04:08:22.427+0530] {logging_mixin.py:151} INFO - [2023-10-07T04:08:22.426+0530] {dagbag.py:539} INFO - Filling up the DagBag from /home/raj/Downloads/kafka_2.13-3.5.1/airflow-env/lib64/python3.11/site-packages/airflow/example_dags/example_sla_dag.py
[2023-10-07T04:08:22.448+0530] {processor.py:839} INFO - DAG(s) dict_keys(['example_sla_dag']) retrieved from /home/raj/Downloads/kafka_2.13-3.5.1/airflow-env/lib64/python3.11/site-packages/airflow/example_dags/example_sla_dag.py
[2023-10-07T04:08:22.473+0530] {logging_mixin.py:151} INFO - [2023-10-07T04:08:22.473+0530] {dag.py:2915} INFO - Sync 1 DAGs
[2023-10-07T04:08:22.499+0530] {logging_mixin.py:151} INFO - [2023-10-07T04:08:22.499+0530] {dag.py:3696} INFO - Setting next_dagrun for example_sla_dag to 2023-10-06T22:36:00+00:00, run_after=2023-10-06T22:38:00+00:00
[2023-10-07T04:08:22.519+0530] {processor.py:179} INFO - Processing /home/raj/Downloads/kafka_2.13-3.5.1/airflow-env/lib64/python3.11/site-packages/airflow/example_dags/example_sla_dag.py took 0.111 seconds
[2023-10-07T04:09:16.491+0530] {processor.py:157} INFO - Started process (PID=19315) to work on /home/raj/Downloads/kafka_2.13-3.5.1/airflow-env/lib64/python3.11/site-packages/airflow/example_dags/example_sla_dag.py
[2023-10-07T04:09:16.502+0530] {processor.py:829} INFO - Processing file /home/raj/Downloads/kafka_2.13-3.5.1/airflow-env/lib64/python3.11/site-packages/airflow/example_dags/example_sla_dag.py for tasks to queue
[2023-10-07T04:09:16.504+0530] {logging_mixin.py:151} INFO - [2023-10-07T04:09:16.503+0530] {dagbag.py:539} INFO - Filling up the DagBag from /home/raj/Downloads/kafka_2.13-3.5.1/airflow-env/lib64/python3.11/site-packages/airflow/example_dags/example_sla_dag.py
[2023-10-07T04:09:16.521+0530] {processor.py:839} INFO - DAG(s) dict_keys(['example_sla_dag']) retrieved from /home/raj/Downloads/kafka_2.13-3.5.1/airflow-env/lib64/python3.11/site-packages/airflow/example_dags/example_sla_dag.py
[2023-10-07T04:09:16.550+0530] {logging_mixin.py:151} INFO - [2023-10-07T04:09:16.550+0530] {dag.py:2915} INFO - Sync 1 DAGs
[2023-10-07T04:09:16.568+0530] {logging_mixin.py:151} INFO - [2023-10-07T04:09:16.568+0530] {dag.py:3696} INFO - Setting next_dagrun for example_sla_dag to 2023-10-06T22:36:00+00:00, run_after=2023-10-06T22:38:00+00:00
[2023-10-07T04:09:16.588+0530] {processor.py:179} INFO - Processing /home/raj/Downloads/kafka_2.13-3.5.1/airflow-env/lib64/python3.11/site-packages/airflow/example_dags/example_sla_dag.py took 0.102 seconds
[2023-10-07T04:10:05.887+0530] {processor.py:157} INFO - Started process (PID=19364) to work on /home/raj/Downloads/kafka_2.13-3.5.1/airflow-env/lib64/python3.11/site-packages/airflow/example_dags/example_sla_dag.py
[2023-10-07T04:10:05.898+0530] {processor.py:829} INFO - Processing file /home/raj/Downloads/kafka_2.13-3.5.1/airflow-env/lib64/python3.11/site-packages/airflow/example_dags/example_sla_dag.py for tasks to queue
[2023-10-07T04:10:05.900+0530] {logging_mixin.py:151} INFO - [2023-10-07T04:10:05.899+0530] {dagbag.py:539} INFO - Filling up the DagBag from /home/raj/Downloads/kafka_2.13-3.5.1/airflow-env/lib64/python3.11/site-packages/airflow/example_dags/example_sla_dag.py
[2023-10-07T04:10:05.917+0530] {processor.py:839} INFO - DAG(s) dict_keys(['example_sla_dag']) retrieved from /home/raj/Downloads/kafka_2.13-3.5.1/airflow-env/lib64/python3.11/site-packages/airflow/example_dags/example_sla_dag.py
[2023-10-07T04:10:05.951+0530] {logging_mixin.py:151} INFO - [2023-10-07T04:10:05.950+0530] {dag.py:2915} INFO - Sync 1 DAGs
[2023-10-07T04:10:05.970+0530] {logging_mixin.py:151} INFO - [2023-10-07T04:10:05.970+0530] {dag.py:3696} INFO - Setting next_dagrun for example_sla_dag to 2023-10-06T22:38:00+00:00, run_after=2023-10-06T22:40:00+00:00
[2023-10-07T04:10:05.988+0530] {processor.py:179} INFO - Processing /home/raj/Downloads/kafka_2.13-3.5.1/airflow-env/lib64/python3.11/site-packages/airflow/example_dags/example_sla_dag.py took 0.106 seconds
[2023-10-07T04:10:55.504+0530] {processor.py:157} INFO - Started process (PID=19431) to work on /home/raj/Downloads/kafka_2.13-3.5.1/airflow-env/lib64/python3.11/site-packages/airflow/example_dags/example_sla_dag.py
[2023-10-07T04:10:55.515+0530] {processor.py:829} INFO - Processing file /home/raj/Downloads/kafka_2.13-3.5.1/airflow-env/lib64/python3.11/site-packages/airflow/example_dags/example_sla_dag.py for tasks to queue
[2023-10-07T04:10:55.517+0530] {logging_mixin.py:151} INFO - [2023-10-07T04:10:55.516+0530] {dagbag.py:539} INFO - Filling up the DagBag from /home/raj/Downloads/kafka_2.13-3.5.1/airflow-env/lib64/python3.11/site-packages/airflow/example_dags/example_sla_dag.py
[2023-10-07T04:10:55.525+0530] {processor.py:839} INFO - DAG(s) dict_keys(['example_sla_dag']) retrieved from /home/raj/Downloads/kafka_2.13-3.5.1/airflow-env/lib64/python3.11/site-packages/airflow/example_dags/example_sla_dag.py
[2023-10-07T04:10:55.539+0530] {logging_mixin.py:151} INFO - [2023-10-07T04:10:55.538+0530] {dag.py:2915} INFO - Sync 1 DAGs
[2023-10-07T04:10:55.557+0530] {logging_mixin.py:151} INFO - [2023-10-07T04:10:55.557+0530] {dag.py:3696} INFO - Setting next_dagrun for example_sla_dag to 2023-10-06T22:38:00+00:00, run_after=2023-10-06T22:40:00+00:00
[2023-10-07T04:10:55.573+0530] {processor.py:179} INFO - Processing /home/raj/Downloads/kafka_2.13-3.5.1/airflow-env/lib64/python3.11/site-packages/airflow/example_dags/example_sla_dag.py took 0.075 seconds
[2023-10-07T04:11:48.900+0530] {processor.py:157} INFO - Started process (PID=19504) to work on /home/raj/Downloads/kafka_2.13-3.5.1/airflow-env/lib64/python3.11/site-packages/airflow/example_dags/example_sla_dag.py
[2023-10-07T04:11:48.902+0530] {processor.py:829} INFO - Processing file /home/raj/Downloads/kafka_2.13-3.5.1/airflow-env/lib64/python3.11/site-packages/airflow/example_dags/example_sla_dag.py for tasks to queue
[2023-10-07T04:11:48.903+0530] {logging_mixin.py:151} INFO - [2023-10-07T04:11:48.902+0530] {dagbag.py:539} INFO - Filling up the DagBag from /home/raj/Downloads/kafka_2.13-3.5.1/airflow-env/lib64/python3.11/site-packages/airflow/example_dags/example_sla_dag.py
[2023-10-07T04:11:48.921+0530] {processor.py:839} INFO - DAG(s) dict_keys(['example_sla_dag']) retrieved from /home/raj/Downloads/kafka_2.13-3.5.1/airflow-env/lib64/python3.11/site-packages/airflow/example_dags/example_sla_dag.py
[2023-10-07T04:11:48.943+0530] {logging_mixin.py:151} INFO - [2023-10-07T04:11:48.943+0530] {dag.py:2915} INFO - Sync 1 DAGs
[2023-10-07T04:11:48.970+0530] {logging_mixin.py:151} INFO - [2023-10-07T04:11:48.970+0530] {dag.py:3696} INFO - Setting next_dagrun for example_sla_dag to 2023-10-06T22:38:00+00:00, run_after=2023-10-06T22:40:00+00:00
[2023-10-07T04:11:48.990+0530] {processor.py:179} INFO - Processing /home/raj/Downloads/kafka_2.13-3.5.1/airflow-env/lib64/python3.11/site-packages/airflow/example_dags/example_sla_dag.py took 0.096 seconds
[2023-10-07T04:12:44.908+0530] {processor.py:157} INFO - Started process (PID=19568) to work on /home/raj/Downloads/kafka_2.13-3.5.1/airflow-env/lib64/python3.11/site-packages/airflow/example_dags/example_sla_dag.py
[2023-10-07T04:12:44.918+0530] {processor.py:829} INFO - Processing file /home/raj/Downloads/kafka_2.13-3.5.1/airflow-env/lib64/python3.11/site-packages/airflow/example_dags/example_sla_dag.py for tasks to queue
[2023-10-07T04:12:44.919+0530] {logging_mixin.py:151} INFO - [2023-10-07T04:12:44.919+0530] {dagbag.py:539} INFO - Filling up the DagBag from /home/raj/Downloads/kafka_2.13-3.5.1/airflow-env/lib64/python3.11/site-packages/airflow/example_dags/example_sla_dag.py
[2023-10-07T04:12:44.928+0530] {processor.py:839} INFO - DAG(s) dict_keys(['example_sla_dag']) retrieved from /home/raj/Downloads/kafka_2.13-3.5.1/airflow-env/lib64/python3.11/site-packages/airflow/example_dags/example_sla_dag.py
[2023-10-07T04:12:44.944+0530] {logging_mixin.py:151} INFO - [2023-10-07T04:12:44.944+0530] {dag.py:2915} INFO - Sync 1 DAGs
[2023-10-07T04:12:44.966+0530] {logging_mixin.py:151} INFO - [2023-10-07T04:12:44.966+0530] {dag.py:3696} INFO - Setting next_dagrun for example_sla_dag to 2023-10-06T22:40:00+00:00, run_after=2023-10-06T22:42:00+00:00
[2023-10-07T04:12:44.989+0530] {processor.py:179} INFO - Processing /home/raj/Downloads/kafka_2.13-3.5.1/airflow-env/lib64/python3.11/site-packages/airflow/example_dags/example_sla_dag.py took 0.084 seconds
[2023-10-07T04:13:37.082+0530] {processor.py:157} INFO - Started process (PID=19622) to work on /home/raj/Downloads/kafka_2.13-3.5.1/airflow-env/lib64/python3.11/site-packages/airflow/example_dags/example_sla_dag.py
[2023-10-07T04:13:37.093+0530] {processor.py:829} INFO - Processing file /home/raj/Downloads/kafka_2.13-3.5.1/airflow-env/lib64/python3.11/site-packages/airflow/example_dags/example_sla_dag.py for tasks to queue
[2023-10-07T04:13:37.095+0530] {logging_mixin.py:151} INFO - [2023-10-07T04:13:37.094+0530] {dagbag.py:539} INFO - Filling up the DagBag from /home/raj/Downloads/kafka_2.13-3.5.1/airflow-env/lib64/python3.11/site-packages/airflow/example_dags/example_sla_dag.py
[2023-10-07T04:13:37.112+0530] {processor.py:839} INFO - DAG(s) dict_keys(['example_sla_dag']) retrieved from /home/raj/Downloads/kafka_2.13-3.5.1/airflow-env/lib64/python3.11/site-packages/airflow/example_dags/example_sla_dag.py
[2023-10-07T04:13:37.140+0530] {logging_mixin.py:151} INFO - [2023-10-07T04:13:37.140+0530] {dag.py:2915} INFO - Sync 1 DAGs
[2023-10-07T04:13:37.158+0530] {logging_mixin.py:151} INFO - [2023-10-07T04:13:37.158+0530] {dag.py:3696} INFO - Setting next_dagrun for example_sla_dag to 2023-10-06T22:40:00+00:00, run_after=2023-10-06T22:42:00+00:00
[2023-10-07T04:13:37.176+0530] {processor.py:179} INFO - Processing /home/raj/Downloads/kafka_2.13-3.5.1/airflow-env/lib64/python3.11/site-packages/airflow/example_dags/example_sla_dag.py took 0.099 seconds
[2023-10-07T04:14:27.490+0530] {processor.py:157} INFO - Started process (PID=19674) to work on /home/raj/Downloads/kafka_2.13-3.5.1/airflow-env/lib64/python3.11/site-packages/airflow/example_dags/example_sla_dag.py
[2023-10-07T04:14:27.501+0530] {processor.py:829} INFO - Processing file /home/raj/Downloads/kafka_2.13-3.5.1/airflow-env/lib64/python3.11/site-packages/airflow/example_dags/example_sla_dag.py for tasks to queue
[2023-10-07T04:14:27.503+0530] {logging_mixin.py:151} INFO - [2023-10-07T04:14:27.502+0530] {dagbag.py:539} INFO - Filling up the DagBag from /home/raj/Downloads/kafka_2.13-3.5.1/airflow-env/lib64/python3.11/site-packages/airflow/example_dags/example_sla_dag.py
[2023-10-07T04:14:27.518+0530] {processor.py:839} INFO - DAG(s) dict_keys(['example_sla_dag']) retrieved from /home/raj/Downloads/kafka_2.13-3.5.1/airflow-env/lib64/python3.11/site-packages/airflow/example_dags/example_sla_dag.py
[2023-10-07T04:14:27.533+0530] {logging_mixin.py:151} INFO - [2023-10-07T04:14:27.533+0530] {dag.py:2915} INFO - Sync 1 DAGs
[2023-10-07T04:14:27.553+0530] {logging_mixin.py:151} INFO - [2023-10-07T04:14:27.553+0530] {dag.py:3696} INFO - Setting next_dagrun for example_sla_dag to 2023-10-06T22:42:00+00:00, run_after=2023-10-06T22:44:00+00:00
[2023-10-07T04:14:27.571+0530] {processor.py:179} INFO - Processing /home/raj/Downloads/kafka_2.13-3.5.1/airflow-env/lib64/python3.11/site-packages/airflow/example_dags/example_sla_dag.py took 0.088 seconds
[2023-10-07T04:15:17.054+0530] {processor.py:157} INFO - Started process (PID=19766) to work on /home/raj/Downloads/kafka_2.13-3.5.1/airflow-env/lib64/python3.11/site-packages/airflow/example_dags/example_sla_dag.py
[2023-10-07T04:15:17.066+0530] {processor.py:829} INFO - Processing file /home/raj/Downloads/kafka_2.13-3.5.1/airflow-env/lib64/python3.11/site-packages/airflow/example_dags/example_sla_dag.py for tasks to queue
[2023-10-07T04:15:17.067+0530] {logging_mixin.py:151} INFO - [2023-10-07T04:15:17.066+0530] {dagbag.py:539} INFO - Filling up the DagBag from /home/raj/Downloads/kafka_2.13-3.5.1/airflow-env/lib64/python3.11/site-packages/airflow/example_dags/example_sla_dag.py
[2023-10-07T04:15:17.087+0530] {processor.py:839} INFO - DAG(s) dict_keys(['example_sla_dag']) retrieved from /home/raj/Downloads/kafka_2.13-3.5.1/airflow-env/lib64/python3.11/site-packages/airflow/example_dags/example_sla_dag.py
[2023-10-07T04:15:17.113+0530] {logging_mixin.py:151} INFO - [2023-10-07T04:15:17.113+0530] {dag.py:2915} INFO - Sync 1 DAGs
[2023-10-07T04:15:17.131+0530] {logging_mixin.py:151} INFO - [2023-10-07T04:15:17.131+0530] {dag.py:3696} INFO - Setting next_dagrun for example_sla_dag to 2023-10-06T22:42:00+00:00, run_after=2023-10-06T22:44:00+00:00
[2023-10-07T04:15:17.150+0530] {processor.py:179} INFO - Processing /home/raj/Downloads/kafka_2.13-3.5.1/airflow-env/lib64/python3.11/site-packages/airflow/example_dags/example_sla_dag.py took 0.101 seconds
[2023-10-07T04:16:07.489+0530] {processor.py:157} INFO - Started process (PID=19834) to work on /home/raj/Downloads/kafka_2.13-3.5.1/airflow-env/lib64/python3.11/site-packages/airflow/example_dags/example_sla_dag.py
[2023-10-07T04:16:07.500+0530] {processor.py:829} INFO - Processing file /home/raj/Downloads/kafka_2.13-3.5.1/airflow-env/lib64/python3.11/site-packages/airflow/example_dags/example_sla_dag.py for tasks to queue
[2023-10-07T04:16:07.501+0530] {logging_mixin.py:151} INFO - [2023-10-07T04:16:07.501+0530] {dagbag.py:539} INFO - Filling up the DagBag from /home/raj/Downloads/kafka_2.13-3.5.1/airflow-env/lib64/python3.11/site-packages/airflow/example_dags/example_sla_dag.py
[2023-10-07T04:16:07.518+0530] {processor.py:839} INFO - DAG(s) dict_keys(['example_sla_dag']) retrieved from /home/raj/Downloads/kafka_2.13-3.5.1/airflow-env/lib64/python3.11/site-packages/airflow/example_dags/example_sla_dag.py
[2023-10-07T04:16:07.547+0530] {logging_mixin.py:151} INFO - [2023-10-07T04:16:07.547+0530] {dag.py:2915} INFO - Sync 1 DAGs
[2023-10-07T04:16:07.565+0530] {logging_mixin.py:151} INFO - [2023-10-07T04:16:07.565+0530] {dag.py:3696} INFO - Setting next_dagrun for example_sla_dag to 2023-10-06T22:44:00+00:00, run_after=2023-10-06T22:46:00+00:00
[2023-10-07T04:16:07.583+0530] {processor.py:179} INFO - Processing /home/raj/Downloads/kafka_2.13-3.5.1/airflow-env/lib64/python3.11/site-packages/airflow/example_dags/example_sla_dag.py took 0.100 seconds
[2023-10-07T04:17:02.570+0530] {processor.py:157} INFO - Started process (PID=19891) to work on /home/raj/Downloads/kafka_2.13-3.5.1/airflow-env/lib64/python3.11/site-packages/airflow/example_dags/example_sla_dag.py
[2023-10-07T04:17:02.581+0530] {processor.py:829} INFO - Processing file /home/raj/Downloads/kafka_2.13-3.5.1/airflow-env/lib64/python3.11/site-packages/airflow/example_dags/example_sla_dag.py for tasks to queue
[2023-10-07T04:17:02.583+0530] {logging_mixin.py:151} INFO - [2023-10-07T04:17:02.582+0530] {dagbag.py:539} INFO - Filling up the DagBag from /home/raj/Downloads/kafka_2.13-3.5.1/airflow-env/lib64/python3.11/site-packages/airflow/example_dags/example_sla_dag.py
[2023-10-07T04:17:02.600+0530] {processor.py:839} INFO - DAG(s) dict_keys(['example_sla_dag']) retrieved from /home/raj/Downloads/kafka_2.13-3.5.1/airflow-env/lib64/python3.11/site-packages/airflow/example_dags/example_sla_dag.py
[2023-10-07T04:17:02.615+0530] {logging_mixin.py:151} INFO - [2023-10-07T04:17:02.614+0530] {dag.py:2915} INFO - Sync 1 DAGs
[2023-10-07T04:17:02.636+0530] {logging_mixin.py:151} INFO - [2023-10-07T04:17:02.636+0530] {dag.py:3696} INFO - Setting next_dagrun for example_sla_dag to 2023-10-06T22:44:00+00:00, run_after=2023-10-06T22:46:00+00:00
[2023-10-07T04:17:02.658+0530] {processor.py:179} INFO - Processing /home/raj/Downloads/kafka_2.13-3.5.1/airflow-env/lib64/python3.11/site-packages/airflow/example_dags/example_sla_dag.py took 0.092 seconds
[2023-10-07T04:17:52.869+0530] {processor.py:157} INFO - Started process (PID=19946) to work on /home/raj/Downloads/kafka_2.13-3.5.1/airflow-env/lib64/python3.11/site-packages/airflow/example_dags/example_sla_dag.py
[2023-10-07T04:17:52.880+0530] {processor.py:829} INFO - Processing file /home/raj/Downloads/kafka_2.13-3.5.1/airflow-env/lib64/python3.11/site-packages/airflow/example_dags/example_sla_dag.py for tasks to queue
[2023-10-07T04:17:52.882+0530] {logging_mixin.py:151} INFO - [2023-10-07T04:17:52.881+0530] {dagbag.py:539} INFO - Filling up the DagBag from /home/raj/Downloads/kafka_2.13-3.5.1/airflow-env/lib64/python3.11/site-packages/airflow/example_dags/example_sla_dag.py
[2023-10-07T04:17:52.898+0530] {processor.py:839} INFO - DAG(s) dict_keys(['example_sla_dag']) retrieved from /home/raj/Downloads/kafka_2.13-3.5.1/airflow-env/lib64/python3.11/site-packages/airflow/example_dags/example_sla_dag.py
[2023-10-07T04:17:52.927+0530] {logging_mixin.py:151} INFO - [2023-10-07T04:17:52.927+0530] {dag.py:2915} INFO - Sync 1 DAGs
[2023-10-07T04:17:52.946+0530] {logging_mixin.py:151} INFO - [2023-10-07T04:17:52.946+0530] {dag.py:3696} INFO - Setting next_dagrun for example_sla_dag to 2023-10-06T22:44:00+00:00, run_after=2023-10-06T22:46:00+00:00
[2023-10-07T04:17:52.966+0530] {processor.py:179} INFO - Processing /home/raj/Downloads/kafka_2.13-3.5.1/airflow-env/lib64/python3.11/site-packages/airflow/example_dags/example_sla_dag.py took 0.102 seconds
[2023-10-07T04:18:43.854+0530] {processor.py:157} INFO - Started process (PID=20000) to work on /home/raj/Downloads/kafka_2.13-3.5.1/airflow-env/lib64/python3.11/site-packages/airflow/example_dags/example_sla_dag.py
[2023-10-07T04:18:43.865+0530] {processor.py:829} INFO - Processing file /home/raj/Downloads/kafka_2.13-3.5.1/airflow-env/lib64/python3.11/site-packages/airflow/example_dags/example_sla_dag.py for tasks to queue
[2023-10-07T04:18:43.867+0530] {logging_mixin.py:151} INFO - [2023-10-07T04:18:43.866+0530] {dagbag.py:539} INFO - Filling up the DagBag from /home/raj/Downloads/kafka_2.13-3.5.1/airflow-env/lib64/python3.11/site-packages/airflow/example_dags/example_sla_dag.py
[2023-10-07T04:18:43.884+0530] {processor.py:839} INFO - DAG(s) dict_keys(['example_sla_dag']) retrieved from /home/raj/Downloads/kafka_2.13-3.5.1/airflow-env/lib64/python3.11/site-packages/airflow/example_dags/example_sla_dag.py
[2023-10-07T04:18:43.914+0530] {logging_mixin.py:151} INFO - [2023-10-07T04:18:43.914+0530] {dag.py:2915} INFO - Sync 1 DAGs
[2023-10-07T04:18:43.933+0530] {logging_mixin.py:151} INFO - [2023-10-07T04:18:43.933+0530] {dag.py:3696} INFO - Setting next_dagrun for example_sla_dag to 2023-10-06T22:46:00+00:00, run_after=2023-10-06T22:48:00+00:00
[2023-10-07T04:18:43.951+0530] {processor.py:179} INFO - Processing /home/raj/Downloads/kafka_2.13-3.5.1/airflow-env/lib64/python3.11/site-packages/airflow/example_dags/example_sla_dag.py took 0.102 seconds
[2023-10-07T04:19:39.713+0530] {processor.py:157} INFO - Started process (PID=20055) to work on /home/raj/Downloads/kafka_2.13-3.5.1/airflow-env/lib64/python3.11/site-packages/airflow/example_dags/example_sla_dag.py
[2023-10-07T04:19:39.724+0530] {processor.py:829} INFO - Processing file /home/raj/Downloads/kafka_2.13-3.5.1/airflow-env/lib64/python3.11/site-packages/airflow/example_dags/example_sla_dag.py for tasks to queue
[2023-10-07T04:19:39.725+0530] {logging_mixin.py:151} INFO - [2023-10-07T04:19:39.725+0530] {dagbag.py:539} INFO - Filling up the DagBag from /home/raj/Downloads/kafka_2.13-3.5.1/airflow-env/lib64/python3.11/site-packages/airflow/example_dags/example_sla_dag.py
[2023-10-07T04:19:39.743+0530] {processor.py:839} INFO - DAG(s) dict_keys(['example_sla_dag']) retrieved from /home/raj/Downloads/kafka_2.13-3.5.1/airflow-env/lib64/python3.11/site-packages/airflow/example_dags/example_sla_dag.py
[2023-10-07T04:19:39.771+0530] {logging_mixin.py:151} INFO - [2023-10-07T04:19:39.771+0530] {dag.py:2915} INFO - Sync 1 DAGs
[2023-10-07T04:19:39.789+0530] {logging_mixin.py:151} INFO - [2023-10-07T04:19:39.789+0530] {dag.py:3696} INFO - Setting next_dagrun for example_sla_dag to 2023-10-06T22:46:00+00:00, run_after=2023-10-06T22:48:00+00:00
[2023-10-07T04:19:39.808+0530] {processor.py:179} INFO - Processing /home/raj/Downloads/kafka_2.13-3.5.1/airflow-env/lib64/python3.11/site-packages/airflow/example_dags/example_sla_dag.py took 0.100 seconds
[2023-10-07T04:20:34.227+0530] {processor.py:157} INFO - Started process (PID=20410) to work on /home/raj/Downloads/kafka_2.13-3.5.1/airflow-env/lib64/python3.11/site-packages/airflow/example_dags/example_sla_dag.py
[2023-10-07T04:20:34.239+0530] {processor.py:829} INFO - Processing file /home/raj/Downloads/kafka_2.13-3.5.1/airflow-env/lib64/python3.11/site-packages/airflow/example_dags/example_sla_dag.py for tasks to queue
[2023-10-07T04:20:34.241+0530] {logging_mixin.py:151} INFO - [2023-10-07T04:20:34.240+0530] {dagbag.py:539} INFO - Filling up the DagBag from /home/raj/Downloads/kafka_2.13-3.5.1/airflow-env/lib64/python3.11/site-packages/airflow/example_dags/example_sla_dag.py
[2023-10-07T04:20:34.258+0530] {processor.py:839} INFO - DAG(s) dict_keys(['example_sla_dag']) retrieved from /home/raj/Downloads/kafka_2.13-3.5.1/airflow-env/lib64/python3.11/site-packages/airflow/example_dags/example_sla_dag.py
[2023-10-07T04:20:34.286+0530] {logging_mixin.py:151} INFO - [2023-10-07T04:20:34.286+0530] {dag.py:2915} INFO - Sync 1 DAGs
[2023-10-07T04:20:34.307+0530] {logging_mixin.py:151} INFO - [2023-10-07T04:20:34.307+0530] {dag.py:3696} INFO - Setting next_dagrun for example_sla_dag to 2023-10-06T22:48:00+00:00, run_after=2023-10-06T22:50:00+00:00
[2023-10-07T04:20:34.327+0530] {processor.py:179} INFO - Processing /home/raj/Downloads/kafka_2.13-3.5.1/airflow-env/lib64/python3.11/site-packages/airflow/example_dags/example_sla_dag.py took 0.106 seconds
[2023-10-07T04:21:28.686+0530] {processor.py:157} INFO - Started process (PID=20601) to work on /home/raj/Downloads/kafka_2.13-3.5.1/airflow-env/lib64/python3.11/site-packages/airflow/example_dags/example_sla_dag.py
[2023-10-07T04:21:28.697+0530] {processor.py:829} INFO - Processing file /home/raj/Downloads/kafka_2.13-3.5.1/airflow-env/lib64/python3.11/site-packages/airflow/example_dags/example_sla_dag.py for tasks to queue
[2023-10-07T04:21:28.699+0530] {logging_mixin.py:151} INFO - [2023-10-07T04:21:28.698+0530] {dagbag.py:539} INFO - Filling up the DagBag from /home/raj/Downloads/kafka_2.13-3.5.1/airflow-env/lib64/python3.11/site-packages/airflow/example_dags/example_sla_dag.py
[2023-10-07T04:21:28.717+0530] {processor.py:839} INFO - DAG(s) dict_keys(['example_sla_dag']) retrieved from /home/raj/Downloads/kafka_2.13-3.5.1/airflow-env/lib64/python3.11/site-packages/airflow/example_dags/example_sla_dag.py
[2023-10-07T04:21:28.744+0530] {logging_mixin.py:151} INFO - [2023-10-07T04:21:28.744+0530] {dag.py:2915} INFO - Sync 1 DAGs
[2023-10-07T04:21:28.766+0530] {logging_mixin.py:151} INFO - [2023-10-07T04:21:28.766+0530] {dag.py:3696} INFO - Setting next_dagrun for example_sla_dag to 2023-10-06T22:48:00+00:00, run_after=2023-10-06T22:50:00+00:00
[2023-10-07T04:21:28.790+0530] {processor.py:179} INFO - Processing /home/raj/Downloads/kafka_2.13-3.5.1/airflow-env/lib64/python3.11/site-packages/airflow/example_dags/example_sla_dag.py took 0.109 seconds
[2023-10-07T04:22:17.065+0530] {processor.py:157} INFO - Started process (PID=20776) to work on /home/raj/Downloads/kafka_2.13-3.5.1/airflow-env/lib64/python3.11/site-packages/airflow/example_dags/example_sla_dag.py
[2023-10-07T04:22:17.076+0530] {processor.py:829} INFO - Processing file /home/raj/Downloads/kafka_2.13-3.5.1/airflow-env/lib64/python3.11/site-packages/airflow/example_dags/example_sla_dag.py for tasks to queue
[2023-10-07T04:22:17.078+0530] {logging_mixin.py:151} INFO - [2023-10-07T04:22:17.077+0530] {dagbag.py:539} INFO - Filling up the DagBag from /home/raj/Downloads/kafka_2.13-3.5.1/airflow-env/lib64/python3.11/site-packages/airflow/example_dags/example_sla_dag.py
[2023-10-07T04:22:17.095+0530] {processor.py:839} INFO - DAG(s) dict_keys(['example_sla_dag']) retrieved from /home/raj/Downloads/kafka_2.13-3.5.1/airflow-env/lib64/python3.11/site-packages/airflow/example_dags/example_sla_dag.py
[2023-10-07T04:22:17.113+0530] {logging_mixin.py:151} INFO - [2023-10-07T04:22:17.112+0530] {dag.py:2915} INFO - Sync 1 DAGs
[2023-10-07T04:22:17.138+0530] {logging_mixin.py:151} INFO - [2023-10-07T04:22:17.138+0530] {dag.py:3696} INFO - Setting next_dagrun for example_sla_dag to 2023-10-06T22:50:00+00:00, run_after=2023-10-06T22:52:00+00:00
[2023-10-07T04:22:17.162+0530] {processor.py:179} INFO - Processing /home/raj/Downloads/kafka_2.13-3.5.1/airflow-env/lib64/python3.11/site-packages/airflow/example_dags/example_sla_dag.py took 0.101 seconds
[2023-10-07T04:23:09.096+0530] {processor.py:157} INFO - Started process (PID=20872) to work on /home/raj/Downloads/kafka_2.13-3.5.1/airflow-env/lib64/python3.11/site-packages/airflow/example_dags/example_sla_dag.py
[2023-10-07T04:23:09.107+0530] {processor.py:829} INFO - Processing file /home/raj/Downloads/kafka_2.13-3.5.1/airflow-env/lib64/python3.11/site-packages/airflow/example_dags/example_sla_dag.py for tasks to queue
[2023-10-07T04:23:09.109+0530] {logging_mixin.py:151} INFO - [2023-10-07T04:23:09.108+0530] {dagbag.py:539} INFO - Filling up the DagBag from /home/raj/Downloads/kafka_2.13-3.5.1/airflow-env/lib64/python3.11/site-packages/airflow/example_dags/example_sla_dag.py
[2023-10-07T04:23:09.129+0530] {processor.py:839} INFO - DAG(s) dict_keys(['example_sla_dag']) retrieved from /home/raj/Downloads/kafka_2.13-3.5.1/airflow-env/lib64/python3.11/site-packages/airflow/example_dags/example_sla_dag.py
[2023-10-07T04:23:09.149+0530] {logging_mixin.py:151} INFO - [2023-10-07T04:23:09.148+0530] {dag.py:2915} INFO - Sync 1 DAGs
[2023-10-07T04:23:09.175+0530] {logging_mixin.py:151} INFO - [2023-10-07T04:23:09.174+0530] {dag.py:3696} INFO - Setting next_dagrun for example_sla_dag to 2023-10-06T22:50:00+00:00, run_after=2023-10-06T22:52:00+00:00
[2023-10-07T04:23:09.195+0530] {processor.py:179} INFO - Processing /home/raj/Downloads/kafka_2.13-3.5.1/airflow-env/lib64/python3.11/site-packages/airflow/example_dags/example_sla_dag.py took 0.105 seconds
[2023-10-07T04:24:00.748+0530] {processor.py:157} INFO - Started process (PID=20982) to work on /home/raj/Downloads/kafka_2.13-3.5.1/airflow-env/lib64/python3.11/site-packages/airflow/example_dags/example_sla_dag.py
[2023-10-07T04:24:00.759+0530] {processor.py:829} INFO - Processing file /home/raj/Downloads/kafka_2.13-3.5.1/airflow-env/lib64/python3.11/site-packages/airflow/example_dags/example_sla_dag.py for tasks to queue
[2023-10-07T04:24:00.761+0530] {logging_mixin.py:151} INFO - [2023-10-07T04:24:00.761+0530] {dagbag.py:539} INFO - Filling up the DagBag from /home/raj/Downloads/kafka_2.13-3.5.1/airflow-env/lib64/python3.11/site-packages/airflow/example_dags/example_sla_dag.py
[2023-10-07T04:24:00.780+0530] {processor.py:839} INFO - DAG(s) dict_keys(['example_sla_dag']) retrieved from /home/raj/Downloads/kafka_2.13-3.5.1/airflow-env/lib64/python3.11/site-packages/airflow/example_dags/example_sla_dag.py
[2023-10-07T04:24:00.808+0530] {logging_mixin.py:151} INFO - [2023-10-07T04:24:00.808+0530] {dag.py:2915} INFO - Sync 1 DAGs
[2023-10-07T04:24:00.835+0530] {logging_mixin.py:151} INFO - [2023-10-07T04:24:00.834+0530] {dag.py:3696} INFO - Setting next_dagrun for example_sla_dag to 2023-10-06T22:52:00+00:00, run_after=2023-10-06T22:54:00+00:00
[2023-10-07T04:24:00.857+0530] {processor.py:179} INFO - Processing /home/raj/Downloads/kafka_2.13-3.5.1/airflow-env/lib64/python3.11/site-packages/airflow/example_dags/example_sla_dag.py took 0.115 seconds
[2023-10-07T04:24:49.328+0530] {processor.py:157} INFO - Started process (PID=21097) to work on /home/raj/Downloads/kafka_2.13-3.5.1/airflow-env/lib64/python3.11/site-packages/airflow/example_dags/example_sla_dag.py
[2023-10-07T04:24:49.339+0530] {processor.py:829} INFO - Processing file /home/raj/Downloads/kafka_2.13-3.5.1/airflow-env/lib64/python3.11/site-packages/airflow/example_dags/example_sla_dag.py for tasks to queue
[2023-10-07T04:24:49.341+0530] {logging_mixin.py:151} INFO - [2023-10-07T04:24:49.340+0530] {dagbag.py:539} INFO - Filling up the DagBag from /home/raj/Downloads/kafka_2.13-3.5.1/airflow-env/lib64/python3.11/site-packages/airflow/example_dags/example_sla_dag.py
[2023-10-07T04:24:49.359+0530] {processor.py:839} INFO - DAG(s) dict_keys(['example_sla_dag']) retrieved from /home/raj/Downloads/kafka_2.13-3.5.1/airflow-env/lib64/python3.11/site-packages/airflow/example_dags/example_sla_dag.py
[2023-10-07T04:24:49.386+0530] {logging_mixin.py:151} INFO - [2023-10-07T04:24:49.386+0530] {dag.py:2915} INFO - Sync 1 DAGs
[2023-10-07T04:24:49.407+0530] {logging_mixin.py:151} INFO - [2023-10-07T04:24:49.407+0530] {dag.py:3696} INFO - Setting next_dagrun for example_sla_dag to 2023-10-06T22:52:00+00:00, run_after=2023-10-06T22:54:00+00:00
[2023-10-07T04:24:49.424+0530] {processor.py:179} INFO - Processing /home/raj/Downloads/kafka_2.13-3.5.1/airflow-env/lib64/python3.11/site-packages/airflow/example_dags/example_sla_dag.py took 0.102 seconds
[2023-10-07T04:25:41.017+0530] {processor.py:157} INFO - Started process (PID=21184) to work on /home/raj/Downloads/kafka_2.13-3.5.1/airflow-env/lib64/python3.11/site-packages/airflow/example_dags/example_sla_dag.py
[2023-10-07T04:25:41.028+0530] {processor.py:829} INFO - Processing file /home/raj/Downloads/kafka_2.13-3.5.1/airflow-env/lib64/python3.11/site-packages/airflow/example_dags/example_sla_dag.py for tasks to queue
[2023-10-07T04:25:41.030+0530] {logging_mixin.py:151} INFO - [2023-10-07T04:25:41.029+0530] {dagbag.py:539} INFO - Filling up the DagBag from /home/raj/Downloads/kafka_2.13-3.5.1/airflow-env/lib64/python3.11/site-packages/airflow/example_dags/example_sla_dag.py
[2023-10-07T04:25:41.048+0530] {processor.py:839} INFO - DAG(s) dict_keys(['example_sla_dag']) retrieved from /home/raj/Downloads/kafka_2.13-3.5.1/airflow-env/lib64/python3.11/site-packages/airflow/example_dags/example_sla_dag.py
[2023-10-07T04:25:41.074+0530] {logging_mixin.py:151} INFO - [2023-10-07T04:25:41.074+0530] {dag.py:2915} INFO - Sync 1 DAGs
[2023-10-07T04:25:41.093+0530] {logging_mixin.py:151} INFO - [2023-10-07T04:25:41.093+0530] {dag.py:3696} INFO - Setting next_dagrun for example_sla_dag to 2023-10-06T22:52:00+00:00, run_after=2023-10-06T22:54:00+00:00
[2023-10-07T04:25:41.110+0530] {processor.py:179} INFO - Processing /home/raj/Downloads/kafka_2.13-3.5.1/airflow-env/lib64/python3.11/site-packages/airflow/example_dags/example_sla_dag.py took 0.098 seconds
[2023-10-07T04:26:33.878+0530] {processor.py:157} INFO - Started process (PID=21359) to work on /home/raj/Downloads/kafka_2.13-3.5.1/airflow-env/lib64/python3.11/site-packages/airflow/example_dags/example_sla_dag.py
[2023-10-07T04:26:33.879+0530] {processor.py:829} INFO - Processing file /home/raj/Downloads/kafka_2.13-3.5.1/airflow-env/lib64/python3.11/site-packages/airflow/example_dags/example_sla_dag.py for tasks to queue
[2023-10-07T04:26:33.881+0530] {logging_mixin.py:151} INFO - [2023-10-07T04:26:33.880+0530] {dagbag.py:539} INFO - Filling up the DagBag from /home/raj/Downloads/kafka_2.13-3.5.1/airflow-env/lib64/python3.11/site-packages/airflow/example_dags/example_sla_dag.py
[2023-10-07T04:26:33.898+0530] {processor.py:839} INFO - DAG(s) dict_keys(['example_sla_dag']) retrieved from /home/raj/Downloads/kafka_2.13-3.5.1/airflow-env/lib64/python3.11/site-packages/airflow/example_dags/example_sla_dag.py
[2023-10-07T04:26:33.922+0530] {logging_mixin.py:151} INFO - [2023-10-07T04:26:33.921+0530] {dag.py:2915} INFO - Sync 1 DAGs
[2023-10-07T04:26:33.943+0530] {logging_mixin.py:151} INFO - [2023-10-07T04:26:33.943+0530] {dag.py:3696} INFO - Setting next_dagrun for example_sla_dag to 2023-10-06T22:54:00+00:00, run_after=2023-10-06T22:56:00+00:00
[2023-10-07T04:26:33.965+0530] {processor.py:179} INFO - Processing /home/raj/Downloads/kafka_2.13-3.5.1/airflow-env/lib64/python3.11/site-packages/airflow/example_dags/example_sla_dag.py took 0.092 seconds
[2023-10-07T04:27:23.795+0530] {processor.py:157} INFO - Started process (PID=21542) to work on /home/raj/Downloads/kafka_2.13-3.5.1/airflow-env/lib64/python3.11/site-packages/airflow/example_dags/example_sla_dag.py
[2023-10-07T04:27:23.807+0530] {processor.py:829} INFO - Processing file /home/raj/Downloads/kafka_2.13-3.5.1/airflow-env/lib64/python3.11/site-packages/airflow/example_dags/example_sla_dag.py for tasks to queue
[2023-10-07T04:27:23.808+0530] {logging_mixin.py:151} INFO - [2023-10-07T04:27:23.808+0530] {dagbag.py:539} INFO - Filling up the DagBag from /home/raj/Downloads/kafka_2.13-3.5.1/airflow-env/lib64/python3.11/site-packages/airflow/example_dags/example_sla_dag.py
[2023-10-07T04:27:23.827+0530] {processor.py:839} INFO - DAG(s) dict_keys(['example_sla_dag']) retrieved from /home/raj/Downloads/kafka_2.13-3.5.1/airflow-env/lib64/python3.11/site-packages/airflow/example_dags/example_sla_dag.py
[2023-10-07T04:27:23.850+0530] {logging_mixin.py:151} INFO - [2023-10-07T04:27:23.850+0530] {dag.py:2915} INFO - Sync 1 DAGs
[2023-10-07T04:27:23.869+0530] {logging_mixin.py:151} INFO - [2023-10-07T04:27:23.869+0530] {dag.py:3696} INFO - Setting next_dagrun for example_sla_dag to 2023-10-06T22:54:00+00:00, run_after=2023-10-06T22:56:00+00:00
[2023-10-07T04:27:23.887+0530] {processor.py:179} INFO - Processing /home/raj/Downloads/kafka_2.13-3.5.1/airflow-env/lib64/python3.11/site-packages/airflow/example_dags/example_sla_dag.py took 0.097 seconds
[2023-10-07T04:28:17.408+0530] {processor.py:157} INFO - Started process (PID=21608) to work on /home/raj/Downloads/kafka_2.13-3.5.1/airflow-env/lib64/python3.11/site-packages/airflow/example_dags/example_sla_dag.py
[2023-10-07T04:28:17.419+0530] {processor.py:829} INFO - Processing file /home/raj/Downloads/kafka_2.13-3.5.1/airflow-env/lib64/python3.11/site-packages/airflow/example_dags/example_sla_dag.py for tasks to queue
[2023-10-07T04:28:17.421+0530] {logging_mixin.py:151} INFO - [2023-10-07T04:28:17.420+0530] {dagbag.py:539} INFO - Filling up the DagBag from /home/raj/Downloads/kafka_2.13-3.5.1/airflow-env/lib64/python3.11/site-packages/airflow/example_dags/example_sla_dag.py
[2023-10-07T04:28:17.441+0530] {processor.py:839} INFO - DAG(s) dict_keys(['example_sla_dag']) retrieved from /home/raj/Downloads/kafka_2.13-3.5.1/airflow-env/lib64/python3.11/site-packages/airflow/example_dags/example_sla_dag.py
[2023-10-07T04:28:17.470+0530] {logging_mixin.py:151} INFO - [2023-10-07T04:28:17.470+0530] {dag.py:2915} INFO - Sync 1 DAGs
[2023-10-07T04:28:17.492+0530] {logging_mixin.py:151} INFO - [2023-10-07T04:28:17.492+0530] {dag.py:3696} INFO - Setting next_dagrun for example_sla_dag to 2023-10-06T22:56:00+00:00, run_after=2023-10-06T22:58:00+00:00
[2023-10-07T04:28:17.513+0530] {processor.py:179} INFO - Processing /home/raj/Downloads/kafka_2.13-3.5.1/airflow-env/lib64/python3.11/site-packages/airflow/example_dags/example_sla_dag.py took 0.110 seconds
[2023-10-07T04:29:10.706+0530] {processor.py:157} INFO - Started process (PID=21741) to work on /home/raj/Downloads/kafka_2.13-3.5.1/airflow-env/lib64/python3.11/site-packages/airflow/example_dags/example_sla_dag.py
[2023-10-07T04:29:10.717+0530] {processor.py:829} INFO - Processing file /home/raj/Downloads/kafka_2.13-3.5.1/airflow-env/lib64/python3.11/site-packages/airflow/example_dags/example_sla_dag.py for tasks to queue
[2023-10-07T04:29:10.718+0530] {logging_mixin.py:151} INFO - [2023-10-07T04:29:10.718+0530] {dagbag.py:539} INFO - Filling up the DagBag from /home/raj/Downloads/kafka_2.13-3.5.1/airflow-env/lib64/python3.11/site-packages/airflow/example_dags/example_sla_dag.py
[2023-10-07T04:29:10.726+0530] {processor.py:839} INFO - DAG(s) dict_keys(['example_sla_dag']) retrieved from /home/raj/Downloads/kafka_2.13-3.5.1/airflow-env/lib64/python3.11/site-packages/airflow/example_dags/example_sla_dag.py
[2023-10-07T04:29:10.738+0530] {logging_mixin.py:151} INFO - [2023-10-07T04:29:10.738+0530] {dag.py:2915} INFO - Sync 1 DAGs
[2023-10-07T04:29:10.756+0530] {logging_mixin.py:151} INFO - [2023-10-07T04:29:10.756+0530] {dag.py:3696} INFO - Setting next_dagrun for example_sla_dag to 2023-10-06T22:56:00+00:00, run_after=2023-10-06T22:58:00+00:00
[2023-10-07T04:29:10.774+0530] {processor.py:179} INFO - Processing /home/raj/Downloads/kafka_2.13-3.5.1/airflow-env/lib64/python3.11/site-packages/airflow/example_dags/example_sla_dag.py took 0.073 seconds
[2023-10-07T04:40:49.044+0530] {processor.py:157} INFO - Started process (PID=9710) to work on /home/raj/Downloads/kafka_2.13-3.5.1/airflow-env/lib64/python3.11/site-packages/airflow/example_dags/example_sla_dag.py
[2023-10-07T04:40:49.045+0530] {processor.py:829} INFO - Processing file /home/raj/Downloads/kafka_2.13-3.5.1/airflow-env/lib64/python3.11/site-packages/airflow/example_dags/example_sla_dag.py for tasks to queue
[2023-10-07T04:40:49.046+0530] {logging_mixin.py:151} INFO - [2023-10-07T04:40:49.046+0530] {dagbag.py:539} INFO - Filling up the DagBag from /home/raj/Downloads/kafka_2.13-3.5.1/airflow-env/lib64/python3.11/site-packages/airflow/example_dags/example_sla_dag.py
[2023-10-07T04:40:49.058+0530] {processor.py:839} INFO - DAG(s) dict_keys(['example_sla_dag']) retrieved from /home/raj/Downloads/kafka_2.13-3.5.1/airflow-env/lib64/python3.11/site-packages/airflow/example_dags/example_sla_dag.py
[2023-10-07T04:40:49.083+0530] {logging_mixin.py:151} INFO - [2023-10-07T04:40:49.083+0530] {dag.py:2915} INFO - Sync 1 DAGs
[2023-10-07T04:40:49.124+0530] {logging_mixin.py:151} INFO - [2023-10-07T04:40:49.123+0530] {dag.py:3696} INFO - Setting next_dagrun for example_sla_dag to 2023-10-06T23:08:00+00:00, run_after=2023-10-06T23:10:00+00:00
[2023-10-07T04:40:49.154+0530] {processor.py:179} INFO - Processing /home/raj/Downloads/kafka_2.13-3.5.1/airflow-env/lib64/python3.11/site-packages/airflow/example_dags/example_sla_dag.py took 0.114 seconds
[2023-10-07T04:41:36.554+0530] {processor.py:157} INFO - Started process (PID=10023) to work on /home/raj/Downloads/kafka_2.13-3.5.1/airflow-env/lib64/python3.11/site-packages/airflow/example_dags/example_sla_dag.py
[2023-10-07T04:41:36.565+0530] {processor.py:829} INFO - Processing file /home/raj/Downloads/kafka_2.13-3.5.1/airflow-env/lib64/python3.11/site-packages/airflow/example_dags/example_sla_dag.py for tasks to queue
[2023-10-07T04:41:36.566+0530] {logging_mixin.py:151} INFO - [2023-10-07T04:41:36.565+0530] {dagbag.py:539} INFO - Filling up the DagBag from /home/raj/Downloads/kafka_2.13-3.5.1/airflow-env/lib64/python3.11/site-packages/airflow/example_dags/example_sla_dag.py
[2023-10-07T04:41:36.576+0530] {processor.py:839} INFO - DAG(s) dict_keys(['example_sla_dag']) retrieved from /home/raj/Downloads/kafka_2.13-3.5.1/airflow-env/lib64/python3.11/site-packages/airflow/example_dags/example_sla_dag.py
[2023-10-07T04:41:36.596+0530] {logging_mixin.py:151} INFO - [2023-10-07T04:41:36.596+0530] {dag.py:2915} INFO - Sync 1 DAGs
[2023-10-07T04:41:36.627+0530] {logging_mixin.py:151} INFO - [2023-10-07T04:41:36.627+0530] {dag.py:3696} INFO - Setting next_dagrun for example_sla_dag to 2023-10-06T23:08:00+00:00, run_after=2023-10-06T23:10:00+00:00
[2023-10-07T04:41:36.649+0530] {processor.py:179} INFO - Processing /home/raj/Downloads/kafka_2.13-3.5.1/airflow-env/lib64/python3.11/site-packages/airflow/example_dags/example_sla_dag.py took 0.098 seconds
[2023-10-07T04:42:24.418+0530] {processor.py:157} INFO - Started process (PID=10192) to work on /home/raj/Downloads/kafka_2.13-3.5.1/airflow-env/lib64/python3.11/site-packages/airflow/example_dags/example_sla_dag.py
[2023-10-07T04:42:24.429+0530] {processor.py:829} INFO - Processing file /home/raj/Downloads/kafka_2.13-3.5.1/airflow-env/lib64/python3.11/site-packages/airflow/example_dags/example_sla_dag.py for tasks to queue
[2023-10-07T04:42:24.431+0530] {logging_mixin.py:151} INFO - [2023-10-07T04:42:24.430+0530] {dagbag.py:539} INFO - Filling up the DagBag from /home/raj/Downloads/kafka_2.13-3.5.1/airflow-env/lib64/python3.11/site-packages/airflow/example_dags/example_sla_dag.py
[2023-10-07T04:42:24.442+0530] {processor.py:839} INFO - DAG(s) dict_keys(['example_sla_dag']) retrieved from /home/raj/Downloads/kafka_2.13-3.5.1/airflow-env/lib64/python3.11/site-packages/airflow/example_dags/example_sla_dag.py
[2023-10-07T04:42:24.458+0530] {logging_mixin.py:151} INFO - [2023-10-07T04:42:24.458+0530] {dag.py:2915} INFO - Sync 1 DAGs
[2023-10-07T04:42:24.480+0530] {logging_mixin.py:151} INFO - [2023-10-07T04:42:24.479+0530] {dag.py:3696} INFO - Setting next_dagrun for example_sla_dag to 2023-10-06T23:10:00+00:00, run_after=2023-10-06T23:12:00+00:00
[2023-10-07T04:42:24.502+0530] {processor.py:179} INFO - Processing /home/raj/Downloads/kafka_2.13-3.5.1/airflow-env/lib64/python3.11/site-packages/airflow/example_dags/example_sla_dag.py took 0.086 seconds
[2023-10-07T04:43:39.500+0530] {processor.py:157} INFO - Started process (PID=10392) to work on /home/raj/Downloads/kafka_2.13-3.5.1/airflow-env/lib64/python3.11/site-packages/airflow/example_dags/example_sla_dag.py
[2023-10-07T04:43:39.510+0530] {processor.py:829} INFO - Processing file /home/raj/Downloads/kafka_2.13-3.5.1/airflow-env/lib64/python3.11/site-packages/airflow/example_dags/example_sla_dag.py for tasks to queue
[2023-10-07T04:43:39.512+0530] {logging_mixin.py:151} INFO - [2023-10-07T04:43:39.511+0530] {dagbag.py:539} INFO - Filling up the DagBag from /home/raj/Downloads/kafka_2.13-3.5.1/airflow-env/lib64/python3.11/site-packages/airflow/example_dags/example_sla_dag.py
[2023-10-07T04:43:39.527+0530] {processor.py:839} INFO - DAG(s) dict_keys(['example_sla_dag']) retrieved from /home/raj/Downloads/kafka_2.13-3.5.1/airflow-env/lib64/python3.11/site-packages/airflow/example_dags/example_sla_dag.py
[2023-10-07T04:43:39.543+0530] {logging_mixin.py:151} INFO - [2023-10-07T04:43:39.543+0530] {dag.py:2915} INFO - Sync 1 DAGs
[2023-10-07T04:43:39.563+0530] {logging_mixin.py:151} INFO - [2023-10-07T04:43:39.563+0530] {dag.py:3696} INFO - Setting next_dagrun for example_sla_dag to 2023-10-06T23:10:00+00:00, run_after=2023-10-06T23:12:00+00:00
[2023-10-07T04:43:39.581+0530] {processor.py:179} INFO - Processing /home/raj/Downloads/kafka_2.13-3.5.1/airflow-env/lib64/python3.11/site-packages/airflow/example_dags/example_sla_dag.py took 0.085 seconds
[2023-10-07T04:44:27.948+0530] {processor.py:157} INFO - Started process (PID=10498) to work on /home/raj/Downloads/kafka_2.13-3.5.1/airflow-env/lib64/python3.11/site-packages/airflow/example_dags/example_sla_dag.py
[2023-10-07T04:44:27.960+0530] {processor.py:829} INFO - Processing file /home/raj/Downloads/kafka_2.13-3.5.1/airflow-env/lib64/python3.11/site-packages/airflow/example_dags/example_sla_dag.py for tasks to queue
[2023-10-07T04:44:27.962+0530] {logging_mixin.py:151} INFO - [2023-10-07T04:44:27.961+0530] {dagbag.py:539} INFO - Filling up the DagBag from /home/raj/Downloads/kafka_2.13-3.5.1/airflow-env/lib64/python3.11/site-packages/airflow/example_dags/example_sla_dag.py
[2023-10-07T04:44:27.980+0530] {processor.py:839} INFO - DAG(s) dict_keys(['example_sla_dag']) retrieved from /home/raj/Downloads/kafka_2.13-3.5.1/airflow-env/lib64/python3.11/site-packages/airflow/example_dags/example_sla_dag.py
[2023-10-07T04:44:28.008+0530] {logging_mixin.py:151} INFO - [2023-10-07T04:44:28.008+0530] {dag.py:2915} INFO - Sync 1 DAGs
[2023-10-07T04:44:28.025+0530] {logging_mixin.py:151} INFO - [2023-10-07T04:44:28.025+0530] {dag.py:3696} INFO - Setting next_dagrun for example_sla_dag to 2023-10-06T23:12:00+00:00, run_after=2023-10-06T23:14:00+00:00
[2023-10-07T04:44:28.044+0530] {processor.py:179} INFO - Processing /home/raj/Downloads/kafka_2.13-3.5.1/airflow-env/lib64/python3.11/site-packages/airflow/example_dags/example_sla_dag.py took 0.101 seconds
[2023-10-07T04:45:16.995+0530] {processor.py:157} INFO - Started process (PID=10655) to work on /home/raj/Downloads/kafka_2.13-3.5.1/airflow-env/lib64/python3.11/site-packages/airflow/example_dags/example_sla_dag.py
[2023-10-07T04:45:17.006+0530] {processor.py:829} INFO - Processing file /home/raj/Downloads/kafka_2.13-3.5.1/airflow-env/lib64/python3.11/site-packages/airflow/example_dags/example_sla_dag.py for tasks to queue
[2023-10-07T04:45:17.008+0530] {logging_mixin.py:151} INFO - [2023-10-07T04:45:17.007+0530] {dagbag.py:539} INFO - Filling up the DagBag from /home/raj/Downloads/kafka_2.13-3.5.1/airflow-env/lib64/python3.11/site-packages/airflow/example_dags/example_sla_dag.py
[2023-10-07T04:45:17.025+0530] {processor.py:839} INFO - DAG(s) dict_keys(['example_sla_dag']) retrieved from /home/raj/Downloads/kafka_2.13-3.5.1/airflow-env/lib64/python3.11/site-packages/airflow/example_dags/example_sla_dag.py
[2023-10-07T04:45:17.053+0530] {logging_mixin.py:151} INFO - [2023-10-07T04:45:17.053+0530] {dag.py:2915} INFO - Sync 1 DAGs
[2023-10-07T04:45:17.071+0530] {logging_mixin.py:151} INFO - [2023-10-07T04:45:17.071+0530] {dag.py:3696} INFO - Setting next_dagrun for example_sla_dag to 2023-10-06T23:12:00+00:00, run_after=2023-10-06T23:14:00+00:00
[2023-10-07T04:45:17.087+0530] {processor.py:179} INFO - Processing /home/raj/Downloads/kafka_2.13-3.5.1/airflow-env/lib64/python3.11/site-packages/airflow/example_dags/example_sla_dag.py took 0.098 seconds
[2023-10-07T04:46:13.331+0530] {processor.py:157} INFO - Started process (PID=10852) to work on /home/raj/Downloads/kafka_2.13-3.5.1/airflow-env/lib64/python3.11/site-packages/airflow/example_dags/example_sla_dag.py
[2023-10-07T04:46:13.332+0530] {processor.py:829} INFO - Processing file /home/raj/Downloads/kafka_2.13-3.5.1/airflow-env/lib64/python3.11/site-packages/airflow/example_dags/example_sla_dag.py for tasks to queue
[2023-10-07T04:46:13.333+0530] {logging_mixin.py:151} INFO - [2023-10-07T04:46:13.333+0530] {dagbag.py:539} INFO - Filling up the DagBag from /home/raj/Downloads/kafka_2.13-3.5.1/airflow-env/lib64/python3.11/site-packages/airflow/example_dags/example_sla_dag.py
[2023-10-07T04:46:13.343+0530] {processor.py:839} INFO - DAG(s) dict_keys(['example_sla_dag']) retrieved from /home/raj/Downloads/kafka_2.13-3.5.1/airflow-env/lib64/python3.11/site-packages/airflow/example_dags/example_sla_dag.py
[2023-10-07T04:46:13.357+0530] {logging_mixin.py:151} INFO - [2023-10-07T04:46:13.357+0530] {dag.py:2915} INFO - Sync 1 DAGs
[2023-10-07T04:46:13.378+0530] {logging_mixin.py:151} INFO - [2023-10-07T04:46:13.378+0530] {dag.py:3696} INFO - Setting next_dagrun for example_sla_dag to 2023-10-06T23:14:00+00:00, run_after=2023-10-06T23:16:00+00:00
[2023-10-07T04:46:13.398+0530] {processor.py:179} INFO - Processing /home/raj/Downloads/kafka_2.13-3.5.1/airflow-env/lib64/python3.11/site-packages/airflow/example_dags/example_sla_dag.py took 0.069 seconds
[2023-10-07T04:47:08.715+0530] {processor.py:157} INFO - Started process (PID=10959) to work on /home/raj/Downloads/kafka_2.13-3.5.1/airflow-env/lib64/python3.11/site-packages/airflow/example_dags/example_sla_dag.py
[2023-10-07T04:47:08.726+0530] {processor.py:829} INFO - Processing file /home/raj/Downloads/kafka_2.13-3.5.1/airflow-env/lib64/python3.11/site-packages/airflow/example_dags/example_sla_dag.py for tasks to queue
[2023-10-07T04:47:08.728+0530] {logging_mixin.py:151} INFO - [2023-10-07T04:47:08.727+0530] {dagbag.py:539} INFO - Filling up the DagBag from /home/raj/Downloads/kafka_2.13-3.5.1/airflow-env/lib64/python3.11/site-packages/airflow/example_dags/example_sla_dag.py
[2023-10-07T04:47:08.736+0530] {processor.py:839} INFO - DAG(s) dict_keys(['example_sla_dag']) retrieved from /home/raj/Downloads/kafka_2.13-3.5.1/airflow-env/lib64/python3.11/site-packages/airflow/example_dags/example_sla_dag.py
[2023-10-07T04:47:08.749+0530] {logging_mixin.py:151} INFO - [2023-10-07T04:47:08.749+0530] {dag.py:2915} INFO - Sync 1 DAGs
[2023-10-07T04:47:08.768+0530] {logging_mixin.py:151} INFO - [2023-10-07T04:47:08.767+0530] {dag.py:3696} INFO - Setting next_dagrun for example_sla_dag to 2023-10-06T23:14:00+00:00, run_after=2023-10-06T23:16:00+00:00
[2023-10-07T04:47:08.788+0530] {processor.py:179} INFO - Processing /home/raj/Downloads/kafka_2.13-3.5.1/airflow-env/lib64/python3.11/site-packages/airflow/example_dags/example_sla_dag.py took 0.079 seconds
[2023-10-07T04:47:56.650+0530] {processor.py:157} INFO - Started process (PID=11044) to work on /home/raj/Downloads/kafka_2.13-3.5.1/airflow-env/lib64/python3.11/site-packages/airflow/example_dags/example_sla_dag.py
[2023-10-07T04:47:56.661+0530] {processor.py:829} INFO - Processing file /home/raj/Downloads/kafka_2.13-3.5.1/airflow-env/lib64/python3.11/site-packages/airflow/example_dags/example_sla_dag.py for tasks to queue
[2023-10-07T04:47:56.662+0530] {logging_mixin.py:151} INFO - [2023-10-07T04:47:56.661+0530] {dagbag.py:539} INFO - Filling up the DagBag from /home/raj/Downloads/kafka_2.13-3.5.1/airflow-env/lib64/python3.11/site-packages/airflow/example_dags/example_sla_dag.py
[2023-10-07T04:47:56.673+0530] {processor.py:839} INFO - DAG(s) dict_keys(['example_sla_dag']) retrieved from /home/raj/Downloads/kafka_2.13-3.5.1/airflow-env/lib64/python3.11/site-packages/airflow/example_dags/example_sla_dag.py
[2023-10-07T04:47:56.694+0530] {logging_mixin.py:151} INFO - [2023-10-07T04:47:56.693+0530] {dag.py:2915} INFO - Sync 1 DAGs
[2023-10-07T04:47:56.718+0530] {logging_mixin.py:151} INFO - [2023-10-07T04:47:56.717+0530] {dag.py:3696} INFO - Setting next_dagrun for example_sla_dag to 2023-10-06T23:14:00+00:00, run_after=2023-10-06T23:16:00+00:00
[2023-10-07T04:47:56.742+0530] {processor.py:179} INFO - Processing /home/raj/Downloads/kafka_2.13-3.5.1/airflow-env/lib64/python3.11/site-packages/airflow/example_dags/example_sla_dag.py took 0.095 seconds
[2023-10-07T04:48:50.687+0530] {processor.py:157} INFO - Started process (PID=11155) to work on /home/raj/Downloads/kafka_2.13-3.5.1/airflow-env/lib64/python3.11/site-packages/airflow/example_dags/example_sla_dag.py
[2023-10-07T04:48:50.698+0530] {processor.py:829} INFO - Processing file /home/raj/Downloads/kafka_2.13-3.5.1/airflow-env/lib64/python3.11/site-packages/airflow/example_dags/example_sla_dag.py for tasks to queue
[2023-10-07T04:48:50.700+0530] {logging_mixin.py:151} INFO - [2023-10-07T04:48:50.699+0530] {dagbag.py:539} INFO - Filling up the DagBag from /home/raj/Downloads/kafka_2.13-3.5.1/airflow-env/lib64/python3.11/site-packages/airflow/example_dags/example_sla_dag.py
[2023-10-07T04:48:50.718+0530] {processor.py:839} INFO - DAG(s) dict_keys(['example_sla_dag']) retrieved from /home/raj/Downloads/kafka_2.13-3.5.1/airflow-env/lib64/python3.11/site-packages/airflow/example_dags/example_sla_dag.py
[2023-10-07T04:48:50.747+0530] {logging_mixin.py:151} INFO - [2023-10-07T04:48:50.747+0530] {dag.py:2915} INFO - Sync 1 DAGs
[2023-10-07T04:48:50.769+0530] {logging_mixin.py:151} INFO - [2023-10-07T04:48:50.769+0530] {dag.py:3696} INFO - Setting next_dagrun for example_sla_dag to 2023-10-06T23:16:00+00:00, run_after=2023-10-06T23:18:00+00:00
[2023-10-07T04:48:50.789+0530] {processor.py:179} INFO - Processing /home/raj/Downloads/kafka_2.13-3.5.1/airflow-env/lib64/python3.11/site-packages/airflow/example_dags/example_sla_dag.py took 0.107 seconds
[2023-10-07T04:49:46.000+0530] {processor.py:157} INFO - Started process (PID=11260) to work on /home/raj/Downloads/kafka_2.13-3.5.1/airflow-env/lib64/python3.11/site-packages/airflow/example_dags/example_sla_dag.py
[2023-10-07T04:49:46.012+0530] {processor.py:829} INFO - Processing file /home/raj/Downloads/kafka_2.13-3.5.1/airflow-env/lib64/python3.11/site-packages/airflow/example_dags/example_sla_dag.py for tasks to queue
[2023-10-07T04:49:46.014+0530] {logging_mixin.py:151} INFO - [2023-10-07T04:49:46.013+0530] {dagbag.py:539} INFO - Filling up the DagBag from /home/raj/Downloads/kafka_2.13-3.5.1/airflow-env/lib64/python3.11/site-packages/airflow/example_dags/example_sla_dag.py
[2023-10-07T04:49:46.041+0530] {processor.py:839} INFO - DAG(s) dict_keys(['example_sla_dag']) retrieved from /home/raj/Downloads/kafka_2.13-3.5.1/airflow-env/lib64/python3.11/site-packages/airflow/example_dags/example_sla_dag.py
[2023-10-07T04:49:46.067+0530] {logging_mixin.py:151} INFO - [2023-10-07T04:49:46.066+0530] {dag.py:2915} INFO - Sync 1 DAGs
[2023-10-07T04:49:46.096+0530] {logging_mixin.py:151} INFO - [2023-10-07T04:49:46.096+0530] {dag.py:3696} INFO - Setting next_dagrun for example_sla_dag to 2023-10-06T23:16:00+00:00, run_after=2023-10-06T23:18:00+00:00
[2023-10-07T04:49:46.117+0530] {processor.py:179} INFO - Processing /home/raj/Downloads/kafka_2.13-3.5.1/airflow-env/lib64/python3.11/site-packages/airflow/example_dags/example_sla_dag.py took 0.123 seconds
[2023-10-07T04:50:40.334+0530] {processor.py:157} INFO - Started process (PID=11355) to work on /home/raj/Downloads/kafka_2.13-3.5.1/airflow-env/lib64/python3.11/site-packages/airflow/example_dags/example_sla_dag.py
[2023-10-07T04:50:40.345+0530] {processor.py:829} INFO - Processing file /home/raj/Downloads/kafka_2.13-3.5.1/airflow-env/lib64/python3.11/site-packages/airflow/example_dags/example_sla_dag.py for tasks to queue
[2023-10-07T04:50:40.346+0530] {logging_mixin.py:151} INFO - [2023-10-07T04:50:40.345+0530] {dagbag.py:539} INFO - Filling up the DagBag from /home/raj/Downloads/kafka_2.13-3.5.1/airflow-env/lib64/python3.11/site-packages/airflow/example_dags/example_sla_dag.py
[2023-10-07T04:50:40.360+0530] {processor.py:839} INFO - DAG(s) dict_keys(['example_sla_dag']) retrieved from /home/raj/Downloads/kafka_2.13-3.5.1/airflow-env/lib64/python3.11/site-packages/airflow/example_dags/example_sla_dag.py
[2023-10-07T04:50:40.385+0530] {logging_mixin.py:151} INFO - [2023-10-07T04:50:40.385+0530] {dag.py:2915} INFO - Sync 1 DAGs
[2023-10-07T04:50:40.407+0530] {logging_mixin.py:151} INFO - [2023-10-07T04:50:40.407+0530] {dag.py:3696} INFO - Setting next_dagrun for example_sla_dag to 2023-10-06T23:18:00+00:00, run_after=2023-10-06T23:20:00+00:00
[2023-10-07T04:50:40.424+0530] {processor.py:179} INFO - Processing /home/raj/Downloads/kafka_2.13-3.5.1/airflow-env/lib64/python3.11/site-packages/airflow/example_dags/example_sla_dag.py took 0.092 seconds
[2023-10-07T04:51:29.481+0530] {processor.py:157} INFO - Started process (PID=11444) to work on /home/raj/Downloads/kafka_2.13-3.5.1/airflow-env/lib64/python3.11/site-packages/airflow/example_dags/example_sla_dag.py
[2023-10-07T04:51:29.483+0530] {processor.py:829} INFO - Processing file /home/raj/Downloads/kafka_2.13-3.5.1/airflow-env/lib64/python3.11/site-packages/airflow/example_dags/example_sla_dag.py for tasks to queue
[2023-10-07T04:51:29.484+0530] {logging_mixin.py:151} INFO - [2023-10-07T04:51:29.484+0530] {dagbag.py:539} INFO - Filling up the DagBag from /home/raj/Downloads/kafka_2.13-3.5.1/airflow-env/lib64/python3.11/site-packages/airflow/example_dags/example_sla_dag.py
[2023-10-07T04:51:29.492+0530] {processor.py:839} INFO - DAG(s) dict_keys(['example_sla_dag']) retrieved from /home/raj/Downloads/kafka_2.13-3.5.1/airflow-env/lib64/python3.11/site-packages/airflow/example_dags/example_sla_dag.py
[2023-10-07T04:51:29.505+0530] {logging_mixin.py:151} INFO - [2023-10-07T04:51:29.505+0530] {dag.py:2915} INFO - Sync 1 DAGs
[2023-10-07T04:51:29.525+0530] {logging_mixin.py:151} INFO - [2023-10-07T04:51:29.525+0530] {dag.py:3696} INFO - Setting next_dagrun for example_sla_dag to 2023-10-06T23:18:00+00:00, run_after=2023-10-06T23:20:00+00:00
[2023-10-07T04:51:29.541+0530] {processor.py:179} INFO - Processing /home/raj/Downloads/kafka_2.13-3.5.1/airflow-env/lib64/python3.11/site-packages/airflow/example_dags/example_sla_dag.py took 0.066 seconds
[2023-10-07T04:52:25.075+0530] {processor.py:157} INFO - Started process (PID=11731) to work on /home/raj/Downloads/kafka_2.13-3.5.1/airflow-env/lib64/python3.11/site-packages/airflow/example_dags/example_sla_dag.py
[2023-10-07T04:52:25.086+0530] {processor.py:829} INFO - Processing file /home/raj/Downloads/kafka_2.13-3.5.1/airflow-env/lib64/python3.11/site-packages/airflow/example_dags/example_sla_dag.py for tasks to queue
[2023-10-07T04:52:25.087+0530] {logging_mixin.py:151} INFO - [2023-10-07T04:52:25.087+0530] {dagbag.py:539} INFO - Filling up the DagBag from /home/raj/Downloads/kafka_2.13-3.5.1/airflow-env/lib64/python3.11/site-packages/airflow/example_dags/example_sla_dag.py
[2023-10-07T04:52:25.096+0530] {processor.py:839} INFO - DAG(s) dict_keys(['example_sla_dag']) retrieved from /home/raj/Downloads/kafka_2.13-3.5.1/airflow-env/lib64/python3.11/site-packages/airflow/example_dags/example_sla_dag.py
[2023-10-07T04:52:25.108+0530] {logging_mixin.py:151} INFO - [2023-10-07T04:52:25.108+0530] {dag.py:2915} INFO - Sync 1 DAGs
[2023-10-07T04:52:25.126+0530] {logging_mixin.py:151} INFO - [2023-10-07T04:52:25.126+0530] {dag.py:3696} INFO - Setting next_dagrun for example_sla_dag to 2023-10-06T23:20:00+00:00, run_after=2023-10-06T23:22:00+00:00
[2023-10-07T04:52:25.144+0530] {processor.py:179} INFO - Processing /home/raj/Downloads/kafka_2.13-3.5.1/airflow-env/lib64/python3.11/site-packages/airflow/example_dags/example_sla_dag.py took 0.075 seconds
[2023-10-07T04:53:17.339+0530] {processor.py:157} INFO - Started process (PID=11872) to work on /home/raj/Downloads/kafka_2.13-3.5.1/airflow-env/lib64/python3.11/site-packages/airflow/example_dags/example_sla_dag.py
[2023-10-07T04:53:17.341+0530] {processor.py:829} INFO - Processing file /home/raj/Downloads/kafka_2.13-3.5.1/airflow-env/lib64/python3.11/site-packages/airflow/example_dags/example_sla_dag.py for tasks to queue
[2023-10-07T04:53:17.341+0530] {logging_mixin.py:151} INFO - [2023-10-07T04:53:17.341+0530] {dagbag.py:539} INFO - Filling up the DagBag from /home/raj/Downloads/kafka_2.13-3.5.1/airflow-env/lib64/python3.11/site-packages/airflow/example_dags/example_sla_dag.py
[2023-10-07T04:53:17.351+0530] {processor.py:839} INFO - DAG(s) dict_keys(['example_sla_dag']) retrieved from /home/raj/Downloads/kafka_2.13-3.5.1/airflow-env/lib64/python3.11/site-packages/airflow/example_dags/example_sla_dag.py
[2023-10-07T04:53:17.367+0530] {logging_mixin.py:151} INFO - [2023-10-07T04:53:17.367+0530] {dag.py:2915} INFO - Sync 1 DAGs
[2023-10-07T04:53:17.394+0530] {logging_mixin.py:151} INFO - [2023-10-07T04:53:17.394+0530] {dag.py:3696} INFO - Setting next_dagrun for example_sla_dag to 2023-10-06T23:20:00+00:00, run_after=2023-10-06T23:22:00+00:00
[2023-10-07T04:53:17.427+0530] {processor.py:179} INFO - Processing /home/raj/Downloads/kafka_2.13-3.5.1/airflow-env/lib64/python3.11/site-packages/airflow/example_dags/example_sla_dag.py took 0.092 seconds
[2023-10-07T04:54:01.798+0530] {processor.py:157} INFO - Started process (PID=11965) to work on /home/raj/Downloads/kafka_2.13-3.5.1/airflow-env/lib64/python3.11/site-packages/airflow/example_dags/example_sla_dag.py
[2023-10-07T04:54:01.808+0530] {processor.py:829} INFO - Processing file /home/raj/Downloads/kafka_2.13-3.5.1/airflow-env/lib64/python3.11/site-packages/airflow/example_dags/example_sla_dag.py for tasks to queue
[2023-10-07T04:54:01.809+0530] {logging_mixin.py:151} INFO - [2023-10-07T04:54:01.809+0530] {dagbag.py:539} INFO - Filling up the DagBag from /home/raj/Downloads/kafka_2.13-3.5.1/airflow-env/lib64/python3.11/site-packages/airflow/example_dags/example_sla_dag.py
[2023-10-07T04:54:01.820+0530] {processor.py:839} INFO - DAG(s) dict_keys(['example_sla_dag']) retrieved from /home/raj/Downloads/kafka_2.13-3.5.1/airflow-env/lib64/python3.11/site-packages/airflow/example_dags/example_sla_dag.py
[2023-10-07T04:54:01.839+0530] {logging_mixin.py:151} INFO - [2023-10-07T04:54:01.839+0530] {dag.py:2915} INFO - Sync 1 DAGs
[2023-10-07T04:54:01.859+0530] {logging_mixin.py:151} INFO - [2023-10-07T04:54:01.859+0530] {dag.py:3696} INFO - Setting next_dagrun for example_sla_dag to 2023-10-06T23:22:00+00:00, run_after=2023-10-06T23:24:00+00:00
[2023-10-07T04:54:01.881+0530] {processor.py:179} INFO - Processing /home/raj/Downloads/kafka_2.13-3.5.1/airflow-env/lib64/python3.11/site-packages/airflow/example_dags/example_sla_dag.py took 0.088 seconds
[2023-10-07T04:54:54.234+0530] {processor.py:157} INFO - Started process (PID=12081) to work on /home/raj/Downloads/kafka_2.13-3.5.1/airflow-env/lib64/python3.11/site-packages/airflow/example_dags/example_sla_dag.py
[2023-10-07T04:54:54.245+0530] {processor.py:829} INFO - Processing file /home/raj/Downloads/kafka_2.13-3.5.1/airflow-env/lib64/python3.11/site-packages/airflow/example_dags/example_sla_dag.py for tasks to queue
[2023-10-07T04:54:54.247+0530] {logging_mixin.py:151} INFO - [2023-10-07T04:54:54.246+0530] {dagbag.py:539} INFO - Filling up the DagBag from /home/raj/Downloads/kafka_2.13-3.5.1/airflow-env/lib64/python3.11/site-packages/airflow/example_dags/example_sla_dag.py
[2023-10-07T04:54:54.264+0530] {processor.py:839} INFO - DAG(s) dict_keys(['example_sla_dag']) retrieved from /home/raj/Downloads/kafka_2.13-3.5.1/airflow-env/lib64/python3.11/site-packages/airflow/example_dags/example_sla_dag.py
[2023-10-07T04:54:54.292+0530] {logging_mixin.py:151} INFO - [2023-10-07T04:54:54.292+0530] {dag.py:2915} INFO - Sync 1 DAGs
[2023-10-07T04:54:54.310+0530] {logging_mixin.py:151} INFO - [2023-10-07T04:54:54.309+0530] {dag.py:3696} INFO - Setting next_dagrun for example_sla_dag to 2023-10-06T23:22:00+00:00, run_after=2023-10-06T23:24:00+00:00
[2023-10-07T04:54:54.327+0530] {processor.py:179} INFO - Processing /home/raj/Downloads/kafka_2.13-3.5.1/airflow-env/lib64/python3.11/site-packages/airflow/example_dags/example_sla_dag.py took 0.097 seconds
[2023-10-07T04:55:47.351+0530] {processor.py:157} INFO - Started process (PID=12213) to work on /home/raj/Downloads/kafka_2.13-3.5.1/airflow-env/lib64/python3.11/site-packages/airflow/example_dags/example_sla_dag.py
[2023-10-07T04:55:47.362+0530] {processor.py:829} INFO - Processing file /home/raj/Downloads/kafka_2.13-3.5.1/airflow-env/lib64/python3.11/site-packages/airflow/example_dags/example_sla_dag.py for tasks to queue
[2023-10-07T04:55:47.364+0530] {logging_mixin.py:151} INFO - [2023-10-07T04:55:47.363+0530] {dagbag.py:539} INFO - Filling up the DagBag from /home/raj/Downloads/kafka_2.13-3.5.1/airflow-env/lib64/python3.11/site-packages/airflow/example_dags/example_sla_dag.py
[2023-10-07T04:55:47.382+0530] {processor.py:839} INFO - DAG(s) dict_keys(['example_sla_dag']) retrieved from /home/raj/Downloads/kafka_2.13-3.5.1/airflow-env/lib64/python3.11/site-packages/airflow/example_dags/example_sla_dag.py
[2023-10-07T04:55:47.412+0530] {logging_mixin.py:151} INFO - [2023-10-07T04:55:47.412+0530] {dag.py:2915} INFO - Sync 1 DAGs
[2023-10-07T04:55:47.438+0530] {logging_mixin.py:151} INFO - [2023-10-07T04:55:47.438+0530] {dag.py:3696} INFO - Setting next_dagrun for example_sla_dag to 2023-10-06T23:22:00+00:00, run_after=2023-10-06T23:24:00+00:00
[2023-10-07T04:55:47.459+0530] {processor.py:179} INFO - Processing /home/raj/Downloads/kafka_2.13-3.5.1/airflow-env/lib64/python3.11/site-packages/airflow/example_dags/example_sla_dag.py took 0.114 seconds
[2023-10-07T04:56:33.125+0530] {processor.py:157} INFO - Started process (PID=12279) to work on /home/raj/Downloads/kafka_2.13-3.5.1/airflow-env/lib64/python3.11/site-packages/airflow/example_dags/example_sla_dag.py
[2023-10-07T04:56:33.137+0530] {processor.py:829} INFO - Processing file /home/raj/Downloads/kafka_2.13-3.5.1/airflow-env/lib64/python3.11/site-packages/airflow/example_dags/example_sla_dag.py for tasks to queue
[2023-10-07T04:56:33.138+0530] {logging_mixin.py:151} INFO - [2023-10-07T04:56:33.138+0530] {dagbag.py:539} INFO - Filling up the DagBag from /home/raj/Downloads/kafka_2.13-3.5.1/airflow-env/lib64/python3.11/site-packages/airflow/example_dags/example_sla_dag.py
[2023-10-07T04:56:33.154+0530] {processor.py:839} INFO - DAG(s) dict_keys(['example_sla_dag']) retrieved from /home/raj/Downloads/kafka_2.13-3.5.1/airflow-env/lib64/python3.11/site-packages/airflow/example_dags/example_sla_dag.py
[2023-10-07T04:56:33.182+0530] {logging_mixin.py:151} INFO - [2023-10-07T04:56:33.182+0530] {dag.py:2915} INFO - Sync 1 DAGs
[2023-10-07T04:56:33.204+0530] {logging_mixin.py:151} INFO - [2023-10-07T04:56:33.203+0530] {dag.py:3696} INFO - Setting next_dagrun for example_sla_dag to 2023-10-06T23:24:00+00:00, run_after=2023-10-06T23:26:00+00:00
[2023-10-07T04:56:33.225+0530] {processor.py:179} INFO - Processing /home/raj/Downloads/kafka_2.13-3.5.1/airflow-env/lib64/python3.11/site-packages/airflow/example_dags/example_sla_dag.py took 0.104 seconds
[2023-10-07T04:57:19.823+0530] {processor.py:157} INFO - Started process (PID=12424) to work on /home/raj/Downloads/kafka_2.13-3.5.1/airflow-env/lib64/python3.11/site-packages/airflow/example_dags/example_sla_dag.py
[2023-10-07T04:57:19.835+0530] {processor.py:829} INFO - Processing file /home/raj/Downloads/kafka_2.13-3.5.1/airflow-env/lib64/python3.11/site-packages/airflow/example_dags/example_sla_dag.py for tasks to queue
[2023-10-07T04:57:19.836+0530] {logging_mixin.py:151} INFO - [2023-10-07T04:57:19.836+0530] {dagbag.py:539} INFO - Filling up the DagBag from /home/raj/Downloads/kafka_2.13-3.5.1/airflow-env/lib64/python3.11/site-packages/airflow/example_dags/example_sla_dag.py
[2023-10-07T04:57:19.854+0530] {processor.py:839} INFO - DAG(s) dict_keys(['example_sla_dag']) retrieved from /home/raj/Downloads/kafka_2.13-3.5.1/airflow-env/lib64/python3.11/site-packages/airflow/example_dags/example_sla_dag.py
[2023-10-07T04:57:19.883+0530] {logging_mixin.py:151} INFO - [2023-10-07T04:57:19.883+0530] {dag.py:2915} INFO - Sync 1 DAGs
[2023-10-07T04:57:19.902+0530] {logging_mixin.py:151} INFO - [2023-10-07T04:57:19.902+0530] {dag.py:3696} INFO - Setting next_dagrun for example_sla_dag to 2023-10-06T23:24:00+00:00, run_after=2023-10-06T23:26:00+00:00
[2023-10-07T04:57:19.922+0530] {processor.py:179} INFO - Processing /home/raj/Downloads/kafka_2.13-3.5.1/airflow-env/lib64/python3.11/site-packages/airflow/example_dags/example_sla_dag.py took 0.103 seconds
[2023-10-07T04:58:09.425+0530] {processor.py:157} INFO - Started process (PID=12509) to work on /home/raj/Downloads/kafka_2.13-3.5.1/airflow-env/lib64/python3.11/site-packages/airflow/example_dags/example_sla_dag.py
[2023-10-07T04:58:09.436+0530] {processor.py:829} INFO - Processing file /home/raj/Downloads/kafka_2.13-3.5.1/airflow-env/lib64/python3.11/site-packages/airflow/example_dags/example_sla_dag.py for tasks to queue
[2023-10-07T04:58:09.438+0530] {logging_mixin.py:151} INFO - [2023-10-07T04:58:09.437+0530] {dagbag.py:539} INFO - Filling up the DagBag from /home/raj/Downloads/kafka_2.13-3.5.1/airflow-env/lib64/python3.11/site-packages/airflow/example_dags/example_sla_dag.py
[2023-10-07T04:58:09.457+0530] {processor.py:839} INFO - DAG(s) dict_keys(['example_sla_dag']) retrieved from /home/raj/Downloads/kafka_2.13-3.5.1/airflow-env/lib64/python3.11/site-packages/airflow/example_dags/example_sla_dag.py
[2023-10-07T04:58:09.485+0530] {logging_mixin.py:151} INFO - [2023-10-07T04:58:09.484+0530] {dag.py:2915} INFO - Sync 1 DAGs
[2023-10-07T04:58:09.509+0530] {logging_mixin.py:151} INFO - [2023-10-07T04:58:09.509+0530] {dag.py:3696} INFO - Setting next_dagrun for example_sla_dag to 2023-10-06T23:26:00+00:00, run_after=2023-10-06T23:28:00+00:00
[2023-10-07T04:58:09.535+0530] {processor.py:179} INFO - Processing /home/raj/Downloads/kafka_2.13-3.5.1/airflow-env/lib64/python3.11/site-packages/airflow/example_dags/example_sla_dag.py took 0.116 seconds
[2023-10-07T04:59:00.297+0530] {processor.py:157} INFO - Started process (PID=12641) to work on /home/raj/Downloads/kafka_2.13-3.5.1/airflow-env/lib64/python3.11/site-packages/airflow/example_dags/example_sla_dag.py
[2023-10-07T04:59:00.308+0530] {processor.py:829} INFO - Processing file /home/raj/Downloads/kafka_2.13-3.5.1/airflow-env/lib64/python3.11/site-packages/airflow/example_dags/example_sla_dag.py for tasks to queue
[2023-10-07T04:59:00.309+0530] {logging_mixin.py:151} INFO - [2023-10-07T04:59:00.309+0530] {dagbag.py:539} INFO - Filling up the DagBag from /home/raj/Downloads/kafka_2.13-3.5.1/airflow-env/lib64/python3.11/site-packages/airflow/example_dags/example_sla_dag.py
[2023-10-07T04:59:00.328+0530] {processor.py:839} INFO - DAG(s) dict_keys(['example_sla_dag']) retrieved from /home/raj/Downloads/kafka_2.13-3.5.1/airflow-env/lib64/python3.11/site-packages/airflow/example_dags/example_sla_dag.py
[2023-10-07T04:59:00.356+0530] {logging_mixin.py:151} INFO - [2023-10-07T04:59:00.355+0530] {dag.py:2915} INFO - Sync 1 DAGs
[2023-10-07T04:59:00.375+0530] {logging_mixin.py:151} INFO - [2023-10-07T04:59:00.375+0530] {dag.py:3696} INFO - Setting next_dagrun for example_sla_dag to 2023-10-06T23:26:00+00:00, run_after=2023-10-06T23:28:00+00:00
[2023-10-07T04:59:00.394+0530] {processor.py:179} INFO - Processing /home/raj/Downloads/kafka_2.13-3.5.1/airflow-env/lib64/python3.11/site-packages/airflow/example_dags/example_sla_dag.py took 0.102 seconds
