[2023-10-07T03:59:53.023+0530] {processor.py:157} INFO - Started process (PID=18040) to work on /home/raj/Downloads/kafka_2.13-3.5.1/airflow-env/lib64/python3.11/site-packages/airflow/example_dags/example_params_ui_tutorial.py
[2023-10-07T03:59:53.024+0530] {processor.py:829} INFO - Processing file /home/raj/Downloads/kafka_2.13-3.5.1/airflow-env/lib64/python3.11/site-packages/airflow/example_dags/example_params_ui_tutorial.py for tasks to queue
[2023-10-07T03:59:53.025+0530] {logging_mixin.py:151} INFO - [2023-10-07T03:59:53.024+0530] {dagbag.py:539} INFO - Filling up the DagBag from /home/raj/Downloads/kafka_2.13-3.5.1/airflow-env/lib64/python3.11/site-packages/airflow/example_dags/example_params_ui_tutorial.py
[2023-10-07T03:59:53.052+0530] {processor.py:839} INFO - DAG(s) dict_keys(['example_params_ui_tutorial']) retrieved from /home/raj/Downloads/kafka_2.13-3.5.1/airflow-env/lib64/python3.11/site-packages/airflow/example_dags/example_params_ui_tutorial.py
[2023-10-07T03:59:53.204+0530] {logging_mixin.py:151} INFO - [2023-10-07T03:59:53.203+0530] {manager.py:499} INFO - Created Permission View: %s
[2023-10-07T03:59:53.219+0530] {logging_mixin.py:151} INFO - [2023-10-07T03:59:53.218+0530] {manager.py:499} INFO - Created Permission View: %s
[2023-10-07T03:59:53.230+0530] {logging_mixin.py:151} INFO - [2023-10-07T03:59:53.229+0530] {manager.py:499} INFO - Created Permission View: %s
[2023-10-07T03:59:53.230+0530] {logging_mixin.py:151} INFO - [2023-10-07T03:59:53.230+0530] {security.py:708} INFO - Not syncing DAG-level permissions for DAG 'DAG:example_params_ui_tutorial' as access control is unset.
[2023-10-07T03:59:53.230+0530] {logging_mixin.py:151} INFO - [2023-10-07T03:59:53.230+0530] {dag.py:2915} INFO - Sync 1 DAGs
[2023-10-07T03:59:53.245+0530] {logging_mixin.py:151} INFO - [2023-10-07T03:59:53.245+0530] {dag.py:2937} INFO - Creating ORM DAG for example_params_ui_tutorial
[2023-10-07T03:59:53.246+0530] {logging_mixin.py:151} INFO - [2023-10-07T03:59:53.245+0530] {dag.py:3696} INFO - Setting next_dagrun for example_params_ui_tutorial to None, run_after=None
[2023-10-07T03:59:53.270+0530] {processor.py:179} INFO - Processing /home/raj/Downloads/kafka_2.13-3.5.1/airflow-env/lib64/python3.11/site-packages/airflow/example_dags/example_params_ui_tutorial.py took 0.251 seconds
[2023-10-07T04:00:43.974+0530] {processor.py:157} INFO - Started process (PID=18152) to work on /home/raj/Downloads/kafka_2.13-3.5.1/airflow-env/lib64/python3.11/site-packages/airflow/example_dags/example_params_ui_tutorial.py
[2023-10-07T04:00:43.975+0530] {processor.py:829} INFO - Processing file /home/raj/Downloads/kafka_2.13-3.5.1/airflow-env/lib64/python3.11/site-packages/airflow/example_dags/example_params_ui_tutorial.py for tasks to queue
[2023-10-07T04:00:43.976+0530] {logging_mixin.py:151} INFO - [2023-10-07T04:00:43.976+0530] {dagbag.py:539} INFO - Filling up the DagBag from /home/raj/Downloads/kafka_2.13-3.5.1/airflow-env/lib64/python3.11/site-packages/airflow/example_dags/example_params_ui_tutorial.py
[2023-10-07T04:00:44.007+0530] {processor.py:839} INFO - DAG(s) dict_keys(['example_params_ui_tutorial']) retrieved from /home/raj/Downloads/kafka_2.13-3.5.1/airflow-env/lib64/python3.11/site-packages/airflow/example_dags/example_params_ui_tutorial.py
[2023-10-07T04:00:44.052+0530] {logging_mixin.py:151} INFO - [2023-10-07T04:00:44.052+0530] {dag.py:2915} INFO - Sync 1 DAGs
[2023-10-07T04:00:44.066+0530] {logging_mixin.py:151} INFO - [2023-10-07T04:00:44.066+0530] {dag.py:3696} INFO - Setting next_dagrun for example_params_ui_tutorial to None, run_after=None
[2023-10-07T04:00:44.098+0530] {processor.py:179} INFO - Processing /home/raj/Downloads/kafka_2.13-3.5.1/airflow-env/lib64/python3.11/site-packages/airflow/example_dags/example_params_ui_tutorial.py took 0.126 seconds
[2023-10-07T04:01:29.667+0530] {processor.py:157} INFO - Started process (PID=18293) to work on /home/raj/Downloads/kafka_2.13-3.5.1/airflow-env/lib64/python3.11/site-packages/airflow/example_dags/example_params_ui_tutorial.py
[2023-10-07T04:01:29.668+0530] {processor.py:829} INFO - Processing file /home/raj/Downloads/kafka_2.13-3.5.1/airflow-env/lib64/python3.11/site-packages/airflow/example_dags/example_params_ui_tutorial.py for tasks to queue
[2023-10-07T04:01:29.669+0530] {logging_mixin.py:151} INFO - [2023-10-07T04:01:29.669+0530] {dagbag.py:539} INFO - Filling up the DagBag from /home/raj/Downloads/kafka_2.13-3.5.1/airflow-env/lib64/python3.11/site-packages/airflow/example_dags/example_params_ui_tutorial.py
[2023-10-07T04:01:29.707+0530] {processor.py:839} INFO - DAG(s) dict_keys(['example_params_ui_tutorial']) retrieved from /home/raj/Downloads/kafka_2.13-3.5.1/airflow-env/lib64/python3.11/site-packages/airflow/example_dags/example_params_ui_tutorial.py
[2023-10-07T04:01:29.745+0530] {logging_mixin.py:151} INFO - [2023-10-07T04:01:29.745+0530] {dag.py:2915} INFO - Sync 1 DAGs
[2023-10-07T04:01:29.757+0530] {logging_mixin.py:151} INFO - [2023-10-07T04:01:29.757+0530] {dag.py:3696} INFO - Setting next_dagrun for example_params_ui_tutorial to None, run_after=None
[2023-10-07T04:01:29.790+0530] {processor.py:179} INFO - Processing /home/raj/Downloads/kafka_2.13-3.5.1/airflow-env/lib64/python3.11/site-packages/airflow/example_dags/example_params_ui_tutorial.py took 0.129 seconds
[2023-10-07T04:02:19.979+0530] {processor.py:157} INFO - Started process (PID=18407) to work on /home/raj/Downloads/kafka_2.13-3.5.1/airflow-env/lib64/python3.11/site-packages/airflow/example_dags/example_params_ui_tutorial.py
[2023-10-07T04:02:19.981+0530] {processor.py:829} INFO - Processing file /home/raj/Downloads/kafka_2.13-3.5.1/airflow-env/lib64/python3.11/site-packages/airflow/example_dags/example_params_ui_tutorial.py for tasks to queue
[2023-10-07T04:02:19.982+0530] {logging_mixin.py:151} INFO - [2023-10-07T04:02:19.981+0530] {dagbag.py:539} INFO - Filling up the DagBag from /home/raj/Downloads/kafka_2.13-3.5.1/airflow-env/lib64/python3.11/site-packages/airflow/example_dags/example_params_ui_tutorial.py
[2023-10-07T04:02:20.006+0530] {processor.py:839} INFO - DAG(s) dict_keys(['example_params_ui_tutorial']) retrieved from /home/raj/Downloads/kafka_2.13-3.5.1/airflow-env/lib64/python3.11/site-packages/airflow/example_dags/example_params_ui_tutorial.py
[2023-10-07T04:02:20.042+0530] {logging_mixin.py:151} INFO - [2023-10-07T04:02:20.041+0530] {dag.py:2915} INFO - Sync 1 DAGs
[2023-10-07T04:02:20.053+0530] {logging_mixin.py:151} INFO - [2023-10-07T04:02:20.053+0530] {dag.py:3696} INFO - Setting next_dagrun for example_params_ui_tutorial to None, run_after=None
[2023-10-07T04:02:20.076+0530] {processor.py:179} INFO - Processing /home/raj/Downloads/kafka_2.13-3.5.1/airflow-env/lib64/python3.11/site-packages/airflow/example_dags/example_params_ui_tutorial.py took 0.101 seconds
[2023-10-07T04:03:13.316+0530] {processor.py:157} INFO - Started process (PID=18635) to work on /home/raj/Downloads/kafka_2.13-3.5.1/airflow-env/lib64/python3.11/site-packages/airflow/example_dags/example_params_ui_tutorial.py
[2023-10-07T04:03:13.318+0530] {processor.py:829} INFO - Processing file /home/raj/Downloads/kafka_2.13-3.5.1/airflow-env/lib64/python3.11/site-packages/airflow/example_dags/example_params_ui_tutorial.py for tasks to queue
[2023-10-07T04:03:13.319+0530] {logging_mixin.py:151} INFO - [2023-10-07T04:03:13.319+0530] {dagbag.py:539} INFO - Filling up the DagBag from /home/raj/Downloads/kafka_2.13-3.5.1/airflow-env/lib64/python3.11/site-packages/airflow/example_dags/example_params_ui_tutorial.py
[2023-10-07T04:03:13.362+0530] {processor.py:839} INFO - DAG(s) dict_keys(['example_params_ui_tutorial']) retrieved from /home/raj/Downloads/kafka_2.13-3.5.1/airflow-env/lib64/python3.11/site-packages/airflow/example_dags/example_params_ui_tutorial.py
[2023-10-07T04:03:13.405+0530] {logging_mixin.py:151} INFO - [2023-10-07T04:03:13.405+0530] {dag.py:2915} INFO - Sync 1 DAGs
[2023-10-07T04:03:13.417+0530] {logging_mixin.py:151} INFO - [2023-10-07T04:03:13.417+0530] {dag.py:3696} INFO - Setting next_dagrun for example_params_ui_tutorial to None, run_after=None
[2023-10-07T04:03:13.438+0530] {processor.py:179} INFO - Processing /home/raj/Downloads/kafka_2.13-3.5.1/airflow-env/lib64/python3.11/site-packages/airflow/example_dags/example_params_ui_tutorial.py took 0.128 seconds
[2023-10-07T04:03:58.905+0530] {processor.py:157} INFO - Started process (PID=18696) to work on /home/raj/Downloads/kafka_2.13-3.5.1/airflow-env/lib64/python3.11/site-packages/airflow/example_dags/example_params_ui_tutorial.py
[2023-10-07T04:03:58.916+0530] {processor.py:829} INFO - Processing file /home/raj/Downloads/kafka_2.13-3.5.1/airflow-env/lib64/python3.11/site-packages/airflow/example_dags/example_params_ui_tutorial.py for tasks to queue
[2023-10-07T04:03:58.917+0530] {logging_mixin.py:151} INFO - [2023-10-07T04:03:58.917+0530] {dagbag.py:539} INFO - Filling up the DagBag from /home/raj/Downloads/kafka_2.13-3.5.1/airflow-env/lib64/python3.11/site-packages/airflow/example_dags/example_params_ui_tutorial.py
[2023-10-07T04:03:58.939+0530] {processor.py:839} INFO - DAG(s) dict_keys(['example_params_ui_tutorial']) retrieved from /home/raj/Downloads/kafka_2.13-3.5.1/airflow-env/lib64/python3.11/site-packages/airflow/example_dags/example_params_ui_tutorial.py
[2023-10-07T04:03:58.976+0530] {logging_mixin.py:151} INFO - [2023-10-07T04:03:58.976+0530] {dag.py:2915} INFO - Sync 1 DAGs
[2023-10-07T04:03:58.988+0530] {logging_mixin.py:151} INFO - [2023-10-07T04:03:58.988+0530] {dag.py:3696} INFO - Setting next_dagrun for example_params_ui_tutorial to None, run_after=None
[2023-10-07T04:03:59.012+0530] {processor.py:179} INFO - Processing /home/raj/Downloads/kafka_2.13-3.5.1/airflow-env/lib64/python3.11/site-packages/airflow/example_dags/example_params_ui_tutorial.py took 0.112 seconds
[2023-10-07T04:04:48.398+0530] {processor.py:157} INFO - Started process (PID=18834) to work on /home/raj/Downloads/kafka_2.13-3.5.1/airflow-env/lib64/python3.11/site-packages/airflow/example_dags/example_params_ui_tutorial.py
[2023-10-07T04:04:48.410+0530] {processor.py:829} INFO - Processing file /home/raj/Downloads/kafka_2.13-3.5.1/airflow-env/lib64/python3.11/site-packages/airflow/example_dags/example_params_ui_tutorial.py for tasks to queue
[2023-10-07T04:04:48.412+0530] {logging_mixin.py:151} INFO - [2023-10-07T04:04:48.411+0530] {dagbag.py:539} INFO - Filling up the DagBag from /home/raj/Downloads/kafka_2.13-3.5.1/airflow-env/lib64/python3.11/site-packages/airflow/example_dags/example_params_ui_tutorial.py
[2023-10-07T04:04:48.442+0530] {processor.py:839} INFO - DAG(s) dict_keys(['example_params_ui_tutorial']) retrieved from /home/raj/Downloads/kafka_2.13-3.5.1/airflow-env/lib64/python3.11/site-packages/airflow/example_dags/example_params_ui_tutorial.py
[2023-10-07T04:04:48.493+0530] {logging_mixin.py:151} INFO - [2023-10-07T04:04:48.493+0530] {dag.py:2915} INFO - Sync 1 DAGs
[2023-10-07T04:04:48.505+0530] {logging_mixin.py:151} INFO - [2023-10-07T04:04:48.505+0530] {dag.py:3696} INFO - Setting next_dagrun for example_params_ui_tutorial to None, run_after=None
[2023-10-07T04:04:48.533+0530] {processor.py:179} INFO - Processing /home/raj/Downloads/kafka_2.13-3.5.1/airflow-env/lib64/python3.11/site-packages/airflow/example_dags/example_params_ui_tutorial.py took 0.140 seconds
[2023-10-07T04:05:40.649+0530] {processor.py:157} INFO - Started process (PID=18986) to work on /home/raj/Downloads/kafka_2.13-3.5.1/airflow-env/lib64/python3.11/site-packages/airflow/example_dags/example_params_ui_tutorial.py
[2023-10-07T04:05:40.660+0530] {processor.py:829} INFO - Processing file /home/raj/Downloads/kafka_2.13-3.5.1/airflow-env/lib64/python3.11/site-packages/airflow/example_dags/example_params_ui_tutorial.py for tasks to queue
[2023-10-07T04:05:40.662+0530] {logging_mixin.py:151} INFO - [2023-10-07T04:05:40.662+0530] {dagbag.py:539} INFO - Filling up the DagBag from /home/raj/Downloads/kafka_2.13-3.5.1/airflow-env/lib64/python3.11/site-packages/airflow/example_dags/example_params_ui_tutorial.py
[2023-10-07T04:05:40.685+0530] {processor.py:839} INFO - DAG(s) dict_keys(['example_params_ui_tutorial']) retrieved from /home/raj/Downloads/kafka_2.13-3.5.1/airflow-env/lib64/python3.11/site-packages/airflow/example_dags/example_params_ui_tutorial.py
[2023-10-07T04:05:40.721+0530] {logging_mixin.py:151} INFO - [2023-10-07T04:05:40.721+0530] {dag.py:2915} INFO - Sync 1 DAGs
[2023-10-07T04:05:40.733+0530] {logging_mixin.py:151} INFO - [2023-10-07T04:05:40.733+0530] {dag.py:3696} INFO - Setting next_dagrun for example_params_ui_tutorial to None, run_after=None
[2023-10-07T04:05:40.755+0530] {processor.py:179} INFO - Processing /home/raj/Downloads/kafka_2.13-3.5.1/airflow-env/lib64/python3.11/site-packages/airflow/example_dags/example_params_ui_tutorial.py took 0.111 seconds
[2023-10-07T04:06:33.686+0530] {processor.py:157} INFO - Started process (PID=19108) to work on /home/raj/Downloads/kafka_2.13-3.5.1/airflow-env/lib64/python3.11/site-packages/airflow/example_dags/example_params_ui_tutorial.py
[2023-10-07T04:06:33.698+0530] {processor.py:829} INFO - Processing file /home/raj/Downloads/kafka_2.13-3.5.1/airflow-env/lib64/python3.11/site-packages/airflow/example_dags/example_params_ui_tutorial.py for tasks to queue
[2023-10-07T04:06:33.699+0530] {logging_mixin.py:151} INFO - [2023-10-07T04:06:33.698+0530] {dagbag.py:539} INFO - Filling up the DagBag from /home/raj/Downloads/kafka_2.13-3.5.1/airflow-env/lib64/python3.11/site-packages/airflow/example_dags/example_params_ui_tutorial.py
[2023-10-07T04:06:33.745+0530] {processor.py:839} INFO - DAG(s) dict_keys(['example_params_ui_tutorial']) retrieved from /home/raj/Downloads/kafka_2.13-3.5.1/airflow-env/lib64/python3.11/site-packages/airflow/example_dags/example_params_ui_tutorial.py
[2023-10-07T04:06:33.785+0530] {logging_mixin.py:151} INFO - [2023-10-07T04:06:33.785+0530] {dag.py:2915} INFO - Sync 1 DAGs
[2023-10-07T04:06:33.796+0530] {logging_mixin.py:151} INFO - [2023-10-07T04:06:33.796+0530] {dag.py:3696} INFO - Setting next_dagrun for example_params_ui_tutorial to None, run_after=None
[2023-10-07T04:06:33.818+0530] {processor.py:179} INFO - Processing /home/raj/Downloads/kafka_2.13-3.5.1/airflow-env/lib64/python3.11/site-packages/airflow/example_dags/example_params_ui_tutorial.py took 0.137 seconds
[2023-10-07T04:07:30.566+0530] {processor.py:157} INFO - Started process (PID=19204) to work on /home/raj/Downloads/kafka_2.13-3.5.1/airflow-env/lib64/python3.11/site-packages/airflow/example_dags/example_params_ui_tutorial.py
[2023-10-07T04:07:30.577+0530] {processor.py:829} INFO - Processing file /home/raj/Downloads/kafka_2.13-3.5.1/airflow-env/lib64/python3.11/site-packages/airflow/example_dags/example_params_ui_tutorial.py for tasks to queue
[2023-10-07T04:07:30.578+0530] {logging_mixin.py:151} INFO - [2023-10-07T04:07:30.578+0530] {dagbag.py:539} INFO - Filling up the DagBag from /home/raj/Downloads/kafka_2.13-3.5.1/airflow-env/lib64/python3.11/site-packages/airflow/example_dags/example_params_ui_tutorial.py
[2023-10-07T04:07:30.628+0530] {processor.py:839} INFO - DAG(s) dict_keys(['example_params_ui_tutorial']) retrieved from /home/raj/Downloads/kafka_2.13-3.5.1/airflow-env/lib64/python3.11/site-packages/airflow/example_dags/example_params_ui_tutorial.py
[2023-10-07T04:07:30.661+0530] {logging_mixin.py:151} INFO - [2023-10-07T04:07:30.660+0530] {dag.py:2915} INFO - Sync 1 DAGs
[2023-10-07T04:07:30.671+0530] {logging_mixin.py:151} INFO - [2023-10-07T04:07:30.671+0530] {dag.py:3696} INFO - Setting next_dagrun for example_params_ui_tutorial to None, run_after=None
[2023-10-07T04:07:30.694+0530] {processor.py:179} INFO - Processing /home/raj/Downloads/kafka_2.13-3.5.1/airflow-env/lib64/python3.11/site-packages/airflow/example_dags/example_params_ui_tutorial.py took 0.134 seconds
[2023-10-07T04:08:24.259+0530] {processor.py:157} INFO - Started process (PID=19260) to work on /home/raj/Downloads/kafka_2.13-3.5.1/airflow-env/lib64/python3.11/site-packages/airflow/example_dags/example_params_ui_tutorial.py
[2023-10-07T04:08:24.271+0530] {processor.py:829} INFO - Processing file /home/raj/Downloads/kafka_2.13-3.5.1/airflow-env/lib64/python3.11/site-packages/airflow/example_dags/example_params_ui_tutorial.py for tasks to queue
[2023-10-07T04:08:24.272+0530] {logging_mixin.py:151} INFO - [2023-10-07T04:08:24.271+0530] {dagbag.py:539} INFO - Filling up the DagBag from /home/raj/Downloads/kafka_2.13-3.5.1/airflow-env/lib64/python3.11/site-packages/airflow/example_dags/example_params_ui_tutorial.py
[2023-10-07T04:08:24.321+0530] {processor.py:839} INFO - DAG(s) dict_keys(['example_params_ui_tutorial']) retrieved from /home/raj/Downloads/kafka_2.13-3.5.1/airflow-env/lib64/python3.11/site-packages/airflow/example_dags/example_params_ui_tutorial.py
[2023-10-07T04:08:24.362+0530] {logging_mixin.py:151} INFO - [2023-10-07T04:08:24.361+0530] {dag.py:2915} INFO - Sync 1 DAGs
[2023-10-07T04:08:24.372+0530] {logging_mixin.py:151} INFO - [2023-10-07T04:08:24.372+0530] {dag.py:3696} INFO - Setting next_dagrun for example_params_ui_tutorial to None, run_after=None
[2023-10-07T04:08:24.403+0530] {processor.py:179} INFO - Processing /home/raj/Downloads/kafka_2.13-3.5.1/airflow-env/lib64/python3.11/site-packages/airflow/example_dags/example_params_ui_tutorial.py took 0.150 seconds
[2023-10-07T04:09:18.551+0530] {processor.py:157} INFO - Started process (PID=19317) to work on /home/raj/Downloads/kafka_2.13-3.5.1/airflow-env/lib64/python3.11/site-packages/airflow/example_dags/example_params_ui_tutorial.py
[2023-10-07T04:09:18.562+0530] {processor.py:829} INFO - Processing file /home/raj/Downloads/kafka_2.13-3.5.1/airflow-env/lib64/python3.11/site-packages/airflow/example_dags/example_params_ui_tutorial.py for tasks to queue
[2023-10-07T04:09:18.564+0530] {logging_mixin.py:151} INFO - [2023-10-07T04:09:18.563+0530] {dagbag.py:539} INFO - Filling up the DagBag from /home/raj/Downloads/kafka_2.13-3.5.1/airflow-env/lib64/python3.11/site-packages/airflow/example_dags/example_params_ui_tutorial.py
[2023-10-07T04:09:18.612+0530] {processor.py:839} INFO - DAG(s) dict_keys(['example_params_ui_tutorial']) retrieved from /home/raj/Downloads/kafka_2.13-3.5.1/airflow-env/lib64/python3.11/site-packages/airflow/example_dags/example_params_ui_tutorial.py
[2023-10-07T04:09:18.646+0530] {logging_mixin.py:151} INFO - [2023-10-07T04:09:18.646+0530] {dag.py:2915} INFO - Sync 1 DAGs
[2023-10-07T04:09:18.657+0530] {logging_mixin.py:151} INFO - [2023-10-07T04:09:18.657+0530] {dag.py:3696} INFO - Setting next_dagrun for example_params_ui_tutorial to None, run_after=None
[2023-10-07T04:09:18.677+0530] {processor.py:179} INFO - Processing /home/raj/Downloads/kafka_2.13-3.5.1/airflow-env/lib64/python3.11/site-packages/airflow/example_dags/example_params_ui_tutorial.py took 0.132 seconds
[2023-10-07T04:10:07.479+0530] {processor.py:157} INFO - Started process (PID=19366) to work on /home/raj/Downloads/kafka_2.13-3.5.1/airflow-env/lib64/python3.11/site-packages/airflow/example_dags/example_params_ui_tutorial.py
[2023-10-07T04:10:07.480+0530] {processor.py:829} INFO - Processing file /home/raj/Downloads/kafka_2.13-3.5.1/airflow-env/lib64/python3.11/site-packages/airflow/example_dags/example_params_ui_tutorial.py for tasks to queue
[2023-10-07T04:10:07.482+0530] {logging_mixin.py:151} INFO - [2023-10-07T04:10:07.482+0530] {dagbag.py:539} INFO - Filling up the DagBag from /home/raj/Downloads/kafka_2.13-3.5.1/airflow-env/lib64/python3.11/site-packages/airflow/example_dags/example_params_ui_tutorial.py
[2023-10-07T04:10:07.524+0530] {processor.py:839} INFO - DAG(s) dict_keys(['example_params_ui_tutorial']) retrieved from /home/raj/Downloads/kafka_2.13-3.5.1/airflow-env/lib64/python3.11/site-packages/airflow/example_dags/example_params_ui_tutorial.py
[2023-10-07T04:10:07.565+0530] {logging_mixin.py:151} INFO - [2023-10-07T04:10:07.565+0530] {dag.py:2915} INFO - Sync 1 DAGs
[2023-10-07T04:10:07.576+0530] {logging_mixin.py:151} INFO - [2023-10-07T04:10:07.576+0530] {dag.py:3696} INFO - Setting next_dagrun for example_params_ui_tutorial to None, run_after=None
[2023-10-07T04:10:07.599+0530] {processor.py:179} INFO - Processing /home/raj/Downloads/kafka_2.13-3.5.1/airflow-env/lib64/python3.11/site-packages/airflow/example_dags/example_params_ui_tutorial.py took 0.125 seconds
[2023-10-07T04:10:57.917+0530] {processor.py:157} INFO - Started process (PID=19433) to work on /home/raj/Downloads/kafka_2.13-3.5.1/airflow-env/lib64/python3.11/site-packages/airflow/example_dags/example_params_ui_tutorial.py
[2023-10-07T04:10:57.928+0530] {processor.py:829} INFO - Processing file /home/raj/Downloads/kafka_2.13-3.5.1/airflow-env/lib64/python3.11/site-packages/airflow/example_dags/example_params_ui_tutorial.py for tasks to queue
[2023-10-07T04:10:57.929+0530] {logging_mixin.py:151} INFO - [2023-10-07T04:10:57.929+0530] {dagbag.py:539} INFO - Filling up the DagBag from /home/raj/Downloads/kafka_2.13-3.5.1/airflow-env/lib64/python3.11/site-packages/airflow/example_dags/example_params_ui_tutorial.py
[2023-10-07T04:10:57.980+0530] {processor.py:839} INFO - DAG(s) dict_keys(['example_params_ui_tutorial']) retrieved from /home/raj/Downloads/kafka_2.13-3.5.1/airflow-env/lib64/python3.11/site-packages/airflow/example_dags/example_params_ui_tutorial.py
[2023-10-07T04:10:58.014+0530] {logging_mixin.py:151} INFO - [2023-10-07T04:10:58.013+0530] {dag.py:2915} INFO - Sync 1 DAGs
[2023-10-07T04:10:58.024+0530] {logging_mixin.py:151} INFO - [2023-10-07T04:10:58.024+0530] {dag.py:3696} INFO - Setting next_dagrun for example_params_ui_tutorial to None, run_after=None
[2023-10-07T04:10:58.046+0530] {processor.py:179} INFO - Processing /home/raj/Downloads/kafka_2.13-3.5.1/airflow-env/lib64/python3.11/site-packages/airflow/example_dags/example_params_ui_tutorial.py took 0.134 seconds
[2023-10-07T04:11:51.231+0530] {processor.py:157} INFO - Started process (PID=19506) to work on /home/raj/Downloads/kafka_2.13-3.5.1/airflow-env/lib64/python3.11/site-packages/airflow/example_dags/example_params_ui_tutorial.py
[2023-10-07T04:11:51.242+0530] {processor.py:829} INFO - Processing file /home/raj/Downloads/kafka_2.13-3.5.1/airflow-env/lib64/python3.11/site-packages/airflow/example_dags/example_params_ui_tutorial.py for tasks to queue
[2023-10-07T04:11:51.243+0530] {logging_mixin.py:151} INFO - [2023-10-07T04:11:51.242+0530] {dagbag.py:539} INFO - Filling up the DagBag from /home/raj/Downloads/kafka_2.13-3.5.1/airflow-env/lib64/python3.11/site-packages/airflow/example_dags/example_params_ui_tutorial.py
[2023-10-07T04:11:51.276+0530] {processor.py:839} INFO - DAG(s) dict_keys(['example_params_ui_tutorial']) retrieved from /home/raj/Downloads/kafka_2.13-3.5.1/airflow-env/lib64/python3.11/site-packages/airflow/example_dags/example_params_ui_tutorial.py
[2023-10-07T04:11:51.315+0530] {logging_mixin.py:151} INFO - [2023-10-07T04:11:51.314+0530] {dag.py:2915} INFO - Sync 1 DAGs
[2023-10-07T04:11:51.327+0530] {logging_mixin.py:151} INFO - [2023-10-07T04:11:51.326+0530] {dag.py:3696} INFO - Setting next_dagrun for example_params_ui_tutorial to None, run_after=None
[2023-10-07T04:11:51.350+0530] {processor.py:179} INFO - Processing /home/raj/Downloads/kafka_2.13-3.5.1/airflow-env/lib64/python3.11/site-packages/airflow/example_dags/example_params_ui_tutorial.py took 0.124 seconds
[2023-10-07T04:12:47.357+0530] {processor.py:157} INFO - Started process (PID=19570) to work on /home/raj/Downloads/kafka_2.13-3.5.1/airflow-env/lib64/python3.11/site-packages/airflow/example_dags/example_params_ui_tutorial.py
[2023-10-07T04:12:47.369+0530] {processor.py:829} INFO - Processing file /home/raj/Downloads/kafka_2.13-3.5.1/airflow-env/lib64/python3.11/site-packages/airflow/example_dags/example_params_ui_tutorial.py for tasks to queue
[2023-10-07T04:12:47.370+0530] {logging_mixin.py:151} INFO - [2023-10-07T04:12:47.370+0530] {dagbag.py:539} INFO - Filling up the DagBag from /home/raj/Downloads/kafka_2.13-3.5.1/airflow-env/lib64/python3.11/site-packages/airflow/example_dags/example_params_ui_tutorial.py
[2023-10-07T04:12:47.399+0530] {processor.py:839} INFO - DAG(s) dict_keys(['example_params_ui_tutorial']) retrieved from /home/raj/Downloads/kafka_2.13-3.5.1/airflow-env/lib64/python3.11/site-packages/airflow/example_dags/example_params_ui_tutorial.py
[2023-10-07T04:12:47.435+0530] {logging_mixin.py:151} INFO - [2023-10-07T04:12:47.434+0530] {dag.py:2915} INFO - Sync 1 DAGs
[2023-10-07T04:12:47.445+0530] {logging_mixin.py:151} INFO - [2023-10-07T04:12:47.445+0530] {dag.py:3696} INFO - Setting next_dagrun for example_params_ui_tutorial to None, run_after=None
[2023-10-07T04:12:47.467+0530] {processor.py:179} INFO - Processing /home/raj/Downloads/kafka_2.13-3.5.1/airflow-env/lib64/python3.11/site-packages/airflow/example_dags/example_params_ui_tutorial.py took 0.115 seconds
[2023-10-07T04:13:39.367+0530] {processor.py:157} INFO - Started process (PID=19624) to work on /home/raj/Downloads/kafka_2.13-3.5.1/airflow-env/lib64/python3.11/site-packages/airflow/example_dags/example_params_ui_tutorial.py
[2023-10-07T04:13:39.379+0530] {processor.py:829} INFO - Processing file /home/raj/Downloads/kafka_2.13-3.5.1/airflow-env/lib64/python3.11/site-packages/airflow/example_dags/example_params_ui_tutorial.py for tasks to queue
[2023-10-07T04:13:39.381+0530] {logging_mixin.py:151} INFO - [2023-10-07T04:13:39.380+0530] {dagbag.py:539} INFO - Filling up the DagBag from /home/raj/Downloads/kafka_2.13-3.5.1/airflow-env/lib64/python3.11/site-packages/airflow/example_dags/example_params_ui_tutorial.py
[2023-10-07T04:13:39.429+0530] {processor.py:839} INFO - DAG(s) dict_keys(['example_params_ui_tutorial']) retrieved from /home/raj/Downloads/kafka_2.13-3.5.1/airflow-env/lib64/python3.11/site-packages/airflow/example_dags/example_params_ui_tutorial.py
[2023-10-07T04:13:39.463+0530] {logging_mixin.py:151} INFO - [2023-10-07T04:13:39.463+0530] {dag.py:2915} INFO - Sync 1 DAGs
[2023-10-07T04:13:39.473+0530] {logging_mixin.py:151} INFO - [2023-10-07T04:13:39.473+0530] {dag.py:3696} INFO - Setting next_dagrun for example_params_ui_tutorial to None, run_after=None
[2023-10-07T04:13:39.496+0530] {processor.py:179} INFO - Processing /home/raj/Downloads/kafka_2.13-3.5.1/airflow-env/lib64/python3.11/site-packages/airflow/example_dags/example_params_ui_tutorial.py took 0.133 seconds
[2023-10-07T04:14:28.755+0530] {processor.py:157} INFO - Started process (PID=19676) to work on /home/raj/Downloads/kafka_2.13-3.5.1/airflow-env/lib64/python3.11/site-packages/airflow/example_dags/example_params_ui_tutorial.py
[2023-10-07T04:14:28.767+0530] {processor.py:829} INFO - Processing file /home/raj/Downloads/kafka_2.13-3.5.1/airflow-env/lib64/python3.11/site-packages/airflow/example_dags/example_params_ui_tutorial.py for tasks to queue
[2023-10-07T04:14:28.769+0530] {logging_mixin.py:151} INFO - [2023-10-07T04:14:28.768+0530] {dagbag.py:539} INFO - Filling up the DagBag from /home/raj/Downloads/kafka_2.13-3.5.1/airflow-env/lib64/python3.11/site-packages/airflow/example_dags/example_params_ui_tutorial.py
[2023-10-07T04:14:28.816+0530] {processor.py:839} INFO - DAG(s) dict_keys(['example_params_ui_tutorial']) retrieved from /home/raj/Downloads/kafka_2.13-3.5.1/airflow-env/lib64/python3.11/site-packages/airflow/example_dags/example_params_ui_tutorial.py
[2023-10-07T04:14:28.849+0530] {logging_mixin.py:151} INFO - [2023-10-07T04:14:28.849+0530] {dag.py:2915} INFO - Sync 1 DAGs
[2023-10-07T04:14:28.860+0530] {logging_mixin.py:151} INFO - [2023-10-07T04:14:28.860+0530] {dag.py:3696} INFO - Setting next_dagrun for example_params_ui_tutorial to None, run_after=None
[2023-10-07T04:14:28.880+0530] {processor.py:179} INFO - Processing /home/raj/Downloads/kafka_2.13-3.5.1/airflow-env/lib64/python3.11/site-packages/airflow/example_dags/example_params_ui_tutorial.py took 0.130 seconds
[2023-10-07T04:15:19.583+0530] {processor.py:157} INFO - Started process (PID=19775) to work on /home/raj/Downloads/kafka_2.13-3.5.1/airflow-env/lib64/python3.11/site-packages/airflow/example_dags/example_params_ui_tutorial.py
[2023-10-07T04:15:19.594+0530] {processor.py:829} INFO - Processing file /home/raj/Downloads/kafka_2.13-3.5.1/airflow-env/lib64/python3.11/site-packages/airflow/example_dags/example_params_ui_tutorial.py for tasks to queue
[2023-10-07T04:15:19.596+0530] {logging_mixin.py:151} INFO - [2023-10-07T04:15:19.595+0530] {dagbag.py:539} INFO - Filling up the DagBag from /home/raj/Downloads/kafka_2.13-3.5.1/airflow-env/lib64/python3.11/site-packages/airflow/example_dags/example_params_ui_tutorial.py
[2023-10-07T04:15:19.642+0530] {processor.py:839} INFO - DAG(s) dict_keys(['example_params_ui_tutorial']) retrieved from /home/raj/Downloads/kafka_2.13-3.5.1/airflow-env/lib64/python3.11/site-packages/airflow/example_dags/example_params_ui_tutorial.py
[2023-10-07T04:15:19.677+0530] {logging_mixin.py:151} INFO - [2023-10-07T04:15:19.677+0530] {dag.py:2915} INFO - Sync 1 DAGs
[2023-10-07T04:15:19.688+0530] {logging_mixin.py:151} INFO - [2023-10-07T04:15:19.687+0530] {dag.py:3696} INFO - Setting next_dagrun for example_params_ui_tutorial to None, run_after=None
[2023-10-07T04:15:19.712+0530] {processor.py:179} INFO - Processing /home/raj/Downloads/kafka_2.13-3.5.1/airflow-env/lib64/python3.11/site-packages/airflow/example_dags/example_params_ui_tutorial.py took 0.135 seconds
[2023-10-07T04:16:09.067+0530] {processor.py:157} INFO - Started process (PID=19839) to work on /home/raj/Downloads/kafka_2.13-3.5.1/airflow-env/lib64/python3.11/site-packages/airflow/example_dags/example_params_ui_tutorial.py
[2023-10-07T04:16:09.079+0530] {processor.py:829} INFO - Processing file /home/raj/Downloads/kafka_2.13-3.5.1/airflow-env/lib64/python3.11/site-packages/airflow/example_dags/example_params_ui_tutorial.py for tasks to queue
[2023-10-07T04:16:09.081+0530] {logging_mixin.py:151} INFO - [2023-10-07T04:16:09.080+0530] {dagbag.py:539} INFO - Filling up the DagBag from /home/raj/Downloads/kafka_2.13-3.5.1/airflow-env/lib64/python3.11/site-packages/airflow/example_dags/example_params_ui_tutorial.py
[2023-10-07T04:16:09.106+0530] {processor.py:839} INFO - DAG(s) dict_keys(['example_params_ui_tutorial']) retrieved from /home/raj/Downloads/kafka_2.13-3.5.1/airflow-env/lib64/python3.11/site-packages/airflow/example_dags/example_params_ui_tutorial.py
[2023-10-07T04:16:09.141+0530] {logging_mixin.py:151} INFO - [2023-10-07T04:16:09.141+0530] {dag.py:2915} INFO - Sync 1 DAGs
[2023-10-07T04:16:09.153+0530] {logging_mixin.py:151} INFO - [2023-10-07T04:16:09.153+0530] {dag.py:3696} INFO - Setting next_dagrun for example_params_ui_tutorial to None, run_after=None
[2023-10-07T04:16:09.174+0530] {processor.py:179} INFO - Processing /home/raj/Downloads/kafka_2.13-3.5.1/airflow-env/lib64/python3.11/site-packages/airflow/example_dags/example_params_ui_tutorial.py took 0.112 seconds
[2023-10-07T04:17:04.888+0530] {processor.py:157} INFO - Started process (PID=19893) to work on /home/raj/Downloads/kafka_2.13-3.5.1/airflow-env/lib64/python3.11/site-packages/airflow/example_dags/example_params_ui_tutorial.py
[2023-10-07T04:17:04.899+0530] {processor.py:829} INFO - Processing file /home/raj/Downloads/kafka_2.13-3.5.1/airflow-env/lib64/python3.11/site-packages/airflow/example_dags/example_params_ui_tutorial.py for tasks to queue
[2023-10-07T04:17:04.901+0530] {logging_mixin.py:151} INFO - [2023-10-07T04:17:04.900+0530] {dagbag.py:539} INFO - Filling up the DagBag from /home/raj/Downloads/kafka_2.13-3.5.1/airflow-env/lib64/python3.11/site-packages/airflow/example_dags/example_params_ui_tutorial.py
[2023-10-07T04:17:04.950+0530] {processor.py:839} INFO - DAG(s) dict_keys(['example_params_ui_tutorial']) retrieved from /home/raj/Downloads/kafka_2.13-3.5.1/airflow-env/lib64/python3.11/site-packages/airflow/example_dags/example_params_ui_tutorial.py
[2023-10-07T04:17:04.984+0530] {logging_mixin.py:151} INFO - [2023-10-07T04:17:04.984+0530] {dag.py:2915} INFO - Sync 1 DAGs
[2023-10-07T04:17:04.993+0530] {logging_mixin.py:151} INFO - [2023-10-07T04:17:04.993+0530] {dag.py:3696} INFO - Setting next_dagrun for example_params_ui_tutorial to None, run_after=None
[2023-10-07T04:17:05.011+0530] {processor.py:179} INFO - Processing /home/raj/Downloads/kafka_2.13-3.5.1/airflow-env/lib64/python3.11/site-packages/airflow/example_dags/example_params_ui_tutorial.py took 0.129 seconds
[2023-10-07T04:17:55.393+0530] {processor.py:157} INFO - Started process (PID=19948) to work on /home/raj/Downloads/kafka_2.13-3.5.1/airflow-env/lib64/python3.11/site-packages/airflow/example_dags/example_params_ui_tutorial.py
[2023-10-07T04:17:55.404+0530] {processor.py:829} INFO - Processing file /home/raj/Downloads/kafka_2.13-3.5.1/airflow-env/lib64/python3.11/site-packages/airflow/example_dags/example_params_ui_tutorial.py for tasks to queue
[2023-10-07T04:17:55.405+0530] {logging_mixin.py:151} INFO - [2023-10-07T04:17:55.405+0530] {dagbag.py:539} INFO - Filling up the DagBag from /home/raj/Downloads/kafka_2.13-3.5.1/airflow-env/lib64/python3.11/site-packages/airflow/example_dags/example_params_ui_tutorial.py
[2023-10-07T04:17:55.455+0530] {processor.py:839} INFO - DAG(s) dict_keys(['example_params_ui_tutorial']) retrieved from /home/raj/Downloads/kafka_2.13-3.5.1/airflow-env/lib64/python3.11/site-packages/airflow/example_dags/example_params_ui_tutorial.py
[2023-10-07T04:17:55.492+0530] {logging_mixin.py:151} INFO - [2023-10-07T04:17:55.492+0530] {dag.py:2915} INFO - Sync 1 DAGs
[2023-10-07T04:17:55.501+0530] {logging_mixin.py:151} INFO - [2023-10-07T04:17:55.501+0530] {dag.py:3696} INFO - Setting next_dagrun for example_params_ui_tutorial to None, run_after=None
[2023-10-07T04:17:55.519+0530] {processor.py:179} INFO - Processing /home/raj/Downloads/kafka_2.13-3.5.1/airflow-env/lib64/python3.11/site-packages/airflow/example_dags/example_params_ui_tutorial.py took 0.131 seconds
[2023-10-07T04:18:46.399+0530] {processor.py:157} INFO - Started process (PID=20002) to work on /home/raj/Downloads/kafka_2.13-3.5.1/airflow-env/lib64/python3.11/site-packages/airflow/example_dags/example_params_ui_tutorial.py
[2023-10-07T04:18:46.410+0530] {processor.py:829} INFO - Processing file /home/raj/Downloads/kafka_2.13-3.5.1/airflow-env/lib64/python3.11/site-packages/airflow/example_dags/example_params_ui_tutorial.py for tasks to queue
[2023-10-07T04:18:46.412+0530] {logging_mixin.py:151} INFO - [2023-10-07T04:18:46.411+0530] {dagbag.py:539} INFO - Filling up the DagBag from /home/raj/Downloads/kafka_2.13-3.5.1/airflow-env/lib64/python3.11/site-packages/airflow/example_dags/example_params_ui_tutorial.py
[2023-10-07T04:18:46.461+0530] {processor.py:839} INFO - DAG(s) dict_keys(['example_params_ui_tutorial']) retrieved from /home/raj/Downloads/kafka_2.13-3.5.1/airflow-env/lib64/python3.11/site-packages/airflow/example_dags/example_params_ui_tutorial.py
[2023-10-07T04:18:46.495+0530] {logging_mixin.py:151} INFO - [2023-10-07T04:18:46.495+0530] {dag.py:2915} INFO - Sync 1 DAGs
[2023-10-07T04:18:46.504+0530] {logging_mixin.py:151} INFO - [2023-10-07T04:18:46.504+0530] {dag.py:3696} INFO - Setting next_dagrun for example_params_ui_tutorial to None, run_after=None
[2023-10-07T04:18:46.524+0530] {processor.py:179} INFO - Processing /home/raj/Downloads/kafka_2.13-3.5.1/airflow-env/lib64/python3.11/site-packages/airflow/example_dags/example_params_ui_tutorial.py took 0.130 seconds
[2023-10-07T04:19:41.186+0530] {processor.py:157} INFO - Started process (PID=20057) to work on /home/raj/Downloads/kafka_2.13-3.5.1/airflow-env/lib64/python3.11/site-packages/airflow/example_dags/example_params_ui_tutorial.py
[2023-10-07T04:19:41.198+0530] {processor.py:829} INFO - Processing file /home/raj/Downloads/kafka_2.13-3.5.1/airflow-env/lib64/python3.11/site-packages/airflow/example_dags/example_params_ui_tutorial.py for tasks to queue
[2023-10-07T04:19:41.199+0530] {logging_mixin.py:151} INFO - [2023-10-07T04:19:41.199+0530] {dagbag.py:539} INFO - Filling up the DagBag from /home/raj/Downloads/kafka_2.13-3.5.1/airflow-env/lib64/python3.11/site-packages/airflow/example_dags/example_params_ui_tutorial.py
[2023-10-07T04:19:41.243+0530] {processor.py:839} INFO - DAG(s) dict_keys(['example_params_ui_tutorial']) retrieved from /home/raj/Downloads/kafka_2.13-3.5.1/airflow-env/lib64/python3.11/site-packages/airflow/example_dags/example_params_ui_tutorial.py
[2023-10-07T04:19:41.279+0530] {logging_mixin.py:151} INFO - [2023-10-07T04:19:41.278+0530] {dag.py:2915} INFO - Sync 1 DAGs
[2023-10-07T04:19:41.290+0530] {logging_mixin.py:151} INFO - [2023-10-07T04:19:41.290+0530] {dag.py:3696} INFO - Setting next_dagrun for example_params_ui_tutorial to None, run_after=None
[2023-10-07T04:19:41.311+0530] {processor.py:179} INFO - Processing /home/raj/Downloads/kafka_2.13-3.5.1/airflow-env/lib64/python3.11/site-packages/airflow/example_dags/example_params_ui_tutorial.py took 0.131 seconds
[2023-10-07T04:20:36.769+0530] {processor.py:157} INFO - Started process (PID=20416) to work on /home/raj/Downloads/kafka_2.13-3.5.1/airflow-env/lib64/python3.11/site-packages/airflow/example_dags/example_params_ui_tutorial.py
[2023-10-07T04:20:36.780+0530] {processor.py:829} INFO - Processing file /home/raj/Downloads/kafka_2.13-3.5.1/airflow-env/lib64/python3.11/site-packages/airflow/example_dags/example_params_ui_tutorial.py for tasks to queue
[2023-10-07T04:20:36.782+0530] {logging_mixin.py:151} INFO - [2023-10-07T04:20:36.781+0530] {dagbag.py:539} INFO - Filling up the DagBag from /home/raj/Downloads/kafka_2.13-3.5.1/airflow-env/lib64/python3.11/site-packages/airflow/example_dags/example_params_ui_tutorial.py
[2023-10-07T04:20:36.832+0530] {processor.py:839} INFO - DAG(s) dict_keys(['example_params_ui_tutorial']) retrieved from /home/raj/Downloads/kafka_2.13-3.5.1/airflow-env/lib64/python3.11/site-packages/airflow/example_dags/example_params_ui_tutorial.py
[2023-10-07T04:20:36.877+0530] {logging_mixin.py:151} INFO - [2023-10-07T04:20:36.877+0530] {dag.py:2915} INFO - Sync 1 DAGs
[2023-10-07T04:20:36.889+0530] {logging_mixin.py:151} INFO - [2023-10-07T04:20:36.889+0530] {dag.py:3696} INFO - Setting next_dagrun for example_params_ui_tutorial to None, run_after=None
[2023-10-07T04:20:36.922+0530] {processor.py:179} INFO - Processing /home/raj/Downloads/kafka_2.13-3.5.1/airflow-env/lib64/python3.11/site-packages/airflow/example_dags/example_params_ui_tutorial.py took 0.158 seconds
[2023-10-07T04:21:30.264+0530] {processor.py:157} INFO - Started process (PID=20615) to work on /home/raj/Downloads/kafka_2.13-3.5.1/airflow-env/lib64/python3.11/site-packages/airflow/example_dags/example_params_ui_tutorial.py
[2023-10-07T04:21:30.274+0530] {processor.py:829} INFO - Processing file /home/raj/Downloads/kafka_2.13-3.5.1/airflow-env/lib64/python3.11/site-packages/airflow/example_dags/example_params_ui_tutorial.py for tasks to queue
[2023-10-07T04:21:30.275+0530] {logging_mixin.py:151} INFO - [2023-10-07T04:21:30.275+0530] {dagbag.py:539} INFO - Filling up the DagBag from /home/raj/Downloads/kafka_2.13-3.5.1/airflow-env/lib64/python3.11/site-packages/airflow/example_dags/example_params_ui_tutorial.py
[2023-10-07T04:21:30.303+0530] {processor.py:839} INFO - DAG(s) dict_keys(['example_params_ui_tutorial']) retrieved from /home/raj/Downloads/kafka_2.13-3.5.1/airflow-env/lib64/python3.11/site-packages/airflow/example_dags/example_params_ui_tutorial.py
[2023-10-07T04:21:30.350+0530] {logging_mixin.py:151} INFO - [2023-10-07T04:21:30.350+0530] {dag.py:2915} INFO - Sync 1 DAGs
[2023-10-07T04:21:30.362+0530] {logging_mixin.py:151} INFO - [2023-10-07T04:21:30.362+0530] {dag.py:3696} INFO - Setting next_dagrun for example_params_ui_tutorial to None, run_after=None
[2023-10-07T04:21:30.386+0530] {processor.py:179} INFO - Processing /home/raj/Downloads/kafka_2.13-3.5.1/airflow-env/lib64/python3.11/site-packages/airflow/example_dags/example_params_ui_tutorial.py took 0.125 seconds
[2023-10-07T04:22:19.637+0530] {processor.py:157} INFO - Started process (PID=20778) to work on /home/raj/Downloads/kafka_2.13-3.5.1/airflow-env/lib64/python3.11/site-packages/airflow/example_dags/example_params_ui_tutorial.py
[2023-10-07T04:22:19.649+0530] {processor.py:829} INFO - Processing file /home/raj/Downloads/kafka_2.13-3.5.1/airflow-env/lib64/python3.11/site-packages/airflow/example_dags/example_params_ui_tutorial.py for tasks to queue
[2023-10-07T04:22:19.651+0530] {logging_mixin.py:151} INFO - [2023-10-07T04:22:19.650+0530] {dagbag.py:539} INFO - Filling up the DagBag from /home/raj/Downloads/kafka_2.13-3.5.1/airflow-env/lib64/python3.11/site-packages/airflow/example_dags/example_params_ui_tutorial.py
[2023-10-07T04:22:19.680+0530] {processor.py:839} INFO - DAG(s) dict_keys(['example_params_ui_tutorial']) retrieved from /home/raj/Downloads/kafka_2.13-3.5.1/airflow-env/lib64/python3.11/site-packages/airflow/example_dags/example_params_ui_tutorial.py
[2023-10-07T04:22:19.725+0530] {logging_mixin.py:151} INFO - [2023-10-07T04:22:19.725+0530] {dag.py:2915} INFO - Sync 1 DAGs
[2023-10-07T04:22:19.739+0530] {logging_mixin.py:151} INFO - [2023-10-07T04:22:19.739+0530] {dag.py:3696} INFO - Setting next_dagrun for example_params_ui_tutorial to None, run_after=None
[2023-10-07T04:22:19.764+0530] {processor.py:179} INFO - Processing /home/raj/Downloads/kafka_2.13-3.5.1/airflow-env/lib64/python3.11/site-packages/airflow/example_dags/example_params_ui_tutorial.py took 0.133 seconds
[2023-10-07T04:23:11.644+0530] {processor.py:157} INFO - Started process (PID=20879) to work on /home/raj/Downloads/kafka_2.13-3.5.1/airflow-env/lib64/python3.11/site-packages/airflow/example_dags/example_params_ui_tutorial.py
[2023-10-07T04:23:11.655+0530] {processor.py:829} INFO - Processing file /home/raj/Downloads/kafka_2.13-3.5.1/airflow-env/lib64/python3.11/site-packages/airflow/example_dags/example_params_ui_tutorial.py for tasks to queue
[2023-10-07T04:23:11.657+0530] {logging_mixin.py:151} INFO - [2023-10-07T04:23:11.656+0530] {dagbag.py:539} INFO - Filling up the DagBag from /home/raj/Downloads/kafka_2.13-3.5.1/airflow-env/lib64/python3.11/site-packages/airflow/example_dags/example_params_ui_tutorial.py
[2023-10-07T04:23:11.702+0530] {processor.py:839} INFO - DAG(s) dict_keys(['example_params_ui_tutorial']) retrieved from /home/raj/Downloads/kafka_2.13-3.5.1/airflow-env/lib64/python3.11/site-packages/airflow/example_dags/example_params_ui_tutorial.py
[2023-10-07T04:23:11.739+0530] {logging_mixin.py:151} INFO - [2023-10-07T04:23:11.739+0530] {dag.py:2915} INFO - Sync 1 DAGs
[2023-10-07T04:23:11.750+0530] {logging_mixin.py:151} INFO - [2023-10-07T04:23:11.750+0530] {dag.py:3696} INFO - Setting next_dagrun for example_params_ui_tutorial to None, run_after=None
[2023-10-07T04:23:11.774+0530] {processor.py:179} INFO - Processing /home/raj/Downloads/kafka_2.13-3.5.1/airflow-env/lib64/python3.11/site-packages/airflow/example_dags/example_params_ui_tutorial.py took 0.134 seconds
[2023-10-07T04:24:01.986+0530] {processor.py:157} INFO - Started process (PID=20984) to work on /home/raj/Downloads/kafka_2.13-3.5.1/airflow-env/lib64/python3.11/site-packages/airflow/example_dags/example_params_ui_tutorial.py
[2023-10-07T04:24:01.987+0530] {processor.py:829} INFO - Processing file /home/raj/Downloads/kafka_2.13-3.5.1/airflow-env/lib64/python3.11/site-packages/airflow/example_dags/example_params_ui_tutorial.py for tasks to queue
[2023-10-07T04:24:01.989+0530] {logging_mixin.py:151} INFO - [2023-10-07T04:24:01.988+0530] {dagbag.py:539} INFO - Filling up the DagBag from /home/raj/Downloads/kafka_2.13-3.5.1/airflow-env/lib64/python3.11/site-packages/airflow/example_dags/example_params_ui_tutorial.py
[2023-10-07T04:24:02.031+0530] {processor.py:839} INFO - DAG(s) dict_keys(['example_params_ui_tutorial']) retrieved from /home/raj/Downloads/kafka_2.13-3.5.1/airflow-env/lib64/python3.11/site-packages/airflow/example_dags/example_params_ui_tutorial.py
[2023-10-07T04:24:02.075+0530] {logging_mixin.py:151} INFO - [2023-10-07T04:24:02.075+0530] {dag.py:2915} INFO - Sync 1 DAGs
[2023-10-07T04:24:02.088+0530] {logging_mixin.py:151} INFO - [2023-10-07T04:24:02.088+0530] {dag.py:3696} INFO - Setting next_dagrun for example_params_ui_tutorial to None, run_after=None
[2023-10-07T04:24:02.122+0530] {processor.py:179} INFO - Processing /home/raj/Downloads/kafka_2.13-3.5.1/airflow-env/lib64/python3.11/site-packages/airflow/example_dags/example_params_ui_tutorial.py took 0.142 seconds
[2023-10-07T04:24:51.847+0530] {processor.py:157} INFO - Started process (PID=21099) to work on /home/raj/Downloads/kafka_2.13-3.5.1/airflow-env/lib64/python3.11/site-packages/airflow/example_dags/example_params_ui_tutorial.py
[2023-10-07T04:24:51.857+0530] {processor.py:829} INFO - Processing file /home/raj/Downloads/kafka_2.13-3.5.1/airflow-env/lib64/python3.11/site-packages/airflow/example_dags/example_params_ui_tutorial.py for tasks to queue
[2023-10-07T04:24:51.858+0530] {logging_mixin.py:151} INFO - [2023-10-07T04:24:51.858+0530] {dagbag.py:539} INFO - Filling up the DagBag from /home/raj/Downloads/kafka_2.13-3.5.1/airflow-env/lib64/python3.11/site-packages/airflow/example_dags/example_params_ui_tutorial.py
[2023-10-07T04:24:51.886+0530] {processor.py:839} INFO - DAG(s) dict_keys(['example_params_ui_tutorial']) retrieved from /home/raj/Downloads/kafka_2.13-3.5.1/airflow-env/lib64/python3.11/site-packages/airflow/example_dags/example_params_ui_tutorial.py
[2023-10-07T04:24:51.924+0530] {logging_mixin.py:151} INFO - [2023-10-07T04:24:51.924+0530] {dag.py:2915} INFO - Sync 1 DAGs
[2023-10-07T04:24:51.934+0530] {logging_mixin.py:151} INFO - [2023-10-07T04:24:51.934+0530] {dag.py:3696} INFO - Setting next_dagrun for example_params_ui_tutorial to None, run_after=None
[2023-10-07T04:24:51.952+0530] {processor.py:179} INFO - Processing /home/raj/Downloads/kafka_2.13-3.5.1/airflow-env/lib64/python3.11/site-packages/airflow/example_dags/example_params_ui_tutorial.py took 0.108 seconds
[2023-10-07T04:25:43.547+0530] {processor.py:157} INFO - Started process (PID=21186) to work on /home/raj/Downloads/kafka_2.13-3.5.1/airflow-env/lib64/python3.11/site-packages/airflow/example_dags/example_params_ui_tutorial.py
[2023-10-07T04:25:43.559+0530] {processor.py:829} INFO - Processing file /home/raj/Downloads/kafka_2.13-3.5.1/airflow-env/lib64/python3.11/site-packages/airflow/example_dags/example_params_ui_tutorial.py for tasks to queue
[2023-10-07T04:25:43.560+0530] {logging_mixin.py:151} INFO - [2023-10-07T04:25:43.560+0530] {dagbag.py:539} INFO - Filling up the DagBag from /home/raj/Downloads/kafka_2.13-3.5.1/airflow-env/lib64/python3.11/site-packages/airflow/example_dags/example_params_ui_tutorial.py
[2023-10-07T04:25:43.609+0530] {processor.py:839} INFO - DAG(s) dict_keys(['example_params_ui_tutorial']) retrieved from /home/raj/Downloads/kafka_2.13-3.5.1/airflow-env/lib64/python3.11/site-packages/airflow/example_dags/example_params_ui_tutorial.py
[2023-10-07T04:25:43.646+0530] {logging_mixin.py:151} INFO - [2023-10-07T04:25:43.646+0530] {dag.py:2915} INFO - Sync 1 DAGs
[2023-10-07T04:25:43.659+0530] {logging_mixin.py:151} INFO - [2023-10-07T04:25:43.658+0530] {dag.py:3696} INFO - Setting next_dagrun for example_params_ui_tutorial to None, run_after=None
[2023-10-07T04:25:43.689+0530] {processor.py:179} INFO - Processing /home/raj/Downloads/kafka_2.13-3.5.1/airflow-env/lib64/python3.11/site-packages/airflow/example_dags/example_params_ui_tutorial.py took 0.148 seconds
[2023-10-07T04:26:36.290+0530] {processor.py:157} INFO - Started process (PID=21381) to work on /home/raj/Downloads/kafka_2.13-3.5.1/airflow-env/lib64/python3.11/site-packages/airflow/example_dags/example_params_ui_tutorial.py
[2023-10-07T04:26:36.298+0530] {processor.py:829} INFO - Processing file /home/raj/Downloads/kafka_2.13-3.5.1/airflow-env/lib64/python3.11/site-packages/airflow/example_dags/example_params_ui_tutorial.py for tasks to queue
[2023-10-07T04:26:36.299+0530] {logging_mixin.py:151} INFO - [2023-10-07T04:26:36.298+0530] {dagbag.py:539} INFO - Filling up the DagBag from /home/raj/Downloads/kafka_2.13-3.5.1/airflow-env/lib64/python3.11/site-packages/airflow/example_dags/example_params_ui_tutorial.py
[2023-10-07T04:26:36.342+0530] {processor.py:839} INFO - DAG(s) dict_keys(['example_params_ui_tutorial']) retrieved from /home/raj/Downloads/kafka_2.13-3.5.1/airflow-env/lib64/python3.11/site-packages/airflow/example_dags/example_params_ui_tutorial.py
[2023-10-07T04:26:36.392+0530] {logging_mixin.py:151} INFO - [2023-10-07T04:26:36.392+0530] {dag.py:2915} INFO - Sync 1 DAGs
[2023-10-07T04:26:36.405+0530] {logging_mixin.py:151} INFO - [2023-10-07T04:26:36.405+0530] {dag.py:3696} INFO - Setting next_dagrun for example_params_ui_tutorial to None, run_after=None
[2023-10-07T04:26:36.436+0530] {processor.py:179} INFO - Processing /home/raj/Downloads/kafka_2.13-3.5.1/airflow-env/lib64/python3.11/site-packages/airflow/example_dags/example_params_ui_tutorial.py took 0.148 seconds
[2023-10-07T04:27:26.347+0530] {processor.py:157} INFO - Started process (PID=21546) to work on /home/raj/Downloads/kafka_2.13-3.5.1/airflow-env/lib64/python3.11/site-packages/airflow/example_dags/example_params_ui_tutorial.py
[2023-10-07T04:27:26.359+0530] {processor.py:829} INFO - Processing file /home/raj/Downloads/kafka_2.13-3.5.1/airflow-env/lib64/python3.11/site-packages/airflow/example_dags/example_params_ui_tutorial.py for tasks to queue
[2023-10-07T04:27:26.360+0530] {logging_mixin.py:151} INFO - [2023-10-07T04:27:26.359+0530] {dagbag.py:539} INFO - Filling up the DagBag from /home/raj/Downloads/kafka_2.13-3.5.1/airflow-env/lib64/python3.11/site-packages/airflow/example_dags/example_params_ui_tutorial.py
[2023-10-07T04:27:26.410+0530] {processor.py:839} INFO - DAG(s) dict_keys(['example_params_ui_tutorial']) retrieved from /home/raj/Downloads/kafka_2.13-3.5.1/airflow-env/lib64/python3.11/site-packages/airflow/example_dags/example_params_ui_tutorial.py
[2023-10-07T04:27:26.450+0530] {logging_mixin.py:151} INFO - [2023-10-07T04:27:26.450+0530] {dag.py:2915} INFO - Sync 1 DAGs
[2023-10-07T04:27:26.465+0530] {logging_mixin.py:151} INFO - [2023-10-07T04:27:26.464+0530] {dag.py:3696} INFO - Setting next_dagrun for example_params_ui_tutorial to None, run_after=None
[2023-10-07T04:27:26.499+0530] {processor.py:179} INFO - Processing /home/raj/Downloads/kafka_2.13-3.5.1/airflow-env/lib64/python3.11/site-packages/airflow/example_dags/example_params_ui_tutorial.py took 0.158 seconds
[2023-10-07T04:28:19.923+0530] {processor.py:157} INFO - Started process (PID=21611) to work on /home/raj/Downloads/kafka_2.13-3.5.1/airflow-env/lib64/python3.11/site-packages/airflow/example_dags/example_params_ui_tutorial.py
[2023-10-07T04:28:19.934+0530] {processor.py:829} INFO - Processing file /home/raj/Downloads/kafka_2.13-3.5.1/airflow-env/lib64/python3.11/site-packages/airflow/example_dags/example_params_ui_tutorial.py for tasks to queue
[2023-10-07T04:28:19.936+0530] {logging_mixin.py:151} INFO - [2023-10-07T04:28:19.935+0530] {dagbag.py:539} INFO - Filling up the DagBag from /home/raj/Downloads/kafka_2.13-3.5.1/airflow-env/lib64/python3.11/site-packages/airflow/example_dags/example_params_ui_tutorial.py
[2023-10-07T04:28:19.974+0530] {processor.py:839} INFO - DAG(s) dict_keys(['example_params_ui_tutorial']) retrieved from /home/raj/Downloads/kafka_2.13-3.5.1/airflow-env/lib64/python3.11/site-packages/airflow/example_dags/example_params_ui_tutorial.py
[2023-10-07T04:28:20.016+0530] {logging_mixin.py:151} INFO - [2023-10-07T04:28:20.016+0530] {dag.py:2915} INFO - Sync 1 DAGs
[2023-10-07T04:28:20.027+0530] {logging_mixin.py:151} INFO - [2023-10-07T04:28:20.027+0530] {dag.py:3696} INFO - Setting next_dagrun for example_params_ui_tutorial to None, run_after=None
[2023-10-07T04:28:20.047+0530] {processor.py:179} INFO - Processing /home/raj/Downloads/kafka_2.13-3.5.1/airflow-env/lib64/python3.11/site-packages/airflow/example_dags/example_params_ui_tutorial.py took 0.130 seconds
[2023-10-07T04:29:12.180+0530] {processor.py:157} INFO - Started process (PID=21743) to work on /home/raj/Downloads/kafka_2.13-3.5.1/airflow-env/lib64/python3.11/site-packages/airflow/example_dags/example_params_ui_tutorial.py
[2023-10-07T04:29:12.182+0530] {processor.py:829} INFO - Processing file /home/raj/Downloads/kafka_2.13-3.5.1/airflow-env/lib64/python3.11/site-packages/airflow/example_dags/example_params_ui_tutorial.py for tasks to queue
[2023-10-07T04:29:12.183+0530] {logging_mixin.py:151} INFO - [2023-10-07T04:29:12.182+0530] {dagbag.py:539} INFO - Filling up the DagBag from /home/raj/Downloads/kafka_2.13-3.5.1/airflow-env/lib64/python3.11/site-packages/airflow/example_dags/example_params_ui_tutorial.py
[2023-10-07T04:29:12.223+0530] {processor.py:839} INFO - DAG(s) dict_keys(['example_params_ui_tutorial']) retrieved from /home/raj/Downloads/kafka_2.13-3.5.1/airflow-env/lib64/python3.11/site-packages/airflow/example_dags/example_params_ui_tutorial.py
[2023-10-07T04:29:12.256+0530] {logging_mixin.py:151} INFO - [2023-10-07T04:29:12.256+0530] {dag.py:2915} INFO - Sync 1 DAGs
[2023-10-07T04:29:12.265+0530] {logging_mixin.py:151} INFO - [2023-10-07T04:29:12.265+0530] {dag.py:3696} INFO - Setting next_dagrun for example_params_ui_tutorial to None, run_after=None
[2023-10-07T04:29:12.284+0530] {processor.py:179} INFO - Processing /home/raj/Downloads/kafka_2.13-3.5.1/airflow-env/lib64/python3.11/site-packages/airflow/example_dags/example_params_ui_tutorial.py took 0.108 seconds
[2023-10-07T04:40:51.556+0530] {processor.py:157} INFO - Started process (PID=9838) to work on /home/raj/Downloads/kafka_2.13-3.5.1/airflow-env/lib64/python3.11/site-packages/airflow/example_dags/example_params_ui_tutorial.py
[2023-10-07T04:40:51.558+0530] {processor.py:829} INFO - Processing file /home/raj/Downloads/kafka_2.13-3.5.1/airflow-env/lib64/python3.11/site-packages/airflow/example_dags/example_params_ui_tutorial.py for tasks to queue
[2023-10-07T04:40:51.559+0530] {logging_mixin.py:151} INFO - [2023-10-07T04:40:51.559+0530] {dagbag.py:539} INFO - Filling up the DagBag from /home/raj/Downloads/kafka_2.13-3.5.1/airflow-env/lib64/python3.11/site-packages/airflow/example_dags/example_params_ui_tutorial.py
[2023-10-07T04:40:51.592+0530] {processor.py:839} INFO - DAG(s) dict_keys(['example_params_ui_tutorial']) retrieved from /home/raj/Downloads/kafka_2.13-3.5.1/airflow-env/lib64/python3.11/site-packages/airflow/example_dags/example_params_ui_tutorial.py
[2023-10-07T04:40:51.641+0530] {logging_mixin.py:151} INFO - [2023-10-07T04:40:51.641+0530] {dag.py:2915} INFO - Sync 1 DAGs
[2023-10-07T04:40:51.656+0530] {logging_mixin.py:151} INFO - [2023-10-07T04:40:51.655+0530] {dag.py:3696} INFO - Setting next_dagrun for example_params_ui_tutorial to None, run_after=None
[2023-10-07T04:40:51.682+0530] {processor.py:179} INFO - Processing /home/raj/Downloads/kafka_2.13-3.5.1/airflow-env/lib64/python3.11/site-packages/airflow/example_dags/example_params_ui_tutorial.py took 0.128 seconds
[2023-10-07T04:41:38.299+0530] {processor.py:157} INFO - Started process (PID=10025) to work on /home/raj/Downloads/kafka_2.13-3.5.1/airflow-env/lib64/python3.11/site-packages/airflow/example_dags/example_params_ui_tutorial.py
[2023-10-07T04:41:38.310+0530] {processor.py:829} INFO - Processing file /home/raj/Downloads/kafka_2.13-3.5.1/airflow-env/lib64/python3.11/site-packages/airflow/example_dags/example_params_ui_tutorial.py for tasks to queue
[2023-10-07T04:41:38.311+0530] {logging_mixin.py:151} INFO - [2023-10-07T04:41:38.311+0530] {dagbag.py:539} INFO - Filling up the DagBag from /home/raj/Downloads/kafka_2.13-3.5.1/airflow-env/lib64/python3.11/site-packages/airflow/example_dags/example_params_ui_tutorial.py
[2023-10-07T04:41:38.357+0530] {processor.py:839} INFO - DAG(s) dict_keys(['example_params_ui_tutorial']) retrieved from /home/raj/Downloads/kafka_2.13-3.5.1/airflow-env/lib64/python3.11/site-packages/airflow/example_dags/example_params_ui_tutorial.py
[2023-10-07T04:41:38.403+0530] {logging_mixin.py:151} INFO - [2023-10-07T04:41:38.403+0530] {dag.py:2915} INFO - Sync 1 DAGs
[2023-10-07T04:41:38.416+0530] {logging_mixin.py:151} INFO - [2023-10-07T04:41:38.416+0530] {dag.py:3696} INFO - Setting next_dagrun for example_params_ui_tutorial to None, run_after=None
[2023-10-07T04:41:38.450+0530] {processor.py:179} INFO - Processing /home/raj/Downloads/kafka_2.13-3.5.1/airflow-env/lib64/python3.11/site-packages/airflow/example_dags/example_params_ui_tutorial.py took 0.157 seconds
[2023-10-07T04:42:30.658+0530] {processor.py:157} INFO - Started process (PID=10199) to work on /home/raj/Downloads/kafka_2.13-3.5.1/airflow-env/lib64/python3.11/site-packages/airflow/example_dags/example_params_ui_tutorial.py
[2023-10-07T04:42:30.659+0530] {processor.py:829} INFO - Processing file /home/raj/Downloads/kafka_2.13-3.5.1/airflow-env/lib64/python3.11/site-packages/airflow/example_dags/example_params_ui_tutorial.py for tasks to queue
[2023-10-07T04:42:30.660+0530] {logging_mixin.py:151} INFO - [2023-10-07T04:42:30.660+0530] {dagbag.py:539} INFO - Filling up the DagBag from /home/raj/Downloads/kafka_2.13-3.5.1/airflow-env/lib64/python3.11/site-packages/airflow/example_dags/example_params_ui_tutorial.py
[2023-10-07T04:42:30.694+0530] {processor.py:839} INFO - DAG(s) dict_keys(['example_params_ui_tutorial']) retrieved from /home/raj/Downloads/kafka_2.13-3.5.1/airflow-env/lib64/python3.11/site-packages/airflow/example_dags/example_params_ui_tutorial.py
[2023-10-07T04:42:30.757+0530] {logging_mixin.py:151} INFO - [2023-10-07T04:42:30.757+0530] {dag.py:2915} INFO - Sync 1 DAGs
[2023-10-07T04:42:30.793+0530] {logging_mixin.py:151} INFO - [2023-10-07T04:42:30.792+0530] {dag.py:3696} INFO - Setting next_dagrun for example_params_ui_tutorial to None, run_after=None
[2023-10-07T04:42:30.829+0530] {processor.py:179} INFO - Processing /home/raj/Downloads/kafka_2.13-3.5.1/airflow-env/lib64/python3.11/site-packages/airflow/example_dags/example_params_ui_tutorial.py took 0.174 seconds
[2023-10-07T04:43:41.939+0530] {processor.py:157} INFO - Started process (PID=10394) to work on /home/raj/Downloads/kafka_2.13-3.5.1/airflow-env/lib64/python3.11/site-packages/airflow/example_dags/example_params_ui_tutorial.py
[2023-10-07T04:43:41.941+0530] {processor.py:829} INFO - Processing file /home/raj/Downloads/kafka_2.13-3.5.1/airflow-env/lib64/python3.11/site-packages/airflow/example_dags/example_params_ui_tutorial.py for tasks to queue
[2023-10-07T04:43:41.943+0530] {logging_mixin.py:151} INFO - [2023-10-07T04:43:41.942+0530] {dagbag.py:539} INFO - Filling up the DagBag from /home/raj/Downloads/kafka_2.13-3.5.1/airflow-env/lib64/python3.11/site-packages/airflow/example_dags/example_params_ui_tutorial.py
[2023-10-07T04:43:41.977+0530] {processor.py:839} INFO - DAG(s) dict_keys(['example_params_ui_tutorial']) retrieved from /home/raj/Downloads/kafka_2.13-3.5.1/airflow-env/lib64/python3.11/site-packages/airflow/example_dags/example_params_ui_tutorial.py
[2023-10-07T04:43:42.014+0530] {logging_mixin.py:151} INFO - [2023-10-07T04:43:42.014+0530] {dag.py:2915} INFO - Sync 1 DAGs
[2023-10-07T04:43:42.026+0530] {logging_mixin.py:151} INFO - [2023-10-07T04:43:42.025+0530] {dag.py:3696} INFO - Setting next_dagrun for example_params_ui_tutorial to None, run_after=None
[2023-10-07T04:43:42.045+0530] {processor.py:179} INFO - Processing /home/raj/Downloads/kafka_2.13-3.5.1/airflow-env/lib64/python3.11/site-packages/airflow/example_dags/example_params_ui_tutorial.py took 0.112 seconds
[2023-10-07T04:44:30.475+0530] {processor.py:157} INFO - Started process (PID=10500) to work on /home/raj/Downloads/kafka_2.13-3.5.1/airflow-env/lib64/python3.11/site-packages/airflow/example_dags/example_params_ui_tutorial.py
[2023-10-07T04:44:30.487+0530] {processor.py:829} INFO - Processing file /home/raj/Downloads/kafka_2.13-3.5.1/airflow-env/lib64/python3.11/site-packages/airflow/example_dags/example_params_ui_tutorial.py for tasks to queue
[2023-10-07T04:44:30.488+0530] {logging_mixin.py:151} INFO - [2023-10-07T04:44:30.488+0530] {dagbag.py:539} INFO - Filling up the DagBag from /home/raj/Downloads/kafka_2.13-3.5.1/airflow-env/lib64/python3.11/site-packages/airflow/example_dags/example_params_ui_tutorial.py
[2023-10-07T04:44:30.536+0530] {processor.py:839} INFO - DAG(s) dict_keys(['example_params_ui_tutorial']) retrieved from /home/raj/Downloads/kafka_2.13-3.5.1/airflow-env/lib64/python3.11/site-packages/airflow/example_dags/example_params_ui_tutorial.py
[2023-10-07T04:44:30.568+0530] {logging_mixin.py:151} INFO - [2023-10-07T04:44:30.568+0530] {dag.py:2915} INFO - Sync 1 DAGs
[2023-10-07T04:44:30.578+0530] {logging_mixin.py:151} INFO - [2023-10-07T04:44:30.578+0530] {dag.py:3696} INFO - Setting next_dagrun for example_params_ui_tutorial to None, run_after=None
[2023-10-07T04:44:30.596+0530] {processor.py:179} INFO - Processing /home/raj/Downloads/kafka_2.13-3.5.1/airflow-env/lib64/python3.11/site-packages/airflow/example_dags/example_params_ui_tutorial.py took 0.126 seconds
[2023-10-07T04:45:18.735+0530] {processor.py:157} INFO - Started process (PID=10657) to work on /home/raj/Downloads/kafka_2.13-3.5.1/airflow-env/lib64/python3.11/site-packages/airflow/example_dags/example_params_ui_tutorial.py
[2023-10-07T04:45:18.738+0530] {processor.py:829} INFO - Processing file /home/raj/Downloads/kafka_2.13-3.5.1/airflow-env/lib64/python3.11/site-packages/airflow/example_dags/example_params_ui_tutorial.py for tasks to queue
[2023-10-07T04:45:18.740+0530] {logging_mixin.py:151} INFO - [2023-10-07T04:45:18.739+0530] {dagbag.py:539} INFO - Filling up the DagBag from /home/raj/Downloads/kafka_2.13-3.5.1/airflow-env/lib64/python3.11/site-packages/airflow/example_dags/example_params_ui_tutorial.py
[2023-10-07T04:45:18.766+0530] {processor.py:839} INFO - DAG(s) dict_keys(['example_params_ui_tutorial']) retrieved from /home/raj/Downloads/kafka_2.13-3.5.1/airflow-env/lib64/python3.11/site-packages/airflow/example_dags/example_params_ui_tutorial.py
[2023-10-07T04:45:18.809+0530] {logging_mixin.py:151} INFO - [2023-10-07T04:45:18.808+0530] {dag.py:2915} INFO - Sync 1 DAGs
[2023-10-07T04:45:18.820+0530] {logging_mixin.py:151} INFO - [2023-10-07T04:45:18.820+0530] {dag.py:3696} INFO - Setting next_dagrun for example_params_ui_tutorial to None, run_after=None
[2023-10-07T04:45:18.840+0530] {processor.py:179} INFO - Processing /home/raj/Downloads/kafka_2.13-3.5.1/airflow-env/lib64/python3.11/site-packages/airflow/example_dags/example_params_ui_tutorial.py took 0.111 seconds
[2023-10-07T04:46:15.447+0530] {processor.py:157} INFO - Started process (PID=10854) to work on /home/raj/Downloads/kafka_2.13-3.5.1/airflow-env/lib64/python3.11/site-packages/airflow/example_dags/example_params_ui_tutorial.py
[2023-10-07T04:46:15.458+0530] {processor.py:829} INFO - Processing file /home/raj/Downloads/kafka_2.13-3.5.1/airflow-env/lib64/python3.11/site-packages/airflow/example_dags/example_params_ui_tutorial.py for tasks to queue
[2023-10-07T04:46:15.460+0530] {logging_mixin.py:151} INFO - [2023-10-07T04:46:15.459+0530] {dagbag.py:539} INFO - Filling up the DagBag from /home/raj/Downloads/kafka_2.13-3.5.1/airflow-env/lib64/python3.11/site-packages/airflow/example_dags/example_params_ui_tutorial.py
[2023-10-07T04:46:15.510+0530] {processor.py:839} INFO - DAG(s) dict_keys(['example_params_ui_tutorial']) retrieved from /home/raj/Downloads/kafka_2.13-3.5.1/airflow-env/lib64/python3.11/site-packages/airflow/example_dags/example_params_ui_tutorial.py
[2023-10-07T04:46:15.545+0530] {logging_mixin.py:151} INFO - [2023-10-07T04:46:15.545+0530] {dag.py:2915} INFO - Sync 1 DAGs
[2023-10-07T04:46:15.557+0530] {logging_mixin.py:151} INFO - [2023-10-07T04:46:15.556+0530] {dag.py:3696} INFO - Setting next_dagrun for example_params_ui_tutorial to None, run_after=None
[2023-10-07T04:46:15.578+0530] {processor.py:179} INFO - Processing /home/raj/Downloads/kafka_2.13-3.5.1/airflow-env/lib64/python3.11/site-packages/airflow/example_dags/example_params_ui_tutorial.py took 0.135 seconds
[2023-10-07T04:47:10.621+0530] {processor.py:157} INFO - Started process (PID=10961) to work on /home/raj/Downloads/kafka_2.13-3.5.1/airflow-env/lib64/python3.11/site-packages/airflow/example_dags/example_params_ui_tutorial.py
[2023-10-07T04:47:10.632+0530] {processor.py:829} INFO - Processing file /home/raj/Downloads/kafka_2.13-3.5.1/airflow-env/lib64/python3.11/site-packages/airflow/example_dags/example_params_ui_tutorial.py for tasks to queue
[2023-10-07T04:47:10.633+0530] {logging_mixin.py:151} INFO - [2023-10-07T04:47:10.633+0530] {dagbag.py:539} INFO - Filling up the DagBag from /home/raj/Downloads/kafka_2.13-3.5.1/airflow-env/lib64/python3.11/site-packages/airflow/example_dags/example_params_ui_tutorial.py
[2023-10-07T04:47:10.658+0530] {processor.py:839} INFO - DAG(s) dict_keys(['example_params_ui_tutorial']) retrieved from /home/raj/Downloads/kafka_2.13-3.5.1/airflow-env/lib64/python3.11/site-packages/airflow/example_dags/example_params_ui_tutorial.py
[2023-10-07T04:47:10.698+0530] {logging_mixin.py:151} INFO - [2023-10-07T04:47:10.698+0530] {dag.py:2915} INFO - Sync 1 DAGs
[2023-10-07T04:47:10.710+0530] {logging_mixin.py:151} INFO - [2023-10-07T04:47:10.710+0530] {dag.py:3696} INFO - Setting next_dagrun for example_params_ui_tutorial to None, run_after=None
[2023-10-07T04:47:10.732+0530] {processor.py:179} INFO - Processing /home/raj/Downloads/kafka_2.13-3.5.1/airflow-env/lib64/python3.11/site-packages/airflow/example_dags/example_params_ui_tutorial.py took 0.116 seconds
[2023-10-07T04:47:58.317+0530] {processor.py:157} INFO - Started process (PID=11047) to work on /home/raj/Downloads/kafka_2.13-3.5.1/airflow-env/lib64/python3.11/site-packages/airflow/example_dags/example_params_ui_tutorial.py
[2023-10-07T04:47:58.328+0530] {processor.py:829} INFO - Processing file /home/raj/Downloads/kafka_2.13-3.5.1/airflow-env/lib64/python3.11/site-packages/airflow/example_dags/example_params_ui_tutorial.py for tasks to queue
[2023-10-07T04:47:58.330+0530] {logging_mixin.py:151} INFO - [2023-10-07T04:47:58.329+0530] {dagbag.py:539} INFO - Filling up the DagBag from /home/raj/Downloads/kafka_2.13-3.5.1/airflow-env/lib64/python3.11/site-packages/airflow/example_dags/example_params_ui_tutorial.py
[2023-10-07T04:47:58.355+0530] {processor.py:839} INFO - DAG(s) dict_keys(['example_params_ui_tutorial']) retrieved from /home/raj/Downloads/kafka_2.13-3.5.1/airflow-env/lib64/python3.11/site-packages/airflow/example_dags/example_params_ui_tutorial.py
[2023-10-07T04:47:58.397+0530] {logging_mixin.py:151} INFO - [2023-10-07T04:47:58.397+0530] {dag.py:2915} INFO - Sync 1 DAGs
[2023-10-07T04:47:58.410+0530] {logging_mixin.py:151} INFO - [2023-10-07T04:47:58.410+0530] {dag.py:3696} INFO - Setting next_dagrun for example_params_ui_tutorial to None, run_after=None
[2023-10-07T04:47:58.433+0530] {processor.py:179} INFO - Processing /home/raj/Downloads/kafka_2.13-3.5.1/airflow-env/lib64/python3.11/site-packages/airflow/example_dags/example_params_ui_tutorial.py took 0.119 seconds
[2023-10-07T04:48:52.554+0530] {processor.py:157} INFO - Started process (PID=11161) to work on /home/raj/Downloads/kafka_2.13-3.5.1/airflow-env/lib64/python3.11/site-packages/airflow/example_dags/example_params_ui_tutorial.py
[2023-10-07T04:48:52.565+0530] {processor.py:829} INFO - Processing file /home/raj/Downloads/kafka_2.13-3.5.1/airflow-env/lib64/python3.11/site-packages/airflow/example_dags/example_params_ui_tutorial.py for tasks to queue
[2023-10-07T04:48:52.567+0530] {logging_mixin.py:151} INFO - [2023-10-07T04:48:52.566+0530] {dagbag.py:539} INFO - Filling up the DagBag from /home/raj/Downloads/kafka_2.13-3.5.1/airflow-env/lib64/python3.11/site-packages/airflow/example_dags/example_params_ui_tutorial.py
[2023-10-07T04:48:52.615+0530] {processor.py:839} INFO - DAG(s) dict_keys(['example_params_ui_tutorial']) retrieved from /home/raj/Downloads/kafka_2.13-3.5.1/airflow-env/lib64/python3.11/site-packages/airflow/example_dags/example_params_ui_tutorial.py
[2023-10-07T04:48:52.654+0530] {logging_mixin.py:151} INFO - [2023-10-07T04:48:52.654+0530] {dag.py:2915} INFO - Sync 1 DAGs
[2023-10-07T04:48:52.665+0530] {logging_mixin.py:151} INFO - [2023-10-07T04:48:52.665+0530] {dag.py:3696} INFO - Setting next_dagrun for example_params_ui_tutorial to None, run_after=None
[2023-10-07T04:48:52.696+0530] {processor.py:179} INFO - Processing /home/raj/Downloads/kafka_2.13-3.5.1/airflow-env/lib64/python3.11/site-packages/airflow/example_dags/example_params_ui_tutorial.py took 0.148 seconds
[2023-10-07T04:49:47.998+0530] {processor.py:157} INFO - Started process (PID=11262) to work on /home/raj/Downloads/kafka_2.13-3.5.1/airflow-env/lib64/python3.11/site-packages/airflow/example_dags/example_params_ui_tutorial.py
[2023-10-07T04:49:48.009+0530] {processor.py:829} INFO - Processing file /home/raj/Downloads/kafka_2.13-3.5.1/airflow-env/lib64/python3.11/site-packages/airflow/example_dags/example_params_ui_tutorial.py for tasks to queue
[2023-10-07T04:49:48.010+0530] {logging_mixin.py:151} INFO - [2023-10-07T04:49:48.010+0530] {dagbag.py:539} INFO - Filling up the DagBag from /home/raj/Downloads/kafka_2.13-3.5.1/airflow-env/lib64/python3.11/site-packages/airflow/example_dags/example_params_ui_tutorial.py
[2023-10-07T04:49:48.044+0530] {processor.py:839} INFO - DAG(s) dict_keys(['example_params_ui_tutorial']) retrieved from /home/raj/Downloads/kafka_2.13-3.5.1/airflow-env/lib64/python3.11/site-packages/airflow/example_dags/example_params_ui_tutorial.py
[2023-10-07T04:49:48.090+0530] {logging_mixin.py:151} INFO - [2023-10-07T04:49:48.090+0530] {dag.py:2915} INFO - Sync 1 DAGs
[2023-10-07T04:49:48.103+0530] {logging_mixin.py:151} INFO - [2023-10-07T04:49:48.103+0530] {dag.py:3696} INFO - Setting next_dagrun for example_params_ui_tutorial to None, run_after=None
[2023-10-07T04:49:48.124+0530] {processor.py:179} INFO - Processing /home/raj/Downloads/kafka_2.13-3.5.1/airflow-env/lib64/python3.11/site-packages/airflow/example_dags/example_params_ui_tutorial.py took 0.129 seconds
[2023-10-07T04:50:42.777+0530] {processor.py:157} INFO - Started process (PID=11358) to work on /home/raj/Downloads/kafka_2.13-3.5.1/airflow-env/lib64/python3.11/site-packages/airflow/example_dags/example_params_ui_tutorial.py
[2023-10-07T04:50:42.788+0530] {processor.py:829} INFO - Processing file /home/raj/Downloads/kafka_2.13-3.5.1/airflow-env/lib64/python3.11/site-packages/airflow/example_dags/example_params_ui_tutorial.py for tasks to queue
[2023-10-07T04:50:42.789+0530] {logging_mixin.py:151} INFO - [2023-10-07T04:50:42.789+0530] {dagbag.py:539} INFO - Filling up the DagBag from /home/raj/Downloads/kafka_2.13-3.5.1/airflow-env/lib64/python3.11/site-packages/airflow/example_dags/example_params_ui_tutorial.py
[2023-10-07T04:50:42.839+0530] {processor.py:839} INFO - DAG(s) dict_keys(['example_params_ui_tutorial']) retrieved from /home/raj/Downloads/kafka_2.13-3.5.1/airflow-env/lib64/python3.11/site-packages/airflow/example_dags/example_params_ui_tutorial.py
[2023-10-07T04:50:42.873+0530] {logging_mixin.py:151} INFO - [2023-10-07T04:50:42.873+0530] {dag.py:2915} INFO - Sync 1 DAGs
[2023-10-07T04:50:42.883+0530] {logging_mixin.py:151} INFO - [2023-10-07T04:50:42.883+0530] {dag.py:3696} INFO - Setting next_dagrun for example_params_ui_tutorial to None, run_after=None
[2023-10-07T04:50:42.903+0530] {processor.py:179} INFO - Processing /home/raj/Downloads/kafka_2.13-3.5.1/airflow-env/lib64/python3.11/site-packages/airflow/example_dags/example_params_ui_tutorial.py took 0.132 seconds
[2023-10-07T04:51:31.901+0530] {processor.py:157} INFO - Started process (PID=11446) to work on /home/raj/Downloads/kafka_2.13-3.5.1/airflow-env/lib64/python3.11/site-packages/airflow/example_dags/example_params_ui_tutorial.py
[2023-10-07T04:51:31.912+0530] {processor.py:829} INFO - Processing file /home/raj/Downloads/kafka_2.13-3.5.1/airflow-env/lib64/python3.11/site-packages/airflow/example_dags/example_params_ui_tutorial.py for tasks to queue
[2023-10-07T04:51:31.914+0530] {logging_mixin.py:151} INFO - [2023-10-07T04:51:31.913+0530] {dagbag.py:539} INFO - Filling up the DagBag from /home/raj/Downloads/kafka_2.13-3.5.1/airflow-env/lib64/python3.11/site-packages/airflow/example_dags/example_params_ui_tutorial.py
[2023-10-07T04:51:31.962+0530] {processor.py:839} INFO - DAG(s) dict_keys(['example_params_ui_tutorial']) retrieved from /home/raj/Downloads/kafka_2.13-3.5.1/airflow-env/lib64/python3.11/site-packages/airflow/example_dags/example_params_ui_tutorial.py
[2023-10-07T04:51:31.995+0530] {logging_mixin.py:151} INFO - [2023-10-07T04:51:31.994+0530] {dag.py:2915} INFO - Sync 1 DAGs
[2023-10-07T04:51:32.004+0530] {logging_mixin.py:151} INFO - [2023-10-07T04:51:32.003+0530] {dag.py:3696} INFO - Setting next_dagrun for example_params_ui_tutorial to None, run_after=None
[2023-10-07T04:51:32.021+0530] {processor.py:179} INFO - Processing /home/raj/Downloads/kafka_2.13-3.5.1/airflow-env/lib64/python3.11/site-packages/airflow/example_dags/example_params_ui_tutorial.py took 0.126 seconds
[2023-10-07T04:52:27.502+0530] {processor.py:157} INFO - Started process (PID=11733) to work on /home/raj/Downloads/kafka_2.13-3.5.1/airflow-env/lib64/python3.11/site-packages/airflow/example_dags/example_params_ui_tutorial.py
[2023-10-07T04:52:27.514+0530] {processor.py:829} INFO - Processing file /home/raj/Downloads/kafka_2.13-3.5.1/airflow-env/lib64/python3.11/site-packages/airflow/example_dags/example_params_ui_tutorial.py for tasks to queue
[2023-10-07T04:52:27.515+0530] {logging_mixin.py:151} INFO - [2023-10-07T04:52:27.514+0530] {dagbag.py:539} INFO - Filling up the DagBag from /home/raj/Downloads/kafka_2.13-3.5.1/airflow-env/lib64/python3.11/site-packages/airflow/example_dags/example_params_ui_tutorial.py
[2023-10-07T04:52:27.563+0530] {processor.py:839} INFO - DAG(s) dict_keys(['example_params_ui_tutorial']) retrieved from /home/raj/Downloads/kafka_2.13-3.5.1/airflow-env/lib64/python3.11/site-packages/airflow/example_dags/example_params_ui_tutorial.py
[2023-10-07T04:52:27.595+0530] {logging_mixin.py:151} INFO - [2023-10-07T04:52:27.594+0530] {dag.py:2915} INFO - Sync 1 DAGs
[2023-10-07T04:52:27.603+0530] {logging_mixin.py:151} INFO - [2023-10-07T04:52:27.603+0530] {dag.py:3696} INFO - Setting next_dagrun for example_params_ui_tutorial to None, run_after=None
[2023-10-07T04:52:27.621+0530] {processor.py:179} INFO - Processing /home/raj/Downloads/kafka_2.13-3.5.1/airflow-env/lib64/python3.11/site-packages/airflow/example_dags/example_params_ui_tutorial.py took 0.123 seconds
[2023-10-07T04:53:18.053+0530] {processor.py:157} INFO - Started process (PID=11883) to work on /home/raj/Downloads/kafka_2.13-3.5.1/airflow-env/lib64/python3.11/site-packages/airflow/example_dags/example_params_ui_tutorial.py
[2023-10-07T04:53:18.055+0530] {processor.py:829} INFO - Processing file /home/raj/Downloads/kafka_2.13-3.5.1/airflow-env/lib64/python3.11/site-packages/airflow/example_dags/example_params_ui_tutorial.py for tasks to queue
[2023-10-07T04:53:18.057+0530] {logging_mixin.py:151} INFO - [2023-10-07T04:53:18.056+0530] {dagbag.py:539} INFO - Filling up the DagBag from /home/raj/Downloads/kafka_2.13-3.5.1/airflow-env/lib64/python3.11/site-packages/airflow/example_dags/example_params_ui_tutorial.py
[2023-10-07T04:53:18.086+0530] {processor.py:839} INFO - DAG(s) dict_keys(['example_params_ui_tutorial']) retrieved from /home/raj/Downloads/kafka_2.13-3.5.1/airflow-env/lib64/python3.11/site-packages/airflow/example_dags/example_params_ui_tutorial.py
[2023-10-07T04:53:18.124+0530] {logging_mixin.py:151} INFO - [2023-10-07T04:53:18.124+0530] {dag.py:2915} INFO - Sync 1 DAGs
[2023-10-07T04:53:18.136+0530] {logging_mixin.py:151} INFO - [2023-10-07T04:53:18.135+0530] {dag.py:3696} INFO - Setting next_dagrun for example_params_ui_tutorial to None, run_after=None
[2023-10-07T04:53:18.156+0530] {processor.py:179} INFO - Processing /home/raj/Downloads/kafka_2.13-3.5.1/airflow-env/lib64/python3.11/site-packages/airflow/example_dags/example_params_ui_tutorial.py took 0.108 seconds
[2023-10-07T04:54:03.743+0530] {processor.py:157} INFO - Started process (PID=11968) to work on /home/raj/Downloads/kafka_2.13-3.5.1/airflow-env/lib64/python3.11/site-packages/airflow/example_dags/example_params_ui_tutorial.py
[2023-10-07T04:54:03.754+0530] {processor.py:829} INFO - Processing file /home/raj/Downloads/kafka_2.13-3.5.1/airflow-env/lib64/python3.11/site-packages/airflow/example_dags/example_params_ui_tutorial.py for tasks to queue
[2023-10-07T04:54:03.756+0530] {logging_mixin.py:151} INFO - [2023-10-07T04:54:03.755+0530] {dagbag.py:539} INFO - Filling up the DagBag from /home/raj/Downloads/kafka_2.13-3.5.1/airflow-env/lib64/python3.11/site-packages/airflow/example_dags/example_params_ui_tutorial.py
[2023-10-07T04:54:03.806+0530] {processor.py:839} INFO - DAG(s) dict_keys(['example_params_ui_tutorial']) retrieved from /home/raj/Downloads/kafka_2.13-3.5.1/airflow-env/lib64/python3.11/site-packages/airflow/example_dags/example_params_ui_tutorial.py
[2023-10-07T04:54:03.842+0530] {logging_mixin.py:151} INFO - [2023-10-07T04:54:03.842+0530] {dag.py:2915} INFO - Sync 1 DAGs
[2023-10-07T04:54:03.854+0530] {logging_mixin.py:151} INFO - [2023-10-07T04:54:03.854+0530] {dag.py:3696} INFO - Setting next_dagrun for example_params_ui_tutorial to None, run_after=None
[2023-10-07T04:54:03.876+0530] {processor.py:179} INFO - Processing /home/raj/Downloads/kafka_2.13-3.5.1/airflow-env/lib64/python3.11/site-packages/airflow/example_dags/example_params_ui_tutorial.py took 0.138 seconds
[2023-10-07T04:54:56.786+0530] {processor.py:157} INFO - Started process (PID=12087) to work on /home/raj/Downloads/kafka_2.13-3.5.1/airflow-env/lib64/python3.11/site-packages/airflow/example_dags/example_params_ui_tutorial.py
[2023-10-07T04:54:56.797+0530] {processor.py:829} INFO - Processing file /home/raj/Downloads/kafka_2.13-3.5.1/airflow-env/lib64/python3.11/site-packages/airflow/example_dags/example_params_ui_tutorial.py for tasks to queue
[2023-10-07T04:54:56.799+0530] {logging_mixin.py:151} INFO - [2023-10-07T04:54:56.798+0530] {dagbag.py:539} INFO - Filling up the DagBag from /home/raj/Downloads/kafka_2.13-3.5.1/airflow-env/lib64/python3.11/site-packages/airflow/example_dags/example_params_ui_tutorial.py
[2023-10-07T04:54:56.827+0530] {processor.py:839} INFO - DAG(s) dict_keys(['example_params_ui_tutorial']) retrieved from /home/raj/Downloads/kafka_2.13-3.5.1/airflow-env/lib64/python3.11/site-packages/airflow/example_dags/example_params_ui_tutorial.py
[2023-10-07T04:54:56.862+0530] {logging_mixin.py:151} INFO - [2023-10-07T04:54:56.861+0530] {dag.py:2915} INFO - Sync 1 DAGs
[2023-10-07T04:54:56.871+0530] {logging_mixin.py:151} INFO - [2023-10-07T04:54:56.871+0530] {dag.py:3696} INFO - Setting next_dagrun for example_params_ui_tutorial to None, run_after=None
[2023-10-07T04:54:56.891+0530] {processor.py:179} INFO - Processing /home/raj/Downloads/kafka_2.13-3.5.1/airflow-env/lib64/python3.11/site-packages/airflow/example_dags/example_params_ui_tutorial.py took 0.110 seconds
[2023-10-07T04:55:49.859+0530] {processor.py:157} INFO - Started process (PID=12215) to work on /home/raj/Downloads/kafka_2.13-3.5.1/airflow-env/lib64/python3.11/site-packages/airflow/example_dags/example_params_ui_tutorial.py
[2023-10-07T04:55:49.870+0530] {processor.py:829} INFO - Processing file /home/raj/Downloads/kafka_2.13-3.5.1/airflow-env/lib64/python3.11/site-packages/airflow/example_dags/example_params_ui_tutorial.py for tasks to queue
[2023-10-07T04:55:49.871+0530] {logging_mixin.py:151} INFO - [2023-10-07T04:55:49.870+0530] {dagbag.py:539} INFO - Filling up the DagBag from /home/raj/Downloads/kafka_2.13-3.5.1/airflow-env/lib64/python3.11/site-packages/airflow/example_dags/example_params_ui_tutorial.py
[2023-10-07T04:55:49.912+0530] {processor.py:839} INFO - DAG(s) dict_keys(['example_params_ui_tutorial']) retrieved from /home/raj/Downloads/kafka_2.13-3.5.1/airflow-env/lib64/python3.11/site-packages/airflow/example_dags/example_params_ui_tutorial.py
[2023-10-07T04:55:49.954+0530] {logging_mixin.py:151} INFO - [2023-10-07T04:55:49.953+0530] {dag.py:2915} INFO - Sync 1 DAGs
[2023-10-07T04:55:49.969+0530] {logging_mixin.py:151} INFO - [2023-10-07T04:55:49.969+0530] {dag.py:3696} INFO - Setting next_dagrun for example_params_ui_tutorial to None, run_after=None
[2023-10-07T04:55:49.991+0530] {processor.py:179} INFO - Processing /home/raj/Downloads/kafka_2.13-3.5.1/airflow-env/lib64/python3.11/site-packages/airflow/example_dags/example_params_ui_tutorial.py took 0.138 seconds
[2023-10-07T04:56:35.639+0530] {processor.py:157} INFO - Started process (PID=12281) to work on /home/raj/Downloads/kafka_2.13-3.5.1/airflow-env/lib64/python3.11/site-packages/airflow/example_dags/example_params_ui_tutorial.py
[2023-10-07T04:56:35.641+0530] {processor.py:829} INFO - Processing file /home/raj/Downloads/kafka_2.13-3.5.1/airflow-env/lib64/python3.11/site-packages/airflow/example_dags/example_params_ui_tutorial.py for tasks to queue
[2023-10-07T04:56:35.642+0530] {logging_mixin.py:151} INFO - [2023-10-07T04:56:35.641+0530] {dagbag.py:539} INFO - Filling up the DagBag from /home/raj/Downloads/kafka_2.13-3.5.1/airflow-env/lib64/python3.11/site-packages/airflow/example_dags/example_params_ui_tutorial.py
[2023-10-07T04:56:35.682+0530] {processor.py:839} INFO - DAG(s) dict_keys(['example_params_ui_tutorial']) retrieved from /home/raj/Downloads/kafka_2.13-3.5.1/airflow-env/lib64/python3.11/site-packages/airflow/example_dags/example_params_ui_tutorial.py
[2023-10-07T04:56:35.725+0530] {logging_mixin.py:151} INFO - [2023-10-07T04:56:35.724+0530] {dag.py:2915} INFO - Sync 1 DAGs
[2023-10-07T04:56:35.736+0530] {logging_mixin.py:151} INFO - [2023-10-07T04:56:35.736+0530] {dag.py:3696} INFO - Setting next_dagrun for example_params_ui_tutorial to None, run_after=None
[2023-10-07T04:56:35.759+0530] {processor.py:179} INFO - Processing /home/raj/Downloads/kafka_2.13-3.5.1/airflow-env/lib64/python3.11/site-packages/airflow/example_dags/example_params_ui_tutorial.py took 0.126 seconds
[2023-10-07T04:57:25.402+0530] {processor.py:157} INFO - Started process (PID=12430) to work on /home/raj/Downloads/kafka_2.13-3.5.1/airflow-env/lib64/python3.11/site-packages/airflow/example_dags/example_params_ui_tutorial.py
[2023-10-07T04:57:25.403+0530] {processor.py:829} INFO - Processing file /home/raj/Downloads/kafka_2.13-3.5.1/airflow-env/lib64/python3.11/site-packages/airflow/example_dags/example_params_ui_tutorial.py for tasks to queue
[2023-10-07T04:57:25.405+0530] {logging_mixin.py:151} INFO - [2023-10-07T04:57:25.404+0530] {dagbag.py:539} INFO - Filling up the DagBag from /home/raj/Downloads/kafka_2.13-3.5.1/airflow-env/lib64/python3.11/site-packages/airflow/example_dags/example_params_ui_tutorial.py
[2023-10-07T04:57:25.446+0530] {processor.py:839} INFO - DAG(s) dict_keys(['example_params_ui_tutorial']) retrieved from /home/raj/Downloads/kafka_2.13-3.5.1/airflow-env/lib64/python3.11/site-packages/airflow/example_dags/example_params_ui_tutorial.py
[2023-10-07T04:57:25.483+0530] {logging_mixin.py:151} INFO - [2023-10-07T04:57:25.482+0530] {dag.py:2915} INFO - Sync 1 DAGs
[2023-10-07T04:57:25.494+0530] {logging_mixin.py:151} INFO - [2023-10-07T04:57:25.494+0530] {dag.py:3696} INFO - Setting next_dagrun for example_params_ui_tutorial to None, run_after=None
[2023-10-07T04:57:25.515+0530] {processor.py:179} INFO - Processing /home/raj/Downloads/kafka_2.13-3.5.1/airflow-env/lib64/python3.11/site-packages/airflow/example_dags/example_params_ui_tutorial.py took 0.118 seconds
[2023-10-07T04:58:16.854+0530] {processor.py:157} INFO - Started process (PID=12517) to work on /home/raj/Downloads/kafka_2.13-3.5.1/airflow-env/lib64/python3.11/site-packages/airflow/example_dags/example_params_ui_tutorial.py
[2023-10-07T04:58:16.866+0530] {processor.py:829} INFO - Processing file /home/raj/Downloads/kafka_2.13-3.5.1/airflow-env/lib64/python3.11/site-packages/airflow/example_dags/example_params_ui_tutorial.py for tasks to queue
[2023-10-07T04:58:16.867+0530] {logging_mixin.py:151} INFO - [2023-10-07T04:58:16.866+0530] {dagbag.py:539} INFO - Filling up the DagBag from /home/raj/Downloads/kafka_2.13-3.5.1/airflow-env/lib64/python3.11/site-packages/airflow/example_dags/example_params_ui_tutorial.py
[2023-10-07T04:58:16.922+0530] {processor.py:839} INFO - DAG(s) dict_keys(['example_params_ui_tutorial']) retrieved from /home/raj/Downloads/kafka_2.13-3.5.1/airflow-env/lib64/python3.11/site-packages/airflow/example_dags/example_params_ui_tutorial.py
[2023-10-07T04:58:16.956+0530] {logging_mixin.py:151} INFO - [2023-10-07T04:58:16.956+0530] {dag.py:2915} INFO - Sync 1 DAGs
[2023-10-07T04:58:16.967+0530] {logging_mixin.py:151} INFO - [2023-10-07T04:58:16.967+0530] {dag.py:3696} INFO - Setting next_dagrun for example_params_ui_tutorial to None, run_after=None
[2023-10-07T04:58:16.987+0530] {processor.py:179} INFO - Processing /home/raj/Downloads/kafka_2.13-3.5.1/airflow-env/lib64/python3.11/site-packages/airflow/example_dags/example_params_ui_tutorial.py took 0.139 seconds
[2023-10-07T04:59:07.462+0530] {processor.py:157} INFO - Started process (PID=12658) to work on /home/raj/Downloads/kafka_2.13-3.5.1/airflow-env/lib64/python3.11/site-packages/airflow/example_dags/example_params_ui_tutorial.py
[2023-10-07T04:59:07.473+0530] {processor.py:829} INFO - Processing file /home/raj/Downloads/kafka_2.13-3.5.1/airflow-env/lib64/python3.11/site-packages/airflow/example_dags/example_params_ui_tutorial.py for tasks to queue
[2023-10-07T04:59:07.474+0530] {logging_mixin.py:151} INFO - [2023-10-07T04:59:07.473+0530] {dagbag.py:539} INFO - Filling up the DagBag from /home/raj/Downloads/kafka_2.13-3.5.1/airflow-env/lib64/python3.11/site-packages/airflow/example_dags/example_params_ui_tutorial.py
[2023-10-07T04:59:07.499+0530] {processor.py:839} INFO - DAG(s) dict_keys(['example_params_ui_tutorial']) retrieved from /home/raj/Downloads/kafka_2.13-3.5.1/airflow-env/lib64/python3.11/site-packages/airflow/example_dags/example_params_ui_tutorial.py
[2023-10-07T04:59:07.539+0530] {logging_mixin.py:151} INFO - [2023-10-07T04:59:07.538+0530] {dag.py:2915} INFO - Sync 1 DAGs
[2023-10-07T04:59:07.550+0530] {logging_mixin.py:151} INFO - [2023-10-07T04:59:07.550+0530] {dag.py:3696} INFO - Setting next_dagrun for example_params_ui_tutorial to None, run_after=None
[2023-10-07T04:59:07.573+0530] {processor.py:179} INFO - Processing /home/raj/Downloads/kafka_2.13-3.5.1/airflow-env/lib64/python3.11/site-packages/airflow/example_dags/example_params_ui_tutorial.py took 0.113 seconds
