[2023-10-07T03:59:48.953+0530] {processor.py:157} INFO - Started process (PID=18037) to work on /home/raj/Downloads/kafka_2.13-3.5.1/airflow-env/lib64/python3.11/site-packages/airflow/example_dags/example_skip_dag.py
[2023-10-07T03:59:48.955+0530] {processor.py:829} INFO - Processing file /home/raj/Downloads/kafka_2.13-3.5.1/airflow-env/lib64/python3.11/site-packages/airflow/example_dags/example_skip_dag.py for tasks to queue
[2023-10-07T03:59:48.956+0530] {logging_mixin.py:151} INFO - [2023-10-07T03:59:48.955+0530] {dagbag.py:539} INFO - Filling up the DagBag from /home/raj/Downloads/kafka_2.13-3.5.1/airflow-env/lib64/python3.11/site-packages/airflow/example_dags/example_skip_dag.py
[2023-10-07T03:59:48.971+0530] {processor.py:839} INFO - DAG(s) dict_keys(['example_skip_dag']) retrieved from /home/raj/Downloads/kafka_2.13-3.5.1/airflow-env/lib64/python3.11/site-packages/airflow/example_dags/example_skip_dag.py
[2023-10-07T03:59:49.088+0530] {logging_mixin.py:151} INFO - [2023-10-07T03:59:49.088+0530] {manager.py:499} INFO - Created Permission View: %s
[2023-10-07T03:59:49.102+0530] {logging_mixin.py:151} INFO - [2023-10-07T03:59:49.102+0530] {manager.py:499} INFO - Created Permission View: %s
[2023-10-07T03:59:49.111+0530] {logging_mixin.py:151} INFO - [2023-10-07T03:59:49.111+0530] {manager.py:499} INFO - Created Permission View: %s
[2023-10-07T03:59:49.111+0530] {logging_mixin.py:151} INFO - [2023-10-07T03:59:49.111+0530] {security.py:708} INFO - Not syncing DAG-level permissions for DAG 'DAG:example_skip_dag' as access control is unset.
[2023-10-07T03:59:49.112+0530] {logging_mixin.py:151} INFO - [2023-10-07T03:59:49.111+0530] {dag.py:2915} INFO - Sync 1 DAGs
[2023-10-07T03:59:49.125+0530] {logging_mixin.py:151} INFO - [2023-10-07T03:59:49.125+0530] {dag.py:2937} INFO - Creating ORM DAG for example_skip_dag
[2023-10-07T03:59:49.137+0530] {logging_mixin.py:151} INFO - [2023-10-07T03:59:49.136+0530] {dag.py:3696} INFO - Setting next_dagrun for example_skip_dag to 2023-10-05T22:29:49.136582+00:00, run_after=2023-10-06T22:29:49.136582+00:00
[2023-10-07T03:59:49.159+0530] {processor.py:179} INFO - Processing /home/raj/Downloads/kafka_2.13-3.5.1/airflow-env/lib64/python3.11/site-packages/airflow/example_dags/example_skip_dag.py took 0.211 seconds
[2023-10-07T04:00:40.483+0530] {processor.py:157} INFO - Started process (PID=18149) to work on /home/raj/Downloads/kafka_2.13-3.5.1/airflow-env/lib64/python3.11/site-packages/airflow/example_dags/example_skip_dag.py
[2023-10-07T04:00:40.484+0530] {processor.py:829} INFO - Processing file /home/raj/Downloads/kafka_2.13-3.5.1/airflow-env/lib64/python3.11/site-packages/airflow/example_dags/example_skip_dag.py for tasks to queue
[2023-10-07T04:00:40.486+0530] {logging_mixin.py:151} INFO - [2023-10-07T04:00:40.485+0530] {dagbag.py:539} INFO - Filling up the DagBag from /home/raj/Downloads/kafka_2.13-3.5.1/airflow-env/lib64/python3.11/site-packages/airflow/example_dags/example_skip_dag.py
[2023-10-07T04:00:40.500+0530] {processor.py:839} INFO - DAG(s) dict_keys(['example_skip_dag']) retrieved from /home/raj/Downloads/kafka_2.13-3.5.1/airflow-env/lib64/python3.11/site-packages/airflow/example_dags/example_skip_dag.py
[2023-10-07T04:00:40.515+0530] {logging_mixin.py:151} INFO - [2023-10-07T04:00:40.514+0530] {dag.py:2915} INFO - Sync 1 DAGs
[2023-10-07T04:00:40.533+0530] {logging_mixin.py:151} INFO - [2023-10-07T04:00:40.533+0530] {dag.py:3696} INFO - Setting next_dagrun for example_skip_dag to 2023-10-05T22:30:40.532814+00:00, run_after=2023-10-06T22:30:40.532814+00:00
[2023-10-07T04:00:40.567+0530] {processor.py:179} INFO - Processing /home/raj/Downloads/kafka_2.13-3.5.1/airflow-env/lib64/python3.11/site-packages/airflow/example_dags/example_skip_dag.py took 0.089 seconds
[2023-10-07T04:01:27.776+0530] {processor.py:157} INFO - Started process (PID=18290) to work on /home/raj/Downloads/kafka_2.13-3.5.1/airflow-env/lib64/python3.11/site-packages/airflow/example_dags/example_skip_dag.py
[2023-10-07T04:01:27.777+0530] {processor.py:829} INFO - Processing file /home/raj/Downloads/kafka_2.13-3.5.1/airflow-env/lib64/python3.11/site-packages/airflow/example_dags/example_skip_dag.py for tasks to queue
[2023-10-07T04:01:27.778+0530] {logging_mixin.py:151} INFO - [2023-10-07T04:01:27.777+0530] {dagbag.py:539} INFO - Filling up the DagBag from /home/raj/Downloads/kafka_2.13-3.5.1/airflow-env/lib64/python3.11/site-packages/airflow/example_dags/example_skip_dag.py
[2023-10-07T04:01:27.791+0530] {processor.py:839} INFO - DAG(s) dict_keys(['example_skip_dag']) retrieved from /home/raj/Downloads/kafka_2.13-3.5.1/airflow-env/lib64/python3.11/site-packages/airflow/example_dags/example_skip_dag.py
[2023-10-07T04:01:27.813+0530] {logging_mixin.py:151} INFO - [2023-10-07T04:01:27.813+0530] {dag.py:2915} INFO - Sync 1 DAGs
[2023-10-07T04:01:27.835+0530] {logging_mixin.py:151} INFO - [2023-10-07T04:01:27.835+0530] {dag.py:3696} INFO - Setting next_dagrun for example_skip_dag to 2023-10-05T22:31:27.834992+00:00, run_after=2023-10-06T22:31:27.834992+00:00
[2023-10-07T04:01:27.872+0530] {processor.py:179} INFO - Processing /home/raj/Downloads/kafka_2.13-3.5.1/airflow-env/lib64/python3.11/site-packages/airflow/example_dags/example_skip_dag.py took 0.099 seconds
[2023-10-07T04:02:16.515+0530] {processor.py:157} INFO - Started process (PID=18403) to work on /home/raj/Downloads/kafka_2.13-3.5.1/airflow-env/lib64/python3.11/site-packages/airflow/example_dags/example_skip_dag.py
[2023-10-07T04:02:16.526+0530] {processor.py:829} INFO - Processing file /home/raj/Downloads/kafka_2.13-3.5.1/airflow-env/lib64/python3.11/site-packages/airflow/example_dags/example_skip_dag.py for tasks to queue
[2023-10-07T04:02:16.528+0530] {logging_mixin.py:151} INFO - [2023-10-07T04:02:16.527+0530] {dagbag.py:539} INFO - Filling up the DagBag from /home/raj/Downloads/kafka_2.13-3.5.1/airflow-env/lib64/python3.11/site-packages/airflow/example_dags/example_skip_dag.py
[2023-10-07T04:02:16.546+0530] {processor.py:839} INFO - DAG(s) dict_keys(['example_skip_dag']) retrieved from /home/raj/Downloads/kafka_2.13-3.5.1/airflow-env/lib64/python3.11/site-packages/airflow/example_dags/example_skip_dag.py
[2023-10-07T04:02:16.577+0530] {logging_mixin.py:151} INFO - [2023-10-07T04:02:16.576+0530] {dag.py:2915} INFO - Sync 1 DAGs
[2023-10-07T04:02:16.596+0530] {logging_mixin.py:151} INFO - [2023-10-07T04:02:16.596+0530] {dag.py:3696} INFO - Setting next_dagrun for example_skip_dag to 2023-10-05T22:32:16.596125+00:00, run_after=2023-10-06T22:32:16.596125+00:00
[2023-10-07T04:02:16.620+0530] {processor.py:179} INFO - Processing /home/raj/Downloads/kafka_2.13-3.5.1/airflow-env/lib64/python3.11/site-packages/airflow/example_dags/example_skip_dag.py took 0.111 seconds
[2023-10-07T04:03:10.518+0530] {processor.py:157} INFO - Started process (PID=18629) to work on /home/raj/Downloads/kafka_2.13-3.5.1/airflow-env/lib64/python3.11/site-packages/airflow/example_dags/example_skip_dag.py
[2023-10-07T04:03:10.519+0530] {processor.py:829} INFO - Processing file /home/raj/Downloads/kafka_2.13-3.5.1/airflow-env/lib64/python3.11/site-packages/airflow/example_dags/example_skip_dag.py for tasks to queue
[2023-10-07T04:03:10.520+0530] {logging_mixin.py:151} INFO - [2023-10-07T04:03:10.520+0530] {dagbag.py:539} INFO - Filling up the DagBag from /home/raj/Downloads/kafka_2.13-3.5.1/airflow-env/lib64/python3.11/site-packages/airflow/example_dags/example_skip_dag.py
[2023-10-07T04:03:10.532+0530] {processor.py:839} INFO - DAG(s) dict_keys(['example_skip_dag']) retrieved from /home/raj/Downloads/kafka_2.13-3.5.1/airflow-env/lib64/python3.11/site-packages/airflow/example_dags/example_skip_dag.py
[2023-10-07T04:03:10.550+0530] {logging_mixin.py:151} INFO - [2023-10-07T04:03:10.550+0530] {dag.py:2915} INFO - Sync 1 DAGs
[2023-10-07T04:03:10.577+0530] {logging_mixin.py:151} INFO - [2023-10-07T04:03:10.577+0530] {dag.py:3696} INFO - Setting next_dagrun for example_skip_dag to 2023-10-05T22:33:10.577100+00:00, run_after=2023-10-06T22:33:10.577100+00:00
[2023-10-07T04:03:10.609+0530] {processor.py:179} INFO - Processing /home/raj/Downloads/kafka_2.13-3.5.1/airflow-env/lib64/python3.11/site-packages/airflow/example_dags/example_skip_dag.py took 0.095 seconds
[2023-10-07T04:03:56.061+0530] {processor.py:157} INFO - Started process (PID=18693) to work on /home/raj/Downloads/kafka_2.13-3.5.1/airflow-env/lib64/python3.11/site-packages/airflow/example_dags/example_skip_dag.py
[2023-10-07T04:03:56.073+0530] {processor.py:829} INFO - Processing file /home/raj/Downloads/kafka_2.13-3.5.1/airflow-env/lib64/python3.11/site-packages/airflow/example_dags/example_skip_dag.py for tasks to queue
[2023-10-07T04:03:56.074+0530] {logging_mixin.py:151} INFO - [2023-10-07T04:03:56.073+0530] {dagbag.py:539} INFO - Filling up the DagBag from /home/raj/Downloads/kafka_2.13-3.5.1/airflow-env/lib64/python3.11/site-packages/airflow/example_dags/example_skip_dag.py
[2023-10-07T04:03:56.090+0530] {processor.py:839} INFO - DAG(s) dict_keys(['example_skip_dag']) retrieved from /home/raj/Downloads/kafka_2.13-3.5.1/airflow-env/lib64/python3.11/site-packages/airflow/example_dags/example_skip_dag.py
[2023-10-07T04:03:56.118+0530] {logging_mixin.py:151} INFO - [2023-10-07T04:03:56.118+0530] {dag.py:2915} INFO - Sync 1 DAGs
[2023-10-07T04:03:56.135+0530] {logging_mixin.py:151} INFO - [2023-10-07T04:03:56.135+0530] {dag.py:3696} INFO - Setting next_dagrun for example_skip_dag to 2023-10-05T22:33:56.135036+00:00, run_after=2023-10-06T22:33:56.135036+00:00
[2023-10-07T04:03:56.157+0530] {processor.py:179} INFO - Processing /home/raj/Downloads/kafka_2.13-3.5.1/airflow-env/lib64/python3.11/site-packages/airflow/example_dags/example_skip_dag.py took 0.103 seconds
[2023-10-07T04:04:45.060+0530] {processor.py:157} INFO - Started process (PID=18831) to work on /home/raj/Downloads/kafka_2.13-3.5.1/airflow-env/lib64/python3.11/site-packages/airflow/example_dags/example_skip_dag.py
[2023-10-07T04:04:45.071+0530] {processor.py:829} INFO - Processing file /home/raj/Downloads/kafka_2.13-3.5.1/airflow-env/lib64/python3.11/site-packages/airflow/example_dags/example_skip_dag.py for tasks to queue
[2023-10-07T04:04:45.073+0530] {logging_mixin.py:151} INFO - [2023-10-07T04:04:45.072+0530] {dagbag.py:539} INFO - Filling up the DagBag from /home/raj/Downloads/kafka_2.13-3.5.1/airflow-env/lib64/python3.11/site-packages/airflow/example_dags/example_skip_dag.py
[2023-10-07T04:04:45.080+0530] {processor.py:839} INFO - DAG(s) dict_keys(['example_skip_dag']) retrieved from /home/raj/Downloads/kafka_2.13-3.5.1/airflow-env/lib64/python3.11/site-packages/airflow/example_dags/example_skip_dag.py
[2023-10-07T04:04:45.094+0530] {logging_mixin.py:151} INFO - [2023-10-07T04:04:45.093+0530] {dag.py:2915} INFO - Sync 1 DAGs
[2023-10-07T04:04:45.109+0530] {logging_mixin.py:151} INFO - [2023-10-07T04:04:45.109+0530] {dag.py:3696} INFO - Setting next_dagrun for example_skip_dag to 2023-10-05T22:34:45.109051+00:00, run_after=2023-10-06T22:34:45.109051+00:00
[2023-10-07T04:04:45.126+0530] {processor.py:179} INFO - Processing /home/raj/Downloads/kafka_2.13-3.5.1/airflow-env/lib64/python3.11/site-packages/airflow/example_dags/example_skip_dag.py took 0.071 seconds
[2023-10-07T04:05:37.422+0530] {processor.py:157} INFO - Started process (PID=18982) to work on /home/raj/Downloads/kafka_2.13-3.5.1/airflow-env/lib64/python3.11/site-packages/airflow/example_dags/example_skip_dag.py
[2023-10-07T04:05:37.434+0530] {processor.py:829} INFO - Processing file /home/raj/Downloads/kafka_2.13-3.5.1/airflow-env/lib64/python3.11/site-packages/airflow/example_dags/example_skip_dag.py for tasks to queue
[2023-10-07T04:05:37.435+0530] {logging_mixin.py:151} INFO - [2023-10-07T04:05:37.434+0530] {dagbag.py:539} INFO - Filling up the DagBag from /home/raj/Downloads/kafka_2.13-3.5.1/airflow-env/lib64/python3.11/site-packages/airflow/example_dags/example_skip_dag.py
[2023-10-07T04:05:37.450+0530] {processor.py:839} INFO - DAG(s) dict_keys(['example_skip_dag']) retrieved from /home/raj/Downloads/kafka_2.13-3.5.1/airflow-env/lib64/python3.11/site-packages/airflow/example_dags/example_skip_dag.py
[2023-10-07T04:05:37.479+0530] {logging_mixin.py:151} INFO - [2023-10-07T04:05:37.479+0530] {dag.py:2915} INFO - Sync 1 DAGs
[2023-10-07T04:05:37.495+0530] {logging_mixin.py:151} INFO - [2023-10-07T04:05:37.495+0530] {dag.py:3696} INFO - Setting next_dagrun for example_skip_dag to 2023-10-05T22:35:37.495044+00:00, run_after=2023-10-06T22:35:37.495044+00:00
[2023-10-07T04:05:37.517+0530] {processor.py:179} INFO - Processing /home/raj/Downloads/kafka_2.13-3.5.1/airflow-env/lib64/python3.11/site-packages/airflow/example_dags/example_skip_dag.py took 0.100 seconds
[2023-10-07T04:06:30.016+0530] {processor.py:157} INFO - Started process (PID=19096) to work on /home/raj/Downloads/kafka_2.13-3.5.1/airflow-env/lib64/python3.11/site-packages/airflow/example_dags/example_skip_dag.py
[2023-10-07T04:06:30.027+0530] {processor.py:829} INFO - Processing file /home/raj/Downloads/kafka_2.13-3.5.1/airflow-env/lib64/python3.11/site-packages/airflow/example_dags/example_skip_dag.py for tasks to queue
[2023-10-07T04:06:30.029+0530] {logging_mixin.py:151} INFO - [2023-10-07T04:06:30.028+0530] {dagbag.py:539} INFO - Filling up the DagBag from /home/raj/Downloads/kafka_2.13-3.5.1/airflow-env/lib64/python3.11/site-packages/airflow/example_dags/example_skip_dag.py
[2023-10-07T04:06:30.044+0530] {processor.py:839} INFO - DAG(s) dict_keys(['example_skip_dag']) retrieved from /home/raj/Downloads/kafka_2.13-3.5.1/airflow-env/lib64/python3.11/site-packages/airflow/example_dags/example_skip_dag.py
[2023-10-07T04:06:30.073+0530] {logging_mixin.py:151} INFO - [2023-10-07T04:06:30.072+0530] {dag.py:2915} INFO - Sync 1 DAGs
[2023-10-07T04:06:30.089+0530] {logging_mixin.py:151} INFO - [2023-10-07T04:06:30.088+0530] {dag.py:3696} INFO - Setting next_dagrun for example_skip_dag to 2023-10-05T22:36:30.088645+00:00, run_after=2023-10-06T22:36:30.088645+00:00
[2023-10-07T04:06:30.106+0530] {processor.py:179} INFO - Processing /home/raj/Downloads/kafka_2.13-3.5.1/airflow-env/lib64/python3.11/site-packages/airflow/example_dags/example_skip_dag.py took 0.096 seconds
[2023-10-07T04:07:27.059+0530] {processor.py:157} INFO - Started process (PID=19201) to work on /home/raj/Downloads/kafka_2.13-3.5.1/airflow-env/lib64/python3.11/site-packages/airflow/example_dags/example_skip_dag.py
[2023-10-07T04:07:27.069+0530] {processor.py:829} INFO - Processing file /home/raj/Downloads/kafka_2.13-3.5.1/airflow-env/lib64/python3.11/site-packages/airflow/example_dags/example_skip_dag.py for tasks to queue
[2023-10-07T04:07:27.070+0530] {logging_mixin.py:151} INFO - [2023-10-07T04:07:27.070+0530] {dagbag.py:539} INFO - Filling up the DagBag from /home/raj/Downloads/kafka_2.13-3.5.1/airflow-env/lib64/python3.11/site-packages/airflow/example_dags/example_skip_dag.py
[2023-10-07T04:07:27.078+0530] {processor.py:839} INFO - DAG(s) dict_keys(['example_skip_dag']) retrieved from /home/raj/Downloads/kafka_2.13-3.5.1/airflow-env/lib64/python3.11/site-packages/airflow/example_dags/example_skip_dag.py
[2023-10-07T04:07:27.094+0530] {logging_mixin.py:151} INFO - [2023-10-07T04:07:27.094+0530] {dag.py:2915} INFO - Sync 1 DAGs
[2023-10-07T04:07:27.113+0530] {logging_mixin.py:151} INFO - [2023-10-07T04:07:27.113+0530] {dag.py:3696} INFO - Setting next_dagrun for example_skip_dag to 2023-10-05T22:37:27.113438+00:00, run_after=2023-10-06T22:37:27.113438+00:00
[2023-10-07T04:07:27.136+0530] {processor.py:179} INFO - Processing /home/raj/Downloads/kafka_2.13-3.5.1/airflow-env/lib64/python3.11/site-packages/airflow/example_dags/example_skip_dag.py took 0.080 seconds
[2023-10-07T04:08:21.261+0530] {processor.py:157} INFO - Started process (PID=19257) to work on /home/raj/Downloads/kafka_2.13-3.5.1/airflow-env/lib64/python3.11/site-packages/airflow/example_dags/example_skip_dag.py
[2023-10-07T04:08:21.272+0530] {processor.py:829} INFO - Processing file /home/raj/Downloads/kafka_2.13-3.5.1/airflow-env/lib64/python3.11/site-packages/airflow/example_dags/example_skip_dag.py for tasks to queue
[2023-10-07T04:08:21.273+0530] {logging_mixin.py:151} INFO - [2023-10-07T04:08:21.272+0530] {dagbag.py:539} INFO - Filling up the DagBag from /home/raj/Downloads/kafka_2.13-3.5.1/airflow-env/lib64/python3.11/site-packages/airflow/example_dags/example_skip_dag.py
[2023-10-07T04:08:21.281+0530] {processor.py:839} INFO - DAG(s) dict_keys(['example_skip_dag']) retrieved from /home/raj/Downloads/kafka_2.13-3.5.1/airflow-env/lib64/python3.11/site-packages/airflow/example_dags/example_skip_dag.py
[2023-10-07T04:08:21.299+0530] {logging_mixin.py:151} INFO - [2023-10-07T04:08:21.299+0530] {dag.py:2915} INFO - Sync 1 DAGs
[2023-10-07T04:08:21.321+0530] {logging_mixin.py:151} INFO - [2023-10-07T04:08:21.320+0530] {dag.py:3696} INFO - Setting next_dagrun for example_skip_dag to 2023-10-05T22:38:21.320589+00:00, run_after=2023-10-06T22:38:21.320589+00:00
[2023-10-07T04:08:21.343+0530] {processor.py:179} INFO - Processing /home/raj/Downloads/kafka_2.13-3.5.1/airflow-env/lib64/python3.11/site-packages/airflow/example_dags/example_skip_dag.py took 0.085 seconds
[2023-10-07T04:09:16.144+0530] {processor.py:157} INFO - Started process (PID=19314) to work on /home/raj/Downloads/kafka_2.13-3.5.1/airflow-env/lib64/python3.11/site-packages/airflow/example_dags/example_skip_dag.py
[2023-10-07T04:09:16.155+0530] {processor.py:829} INFO - Processing file /home/raj/Downloads/kafka_2.13-3.5.1/airflow-env/lib64/python3.11/site-packages/airflow/example_dags/example_skip_dag.py for tasks to queue
[2023-10-07T04:09:16.157+0530] {logging_mixin.py:151} INFO - [2023-10-07T04:09:16.156+0530] {dagbag.py:539} INFO - Filling up the DagBag from /home/raj/Downloads/kafka_2.13-3.5.1/airflow-env/lib64/python3.11/site-packages/airflow/example_dags/example_skip_dag.py
[2023-10-07T04:09:16.173+0530] {processor.py:839} INFO - DAG(s) dict_keys(['example_skip_dag']) retrieved from /home/raj/Downloads/kafka_2.13-3.5.1/airflow-env/lib64/python3.11/site-packages/airflow/example_dags/example_skip_dag.py
[2023-10-07T04:09:16.201+0530] {logging_mixin.py:151} INFO - [2023-10-07T04:09:16.201+0530] {dag.py:2915} INFO - Sync 1 DAGs
[2023-10-07T04:09:16.217+0530] {logging_mixin.py:151} INFO - [2023-10-07T04:09:16.217+0530] {dag.py:3696} INFO - Setting next_dagrun for example_skip_dag to 2023-10-05T22:39:16.217156+00:00, run_after=2023-10-06T22:39:16.217156+00:00
[2023-10-07T04:09:16.238+0530] {processor.py:179} INFO - Processing /home/raj/Downloads/kafka_2.13-3.5.1/airflow-env/lib64/python3.11/site-packages/airflow/example_dags/example_skip_dag.py took 0.100 seconds
[2023-10-07T04:10:04.625+0530] {processor.py:157} INFO - Started process (PID=19363) to work on /home/raj/Downloads/kafka_2.13-3.5.1/airflow-env/lib64/python3.11/site-packages/airflow/example_dags/example_skip_dag.py
[2023-10-07T04:10:04.636+0530] {processor.py:829} INFO - Processing file /home/raj/Downloads/kafka_2.13-3.5.1/airflow-env/lib64/python3.11/site-packages/airflow/example_dags/example_skip_dag.py for tasks to queue
[2023-10-07T04:10:04.638+0530] {logging_mixin.py:151} INFO - [2023-10-07T04:10:04.637+0530] {dagbag.py:539} INFO - Filling up the DagBag from /home/raj/Downloads/kafka_2.13-3.5.1/airflow-env/lib64/python3.11/site-packages/airflow/example_dags/example_skip_dag.py
[2023-10-07T04:10:04.653+0530] {processor.py:839} INFO - DAG(s) dict_keys(['example_skip_dag']) retrieved from /home/raj/Downloads/kafka_2.13-3.5.1/airflow-env/lib64/python3.11/site-packages/airflow/example_dags/example_skip_dag.py
[2023-10-07T04:10:04.682+0530] {logging_mixin.py:151} INFO - [2023-10-07T04:10:04.682+0530] {dag.py:2915} INFO - Sync 1 DAGs
[2023-10-07T04:10:04.698+0530] {logging_mixin.py:151} INFO - [2023-10-07T04:10:04.697+0530] {dag.py:3696} INFO - Setting next_dagrun for example_skip_dag to 2023-10-05T22:40:04.697714+00:00, run_after=2023-10-06T22:40:04.697714+00:00
[2023-10-07T04:10:04.715+0530] {processor.py:179} INFO - Processing /home/raj/Downloads/kafka_2.13-3.5.1/airflow-env/lib64/python3.11/site-packages/airflow/example_dags/example_skip_dag.py took 0.096 seconds
[2023-10-07T04:10:54.342+0530] {processor.py:157} INFO - Started process (PID=19430) to work on /home/raj/Downloads/kafka_2.13-3.5.1/airflow-env/lib64/python3.11/site-packages/airflow/example_dags/example_skip_dag.py
[2023-10-07T04:10:54.353+0530] {processor.py:829} INFO - Processing file /home/raj/Downloads/kafka_2.13-3.5.1/airflow-env/lib64/python3.11/site-packages/airflow/example_dags/example_skip_dag.py for tasks to queue
[2023-10-07T04:10:54.355+0530] {logging_mixin.py:151} INFO - [2023-10-07T04:10:54.354+0530] {dagbag.py:539} INFO - Filling up the DagBag from /home/raj/Downloads/kafka_2.13-3.5.1/airflow-env/lib64/python3.11/site-packages/airflow/example_dags/example_skip_dag.py
[2023-10-07T04:10:54.370+0530] {processor.py:839} INFO - DAG(s) dict_keys(['example_skip_dag']) retrieved from /home/raj/Downloads/kafka_2.13-3.5.1/airflow-env/lib64/python3.11/site-packages/airflow/example_dags/example_skip_dag.py
[2023-10-07T04:10:54.399+0530] {logging_mixin.py:151} INFO - [2023-10-07T04:10:54.399+0530] {dag.py:2915} INFO - Sync 1 DAGs
[2023-10-07T04:10:54.415+0530] {logging_mixin.py:151} INFO - [2023-10-07T04:10:54.415+0530] {dag.py:3696} INFO - Setting next_dagrun for example_skip_dag to 2023-10-05T22:40:54.414922+00:00, run_after=2023-10-06T22:40:54.414922+00:00
[2023-10-07T04:10:54.432+0530] {processor.py:179} INFO - Processing /home/raj/Downloads/kafka_2.13-3.5.1/airflow-env/lib64/python3.11/site-packages/airflow/example_dags/example_skip_dag.py took 0.096 seconds
[2023-10-07T04:11:47.618+0530] {processor.py:157} INFO - Started process (PID=19497) to work on /home/raj/Downloads/kafka_2.13-3.5.1/airflow-env/lib64/python3.11/site-packages/airflow/example_dags/example_skip_dag.py
[2023-10-07T04:11:47.629+0530] {processor.py:829} INFO - Processing file /home/raj/Downloads/kafka_2.13-3.5.1/airflow-env/lib64/python3.11/site-packages/airflow/example_dags/example_skip_dag.py for tasks to queue
[2023-10-07T04:11:47.631+0530] {logging_mixin.py:151} INFO - [2023-10-07T04:11:47.630+0530] {dagbag.py:539} INFO - Filling up the DagBag from /home/raj/Downloads/kafka_2.13-3.5.1/airflow-env/lib64/python3.11/site-packages/airflow/example_dags/example_skip_dag.py
[2023-10-07T04:11:47.647+0530] {processor.py:839} INFO - DAG(s) dict_keys(['example_skip_dag']) retrieved from /home/raj/Downloads/kafka_2.13-3.5.1/airflow-env/lib64/python3.11/site-packages/airflow/example_dags/example_skip_dag.py
[2023-10-07T04:11:47.672+0530] {logging_mixin.py:151} INFO - [2023-10-07T04:11:47.672+0530] {dag.py:2915} INFO - Sync 1 DAGs
[2023-10-07T04:11:47.692+0530] {logging_mixin.py:151} INFO - [2023-10-07T04:11:47.692+0530] {dag.py:3696} INFO - Setting next_dagrun for example_skip_dag to 2023-10-05T22:41:47.692011+00:00, run_after=2023-10-06T22:41:47.692011+00:00
[2023-10-07T04:11:47.719+0530] {processor.py:179} INFO - Processing /home/raj/Downloads/kafka_2.13-3.5.1/airflow-env/lib64/python3.11/site-packages/airflow/example_dags/example_skip_dag.py took 0.107 seconds
[2023-10-07T04:12:43.749+0530] {processor.py:157} INFO - Started process (PID=19567) to work on /home/raj/Downloads/kafka_2.13-3.5.1/airflow-env/lib64/python3.11/site-packages/airflow/example_dags/example_skip_dag.py
[2023-10-07T04:12:43.751+0530] {processor.py:829} INFO - Processing file /home/raj/Downloads/kafka_2.13-3.5.1/airflow-env/lib64/python3.11/site-packages/airflow/example_dags/example_skip_dag.py for tasks to queue
[2023-10-07T04:12:43.752+0530] {logging_mixin.py:151} INFO - [2023-10-07T04:12:43.751+0530] {dagbag.py:539} INFO - Filling up the DagBag from /home/raj/Downloads/kafka_2.13-3.5.1/airflow-env/lib64/python3.11/site-packages/airflow/example_dags/example_skip_dag.py
[2023-10-07T04:12:43.760+0530] {processor.py:839} INFO - DAG(s) dict_keys(['example_skip_dag']) retrieved from /home/raj/Downloads/kafka_2.13-3.5.1/airflow-env/lib64/python3.11/site-packages/airflow/example_dags/example_skip_dag.py
[2023-10-07T04:12:43.776+0530] {logging_mixin.py:151} INFO - [2023-10-07T04:12:43.776+0530] {dag.py:2915} INFO - Sync 1 DAGs
[2023-10-07T04:12:43.797+0530] {logging_mixin.py:151} INFO - [2023-10-07T04:12:43.797+0530] {dag.py:3696} INFO - Setting next_dagrun for example_skip_dag to 2023-10-05T22:42:43.797211+00:00, run_after=2023-10-06T22:42:43.797211+00:00
[2023-10-07T04:12:43.821+0530] {processor.py:179} INFO - Processing /home/raj/Downloads/kafka_2.13-3.5.1/airflow-env/lib64/python3.11/site-packages/airflow/example_dags/example_skip_dag.py took 0.074 seconds
[2023-10-07T04:13:36.077+0530] {processor.py:157} INFO - Started process (PID=19621) to work on /home/raj/Downloads/kafka_2.13-3.5.1/airflow-env/lib64/python3.11/site-packages/airflow/example_dags/example_skip_dag.py
[2023-10-07T04:13:36.088+0530] {processor.py:829} INFO - Processing file /home/raj/Downloads/kafka_2.13-3.5.1/airflow-env/lib64/python3.11/site-packages/airflow/example_dags/example_skip_dag.py for tasks to queue
[2023-10-07T04:13:36.090+0530] {logging_mixin.py:151} INFO - [2023-10-07T04:13:36.089+0530] {dagbag.py:539} INFO - Filling up the DagBag from /home/raj/Downloads/kafka_2.13-3.5.1/airflow-env/lib64/python3.11/site-packages/airflow/example_dags/example_skip_dag.py
[2023-10-07T04:13:36.105+0530] {processor.py:839} INFO - DAG(s) dict_keys(['example_skip_dag']) retrieved from /home/raj/Downloads/kafka_2.13-3.5.1/airflow-env/lib64/python3.11/site-packages/airflow/example_dags/example_skip_dag.py
[2023-10-07T04:13:36.136+0530] {logging_mixin.py:151} INFO - [2023-10-07T04:13:36.135+0530] {dag.py:2915} INFO - Sync 1 DAGs
[2023-10-07T04:13:36.152+0530] {logging_mixin.py:151} INFO - [2023-10-07T04:13:36.151+0530] {dag.py:3696} INFO - Setting next_dagrun for example_skip_dag to 2023-10-05T22:43:36.151756+00:00, run_after=2023-10-06T22:43:36.151756+00:00
[2023-10-07T04:13:36.172+0530] {processor.py:179} INFO - Processing /home/raj/Downloads/kafka_2.13-3.5.1/airflow-env/lib64/python3.11/site-packages/airflow/example_dags/example_skip_dag.py took 0.100 seconds
[2023-10-07T04:14:26.332+0530] {processor.py:157} INFO - Started process (PID=19673) to work on /home/raj/Downloads/kafka_2.13-3.5.1/airflow-env/lib64/python3.11/site-packages/airflow/example_dags/example_skip_dag.py
[2023-10-07T04:14:26.342+0530] {processor.py:829} INFO - Processing file /home/raj/Downloads/kafka_2.13-3.5.1/airflow-env/lib64/python3.11/site-packages/airflow/example_dags/example_skip_dag.py for tasks to queue
[2023-10-07T04:14:26.344+0530] {logging_mixin.py:151} INFO - [2023-10-07T04:14:26.343+0530] {dagbag.py:539} INFO - Filling up the DagBag from /home/raj/Downloads/kafka_2.13-3.5.1/airflow-env/lib64/python3.11/site-packages/airflow/example_dags/example_skip_dag.py
[2023-10-07T04:14:26.354+0530] {processor.py:839} INFO - DAG(s) dict_keys(['example_skip_dag']) retrieved from /home/raj/Downloads/kafka_2.13-3.5.1/airflow-env/lib64/python3.11/site-packages/airflow/example_dags/example_skip_dag.py
[2023-10-07T04:14:26.368+0530] {logging_mixin.py:151} INFO - [2023-10-07T04:14:26.368+0530] {dag.py:2915} INFO - Sync 1 DAGs
[2023-10-07T04:14:26.384+0530] {logging_mixin.py:151} INFO - [2023-10-07T04:14:26.384+0530] {dag.py:3696} INFO - Setting next_dagrun for example_skip_dag to 2023-10-05T22:44:26.384024+00:00, run_after=2023-10-06T22:44:26.384024+00:00
[2023-10-07T04:14:26.404+0530] {processor.py:179} INFO - Processing /home/raj/Downloads/kafka_2.13-3.5.1/airflow-env/lib64/python3.11/site-packages/airflow/example_dags/example_skip_dag.py took 0.075 seconds
[2023-10-07T04:15:15.775+0530] {processor.py:157} INFO - Started process (PID=19763) to work on /home/raj/Downloads/kafka_2.13-3.5.1/airflow-env/lib64/python3.11/site-packages/airflow/example_dags/example_skip_dag.py
[2023-10-07T04:15:15.787+0530] {processor.py:829} INFO - Processing file /home/raj/Downloads/kafka_2.13-3.5.1/airflow-env/lib64/python3.11/site-packages/airflow/example_dags/example_skip_dag.py for tasks to queue
[2023-10-07T04:15:15.788+0530] {logging_mixin.py:151} INFO - [2023-10-07T04:15:15.787+0530] {dagbag.py:539} INFO - Filling up the DagBag from /home/raj/Downloads/kafka_2.13-3.5.1/airflow-env/lib64/python3.11/site-packages/airflow/example_dags/example_skip_dag.py
[2023-10-07T04:15:15.806+0530] {processor.py:839} INFO - DAG(s) dict_keys(['example_skip_dag']) retrieved from /home/raj/Downloads/kafka_2.13-3.5.1/airflow-env/lib64/python3.11/site-packages/airflow/example_dags/example_skip_dag.py
[2023-10-07T04:15:15.832+0530] {logging_mixin.py:151} INFO - [2023-10-07T04:15:15.832+0530] {dag.py:2915} INFO - Sync 1 DAGs
[2023-10-07T04:15:15.853+0530] {logging_mixin.py:151} INFO - [2023-10-07T04:15:15.853+0530] {dag.py:3696} INFO - Setting next_dagrun for example_skip_dag to 2023-10-05T22:45:15.853319+00:00, run_after=2023-10-06T22:45:15.853319+00:00
[2023-10-07T04:15:15.873+0530] {processor.py:179} INFO - Processing /home/raj/Downloads/kafka_2.13-3.5.1/airflow-env/lib64/python3.11/site-packages/airflow/example_dags/example_skip_dag.py took 0.103 seconds
[2023-10-07T04:16:06.222+0530] {processor.py:157} INFO - Started process (PID=19833) to work on /home/raj/Downloads/kafka_2.13-3.5.1/airflow-env/lib64/python3.11/site-packages/airflow/example_dags/example_skip_dag.py
[2023-10-07T04:16:06.234+0530] {processor.py:829} INFO - Processing file /home/raj/Downloads/kafka_2.13-3.5.1/airflow-env/lib64/python3.11/site-packages/airflow/example_dags/example_skip_dag.py for tasks to queue
[2023-10-07T04:16:06.236+0530] {logging_mixin.py:151} INFO - [2023-10-07T04:16:06.235+0530] {dagbag.py:539} INFO - Filling up the DagBag from /home/raj/Downloads/kafka_2.13-3.5.1/airflow-env/lib64/python3.11/site-packages/airflow/example_dags/example_skip_dag.py
[2023-10-07T04:16:06.252+0530] {processor.py:839} INFO - DAG(s) dict_keys(['example_skip_dag']) retrieved from /home/raj/Downloads/kafka_2.13-3.5.1/airflow-env/lib64/python3.11/site-packages/airflow/example_dags/example_skip_dag.py
[2023-10-07T04:16:06.279+0530] {logging_mixin.py:151} INFO - [2023-10-07T04:16:06.279+0530] {dag.py:2915} INFO - Sync 1 DAGs
[2023-10-07T04:16:06.295+0530] {logging_mixin.py:151} INFO - [2023-10-07T04:16:06.295+0530] {dag.py:3696} INFO - Setting next_dagrun for example_skip_dag to 2023-10-05T22:46:06.295265+00:00, run_after=2023-10-06T22:46:06.295265+00:00
[2023-10-07T04:16:06.314+0530] {processor.py:179} INFO - Processing /home/raj/Downloads/kafka_2.13-3.5.1/airflow-env/lib64/python3.11/site-packages/airflow/example_dags/example_skip_dag.py took 0.097 seconds
[2023-10-07T04:17:01.314+0530] {processor.py:157} INFO - Started process (PID=19890) to work on /home/raj/Downloads/kafka_2.13-3.5.1/airflow-env/lib64/python3.11/site-packages/airflow/example_dags/example_skip_dag.py
[2023-10-07T04:17:01.326+0530] {processor.py:829} INFO - Processing file /home/raj/Downloads/kafka_2.13-3.5.1/airflow-env/lib64/python3.11/site-packages/airflow/example_dags/example_skip_dag.py for tasks to queue
[2023-10-07T04:17:01.328+0530] {logging_mixin.py:151} INFO - [2023-10-07T04:17:01.327+0530] {dagbag.py:539} INFO - Filling up the DagBag from /home/raj/Downloads/kafka_2.13-3.5.1/airflow-env/lib64/python3.11/site-packages/airflow/example_dags/example_skip_dag.py
[2023-10-07T04:17:01.343+0530] {processor.py:839} INFO - DAG(s) dict_keys(['example_skip_dag']) retrieved from /home/raj/Downloads/kafka_2.13-3.5.1/airflow-env/lib64/python3.11/site-packages/airflow/example_dags/example_skip_dag.py
[2023-10-07T04:17:01.373+0530] {logging_mixin.py:151} INFO - [2023-10-07T04:17:01.372+0530] {dag.py:2915} INFO - Sync 1 DAGs
[2023-10-07T04:17:01.389+0530] {logging_mixin.py:151} INFO - [2023-10-07T04:17:01.388+0530] {dag.py:3696} INFO - Setting next_dagrun for example_skip_dag to 2023-10-05T22:47:01.388741+00:00, run_after=2023-10-06T22:47:01.388741+00:00
[2023-10-07T04:17:01.409+0530] {processor.py:179} INFO - Processing /home/raj/Downloads/kafka_2.13-3.5.1/airflow-env/lib64/python3.11/site-packages/airflow/example_dags/example_skip_dag.py took 0.101 seconds
[2023-10-07T04:17:51.585+0530] {processor.py:157} INFO - Started process (PID=19945) to work on /home/raj/Downloads/kafka_2.13-3.5.1/airflow-env/lib64/python3.11/site-packages/airflow/example_dags/example_skip_dag.py
[2023-10-07T04:17:51.596+0530] {processor.py:829} INFO - Processing file /home/raj/Downloads/kafka_2.13-3.5.1/airflow-env/lib64/python3.11/site-packages/airflow/example_dags/example_skip_dag.py for tasks to queue
[2023-10-07T04:17:51.598+0530] {logging_mixin.py:151} INFO - [2023-10-07T04:17:51.597+0530] {dagbag.py:539} INFO - Filling up the DagBag from /home/raj/Downloads/kafka_2.13-3.5.1/airflow-env/lib64/python3.11/site-packages/airflow/example_dags/example_skip_dag.py
[2023-10-07T04:17:51.613+0530] {processor.py:839} INFO - DAG(s) dict_keys(['example_skip_dag']) retrieved from /home/raj/Downloads/kafka_2.13-3.5.1/airflow-env/lib64/python3.11/site-packages/airflow/example_dags/example_skip_dag.py
[2023-10-07T04:17:51.645+0530] {logging_mixin.py:151} INFO - [2023-10-07T04:17:51.644+0530] {dag.py:2915} INFO - Sync 1 DAGs
[2023-10-07T04:17:51.660+0530] {logging_mixin.py:151} INFO - [2023-10-07T04:17:51.660+0530] {dag.py:3696} INFO - Setting next_dagrun for example_skip_dag to 2023-10-05T22:47:51.660480+00:00, run_after=2023-10-06T22:47:51.660480+00:00
[2023-10-07T04:17:51.679+0530] {processor.py:179} INFO - Processing /home/raj/Downloads/kafka_2.13-3.5.1/airflow-env/lib64/python3.11/site-packages/airflow/example_dags/example_skip_dag.py took 0.099 seconds
[2023-10-07T04:18:42.996+0530] {processor.py:157} INFO - Started process (PID=19999) to work on /home/raj/Downloads/kafka_2.13-3.5.1/airflow-env/lib64/python3.11/site-packages/airflow/example_dags/example_skip_dag.py
[2023-10-07T04:18:43.007+0530] {processor.py:829} INFO - Processing file /home/raj/Downloads/kafka_2.13-3.5.1/airflow-env/lib64/python3.11/site-packages/airflow/example_dags/example_skip_dag.py for tasks to queue
[2023-10-07T04:18:43.008+0530] {logging_mixin.py:151} INFO - [2023-10-07T04:18:43.008+0530] {dagbag.py:539} INFO - Filling up the DagBag from /home/raj/Downloads/kafka_2.13-3.5.1/airflow-env/lib64/python3.11/site-packages/airflow/example_dags/example_skip_dag.py
[2023-10-07T04:18:43.015+0530] {processor.py:839} INFO - DAG(s) dict_keys(['example_skip_dag']) retrieved from /home/raj/Downloads/kafka_2.13-3.5.1/airflow-env/lib64/python3.11/site-packages/airflow/example_dags/example_skip_dag.py
[2023-10-07T04:18:43.039+0530] {logging_mixin.py:151} INFO - [2023-10-07T04:18:43.038+0530] {dag.py:2915} INFO - Sync 1 DAGs
[2023-10-07T04:18:43.054+0530] {logging_mixin.py:151} INFO - [2023-10-07T04:18:43.054+0530] {dag.py:3696} INFO - Setting next_dagrun for example_skip_dag to 2023-10-05T22:48:43.054617+00:00, run_after=2023-10-06T22:48:43.054617+00:00
[2023-10-07T04:18:43.073+0530] {processor.py:179} INFO - Processing /home/raj/Downloads/kafka_2.13-3.5.1/airflow-env/lib64/python3.11/site-packages/airflow/example_dags/example_skip_dag.py took 0.083 seconds
[2023-10-07T04:19:38.447+0530] {processor.py:157} INFO - Started process (PID=20054) to work on /home/raj/Downloads/kafka_2.13-3.5.1/airflow-env/lib64/python3.11/site-packages/airflow/example_dags/example_skip_dag.py
[2023-10-07T04:19:38.458+0530] {processor.py:829} INFO - Processing file /home/raj/Downloads/kafka_2.13-3.5.1/airflow-env/lib64/python3.11/site-packages/airflow/example_dags/example_skip_dag.py for tasks to queue
[2023-10-07T04:19:38.460+0530] {logging_mixin.py:151} INFO - [2023-10-07T04:19:38.459+0530] {dagbag.py:539} INFO - Filling up the DagBag from /home/raj/Downloads/kafka_2.13-3.5.1/airflow-env/lib64/python3.11/site-packages/airflow/example_dags/example_skip_dag.py
[2023-10-07T04:19:38.479+0530] {processor.py:839} INFO - DAG(s) dict_keys(['example_skip_dag']) retrieved from /home/raj/Downloads/kafka_2.13-3.5.1/airflow-env/lib64/python3.11/site-packages/airflow/example_dags/example_skip_dag.py
[2023-10-07T04:19:38.505+0530] {logging_mixin.py:151} INFO - [2023-10-07T04:19:38.505+0530] {dag.py:2915} INFO - Sync 1 DAGs
[2023-10-07T04:19:38.524+0530] {logging_mixin.py:151} INFO - [2023-10-07T04:19:38.524+0530] {dag.py:3696} INFO - Setting next_dagrun for example_skip_dag to 2023-10-05T22:49:38.523815+00:00, run_after=2023-10-06T22:49:38.523815+00:00
[2023-10-07T04:19:38.545+0530] {processor.py:179} INFO - Processing /home/raj/Downloads/kafka_2.13-3.5.1/airflow-env/lib64/python3.11/site-packages/airflow/example_dags/example_skip_dag.py took 0.103 seconds
[2023-10-07T04:20:33.049+0530] {processor.py:157} INFO - Started process (PID=20405) to work on /home/raj/Downloads/kafka_2.13-3.5.1/airflow-env/lib64/python3.11/site-packages/airflow/example_dags/example_skip_dag.py
[2023-10-07T04:20:33.060+0530] {processor.py:829} INFO - Processing file /home/raj/Downloads/kafka_2.13-3.5.1/airflow-env/lib64/python3.11/site-packages/airflow/example_dags/example_skip_dag.py for tasks to queue
[2023-10-07T04:20:33.062+0530] {logging_mixin.py:151} INFO - [2023-10-07T04:20:33.061+0530] {dagbag.py:539} INFO - Filling up the DagBag from /home/raj/Downloads/kafka_2.13-3.5.1/airflow-env/lib64/python3.11/site-packages/airflow/example_dags/example_skip_dag.py
[2023-10-07T04:20:33.076+0530] {processor.py:839} INFO - DAG(s) dict_keys(['example_skip_dag']) retrieved from /home/raj/Downloads/kafka_2.13-3.5.1/airflow-env/lib64/python3.11/site-packages/airflow/example_dags/example_skip_dag.py
[2023-10-07T04:20:33.090+0530] {logging_mixin.py:151} INFO - [2023-10-07T04:20:33.090+0530] {dag.py:2915} INFO - Sync 1 DAGs
[2023-10-07T04:20:33.107+0530] {logging_mixin.py:151} INFO - [2023-10-07T04:20:33.107+0530] {dag.py:3696} INFO - Setting next_dagrun for example_skip_dag to 2023-10-05T22:50:33.107046+00:00, run_after=2023-10-06T22:50:33.107046+00:00
[2023-10-07T04:20:33.124+0530] {processor.py:179} INFO - Processing /home/raj/Downloads/kafka_2.13-3.5.1/airflow-env/lib64/python3.11/site-packages/airflow/example_dags/example_skip_dag.py took 0.081 seconds
[2023-10-07T04:21:27.437+0530] {processor.py:157} INFO - Started process (PID=20595) to work on /home/raj/Downloads/kafka_2.13-3.5.1/airflow-env/lib64/python3.11/site-packages/airflow/example_dags/example_skip_dag.py
[2023-10-07T04:21:27.448+0530] {processor.py:829} INFO - Processing file /home/raj/Downloads/kafka_2.13-3.5.1/airflow-env/lib64/python3.11/site-packages/airflow/example_dags/example_skip_dag.py for tasks to queue
[2023-10-07T04:21:27.450+0530] {logging_mixin.py:151} INFO - [2023-10-07T04:21:27.449+0530] {dagbag.py:539} INFO - Filling up the DagBag from /home/raj/Downloads/kafka_2.13-3.5.1/airflow-env/lib64/python3.11/site-packages/airflow/example_dags/example_skip_dag.py
[2023-10-07T04:21:27.468+0530] {processor.py:839} INFO - DAG(s) dict_keys(['example_skip_dag']) retrieved from /home/raj/Downloads/kafka_2.13-3.5.1/airflow-env/lib64/python3.11/site-packages/airflow/example_dags/example_skip_dag.py
[2023-10-07T04:21:27.499+0530] {logging_mixin.py:151} INFO - [2023-10-07T04:21:27.499+0530] {dag.py:2915} INFO - Sync 1 DAGs
[2023-10-07T04:21:27.521+0530] {logging_mixin.py:151} INFO - [2023-10-07T04:21:27.521+0530] {dag.py:3696} INFO - Setting next_dagrun for example_skip_dag to 2023-10-05T22:51:27.521105+00:00, run_after=2023-10-06T22:51:27.521105+00:00
[2023-10-07T04:21:27.548+0530] {processor.py:179} INFO - Processing /home/raj/Downloads/kafka_2.13-3.5.1/airflow-env/lib64/python3.11/site-packages/airflow/example_dags/example_skip_dag.py took 0.117 seconds
[2023-10-07T04:22:16.571+0530] {processor.py:157} INFO - Started process (PID=20775) to work on /home/raj/Downloads/kafka_2.13-3.5.1/airflow-env/lib64/python3.11/site-packages/airflow/example_dags/example_skip_dag.py
[2023-10-07T04:22:16.583+0530] {processor.py:829} INFO - Processing file /home/raj/Downloads/kafka_2.13-3.5.1/airflow-env/lib64/python3.11/site-packages/airflow/example_dags/example_skip_dag.py for tasks to queue
[2023-10-07T04:22:16.585+0530] {logging_mixin.py:151} INFO - [2023-10-07T04:22:16.584+0530] {dagbag.py:539} INFO - Filling up the DagBag from /home/raj/Downloads/kafka_2.13-3.5.1/airflow-env/lib64/python3.11/site-packages/airflow/example_dags/example_skip_dag.py
[2023-10-07T04:22:16.602+0530] {processor.py:839} INFO - DAG(s) dict_keys(['example_skip_dag']) retrieved from /home/raj/Downloads/kafka_2.13-3.5.1/airflow-env/lib64/python3.11/site-packages/airflow/example_dags/example_skip_dag.py
[2023-10-07T04:22:16.627+0530] {logging_mixin.py:151} INFO - [2023-10-07T04:22:16.627+0530] {dag.py:2915} INFO - Sync 1 DAGs
[2023-10-07T04:22:16.644+0530] {logging_mixin.py:151} INFO - [2023-10-07T04:22:16.644+0530] {dag.py:3696} INFO - Setting next_dagrun for example_skip_dag to 2023-10-05T22:52:16.644145+00:00, run_after=2023-10-06T22:52:16.644145+00:00
[2023-10-07T04:22:16.665+0530] {processor.py:179} INFO - Processing /home/raj/Downloads/kafka_2.13-3.5.1/airflow-env/lib64/python3.11/site-packages/airflow/example_dags/example_skip_dag.py took 0.100 seconds
[2023-10-07T04:23:08.752+0530] {processor.py:157} INFO - Started process (PID=20871) to work on /home/raj/Downloads/kafka_2.13-3.5.1/airflow-env/lib64/python3.11/site-packages/airflow/example_dags/example_skip_dag.py
[2023-10-07T04:23:08.754+0530] {processor.py:829} INFO - Processing file /home/raj/Downloads/kafka_2.13-3.5.1/airflow-env/lib64/python3.11/site-packages/airflow/example_dags/example_skip_dag.py for tasks to queue
[2023-10-07T04:23:08.756+0530] {logging_mixin.py:151} INFO - [2023-10-07T04:23:08.755+0530] {dagbag.py:539} INFO - Filling up the DagBag from /home/raj/Downloads/kafka_2.13-3.5.1/airflow-env/lib64/python3.11/site-packages/airflow/example_dags/example_skip_dag.py
[2023-10-07T04:23:08.773+0530] {processor.py:839} INFO - DAG(s) dict_keys(['example_skip_dag']) retrieved from /home/raj/Downloads/kafka_2.13-3.5.1/airflow-env/lib64/python3.11/site-packages/airflow/example_dags/example_skip_dag.py
[2023-10-07T04:23:08.794+0530] {logging_mixin.py:151} INFO - [2023-10-07T04:23:08.794+0530] {dag.py:2915} INFO - Sync 1 DAGs
[2023-10-07T04:23:08.811+0530] {logging_mixin.py:151} INFO - [2023-10-07T04:23:08.811+0530] {dag.py:3696} INFO - Setting next_dagrun for example_skip_dag to 2023-10-05T22:53:08.811573+00:00, run_after=2023-10-06T22:53:08.811573+00:00
[2023-10-07T04:23:08.831+0530] {processor.py:179} INFO - Processing /home/raj/Downloads/kafka_2.13-3.5.1/airflow-env/lib64/python3.11/site-packages/airflow/example_dags/example_skip_dag.py took 0.085 seconds
[2023-10-07T04:23:59.498+0530] {processor.py:157} INFO - Started process (PID=20980) to work on /home/raj/Downloads/kafka_2.13-3.5.1/airflow-env/lib64/python3.11/site-packages/airflow/example_dags/example_skip_dag.py
[2023-10-07T04:23:59.499+0530] {processor.py:829} INFO - Processing file /home/raj/Downloads/kafka_2.13-3.5.1/airflow-env/lib64/python3.11/site-packages/airflow/example_dags/example_skip_dag.py for tasks to queue
[2023-10-07T04:23:59.501+0530] {logging_mixin.py:151} INFO - [2023-10-07T04:23:59.500+0530] {dagbag.py:539} INFO - Filling up the DagBag from /home/raj/Downloads/kafka_2.13-3.5.1/airflow-env/lib64/python3.11/site-packages/airflow/example_dags/example_skip_dag.py
[2023-10-07T04:23:59.513+0530] {processor.py:839} INFO - DAG(s) dict_keys(['example_skip_dag']) retrieved from /home/raj/Downloads/kafka_2.13-3.5.1/airflow-env/lib64/python3.11/site-packages/airflow/example_dags/example_skip_dag.py
[2023-10-07T04:23:59.537+0530] {logging_mixin.py:151} INFO - [2023-10-07T04:23:59.537+0530] {dag.py:2915} INFO - Sync 1 DAGs
[2023-10-07T04:23:59.561+0530] {logging_mixin.py:151} INFO - [2023-10-07T04:23:59.561+0530] {dag.py:3696} INFO - Setting next_dagrun for example_skip_dag to 2023-10-05T22:53:59.561213+00:00, run_after=2023-10-06T22:53:59.561213+00:00
[2023-10-07T04:23:59.585+0530] {processor.py:179} INFO - Processing /home/raj/Downloads/kafka_2.13-3.5.1/airflow-env/lib64/python3.11/site-packages/airflow/example_dags/example_skip_dag.py took 0.095 seconds
[2023-10-07T04:24:48.047+0530] {processor.py:157} INFO - Started process (PID=21096) to work on /home/raj/Downloads/kafka_2.13-3.5.1/airflow-env/lib64/python3.11/site-packages/airflow/example_dags/example_skip_dag.py
[2023-10-07T04:24:48.058+0530] {processor.py:829} INFO - Processing file /home/raj/Downloads/kafka_2.13-3.5.1/airflow-env/lib64/python3.11/site-packages/airflow/example_dags/example_skip_dag.py for tasks to queue
[2023-10-07T04:24:48.059+0530] {logging_mixin.py:151} INFO - [2023-10-07T04:24:48.058+0530] {dagbag.py:539} INFO - Filling up the DagBag from /home/raj/Downloads/kafka_2.13-3.5.1/airflow-env/lib64/python3.11/site-packages/airflow/example_dags/example_skip_dag.py
[2023-10-07T04:24:48.074+0530] {processor.py:839} INFO - DAG(s) dict_keys(['example_skip_dag']) retrieved from /home/raj/Downloads/kafka_2.13-3.5.1/airflow-env/lib64/python3.11/site-packages/airflow/example_dags/example_skip_dag.py
[2023-10-07T04:24:48.101+0530] {logging_mixin.py:151} INFO - [2023-10-07T04:24:48.100+0530] {dag.py:2915} INFO - Sync 1 DAGs
[2023-10-07T04:24:48.123+0530] {logging_mixin.py:151} INFO - [2023-10-07T04:24:48.123+0530] {dag.py:3696} INFO - Setting next_dagrun for example_skip_dag to 2023-10-05T22:54:48.122932+00:00, run_after=2023-10-06T22:54:48.122932+00:00
[2023-10-07T04:24:48.148+0530] {processor.py:179} INFO - Processing /home/raj/Downloads/kafka_2.13-3.5.1/airflow-env/lib64/python3.11/site-packages/airflow/example_dags/example_skip_dag.py took 0.107 seconds
[2023-10-07T04:25:39.844+0530] {processor.py:157} INFO - Started process (PID=21183) to work on /home/raj/Downloads/kafka_2.13-3.5.1/airflow-env/lib64/python3.11/site-packages/airflow/example_dags/example_skip_dag.py
[2023-10-07T04:25:39.856+0530] {processor.py:829} INFO - Processing file /home/raj/Downloads/kafka_2.13-3.5.1/airflow-env/lib64/python3.11/site-packages/airflow/example_dags/example_skip_dag.py for tasks to queue
[2023-10-07T04:25:39.857+0530] {logging_mixin.py:151} INFO - [2023-10-07T04:25:39.856+0530] {dagbag.py:539} INFO - Filling up the DagBag from /home/raj/Downloads/kafka_2.13-3.5.1/airflow-env/lib64/python3.11/site-packages/airflow/example_dags/example_skip_dag.py
[2023-10-07T04:25:39.872+0530] {processor.py:839} INFO - DAG(s) dict_keys(['example_skip_dag']) retrieved from /home/raj/Downloads/kafka_2.13-3.5.1/airflow-env/lib64/python3.11/site-packages/airflow/example_dags/example_skip_dag.py
[2023-10-07T04:25:39.885+0530] {logging_mixin.py:151} INFO - [2023-10-07T04:25:39.885+0530] {dag.py:2915} INFO - Sync 1 DAGs
[2023-10-07T04:25:39.901+0530] {logging_mixin.py:151} INFO - [2023-10-07T04:25:39.901+0530] {dag.py:3696} INFO - Setting next_dagrun for example_skip_dag to 2023-10-05T22:55:39.901480+00:00, run_after=2023-10-06T22:55:39.901480+00:00
[2023-10-07T04:25:39.920+0530] {processor.py:179} INFO - Processing /home/raj/Downloads/kafka_2.13-3.5.1/airflow-env/lib64/python3.11/site-packages/airflow/example_dags/example_skip_dag.py took 0.083 seconds
[2023-10-07T04:26:33.158+0530] {processor.py:157} INFO - Started process (PID=21358) to work on /home/raj/Downloads/kafka_2.13-3.5.1/airflow-env/lib64/python3.11/site-packages/airflow/example_dags/example_skip_dag.py
[2023-10-07T04:26:33.160+0530] {processor.py:829} INFO - Processing file /home/raj/Downloads/kafka_2.13-3.5.1/airflow-env/lib64/python3.11/site-packages/airflow/example_dags/example_skip_dag.py for tasks to queue
[2023-10-07T04:26:33.162+0530] {logging_mixin.py:151} INFO - [2023-10-07T04:26:33.161+0530] {dagbag.py:539} INFO - Filling up the DagBag from /home/raj/Downloads/kafka_2.13-3.5.1/airflow-env/lib64/python3.11/site-packages/airflow/example_dags/example_skip_dag.py
[2023-10-07T04:26:33.178+0530] {processor.py:839} INFO - DAG(s) dict_keys(['example_skip_dag']) retrieved from /home/raj/Downloads/kafka_2.13-3.5.1/airflow-env/lib64/python3.11/site-packages/airflow/example_dags/example_skip_dag.py
[2023-10-07T04:26:33.200+0530] {logging_mixin.py:151} INFO - [2023-10-07T04:26:33.200+0530] {dag.py:2915} INFO - Sync 1 DAGs
[2023-10-07T04:26:33.219+0530] {logging_mixin.py:151} INFO - [2023-10-07T04:26:33.218+0530] {dag.py:3696} INFO - Setting next_dagrun for example_skip_dag to 2023-10-05T22:56:33.218664+00:00, run_after=2023-10-06T22:56:33.218664+00:00
[2023-10-07T04:26:33.245+0530] {processor.py:179} INFO - Processing /home/raj/Downloads/kafka_2.13-3.5.1/airflow-env/lib64/python3.11/site-packages/airflow/example_dags/example_skip_dag.py took 0.093 seconds
[2023-10-07T04:27:22.926+0530] {processor.py:157} INFO - Started process (PID=21541) to work on /home/raj/Downloads/kafka_2.13-3.5.1/airflow-env/lib64/python3.11/site-packages/airflow/example_dags/example_skip_dag.py
[2023-10-07T04:27:22.928+0530] {processor.py:829} INFO - Processing file /home/raj/Downloads/kafka_2.13-3.5.1/airflow-env/lib64/python3.11/site-packages/airflow/example_dags/example_skip_dag.py for tasks to queue
[2023-10-07T04:27:22.930+0530] {logging_mixin.py:151} INFO - [2023-10-07T04:27:22.929+0530] {dagbag.py:539} INFO - Filling up the DagBag from /home/raj/Downloads/kafka_2.13-3.5.1/airflow-env/lib64/python3.11/site-packages/airflow/example_dags/example_skip_dag.py
[2023-10-07T04:27:22.945+0530] {processor.py:839} INFO - DAG(s) dict_keys(['example_skip_dag']) retrieved from /home/raj/Downloads/kafka_2.13-3.5.1/airflow-env/lib64/python3.11/site-packages/airflow/example_dags/example_skip_dag.py
[2023-10-07T04:27:22.967+0530] {logging_mixin.py:151} INFO - [2023-10-07T04:27:22.967+0530] {dag.py:2915} INFO - Sync 1 DAGs
[2023-10-07T04:27:22.986+0530] {logging_mixin.py:151} INFO - [2023-10-07T04:27:22.986+0530] {dag.py:3696} INFO - Setting next_dagrun for example_skip_dag to 2023-10-05T22:57:22.986189+00:00, run_after=2023-10-06T22:57:22.986189+00:00
[2023-10-07T04:27:23.008+0530] {processor.py:179} INFO - Processing /home/raj/Downloads/kafka_2.13-3.5.1/airflow-env/lib64/python3.11/site-packages/airflow/example_dags/example_skip_dag.py took 0.087 seconds
[2023-10-07T04:28:16.217+0530] {processor.py:157} INFO - Started process (PID=21606) to work on /home/raj/Downloads/kafka_2.13-3.5.1/airflow-env/lib64/python3.11/site-packages/airflow/example_dags/example_skip_dag.py
[2023-10-07T04:28:16.228+0530] {processor.py:829} INFO - Processing file /home/raj/Downloads/kafka_2.13-3.5.1/airflow-env/lib64/python3.11/site-packages/airflow/example_dags/example_skip_dag.py for tasks to queue
[2023-10-07T04:28:16.230+0530] {logging_mixin.py:151} INFO - [2023-10-07T04:28:16.229+0530] {dagbag.py:539} INFO - Filling up the DagBag from /home/raj/Downloads/kafka_2.13-3.5.1/airflow-env/lib64/python3.11/site-packages/airflow/example_dags/example_skip_dag.py
[2023-10-07T04:28:16.242+0530] {processor.py:839} INFO - DAG(s) dict_keys(['example_skip_dag']) retrieved from /home/raj/Downloads/kafka_2.13-3.5.1/airflow-env/lib64/python3.11/site-packages/airflow/example_dags/example_skip_dag.py
[2023-10-07T04:28:16.258+0530] {logging_mixin.py:151} INFO - [2023-10-07T04:28:16.258+0530] {dag.py:2915} INFO - Sync 1 DAGs
[2023-10-07T04:28:16.277+0530] {logging_mixin.py:151} INFO - [2023-10-07T04:28:16.277+0530] {dag.py:3696} INFO - Setting next_dagrun for example_skip_dag to 2023-10-05T22:58:16.276854+00:00, run_after=2023-10-06T22:58:16.276854+00:00
[2023-10-07T04:28:16.298+0530] {processor.py:179} INFO - Processing /home/raj/Downloads/kafka_2.13-3.5.1/airflow-env/lib64/python3.11/site-packages/airflow/example_dags/example_skip_dag.py took 0.087 seconds
[2023-10-07T04:29:09.547+0530] {processor.py:157} INFO - Started process (PID=21740) to work on /home/raj/Downloads/kafka_2.13-3.5.1/airflow-env/lib64/python3.11/site-packages/airflow/example_dags/example_skip_dag.py
[2023-10-07T04:29:09.558+0530] {processor.py:829} INFO - Processing file /home/raj/Downloads/kafka_2.13-3.5.1/airflow-env/lib64/python3.11/site-packages/airflow/example_dags/example_skip_dag.py for tasks to queue
[2023-10-07T04:29:09.560+0530] {logging_mixin.py:151} INFO - [2023-10-07T04:29:09.559+0530] {dagbag.py:539} INFO - Filling up the DagBag from /home/raj/Downloads/kafka_2.13-3.5.1/airflow-env/lib64/python3.11/site-packages/airflow/example_dags/example_skip_dag.py
[2023-10-07T04:29:09.575+0530] {processor.py:839} INFO - DAG(s) dict_keys(['example_skip_dag']) retrieved from /home/raj/Downloads/kafka_2.13-3.5.1/airflow-env/lib64/python3.11/site-packages/airflow/example_dags/example_skip_dag.py
[2023-10-07T04:29:09.596+0530] {logging_mixin.py:151} INFO - [2023-10-07T04:29:09.596+0530] {dag.py:2915} INFO - Sync 1 DAGs
[2023-10-07T04:29:09.611+0530] {logging_mixin.py:151} INFO - [2023-10-07T04:29:09.611+0530] {dag.py:3696} INFO - Setting next_dagrun for example_skip_dag to 2023-10-05T22:59:09.611364+00:00, run_after=2023-10-06T22:59:09.611364+00:00
[2023-10-07T04:29:09.629+0530] {processor.py:179} INFO - Processing /home/raj/Downloads/kafka_2.13-3.5.1/airflow-env/lib64/python3.11/site-packages/airflow/example_dags/example_skip_dag.py took 0.087 seconds
[2023-10-07T04:40:47.886+0530] {processor.py:157} INFO - Started process (PID=9637) to work on /home/raj/Downloads/kafka_2.13-3.5.1/airflow-env/lib64/python3.11/site-packages/airflow/example_dags/example_skip_dag.py
[2023-10-07T04:40:47.890+0530] {processor.py:829} INFO - Processing file /home/raj/Downloads/kafka_2.13-3.5.1/airflow-env/lib64/python3.11/site-packages/airflow/example_dags/example_skip_dag.py for tasks to queue
[2023-10-07T04:40:47.892+0530] {logging_mixin.py:151} INFO - [2023-10-07T04:40:47.891+0530] {dagbag.py:539} INFO - Filling up the DagBag from /home/raj/Downloads/kafka_2.13-3.5.1/airflow-env/lib64/python3.11/site-packages/airflow/example_dags/example_skip_dag.py
[2023-10-07T04:40:47.908+0530] {processor.py:839} INFO - DAG(s) dict_keys(['example_skip_dag']) retrieved from /home/raj/Downloads/kafka_2.13-3.5.1/airflow-env/lib64/python3.11/site-packages/airflow/example_dags/example_skip_dag.py
[2023-10-07T04:40:47.934+0530] {logging_mixin.py:151} INFO - [2023-10-07T04:40:47.934+0530] {dag.py:2915} INFO - Sync 1 DAGs
[2023-10-07T04:40:47.951+0530] {logging_mixin.py:151} INFO - [2023-10-07T04:40:47.951+0530] {dag.py:3696} INFO - Setting next_dagrun for example_skip_dag to 2023-10-05T23:10:47.950912+00:00, run_after=2023-10-06T23:10:47.950912+00:00
[2023-10-07T04:40:47.972+0530] {processor.py:179} INFO - Processing /home/raj/Downloads/kafka_2.13-3.5.1/airflow-env/lib64/python3.11/site-packages/airflow/example_dags/example_skip_dag.py took 0.092 seconds
[2023-10-07T04:41:35.402+0530] {processor.py:157} INFO - Started process (PID=10022) to work on /home/raj/Downloads/kafka_2.13-3.5.1/airflow-env/lib64/python3.11/site-packages/airflow/example_dags/example_skip_dag.py
[2023-10-07T04:41:35.413+0530] {processor.py:829} INFO - Processing file /home/raj/Downloads/kafka_2.13-3.5.1/airflow-env/lib64/python3.11/site-packages/airflow/example_dags/example_skip_dag.py for tasks to queue
[2023-10-07T04:41:35.414+0530] {logging_mixin.py:151} INFO - [2023-10-07T04:41:35.414+0530] {dagbag.py:539} INFO - Filling up the DagBag from /home/raj/Downloads/kafka_2.13-3.5.1/airflow-env/lib64/python3.11/site-packages/airflow/example_dags/example_skip_dag.py
[2023-10-07T04:41:35.429+0530] {processor.py:839} INFO - DAG(s) dict_keys(['example_skip_dag']) retrieved from /home/raj/Downloads/kafka_2.13-3.5.1/airflow-env/lib64/python3.11/site-packages/airflow/example_dags/example_skip_dag.py
[2023-10-07T04:41:35.453+0530] {logging_mixin.py:151} INFO - [2023-10-07T04:41:35.452+0530] {dag.py:2915} INFO - Sync 1 DAGs
[2023-10-07T04:41:35.468+0530] {logging_mixin.py:151} INFO - [2023-10-07T04:41:35.468+0530] {dag.py:3696} INFO - Setting next_dagrun for example_skip_dag to 2023-10-05T23:11:35.468232+00:00, run_after=2023-10-06T23:11:35.468232+00:00
[2023-10-07T04:41:35.485+0530] {processor.py:179} INFO - Processing /home/raj/Downloads/kafka_2.13-3.5.1/airflow-env/lib64/python3.11/site-packages/airflow/example_dags/example_skip_dag.py took 0.089 seconds
[2023-10-07T04:42:23.256+0530] {processor.py:157} INFO - Started process (PID=10191) to work on /home/raj/Downloads/kafka_2.13-3.5.1/airflow-env/lib64/python3.11/site-packages/airflow/example_dags/example_skip_dag.py
[2023-10-07T04:42:23.267+0530] {processor.py:829} INFO - Processing file /home/raj/Downloads/kafka_2.13-3.5.1/airflow-env/lib64/python3.11/site-packages/airflow/example_dags/example_skip_dag.py for tasks to queue
[2023-10-07T04:42:23.269+0530] {logging_mixin.py:151} INFO - [2023-10-07T04:42:23.268+0530] {dagbag.py:539} INFO - Filling up the DagBag from /home/raj/Downloads/kafka_2.13-3.5.1/airflow-env/lib64/python3.11/site-packages/airflow/example_dags/example_skip_dag.py
[2023-10-07T04:42:23.283+0530] {processor.py:839} INFO - DAG(s) dict_keys(['example_skip_dag']) retrieved from /home/raj/Downloads/kafka_2.13-3.5.1/airflow-env/lib64/python3.11/site-packages/airflow/example_dags/example_skip_dag.py
[2023-10-07T04:42:23.314+0530] {logging_mixin.py:151} INFO - [2023-10-07T04:42:23.313+0530] {dag.py:2915} INFO - Sync 1 DAGs
[2023-10-07T04:42:23.329+0530] {logging_mixin.py:151} INFO - [2023-10-07T04:42:23.329+0530] {dag.py:3696} INFO - Setting next_dagrun for example_skip_dag to 2023-10-05T23:12:23.329137+00:00, run_after=2023-10-06T23:12:23.329137+00:00
[2023-10-07T04:42:23.345+0530] {processor.py:179} INFO - Processing /home/raj/Downloads/kafka_2.13-3.5.1/airflow-env/lib64/python3.11/site-packages/airflow/example_dags/example_skip_dag.py took 0.094 seconds
[2023-10-07T04:43:38.234+0530] {processor.py:157} INFO - Started process (PID=10391) to work on /home/raj/Downloads/kafka_2.13-3.5.1/airflow-env/lib64/python3.11/site-packages/airflow/example_dags/example_skip_dag.py
[2023-10-07T04:43:38.246+0530] {processor.py:829} INFO - Processing file /home/raj/Downloads/kafka_2.13-3.5.1/airflow-env/lib64/python3.11/site-packages/airflow/example_dags/example_skip_dag.py for tasks to queue
[2023-10-07T04:43:38.247+0530] {logging_mixin.py:151} INFO - [2023-10-07T04:43:38.247+0530] {dagbag.py:539} INFO - Filling up the DagBag from /home/raj/Downloads/kafka_2.13-3.5.1/airflow-env/lib64/python3.11/site-packages/airflow/example_dags/example_skip_dag.py
[2023-10-07T04:43:38.262+0530] {processor.py:839} INFO - DAG(s) dict_keys(['example_skip_dag']) retrieved from /home/raj/Downloads/kafka_2.13-3.5.1/airflow-env/lib64/python3.11/site-packages/airflow/example_dags/example_skip_dag.py
[2023-10-07T04:43:38.293+0530] {logging_mixin.py:151} INFO - [2023-10-07T04:43:38.293+0530] {dag.py:2915} INFO - Sync 1 DAGs
[2023-10-07T04:43:38.310+0530] {logging_mixin.py:151} INFO - [2023-10-07T04:43:38.310+0530] {dag.py:3696} INFO - Setting next_dagrun for example_skip_dag to 2023-10-05T23:13:38.310612+00:00, run_after=2023-10-06T23:13:38.310612+00:00
[2023-10-07T04:43:38.329+0530] {processor.py:179} INFO - Processing /home/raj/Downloads/kafka_2.13-3.5.1/airflow-env/lib64/python3.11/site-packages/airflow/example_dags/example_skip_dag.py took 0.100 seconds
[2023-10-07T04:44:26.687+0530] {processor.py:157} INFO - Started process (PID=10497) to work on /home/raj/Downloads/kafka_2.13-3.5.1/airflow-env/lib64/python3.11/site-packages/airflow/example_dags/example_skip_dag.py
[2023-10-07T04:44:26.698+0530] {processor.py:829} INFO - Processing file /home/raj/Downloads/kafka_2.13-3.5.1/airflow-env/lib64/python3.11/site-packages/airflow/example_dags/example_skip_dag.py for tasks to queue
[2023-10-07T04:44:26.700+0530] {logging_mixin.py:151} INFO - [2023-10-07T04:44:26.699+0530] {dagbag.py:539} INFO - Filling up the DagBag from /home/raj/Downloads/kafka_2.13-3.5.1/airflow-env/lib64/python3.11/site-packages/airflow/example_dags/example_skip_dag.py
[2023-10-07T04:44:26.719+0530] {processor.py:839} INFO - DAG(s) dict_keys(['example_skip_dag']) retrieved from /home/raj/Downloads/kafka_2.13-3.5.1/airflow-env/lib64/python3.11/site-packages/airflow/example_dags/example_skip_dag.py
[2023-10-07T04:44:26.749+0530] {logging_mixin.py:151} INFO - [2023-10-07T04:44:26.749+0530] {dag.py:2915} INFO - Sync 1 DAGs
[2023-10-07T04:44:26.765+0530] {logging_mixin.py:151} INFO - [2023-10-07T04:44:26.765+0530] {dag.py:3696} INFO - Setting next_dagrun for example_skip_dag to 2023-10-05T23:14:26.765383+00:00, run_after=2023-10-06T23:14:26.765383+00:00
[2023-10-07T04:44:26.784+0530] {processor.py:179} INFO - Processing /home/raj/Downloads/kafka_2.13-3.5.1/airflow-env/lib64/python3.11/site-packages/airflow/example_dags/example_skip_dag.py took 0.099 seconds
[2023-10-07T04:45:15.832+0530] {processor.py:157} INFO - Started process (PID=10654) to work on /home/raj/Downloads/kafka_2.13-3.5.1/airflow-env/lib64/python3.11/site-packages/airflow/example_dags/example_skip_dag.py
[2023-10-07T04:45:15.834+0530] {processor.py:829} INFO - Processing file /home/raj/Downloads/kafka_2.13-3.5.1/airflow-env/lib64/python3.11/site-packages/airflow/example_dags/example_skip_dag.py for tasks to queue
[2023-10-07T04:45:15.836+0530] {logging_mixin.py:151} INFO - [2023-10-07T04:45:15.835+0530] {dagbag.py:539} INFO - Filling up the DagBag from /home/raj/Downloads/kafka_2.13-3.5.1/airflow-env/lib64/python3.11/site-packages/airflow/example_dags/example_skip_dag.py
[2023-10-07T04:45:15.852+0530] {processor.py:839} INFO - DAG(s) dict_keys(['example_skip_dag']) retrieved from /home/raj/Downloads/kafka_2.13-3.5.1/airflow-env/lib64/python3.11/site-packages/airflow/example_dags/example_skip_dag.py
[2023-10-07T04:45:15.873+0530] {logging_mixin.py:151} INFO - [2023-10-07T04:45:15.872+0530] {dag.py:2915} INFO - Sync 1 DAGs
[2023-10-07T04:45:15.888+0530] {logging_mixin.py:151} INFO - [2023-10-07T04:45:15.888+0530] {dag.py:3696} INFO - Setting next_dagrun for example_skip_dag to 2023-10-05T23:15:15.888100+00:00, run_after=2023-10-06T23:15:15.888100+00:00
[2023-10-07T04:45:15.905+0530] {processor.py:179} INFO - Processing /home/raj/Downloads/kafka_2.13-3.5.1/airflow-env/lib64/python3.11/site-packages/airflow/example_dags/example_skip_dag.py took 0.078 seconds
[2023-10-07T04:46:12.192+0530] {processor.py:157} INFO - Started process (PID=10851) to work on /home/raj/Downloads/kafka_2.13-3.5.1/airflow-env/lib64/python3.11/site-packages/airflow/example_dags/example_skip_dag.py
[2023-10-07T04:46:12.200+0530] {processor.py:829} INFO - Processing file /home/raj/Downloads/kafka_2.13-3.5.1/airflow-env/lib64/python3.11/site-packages/airflow/example_dags/example_skip_dag.py for tasks to queue
[2023-10-07T04:46:12.202+0530] {logging_mixin.py:151} INFO - [2023-10-07T04:46:12.201+0530] {dagbag.py:539} INFO - Filling up the DagBag from /home/raj/Downloads/kafka_2.13-3.5.1/airflow-env/lib64/python3.11/site-packages/airflow/example_dags/example_skip_dag.py
[2023-10-07T04:46:12.217+0530] {processor.py:839} INFO - DAG(s) dict_keys(['example_skip_dag']) retrieved from /home/raj/Downloads/kafka_2.13-3.5.1/airflow-env/lib64/python3.11/site-packages/airflow/example_dags/example_skip_dag.py
[2023-10-07T04:46:12.231+0530] {logging_mixin.py:151} INFO - [2023-10-07T04:46:12.231+0530] {dag.py:2915} INFO - Sync 1 DAGs
[2023-10-07T04:46:12.248+0530] {logging_mixin.py:151} INFO - [2023-10-07T04:46:12.248+0530] {dag.py:3696} INFO - Setting next_dagrun for example_skip_dag to 2023-10-05T23:16:12.248159+00:00, run_after=2023-10-06T23:16:12.248159+00:00
[2023-10-07T04:46:12.269+0530] {processor.py:179} INFO - Processing /home/raj/Downloads/kafka_2.13-3.5.1/airflow-env/lib64/python3.11/site-packages/airflow/example_dags/example_skip_dag.py took 0.083 seconds
[2023-10-07T04:47:07.447+0530] {processor.py:157} INFO - Started process (PID=10958) to work on /home/raj/Downloads/kafka_2.13-3.5.1/airflow-env/lib64/python3.11/site-packages/airflow/example_dags/example_skip_dag.py
[2023-10-07T04:47:07.457+0530] {processor.py:829} INFO - Processing file /home/raj/Downloads/kafka_2.13-3.5.1/airflow-env/lib64/python3.11/site-packages/airflow/example_dags/example_skip_dag.py for tasks to queue
[2023-10-07T04:47:07.458+0530] {logging_mixin.py:151} INFO - [2023-10-07T04:47:07.458+0530] {dagbag.py:539} INFO - Filling up the DagBag from /home/raj/Downloads/kafka_2.13-3.5.1/airflow-env/lib64/python3.11/site-packages/airflow/example_dags/example_skip_dag.py
[2023-10-07T04:47:07.473+0530] {processor.py:839} INFO - DAG(s) dict_keys(['example_skip_dag']) retrieved from /home/raj/Downloads/kafka_2.13-3.5.1/airflow-env/lib64/python3.11/site-packages/airflow/example_dags/example_skip_dag.py
[2023-10-07T04:47:07.502+0530] {logging_mixin.py:151} INFO - [2023-10-07T04:47:07.502+0530] {dag.py:2915} INFO - Sync 1 DAGs
[2023-10-07T04:47:07.529+0530] {logging_mixin.py:151} INFO - [2023-10-07T04:47:07.529+0530] {dag.py:3696} INFO - Setting next_dagrun for example_skip_dag to 2023-10-05T23:17:07.529443+00:00, run_after=2023-10-06T23:17:07.529443+00:00
[2023-10-07T04:47:07.556+0530] {processor.py:179} INFO - Processing /home/raj/Downloads/kafka_2.13-3.5.1/airflow-env/lib64/python3.11/site-packages/airflow/example_dags/example_skip_dag.py took 0.112 seconds
[2023-10-07T04:47:55.483+0530] {processor.py:157} INFO - Started process (PID=11041) to work on /home/raj/Downloads/kafka_2.13-3.5.1/airflow-env/lib64/python3.11/site-packages/airflow/example_dags/example_skip_dag.py
[2023-10-07T04:47:55.485+0530] {processor.py:829} INFO - Processing file /home/raj/Downloads/kafka_2.13-3.5.1/airflow-env/lib64/python3.11/site-packages/airflow/example_dags/example_skip_dag.py for tasks to queue
[2023-10-07T04:47:55.487+0530] {logging_mixin.py:151} INFO - [2023-10-07T04:47:55.486+0530] {dagbag.py:539} INFO - Filling up the DagBag from /home/raj/Downloads/kafka_2.13-3.5.1/airflow-env/lib64/python3.11/site-packages/airflow/example_dags/example_skip_dag.py
[2023-10-07T04:47:55.498+0530] {processor.py:839} INFO - DAG(s) dict_keys(['example_skip_dag']) retrieved from /home/raj/Downloads/kafka_2.13-3.5.1/airflow-env/lib64/python3.11/site-packages/airflow/example_dags/example_skip_dag.py
[2023-10-07T04:47:55.516+0530] {logging_mixin.py:151} INFO - [2023-10-07T04:47:55.516+0530] {dag.py:2915} INFO - Sync 1 DAGs
[2023-10-07T04:47:55.538+0530] {logging_mixin.py:151} INFO - [2023-10-07T04:47:55.538+0530] {dag.py:3696} INFO - Setting next_dagrun for example_skip_dag to 2023-10-05T23:17:55.538047+00:00, run_after=2023-10-06T23:17:55.538047+00:00
[2023-10-07T04:47:55.560+0530] {processor.py:179} INFO - Processing /home/raj/Downloads/kafka_2.13-3.5.1/airflow-env/lib64/python3.11/site-packages/airflow/example_dags/example_skip_dag.py took 0.083 seconds
[2023-10-07T04:48:50.369+0530] {processor.py:157} INFO - Started process (PID=11154) to work on /home/raj/Downloads/kafka_2.13-3.5.1/airflow-env/lib64/python3.11/site-packages/airflow/example_dags/example_skip_dag.py
[2023-10-07T04:48:50.380+0530] {processor.py:829} INFO - Processing file /home/raj/Downloads/kafka_2.13-3.5.1/airflow-env/lib64/python3.11/site-packages/airflow/example_dags/example_skip_dag.py for tasks to queue
[2023-10-07T04:48:50.381+0530] {logging_mixin.py:151} INFO - [2023-10-07T04:48:50.380+0530] {dagbag.py:539} INFO - Filling up the DagBag from /home/raj/Downloads/kafka_2.13-3.5.1/airflow-env/lib64/python3.11/site-packages/airflow/example_dags/example_skip_dag.py
[2023-10-07T04:48:50.396+0530] {processor.py:839} INFO - DAG(s) dict_keys(['example_skip_dag']) retrieved from /home/raj/Downloads/kafka_2.13-3.5.1/airflow-env/lib64/python3.11/site-packages/airflow/example_dags/example_skip_dag.py
[2023-10-07T04:48:50.427+0530] {logging_mixin.py:151} INFO - [2023-10-07T04:48:50.427+0530] {dag.py:2915} INFO - Sync 1 DAGs
[2023-10-07T04:48:50.443+0530] {logging_mixin.py:151} INFO - [2023-10-07T04:48:50.443+0530] {dag.py:3696} INFO - Setting next_dagrun for example_skip_dag to 2023-10-05T23:18:50.443380+00:00, run_after=2023-10-06T23:18:50.443380+00:00
[2023-10-07T04:48:50.461+0530] {processor.py:179} INFO - Processing /home/raj/Downloads/kafka_2.13-3.5.1/airflow-env/lib64/python3.11/site-packages/airflow/example_dags/example_skip_dag.py took 0.098 seconds
[2023-10-07T04:49:44.756+0530] {processor.py:157} INFO - Started process (PID=11259) to work on /home/raj/Downloads/kafka_2.13-3.5.1/airflow-env/lib64/python3.11/site-packages/airflow/example_dags/example_skip_dag.py
[2023-10-07T04:49:44.767+0530] {processor.py:829} INFO - Processing file /home/raj/Downloads/kafka_2.13-3.5.1/airflow-env/lib64/python3.11/site-packages/airflow/example_dags/example_skip_dag.py for tasks to queue
[2023-10-07T04:49:44.768+0530] {logging_mixin.py:151} INFO - [2023-10-07T04:49:44.768+0530] {dagbag.py:539} INFO - Filling up the DagBag from /home/raj/Downloads/kafka_2.13-3.5.1/airflow-env/lib64/python3.11/site-packages/airflow/example_dags/example_skip_dag.py
[2023-10-07T04:49:44.778+0530] {processor.py:839} INFO - DAG(s) dict_keys(['example_skip_dag']) retrieved from /home/raj/Downloads/kafka_2.13-3.5.1/airflow-env/lib64/python3.11/site-packages/airflow/example_dags/example_skip_dag.py
[2023-10-07T04:49:44.800+0530] {logging_mixin.py:151} INFO - [2023-10-07T04:49:44.800+0530] {dag.py:2915} INFO - Sync 1 DAGs
[2023-10-07T04:49:44.830+0530] {logging_mixin.py:151} INFO - [2023-10-07T04:49:44.830+0530] {dag.py:3696} INFO - Setting next_dagrun for example_skip_dag to 2023-10-05T23:19:44.829913+00:00, run_after=2023-10-06T23:19:44.829913+00:00
[2023-10-07T04:49:44.863+0530] {processor.py:179} INFO - Processing /home/raj/Downloads/kafka_2.13-3.5.1/airflow-env/lib64/python3.11/site-packages/airflow/example_dags/example_skip_dag.py took 0.112 seconds
[2023-10-07T04:50:40.026+0530] {processor.py:157} INFO - Started process (PID=11354) to work on /home/raj/Downloads/kafka_2.13-3.5.1/airflow-env/lib64/python3.11/site-packages/airflow/example_dags/example_skip_dag.py
[2023-10-07T04:50:40.038+0530] {processor.py:829} INFO - Processing file /home/raj/Downloads/kafka_2.13-3.5.1/airflow-env/lib64/python3.11/site-packages/airflow/example_dags/example_skip_dag.py for tasks to queue
[2023-10-07T04:50:40.039+0530] {logging_mixin.py:151} INFO - [2023-10-07T04:50:40.039+0530] {dagbag.py:539} INFO - Filling up the DagBag from /home/raj/Downloads/kafka_2.13-3.5.1/airflow-env/lib64/python3.11/site-packages/airflow/example_dags/example_skip_dag.py
[2023-10-07T04:50:40.055+0530] {processor.py:839} INFO - DAG(s) dict_keys(['example_skip_dag']) retrieved from /home/raj/Downloads/kafka_2.13-3.5.1/airflow-env/lib64/python3.11/site-packages/airflow/example_dags/example_skip_dag.py
[2023-10-07T04:50:40.086+0530] {logging_mixin.py:151} INFO - [2023-10-07T04:50:40.086+0530] {dag.py:2915} INFO - Sync 1 DAGs
[2023-10-07T04:50:40.101+0530] {logging_mixin.py:151} INFO - [2023-10-07T04:50:40.101+0530] {dag.py:3696} INFO - Setting next_dagrun for example_skip_dag to 2023-10-05T23:20:40.101663+00:00, run_after=2023-10-06T23:20:40.101663+00:00
[2023-10-07T04:50:40.118+0530] {processor.py:179} INFO - Processing /home/raj/Downloads/kafka_2.13-3.5.1/airflow-env/lib64/python3.11/site-packages/airflow/example_dags/example_skip_dag.py took 0.097 seconds
[2023-10-07T04:51:28.321+0530] {processor.py:157} INFO - Started process (PID=11443) to work on /home/raj/Downloads/kafka_2.13-3.5.1/airflow-env/lib64/python3.11/site-packages/airflow/example_dags/example_skip_dag.py
[2023-10-07T04:51:28.332+0530] {processor.py:829} INFO - Processing file /home/raj/Downloads/kafka_2.13-3.5.1/airflow-env/lib64/python3.11/site-packages/airflow/example_dags/example_skip_dag.py for tasks to queue
[2023-10-07T04:51:28.333+0530] {logging_mixin.py:151} INFO - [2023-10-07T04:51:28.332+0530] {dagbag.py:539} INFO - Filling up the DagBag from /home/raj/Downloads/kafka_2.13-3.5.1/airflow-env/lib64/python3.11/site-packages/airflow/example_dags/example_skip_dag.py
[2023-10-07T04:51:28.339+0530] {processor.py:839} INFO - DAG(s) dict_keys(['example_skip_dag']) retrieved from /home/raj/Downloads/kafka_2.13-3.5.1/airflow-env/lib64/python3.11/site-packages/airflow/example_dags/example_skip_dag.py
[2023-10-07T04:51:28.352+0530] {logging_mixin.py:151} INFO - [2023-10-07T04:51:28.352+0530] {dag.py:2915} INFO - Sync 1 DAGs
[2023-10-07T04:51:28.368+0530] {logging_mixin.py:151} INFO - [2023-10-07T04:51:28.368+0530] {dag.py:3696} INFO - Setting next_dagrun for example_skip_dag to 2023-10-05T23:21:28.368353+00:00, run_after=2023-10-06T23:21:28.368353+00:00
[2023-10-07T04:51:28.387+0530] {processor.py:179} INFO - Processing /home/raj/Downloads/kafka_2.13-3.5.1/airflow-env/lib64/python3.11/site-packages/airflow/example_dags/example_skip_dag.py took 0.072 seconds
[2023-10-07T04:52:23.786+0530] {processor.py:157} INFO - Started process (PID=11730) to work on /home/raj/Downloads/kafka_2.13-3.5.1/airflow-env/lib64/python3.11/site-packages/airflow/example_dags/example_skip_dag.py
[2023-10-07T04:52:23.797+0530] {processor.py:829} INFO - Processing file /home/raj/Downloads/kafka_2.13-3.5.1/airflow-env/lib64/python3.11/site-packages/airflow/example_dags/example_skip_dag.py for tasks to queue
[2023-10-07T04:52:23.799+0530] {logging_mixin.py:151} INFO - [2023-10-07T04:52:23.798+0530] {dagbag.py:539} INFO - Filling up the DagBag from /home/raj/Downloads/kafka_2.13-3.5.1/airflow-env/lib64/python3.11/site-packages/airflow/example_dags/example_skip_dag.py
[2023-10-07T04:52:23.814+0530] {processor.py:839} INFO - DAG(s) dict_keys(['example_skip_dag']) retrieved from /home/raj/Downloads/kafka_2.13-3.5.1/airflow-env/lib64/python3.11/site-packages/airflow/example_dags/example_skip_dag.py
[2023-10-07T04:52:23.844+0530] {logging_mixin.py:151} INFO - [2023-10-07T04:52:23.844+0530] {dag.py:2915} INFO - Sync 1 DAGs
[2023-10-07T04:52:23.859+0530] {logging_mixin.py:151} INFO - [2023-10-07T04:52:23.859+0530] {dag.py:3696} INFO - Setting next_dagrun for example_skip_dag to 2023-10-05T23:22:23.859263+00:00, run_after=2023-10-06T23:22:23.859263+00:00
[2023-10-07T04:52:23.879+0530] {processor.py:179} INFO - Processing /home/raj/Downloads/kafka_2.13-3.5.1/airflow-env/lib64/python3.11/site-packages/airflow/example_dags/example_skip_dag.py took 0.098 seconds
[2023-10-07T04:53:16.876+0530] {processor.py:157} INFO - Started process (PID=11868) to work on /home/raj/Downloads/kafka_2.13-3.5.1/airflow-env/lib64/python3.11/site-packages/airflow/example_dags/example_skip_dag.py
[2023-10-07T04:53:16.887+0530] {processor.py:829} INFO - Processing file /home/raj/Downloads/kafka_2.13-3.5.1/airflow-env/lib64/python3.11/site-packages/airflow/example_dags/example_skip_dag.py for tasks to queue
[2023-10-07T04:53:16.888+0530] {logging_mixin.py:151} INFO - [2023-10-07T04:53:16.888+0530] {dagbag.py:539} INFO - Filling up the DagBag from /home/raj/Downloads/kafka_2.13-3.5.1/airflow-env/lib64/python3.11/site-packages/airflow/example_dags/example_skip_dag.py
[2023-10-07T04:53:16.906+0530] {processor.py:839} INFO - DAG(s) dict_keys(['example_skip_dag']) retrieved from /home/raj/Downloads/kafka_2.13-3.5.1/airflow-env/lib64/python3.11/site-packages/airflow/example_dags/example_skip_dag.py
[2023-10-07T04:53:16.948+0530] {logging_mixin.py:151} INFO - [2023-10-07T04:53:16.947+0530] {dag.py:2915} INFO - Sync 1 DAGs
[2023-10-07T04:53:17.012+0530] {logging_mixin.py:151} INFO - [2023-10-07T04:53:17.011+0530] {dag.py:3696} INFO - Setting next_dagrun for example_skip_dag to 2023-10-05T23:23:17.011632+00:00, run_after=2023-10-06T23:23:17.011632+00:00
[2023-10-07T04:53:17.035+0530] {processor.py:179} INFO - Processing /home/raj/Downloads/kafka_2.13-3.5.1/airflow-env/lib64/python3.11/site-packages/airflow/example_dags/example_skip_dag.py took 0.165 seconds
[2023-10-07T04:54:00.532+0530] {processor.py:157} INFO - Started process (PID=11964) to work on /home/raj/Downloads/kafka_2.13-3.5.1/airflow-env/lib64/python3.11/site-packages/airflow/example_dags/example_skip_dag.py
[2023-10-07T04:54:00.543+0530] {processor.py:829} INFO - Processing file /home/raj/Downloads/kafka_2.13-3.5.1/airflow-env/lib64/python3.11/site-packages/airflow/example_dags/example_skip_dag.py for tasks to queue
[2023-10-07T04:54:00.545+0530] {logging_mixin.py:151} INFO - [2023-10-07T04:54:00.544+0530] {dagbag.py:539} INFO - Filling up the DagBag from /home/raj/Downloads/kafka_2.13-3.5.1/airflow-env/lib64/python3.11/site-packages/airflow/example_dags/example_skip_dag.py
[2023-10-07T04:54:00.560+0530] {processor.py:839} INFO - DAG(s) dict_keys(['example_skip_dag']) retrieved from /home/raj/Downloads/kafka_2.13-3.5.1/airflow-env/lib64/python3.11/site-packages/airflow/example_dags/example_skip_dag.py
[2023-10-07T04:54:00.589+0530] {logging_mixin.py:151} INFO - [2023-10-07T04:54:00.589+0530] {dag.py:2915} INFO - Sync 1 DAGs
[2023-10-07T04:54:00.605+0530] {logging_mixin.py:151} INFO - [2023-10-07T04:54:00.605+0530] {dag.py:3696} INFO - Setting next_dagrun for example_skip_dag to 2023-10-05T23:24:00.605584+00:00, run_after=2023-10-06T23:24:00.605584+00:00
[2023-10-07T04:54:00.626+0530] {processor.py:179} INFO - Processing /home/raj/Downloads/kafka_2.13-3.5.1/airflow-env/lib64/python3.11/site-packages/airflow/example_dags/example_skip_dag.py took 0.100 seconds
[2023-10-07T04:54:53.784+0530] {processor.py:157} INFO - Started process (PID=12080) to work on /home/raj/Downloads/kafka_2.13-3.5.1/airflow-env/lib64/python3.11/site-packages/airflow/example_dags/example_skip_dag.py
[2023-10-07T04:54:53.785+0530] {processor.py:829} INFO - Processing file /home/raj/Downloads/kafka_2.13-3.5.1/airflow-env/lib64/python3.11/site-packages/airflow/example_dags/example_skip_dag.py for tasks to queue
[2023-10-07T04:54:53.787+0530] {logging_mixin.py:151} INFO - [2023-10-07T04:54:53.786+0530] {dagbag.py:539} INFO - Filling up the DagBag from /home/raj/Downloads/kafka_2.13-3.5.1/airflow-env/lib64/python3.11/site-packages/airflow/example_dags/example_skip_dag.py
[2023-10-07T04:54:53.803+0530] {processor.py:839} INFO - DAG(s) dict_keys(['example_skip_dag']) retrieved from /home/raj/Downloads/kafka_2.13-3.5.1/airflow-env/lib64/python3.11/site-packages/airflow/example_dags/example_skip_dag.py
[2023-10-07T04:54:53.827+0530] {logging_mixin.py:151} INFO - [2023-10-07T04:54:53.827+0530] {dag.py:2915} INFO - Sync 1 DAGs
[2023-10-07T04:54:53.846+0530] {logging_mixin.py:151} INFO - [2023-10-07T04:54:53.845+0530] {dag.py:3696} INFO - Setting next_dagrun for example_skip_dag to 2023-10-05T23:24:53.845714+00:00, run_after=2023-10-06T23:24:53.845714+00:00
[2023-10-07T04:54:53.865+0530] {processor.py:179} INFO - Processing /home/raj/Downloads/kafka_2.13-3.5.1/airflow-env/lib64/python3.11/site-packages/airflow/example_dags/example_skip_dag.py took 0.086 seconds
[2023-10-07T04:55:46.067+0530] {processor.py:157} INFO - Started process (PID=12212) to work on /home/raj/Downloads/kafka_2.13-3.5.1/airflow-env/lib64/python3.11/site-packages/airflow/example_dags/example_skip_dag.py
[2023-10-07T04:55:46.079+0530] {processor.py:829} INFO - Processing file /home/raj/Downloads/kafka_2.13-3.5.1/airflow-env/lib64/python3.11/site-packages/airflow/example_dags/example_skip_dag.py for tasks to queue
[2023-10-07T04:55:46.080+0530] {logging_mixin.py:151} INFO - [2023-10-07T04:55:46.080+0530] {dagbag.py:539} INFO - Filling up the DagBag from /home/raj/Downloads/kafka_2.13-3.5.1/airflow-env/lib64/python3.11/site-packages/airflow/example_dags/example_skip_dag.py
[2023-10-07T04:55:46.096+0530] {processor.py:839} INFO - DAG(s) dict_keys(['example_skip_dag']) retrieved from /home/raj/Downloads/kafka_2.13-3.5.1/airflow-env/lib64/python3.11/site-packages/airflow/example_dags/example_skip_dag.py
[2023-10-07T04:55:46.123+0530] {logging_mixin.py:151} INFO - [2023-10-07T04:55:46.123+0530] {dag.py:2915} INFO - Sync 1 DAGs
[2023-10-07T04:55:46.143+0530] {logging_mixin.py:151} INFO - [2023-10-07T04:55:46.143+0530] {dag.py:3696} INFO - Setting next_dagrun for example_skip_dag to 2023-10-05T23:25:46.143149+00:00, run_after=2023-10-06T23:25:46.143149+00:00
[2023-10-07T04:55:46.163+0530] {processor.py:179} INFO - Processing /home/raj/Downloads/kafka_2.13-3.5.1/airflow-env/lib64/python3.11/site-packages/airflow/example_dags/example_skip_dag.py took 0.101 seconds
[2023-10-07T04:56:32.682+0530] {processor.py:157} INFO - Started process (PID=12278) to work on /home/raj/Downloads/kafka_2.13-3.5.1/airflow-env/lib64/python3.11/site-packages/airflow/example_dags/example_skip_dag.py
[2023-10-07T04:56:32.694+0530] {processor.py:829} INFO - Processing file /home/raj/Downloads/kafka_2.13-3.5.1/airflow-env/lib64/python3.11/site-packages/airflow/example_dags/example_skip_dag.py for tasks to queue
[2023-10-07T04:56:32.695+0530] {logging_mixin.py:151} INFO - [2023-10-07T04:56:32.694+0530] {dagbag.py:539} INFO - Filling up the DagBag from /home/raj/Downloads/kafka_2.13-3.5.1/airflow-env/lib64/python3.11/site-packages/airflow/example_dags/example_skip_dag.py
[2023-10-07T04:56:32.705+0530] {processor.py:839} INFO - DAG(s) dict_keys(['example_skip_dag']) retrieved from /home/raj/Downloads/kafka_2.13-3.5.1/airflow-env/lib64/python3.11/site-packages/airflow/example_dags/example_skip_dag.py
[2023-10-07T04:56:32.723+0530] {logging_mixin.py:151} INFO - [2023-10-07T04:56:32.723+0530] {dag.py:2915} INFO - Sync 1 DAGs
[2023-10-07T04:56:32.744+0530] {logging_mixin.py:151} INFO - [2023-10-07T04:56:32.744+0530] {dag.py:3696} INFO - Setting next_dagrun for example_skip_dag to 2023-10-05T23:26:32.744259+00:00, run_after=2023-10-06T23:26:32.744259+00:00
[2023-10-07T04:56:32.768+0530] {processor.py:179} INFO - Processing /home/raj/Downloads/kafka_2.13-3.5.1/airflow-env/lib64/python3.11/site-packages/airflow/example_dags/example_skip_dag.py took 0.088 seconds
[2023-10-07T04:57:19.519+0530] {processor.py:157} INFO - Started process (PID=12423) to work on /home/raj/Downloads/kafka_2.13-3.5.1/airflow-env/lib64/python3.11/site-packages/airflow/example_dags/example_skip_dag.py
[2023-10-07T04:57:19.530+0530] {processor.py:829} INFO - Processing file /home/raj/Downloads/kafka_2.13-3.5.1/airflow-env/lib64/python3.11/site-packages/airflow/example_dags/example_skip_dag.py for tasks to queue
[2023-10-07T04:57:19.532+0530] {logging_mixin.py:151} INFO - [2023-10-07T04:57:19.531+0530] {dagbag.py:539} INFO - Filling up the DagBag from /home/raj/Downloads/kafka_2.13-3.5.1/airflow-env/lib64/python3.11/site-packages/airflow/example_dags/example_skip_dag.py
[2023-10-07T04:57:19.546+0530] {processor.py:839} INFO - DAG(s) dict_keys(['example_skip_dag']) retrieved from /home/raj/Downloads/kafka_2.13-3.5.1/airflow-env/lib64/python3.11/site-packages/airflow/example_dags/example_skip_dag.py
[2023-10-07T04:57:19.576+0530] {logging_mixin.py:151} INFO - [2023-10-07T04:57:19.576+0530] {dag.py:2915} INFO - Sync 1 DAGs
[2023-10-07T04:57:19.591+0530] {logging_mixin.py:151} INFO - [2023-10-07T04:57:19.591+0530] {dag.py:3696} INFO - Setting next_dagrun for example_skip_dag to 2023-10-05T23:27:19.591618+00:00, run_after=2023-10-06T23:27:19.591618+00:00
[2023-10-07T04:57:19.611+0530] {processor.py:179} INFO - Processing /home/raj/Downloads/kafka_2.13-3.5.1/airflow-env/lib64/python3.11/site-packages/airflow/example_dags/example_skip_dag.py took 0.097 seconds
[2023-10-07T04:58:08.146+0530] {processor.py:157} INFO - Started process (PID=12503) to work on /home/raj/Downloads/kafka_2.13-3.5.1/airflow-env/lib64/python3.11/site-packages/airflow/example_dags/example_skip_dag.py
[2023-10-07T04:58:08.157+0530] {processor.py:829} INFO - Processing file /home/raj/Downloads/kafka_2.13-3.5.1/airflow-env/lib64/python3.11/site-packages/airflow/example_dags/example_skip_dag.py for tasks to queue
[2023-10-07T04:58:08.159+0530] {logging_mixin.py:151} INFO - [2023-10-07T04:58:08.158+0530] {dagbag.py:539} INFO - Filling up the DagBag from /home/raj/Downloads/kafka_2.13-3.5.1/airflow-env/lib64/python3.11/site-packages/airflow/example_dags/example_skip_dag.py
[2023-10-07T04:58:08.176+0530] {processor.py:839} INFO - DAG(s) dict_keys(['example_skip_dag']) retrieved from /home/raj/Downloads/kafka_2.13-3.5.1/airflow-env/lib64/python3.11/site-packages/airflow/example_dags/example_skip_dag.py
[2023-10-07T04:58:08.206+0530] {logging_mixin.py:151} INFO - [2023-10-07T04:58:08.205+0530] {dag.py:2915} INFO - Sync 1 DAGs
[2023-10-07T04:58:08.226+0530] {logging_mixin.py:151} INFO - [2023-10-07T04:58:08.226+0530] {dag.py:3696} INFO - Setting next_dagrun for example_skip_dag to 2023-10-05T23:28:08.225820+00:00, run_after=2023-10-06T23:28:08.225820+00:00
[2023-10-07T04:58:08.247+0530] {processor.py:179} INFO - Processing /home/raj/Downloads/kafka_2.13-3.5.1/airflow-env/lib64/python3.11/site-packages/airflow/example_dags/example_skip_dag.py took 0.107 seconds
[2023-10-07T04:58:59.133+0530] {processor.py:157} INFO - Started process (PID=12640) to work on /home/raj/Downloads/kafka_2.13-3.5.1/airflow-env/lib64/python3.11/site-packages/airflow/example_dags/example_skip_dag.py
[2023-10-07T04:58:59.134+0530] {processor.py:829} INFO - Processing file /home/raj/Downloads/kafka_2.13-3.5.1/airflow-env/lib64/python3.11/site-packages/airflow/example_dags/example_skip_dag.py for tasks to queue
[2023-10-07T04:58:59.135+0530] {logging_mixin.py:151} INFO - [2023-10-07T04:58:59.134+0530] {dagbag.py:539} INFO - Filling up the DagBag from /home/raj/Downloads/kafka_2.13-3.5.1/airflow-env/lib64/python3.11/site-packages/airflow/example_dags/example_skip_dag.py
[2023-10-07T04:58:59.142+0530] {processor.py:839} INFO - DAG(s) dict_keys(['example_skip_dag']) retrieved from /home/raj/Downloads/kafka_2.13-3.5.1/airflow-env/lib64/python3.11/site-packages/airflow/example_dags/example_skip_dag.py
[2023-10-07T04:58:59.158+0530] {logging_mixin.py:151} INFO - [2023-10-07T04:58:59.157+0530] {dag.py:2915} INFO - Sync 1 DAGs
[2023-10-07T04:58:59.177+0530] {logging_mixin.py:151} INFO - [2023-10-07T04:58:59.177+0530] {dag.py:3696} INFO - Setting next_dagrun for example_skip_dag to 2023-10-05T23:28:59.177077+00:00, run_after=2023-10-06T23:28:59.177077+00:00
[2023-10-07T04:58:59.199+0530] {processor.py:179} INFO - Processing /home/raj/Downloads/kafka_2.13-3.5.1/airflow-env/lib64/python3.11/site-packages/airflow/example_dags/example_skip_dag.py took 0.068 seconds
