[2023-10-07T04:00:02.088+0530] {processor.py:157} INFO - Started process (PID=18069) to work on /home/raj/Downloads/kafka_2.13-3.5.1/airflow-env/lib64/python3.11/site-packages/airflow/example_dags/example_latest_only.py
[2023-10-07T04:00:02.089+0530] {processor.py:829} INFO - Processing file /home/raj/Downloads/kafka_2.13-3.5.1/airflow-env/lib64/python3.11/site-packages/airflow/example_dags/example_latest_only.py for tasks to queue
[2023-10-07T04:00:02.090+0530] {logging_mixin.py:151} INFO - [2023-10-07T04:00:02.089+0530] {dagbag.py:539} INFO - Filling up the DagBag from /home/raj/Downloads/kafka_2.13-3.5.1/airflow-env/lib64/python3.11/site-packages/airflow/example_dags/example_latest_only.py
[2023-10-07T04:00:02.104+0530] {processor.py:839} INFO - DAG(s) dict_keys(['latest_only']) retrieved from /home/raj/Downloads/kafka_2.13-3.5.1/airflow-env/lib64/python3.11/site-packages/airflow/example_dags/example_latest_only.py
[2023-10-07T04:00:02.237+0530] {logging_mixin.py:151} INFO - [2023-10-07T04:00:02.237+0530] {manager.py:499} INFO - Created Permission View: %s
[2023-10-07T04:00:02.250+0530] {logging_mixin.py:151} INFO - [2023-10-07T04:00:02.250+0530] {manager.py:499} INFO - Created Permission View: %s
[2023-10-07T04:00:02.423+0530] {logging_mixin.py:151} INFO - [2023-10-07T04:00:02.423+0530] {manager.py:499} INFO - Created Permission View: %s
[2023-10-07T04:00:02.424+0530] {logging_mixin.py:151} INFO - [2023-10-07T04:00:02.423+0530] {security.py:708} INFO - Not syncing DAG-level permissions for DAG 'DAG:latest_only' as access control is unset.
[2023-10-07T04:00:02.424+0530] {logging_mixin.py:151} INFO - [2023-10-07T04:00:02.424+0530] {dag.py:2915} INFO - Sync 1 DAGs
[2023-10-07T04:00:02.434+0530] {logging_mixin.py:151} INFO - [2023-10-07T04:00:02.434+0530] {dag.py:2937} INFO - Creating ORM DAG for latest_only
[2023-10-07T04:00:02.444+0530] {logging_mixin.py:151} INFO - [2023-10-07T04:00:02.444+0530] {dag.py:3696} INFO - Setting next_dagrun for latest_only to 2023-10-06T18:30:02.444098+00:00, run_after=2023-10-06T22:30:02.444098+00:00
[2023-10-07T04:00:02.467+0530] {processor.py:179} INFO - Processing /home/raj/Downloads/kafka_2.13-3.5.1/airflow-env/lib64/python3.11/site-packages/airflow/example_dags/example_latest_only.py took 0.385 seconds
[2023-10-07T04:00:50.659+0530] {processor.py:157} INFO - Started process (PID=18160) to work on /home/raj/Downloads/kafka_2.13-3.5.1/airflow-env/lib64/python3.11/site-packages/airflow/example_dags/example_latest_only.py
[2023-10-07T04:00:50.660+0530] {processor.py:829} INFO - Processing file /home/raj/Downloads/kafka_2.13-3.5.1/airflow-env/lib64/python3.11/site-packages/airflow/example_dags/example_latest_only.py for tasks to queue
[2023-10-07T04:00:50.661+0530] {logging_mixin.py:151} INFO - [2023-10-07T04:00:50.660+0530] {dagbag.py:539} INFO - Filling up the DagBag from /home/raj/Downloads/kafka_2.13-3.5.1/airflow-env/lib64/python3.11/site-packages/airflow/example_dags/example_latest_only.py
[2023-10-07T04:00:50.665+0530] {processor.py:839} INFO - DAG(s) dict_keys(['latest_only']) retrieved from /home/raj/Downloads/kafka_2.13-3.5.1/airflow-env/lib64/python3.11/site-packages/airflow/example_dags/example_latest_only.py
[2023-10-07T04:00:50.679+0530] {logging_mixin.py:151} INFO - [2023-10-07T04:00:50.679+0530] {dag.py:2915} INFO - Sync 1 DAGs
[2023-10-07T04:00:50.699+0530] {logging_mixin.py:151} INFO - [2023-10-07T04:00:50.699+0530] {dag.py:3696} INFO - Setting next_dagrun for latest_only to 2023-10-06T18:30:50.699159+00:00, run_after=2023-10-06T22:30:50.699159+00:00
[2023-10-07T04:00:50.733+0530] {processor.py:179} INFO - Processing /home/raj/Downloads/kafka_2.13-3.5.1/airflow-env/lib64/python3.11/site-packages/airflow/example_dags/example_latest_only.py took 0.079 seconds
[2023-10-07T04:01:39.616+0530] {processor.py:157} INFO - Started process (PID=18307) to work on /home/raj/Downloads/kafka_2.13-3.5.1/airflow-env/lib64/python3.11/site-packages/airflow/example_dags/example_latest_only.py
[2023-10-07T04:01:39.616+0530] {processor.py:829} INFO - Processing file /home/raj/Downloads/kafka_2.13-3.5.1/airflow-env/lib64/python3.11/site-packages/airflow/example_dags/example_latest_only.py for tasks to queue
[2023-10-07T04:01:39.617+0530] {logging_mixin.py:151} INFO - [2023-10-07T04:01:39.617+0530] {dagbag.py:539} INFO - Filling up the DagBag from /home/raj/Downloads/kafka_2.13-3.5.1/airflow-env/lib64/python3.11/site-packages/airflow/example_dags/example_latest_only.py
[2023-10-07T04:01:39.622+0530] {processor.py:839} INFO - DAG(s) dict_keys(['latest_only']) retrieved from /home/raj/Downloads/kafka_2.13-3.5.1/airflow-env/lib64/python3.11/site-packages/airflow/example_dags/example_latest_only.py
[2023-10-07T04:01:39.639+0530] {logging_mixin.py:151} INFO - [2023-10-07T04:01:39.638+0530] {dag.py:2915} INFO - Sync 1 DAGs
[2023-10-07T04:01:39.659+0530] {logging_mixin.py:151} INFO - [2023-10-07T04:01:39.658+0530] {dag.py:3696} INFO - Setting next_dagrun for latest_only to 2023-10-06T18:31:39.658675+00:00, run_after=2023-10-06T22:31:39.658675+00:00
[2023-10-07T04:01:39.695+0530] {processor.py:179} INFO - Processing /home/raj/Downloads/kafka_2.13-3.5.1/airflow-env/lib64/python3.11/site-packages/airflow/example_dags/example_latest_only.py took 0.081 seconds
[2023-10-07T04:02:34.915+0530] {processor.py:157} INFO - Started process (PID=18430) to work on /home/raj/Downloads/kafka_2.13-3.5.1/airflow-env/lib64/python3.11/site-packages/airflow/example_dags/example_latest_only.py
[2023-10-07T04:02:34.926+0530] {processor.py:829} INFO - Processing file /home/raj/Downloads/kafka_2.13-3.5.1/airflow-env/lib64/python3.11/site-packages/airflow/example_dags/example_latest_only.py for tasks to queue
[2023-10-07T04:02:34.927+0530] {logging_mixin.py:151} INFO - [2023-10-07T04:02:34.927+0530] {dagbag.py:539} INFO - Filling up the DagBag from /home/raj/Downloads/kafka_2.13-3.5.1/airflow-env/lib64/python3.11/site-packages/airflow/example_dags/example_latest_only.py
[2023-10-07T04:02:34.933+0530] {processor.py:839} INFO - DAG(s) dict_keys(['latest_only']) retrieved from /home/raj/Downloads/kafka_2.13-3.5.1/airflow-env/lib64/python3.11/site-packages/airflow/example_dags/example_latest_only.py
[2023-10-07T04:02:34.948+0530] {logging_mixin.py:151} INFO - [2023-10-07T04:02:34.948+0530] {dag.py:2915} INFO - Sync 1 DAGs
[2023-10-07T04:02:34.978+0530] {logging_mixin.py:151} INFO - [2023-10-07T04:02:34.978+0530] {dag.py:3696} INFO - Setting next_dagrun for latest_only to 2023-10-06T18:32:34.978404+00:00, run_after=2023-10-06T22:32:34.978404+00:00
[2023-10-07T04:02:34.999+0530] {processor.py:179} INFO - Processing /home/raj/Downloads/kafka_2.13-3.5.1/airflow-env/lib64/python3.11/site-packages/airflow/example_dags/example_latest_only.py took 0.089 seconds
[2023-10-07T04:03:26.053+0530] {processor.py:157} INFO - Started process (PID=18652) to work on /home/raj/Downloads/kafka_2.13-3.5.1/airflow-env/lib64/python3.11/site-packages/airflow/example_dags/example_latest_only.py
[2023-10-07T04:03:26.064+0530] {processor.py:829} INFO - Processing file /home/raj/Downloads/kafka_2.13-3.5.1/airflow-env/lib64/python3.11/site-packages/airflow/example_dags/example_latest_only.py for tasks to queue
[2023-10-07T04:03:26.065+0530] {logging_mixin.py:151} INFO - [2023-10-07T04:03:26.064+0530] {dagbag.py:539} INFO - Filling up the DagBag from /home/raj/Downloads/kafka_2.13-3.5.1/airflow-env/lib64/python3.11/site-packages/airflow/example_dags/example_latest_only.py
[2023-10-07T04:03:26.076+0530] {processor.py:839} INFO - DAG(s) dict_keys(['latest_only']) retrieved from /home/raj/Downloads/kafka_2.13-3.5.1/airflow-env/lib64/python3.11/site-packages/airflow/example_dags/example_latest_only.py
[2023-10-07T04:03:26.093+0530] {logging_mixin.py:151} INFO - [2023-10-07T04:03:26.092+0530] {dag.py:2915} INFO - Sync 1 DAGs
[2023-10-07T04:03:26.114+0530] {logging_mixin.py:151} INFO - [2023-10-07T04:03:26.114+0530] {dag.py:3696} INFO - Setting next_dagrun for latest_only to 2023-10-06T18:33:26.114484+00:00, run_after=2023-10-06T22:33:26.114484+00:00
[2023-10-07T04:03:26.141+0530] {processor.py:179} INFO - Processing /home/raj/Downloads/kafka_2.13-3.5.1/airflow-env/lib64/python3.11/site-packages/airflow/example_dags/example_latest_only.py took 0.091 seconds
[2023-10-07T04:04:11.706+0530] {processor.py:157} INFO - Started process (PID=18711) to work on /home/raj/Downloads/kafka_2.13-3.5.1/airflow-env/lib64/python3.11/site-packages/airflow/example_dags/example_latest_only.py
[2023-10-07T04:04:11.718+0530] {processor.py:829} INFO - Processing file /home/raj/Downloads/kafka_2.13-3.5.1/airflow-env/lib64/python3.11/site-packages/airflow/example_dags/example_latest_only.py for tasks to queue
[2023-10-07T04:04:11.719+0530] {logging_mixin.py:151} INFO - [2023-10-07T04:04:11.719+0530] {dagbag.py:539} INFO - Filling up the DagBag from /home/raj/Downloads/kafka_2.13-3.5.1/airflow-env/lib64/python3.11/site-packages/airflow/example_dags/example_latest_only.py
[2023-10-07T04:04:11.724+0530] {processor.py:839} INFO - DAG(s) dict_keys(['latest_only']) retrieved from /home/raj/Downloads/kafka_2.13-3.5.1/airflow-env/lib64/python3.11/site-packages/airflow/example_dags/example_latest_only.py
[2023-10-07T04:04:11.737+0530] {logging_mixin.py:151} INFO - [2023-10-07T04:04:11.737+0530] {dag.py:2915} INFO - Sync 1 DAGs
[2023-10-07T04:04:11.752+0530] {logging_mixin.py:151} INFO - [2023-10-07T04:04:11.752+0530] {dag.py:3696} INFO - Setting next_dagrun for latest_only to 2023-10-06T18:34:11.752559+00:00, run_after=2023-10-06T22:34:11.752559+00:00
[2023-10-07T04:04:11.771+0530] {processor.py:179} INFO - Processing /home/raj/Downloads/kafka_2.13-3.5.1/airflow-env/lib64/python3.11/site-packages/airflow/example_dags/example_latest_only.py took 0.070 seconds
[2023-10-07T04:05:01.491+0530] {processor.py:157} INFO - Started process (PID=18901) to work on /home/raj/Downloads/kafka_2.13-3.5.1/airflow-env/lib64/python3.11/site-packages/airflow/example_dags/example_latest_only.py
[2023-10-07T04:05:01.502+0530] {processor.py:829} INFO - Processing file /home/raj/Downloads/kafka_2.13-3.5.1/airflow-env/lib64/python3.11/site-packages/airflow/example_dags/example_latest_only.py for tasks to queue
[2023-10-07T04:05:01.504+0530] {logging_mixin.py:151} INFO - [2023-10-07T04:05:01.503+0530] {dagbag.py:539} INFO - Filling up the DagBag from /home/raj/Downloads/kafka_2.13-3.5.1/airflow-env/lib64/python3.11/site-packages/airflow/example_dags/example_latest_only.py
[2023-10-07T04:05:01.517+0530] {processor.py:839} INFO - DAG(s) dict_keys(['latest_only']) retrieved from /home/raj/Downloads/kafka_2.13-3.5.1/airflow-env/lib64/python3.11/site-packages/airflow/example_dags/example_latest_only.py
[2023-10-07T04:05:01.548+0530] {logging_mixin.py:151} INFO - [2023-10-07T04:05:01.548+0530] {dag.py:2915} INFO - Sync 1 DAGs
[2023-10-07T04:05:01.568+0530] {logging_mixin.py:151} INFO - [2023-10-07T04:05:01.568+0530] {dag.py:3696} INFO - Setting next_dagrun for latest_only to 2023-10-06T18:35:01.568064+00:00, run_after=2023-10-06T22:35:01.568064+00:00
[2023-10-07T04:05:01.590+0530] {processor.py:179} INFO - Processing /home/raj/Downloads/kafka_2.13-3.5.1/airflow-env/lib64/python3.11/site-packages/airflow/example_dags/example_latest_only.py took 0.106 seconds
[2023-10-07T04:05:53.602+0530] {processor.py:157} INFO - Started process (PID=19002) to work on /home/raj/Downloads/kafka_2.13-3.5.1/airflow-env/lib64/python3.11/site-packages/airflow/example_dags/example_latest_only.py
[2023-10-07T04:05:53.613+0530] {processor.py:829} INFO - Processing file /home/raj/Downloads/kafka_2.13-3.5.1/airflow-env/lib64/python3.11/site-packages/airflow/example_dags/example_latest_only.py for tasks to queue
[2023-10-07T04:05:53.614+0530] {logging_mixin.py:151} INFO - [2023-10-07T04:05:53.614+0530] {dagbag.py:539} INFO - Filling up the DagBag from /home/raj/Downloads/kafka_2.13-3.5.1/airflow-env/lib64/python3.11/site-packages/airflow/example_dags/example_latest_only.py
[2023-10-07T04:05:53.625+0530] {processor.py:839} INFO - DAG(s) dict_keys(['latest_only']) retrieved from /home/raj/Downloads/kafka_2.13-3.5.1/airflow-env/lib64/python3.11/site-packages/airflow/example_dags/example_latest_only.py
[2023-10-07T04:05:53.655+0530] {logging_mixin.py:151} INFO - [2023-10-07T04:05:53.655+0530] {dag.py:2915} INFO - Sync 1 DAGs
[2023-10-07T04:05:53.672+0530] {logging_mixin.py:151} INFO - [2023-10-07T04:05:53.671+0530] {dag.py:3696} INFO - Setting next_dagrun for latest_only to 2023-10-06T18:35:53.671744+00:00, run_after=2023-10-06T22:35:53.671744+00:00
[2023-10-07T04:05:53.691+0530] {processor.py:179} INFO - Processing /home/raj/Downloads/kafka_2.13-3.5.1/airflow-env/lib64/python3.11/site-packages/airflow/example_dags/example_latest_only.py took 0.092 seconds
[2023-10-07T04:06:48.957+0530] {processor.py:157} INFO - Started process (PID=19158) to work on /home/raj/Downloads/kafka_2.13-3.5.1/airflow-env/lib64/python3.11/site-packages/airflow/example_dags/example_latest_only.py
[2023-10-07T04:06:48.968+0530] {processor.py:829} INFO - Processing file /home/raj/Downloads/kafka_2.13-3.5.1/airflow-env/lib64/python3.11/site-packages/airflow/example_dags/example_latest_only.py for tasks to queue
[2023-10-07T04:06:48.970+0530] {logging_mixin.py:151} INFO - [2023-10-07T04:06:48.969+0530] {dagbag.py:539} INFO - Filling up the DagBag from /home/raj/Downloads/kafka_2.13-3.5.1/airflow-env/lib64/python3.11/site-packages/airflow/example_dags/example_latest_only.py
[2023-10-07T04:06:48.981+0530] {processor.py:839} INFO - DAG(s) dict_keys(['latest_only']) retrieved from /home/raj/Downloads/kafka_2.13-3.5.1/airflow-env/lib64/python3.11/site-packages/airflow/example_dags/example_latest_only.py
[2023-10-07T04:06:49.014+0530] {logging_mixin.py:151} INFO - [2023-10-07T04:06:49.014+0530] {dag.py:2915} INFO - Sync 1 DAGs
[2023-10-07T04:06:49.032+0530] {logging_mixin.py:151} INFO - [2023-10-07T04:06:49.032+0530] {dag.py:3696} INFO - Setting next_dagrun for latest_only to 2023-10-06T18:36:49.032038+00:00, run_after=2023-10-06T22:36:49.032038+00:00
[2023-10-07T04:06:49.049+0530] {processor.py:179} INFO - Processing /home/raj/Downloads/kafka_2.13-3.5.1/airflow-env/lib64/python3.11/site-packages/airflow/example_dags/example_latest_only.py took 0.098 seconds
[2023-10-07T04:07:46.034+0530] {processor.py:157} INFO - Started process (PID=19219) to work on /home/raj/Downloads/kafka_2.13-3.5.1/airflow-env/lib64/python3.11/site-packages/airflow/example_dags/example_latest_only.py
[2023-10-07T04:07:46.045+0530] {processor.py:829} INFO - Processing file /home/raj/Downloads/kafka_2.13-3.5.1/airflow-env/lib64/python3.11/site-packages/airflow/example_dags/example_latest_only.py for tasks to queue
[2023-10-07T04:07:46.047+0530] {logging_mixin.py:151} INFO - [2023-10-07T04:07:46.046+0530] {dagbag.py:539} INFO - Filling up the DagBag from /home/raj/Downloads/kafka_2.13-3.5.1/airflow-env/lib64/python3.11/site-packages/airflow/example_dags/example_latest_only.py
[2023-10-07T04:07:46.058+0530] {processor.py:839} INFO - DAG(s) dict_keys(['latest_only']) retrieved from /home/raj/Downloads/kafka_2.13-3.5.1/airflow-env/lib64/python3.11/site-packages/airflow/example_dags/example_latest_only.py
[2023-10-07T04:07:46.089+0530] {logging_mixin.py:151} INFO - [2023-10-07T04:07:46.089+0530] {dag.py:2915} INFO - Sync 1 DAGs
[2023-10-07T04:07:46.105+0530] {logging_mixin.py:151} INFO - [2023-10-07T04:07:46.105+0530] {dag.py:3696} INFO - Setting next_dagrun for latest_only to 2023-10-06T18:37:46.105330+00:00, run_after=2023-10-06T22:37:46.105330+00:00
[2023-10-07T04:07:46.122+0530] {processor.py:179} INFO - Processing /home/raj/Downloads/kafka_2.13-3.5.1/airflow-env/lib64/python3.11/site-packages/airflow/example_dags/example_latest_only.py took 0.094 seconds
[2023-10-07T04:08:38.956+0530] {processor.py:157} INFO - Started process (PID=19274) to work on /home/raj/Downloads/kafka_2.13-3.5.1/airflow-env/lib64/python3.11/site-packages/airflow/example_dags/example_latest_only.py
[2023-10-07T04:08:38.966+0530] {processor.py:829} INFO - Processing file /home/raj/Downloads/kafka_2.13-3.5.1/airflow-env/lib64/python3.11/site-packages/airflow/example_dags/example_latest_only.py for tasks to queue
[2023-10-07T04:08:38.967+0530] {logging_mixin.py:151} INFO - [2023-10-07T04:08:38.967+0530] {dagbag.py:539} INFO - Filling up the DagBag from /home/raj/Downloads/kafka_2.13-3.5.1/airflow-env/lib64/python3.11/site-packages/airflow/example_dags/example_latest_only.py
[2023-10-07T04:08:38.973+0530] {processor.py:839} INFO - DAG(s) dict_keys(['latest_only']) retrieved from /home/raj/Downloads/kafka_2.13-3.5.1/airflow-env/lib64/python3.11/site-packages/airflow/example_dags/example_latest_only.py
[2023-10-07T04:08:38.989+0530] {logging_mixin.py:151} INFO - [2023-10-07T04:08:38.988+0530] {dag.py:2915} INFO - Sync 1 DAGs
[2023-10-07T04:08:39.010+0530] {logging_mixin.py:151} INFO - [2023-10-07T04:08:39.010+0530] {dag.py:3696} INFO - Setting next_dagrun for latest_only to 2023-10-06T18:38:39.010019+00:00, run_after=2023-10-06T22:38:39.010019+00:00
[2023-10-07T04:08:39.034+0530] {processor.py:179} INFO - Processing /home/raj/Downloads/kafka_2.13-3.5.1/airflow-env/lib64/python3.11/site-packages/airflow/example_dags/example_latest_only.py took 0.082 seconds
[2023-10-07T04:09:32.131+0530] {processor.py:157} INFO - Started process (PID=19331) to work on /home/raj/Downloads/kafka_2.13-3.5.1/airflow-env/lib64/python3.11/site-packages/airflow/example_dags/example_latest_only.py
[2023-10-07T04:09:32.142+0530] {processor.py:829} INFO - Processing file /home/raj/Downloads/kafka_2.13-3.5.1/airflow-env/lib64/python3.11/site-packages/airflow/example_dags/example_latest_only.py for tasks to queue
[2023-10-07T04:09:32.144+0530] {logging_mixin.py:151} INFO - [2023-10-07T04:09:32.143+0530] {dagbag.py:539} INFO - Filling up the DagBag from /home/raj/Downloads/kafka_2.13-3.5.1/airflow-env/lib64/python3.11/site-packages/airflow/example_dags/example_latest_only.py
[2023-10-07T04:09:32.155+0530] {processor.py:839} INFO - DAG(s) dict_keys(['latest_only']) retrieved from /home/raj/Downloads/kafka_2.13-3.5.1/airflow-env/lib64/python3.11/site-packages/airflow/example_dags/example_latest_only.py
[2023-10-07T04:09:32.183+0530] {logging_mixin.py:151} INFO - [2023-10-07T04:09:32.183+0530] {dag.py:2915} INFO - Sync 1 DAGs
[2023-10-07T04:09:32.205+0530] {logging_mixin.py:151} INFO - [2023-10-07T04:09:32.205+0530] {dag.py:3696} INFO - Setting next_dagrun for latest_only to 2023-10-06T18:39:32.205305+00:00, run_after=2023-10-06T22:39:32.205305+00:00
[2023-10-07T04:09:32.225+0530] {processor.py:179} INFO - Processing /home/raj/Downloads/kafka_2.13-3.5.1/airflow-env/lib64/python3.11/site-packages/airflow/example_dags/example_latest_only.py took 0.099 seconds
[2023-10-07T04:10:21.468+0530] {processor.py:157} INFO - Started process (PID=19391) to work on /home/raj/Downloads/kafka_2.13-3.5.1/airflow-env/lib64/python3.11/site-packages/airflow/example_dags/example_latest_only.py
[2023-10-07T04:10:21.478+0530] {processor.py:829} INFO - Processing file /home/raj/Downloads/kafka_2.13-3.5.1/airflow-env/lib64/python3.11/site-packages/airflow/example_dags/example_latest_only.py for tasks to queue
[2023-10-07T04:10:21.479+0530] {logging_mixin.py:151} INFO - [2023-10-07T04:10:21.479+0530] {dagbag.py:539} INFO - Filling up the DagBag from /home/raj/Downloads/kafka_2.13-3.5.1/airflow-env/lib64/python3.11/site-packages/airflow/example_dags/example_latest_only.py
[2023-10-07T04:10:21.485+0530] {processor.py:839} INFO - DAG(s) dict_keys(['latest_only']) retrieved from /home/raj/Downloads/kafka_2.13-3.5.1/airflow-env/lib64/python3.11/site-packages/airflow/example_dags/example_latest_only.py
[2023-10-07T04:10:21.501+0530] {logging_mixin.py:151} INFO - [2023-10-07T04:10:21.501+0530] {dag.py:2915} INFO - Sync 1 DAGs
[2023-10-07T04:10:21.521+0530] {logging_mixin.py:151} INFO - [2023-10-07T04:10:21.521+0530] {dag.py:3696} INFO - Setting next_dagrun for latest_only to 2023-10-06T18:40:21.520827+00:00, run_after=2023-10-06T22:40:21.520827+00:00
[2023-10-07T04:10:21.542+0530] {processor.py:179} INFO - Processing /home/raj/Downloads/kafka_2.13-3.5.1/airflow-env/lib64/python3.11/site-packages/airflow/example_dags/example_latest_only.py took 0.079 seconds
[2023-10-07T04:11:13.462+0530] {processor.py:157} INFO - Started process (PID=19455) to work on /home/raj/Downloads/kafka_2.13-3.5.1/airflow-env/lib64/python3.11/site-packages/airflow/example_dags/example_latest_only.py
[2023-10-07T04:11:13.474+0530] {processor.py:829} INFO - Processing file /home/raj/Downloads/kafka_2.13-3.5.1/airflow-env/lib64/python3.11/site-packages/airflow/example_dags/example_latest_only.py for tasks to queue
[2023-10-07T04:11:13.475+0530] {logging_mixin.py:151} INFO - [2023-10-07T04:11:13.475+0530] {dagbag.py:539} INFO - Filling up the DagBag from /home/raj/Downloads/kafka_2.13-3.5.1/airflow-env/lib64/python3.11/site-packages/airflow/example_dags/example_latest_only.py
[2023-10-07T04:11:13.486+0530] {processor.py:839} INFO - DAG(s) dict_keys(['latest_only']) retrieved from /home/raj/Downloads/kafka_2.13-3.5.1/airflow-env/lib64/python3.11/site-packages/airflow/example_dags/example_latest_only.py
[2023-10-07T04:11:13.516+0530] {logging_mixin.py:151} INFO - [2023-10-07T04:11:13.516+0530] {dag.py:2915} INFO - Sync 1 DAGs
[2023-10-07T04:11:13.535+0530] {logging_mixin.py:151} INFO - [2023-10-07T04:11:13.535+0530] {dag.py:3696} INFO - Setting next_dagrun for latest_only to 2023-10-06T18:41:13.535108+00:00, run_after=2023-10-06T22:41:13.535108+00:00
[2023-10-07T04:11:13.553+0530] {processor.py:179} INFO - Processing /home/raj/Downloads/kafka_2.13-3.5.1/airflow-env/lib64/python3.11/site-packages/airflow/example_dags/example_latest_only.py took 0.096 seconds
[2023-10-07T04:12:05.644+0530] {processor.py:157} INFO - Started process (PID=19529) to work on /home/raj/Downloads/kafka_2.13-3.5.1/airflow-env/lib64/python3.11/site-packages/airflow/example_dags/example_latest_only.py
[2023-10-07T04:12:05.656+0530] {processor.py:829} INFO - Processing file /home/raj/Downloads/kafka_2.13-3.5.1/airflow-env/lib64/python3.11/site-packages/airflow/example_dags/example_latest_only.py for tasks to queue
[2023-10-07T04:12:05.658+0530] {logging_mixin.py:151} INFO - [2023-10-07T04:12:05.657+0530] {dagbag.py:539} INFO - Filling up the DagBag from /home/raj/Downloads/kafka_2.13-3.5.1/airflow-env/lib64/python3.11/site-packages/airflow/example_dags/example_latest_only.py
[2023-10-07T04:12:05.663+0530] {processor.py:839} INFO - DAG(s) dict_keys(['latest_only']) retrieved from /home/raj/Downloads/kafka_2.13-3.5.1/airflow-env/lib64/python3.11/site-packages/airflow/example_dags/example_latest_only.py
[2023-10-07T04:12:05.676+0530] {logging_mixin.py:151} INFO - [2023-10-07T04:12:05.676+0530] {dag.py:2915} INFO - Sync 1 DAGs
[2023-10-07T04:12:05.692+0530] {logging_mixin.py:151} INFO - [2023-10-07T04:12:05.692+0530] {dag.py:3696} INFO - Setting next_dagrun for latest_only to 2023-10-06T18:42:05.692247+00:00, run_after=2023-10-06T22:42:05.692247+00:00
[2023-10-07T04:12:05.710+0530] {processor.py:179} INFO - Processing /home/raj/Downloads/kafka_2.13-3.5.1/airflow-env/lib64/python3.11/site-packages/airflow/example_dags/example_latest_only.py took 0.071 seconds
[2023-10-07T04:13:02.842+0530] {processor.py:157} INFO - Started process (PID=19586) to work on /home/raj/Downloads/kafka_2.13-3.5.1/airflow-env/lib64/python3.11/site-packages/airflow/example_dags/example_latest_only.py
[2023-10-07T04:13:02.853+0530] {processor.py:829} INFO - Processing file /home/raj/Downloads/kafka_2.13-3.5.1/airflow-env/lib64/python3.11/site-packages/airflow/example_dags/example_latest_only.py for tasks to queue
[2023-10-07T04:13:02.854+0530] {logging_mixin.py:151} INFO - [2023-10-07T04:13:02.853+0530] {dagbag.py:539} INFO - Filling up the DagBag from /home/raj/Downloads/kafka_2.13-3.5.1/airflow-env/lib64/python3.11/site-packages/airflow/example_dags/example_latest_only.py
[2023-10-07T04:13:02.859+0530] {processor.py:839} INFO - DAG(s) dict_keys(['latest_only']) retrieved from /home/raj/Downloads/kafka_2.13-3.5.1/airflow-env/lib64/python3.11/site-packages/airflow/example_dags/example_latest_only.py
[2023-10-07T04:13:02.875+0530] {logging_mixin.py:151} INFO - [2023-10-07T04:13:02.875+0530] {dag.py:2915} INFO - Sync 1 DAGs
[2023-10-07T04:13:02.892+0530] {logging_mixin.py:151} INFO - [2023-10-07T04:13:02.892+0530] {dag.py:3696} INFO - Setting next_dagrun for latest_only to 2023-10-06T18:43:02.892214+00:00, run_after=2023-10-06T22:43:02.892214+00:00
[2023-10-07T04:13:02.911+0530] {processor.py:179} INFO - Processing /home/raj/Downloads/kafka_2.13-3.5.1/airflow-env/lib64/python3.11/site-packages/airflow/example_dags/example_latest_only.py took 0.074 seconds
[2023-10-07T04:13:53.765+0530] {processor.py:157} INFO - Started process (PID=19639) to work on /home/raj/Downloads/kafka_2.13-3.5.1/airflow-env/lib64/python3.11/site-packages/airflow/example_dags/example_latest_only.py
[2023-10-07T04:13:53.776+0530] {processor.py:829} INFO - Processing file /home/raj/Downloads/kafka_2.13-3.5.1/airflow-env/lib64/python3.11/site-packages/airflow/example_dags/example_latest_only.py for tasks to queue
[2023-10-07T04:13:53.778+0530] {logging_mixin.py:151} INFO - [2023-10-07T04:13:53.777+0530] {dagbag.py:539} INFO - Filling up the DagBag from /home/raj/Downloads/kafka_2.13-3.5.1/airflow-env/lib64/python3.11/site-packages/airflow/example_dags/example_latest_only.py
[2023-10-07T04:13:53.790+0530] {processor.py:839} INFO - DAG(s) dict_keys(['latest_only']) retrieved from /home/raj/Downloads/kafka_2.13-3.5.1/airflow-env/lib64/python3.11/site-packages/airflow/example_dags/example_latest_only.py
[2023-10-07T04:13:53.819+0530] {logging_mixin.py:151} INFO - [2023-10-07T04:13:53.818+0530] {dag.py:2915} INFO - Sync 1 DAGs
[2023-10-07T04:13:53.834+0530] {logging_mixin.py:151} INFO - [2023-10-07T04:13:53.834+0530] {dag.py:3696} INFO - Setting next_dagrun for latest_only to 2023-10-06T18:43:53.834075+00:00, run_after=2023-10-06T22:43:53.834075+00:00
[2023-10-07T04:13:53.851+0530] {processor.py:179} INFO - Processing /home/raj/Downloads/kafka_2.13-3.5.1/airflow-env/lib64/python3.11/site-packages/airflow/example_dags/example_latest_only.py took 0.092 seconds
[2023-10-07T04:14:44.527+0530] {processor.py:157} INFO - Started process (PID=19691) to work on /home/raj/Downloads/kafka_2.13-3.5.1/airflow-env/lib64/python3.11/site-packages/airflow/example_dags/example_latest_only.py
[2023-10-07T04:14:44.538+0530] {processor.py:829} INFO - Processing file /home/raj/Downloads/kafka_2.13-3.5.1/airflow-env/lib64/python3.11/site-packages/airflow/example_dags/example_latest_only.py for tasks to queue
[2023-10-07T04:14:44.540+0530] {logging_mixin.py:151} INFO - [2023-10-07T04:14:44.539+0530] {dagbag.py:539} INFO - Filling up the DagBag from /home/raj/Downloads/kafka_2.13-3.5.1/airflow-env/lib64/python3.11/site-packages/airflow/example_dags/example_latest_only.py
[2023-10-07T04:14:44.548+0530] {processor.py:839} INFO - DAG(s) dict_keys(['latest_only']) retrieved from /home/raj/Downloads/kafka_2.13-3.5.1/airflow-env/lib64/python3.11/site-packages/airflow/example_dags/example_latest_only.py
[2023-10-07T04:14:44.562+0530] {logging_mixin.py:151} INFO - [2023-10-07T04:14:44.562+0530] {dag.py:2915} INFO - Sync 1 DAGs
[2023-10-07T04:14:44.578+0530] {logging_mixin.py:151} INFO - [2023-10-07T04:14:44.578+0530] {dag.py:3696} INFO - Setting next_dagrun for latest_only to 2023-10-06T18:44:44.578122+00:00, run_after=2023-10-06T22:44:44.578122+00:00
[2023-10-07T04:14:44.597+0530] {processor.py:179} INFO - Processing /home/raj/Downloads/kafka_2.13-3.5.1/airflow-env/lib64/python3.11/site-packages/airflow/example_dags/example_latest_only.py took 0.077 seconds
[2023-10-07T04:15:34.996+0530] {processor.py:157} INFO - Started process (PID=19793) to work on /home/raj/Downloads/kafka_2.13-3.5.1/airflow-env/lib64/python3.11/site-packages/airflow/example_dags/example_latest_only.py
[2023-10-07T04:15:35.007+0530] {processor.py:829} INFO - Processing file /home/raj/Downloads/kafka_2.13-3.5.1/airflow-env/lib64/python3.11/site-packages/airflow/example_dags/example_latest_only.py for tasks to queue
[2023-10-07T04:15:35.009+0530] {logging_mixin.py:151} INFO - [2023-10-07T04:15:35.008+0530] {dagbag.py:539} INFO - Filling up the DagBag from /home/raj/Downloads/kafka_2.13-3.5.1/airflow-env/lib64/python3.11/site-packages/airflow/example_dags/example_latest_only.py
[2023-10-07T04:15:35.020+0530] {processor.py:839} INFO - DAG(s) dict_keys(['latest_only']) retrieved from /home/raj/Downloads/kafka_2.13-3.5.1/airflow-env/lib64/python3.11/site-packages/airflow/example_dags/example_latest_only.py
[2023-10-07T04:15:35.052+0530] {logging_mixin.py:151} INFO - [2023-10-07T04:15:35.052+0530] {dag.py:2915} INFO - Sync 1 DAGs
[2023-10-07T04:15:35.068+0530] {logging_mixin.py:151} INFO - [2023-10-07T04:15:35.067+0530] {dag.py:3696} INFO - Setting next_dagrun for latest_only to 2023-10-06T18:45:35.067781+00:00, run_after=2023-10-06T22:45:35.067781+00:00
[2023-10-07T04:15:35.086+0530] {processor.py:179} INFO - Processing /home/raj/Downloads/kafka_2.13-3.5.1/airflow-env/lib64/python3.11/site-packages/airflow/example_dags/example_latest_only.py took 0.095 seconds
[2023-10-07T04:16:25.941+0530] {processor.py:157} INFO - Started process (PID=19855) to work on /home/raj/Downloads/kafka_2.13-3.5.1/airflow-env/lib64/python3.11/site-packages/airflow/example_dags/example_latest_only.py
[2023-10-07T04:16:25.952+0530] {processor.py:829} INFO - Processing file /home/raj/Downloads/kafka_2.13-3.5.1/airflow-env/lib64/python3.11/site-packages/airflow/example_dags/example_latest_only.py for tasks to queue
[2023-10-07T04:16:25.954+0530] {logging_mixin.py:151} INFO - [2023-10-07T04:16:25.953+0530] {dagbag.py:539} INFO - Filling up the DagBag from /home/raj/Downloads/kafka_2.13-3.5.1/airflow-env/lib64/python3.11/site-packages/airflow/example_dags/example_latest_only.py
[2023-10-07T04:16:25.966+0530] {processor.py:839} INFO - DAG(s) dict_keys(['latest_only']) retrieved from /home/raj/Downloads/kafka_2.13-3.5.1/airflow-env/lib64/python3.11/site-packages/airflow/example_dags/example_latest_only.py
[2023-10-07T04:16:25.995+0530] {logging_mixin.py:151} INFO - [2023-10-07T04:16:25.995+0530] {dag.py:2915} INFO - Sync 1 DAGs
[2023-10-07T04:16:26.017+0530] {logging_mixin.py:151} INFO - [2023-10-07T04:16:26.016+0530] {dag.py:3696} INFO - Setting next_dagrun for latest_only to 2023-10-06T18:46:26.016698+00:00, run_after=2023-10-06T22:46:26.016698+00:00
[2023-10-07T04:16:26.037+0530] {processor.py:179} INFO - Processing /home/raj/Downloads/kafka_2.13-3.5.1/airflow-env/lib64/python3.11/site-packages/airflow/example_dags/example_latest_only.py took 0.102 seconds
[2023-10-07T04:17:18.905+0530] {processor.py:157} INFO - Started process (PID=19912) to work on /home/raj/Downloads/kafka_2.13-3.5.1/airflow-env/lib64/python3.11/site-packages/airflow/example_dags/example_latest_only.py
[2023-10-07T04:17:18.916+0530] {processor.py:829} INFO - Processing file /home/raj/Downloads/kafka_2.13-3.5.1/airflow-env/lib64/python3.11/site-packages/airflow/example_dags/example_latest_only.py for tasks to queue
[2023-10-07T04:17:18.918+0530] {logging_mixin.py:151} INFO - [2023-10-07T04:17:18.917+0530] {dagbag.py:539} INFO - Filling up the DagBag from /home/raj/Downloads/kafka_2.13-3.5.1/airflow-env/lib64/python3.11/site-packages/airflow/example_dags/example_latest_only.py
[2023-10-07T04:17:18.929+0530] {processor.py:839} INFO - DAG(s) dict_keys(['latest_only']) retrieved from /home/raj/Downloads/kafka_2.13-3.5.1/airflow-env/lib64/python3.11/site-packages/airflow/example_dags/example_latest_only.py
[2023-10-07T04:17:18.949+0530] {logging_mixin.py:151} INFO - [2023-10-07T04:17:18.948+0530] {dag.py:2915} INFO - Sync 1 DAGs
[2023-10-07T04:17:18.970+0530] {logging_mixin.py:151} INFO - [2023-10-07T04:17:18.970+0530] {dag.py:3696} INFO - Setting next_dagrun for latest_only to 2023-10-06T18:47:18.970515+00:00, run_after=2023-10-06T22:47:18.970515+00:00
[2023-10-07T04:17:18.990+0530] {processor.py:179} INFO - Processing /home/raj/Downloads/kafka_2.13-3.5.1/airflow-env/lib64/python3.11/site-packages/airflow/example_dags/example_latest_only.py took 0.090 seconds
[2023-10-07T04:18:09.650+0530] {processor.py:157} INFO - Started process (PID=19965) to work on /home/raj/Downloads/kafka_2.13-3.5.1/airflow-env/lib64/python3.11/site-packages/airflow/example_dags/example_latest_only.py
[2023-10-07T04:18:09.662+0530] {processor.py:829} INFO - Processing file /home/raj/Downloads/kafka_2.13-3.5.1/airflow-env/lib64/python3.11/site-packages/airflow/example_dags/example_latest_only.py for tasks to queue
[2023-10-07T04:18:09.663+0530] {logging_mixin.py:151} INFO - [2023-10-07T04:18:09.662+0530] {dagbag.py:539} INFO - Filling up the DagBag from /home/raj/Downloads/kafka_2.13-3.5.1/airflow-env/lib64/python3.11/site-packages/airflow/example_dags/example_latest_only.py
[2023-10-07T04:18:09.675+0530] {processor.py:839} INFO - DAG(s) dict_keys(['latest_only']) retrieved from /home/raj/Downloads/kafka_2.13-3.5.1/airflow-env/lib64/python3.11/site-packages/airflow/example_dags/example_latest_only.py
[2023-10-07T04:18:09.704+0530] {logging_mixin.py:151} INFO - [2023-10-07T04:18:09.704+0530] {dag.py:2915} INFO - Sync 1 DAGs
[2023-10-07T04:18:09.725+0530] {logging_mixin.py:151} INFO - [2023-10-07T04:18:09.725+0530] {dag.py:3696} INFO - Setting next_dagrun for latest_only to 2023-10-06T18:48:09.725291+00:00, run_after=2023-10-06T22:48:09.725291+00:00
[2023-10-07T04:18:09.745+0530] {processor.py:179} INFO - Processing /home/raj/Downloads/kafka_2.13-3.5.1/airflow-env/lib64/python3.11/site-packages/airflow/example_dags/example_latest_only.py took 0.100 seconds
[2023-10-07T04:19:01.767+0530] {processor.py:157} INFO - Started process (PID=20017) to work on /home/raj/Downloads/kafka_2.13-3.5.1/airflow-env/lib64/python3.11/site-packages/airflow/example_dags/example_latest_only.py
[2023-10-07T04:19:01.777+0530] {processor.py:829} INFO - Processing file /home/raj/Downloads/kafka_2.13-3.5.1/airflow-env/lib64/python3.11/site-packages/airflow/example_dags/example_latest_only.py for tasks to queue
[2023-10-07T04:19:01.778+0530] {logging_mixin.py:151} INFO - [2023-10-07T04:19:01.778+0530] {dagbag.py:539} INFO - Filling up the DagBag from /home/raj/Downloads/kafka_2.13-3.5.1/airflow-env/lib64/python3.11/site-packages/airflow/example_dags/example_latest_only.py
[2023-10-07T04:19:01.783+0530] {processor.py:839} INFO - DAG(s) dict_keys(['latest_only']) retrieved from /home/raj/Downloads/kafka_2.13-3.5.1/airflow-env/lib64/python3.11/site-packages/airflow/example_dags/example_latest_only.py
[2023-10-07T04:19:01.796+0530] {logging_mixin.py:151} INFO - [2023-10-07T04:19:01.796+0530] {dag.py:2915} INFO - Sync 1 DAGs
[2023-10-07T04:19:01.813+0530] {logging_mixin.py:151} INFO - [2023-10-07T04:19:01.813+0530] {dag.py:3696} INFO - Setting next_dagrun for latest_only to 2023-10-06T18:49:01.813032+00:00, run_after=2023-10-06T22:49:01.813032+00:00
[2023-10-07T04:19:01.831+0530] {processor.py:179} INFO - Processing /home/raj/Downloads/kafka_2.13-3.5.1/airflow-env/lib64/python3.11/site-packages/airflow/example_dags/example_latest_only.py took 0.068 seconds
[2023-10-07T04:19:57.976+0530] {processor.py:157} INFO - Started process (PID=20081) to work on /home/raj/Downloads/kafka_2.13-3.5.1/airflow-env/lib64/python3.11/site-packages/airflow/example_dags/example_latest_only.py
[2023-10-07T04:19:57.987+0530] {processor.py:829} INFO - Processing file /home/raj/Downloads/kafka_2.13-3.5.1/airflow-env/lib64/python3.11/site-packages/airflow/example_dags/example_latest_only.py for tasks to queue
[2023-10-07T04:19:57.989+0530] {logging_mixin.py:151} INFO - [2023-10-07T04:19:57.988+0530] {dagbag.py:539} INFO - Filling up the DagBag from /home/raj/Downloads/kafka_2.13-3.5.1/airflow-env/lib64/python3.11/site-packages/airflow/example_dags/example_latest_only.py
[2023-10-07T04:19:58.000+0530] {processor.py:839} INFO - DAG(s) dict_keys(['latest_only']) retrieved from /home/raj/Downloads/kafka_2.13-3.5.1/airflow-env/lib64/python3.11/site-packages/airflow/example_dags/example_latest_only.py
[2023-10-07T04:19:58.033+0530] {logging_mixin.py:151} INFO - [2023-10-07T04:19:58.033+0530] {dag.py:2915} INFO - Sync 1 DAGs
[2023-10-07T04:19:58.055+0530] {logging_mixin.py:151} INFO - [2023-10-07T04:19:58.055+0530] {dag.py:3696} INFO - Setting next_dagrun for latest_only to 2023-10-06T18:49:58.055105+00:00, run_after=2023-10-06T22:49:58.055105+00:00
[2023-10-07T04:19:58.076+0530] {processor.py:179} INFO - Processing /home/raj/Downloads/kafka_2.13-3.5.1/airflow-env/lib64/python3.11/site-packages/airflow/example_dags/example_latest_only.py took 0.106 seconds
[2023-10-07T04:20:53.800+0530] {processor.py:157} INFO - Started process (PID=20454) to work on /home/raj/Downloads/kafka_2.13-3.5.1/airflow-env/lib64/python3.11/site-packages/airflow/example_dags/example_latest_only.py
[2023-10-07T04:20:53.812+0530] {processor.py:829} INFO - Processing file /home/raj/Downloads/kafka_2.13-3.5.1/airflow-env/lib64/python3.11/site-packages/airflow/example_dags/example_latest_only.py for tasks to queue
[2023-10-07T04:20:53.813+0530] {logging_mixin.py:151} INFO - [2023-10-07T04:20:53.813+0530] {dagbag.py:539} INFO - Filling up the DagBag from /home/raj/Downloads/kafka_2.13-3.5.1/airflow-env/lib64/python3.11/site-packages/airflow/example_dags/example_latest_only.py
[2023-10-07T04:20:53.825+0530] {processor.py:839} INFO - DAG(s) dict_keys(['latest_only']) retrieved from /home/raj/Downloads/kafka_2.13-3.5.1/airflow-env/lib64/python3.11/site-packages/airflow/example_dags/example_latest_only.py
[2023-10-07T04:20:53.855+0530] {logging_mixin.py:151} INFO - [2023-10-07T04:20:53.855+0530] {dag.py:2915} INFO - Sync 1 DAGs
[2023-10-07T04:20:53.874+0530] {logging_mixin.py:151} INFO - [2023-10-07T04:20:53.874+0530] {dag.py:3696} INFO - Setting next_dagrun for latest_only to 2023-10-06T18:50:53.874331+00:00, run_after=2023-10-06T22:50:53.874331+00:00
[2023-10-07T04:20:53.896+0530] {processor.py:179} INFO - Processing /home/raj/Downloads/kafka_2.13-3.5.1/airflow-env/lib64/python3.11/site-packages/airflow/example_dags/example_latest_only.py took 0.102 seconds
[2023-10-07T04:21:43.668+0530] {processor.py:157} INFO - Started process (PID=20650) to work on /home/raj/Downloads/kafka_2.13-3.5.1/airflow-env/lib64/python3.11/site-packages/airflow/example_dags/example_latest_only.py
[2023-10-07T04:21:43.679+0530] {processor.py:829} INFO - Processing file /home/raj/Downloads/kafka_2.13-3.5.1/airflow-env/lib64/python3.11/site-packages/airflow/example_dags/example_latest_only.py for tasks to queue
[2023-10-07T04:21:43.680+0530] {logging_mixin.py:151} INFO - [2023-10-07T04:21:43.679+0530] {dagbag.py:539} INFO - Filling up the DagBag from /home/raj/Downloads/kafka_2.13-3.5.1/airflow-env/lib64/python3.11/site-packages/airflow/example_dags/example_latest_only.py
[2023-10-07T04:21:43.688+0530] {processor.py:839} INFO - DAG(s) dict_keys(['latest_only']) retrieved from /home/raj/Downloads/kafka_2.13-3.5.1/airflow-env/lib64/python3.11/site-packages/airflow/example_dags/example_latest_only.py
[2023-10-07T04:21:43.709+0530] {logging_mixin.py:151} INFO - [2023-10-07T04:21:43.708+0530] {dag.py:2915} INFO - Sync 1 DAGs
[2023-10-07T04:21:43.734+0530] {logging_mixin.py:151} INFO - [2023-10-07T04:21:43.734+0530] {dag.py:3696} INFO - Setting next_dagrun for latest_only to 2023-10-06T18:51:43.733657+00:00, run_after=2023-10-06T22:51:43.733657+00:00
[2023-10-07T04:21:43.759+0530] {processor.py:179} INFO - Processing /home/raj/Downloads/kafka_2.13-3.5.1/airflow-env/lib64/python3.11/site-packages/airflow/example_dags/example_latest_only.py took 0.094 seconds
[2023-10-07T04:22:33.324+0530] {processor.py:157} INFO - Started process (PID=20795) to work on /home/raj/Downloads/kafka_2.13-3.5.1/airflow-env/lib64/python3.11/site-packages/airflow/example_dags/example_latest_only.py
[2023-10-07T04:22:33.335+0530] {processor.py:829} INFO - Processing file /home/raj/Downloads/kafka_2.13-3.5.1/airflow-env/lib64/python3.11/site-packages/airflow/example_dags/example_latest_only.py for tasks to queue
[2023-10-07T04:22:33.337+0530] {logging_mixin.py:151} INFO - [2023-10-07T04:22:33.336+0530] {dagbag.py:539} INFO - Filling up the DagBag from /home/raj/Downloads/kafka_2.13-3.5.1/airflow-env/lib64/python3.11/site-packages/airflow/example_dags/example_latest_only.py
[2023-10-07T04:22:33.350+0530] {processor.py:839} INFO - DAG(s) dict_keys(['latest_only']) retrieved from /home/raj/Downloads/kafka_2.13-3.5.1/airflow-env/lib64/python3.11/site-packages/airflow/example_dags/example_latest_only.py
[2023-10-07T04:22:33.385+0530] {logging_mixin.py:151} INFO - [2023-10-07T04:22:33.385+0530] {dag.py:2915} INFO - Sync 1 DAGs
[2023-10-07T04:22:33.410+0530] {logging_mixin.py:151} INFO - [2023-10-07T04:22:33.410+0530] {dag.py:3696} INFO - Setting next_dagrun for latest_only to 2023-10-06T18:52:33.409923+00:00, run_after=2023-10-06T22:52:33.409923+00:00
[2023-10-07T04:22:33.431+0530] {processor.py:179} INFO - Processing /home/raj/Downloads/kafka_2.13-3.5.1/airflow-env/lib64/python3.11/site-packages/airflow/example_dags/example_latest_only.py took 0.113 seconds
[2023-10-07T04:23:28.444+0530] {processor.py:157} INFO - Started process (PID=20922) to work on /home/raj/Downloads/kafka_2.13-3.5.1/airflow-env/lib64/python3.11/site-packages/airflow/example_dags/example_latest_only.py
[2023-10-07T04:23:28.455+0530] {processor.py:829} INFO - Processing file /home/raj/Downloads/kafka_2.13-3.5.1/airflow-env/lib64/python3.11/site-packages/airflow/example_dags/example_latest_only.py for tasks to queue
[2023-10-07T04:23:28.457+0530] {logging_mixin.py:151} INFO - [2023-10-07T04:23:28.456+0530] {dagbag.py:539} INFO - Filling up the DagBag from /home/raj/Downloads/kafka_2.13-3.5.1/airflow-env/lib64/python3.11/site-packages/airflow/example_dags/example_latest_only.py
[2023-10-07T04:23:28.468+0530] {processor.py:839} INFO - DAG(s) dict_keys(['latest_only']) retrieved from /home/raj/Downloads/kafka_2.13-3.5.1/airflow-env/lib64/python3.11/site-packages/airflow/example_dags/example_latest_only.py
[2023-10-07T04:23:28.493+0530] {logging_mixin.py:151} INFO - [2023-10-07T04:23:28.493+0530] {dag.py:2915} INFO - Sync 1 DAGs
[2023-10-07T04:23:28.520+0530] {logging_mixin.py:151} INFO - [2023-10-07T04:23:28.520+0530] {dag.py:3696} INFO - Setting next_dagrun for latest_only to 2023-10-06T18:53:28.520444+00:00, run_after=2023-10-06T22:53:28.520444+00:00
[2023-10-07T04:23:28.554+0530] {processor.py:179} INFO - Processing /home/raj/Downloads/kafka_2.13-3.5.1/airflow-env/lib64/python3.11/site-packages/airflow/example_dags/example_latest_only.py took 0.116 seconds
[2023-10-07T04:24:16.652+0530] {processor.py:157} INFO - Started process (PID=21047) to work on /home/raj/Downloads/kafka_2.13-3.5.1/airflow-env/lib64/python3.11/site-packages/airflow/example_dags/example_latest_only.py
[2023-10-07T04:24:16.663+0530] {processor.py:829} INFO - Processing file /home/raj/Downloads/kafka_2.13-3.5.1/airflow-env/lib64/python3.11/site-packages/airflow/example_dags/example_latest_only.py for tasks to queue
[2023-10-07T04:24:16.664+0530] {logging_mixin.py:151} INFO - [2023-10-07T04:24:16.663+0530] {dagbag.py:539} INFO - Filling up the DagBag from /home/raj/Downloads/kafka_2.13-3.5.1/airflow-env/lib64/python3.11/site-packages/airflow/example_dags/example_latest_only.py
[2023-10-07T04:24:16.669+0530] {processor.py:839} INFO - DAG(s) dict_keys(['latest_only']) retrieved from /home/raj/Downloads/kafka_2.13-3.5.1/airflow-env/lib64/python3.11/site-packages/airflow/example_dags/example_latest_only.py
[2023-10-07T04:24:16.685+0530] {logging_mixin.py:151} INFO - [2023-10-07T04:24:16.685+0530] {dag.py:2915} INFO - Sync 1 DAGs
[2023-10-07T04:24:16.705+0530] {logging_mixin.py:151} INFO - [2023-10-07T04:24:16.705+0530] {dag.py:3696} INFO - Setting next_dagrun for latest_only to 2023-10-06T18:54:16.705145+00:00, run_after=2023-10-06T22:54:16.705145+00:00
[2023-10-07T04:24:16.732+0530] {processor.py:179} INFO - Processing /home/raj/Downloads/kafka_2.13-3.5.1/airflow-env/lib64/python3.11/site-packages/airflow/example_dags/example_latest_only.py took 0.083 seconds
[2023-10-07T04:25:06.363+0530] {processor.py:157} INFO - Started process (PID=21133) to work on /home/raj/Downloads/kafka_2.13-3.5.1/airflow-env/lib64/python3.11/site-packages/airflow/example_dags/example_latest_only.py
[2023-10-07T04:25:06.373+0530] {processor.py:829} INFO - Processing file /home/raj/Downloads/kafka_2.13-3.5.1/airflow-env/lib64/python3.11/site-packages/airflow/example_dags/example_latest_only.py for tasks to queue
[2023-10-07T04:25:06.374+0530] {logging_mixin.py:151} INFO - [2023-10-07T04:25:06.374+0530] {dagbag.py:539} INFO - Filling up the DagBag from /home/raj/Downloads/kafka_2.13-3.5.1/airflow-env/lib64/python3.11/site-packages/airflow/example_dags/example_latest_only.py
[2023-10-07T04:25:06.383+0530] {processor.py:839} INFO - DAG(s) dict_keys(['latest_only']) retrieved from /home/raj/Downloads/kafka_2.13-3.5.1/airflow-env/lib64/python3.11/site-packages/airflow/example_dags/example_latest_only.py
[2023-10-07T04:25:06.410+0530] {logging_mixin.py:151} INFO - [2023-10-07T04:25:06.410+0530] {dag.py:2915} INFO - Sync 1 DAGs
[2023-10-07T04:25:06.436+0530] {logging_mixin.py:151} INFO - [2023-10-07T04:25:06.436+0530] {dag.py:3696} INFO - Setting next_dagrun for latest_only to 2023-10-06T18:55:06.436194+00:00, run_after=2023-10-06T22:55:06.436194+00:00
[2023-10-07T04:25:06.462+0530] {processor.py:179} INFO - Processing /home/raj/Downloads/kafka_2.13-3.5.1/airflow-env/lib64/python3.11/site-packages/airflow/example_dags/example_latest_only.py took 0.102 seconds
[2023-10-07T04:25:59.646+0530] {processor.py:157} INFO - Started process (PID=21257) to work on /home/raj/Downloads/kafka_2.13-3.5.1/airflow-env/lib64/python3.11/site-packages/airflow/example_dags/example_latest_only.py
[2023-10-07T04:25:59.647+0530] {processor.py:829} INFO - Processing file /home/raj/Downloads/kafka_2.13-3.5.1/airflow-env/lib64/python3.11/site-packages/airflow/example_dags/example_latest_only.py for tasks to queue
[2023-10-07T04:25:59.648+0530] {logging_mixin.py:151} INFO - [2023-10-07T04:25:59.647+0530] {dagbag.py:539} INFO - Filling up the DagBag from /home/raj/Downloads/kafka_2.13-3.5.1/airflow-env/lib64/python3.11/site-packages/airflow/example_dags/example_latest_only.py
[2023-10-07T04:25:59.653+0530] {processor.py:839} INFO - DAG(s) dict_keys(['latest_only']) retrieved from /home/raj/Downloads/kafka_2.13-3.5.1/airflow-env/lib64/python3.11/site-packages/airflow/example_dags/example_latest_only.py
[2023-10-07T04:25:59.672+0530] {logging_mixin.py:151} INFO - [2023-10-07T04:25:59.671+0530] {dag.py:2915} INFO - Sync 1 DAGs
[2023-10-07T04:25:59.696+0530] {logging_mixin.py:151} INFO - [2023-10-07T04:25:59.696+0530] {dag.py:3696} INFO - Setting next_dagrun for latest_only to 2023-10-06T18:55:59.695828+00:00, run_after=2023-10-06T22:55:59.695828+00:00
[2023-10-07T04:25:59.720+0530] {processor.py:179} INFO - Processing /home/raj/Downloads/kafka_2.13-3.5.1/airflow-env/lib64/python3.11/site-packages/airflow/example_dags/example_latest_only.py took 0.077 seconds
[2023-10-07T04:26:49.037+0530] {processor.py:157} INFO - Started process (PID=21420) to work on /home/raj/Downloads/kafka_2.13-3.5.1/airflow-env/lib64/python3.11/site-packages/airflow/example_dags/example_latest_only.py
[2023-10-07T04:26:49.039+0530] {processor.py:829} INFO - Processing file /home/raj/Downloads/kafka_2.13-3.5.1/airflow-env/lib64/python3.11/site-packages/airflow/example_dags/example_latest_only.py for tasks to queue
[2023-10-07T04:26:49.040+0530] {logging_mixin.py:151} INFO - [2023-10-07T04:26:49.039+0530] {dagbag.py:539} INFO - Filling up the DagBag from /home/raj/Downloads/kafka_2.13-3.5.1/airflow-env/lib64/python3.11/site-packages/airflow/example_dags/example_latest_only.py
[2023-10-07T04:26:49.049+0530] {processor.py:839} INFO - DAG(s) dict_keys(['latest_only']) retrieved from /home/raj/Downloads/kafka_2.13-3.5.1/airflow-env/lib64/python3.11/site-packages/airflow/example_dags/example_latest_only.py
[2023-10-07T04:26:49.067+0530] {logging_mixin.py:151} INFO - [2023-10-07T04:26:49.066+0530] {dag.py:2915} INFO - Sync 1 DAGs
[2023-10-07T04:26:49.092+0530] {logging_mixin.py:151} INFO - [2023-10-07T04:26:49.092+0530] {dag.py:3696} INFO - Setting next_dagrun for latest_only to 2023-10-06T18:56:49.092251+00:00, run_after=2023-10-06T22:56:49.092251+00:00
[2023-10-07T04:26:49.119+0530] {processor.py:179} INFO - Processing /home/raj/Downloads/kafka_2.13-3.5.1/airflow-env/lib64/python3.11/site-packages/airflow/example_dags/example_latest_only.py took 0.086 seconds
[2023-10-07T04:27:43.030+0530] {processor.py:157} INFO - Started process (PID=21569) to work on /home/raj/Downloads/kafka_2.13-3.5.1/airflow-env/lib64/python3.11/site-packages/airflow/example_dags/example_latest_only.py
[2023-10-07T04:27:43.032+0530] {processor.py:829} INFO - Processing file /home/raj/Downloads/kafka_2.13-3.5.1/airflow-env/lib64/python3.11/site-packages/airflow/example_dags/example_latest_only.py for tasks to queue
[2023-10-07T04:27:43.033+0530] {logging_mixin.py:151} INFO - [2023-10-07T04:27:43.032+0530] {dagbag.py:539} INFO - Filling up the DagBag from /home/raj/Downloads/kafka_2.13-3.5.1/airflow-env/lib64/python3.11/site-packages/airflow/example_dags/example_latest_only.py
[2023-10-07T04:27:43.039+0530] {processor.py:839} INFO - DAG(s) dict_keys(['latest_only']) retrieved from /home/raj/Downloads/kafka_2.13-3.5.1/airflow-env/lib64/python3.11/site-packages/airflow/example_dags/example_latest_only.py
[2023-10-07T04:27:43.062+0530] {logging_mixin.py:151} INFO - [2023-10-07T04:27:43.062+0530] {dag.py:2915} INFO - Sync 1 DAGs
[2023-10-07T04:27:43.082+0530] {logging_mixin.py:151} INFO - [2023-10-07T04:27:43.082+0530] {dag.py:3696} INFO - Setting next_dagrun for latest_only to 2023-10-06T18:57:43.082608+00:00, run_after=2023-10-06T22:57:43.082608+00:00
[2023-10-07T04:27:43.103+0530] {processor.py:179} INFO - Processing /home/raj/Downloads/kafka_2.13-3.5.1/airflow-env/lib64/python3.11/site-packages/airflow/example_dags/example_latest_only.py took 0.080 seconds
[2023-10-07T04:28:36.369+0530] {processor.py:157} INFO - Started process (PID=21704) to work on /home/raj/Downloads/kafka_2.13-3.5.1/airflow-env/lib64/python3.11/site-packages/airflow/example_dags/example_latest_only.py
[2023-10-07T04:28:36.380+0530] {processor.py:829} INFO - Processing file /home/raj/Downloads/kafka_2.13-3.5.1/airflow-env/lib64/python3.11/site-packages/airflow/example_dags/example_latest_only.py for tasks to queue
[2023-10-07T04:28:36.382+0530] {logging_mixin.py:151} INFO - [2023-10-07T04:28:36.381+0530] {dagbag.py:539} INFO - Filling up the DagBag from /home/raj/Downloads/kafka_2.13-3.5.1/airflow-env/lib64/python3.11/site-packages/airflow/example_dags/example_latest_only.py
[2023-10-07T04:28:36.393+0530] {processor.py:839} INFO - DAG(s) dict_keys(['latest_only']) retrieved from /home/raj/Downloads/kafka_2.13-3.5.1/airflow-env/lib64/python3.11/site-packages/airflow/example_dags/example_latest_only.py
[2023-10-07T04:28:36.415+0530] {logging_mixin.py:151} INFO - [2023-10-07T04:28:36.415+0530] {dag.py:2915} INFO - Sync 1 DAGs
[2023-10-07T04:28:36.431+0530] {logging_mixin.py:151} INFO - [2023-10-07T04:28:36.430+0530] {dag.py:3696} INFO - Setting next_dagrun for latest_only to 2023-10-06T18:58:36.430636+00:00, run_after=2023-10-06T22:58:36.430636+00:00
[2023-10-07T04:28:36.449+0530] {processor.py:179} INFO - Processing /home/raj/Downloads/kafka_2.13-3.5.1/airflow-env/lib64/python3.11/site-packages/airflow/example_dags/example_latest_only.py took 0.086 seconds
[2023-10-07T04:29:27.215+0530] {processor.py:157} INFO - Started process (PID=21786) to work on /home/raj/Downloads/kafka_2.13-3.5.1/airflow-env/lib64/python3.11/site-packages/airflow/example_dags/example_latest_only.py
[2023-10-07T04:29:27.217+0530] {processor.py:829} INFO - Processing file /home/raj/Downloads/kafka_2.13-3.5.1/airflow-env/lib64/python3.11/site-packages/airflow/example_dags/example_latest_only.py for tasks to queue
[2023-10-07T04:29:27.217+0530] {logging_mixin.py:151} INFO - [2023-10-07T04:29:27.217+0530] {dagbag.py:539} INFO - Filling up the DagBag from /home/raj/Downloads/kafka_2.13-3.5.1/airflow-env/lib64/python3.11/site-packages/airflow/example_dags/example_latest_only.py
[2023-10-07T04:29:27.222+0530] {processor.py:839} INFO - DAG(s) dict_keys(['latest_only']) retrieved from /home/raj/Downloads/kafka_2.13-3.5.1/airflow-env/lib64/python3.11/site-packages/airflow/example_dags/example_latest_only.py
[2023-10-07T04:29:27.235+0530] {logging_mixin.py:151} INFO - [2023-10-07T04:29:27.235+0530] {dag.py:2915} INFO - Sync 1 DAGs
[2023-10-07T04:29:27.251+0530] {logging_mixin.py:151} INFO - [2023-10-07T04:29:27.251+0530] {dag.py:3696} INFO - Setting next_dagrun for latest_only to 2023-10-06T18:59:27.251352+00:00, run_after=2023-10-06T22:59:27.251352+00:00
[2023-10-07T04:29:27.271+0530] {processor.py:179} INFO - Processing /home/raj/Downloads/kafka_2.13-3.5.1/airflow-env/lib64/python3.11/site-packages/airflow/example_dags/example_latest_only.py took 0.059 seconds
[2023-10-07T04:40:57.641+0530] {processor.py:157} INFO - Started process (PID=9928) to work on /home/raj/Downloads/kafka_2.13-3.5.1/airflow-env/lib64/python3.11/site-packages/airflow/example_dags/example_latest_only.py
[2023-10-07T04:40:57.642+0530] {processor.py:829} INFO - Processing file /home/raj/Downloads/kafka_2.13-3.5.1/airflow-env/lib64/python3.11/site-packages/airflow/example_dags/example_latest_only.py for tasks to queue
[2023-10-07T04:40:57.643+0530] {logging_mixin.py:151} INFO - [2023-10-07T04:40:57.643+0530] {dagbag.py:539} INFO - Filling up the DagBag from /home/raj/Downloads/kafka_2.13-3.5.1/airflow-env/lib64/python3.11/site-packages/airflow/example_dags/example_latest_only.py
[2023-10-07T04:40:57.652+0530] {processor.py:839} INFO - DAG(s) dict_keys(['latest_only']) retrieved from /home/raj/Downloads/kafka_2.13-3.5.1/airflow-env/lib64/python3.11/site-packages/airflow/example_dags/example_latest_only.py
[2023-10-07T04:40:57.671+0530] {logging_mixin.py:151} INFO - [2023-10-07T04:40:57.671+0530] {dag.py:2915} INFO - Sync 1 DAGs
[2023-10-07T04:40:57.700+0530] {logging_mixin.py:151} INFO - [2023-10-07T04:40:57.700+0530] {dag.py:3696} INFO - Setting next_dagrun for latest_only to 2023-10-06T19:10:57.700187+00:00, run_after=2023-10-06T23:10:57.700187+00:00
[2023-10-07T04:40:57.731+0530] {processor.py:179} INFO - Processing /home/raj/Downloads/kafka_2.13-3.5.1/airflow-env/lib64/python3.11/site-packages/airflow/example_dags/example_latest_only.py took 0.094 seconds
[2023-10-07T04:41:45.859+0530] {processor.py:157} INFO - Started process (PID=10033) to work on /home/raj/Downloads/kafka_2.13-3.5.1/airflow-env/lib64/python3.11/site-packages/airflow/example_dags/example_latest_only.py
[2023-10-07T04:41:45.870+0530] {processor.py:829} INFO - Processing file /home/raj/Downloads/kafka_2.13-3.5.1/airflow-env/lib64/python3.11/site-packages/airflow/example_dags/example_latest_only.py for tasks to queue
[2023-10-07T04:41:45.871+0530] {logging_mixin.py:151} INFO - [2023-10-07T04:41:45.871+0530] {dagbag.py:539} INFO - Filling up the DagBag from /home/raj/Downloads/kafka_2.13-3.5.1/airflow-env/lib64/python3.11/site-packages/airflow/example_dags/example_latest_only.py
[2023-10-07T04:41:45.882+0530] {processor.py:839} INFO - DAG(s) dict_keys(['latest_only']) retrieved from /home/raj/Downloads/kafka_2.13-3.5.1/airflow-env/lib64/python3.11/site-packages/airflow/example_dags/example_latest_only.py
[2023-10-07T04:41:45.911+0530] {logging_mixin.py:151} INFO - [2023-10-07T04:41:45.911+0530] {dag.py:2915} INFO - Sync 1 DAGs
[2023-10-07T04:41:45.929+0530] {logging_mixin.py:151} INFO - [2023-10-07T04:41:45.929+0530] {dag.py:3696} INFO - Setting next_dagrun for latest_only to 2023-10-06T19:11:45.929353+00:00, run_after=2023-10-06T23:11:45.929353+00:00
[2023-10-07T04:41:45.949+0530] {processor.py:179} INFO - Processing /home/raj/Downloads/kafka_2.13-3.5.1/airflow-env/lib64/python3.11/site-packages/airflow/example_dags/example_latest_only.py took 0.095 seconds
[2023-10-07T04:42:37.625+0530] {processor.py:157} INFO - Started process (PID=10211) to work on /home/raj/Downloads/kafka_2.13-3.5.1/airflow-env/lib64/python3.11/site-packages/airflow/example_dags/example_latest_only.py
[2023-10-07T04:42:37.635+0530] {processor.py:829} INFO - Processing file /home/raj/Downloads/kafka_2.13-3.5.1/airflow-env/lib64/python3.11/site-packages/airflow/example_dags/example_latest_only.py for tasks to queue
[2023-10-07T04:42:37.636+0530] {logging_mixin.py:151} INFO - [2023-10-07T04:42:37.636+0530] {dagbag.py:539} INFO - Filling up the DagBag from /home/raj/Downloads/kafka_2.13-3.5.1/airflow-env/lib64/python3.11/site-packages/airflow/example_dags/example_latest_only.py
[2023-10-07T04:42:37.642+0530] {processor.py:839} INFO - DAG(s) dict_keys(['latest_only']) retrieved from /home/raj/Downloads/kafka_2.13-3.5.1/airflow-env/lib64/python3.11/site-packages/airflow/example_dags/example_latest_only.py
[2023-10-07T04:42:37.659+0530] {logging_mixin.py:151} INFO - [2023-10-07T04:42:37.659+0530] {dag.py:2915} INFO - Sync 1 DAGs
[2023-10-07T04:42:37.680+0530] {logging_mixin.py:151} INFO - [2023-10-07T04:42:37.680+0530] {dag.py:3696} INFO - Setting next_dagrun for latest_only to 2023-10-06T19:12:37.680361+00:00, run_after=2023-10-06T23:12:37.680361+00:00
[2023-10-07T04:42:37.704+0530] {processor.py:179} INFO - Processing /home/raj/Downloads/kafka_2.13-3.5.1/airflow-env/lib64/python3.11/site-packages/airflow/example_dags/example_latest_only.py took 0.082 seconds
[2023-10-07T04:43:48.773+0530] {processor.py:157} INFO - Started process (PID=10401) to work on /home/raj/Downloads/kafka_2.13-3.5.1/airflow-env/lib64/python3.11/site-packages/airflow/example_dags/example_latest_only.py
[2023-10-07T04:43:48.784+0530] {processor.py:829} INFO - Processing file /home/raj/Downloads/kafka_2.13-3.5.1/airflow-env/lib64/python3.11/site-packages/airflow/example_dags/example_latest_only.py for tasks to queue
[2023-10-07T04:43:48.786+0530] {logging_mixin.py:151} INFO - [2023-10-07T04:43:48.785+0530] {dagbag.py:539} INFO - Filling up the DagBag from /home/raj/Downloads/kafka_2.13-3.5.1/airflow-env/lib64/python3.11/site-packages/airflow/example_dags/example_latest_only.py
[2023-10-07T04:43:48.798+0530] {processor.py:839} INFO - DAG(s) dict_keys(['latest_only']) retrieved from /home/raj/Downloads/kafka_2.13-3.5.1/airflow-env/lib64/python3.11/site-packages/airflow/example_dags/example_latest_only.py
[2023-10-07T04:43:48.810+0530] {logging_mixin.py:151} INFO - [2023-10-07T04:43:48.810+0530] {dag.py:2915} INFO - Sync 1 DAGs
[2023-10-07T04:43:48.826+0530] {logging_mixin.py:151} INFO - [2023-10-07T04:43:48.825+0530] {dag.py:3696} INFO - Setting next_dagrun for latest_only to 2023-10-06T19:13:48.825704+00:00, run_after=2023-10-06T23:13:48.825704+00:00
[2023-10-07T04:43:48.845+0530] {processor.py:179} INFO - Processing /home/raj/Downloads/kafka_2.13-3.5.1/airflow-env/lib64/python3.11/site-packages/airflow/example_dags/example_latest_only.py took 0.077 seconds
[2023-10-07T04:44:37.990+0530] {processor.py:157} INFO - Started process (PID=10512) to work on /home/raj/Downloads/kafka_2.13-3.5.1/airflow-env/lib64/python3.11/site-packages/airflow/example_dags/example_latest_only.py
[2023-10-07T04:44:38.000+0530] {processor.py:829} INFO - Processing file /home/raj/Downloads/kafka_2.13-3.5.1/airflow-env/lib64/python3.11/site-packages/airflow/example_dags/example_latest_only.py for tasks to queue
[2023-10-07T04:44:38.001+0530] {logging_mixin.py:151} INFO - [2023-10-07T04:44:38.001+0530] {dagbag.py:539} INFO - Filling up the DagBag from /home/raj/Downloads/kafka_2.13-3.5.1/airflow-env/lib64/python3.11/site-packages/airflow/example_dags/example_latest_only.py
[2023-10-07T04:44:38.008+0530] {processor.py:839} INFO - DAG(s) dict_keys(['latest_only']) retrieved from /home/raj/Downloads/kafka_2.13-3.5.1/airflow-env/lib64/python3.11/site-packages/airflow/example_dags/example_latest_only.py
[2023-10-07T04:44:38.026+0530] {logging_mixin.py:151} INFO - [2023-10-07T04:44:38.026+0530] {dag.py:2915} INFO - Sync 1 DAGs
[2023-10-07T04:44:38.048+0530] {logging_mixin.py:151} INFO - [2023-10-07T04:44:38.047+0530] {dag.py:3696} INFO - Setting next_dagrun for latest_only to 2023-10-06T19:14:38.047715+00:00, run_after=2023-10-06T23:14:38.047715+00:00
[2023-10-07T04:44:38.073+0530] {processor.py:179} INFO - Processing /home/raj/Downloads/kafka_2.13-3.5.1/airflow-env/lib64/python3.11/site-packages/airflow/example_dags/example_latest_only.py took 0.086 seconds
[2023-10-07T04:45:33.064+0530] {processor.py:157} INFO - Started process (PID=10673) to work on /home/raj/Downloads/kafka_2.13-3.5.1/airflow-env/lib64/python3.11/site-packages/airflow/example_dags/example_latest_only.py
[2023-10-07T04:45:33.075+0530] {processor.py:829} INFO - Processing file /home/raj/Downloads/kafka_2.13-3.5.1/airflow-env/lib64/python3.11/site-packages/airflow/example_dags/example_latest_only.py for tasks to queue
[2023-10-07T04:45:33.076+0530] {logging_mixin.py:151} INFO - [2023-10-07T04:45:33.076+0530] {dagbag.py:539} INFO - Filling up the DagBag from /home/raj/Downloads/kafka_2.13-3.5.1/airflow-env/lib64/python3.11/site-packages/airflow/example_dags/example_latest_only.py
[2023-10-07T04:45:33.081+0530] {processor.py:839} INFO - DAG(s) dict_keys(['latest_only']) retrieved from /home/raj/Downloads/kafka_2.13-3.5.1/airflow-env/lib64/python3.11/site-packages/airflow/example_dags/example_latest_only.py
[2023-10-07T04:45:33.100+0530] {logging_mixin.py:151} INFO - [2023-10-07T04:45:33.099+0530] {dag.py:2915} INFO - Sync 1 DAGs
[2023-10-07T04:45:33.117+0530] {logging_mixin.py:151} INFO - [2023-10-07T04:45:33.117+0530] {dag.py:3696} INFO - Setting next_dagrun for latest_only to 2023-10-06T19:15:33.116867+00:00, run_after=2023-10-06T23:15:33.116867+00:00
[2023-10-07T04:45:33.139+0530] {processor.py:179} INFO - Processing /home/raj/Downloads/kafka_2.13-3.5.1/airflow-env/lib64/python3.11/site-packages/airflow/example_dags/example_latest_only.py took 0.078 seconds
[2023-10-07T04:46:30.991+0530] {processor.py:157} INFO - Started process (PID=10877) to work on /home/raj/Downloads/kafka_2.13-3.5.1/airflow-env/lib64/python3.11/site-packages/airflow/example_dags/example_latest_only.py
[2023-10-07T04:46:31.002+0530] {processor.py:829} INFO - Processing file /home/raj/Downloads/kafka_2.13-3.5.1/airflow-env/lib64/python3.11/site-packages/airflow/example_dags/example_latest_only.py for tasks to queue
[2023-10-07T04:46:31.003+0530] {logging_mixin.py:151} INFO - [2023-10-07T04:46:31.003+0530] {dagbag.py:539} INFO - Filling up the DagBag from /home/raj/Downloads/kafka_2.13-3.5.1/airflow-env/lib64/python3.11/site-packages/airflow/example_dags/example_latest_only.py
[2023-10-07T04:46:31.014+0530] {processor.py:839} INFO - DAG(s) dict_keys(['latest_only']) retrieved from /home/raj/Downloads/kafka_2.13-3.5.1/airflow-env/lib64/python3.11/site-packages/airflow/example_dags/example_latest_only.py
[2023-10-07T04:46:31.048+0530] {logging_mixin.py:151} INFO - [2023-10-07T04:46:31.048+0530] {dag.py:2915} INFO - Sync 1 DAGs
[2023-10-07T04:46:31.075+0530] {logging_mixin.py:151} INFO - [2023-10-07T04:46:31.075+0530] {dag.py:3696} INFO - Setting next_dagrun for latest_only to 2023-10-06T19:16:31.074899+00:00, run_after=2023-10-06T23:16:31.074899+00:00
[2023-10-07T04:46:31.095+0530] {processor.py:179} INFO - Processing /home/raj/Downloads/kafka_2.13-3.5.1/airflow-env/lib64/python3.11/site-packages/airflow/example_dags/example_latest_only.py took 0.109 seconds
[2023-10-07T04:47:23.058+0530] {processor.py:157} INFO - Started process (PID=10975) to work on /home/raj/Downloads/kafka_2.13-3.5.1/airflow-env/lib64/python3.11/site-packages/airflow/example_dags/example_latest_only.py
[2023-10-07T04:47:23.069+0530] {processor.py:829} INFO - Processing file /home/raj/Downloads/kafka_2.13-3.5.1/airflow-env/lib64/python3.11/site-packages/airflow/example_dags/example_latest_only.py for tasks to queue
[2023-10-07T04:47:23.070+0530] {logging_mixin.py:151} INFO - [2023-10-07T04:47:23.069+0530] {dagbag.py:539} INFO - Filling up the DagBag from /home/raj/Downloads/kafka_2.13-3.5.1/airflow-env/lib64/python3.11/site-packages/airflow/example_dags/example_latest_only.py
[2023-10-07T04:47:23.081+0530] {processor.py:839} INFO - DAG(s) dict_keys(['latest_only']) retrieved from /home/raj/Downloads/kafka_2.13-3.5.1/airflow-env/lib64/python3.11/site-packages/airflow/example_dags/example_latest_only.py
[2023-10-07T04:47:23.102+0530] {logging_mixin.py:151} INFO - [2023-10-07T04:47:23.102+0530] {dag.py:2915} INFO - Sync 1 DAGs
[2023-10-07T04:47:23.122+0530] {logging_mixin.py:151} INFO - [2023-10-07T04:47:23.122+0530] {dag.py:3696} INFO - Setting next_dagrun for latest_only to 2023-10-06T19:17:23.122315+00:00, run_after=2023-10-06T23:17:23.122315+00:00
[2023-10-07T04:47:23.139+0530] {processor.py:179} INFO - Processing /home/raj/Downloads/kafka_2.13-3.5.1/airflow-env/lib64/python3.11/site-packages/airflow/example_dags/example_latest_only.py took 0.087 seconds
[2023-10-07T04:48:13.175+0530] {processor.py:157} INFO - Started process (PID=11074) to work on /home/raj/Downloads/kafka_2.13-3.5.1/airflow-env/lib64/python3.11/site-packages/airflow/example_dags/example_latest_only.py
[2023-10-07T04:48:13.186+0530] {processor.py:829} INFO - Processing file /home/raj/Downloads/kafka_2.13-3.5.1/airflow-env/lib64/python3.11/site-packages/airflow/example_dags/example_latest_only.py for tasks to queue
[2023-10-07T04:48:13.188+0530] {logging_mixin.py:151} INFO - [2023-10-07T04:48:13.187+0530] {dagbag.py:539} INFO - Filling up the DagBag from /home/raj/Downloads/kafka_2.13-3.5.1/airflow-env/lib64/python3.11/site-packages/airflow/example_dags/example_latest_only.py
[2023-10-07T04:48:13.200+0530] {processor.py:839} INFO - DAG(s) dict_keys(['latest_only']) retrieved from /home/raj/Downloads/kafka_2.13-3.5.1/airflow-env/lib64/python3.11/site-packages/airflow/example_dags/example_latest_only.py
[2023-10-07T04:48:13.231+0530] {logging_mixin.py:151} INFO - [2023-10-07T04:48:13.231+0530] {dag.py:2915} INFO - Sync 1 DAGs
[2023-10-07T04:48:13.252+0530] {logging_mixin.py:151} INFO - [2023-10-07T04:48:13.252+0530] {dag.py:3696} INFO - Setting next_dagrun for latest_only to 2023-10-06T19:18:13.252392+00:00, run_after=2023-10-06T23:18:13.252392+00:00
[2023-10-07T04:48:13.276+0530] {processor.py:179} INFO - Processing /home/raj/Downloads/kafka_2.13-3.5.1/airflow-env/lib64/python3.11/site-packages/airflow/example_dags/example_latest_only.py took 0.106 seconds
[2023-10-07T04:49:07.908+0530] {processor.py:157} INFO - Started process (PID=11199) to work on /home/raj/Downloads/kafka_2.13-3.5.1/airflow-env/lib64/python3.11/site-packages/airflow/example_dags/example_latest_only.py
[2023-10-07T04:49:07.918+0530] {processor.py:829} INFO - Processing file /home/raj/Downloads/kafka_2.13-3.5.1/airflow-env/lib64/python3.11/site-packages/airflow/example_dags/example_latest_only.py for tasks to queue
[2023-10-07T04:49:07.919+0530] {logging_mixin.py:151} INFO - [2023-10-07T04:49:07.919+0530] {dagbag.py:539} INFO - Filling up the DagBag from /home/raj/Downloads/kafka_2.13-3.5.1/airflow-env/lib64/python3.11/site-packages/airflow/example_dags/example_latest_only.py
[2023-10-07T04:49:07.931+0530] {processor.py:839} INFO - DAG(s) dict_keys(['latest_only']) retrieved from /home/raj/Downloads/kafka_2.13-3.5.1/airflow-env/lib64/python3.11/site-packages/airflow/example_dags/example_latest_only.py
[2023-10-07T04:49:07.954+0530] {logging_mixin.py:151} INFO - [2023-10-07T04:49:07.953+0530] {dag.py:2915} INFO - Sync 1 DAGs
[2023-10-07T04:49:07.974+0530] {logging_mixin.py:151} INFO - [2023-10-07T04:49:07.973+0530] {dag.py:3696} INFO - Setting next_dagrun for latest_only to 2023-10-06T19:19:07.973688+00:00, run_after=2023-10-06T23:19:07.973688+00:00
[2023-10-07T04:49:07.993+0530] {processor.py:179} INFO - Processing /home/raj/Downloads/kafka_2.13-3.5.1/airflow-env/lib64/python3.11/site-packages/airflow/example_dags/example_latest_only.py took 0.087 seconds
[2023-10-07T04:50:03.693+0530] {processor.py:157} INFO - Started process (PID=11284) to work on /home/raj/Downloads/kafka_2.13-3.5.1/airflow-env/lib64/python3.11/site-packages/airflow/example_dags/example_latest_only.py
[2023-10-07T04:50:03.704+0530] {processor.py:829} INFO - Processing file /home/raj/Downloads/kafka_2.13-3.5.1/airflow-env/lib64/python3.11/site-packages/airflow/example_dags/example_latest_only.py for tasks to queue
[2023-10-07T04:50:03.706+0530] {logging_mixin.py:151} INFO - [2023-10-07T04:50:03.705+0530] {dagbag.py:539} INFO - Filling up the DagBag from /home/raj/Downloads/kafka_2.13-3.5.1/airflow-env/lib64/python3.11/site-packages/airflow/example_dags/example_latest_only.py
[2023-10-07T04:50:03.716+0530] {processor.py:839} INFO - DAG(s) dict_keys(['latest_only']) retrieved from /home/raj/Downloads/kafka_2.13-3.5.1/airflow-env/lib64/python3.11/site-packages/airflow/example_dags/example_latest_only.py
[2023-10-07T04:50:03.747+0530] {logging_mixin.py:151} INFO - [2023-10-07T04:50:03.746+0530] {dag.py:2915} INFO - Sync 1 DAGs
[2023-10-07T04:50:03.764+0530] {logging_mixin.py:151} INFO - [2023-10-07T04:50:03.764+0530] {dag.py:3696} INFO - Setting next_dagrun for latest_only to 2023-10-06T19:20:03.764617+00:00, run_after=2023-10-06T23:20:03.764617+00:00
[2023-10-07T04:50:03.784+0530] {processor.py:179} INFO - Processing /home/raj/Downloads/kafka_2.13-3.5.1/airflow-env/lib64/python3.11/site-packages/airflow/example_dags/example_latest_only.py took 0.096 seconds
[2023-10-07T04:50:55.655+0530] {processor.py:157} INFO - Started process (PID=11405) to work on /home/raj/Downloads/kafka_2.13-3.5.1/airflow-env/lib64/python3.11/site-packages/airflow/example_dags/example_latest_only.py
[2023-10-07T04:50:55.666+0530] {processor.py:829} INFO - Processing file /home/raj/Downloads/kafka_2.13-3.5.1/airflow-env/lib64/python3.11/site-packages/airflow/example_dags/example_latest_only.py for tasks to queue
[2023-10-07T04:50:55.668+0530] {logging_mixin.py:151} INFO - [2023-10-07T04:50:55.667+0530] {dagbag.py:539} INFO - Filling up the DagBag from /home/raj/Downloads/kafka_2.13-3.5.1/airflow-env/lib64/python3.11/site-packages/airflow/example_dags/example_latest_only.py
[2023-10-07T04:50:55.680+0530] {processor.py:839} INFO - DAG(s) dict_keys(['latest_only']) retrieved from /home/raj/Downloads/kafka_2.13-3.5.1/airflow-env/lib64/python3.11/site-packages/airflow/example_dags/example_latest_only.py
[2023-10-07T04:50:55.712+0530] {logging_mixin.py:151} INFO - [2023-10-07T04:50:55.712+0530] {dag.py:2915} INFO - Sync 1 DAGs
[2023-10-07T04:50:55.728+0530] {logging_mixin.py:151} INFO - [2023-10-07T04:50:55.728+0530] {dag.py:3696} INFO - Setting next_dagrun for latest_only to 2023-10-06T19:20:55.728066+00:00, run_after=2023-10-06T23:20:55.728066+00:00
[2023-10-07T04:50:55.745+0530] {processor.py:179} INFO - Processing /home/raj/Downloads/kafka_2.13-3.5.1/airflow-env/lib64/python3.11/site-packages/airflow/example_dags/example_latest_only.py took 0.096 seconds
[2023-10-07T04:51:45.398+0530] {processor.py:157} INFO - Started process (PID=11470) to work on /home/raj/Downloads/kafka_2.13-3.5.1/airflow-env/lib64/python3.11/site-packages/airflow/example_dags/example_latest_only.py
[2023-10-07T04:51:45.409+0530] {processor.py:829} INFO - Processing file /home/raj/Downloads/kafka_2.13-3.5.1/airflow-env/lib64/python3.11/site-packages/airflow/example_dags/example_latest_only.py for tasks to queue
[2023-10-07T04:51:45.410+0530] {logging_mixin.py:151} INFO - [2023-10-07T04:51:45.410+0530] {dagbag.py:539} INFO - Filling up the DagBag from /home/raj/Downloads/kafka_2.13-3.5.1/airflow-env/lib64/python3.11/site-packages/airflow/example_dags/example_latest_only.py
[2023-10-07T04:51:45.416+0530] {processor.py:839} INFO - DAG(s) dict_keys(['latest_only']) retrieved from /home/raj/Downloads/kafka_2.13-3.5.1/airflow-env/lib64/python3.11/site-packages/airflow/example_dags/example_latest_only.py
[2023-10-07T04:51:45.445+0530] {logging_mixin.py:151} INFO - [2023-10-07T04:51:45.445+0530] {dag.py:2915} INFO - Sync 1 DAGs
[2023-10-07T04:51:45.468+0530] {logging_mixin.py:151} INFO - [2023-10-07T04:51:45.468+0530] {dag.py:3696} INFO - Setting next_dagrun for latest_only to 2023-10-06T19:21:45.468074+00:00, run_after=2023-10-06T23:21:45.468074+00:00
[2023-10-07T04:51:45.515+0530] {processor.py:179} INFO - Processing /home/raj/Downloads/kafka_2.13-3.5.1/airflow-env/lib64/python3.11/site-packages/airflow/example_dags/example_latest_only.py took 0.119 seconds
[2023-10-07T04:52:40.687+0530] {processor.py:157} INFO - Started process (PID=11747) to work on /home/raj/Downloads/kafka_2.13-3.5.1/airflow-env/lib64/python3.11/site-packages/airflow/example_dags/example_latest_only.py
[2023-10-07T04:52:40.698+0530] {processor.py:829} INFO - Processing file /home/raj/Downloads/kafka_2.13-3.5.1/airflow-env/lib64/python3.11/site-packages/airflow/example_dags/example_latest_only.py for tasks to queue
[2023-10-07T04:52:40.700+0530] {logging_mixin.py:151} INFO - [2023-10-07T04:52:40.699+0530] {dagbag.py:539} INFO - Filling up the DagBag from /home/raj/Downloads/kafka_2.13-3.5.1/airflow-env/lib64/python3.11/site-packages/airflow/example_dags/example_latest_only.py
[2023-10-07T04:52:40.710+0530] {processor.py:839} INFO - DAG(s) dict_keys(['latest_only']) retrieved from /home/raj/Downloads/kafka_2.13-3.5.1/airflow-env/lib64/python3.11/site-packages/airflow/example_dags/example_latest_only.py
[2023-10-07T04:52:40.740+0530] {logging_mixin.py:151} INFO - [2023-10-07T04:52:40.740+0530] {dag.py:2915} INFO - Sync 1 DAGs
[2023-10-07T04:52:40.758+0530] {logging_mixin.py:151} INFO - [2023-10-07T04:52:40.758+0530] {dag.py:3696} INFO - Setting next_dagrun for latest_only to 2023-10-06T19:22:40.758604+00:00, run_after=2023-10-06T23:22:40.758604+00:00
[2023-10-07T04:52:40.777+0530] {processor.py:179} INFO - Processing /home/raj/Downloads/kafka_2.13-3.5.1/airflow-env/lib64/python3.11/site-packages/airflow/example_dags/example_latest_only.py took 0.095 seconds
[2023-10-07T04:53:29.832+0530] {processor.py:157} INFO - Started process (PID=11903) to work on /home/raj/Downloads/kafka_2.13-3.5.1/airflow-env/lib64/python3.11/site-packages/airflow/example_dags/example_latest_only.py
[2023-10-07T04:53:29.843+0530] {processor.py:829} INFO - Processing file /home/raj/Downloads/kafka_2.13-3.5.1/airflow-env/lib64/python3.11/site-packages/airflow/example_dags/example_latest_only.py for tasks to queue
[2023-10-07T04:53:29.845+0530] {logging_mixin.py:151} INFO - [2023-10-07T04:53:29.844+0530] {dagbag.py:539} INFO - Filling up the DagBag from /home/raj/Downloads/kafka_2.13-3.5.1/airflow-env/lib64/python3.11/site-packages/airflow/example_dags/example_latest_only.py
[2023-10-07T04:53:29.851+0530] {processor.py:839} INFO - DAG(s) dict_keys(['latest_only']) retrieved from /home/raj/Downloads/kafka_2.13-3.5.1/airflow-env/lib64/python3.11/site-packages/airflow/example_dags/example_latest_only.py
[2023-10-07T04:53:29.864+0530] {logging_mixin.py:151} INFO - [2023-10-07T04:53:29.864+0530] {dag.py:2915} INFO - Sync 1 DAGs
[2023-10-07T04:53:29.880+0530] {logging_mixin.py:151} INFO - [2023-10-07T04:53:29.880+0530] {dag.py:3696} INFO - Setting next_dagrun for latest_only to 2023-10-06T19:23:29.880295+00:00, run_after=2023-10-06T23:23:29.880295+00:00
[2023-10-07T04:53:29.899+0530] {processor.py:179} INFO - Processing /home/raj/Downloads/kafka_2.13-3.5.1/airflow-env/lib64/python3.11/site-packages/airflow/example_dags/example_latest_only.py took 0.072 seconds
[2023-10-07T04:54:16.487+0530] {processor.py:157} INFO - Started process (PID=11981) to work on /home/raj/Downloads/kafka_2.13-3.5.1/airflow-env/lib64/python3.11/site-packages/airflow/example_dags/example_latest_only.py
[2023-10-07T04:54:16.498+0530] {processor.py:829} INFO - Processing file /home/raj/Downloads/kafka_2.13-3.5.1/airflow-env/lib64/python3.11/site-packages/airflow/example_dags/example_latest_only.py for tasks to queue
[2023-10-07T04:54:16.500+0530] {logging_mixin.py:151} INFO - [2023-10-07T04:54:16.499+0530] {dagbag.py:539} INFO - Filling up the DagBag from /home/raj/Downloads/kafka_2.13-3.5.1/airflow-env/lib64/python3.11/site-packages/airflow/example_dags/example_latest_only.py
[2023-10-07T04:54:16.508+0530] {processor.py:839} INFO - DAG(s) dict_keys(['latest_only']) retrieved from /home/raj/Downloads/kafka_2.13-3.5.1/airflow-env/lib64/python3.11/site-packages/airflow/example_dags/example_latest_only.py
[2023-10-07T04:54:16.523+0530] {logging_mixin.py:151} INFO - [2023-10-07T04:54:16.523+0530] {dag.py:2915} INFO - Sync 1 DAGs
[2023-10-07T04:54:16.538+0530] {logging_mixin.py:151} INFO - [2023-10-07T04:54:16.538+0530] {dag.py:3696} INFO - Setting next_dagrun for latest_only to 2023-10-06T19:24:16.538114+00:00, run_after=2023-10-06T23:24:16.538114+00:00
[2023-10-07T04:54:16.555+0530] {processor.py:179} INFO - Processing /home/raj/Downloads/kafka_2.13-3.5.1/airflow-env/lib64/python3.11/site-packages/airflow/example_dags/example_latest_only.py took 0.073 seconds
[2023-10-07T04:55:10.781+0530] {processor.py:157} INFO - Started process (PID=12108) to work on /home/raj/Downloads/kafka_2.13-3.5.1/airflow-env/lib64/python3.11/site-packages/airflow/example_dags/example_latest_only.py
[2023-10-07T04:55:10.792+0530] {processor.py:829} INFO - Processing file /home/raj/Downloads/kafka_2.13-3.5.1/airflow-env/lib64/python3.11/site-packages/airflow/example_dags/example_latest_only.py for tasks to queue
[2023-10-07T04:55:10.794+0530] {logging_mixin.py:151} INFO - [2023-10-07T04:55:10.793+0530] {dagbag.py:539} INFO - Filling up the DagBag from /home/raj/Downloads/kafka_2.13-3.5.1/airflow-env/lib64/python3.11/site-packages/airflow/example_dags/example_latest_only.py
[2023-10-07T04:55:10.806+0530] {processor.py:839} INFO - DAG(s) dict_keys(['latest_only']) retrieved from /home/raj/Downloads/kafka_2.13-3.5.1/airflow-env/lib64/python3.11/site-packages/airflow/example_dags/example_latest_only.py
[2023-10-07T04:55:10.823+0530] {logging_mixin.py:151} INFO - [2023-10-07T04:55:10.823+0530] {dag.py:2915} INFO - Sync 1 DAGs
[2023-10-07T04:55:10.852+0530] {logging_mixin.py:151} INFO - [2023-10-07T04:55:10.852+0530] {dag.py:3696} INFO - Setting next_dagrun for latest_only to 2023-10-06T19:25:10.851914+00:00, run_after=2023-10-06T23:25:10.851914+00:00
[2023-10-07T04:55:10.875+0530] {processor.py:179} INFO - Processing /home/raj/Downloads/kafka_2.13-3.5.1/airflow-env/lib64/python3.11/site-packages/airflow/example_dags/example_latest_only.py took 0.099 seconds
[2023-10-07T04:55:56.398+0530] {processor.py:157} INFO - Started process (PID=12225) to work on /home/raj/Downloads/kafka_2.13-3.5.1/airflow-env/lib64/python3.11/site-packages/airflow/example_dags/example_latest_only.py
[2023-10-07T04:55:56.399+0530] {processor.py:829} INFO - Processing file /home/raj/Downloads/kafka_2.13-3.5.1/airflow-env/lib64/python3.11/site-packages/airflow/example_dags/example_latest_only.py for tasks to queue
[2023-10-07T04:55:56.400+0530] {logging_mixin.py:151} INFO - [2023-10-07T04:55:56.399+0530] {dagbag.py:539} INFO - Filling up the DagBag from /home/raj/Downloads/kafka_2.13-3.5.1/airflow-env/lib64/python3.11/site-packages/airflow/example_dags/example_latest_only.py
[2023-10-07T04:55:56.406+0530] {processor.py:839} INFO - DAG(s) dict_keys(['latest_only']) retrieved from /home/raj/Downloads/kafka_2.13-3.5.1/airflow-env/lib64/python3.11/site-packages/airflow/example_dags/example_latest_only.py
[2023-10-07T04:55:56.423+0530] {logging_mixin.py:151} INFO - [2023-10-07T04:55:56.423+0530] {dag.py:2915} INFO - Sync 1 DAGs
[2023-10-07T04:55:56.450+0530] {logging_mixin.py:151} INFO - [2023-10-07T04:55:56.450+0530] {dag.py:3696} INFO - Setting next_dagrun for latest_only to 2023-10-06T19:25:56.449783+00:00, run_after=2023-10-06T23:25:56.449783+00:00
[2023-10-07T04:55:56.473+0530] {processor.py:179} INFO - Processing /home/raj/Downloads/kafka_2.13-3.5.1/airflow-env/lib64/python3.11/site-packages/airflow/example_dags/example_latest_only.py took 0.079 seconds
[2023-10-07T04:56:43.031+0530] {processor.py:157} INFO - Started process (PID=12290) to work on /home/raj/Downloads/kafka_2.13-3.5.1/airflow-env/lib64/python3.11/site-packages/airflow/example_dags/example_latest_only.py
[2023-10-07T04:56:43.042+0530] {processor.py:829} INFO - Processing file /home/raj/Downloads/kafka_2.13-3.5.1/airflow-env/lib64/python3.11/site-packages/airflow/example_dags/example_latest_only.py for tasks to queue
[2023-10-07T04:56:43.043+0530] {logging_mixin.py:151} INFO - [2023-10-07T04:56:43.043+0530] {dagbag.py:539} INFO - Filling up the DagBag from /home/raj/Downloads/kafka_2.13-3.5.1/airflow-env/lib64/python3.11/site-packages/airflow/example_dags/example_latest_only.py
[2023-10-07T04:56:43.054+0530] {processor.py:839} INFO - DAG(s) dict_keys(['latest_only']) retrieved from /home/raj/Downloads/kafka_2.13-3.5.1/airflow-env/lib64/python3.11/site-packages/airflow/example_dags/example_latest_only.py
[2023-10-07T04:56:43.081+0530] {logging_mixin.py:151} INFO - [2023-10-07T04:56:43.081+0530] {dag.py:2915} INFO - Sync 1 DAGs
[2023-10-07T04:56:43.100+0530] {logging_mixin.py:151} INFO - [2023-10-07T04:56:43.100+0530] {dag.py:3696} INFO - Setting next_dagrun for latest_only to 2023-10-06T19:26:43.100042+00:00, run_after=2023-10-06T23:26:43.100042+00:00
[2023-10-07T04:56:43.121+0530] {processor.py:179} INFO - Processing /home/raj/Downloads/kafka_2.13-3.5.1/airflow-env/lib64/python3.11/site-packages/airflow/example_dags/example_latest_only.py took 0.095 seconds
[2023-10-07T04:57:32.703+0530] {processor.py:157} INFO - Started process (PID=12437) to work on /home/raj/Downloads/kafka_2.13-3.5.1/airflow-env/lib64/python3.11/site-packages/airflow/example_dags/example_latest_only.py
[2023-10-07T04:57:32.714+0530] {processor.py:829} INFO - Processing file /home/raj/Downloads/kafka_2.13-3.5.1/airflow-env/lib64/python3.11/site-packages/airflow/example_dags/example_latest_only.py for tasks to queue
[2023-10-07T04:57:32.717+0530] {logging_mixin.py:151} INFO - [2023-10-07T04:57:32.716+0530] {dagbag.py:539} INFO - Filling up the DagBag from /home/raj/Downloads/kafka_2.13-3.5.1/airflow-env/lib64/python3.11/site-packages/airflow/example_dags/example_latest_only.py
[2023-10-07T04:57:32.729+0530] {processor.py:839} INFO - DAG(s) dict_keys(['latest_only']) retrieved from /home/raj/Downloads/kafka_2.13-3.5.1/airflow-env/lib64/python3.11/site-packages/airflow/example_dags/example_latest_only.py
[2023-10-07T04:57:32.760+0530] {logging_mixin.py:151} INFO - [2023-10-07T04:57:32.760+0530] {dag.py:2915} INFO - Sync 1 DAGs
[2023-10-07T04:57:32.776+0530] {logging_mixin.py:151} INFO - [2023-10-07T04:57:32.776+0530] {dag.py:3696} INFO - Setting next_dagrun for latest_only to 2023-10-06T19:27:32.776067+00:00, run_after=2023-10-06T23:27:32.776067+00:00
[2023-10-07T04:57:32.793+0530] {processor.py:179} INFO - Processing /home/raj/Downloads/kafka_2.13-3.5.1/airflow-env/lib64/python3.11/site-packages/airflow/example_dags/example_latest_only.py took 0.096 seconds
[2023-10-07T04:58:23.686+0530] {processor.py:157} INFO - Started process (PID=12524) to work on /home/raj/Downloads/kafka_2.13-3.5.1/airflow-env/lib64/python3.11/site-packages/airflow/example_dags/example_latest_only.py
[2023-10-07T04:58:23.696+0530] {processor.py:829} INFO - Processing file /home/raj/Downloads/kafka_2.13-3.5.1/airflow-env/lib64/python3.11/site-packages/airflow/example_dags/example_latest_only.py for tasks to queue
[2023-10-07T04:58:23.698+0530] {logging_mixin.py:151} INFO - [2023-10-07T04:58:23.697+0530] {dagbag.py:539} INFO - Filling up the DagBag from /home/raj/Downloads/kafka_2.13-3.5.1/airflow-env/lib64/python3.11/site-packages/airflow/example_dags/example_latest_only.py
[2023-10-07T04:58:23.703+0530] {processor.py:839} INFO - DAG(s) dict_keys(['latest_only']) retrieved from /home/raj/Downloads/kafka_2.13-3.5.1/airflow-env/lib64/python3.11/site-packages/airflow/example_dags/example_latest_only.py
[2023-10-07T04:58:23.718+0530] {logging_mixin.py:151} INFO - [2023-10-07T04:58:23.718+0530] {dag.py:2915} INFO - Sync 1 DAGs
[2023-10-07T04:58:23.738+0530] {logging_mixin.py:151} INFO - [2023-10-07T04:58:23.738+0530] {dag.py:3696} INFO - Setting next_dagrun for latest_only to 2023-10-06T19:28:23.738005+00:00, run_after=2023-10-06T23:28:23.738005+00:00
[2023-10-07T04:58:23.764+0530] {processor.py:179} INFO - Processing /home/raj/Downloads/kafka_2.13-3.5.1/airflow-env/lib64/python3.11/site-packages/airflow/example_dags/example_latest_only.py took 0.081 seconds
[2023-10-07T04:59:13.854+0530] {processor.py:157} INFO - Started process (PID=12670) to work on /home/raj/Downloads/kafka_2.13-3.5.1/airflow-env/lib64/python3.11/site-packages/airflow/example_dags/example_latest_only.py
[2023-10-07T04:59:13.865+0530] {processor.py:829} INFO - Processing file /home/raj/Downloads/kafka_2.13-3.5.1/airflow-env/lib64/python3.11/site-packages/airflow/example_dags/example_latest_only.py for tasks to queue
[2023-10-07T04:59:13.866+0530] {logging_mixin.py:151} INFO - [2023-10-07T04:59:13.866+0530] {dagbag.py:539} INFO - Filling up the DagBag from /home/raj/Downloads/kafka_2.13-3.5.1/airflow-env/lib64/python3.11/site-packages/airflow/example_dags/example_latest_only.py
[2023-10-07T04:59:13.876+0530] {processor.py:839} INFO - DAG(s) dict_keys(['latest_only']) retrieved from /home/raj/Downloads/kafka_2.13-3.5.1/airflow-env/lib64/python3.11/site-packages/airflow/example_dags/example_latest_only.py
[2023-10-07T04:59:13.909+0530] {logging_mixin.py:151} INFO - [2023-10-07T04:59:13.908+0530] {dag.py:2915} INFO - Sync 1 DAGs
[2023-10-07T04:59:13.932+0530] {logging_mixin.py:151} INFO - [2023-10-07T04:59:13.932+0530] {dag.py:3696} INFO - Setting next_dagrun for latest_only to 2023-10-06T19:29:13.932052+00:00, run_after=2023-10-06T23:29:13.932052+00:00
[2023-10-07T04:59:13.959+0530] {processor.py:179} INFO - Processing /home/raj/Downloads/kafka_2.13-3.5.1/airflow-env/lib64/python3.11/site-packages/airflow/example_dags/example_latest_only.py took 0.108 seconds
