[2023-10-07T04:00:11.398+0530] {processor.py:157} INFO - Started process (PID=18119) to work on /home/raj/Downloads/kafka_2.13-3.5.1/airflow-env/lib64/python3.11/site-packages/airflow/example_dags/example_dynamic_task_mapping.py
[2023-10-07T04:00:11.399+0530] {processor.py:829} INFO - Processing file /home/raj/Downloads/kafka_2.13-3.5.1/airflow-env/lib64/python3.11/site-packages/airflow/example_dags/example_dynamic_task_mapping.py for tasks to queue
[2023-10-07T04:00:11.399+0530] {logging_mixin.py:151} INFO - [2023-10-07T04:00:11.399+0530] {dagbag.py:539} INFO - Filling up the DagBag from /home/raj/Downloads/kafka_2.13-3.5.1/airflow-env/lib64/python3.11/site-packages/airflow/example_dags/example_dynamic_task_mapping.py
[2023-10-07T04:00:11.408+0530] {processor.py:839} INFO - DAG(s) dict_keys(['example_dynamic_task_mapping']) retrieved from /home/raj/Downloads/kafka_2.13-3.5.1/airflow-env/lib64/python3.11/site-packages/airflow/example_dags/example_dynamic_task_mapping.py
[2023-10-07T04:00:11.525+0530] {logging_mixin.py:151} INFO - [2023-10-07T04:00:11.525+0530] {manager.py:499} INFO - Created Permission View: %s
[2023-10-07T04:00:11.539+0530] {logging_mixin.py:151} INFO - [2023-10-07T04:00:11.539+0530] {manager.py:499} INFO - Created Permission View: %s
[2023-10-07T04:00:11.551+0530] {logging_mixin.py:151} INFO - [2023-10-07T04:00:11.550+0530] {manager.py:499} INFO - Created Permission View: %s
[2023-10-07T04:00:11.551+0530] {logging_mixin.py:151} INFO - [2023-10-07T04:00:11.551+0530] {security.py:708} INFO - Not syncing DAG-level permissions for DAG 'DAG:example_dynamic_task_mapping' as access control is unset.
[2023-10-07T04:00:11.551+0530] {logging_mixin.py:151} INFO - [2023-10-07T04:00:11.551+0530] {dag.py:2915} INFO - Sync 1 DAGs
[2023-10-07T04:00:11.562+0530] {logging_mixin.py:151} INFO - [2023-10-07T04:00:11.562+0530] {dag.py:2937} INFO - Creating ORM DAG for example_dynamic_task_mapping
[2023-10-07T04:00:11.572+0530] {logging_mixin.py:151} INFO - [2023-10-07T04:00:11.571+0530] {dag.py:3696} INFO - Setting next_dagrun for example_dynamic_task_mapping to 2022-03-04T00:00:00+00:00, run_after=2022-03-05T00:00:00+00:00
[2023-10-07T04:00:11.591+0530] {processor.py:179} INFO - Processing /home/raj/Downloads/kafka_2.13-3.5.1/airflow-env/lib64/python3.11/site-packages/airflow/example_dags/example_dynamic_task_mapping.py took 0.196 seconds
[2023-10-07T04:00:58.269+0530] {processor.py:157} INFO - Started process (PID=18202) to work on /home/raj/Downloads/kafka_2.13-3.5.1/airflow-env/lib64/python3.11/site-packages/airflow/example_dags/example_dynamic_task_mapping.py
[2023-10-07T04:00:58.270+0530] {processor.py:829} INFO - Processing file /home/raj/Downloads/kafka_2.13-3.5.1/airflow-env/lib64/python3.11/site-packages/airflow/example_dags/example_dynamic_task_mapping.py for tasks to queue
[2023-10-07T04:00:58.272+0530] {logging_mixin.py:151} INFO - [2023-10-07T04:00:58.271+0530] {dagbag.py:539} INFO - Filling up the DagBag from /home/raj/Downloads/kafka_2.13-3.5.1/airflow-env/lib64/python3.11/site-packages/airflow/example_dags/example_dynamic_task_mapping.py
[2023-10-07T04:00:58.286+0530] {processor.py:839} INFO - DAG(s) dict_keys(['example_dynamic_task_mapping']) retrieved from /home/raj/Downloads/kafka_2.13-3.5.1/airflow-env/lib64/python3.11/site-packages/airflow/example_dags/example_dynamic_task_mapping.py
[2023-10-07T04:00:58.307+0530] {logging_mixin.py:151} INFO - [2023-10-07T04:00:58.307+0530] {dag.py:2915} INFO - Sync 1 DAGs
[2023-10-07T04:00:58.324+0530] {logging_mixin.py:151} INFO - [2023-10-07T04:00:58.324+0530] {dag.py:3696} INFO - Setting next_dagrun for example_dynamic_task_mapping to 2022-03-04T00:00:00+00:00, run_after=2022-03-05T00:00:00+00:00
[2023-10-07T04:00:58.354+0530] {processor.py:179} INFO - Processing /home/raj/Downloads/kafka_2.13-3.5.1/airflow-env/lib64/python3.11/site-packages/airflow/example_dags/example_dynamic_task_mapping.py took 0.091 seconds
[2023-10-07T04:01:47.337+0530] {processor.py:157} INFO - Started process (PID=18319) to work on /home/raj/Downloads/kafka_2.13-3.5.1/airflow-env/lib64/python3.11/site-packages/airflow/example_dags/example_dynamic_task_mapping.py
[2023-10-07T04:01:47.338+0530] {processor.py:829} INFO - Processing file /home/raj/Downloads/kafka_2.13-3.5.1/airflow-env/lib64/python3.11/site-packages/airflow/example_dags/example_dynamic_task_mapping.py for tasks to queue
[2023-10-07T04:01:47.339+0530] {logging_mixin.py:151} INFO - [2023-10-07T04:01:47.339+0530] {dagbag.py:539} INFO - Filling up the DagBag from /home/raj/Downloads/kafka_2.13-3.5.1/airflow-env/lib64/python3.11/site-packages/airflow/example_dags/example_dynamic_task_mapping.py
[2023-10-07T04:01:47.347+0530] {processor.py:839} INFO - DAG(s) dict_keys(['example_dynamic_task_mapping']) retrieved from /home/raj/Downloads/kafka_2.13-3.5.1/airflow-env/lib64/python3.11/site-packages/airflow/example_dags/example_dynamic_task_mapping.py
[2023-10-07T04:01:47.364+0530] {logging_mixin.py:151} INFO - [2023-10-07T04:01:47.364+0530] {dag.py:2915} INFO - Sync 1 DAGs
[2023-10-07T04:01:47.389+0530] {logging_mixin.py:151} INFO - [2023-10-07T04:01:47.388+0530] {dag.py:3696} INFO - Setting next_dagrun for example_dynamic_task_mapping to 2022-03-04T00:00:00+00:00, run_after=2022-03-05T00:00:00+00:00
[2023-10-07T04:01:47.421+0530] {processor.py:179} INFO - Processing /home/raj/Downloads/kafka_2.13-3.5.1/airflow-env/lib64/python3.11/site-packages/airflow/example_dags/example_dynamic_task_mapping.py took 0.087 seconds
[2023-10-07T04:02:41.586+0530] {processor.py:157} INFO - Started process (PID=18437) to work on /home/raj/Downloads/kafka_2.13-3.5.1/airflow-env/lib64/python3.11/site-packages/airflow/example_dags/example_dynamic_task_mapping.py
[2023-10-07T04:02:41.596+0530] {processor.py:829} INFO - Processing file /home/raj/Downloads/kafka_2.13-3.5.1/airflow-env/lib64/python3.11/site-packages/airflow/example_dags/example_dynamic_task_mapping.py for tasks to queue
[2023-10-07T04:02:41.597+0530] {logging_mixin.py:151} INFO - [2023-10-07T04:02:41.596+0530] {dagbag.py:539} INFO - Filling up the DagBag from /home/raj/Downloads/kafka_2.13-3.5.1/airflow-env/lib64/python3.11/site-packages/airflow/example_dags/example_dynamic_task_mapping.py
[2023-10-07T04:02:41.604+0530] {processor.py:839} INFO - DAG(s) dict_keys(['example_dynamic_task_mapping']) retrieved from /home/raj/Downloads/kafka_2.13-3.5.1/airflow-env/lib64/python3.11/site-packages/airflow/example_dags/example_dynamic_task_mapping.py
[2023-10-07T04:02:41.616+0530] {logging_mixin.py:151} INFO - [2023-10-07T04:02:41.616+0530] {dag.py:2915} INFO - Sync 1 DAGs
[2023-10-07T04:02:41.632+0530] {logging_mixin.py:151} INFO - [2023-10-07T04:02:41.632+0530] {dag.py:3696} INFO - Setting next_dagrun for example_dynamic_task_mapping to 2022-03-04T00:00:00+00:00, run_after=2022-03-05T00:00:00+00:00
[2023-10-07T04:02:41.652+0530] {processor.py:179} INFO - Processing /home/raj/Downloads/kafka_2.13-3.5.1/airflow-env/lib64/python3.11/site-packages/airflow/example_dags/example_dynamic_task_mapping.py took 0.069 seconds
[2023-10-07T04:03:31.315+0530] {processor.py:157} INFO - Started process (PID=18666) to work on /home/raj/Downloads/kafka_2.13-3.5.1/airflow-env/lib64/python3.11/site-packages/airflow/example_dags/example_dynamic_task_mapping.py
[2023-10-07T04:03:31.326+0530] {processor.py:829} INFO - Processing file /home/raj/Downloads/kafka_2.13-3.5.1/airflow-env/lib64/python3.11/site-packages/airflow/example_dags/example_dynamic_task_mapping.py for tasks to queue
[2023-10-07T04:03:31.328+0530] {logging_mixin.py:151} INFO - [2023-10-07T04:03:31.327+0530] {dagbag.py:539} INFO - Filling up the DagBag from /home/raj/Downloads/kafka_2.13-3.5.1/airflow-env/lib64/python3.11/site-packages/airflow/example_dags/example_dynamic_task_mapping.py
[2023-10-07T04:03:31.341+0530] {processor.py:839} INFO - DAG(s) dict_keys(['example_dynamic_task_mapping']) retrieved from /home/raj/Downloads/kafka_2.13-3.5.1/airflow-env/lib64/python3.11/site-packages/airflow/example_dags/example_dynamic_task_mapping.py
[2023-10-07T04:03:31.354+0530] {logging_mixin.py:151} INFO - [2023-10-07T04:03:31.354+0530] {dag.py:2915} INFO - Sync 1 DAGs
[2023-10-07T04:03:31.372+0530] {logging_mixin.py:151} INFO - [2023-10-07T04:03:31.372+0530] {dag.py:3696} INFO - Setting next_dagrun for example_dynamic_task_mapping to 2022-03-04T00:00:00+00:00, run_after=2022-03-05T00:00:00+00:00
[2023-10-07T04:03:31.393+0530] {processor.py:179} INFO - Processing /home/raj/Downloads/kafka_2.13-3.5.1/airflow-env/lib64/python3.11/site-packages/airflow/example_dags/example_dynamic_task_mapping.py took 0.083 seconds
[2023-10-07T04:04:19.419+0530] {processor.py:157} INFO - Started process (PID=18731) to work on /home/raj/Downloads/kafka_2.13-3.5.1/airflow-env/lib64/python3.11/site-packages/airflow/example_dags/example_dynamic_task_mapping.py
[2023-10-07T04:04:19.431+0530] {processor.py:829} INFO - Processing file /home/raj/Downloads/kafka_2.13-3.5.1/airflow-env/lib64/python3.11/site-packages/airflow/example_dags/example_dynamic_task_mapping.py for tasks to queue
[2023-10-07T04:04:19.432+0530] {logging_mixin.py:151} INFO - [2023-10-07T04:04:19.431+0530] {dagbag.py:539} INFO - Filling up the DagBag from /home/raj/Downloads/kafka_2.13-3.5.1/airflow-env/lib64/python3.11/site-packages/airflow/example_dags/example_dynamic_task_mapping.py
[2023-10-07T04:04:19.448+0530] {processor.py:839} INFO - DAG(s) dict_keys(['example_dynamic_task_mapping']) retrieved from /home/raj/Downloads/kafka_2.13-3.5.1/airflow-env/lib64/python3.11/site-packages/airflow/example_dags/example_dynamic_task_mapping.py
[2023-10-07T04:04:19.477+0530] {logging_mixin.py:151} INFO - [2023-10-07T04:04:19.477+0530] {dag.py:2915} INFO - Sync 1 DAGs
[2023-10-07T04:04:19.492+0530] {logging_mixin.py:151} INFO - [2023-10-07T04:04:19.492+0530] {dag.py:3696} INFO - Setting next_dagrun for example_dynamic_task_mapping to 2022-03-04T00:00:00+00:00, run_after=2022-03-05T00:00:00+00:00
[2023-10-07T04:04:19.512+0530] {processor.py:179} INFO - Processing /home/raj/Downloads/kafka_2.13-3.5.1/airflow-env/lib64/python3.11/site-packages/airflow/example_dags/example_dynamic_task_mapping.py took 0.098 seconds
[2023-10-07T04:05:09.322+0530] {processor.py:157} INFO - Started process (PID=18912) to work on /home/raj/Downloads/kafka_2.13-3.5.1/airflow-env/lib64/python3.11/site-packages/airflow/example_dags/example_dynamic_task_mapping.py
[2023-10-07T04:05:09.332+0530] {processor.py:829} INFO - Processing file /home/raj/Downloads/kafka_2.13-3.5.1/airflow-env/lib64/python3.11/site-packages/airflow/example_dags/example_dynamic_task_mapping.py for tasks to queue
[2023-10-07T04:05:09.333+0530] {logging_mixin.py:151} INFO - [2023-10-07T04:05:09.333+0530] {dagbag.py:539} INFO - Filling up the DagBag from /home/raj/Downloads/kafka_2.13-3.5.1/airflow-env/lib64/python3.11/site-packages/airflow/example_dags/example_dynamic_task_mapping.py
[2023-10-07T04:05:09.340+0530] {processor.py:839} INFO - DAG(s) dict_keys(['example_dynamic_task_mapping']) retrieved from /home/raj/Downloads/kafka_2.13-3.5.1/airflow-env/lib64/python3.11/site-packages/airflow/example_dags/example_dynamic_task_mapping.py
[2023-10-07T04:05:09.352+0530] {logging_mixin.py:151} INFO - [2023-10-07T04:05:09.352+0530] {dag.py:2915} INFO - Sync 1 DAGs
[2023-10-07T04:05:09.369+0530] {logging_mixin.py:151} INFO - [2023-10-07T04:05:09.369+0530] {dag.py:3696} INFO - Setting next_dagrun for example_dynamic_task_mapping to 2022-03-04T00:00:00+00:00, run_after=2022-03-05T00:00:00+00:00
[2023-10-07T04:05:09.389+0530] {processor.py:179} INFO - Processing /home/raj/Downloads/kafka_2.13-3.5.1/airflow-env/lib64/python3.11/site-packages/airflow/example_dags/example_dynamic_task_mapping.py took 0.070 seconds
[2023-10-07T04:06:01.204+0530] {processor.py:157} INFO - Started process (PID=19013) to work on /home/raj/Downloads/kafka_2.13-3.5.1/airflow-env/lib64/python3.11/site-packages/airflow/example_dags/example_dynamic_task_mapping.py
[2023-10-07T04:06:01.215+0530] {processor.py:829} INFO - Processing file /home/raj/Downloads/kafka_2.13-3.5.1/airflow-env/lib64/python3.11/site-packages/airflow/example_dags/example_dynamic_task_mapping.py for tasks to queue
[2023-10-07T04:06:01.215+0530] {logging_mixin.py:151} INFO - [2023-10-07T04:06:01.215+0530] {dagbag.py:539} INFO - Filling up the DagBag from /home/raj/Downloads/kafka_2.13-3.5.1/airflow-env/lib64/python3.11/site-packages/airflow/example_dags/example_dynamic_task_mapping.py
[2023-10-07T04:06:01.222+0530] {processor.py:839} INFO - DAG(s) dict_keys(['example_dynamic_task_mapping']) retrieved from /home/raj/Downloads/kafka_2.13-3.5.1/airflow-env/lib64/python3.11/site-packages/airflow/example_dags/example_dynamic_task_mapping.py
[2023-10-07T04:06:01.235+0530] {logging_mixin.py:151} INFO - [2023-10-07T04:06:01.234+0530] {dag.py:2915} INFO - Sync 1 DAGs
[2023-10-07T04:06:01.251+0530] {logging_mixin.py:151} INFO - [2023-10-07T04:06:01.251+0530] {dag.py:3696} INFO - Setting next_dagrun for example_dynamic_task_mapping to 2022-03-04T00:00:00+00:00, run_after=2022-03-05T00:00:00+00:00
[2023-10-07T04:06:01.270+0530] {processor.py:179} INFO - Processing /home/raj/Downloads/kafka_2.13-3.5.1/airflow-env/lib64/python3.11/site-packages/airflow/example_dags/example_dynamic_task_mapping.py took 0.068 seconds
[2023-10-07T04:06:56.471+0530] {processor.py:157} INFO - Started process (PID=19165) to work on /home/raj/Downloads/kafka_2.13-3.5.1/airflow-env/lib64/python3.11/site-packages/airflow/example_dags/example_dynamic_task_mapping.py
[2023-10-07T04:06:56.472+0530] {processor.py:829} INFO - Processing file /home/raj/Downloads/kafka_2.13-3.5.1/airflow-env/lib64/python3.11/site-packages/airflow/example_dags/example_dynamic_task_mapping.py for tasks to queue
[2023-10-07T04:06:56.473+0530] {logging_mixin.py:151} INFO - [2023-10-07T04:06:56.472+0530] {dagbag.py:539} INFO - Filling up the DagBag from /home/raj/Downloads/kafka_2.13-3.5.1/airflow-env/lib64/python3.11/site-packages/airflow/example_dags/example_dynamic_task_mapping.py
[2023-10-07T04:06:56.481+0530] {processor.py:839} INFO - DAG(s) dict_keys(['example_dynamic_task_mapping']) retrieved from /home/raj/Downloads/kafka_2.13-3.5.1/airflow-env/lib64/python3.11/site-packages/airflow/example_dags/example_dynamic_task_mapping.py
[2023-10-07T04:06:56.495+0530] {logging_mixin.py:151} INFO - [2023-10-07T04:06:56.495+0530] {dag.py:2915} INFO - Sync 1 DAGs
[2023-10-07T04:06:56.516+0530] {logging_mixin.py:151} INFO - [2023-10-07T04:06:56.515+0530] {dag.py:3696} INFO - Setting next_dagrun for example_dynamic_task_mapping to 2022-03-04T00:00:00+00:00, run_after=2022-03-05T00:00:00+00:00
[2023-10-07T04:06:56.539+0530] {processor.py:179} INFO - Processing /home/raj/Downloads/kafka_2.13-3.5.1/airflow-env/lib64/python3.11/site-packages/airflow/example_dags/example_dynamic_task_mapping.py took 0.071 seconds
[2023-10-07T04:07:52.919+0530] {processor.py:157} INFO - Started process (PID=19226) to work on /home/raj/Downloads/kafka_2.13-3.5.1/airflow-env/lib64/python3.11/site-packages/airflow/example_dags/example_dynamic_task_mapping.py
[2023-10-07T04:07:52.930+0530] {processor.py:829} INFO - Processing file /home/raj/Downloads/kafka_2.13-3.5.1/airflow-env/lib64/python3.11/site-packages/airflow/example_dags/example_dynamic_task_mapping.py for tasks to queue
[2023-10-07T04:07:52.932+0530] {logging_mixin.py:151} INFO - [2023-10-07T04:07:52.931+0530] {dagbag.py:539} INFO - Filling up the DagBag from /home/raj/Downloads/kafka_2.13-3.5.1/airflow-env/lib64/python3.11/site-packages/airflow/example_dags/example_dynamic_task_mapping.py
[2023-10-07T04:07:52.946+0530] {processor.py:839} INFO - DAG(s) dict_keys(['example_dynamic_task_mapping']) retrieved from /home/raj/Downloads/kafka_2.13-3.5.1/airflow-env/lib64/python3.11/site-packages/airflow/example_dags/example_dynamic_task_mapping.py
[2023-10-07T04:07:52.967+0530] {logging_mixin.py:151} INFO - [2023-10-07T04:07:52.967+0530] {dag.py:2915} INFO - Sync 1 DAGs
[2023-10-07T04:07:52.987+0530] {logging_mixin.py:151} INFO - [2023-10-07T04:07:52.986+0530] {dag.py:3696} INFO - Setting next_dagrun for example_dynamic_task_mapping to 2022-03-04T00:00:00+00:00, run_after=2022-03-05T00:00:00+00:00
[2023-10-07T04:07:53.010+0530] {processor.py:179} INFO - Processing /home/raj/Downloads/kafka_2.13-3.5.1/airflow-env/lib64/python3.11/site-packages/airflow/example_dags/example_dynamic_task_mapping.py took 0.096 seconds
[2023-10-07T04:08:46.581+0530] {processor.py:157} INFO - Started process (PID=19281) to work on /home/raj/Downloads/kafka_2.13-3.5.1/airflow-env/lib64/python3.11/site-packages/airflow/example_dags/example_dynamic_task_mapping.py
[2023-10-07T04:08:46.592+0530] {processor.py:829} INFO - Processing file /home/raj/Downloads/kafka_2.13-3.5.1/airflow-env/lib64/python3.11/site-packages/airflow/example_dags/example_dynamic_task_mapping.py for tasks to queue
[2023-10-07T04:08:46.594+0530] {logging_mixin.py:151} INFO - [2023-10-07T04:08:46.593+0530] {dagbag.py:539} INFO - Filling up the DagBag from /home/raj/Downloads/kafka_2.13-3.5.1/airflow-env/lib64/python3.11/site-packages/airflow/example_dags/example_dynamic_task_mapping.py
[2023-10-07T04:08:46.608+0530] {processor.py:839} INFO - DAG(s) dict_keys(['example_dynamic_task_mapping']) retrieved from /home/raj/Downloads/kafka_2.13-3.5.1/airflow-env/lib64/python3.11/site-packages/airflow/example_dags/example_dynamic_task_mapping.py
[2023-10-07T04:08:46.627+0530] {logging_mixin.py:151} INFO - [2023-10-07T04:08:46.627+0530] {dag.py:2915} INFO - Sync 1 DAGs
[2023-10-07T04:08:46.642+0530] {logging_mixin.py:151} INFO - [2023-10-07T04:08:46.642+0530] {dag.py:3696} INFO - Setting next_dagrun for example_dynamic_task_mapping to 2022-03-04T00:00:00+00:00, run_after=2022-03-05T00:00:00+00:00
[2023-10-07T04:08:46.660+0530] {processor.py:179} INFO - Processing /home/raj/Downloads/kafka_2.13-3.5.1/airflow-env/lib64/python3.11/site-packages/airflow/example_dags/example_dynamic_task_mapping.py took 0.084 seconds
[2023-10-07T04:09:39.079+0530] {processor.py:157} INFO - Started process (PID=19338) to work on /home/raj/Downloads/kafka_2.13-3.5.1/airflow-env/lib64/python3.11/site-packages/airflow/example_dags/example_dynamic_task_mapping.py
[2023-10-07T04:09:39.090+0530] {processor.py:829} INFO - Processing file /home/raj/Downloads/kafka_2.13-3.5.1/airflow-env/lib64/python3.11/site-packages/airflow/example_dags/example_dynamic_task_mapping.py for tasks to queue
[2023-10-07T04:09:39.092+0530] {logging_mixin.py:151} INFO - [2023-10-07T04:09:39.091+0530] {dagbag.py:539} INFO - Filling up the DagBag from /home/raj/Downloads/kafka_2.13-3.5.1/airflow-env/lib64/python3.11/site-packages/airflow/example_dags/example_dynamic_task_mapping.py
[2023-10-07T04:09:39.107+0530] {processor.py:839} INFO - DAG(s) dict_keys(['example_dynamic_task_mapping']) retrieved from /home/raj/Downloads/kafka_2.13-3.5.1/airflow-env/lib64/python3.11/site-packages/airflow/example_dags/example_dynamic_task_mapping.py
[2023-10-07T04:09:39.130+0530] {logging_mixin.py:151} INFO - [2023-10-07T04:09:39.129+0530] {dag.py:2915} INFO - Sync 1 DAGs
[2023-10-07T04:09:39.150+0530] {logging_mixin.py:151} INFO - [2023-10-07T04:09:39.149+0530] {dag.py:3696} INFO - Setting next_dagrun for example_dynamic_task_mapping to 2022-03-04T00:00:00+00:00, run_after=2022-03-05T00:00:00+00:00
[2023-10-07T04:09:39.171+0530] {processor.py:179} INFO - Processing /home/raj/Downloads/kafka_2.13-3.5.1/airflow-env/lib64/python3.11/site-packages/airflow/example_dags/example_dynamic_task_mapping.py took 0.098 seconds
[2023-10-07T04:10:29.396+0530] {processor.py:157} INFO - Started process (PID=19399) to work on /home/raj/Downloads/kafka_2.13-3.5.1/airflow-env/lib64/python3.11/site-packages/airflow/example_dags/example_dynamic_task_mapping.py
[2023-10-07T04:10:29.407+0530] {processor.py:829} INFO - Processing file /home/raj/Downloads/kafka_2.13-3.5.1/airflow-env/lib64/python3.11/site-packages/airflow/example_dags/example_dynamic_task_mapping.py for tasks to queue
[2023-10-07T04:10:29.408+0530] {logging_mixin.py:151} INFO - [2023-10-07T04:10:29.408+0530] {dagbag.py:539} INFO - Filling up the DagBag from /home/raj/Downloads/kafka_2.13-3.5.1/airflow-env/lib64/python3.11/site-packages/airflow/example_dags/example_dynamic_task_mapping.py
[2023-10-07T04:10:29.423+0530] {processor.py:839} INFO - DAG(s) dict_keys(['example_dynamic_task_mapping']) retrieved from /home/raj/Downloads/kafka_2.13-3.5.1/airflow-env/lib64/python3.11/site-packages/airflow/example_dags/example_dynamic_task_mapping.py
[2023-10-07T04:10:29.438+0530] {logging_mixin.py:151} INFO - [2023-10-07T04:10:29.438+0530] {dag.py:2915} INFO - Sync 1 DAGs
[2023-10-07T04:10:29.455+0530] {logging_mixin.py:151} INFO - [2023-10-07T04:10:29.455+0530] {dag.py:3696} INFO - Setting next_dagrun for example_dynamic_task_mapping to 2022-03-04T00:00:00+00:00, run_after=2022-03-05T00:00:00+00:00
[2023-10-07T04:10:29.474+0530] {processor.py:179} INFO - Processing /home/raj/Downloads/kafka_2.13-3.5.1/airflow-env/lib64/python3.11/site-packages/airflow/example_dags/example_dynamic_task_mapping.py took 0.084 seconds
[2023-10-07T04:11:20.700+0530] {processor.py:157} INFO - Started process (PID=19463) to work on /home/raj/Downloads/kafka_2.13-3.5.1/airflow-env/lib64/python3.11/site-packages/airflow/example_dags/example_dynamic_task_mapping.py
[2023-10-07T04:11:20.711+0530] {processor.py:829} INFO - Processing file /home/raj/Downloads/kafka_2.13-3.5.1/airflow-env/lib64/python3.11/site-packages/airflow/example_dags/example_dynamic_task_mapping.py for tasks to queue
[2023-10-07T04:11:20.712+0530] {logging_mixin.py:151} INFO - [2023-10-07T04:11:20.711+0530] {dagbag.py:539} INFO - Filling up the DagBag from /home/raj/Downloads/kafka_2.13-3.5.1/airflow-env/lib64/python3.11/site-packages/airflow/example_dags/example_dynamic_task_mapping.py
[2023-10-07T04:11:20.719+0530] {processor.py:839} INFO - DAG(s) dict_keys(['example_dynamic_task_mapping']) retrieved from /home/raj/Downloads/kafka_2.13-3.5.1/airflow-env/lib64/python3.11/site-packages/airflow/example_dags/example_dynamic_task_mapping.py
[2023-10-07T04:11:20.732+0530] {logging_mixin.py:151} INFO - [2023-10-07T04:11:20.732+0530] {dag.py:2915} INFO - Sync 1 DAGs
[2023-10-07T04:11:20.753+0530] {logging_mixin.py:151} INFO - [2023-10-07T04:11:20.753+0530] {dag.py:3696} INFO - Setting next_dagrun for example_dynamic_task_mapping to 2022-03-04T00:00:00+00:00, run_after=2022-03-05T00:00:00+00:00
[2023-10-07T04:11:20.777+0530] {processor.py:179} INFO - Processing /home/raj/Downloads/kafka_2.13-3.5.1/airflow-env/lib64/python3.11/site-packages/airflow/example_dags/example_dynamic_task_mapping.py took 0.080 seconds
[2023-10-07T04:12:13.045+0530] {processor.py:157} INFO - Started process (PID=19538) to work on /home/raj/Downloads/kafka_2.13-3.5.1/airflow-env/lib64/python3.11/site-packages/airflow/example_dags/example_dynamic_task_mapping.py
[2023-10-07T04:12:13.056+0530] {processor.py:829} INFO - Processing file /home/raj/Downloads/kafka_2.13-3.5.1/airflow-env/lib64/python3.11/site-packages/airflow/example_dags/example_dynamic_task_mapping.py for tasks to queue
[2023-10-07T04:12:13.058+0530] {logging_mixin.py:151} INFO - [2023-10-07T04:12:13.057+0530] {dagbag.py:539} INFO - Filling up the DagBag from /home/raj/Downloads/kafka_2.13-3.5.1/airflow-env/lib64/python3.11/site-packages/airflow/example_dags/example_dynamic_task_mapping.py
[2023-10-07T04:12:13.074+0530] {processor.py:839} INFO - DAG(s) dict_keys(['example_dynamic_task_mapping']) retrieved from /home/raj/Downloads/kafka_2.13-3.5.1/airflow-env/lib64/python3.11/site-packages/airflow/example_dags/example_dynamic_task_mapping.py
[2023-10-07T04:12:13.102+0530] {logging_mixin.py:151} INFO - [2023-10-07T04:12:13.101+0530] {dag.py:2915} INFO - Sync 1 DAGs
[2023-10-07T04:12:13.117+0530] {logging_mixin.py:151} INFO - [2023-10-07T04:12:13.117+0530] {dag.py:3696} INFO - Setting next_dagrun for example_dynamic_task_mapping to 2022-03-04T00:00:00+00:00, run_after=2022-03-05T00:00:00+00:00
[2023-10-07T04:12:13.136+0530] {processor.py:179} INFO - Processing /home/raj/Downloads/kafka_2.13-3.5.1/airflow-env/lib64/python3.11/site-packages/airflow/example_dags/example_dynamic_task_mapping.py took 0.097 seconds
[2023-10-07T04:13:10.100+0530] {processor.py:157} INFO - Started process (PID=19595) to work on /home/raj/Downloads/kafka_2.13-3.5.1/airflow-env/lib64/python3.11/site-packages/airflow/example_dags/example_dynamic_task_mapping.py
[2023-10-07T04:13:10.112+0530] {processor.py:829} INFO - Processing file /home/raj/Downloads/kafka_2.13-3.5.1/airflow-env/lib64/python3.11/site-packages/airflow/example_dags/example_dynamic_task_mapping.py for tasks to queue
[2023-10-07T04:13:10.114+0530] {logging_mixin.py:151} INFO - [2023-10-07T04:13:10.113+0530] {dagbag.py:539} INFO - Filling up the DagBag from /home/raj/Downloads/kafka_2.13-3.5.1/airflow-env/lib64/python3.11/site-packages/airflow/example_dags/example_dynamic_task_mapping.py
[2023-10-07T04:13:10.128+0530] {processor.py:839} INFO - DAG(s) dict_keys(['example_dynamic_task_mapping']) retrieved from /home/raj/Downloads/kafka_2.13-3.5.1/airflow-env/lib64/python3.11/site-packages/airflow/example_dags/example_dynamic_task_mapping.py
[2023-10-07T04:13:10.157+0530] {logging_mixin.py:151} INFO - [2023-10-07T04:13:10.157+0530] {dag.py:2915} INFO - Sync 1 DAGs
[2023-10-07T04:13:10.174+0530] {logging_mixin.py:151} INFO - [2023-10-07T04:13:10.174+0530] {dag.py:3696} INFO - Setting next_dagrun for example_dynamic_task_mapping to 2022-03-04T00:00:00+00:00, run_after=2022-03-05T00:00:00+00:00
[2023-10-07T04:13:10.191+0530] {processor.py:179} INFO - Processing /home/raj/Downloads/kafka_2.13-3.5.1/airflow-env/lib64/python3.11/site-packages/airflow/example_dags/example_dynamic_task_mapping.py took 0.096 seconds
[2023-10-07T04:14:00.279+0530] {processor.py:157} INFO - Started process (PID=19646) to work on /home/raj/Downloads/kafka_2.13-3.5.1/airflow-env/lib64/python3.11/site-packages/airflow/example_dags/example_dynamic_task_mapping.py
[2023-10-07T04:14:00.290+0530] {processor.py:829} INFO - Processing file /home/raj/Downloads/kafka_2.13-3.5.1/airflow-env/lib64/python3.11/site-packages/airflow/example_dags/example_dynamic_task_mapping.py for tasks to queue
[2023-10-07T04:14:00.292+0530] {logging_mixin.py:151} INFO - [2023-10-07T04:14:00.291+0530] {dagbag.py:539} INFO - Filling up the DagBag from /home/raj/Downloads/kafka_2.13-3.5.1/airflow-env/lib64/python3.11/site-packages/airflow/example_dags/example_dynamic_task_mapping.py
[2023-10-07T04:14:00.307+0530] {processor.py:839} INFO - DAG(s) dict_keys(['example_dynamic_task_mapping']) retrieved from /home/raj/Downloads/kafka_2.13-3.5.1/airflow-env/lib64/python3.11/site-packages/airflow/example_dags/example_dynamic_task_mapping.py
[2023-10-07T04:14:00.320+0530] {logging_mixin.py:151} INFO - [2023-10-07T04:14:00.320+0530] {dag.py:2915} INFO - Sync 1 DAGs
[2023-10-07T04:14:00.335+0530] {logging_mixin.py:151} INFO - [2023-10-07T04:14:00.335+0530] {dag.py:3696} INFO - Setting next_dagrun for example_dynamic_task_mapping to 2022-03-04T00:00:00+00:00, run_after=2022-03-05T00:00:00+00:00
[2023-10-07T04:14:00.354+0530] {processor.py:179} INFO - Processing /home/raj/Downloads/kafka_2.13-3.5.1/airflow-env/lib64/python3.11/site-packages/airflow/example_dags/example_dynamic_task_mapping.py took 0.080 seconds
[2023-10-07T04:14:52.216+0530] {processor.py:157} INFO - Started process (PID=19713) to work on /home/raj/Downloads/kafka_2.13-3.5.1/airflow-env/lib64/python3.11/site-packages/airflow/example_dags/example_dynamic_task_mapping.py
[2023-10-07T04:14:52.218+0530] {processor.py:829} INFO - Processing file /home/raj/Downloads/kafka_2.13-3.5.1/airflow-env/lib64/python3.11/site-packages/airflow/example_dags/example_dynamic_task_mapping.py for tasks to queue
[2023-10-07T04:14:52.220+0530] {logging_mixin.py:151} INFO - [2023-10-07T04:14:52.219+0530] {dagbag.py:539} INFO - Filling up the DagBag from /home/raj/Downloads/kafka_2.13-3.5.1/airflow-env/lib64/python3.11/site-packages/airflow/example_dags/example_dynamic_task_mapping.py
[2023-10-07T04:14:52.227+0530] {processor.py:839} INFO - DAG(s) dict_keys(['example_dynamic_task_mapping']) retrieved from /home/raj/Downloads/kafka_2.13-3.5.1/airflow-env/lib64/python3.11/site-packages/airflow/example_dags/example_dynamic_task_mapping.py
[2023-10-07T04:14:52.241+0530] {logging_mixin.py:151} INFO - [2023-10-07T04:14:52.241+0530] {dag.py:2915} INFO - Sync 1 DAGs
[2023-10-07T04:14:52.257+0530] {logging_mixin.py:151} INFO - [2023-10-07T04:14:52.256+0530] {dag.py:3696} INFO - Setting next_dagrun for example_dynamic_task_mapping to 2022-03-04T00:00:00+00:00, run_after=2022-03-05T00:00:00+00:00
[2023-10-07T04:14:52.277+0530] {processor.py:179} INFO - Processing /home/raj/Downloads/kafka_2.13-3.5.1/airflow-env/lib64/python3.11/site-packages/airflow/example_dags/example_dynamic_task_mapping.py took 0.065 seconds
[2023-10-07T04:15:41.854+0530] {processor.py:157} INFO - Started process (PID=19800) to work on /home/raj/Downloads/kafka_2.13-3.5.1/airflow-env/lib64/python3.11/site-packages/airflow/example_dags/example_dynamic_task_mapping.py
[2023-10-07T04:15:41.855+0530] {processor.py:829} INFO - Processing file /home/raj/Downloads/kafka_2.13-3.5.1/airflow-env/lib64/python3.11/site-packages/airflow/example_dags/example_dynamic_task_mapping.py for tasks to queue
[2023-10-07T04:15:41.857+0530] {logging_mixin.py:151} INFO - [2023-10-07T04:15:41.856+0530] {dagbag.py:539} INFO - Filling up the DagBag from /home/raj/Downloads/kafka_2.13-3.5.1/airflow-env/lib64/python3.11/site-packages/airflow/example_dags/example_dynamic_task_mapping.py
[2023-10-07T04:15:41.872+0530] {processor.py:839} INFO - DAG(s) dict_keys(['example_dynamic_task_mapping']) retrieved from /home/raj/Downloads/kafka_2.13-3.5.1/airflow-env/lib64/python3.11/site-packages/airflow/example_dags/example_dynamic_task_mapping.py
[2023-10-07T04:15:41.892+0530] {logging_mixin.py:151} INFO - [2023-10-07T04:15:41.892+0530] {dag.py:2915} INFO - Sync 1 DAGs
[2023-10-07T04:15:41.911+0530] {logging_mixin.py:151} INFO - [2023-10-07T04:15:41.911+0530] {dag.py:3696} INFO - Setting next_dagrun for example_dynamic_task_mapping to 2022-03-04T00:00:00+00:00, run_after=2022-03-05T00:00:00+00:00
[2023-10-07T04:15:41.931+0530] {processor.py:179} INFO - Processing /home/raj/Downloads/kafka_2.13-3.5.1/airflow-env/lib64/python3.11/site-packages/airflow/example_dags/example_dynamic_task_mapping.py took 0.083 seconds
[2023-10-07T04:16:33.577+0530] {processor.py:157} INFO - Started process (PID=19862) to work on /home/raj/Downloads/kafka_2.13-3.5.1/airflow-env/lib64/python3.11/site-packages/airflow/example_dags/example_dynamic_task_mapping.py
[2023-10-07T04:16:33.589+0530] {processor.py:829} INFO - Processing file /home/raj/Downloads/kafka_2.13-3.5.1/airflow-env/lib64/python3.11/site-packages/airflow/example_dags/example_dynamic_task_mapping.py for tasks to queue
[2023-10-07T04:16:33.591+0530] {logging_mixin.py:151} INFO - [2023-10-07T04:16:33.590+0530] {dagbag.py:539} INFO - Filling up the DagBag from /home/raj/Downloads/kafka_2.13-3.5.1/airflow-env/lib64/python3.11/site-packages/airflow/example_dags/example_dynamic_task_mapping.py
[2023-10-07T04:16:33.601+0530] {processor.py:839} INFO - DAG(s) dict_keys(['example_dynamic_task_mapping']) retrieved from /home/raj/Downloads/kafka_2.13-3.5.1/airflow-env/lib64/python3.11/site-packages/airflow/example_dags/example_dynamic_task_mapping.py
[2023-10-07T04:16:33.616+0530] {logging_mixin.py:151} INFO - [2023-10-07T04:16:33.616+0530] {dag.py:2915} INFO - Sync 1 DAGs
[2023-10-07T04:16:33.644+0530] {logging_mixin.py:151} INFO - [2023-10-07T04:16:33.644+0530] {dag.py:3696} INFO - Setting next_dagrun for example_dynamic_task_mapping to 2022-03-04T00:00:00+00:00, run_after=2022-03-05T00:00:00+00:00
[2023-10-07T04:16:33.663+0530] {processor.py:179} INFO - Processing /home/raj/Downloads/kafka_2.13-3.5.1/airflow-env/lib64/python3.11/site-packages/airflow/example_dags/example_dynamic_task_mapping.py took 0.087 seconds
[2023-10-07T04:17:27.035+0530] {processor.py:157} INFO - Started process (PID=19919) to work on /home/raj/Downloads/kafka_2.13-3.5.1/airflow-env/lib64/python3.11/site-packages/airflow/example_dags/example_dynamic_task_mapping.py
[2023-10-07T04:17:27.046+0530] {processor.py:829} INFO - Processing file /home/raj/Downloads/kafka_2.13-3.5.1/airflow-env/lib64/python3.11/site-packages/airflow/example_dags/example_dynamic_task_mapping.py for tasks to queue
[2023-10-07T04:17:27.047+0530] {logging_mixin.py:151} INFO - [2023-10-07T04:17:27.046+0530] {dagbag.py:539} INFO - Filling up the DagBag from /home/raj/Downloads/kafka_2.13-3.5.1/airflow-env/lib64/python3.11/site-packages/airflow/example_dags/example_dynamic_task_mapping.py
[2023-10-07T04:17:27.057+0530] {processor.py:839} INFO - DAG(s) dict_keys(['example_dynamic_task_mapping']) retrieved from /home/raj/Downloads/kafka_2.13-3.5.1/airflow-env/lib64/python3.11/site-packages/airflow/example_dags/example_dynamic_task_mapping.py
[2023-10-07T04:17:27.071+0530] {logging_mixin.py:151} INFO - [2023-10-07T04:17:27.071+0530] {dag.py:2915} INFO - Sync 1 DAGs
[2023-10-07T04:17:27.090+0530] {logging_mixin.py:151} INFO - [2023-10-07T04:17:27.090+0530] {dag.py:3696} INFO - Setting next_dagrun for example_dynamic_task_mapping to 2022-03-04T00:00:00+00:00, run_after=2022-03-05T00:00:00+00:00
[2023-10-07T04:17:27.111+0530] {processor.py:179} INFO - Processing /home/raj/Downloads/kafka_2.13-3.5.1/airflow-env/lib64/python3.11/site-packages/airflow/example_dags/example_dynamic_task_mapping.py took 0.081 seconds
[2023-10-07T04:18:16.582+0530] {processor.py:157} INFO - Started process (PID=19972) to work on /home/raj/Downloads/kafka_2.13-3.5.1/airflow-env/lib64/python3.11/site-packages/airflow/example_dags/example_dynamic_task_mapping.py
[2023-10-07T04:18:16.593+0530] {processor.py:829} INFO - Processing file /home/raj/Downloads/kafka_2.13-3.5.1/airflow-env/lib64/python3.11/site-packages/airflow/example_dags/example_dynamic_task_mapping.py for tasks to queue
[2023-10-07T04:18:16.595+0530] {logging_mixin.py:151} INFO - [2023-10-07T04:18:16.594+0530] {dagbag.py:539} INFO - Filling up the DagBag from /home/raj/Downloads/kafka_2.13-3.5.1/airflow-env/lib64/python3.11/site-packages/airflow/example_dags/example_dynamic_task_mapping.py
[2023-10-07T04:18:16.609+0530] {processor.py:839} INFO - DAG(s) dict_keys(['example_dynamic_task_mapping']) retrieved from /home/raj/Downloads/kafka_2.13-3.5.1/airflow-env/lib64/python3.11/site-packages/airflow/example_dags/example_dynamic_task_mapping.py
[2023-10-07T04:18:16.638+0530] {logging_mixin.py:151} INFO - [2023-10-07T04:18:16.637+0530] {dag.py:2915} INFO - Sync 1 DAGs
[2023-10-07T04:18:16.654+0530] {logging_mixin.py:151} INFO - [2023-10-07T04:18:16.654+0530] {dag.py:3696} INFO - Setting next_dagrun for example_dynamic_task_mapping to 2022-03-04T00:00:00+00:00, run_after=2022-03-05T00:00:00+00:00
[2023-10-07T04:18:16.672+0530] {processor.py:179} INFO - Processing /home/raj/Downloads/kafka_2.13-3.5.1/airflow-env/lib64/python3.11/site-packages/airflow/example_dags/example_dynamic_task_mapping.py took 0.096 seconds
[2023-10-07T04:19:09.597+0530] {processor.py:157} INFO - Started process (PID=20026) to work on /home/raj/Downloads/kafka_2.13-3.5.1/airflow-env/lib64/python3.11/site-packages/airflow/example_dags/example_dynamic_task_mapping.py
[2023-10-07T04:19:09.609+0530] {processor.py:829} INFO - Processing file /home/raj/Downloads/kafka_2.13-3.5.1/airflow-env/lib64/python3.11/site-packages/airflow/example_dags/example_dynamic_task_mapping.py for tasks to queue
[2023-10-07T04:19:09.610+0530] {logging_mixin.py:151} INFO - [2023-10-07T04:19:09.609+0530] {dagbag.py:539} INFO - Filling up the DagBag from /home/raj/Downloads/kafka_2.13-3.5.1/airflow-env/lib64/python3.11/site-packages/airflow/example_dags/example_dynamic_task_mapping.py
[2023-10-07T04:19:09.626+0530] {processor.py:839} INFO - DAG(s) dict_keys(['example_dynamic_task_mapping']) retrieved from /home/raj/Downloads/kafka_2.13-3.5.1/airflow-env/lib64/python3.11/site-packages/airflow/example_dags/example_dynamic_task_mapping.py
[2023-10-07T04:19:09.654+0530] {logging_mixin.py:151} INFO - [2023-10-07T04:19:09.654+0530] {dag.py:2915} INFO - Sync 1 DAGs
[2023-10-07T04:19:09.670+0530] {logging_mixin.py:151} INFO - [2023-10-07T04:19:09.669+0530] {dag.py:3696} INFO - Setting next_dagrun for example_dynamic_task_mapping to 2022-03-04T00:00:00+00:00, run_after=2022-03-05T00:00:00+00:00
[2023-10-07T04:19:09.686+0530] {processor.py:179} INFO - Processing /home/raj/Downloads/kafka_2.13-3.5.1/airflow-env/lib64/python3.11/site-packages/airflow/example_dags/example_dynamic_task_mapping.py took 0.094 seconds
[2023-10-07T04:20:05.677+0530] {processor.py:157} INFO - Started process (PID=20348) to work on /home/raj/Downloads/kafka_2.13-3.5.1/airflow-env/lib64/python3.11/site-packages/airflow/example_dags/example_dynamic_task_mapping.py
[2023-10-07T04:20:05.689+0530] {processor.py:829} INFO - Processing file /home/raj/Downloads/kafka_2.13-3.5.1/airflow-env/lib64/python3.11/site-packages/airflow/example_dags/example_dynamic_task_mapping.py for tasks to queue
[2023-10-07T04:20:05.690+0530] {logging_mixin.py:151} INFO - [2023-10-07T04:20:05.690+0530] {dagbag.py:539} INFO - Filling up the DagBag from /home/raj/Downloads/kafka_2.13-3.5.1/airflow-env/lib64/python3.11/site-packages/airflow/example_dags/example_dynamic_task_mapping.py
[2023-10-07T04:20:05.705+0530] {processor.py:839} INFO - DAG(s) dict_keys(['example_dynamic_task_mapping']) retrieved from /home/raj/Downloads/kafka_2.13-3.5.1/airflow-env/lib64/python3.11/site-packages/airflow/example_dags/example_dynamic_task_mapping.py
[2023-10-07T04:20:05.733+0530] {logging_mixin.py:151} INFO - [2023-10-07T04:20:05.733+0530] {dag.py:2915} INFO - Sync 1 DAGs
[2023-10-07T04:20:05.752+0530] {logging_mixin.py:151} INFO - [2023-10-07T04:20:05.752+0530] {dag.py:3696} INFO - Setting next_dagrun for example_dynamic_task_mapping to 2022-03-04T00:00:00+00:00, run_after=2022-03-05T00:00:00+00:00
[2023-10-07T04:20:05.775+0530] {processor.py:179} INFO - Processing /home/raj/Downloads/kafka_2.13-3.5.1/airflow-env/lib64/python3.11/site-packages/airflow/example_dags/example_dynamic_task_mapping.py took 0.103 seconds
[2023-10-07T04:21:00.743+0530] {processor.py:157} INFO - Started process (PID=20540) to work on /home/raj/Downloads/kafka_2.13-3.5.1/airflow-env/lib64/python3.11/site-packages/airflow/example_dags/example_dynamic_task_mapping.py
[2023-10-07T04:21:00.748+0530] {processor.py:829} INFO - Processing file /home/raj/Downloads/kafka_2.13-3.5.1/airflow-env/lib64/python3.11/site-packages/airflow/example_dags/example_dynamic_task_mapping.py for tasks to queue
[2023-10-07T04:21:00.749+0530] {logging_mixin.py:151} INFO - [2023-10-07T04:21:00.749+0530] {dagbag.py:539} INFO - Filling up the DagBag from /home/raj/Downloads/kafka_2.13-3.5.1/airflow-env/lib64/python3.11/site-packages/airflow/example_dags/example_dynamic_task_mapping.py
[2023-10-07T04:21:00.759+0530] {processor.py:839} INFO - DAG(s) dict_keys(['example_dynamic_task_mapping']) retrieved from /home/raj/Downloads/kafka_2.13-3.5.1/airflow-env/lib64/python3.11/site-packages/airflow/example_dags/example_dynamic_task_mapping.py
[2023-10-07T04:21:00.779+0530] {logging_mixin.py:151} INFO - [2023-10-07T04:21:00.779+0530] {dag.py:2915} INFO - Sync 1 DAGs
[2023-10-07T04:21:00.801+0530] {logging_mixin.py:151} INFO - [2023-10-07T04:21:00.801+0530] {dag.py:3696} INFO - Setting next_dagrun for example_dynamic_task_mapping to 2022-03-04T00:00:00+00:00, run_after=2022-03-05T00:00:00+00:00
[2023-10-07T04:21:00.824+0530] {processor.py:179} INFO - Processing /home/raj/Downloads/kafka_2.13-3.5.1/airflow-env/lib64/python3.11/site-packages/airflow/example_dags/example_dynamic_task_mapping.py took 0.085 seconds
[2023-10-07T04:21:51.159+0530] {processor.py:157} INFO - Started process (PID=20702) to work on /home/raj/Downloads/kafka_2.13-3.5.1/airflow-env/lib64/python3.11/site-packages/airflow/example_dags/example_dynamic_task_mapping.py
[2023-10-07T04:21:51.160+0530] {processor.py:829} INFO - Processing file /home/raj/Downloads/kafka_2.13-3.5.1/airflow-env/lib64/python3.11/site-packages/airflow/example_dags/example_dynamic_task_mapping.py for tasks to queue
[2023-10-07T04:21:51.161+0530] {logging_mixin.py:151} INFO - [2023-10-07T04:21:51.161+0530] {dagbag.py:539} INFO - Filling up the DagBag from /home/raj/Downloads/kafka_2.13-3.5.1/airflow-env/lib64/python3.11/site-packages/airflow/example_dags/example_dynamic_task_mapping.py
[2023-10-07T04:21:51.171+0530] {processor.py:839} INFO - DAG(s) dict_keys(['example_dynamic_task_mapping']) retrieved from /home/raj/Downloads/kafka_2.13-3.5.1/airflow-env/lib64/python3.11/site-packages/airflow/example_dags/example_dynamic_task_mapping.py
[2023-10-07T04:21:51.188+0530] {logging_mixin.py:151} INFO - [2023-10-07T04:21:51.188+0530] {dag.py:2915} INFO - Sync 1 DAGs
[2023-10-07T04:21:51.212+0530] {logging_mixin.py:151} INFO - [2023-10-07T04:21:51.212+0530] {dag.py:3696} INFO - Setting next_dagrun for example_dynamic_task_mapping to 2022-03-04T00:00:00+00:00, run_after=2022-03-05T00:00:00+00:00
[2023-10-07T04:21:51.243+0530] {processor.py:179} INFO - Processing /home/raj/Downloads/kafka_2.13-3.5.1/airflow-env/lib64/python3.11/site-packages/airflow/example_dags/example_dynamic_task_mapping.py took 0.087 seconds
[2023-10-07T04:22:41.610+0530] {processor.py:157} INFO - Started process (PID=20835) to work on /home/raj/Downloads/kafka_2.13-3.5.1/airflow-env/lib64/python3.11/site-packages/airflow/example_dags/example_dynamic_task_mapping.py
[2023-10-07T04:22:41.620+0530] {processor.py:829} INFO - Processing file /home/raj/Downloads/kafka_2.13-3.5.1/airflow-env/lib64/python3.11/site-packages/airflow/example_dags/example_dynamic_task_mapping.py for tasks to queue
[2023-10-07T04:22:41.621+0530] {logging_mixin.py:151} INFO - [2023-10-07T04:22:41.621+0530] {dagbag.py:539} INFO - Filling up the DagBag from /home/raj/Downloads/kafka_2.13-3.5.1/airflow-env/lib64/python3.11/site-packages/airflow/example_dags/example_dynamic_task_mapping.py
[2023-10-07T04:22:41.630+0530] {processor.py:839} INFO - DAG(s) dict_keys(['example_dynamic_task_mapping']) retrieved from /home/raj/Downloads/kafka_2.13-3.5.1/airflow-env/lib64/python3.11/site-packages/airflow/example_dags/example_dynamic_task_mapping.py
[2023-10-07T04:22:41.650+0530] {logging_mixin.py:151} INFO - [2023-10-07T04:22:41.649+0530] {dag.py:2915} INFO - Sync 1 DAGs
[2023-10-07T04:22:41.680+0530] {logging_mixin.py:151} INFO - [2023-10-07T04:22:41.680+0530] {dag.py:3696} INFO - Setting next_dagrun for example_dynamic_task_mapping to 2022-03-04T00:00:00+00:00, run_after=2022-03-05T00:00:00+00:00
[2023-10-07T04:22:41.707+0530] {processor.py:179} INFO - Processing /home/raj/Downloads/kafka_2.13-3.5.1/airflow-env/lib64/python3.11/site-packages/airflow/example_dags/example_dynamic_task_mapping.py took 0.101 seconds
[2023-10-07T04:23:34.394+0530] {processor.py:157} INFO - Started process (PID=20931) to work on /home/raj/Downloads/kafka_2.13-3.5.1/airflow-env/lib64/python3.11/site-packages/airflow/example_dags/example_dynamic_task_mapping.py
[2023-10-07T04:23:34.405+0530] {processor.py:829} INFO - Processing file /home/raj/Downloads/kafka_2.13-3.5.1/airflow-env/lib64/python3.11/site-packages/airflow/example_dags/example_dynamic_task_mapping.py for tasks to queue
[2023-10-07T04:23:34.407+0530] {logging_mixin.py:151} INFO - [2023-10-07T04:23:34.406+0530] {dagbag.py:539} INFO - Filling up the DagBag from /home/raj/Downloads/kafka_2.13-3.5.1/airflow-env/lib64/python3.11/site-packages/airflow/example_dags/example_dynamic_task_mapping.py
[2023-10-07T04:23:34.424+0530] {processor.py:839} INFO - DAG(s) dict_keys(['example_dynamic_task_mapping']) retrieved from /home/raj/Downloads/kafka_2.13-3.5.1/airflow-env/lib64/python3.11/site-packages/airflow/example_dags/example_dynamic_task_mapping.py
[2023-10-07T04:23:34.452+0530] {logging_mixin.py:151} INFO - [2023-10-07T04:23:34.451+0530] {dag.py:2915} INFO - Sync 1 DAGs
[2023-10-07T04:23:34.473+0530] {logging_mixin.py:151} INFO - [2023-10-07T04:23:34.472+0530] {dag.py:3696} INFO - Setting next_dagrun for example_dynamic_task_mapping to 2022-03-04T00:00:00+00:00, run_after=2022-03-05T00:00:00+00:00
[2023-10-07T04:23:34.496+0530] {processor.py:179} INFO - Processing /home/raj/Downloads/kafka_2.13-3.5.1/airflow-env/lib64/python3.11/site-packages/airflow/example_dags/example_dynamic_task_mapping.py took 0.108 seconds
[2023-10-07T04:24:24.336+0530] {processor.py:157} INFO - Started process (PID=21057) to work on /home/raj/Downloads/kafka_2.13-3.5.1/airflow-env/lib64/python3.11/site-packages/airflow/example_dags/example_dynamic_task_mapping.py
[2023-10-07T04:24:24.347+0530] {processor.py:829} INFO - Processing file /home/raj/Downloads/kafka_2.13-3.5.1/airflow-env/lib64/python3.11/site-packages/airflow/example_dags/example_dynamic_task_mapping.py for tasks to queue
[2023-10-07T04:24:24.349+0530] {logging_mixin.py:151} INFO - [2023-10-07T04:24:24.348+0530] {dagbag.py:539} INFO - Filling up the DagBag from /home/raj/Downloads/kafka_2.13-3.5.1/airflow-env/lib64/python3.11/site-packages/airflow/example_dags/example_dynamic_task_mapping.py
[2023-10-07T04:24:24.359+0530] {processor.py:839} INFO - DAG(s) dict_keys(['example_dynamic_task_mapping']) retrieved from /home/raj/Downloads/kafka_2.13-3.5.1/airflow-env/lib64/python3.11/site-packages/airflow/example_dags/example_dynamic_task_mapping.py
[2023-10-07T04:24:24.375+0530] {logging_mixin.py:151} INFO - [2023-10-07T04:24:24.374+0530] {dag.py:2915} INFO - Sync 1 DAGs
[2023-10-07T04:24:24.396+0530] {logging_mixin.py:151} INFO - [2023-10-07T04:24:24.396+0530] {dag.py:3696} INFO - Setting next_dagrun for example_dynamic_task_mapping to 2022-03-04T00:00:00+00:00, run_after=2022-03-05T00:00:00+00:00
[2023-10-07T04:24:24.420+0530] {processor.py:179} INFO - Processing /home/raj/Downloads/kafka_2.13-3.5.1/airflow-env/lib64/python3.11/site-packages/airflow/example_dags/example_dynamic_task_mapping.py took 0.087 seconds
[2023-10-07T04:25:13.967+0530] {processor.py:157} INFO - Started process (PID=21149) to work on /home/raj/Downloads/kafka_2.13-3.5.1/airflow-env/lib64/python3.11/site-packages/airflow/example_dags/example_dynamic_task_mapping.py
[2023-10-07T04:25:13.968+0530] {processor.py:829} INFO - Processing file /home/raj/Downloads/kafka_2.13-3.5.1/airflow-env/lib64/python3.11/site-packages/airflow/example_dags/example_dynamic_task_mapping.py for tasks to queue
[2023-10-07T04:25:13.969+0530] {logging_mixin.py:151} INFO - [2023-10-07T04:25:13.969+0530] {dagbag.py:539} INFO - Filling up the DagBag from /home/raj/Downloads/kafka_2.13-3.5.1/airflow-env/lib64/python3.11/site-packages/airflow/example_dags/example_dynamic_task_mapping.py
[2023-10-07T04:25:13.979+0530] {processor.py:839} INFO - DAG(s) dict_keys(['example_dynamic_task_mapping']) retrieved from /home/raj/Downloads/kafka_2.13-3.5.1/airflow-env/lib64/python3.11/site-packages/airflow/example_dags/example_dynamic_task_mapping.py
[2023-10-07T04:25:13.997+0530] {logging_mixin.py:151} INFO - [2023-10-07T04:25:13.997+0530] {dag.py:2915} INFO - Sync 1 DAGs
[2023-10-07T04:25:14.020+0530] {logging_mixin.py:151} INFO - [2023-10-07T04:25:14.020+0530] {dag.py:3696} INFO - Setting next_dagrun for example_dynamic_task_mapping to 2022-03-04T00:00:00+00:00, run_after=2022-03-05T00:00:00+00:00
[2023-10-07T04:25:14.042+0530] {processor.py:179} INFO - Processing /home/raj/Downloads/kafka_2.13-3.5.1/airflow-env/lib64/python3.11/site-packages/airflow/example_dags/example_dynamic_task_mapping.py took 0.079 seconds
[2023-10-07T04:26:07.000+0530] {processor.py:157} INFO - Started process (PID=21270) to work on /home/raj/Downloads/kafka_2.13-3.5.1/airflow-env/lib64/python3.11/site-packages/airflow/example_dags/example_dynamic_task_mapping.py
[2023-10-07T04:26:07.011+0530] {processor.py:829} INFO - Processing file /home/raj/Downloads/kafka_2.13-3.5.1/airflow-env/lib64/python3.11/site-packages/airflow/example_dags/example_dynamic_task_mapping.py for tasks to queue
[2023-10-07T04:26:07.012+0530] {logging_mixin.py:151} INFO - [2023-10-07T04:26:07.011+0530] {dagbag.py:539} INFO - Filling up the DagBag from /home/raj/Downloads/kafka_2.13-3.5.1/airflow-env/lib64/python3.11/site-packages/airflow/example_dags/example_dynamic_task_mapping.py
[2023-10-07T04:26:07.021+0530] {processor.py:839} INFO - DAG(s) dict_keys(['example_dynamic_task_mapping']) retrieved from /home/raj/Downloads/kafka_2.13-3.5.1/airflow-env/lib64/python3.11/site-packages/airflow/example_dags/example_dynamic_task_mapping.py
[2023-10-07T04:26:07.039+0530] {logging_mixin.py:151} INFO - [2023-10-07T04:26:07.039+0530] {dag.py:2915} INFO - Sync 1 DAGs
[2023-10-07T04:26:07.056+0530] {logging_mixin.py:151} INFO - [2023-10-07T04:26:07.055+0530] {dag.py:3696} INFO - Setting next_dagrun for example_dynamic_task_mapping to 2022-03-04T00:00:00+00:00, run_after=2022-03-05T00:00:00+00:00
[2023-10-07T04:26:07.074+0530] {processor.py:179} INFO - Processing /home/raj/Downloads/kafka_2.13-3.5.1/airflow-env/lib64/python3.11/site-packages/airflow/example_dags/example_dynamic_task_mapping.py took 0.079 seconds
[2023-10-07T04:26:57.492+0530] {processor.py:157} INFO - Started process (PID=21429) to work on /home/raj/Downloads/kafka_2.13-3.5.1/airflow-env/lib64/python3.11/site-packages/airflow/example_dags/example_dynamic_task_mapping.py
[2023-10-07T04:26:57.493+0530] {processor.py:829} INFO - Processing file /home/raj/Downloads/kafka_2.13-3.5.1/airflow-env/lib64/python3.11/site-packages/airflow/example_dags/example_dynamic_task_mapping.py for tasks to queue
[2023-10-07T04:26:57.493+0530] {logging_mixin.py:151} INFO - [2023-10-07T04:26:57.493+0530] {dagbag.py:539} INFO - Filling up the DagBag from /home/raj/Downloads/kafka_2.13-3.5.1/airflow-env/lib64/python3.11/site-packages/airflow/example_dags/example_dynamic_task_mapping.py
[2023-10-07T04:26:57.500+0530] {processor.py:839} INFO - DAG(s) dict_keys(['example_dynamic_task_mapping']) retrieved from /home/raj/Downloads/kafka_2.13-3.5.1/airflow-env/lib64/python3.11/site-packages/airflow/example_dags/example_dynamic_task_mapping.py
[2023-10-07T04:26:57.513+0530] {logging_mixin.py:151} INFO - [2023-10-07T04:26:57.513+0530] {dag.py:2915} INFO - Sync 1 DAGs
[2023-10-07T04:26:57.531+0530] {logging_mixin.py:151} INFO - [2023-10-07T04:26:57.531+0530] {dag.py:3696} INFO - Setting next_dagrun for example_dynamic_task_mapping to 2022-03-04T00:00:00+00:00, run_after=2022-03-05T00:00:00+00:00
[2023-10-07T04:26:57.552+0530] {processor.py:179} INFO - Processing /home/raj/Downloads/kafka_2.13-3.5.1/airflow-env/lib64/python3.11/site-packages/airflow/example_dags/example_dynamic_task_mapping.py took 0.063 seconds
[2023-10-07T04:27:49.535+0530] {processor.py:157} INFO - Started process (PID=21576) to work on /home/raj/Downloads/kafka_2.13-3.5.1/airflow-env/lib64/python3.11/site-packages/airflow/example_dags/example_dynamic_task_mapping.py
[2023-10-07T04:27:49.547+0530] {processor.py:829} INFO - Processing file /home/raj/Downloads/kafka_2.13-3.5.1/airflow-env/lib64/python3.11/site-packages/airflow/example_dags/example_dynamic_task_mapping.py for tasks to queue
[2023-10-07T04:27:49.548+0530] {logging_mixin.py:151} INFO - [2023-10-07T04:27:49.547+0530] {dagbag.py:539} INFO - Filling up the DagBag from /home/raj/Downloads/kafka_2.13-3.5.1/airflow-env/lib64/python3.11/site-packages/airflow/example_dags/example_dynamic_task_mapping.py
[2023-10-07T04:27:49.562+0530] {processor.py:839} INFO - DAG(s) dict_keys(['example_dynamic_task_mapping']) retrieved from /home/raj/Downloads/kafka_2.13-3.5.1/airflow-env/lib64/python3.11/site-packages/airflow/example_dags/example_dynamic_task_mapping.py
[2023-10-07T04:27:49.591+0530] {logging_mixin.py:151} INFO - [2023-10-07T04:27:49.590+0530] {dag.py:2915} INFO - Sync 1 DAGs
[2023-10-07T04:27:49.609+0530] {logging_mixin.py:151} INFO - [2023-10-07T04:27:49.609+0530] {dag.py:3696} INFO - Setting next_dagrun for example_dynamic_task_mapping to 2022-03-04T00:00:00+00:00, run_after=2022-03-05T00:00:00+00:00
[2023-10-07T04:27:49.631+0530] {processor.py:179} INFO - Processing /home/raj/Downloads/kafka_2.13-3.5.1/airflow-env/lib64/python3.11/site-packages/airflow/example_dags/example_dynamic_task_mapping.py took 0.101 seconds
[2023-10-07T04:28:43.405+0530] {processor.py:157} INFO - Started process (PID=21712) to work on /home/raj/Downloads/kafka_2.13-3.5.1/airflow-env/lib64/python3.11/site-packages/airflow/example_dags/example_dynamic_task_mapping.py
[2023-10-07T04:28:43.416+0530] {processor.py:829} INFO - Processing file /home/raj/Downloads/kafka_2.13-3.5.1/airflow-env/lib64/python3.11/site-packages/airflow/example_dags/example_dynamic_task_mapping.py for tasks to queue
[2023-10-07T04:28:43.418+0530] {logging_mixin.py:151} INFO - [2023-10-07T04:28:43.417+0530] {dagbag.py:539} INFO - Filling up the DagBag from /home/raj/Downloads/kafka_2.13-3.5.1/airflow-env/lib64/python3.11/site-packages/airflow/example_dags/example_dynamic_task_mapping.py
[2023-10-07T04:28:43.432+0530] {processor.py:839} INFO - DAG(s) dict_keys(['example_dynamic_task_mapping']) retrieved from /home/raj/Downloads/kafka_2.13-3.5.1/airflow-env/lib64/python3.11/site-packages/airflow/example_dags/example_dynamic_task_mapping.py
[2023-10-07T04:28:43.460+0530] {logging_mixin.py:151} INFO - [2023-10-07T04:28:43.460+0530] {dag.py:2915} INFO - Sync 1 DAGs
[2023-10-07T04:28:43.477+0530] {logging_mixin.py:151} INFO - [2023-10-07T04:28:43.477+0530] {dag.py:3696} INFO - Setting next_dagrun for example_dynamic_task_mapping to 2022-03-04T00:00:00+00:00, run_after=2022-03-05T00:00:00+00:00
[2023-10-07T04:28:43.494+0530] {processor.py:179} INFO - Processing /home/raj/Downloads/kafka_2.13-3.5.1/airflow-env/lib64/python3.11/site-packages/airflow/example_dags/example_dynamic_task_mapping.py took 0.095 seconds
[2023-10-07T04:29:33.733+0530] {processor.py:157} INFO - Started process (PID=21793) to work on /home/raj/Downloads/kafka_2.13-3.5.1/airflow-env/lib64/python3.11/site-packages/airflow/example_dags/example_dynamic_task_mapping.py
[2023-10-07T04:29:33.745+0530] {processor.py:829} INFO - Processing file /home/raj/Downloads/kafka_2.13-3.5.1/airflow-env/lib64/python3.11/site-packages/airflow/example_dags/example_dynamic_task_mapping.py for tasks to queue
[2023-10-07T04:29:33.746+0530] {logging_mixin.py:151} INFO - [2023-10-07T04:29:33.745+0530] {dagbag.py:539} INFO - Filling up the DagBag from /home/raj/Downloads/kafka_2.13-3.5.1/airflow-env/lib64/python3.11/site-packages/airflow/example_dags/example_dynamic_task_mapping.py
[2023-10-07T04:29:33.759+0530] {processor.py:839} INFO - DAG(s) dict_keys(['example_dynamic_task_mapping']) retrieved from /home/raj/Downloads/kafka_2.13-3.5.1/airflow-env/lib64/python3.11/site-packages/airflow/example_dags/example_dynamic_task_mapping.py
[2023-10-07T04:29:33.772+0530] {logging_mixin.py:151} INFO - [2023-10-07T04:29:33.772+0530] {dag.py:2915} INFO - Sync 1 DAGs
[2023-10-07T04:29:33.788+0530] {logging_mixin.py:151} INFO - [2023-10-07T04:29:33.788+0530] {dag.py:3696} INFO - Setting next_dagrun for example_dynamic_task_mapping to 2022-03-04T00:00:00+00:00, run_after=2022-03-05T00:00:00+00:00
[2023-10-07T04:29:33.807+0530] {processor.py:179} INFO - Processing /home/raj/Downloads/kafka_2.13-3.5.1/airflow-env/lib64/python3.11/site-packages/airflow/example_dags/example_dynamic_task_mapping.py took 0.079 seconds
[2023-10-07T04:41:04.488+0530] {processor.py:157} INFO - Started process (PID=9945) to work on /home/raj/Downloads/kafka_2.13-3.5.1/airflow-env/lib64/python3.11/site-packages/airflow/example_dags/example_dynamic_task_mapping.py
[2023-10-07T04:41:04.490+0530] {processor.py:829} INFO - Processing file /home/raj/Downloads/kafka_2.13-3.5.1/airflow-env/lib64/python3.11/site-packages/airflow/example_dags/example_dynamic_task_mapping.py for tasks to queue
[2023-10-07T04:41:04.491+0530] {logging_mixin.py:151} INFO - [2023-10-07T04:41:04.491+0530] {dagbag.py:539} INFO - Filling up the DagBag from /home/raj/Downloads/kafka_2.13-3.5.1/airflow-env/lib64/python3.11/site-packages/airflow/example_dags/example_dynamic_task_mapping.py
[2023-10-07T04:41:04.499+0530] {processor.py:839} INFO - DAG(s) dict_keys(['example_dynamic_task_mapping']) retrieved from /home/raj/Downloads/kafka_2.13-3.5.1/airflow-env/lib64/python3.11/site-packages/airflow/example_dags/example_dynamic_task_mapping.py
[2023-10-07T04:41:04.514+0530] {logging_mixin.py:151} INFO - [2023-10-07T04:41:04.513+0530] {dag.py:2915} INFO - Sync 1 DAGs
[2023-10-07T04:41:04.530+0530] {logging_mixin.py:151} INFO - [2023-10-07T04:41:04.530+0530] {dag.py:3696} INFO - Setting next_dagrun for example_dynamic_task_mapping to 2022-03-04T00:00:00+00:00, run_after=2022-03-05T00:00:00+00:00
[2023-10-07T04:41:04.547+0530] {processor.py:179} INFO - Processing /home/raj/Downloads/kafka_2.13-3.5.1/airflow-env/lib64/python3.11/site-packages/airflow/example_dags/example_dynamic_task_mapping.py took 0.063 seconds
[2023-10-07T04:41:57.950+0530] {processor.py:157} INFO - Started process (PID=10069) to work on /home/raj/Downloads/kafka_2.13-3.5.1/airflow-env/lib64/python3.11/site-packages/airflow/example_dags/example_dynamic_task_mapping.py
[2023-10-07T04:41:57.960+0530] {processor.py:829} INFO - Processing file /home/raj/Downloads/kafka_2.13-3.5.1/airflow-env/lib64/python3.11/site-packages/airflow/example_dags/example_dynamic_task_mapping.py for tasks to queue
[2023-10-07T04:41:57.962+0530] {logging_mixin.py:151} INFO - [2023-10-07T04:41:57.961+0530] {dagbag.py:539} INFO - Filling up the DagBag from /home/raj/Downloads/kafka_2.13-3.5.1/airflow-env/lib64/python3.11/site-packages/airflow/example_dags/example_dynamic_task_mapping.py
[2023-10-07T04:41:57.971+0530] {processor.py:839} INFO - DAG(s) dict_keys(['example_dynamic_task_mapping']) retrieved from /home/raj/Downloads/kafka_2.13-3.5.1/airflow-env/lib64/python3.11/site-packages/airflow/example_dags/example_dynamic_task_mapping.py
[2023-10-07T04:41:57.987+0530] {logging_mixin.py:151} INFO - [2023-10-07T04:41:57.986+0530] {dag.py:2915} INFO - Sync 1 DAGs
[2023-10-07T04:41:58.018+0530] {logging_mixin.py:151} INFO - [2023-10-07T04:41:58.017+0530] {dag.py:3696} INFO - Setting next_dagrun for example_dynamic_task_mapping to 2022-03-04T00:00:00+00:00, run_after=2022-03-05T00:00:00+00:00
[2023-10-07T04:41:58.036+0530] {processor.py:179} INFO - Processing /home/raj/Downloads/kafka_2.13-3.5.1/airflow-env/lib64/python3.11/site-packages/airflow/example_dags/example_dynamic_task_mapping.py took 0.090 seconds
[2023-10-07T04:42:49.792+0530] {processor.py:157} INFO - Started process (PID=10232) to work on /home/raj/Downloads/kafka_2.13-3.5.1/airflow-env/lib64/python3.11/site-packages/airflow/example_dags/example_dynamic_task_mapping.py
[2023-10-07T04:42:49.803+0530] {processor.py:829} INFO - Processing file /home/raj/Downloads/kafka_2.13-3.5.1/airflow-env/lib64/python3.11/site-packages/airflow/example_dags/example_dynamic_task_mapping.py for tasks to queue
[2023-10-07T04:42:49.804+0530] {logging_mixin.py:151} INFO - [2023-10-07T04:42:49.803+0530] {dagbag.py:539} INFO - Filling up the DagBag from /home/raj/Downloads/kafka_2.13-3.5.1/airflow-env/lib64/python3.11/site-packages/airflow/example_dags/example_dynamic_task_mapping.py
[2023-10-07T04:42:49.811+0530] {processor.py:839} INFO - DAG(s) dict_keys(['example_dynamic_task_mapping']) retrieved from /home/raj/Downloads/kafka_2.13-3.5.1/airflow-env/lib64/python3.11/site-packages/airflow/example_dags/example_dynamic_task_mapping.py
[2023-10-07T04:42:49.824+0530] {logging_mixin.py:151} INFO - [2023-10-07T04:42:49.823+0530] {dag.py:2915} INFO - Sync 1 DAGs
[2023-10-07T04:42:49.840+0530] {logging_mixin.py:151} INFO - [2023-10-07T04:42:49.840+0530] {dag.py:3696} INFO - Setting next_dagrun for example_dynamic_task_mapping to 2022-03-04T00:00:00+00:00, run_after=2022-03-05T00:00:00+00:00
[2023-10-07T04:42:49.859+0530] {processor.py:179} INFO - Processing /home/raj/Downloads/kafka_2.13-3.5.1/airflow-env/lib64/python3.11/site-packages/airflow/example_dags/example_dynamic_task_mapping.py took 0.070 seconds
[2023-10-07T04:43:56.478+0530] {processor.py:157} INFO - Started process (PID=10418) to work on /home/raj/Downloads/kafka_2.13-3.5.1/airflow-env/lib64/python3.11/site-packages/airflow/example_dags/example_dynamic_task_mapping.py
[2023-10-07T04:43:56.489+0530] {processor.py:829} INFO - Processing file /home/raj/Downloads/kafka_2.13-3.5.1/airflow-env/lib64/python3.11/site-packages/airflow/example_dags/example_dynamic_task_mapping.py for tasks to queue
[2023-10-07T04:43:56.490+0530] {logging_mixin.py:151} INFO - [2023-10-07T04:43:56.490+0530] {dagbag.py:539} INFO - Filling up the DagBag from /home/raj/Downloads/kafka_2.13-3.5.1/airflow-env/lib64/python3.11/site-packages/airflow/example_dags/example_dynamic_task_mapping.py
[2023-10-07T04:43:56.505+0530] {processor.py:839} INFO - DAG(s) dict_keys(['example_dynamic_task_mapping']) retrieved from /home/raj/Downloads/kafka_2.13-3.5.1/airflow-env/lib64/python3.11/site-packages/airflow/example_dags/example_dynamic_task_mapping.py
[2023-10-07T04:43:56.532+0530] {logging_mixin.py:151} INFO - [2023-10-07T04:43:56.532+0530] {dag.py:2915} INFO - Sync 1 DAGs
[2023-10-07T04:43:56.551+0530] {logging_mixin.py:151} INFO - [2023-10-07T04:43:56.551+0530] {dag.py:3696} INFO - Setting next_dagrun for example_dynamic_task_mapping to 2022-03-04T00:00:00+00:00, run_after=2022-03-05T00:00:00+00:00
[2023-10-07T04:43:56.570+0530] {processor.py:179} INFO - Processing /home/raj/Downloads/kafka_2.13-3.5.1/airflow-env/lib64/python3.11/site-packages/airflow/example_dags/example_dynamic_task_mapping.py took 0.098 seconds
[2023-10-07T04:44:53.672+0530] {processor.py:157} INFO - Started process (PID=10612) to work on /home/raj/Downloads/kafka_2.13-3.5.1/airflow-env/lib64/python3.11/site-packages/airflow/example_dags/example_dynamic_task_mapping.py
[2023-10-07T04:44:53.673+0530] {processor.py:829} INFO - Processing file /home/raj/Downloads/kafka_2.13-3.5.1/airflow-env/lib64/python3.11/site-packages/airflow/example_dags/example_dynamic_task_mapping.py for tasks to queue
[2023-10-07T04:44:53.675+0530] {logging_mixin.py:151} INFO - [2023-10-07T04:44:53.674+0530] {dagbag.py:539} INFO - Filling up the DagBag from /home/raj/Downloads/kafka_2.13-3.5.1/airflow-env/lib64/python3.11/site-packages/airflow/example_dags/example_dynamic_task_mapping.py
[2023-10-07T04:44:53.693+0530] {processor.py:839} INFO - DAG(s) dict_keys(['example_dynamic_task_mapping']) retrieved from /home/raj/Downloads/kafka_2.13-3.5.1/airflow-env/lib64/python3.11/site-packages/airflow/example_dags/example_dynamic_task_mapping.py
[2023-10-07T04:44:53.708+0530] {logging_mixin.py:151} INFO - [2023-10-07T04:44:53.708+0530] {dag.py:2915} INFO - Sync 1 DAGs
[2023-10-07T04:44:53.734+0530] {logging_mixin.py:151} INFO - [2023-10-07T04:44:53.734+0530] {dag.py:3696} INFO - Setting next_dagrun for example_dynamic_task_mapping to 2022-03-04T00:00:00+00:00, run_after=2022-03-05T00:00:00+00:00
[2023-10-07T04:44:53.770+0530] {processor.py:179} INFO - Processing /home/raj/Downloads/kafka_2.13-3.5.1/airflow-env/lib64/python3.11/site-packages/airflow/example_dags/example_dynamic_task_mapping.py took 0.105 seconds
[2023-10-07T04:45:49.264+0530] {processor.py:157} INFO - Started process (PID=10768) to work on /home/raj/Downloads/kafka_2.13-3.5.1/airflow-env/lib64/python3.11/site-packages/airflow/example_dags/example_dynamic_task_mapping.py
[2023-10-07T04:45:49.275+0530] {processor.py:829} INFO - Processing file /home/raj/Downloads/kafka_2.13-3.5.1/airflow-env/lib64/python3.11/site-packages/airflow/example_dags/example_dynamic_task_mapping.py for tasks to queue
[2023-10-07T04:45:49.277+0530] {logging_mixin.py:151} INFO - [2023-10-07T04:45:49.276+0530] {dagbag.py:539} INFO - Filling up the DagBag from /home/raj/Downloads/kafka_2.13-3.5.1/airflow-env/lib64/python3.11/site-packages/airflow/example_dags/example_dynamic_task_mapping.py
[2023-10-07T04:45:49.287+0530] {processor.py:839} INFO - DAG(s) dict_keys(['example_dynamic_task_mapping']) retrieved from /home/raj/Downloads/kafka_2.13-3.5.1/airflow-env/lib64/python3.11/site-packages/airflow/example_dags/example_dynamic_task_mapping.py
[2023-10-07T04:45:49.307+0530] {logging_mixin.py:151} INFO - [2023-10-07T04:45:49.307+0530] {dag.py:2915} INFO - Sync 1 DAGs
[2023-10-07T04:45:49.338+0530] {logging_mixin.py:151} INFO - [2023-10-07T04:45:49.337+0530] {dag.py:3696} INFO - Setting next_dagrun for example_dynamic_task_mapping to 2022-03-04T00:00:00+00:00, run_after=2022-03-05T00:00:00+00:00
[2023-10-07T04:45:49.386+0530] {processor.py:179} INFO - Processing /home/raj/Downloads/kafka_2.13-3.5.1/airflow-env/lib64/python3.11/site-packages/airflow/example_dags/example_dynamic_task_mapping.py took 0.126 seconds
[2023-10-07T04:46:47.754+0530] {processor.py:157} INFO - Started process (PID=10896) to work on /home/raj/Downloads/kafka_2.13-3.5.1/airflow-env/lib64/python3.11/site-packages/airflow/example_dags/example_dynamic_task_mapping.py
[2023-10-07T04:46:47.766+0530] {processor.py:829} INFO - Processing file /home/raj/Downloads/kafka_2.13-3.5.1/airflow-env/lib64/python3.11/site-packages/airflow/example_dags/example_dynamic_task_mapping.py for tasks to queue
[2023-10-07T04:46:47.768+0530] {logging_mixin.py:151} INFO - [2023-10-07T04:46:47.767+0530] {dagbag.py:539} INFO - Filling up the DagBag from /home/raj/Downloads/kafka_2.13-3.5.1/airflow-env/lib64/python3.11/site-packages/airflow/example_dags/example_dynamic_task_mapping.py
[2023-10-07T04:46:47.786+0530] {processor.py:839} INFO - DAG(s) dict_keys(['example_dynamic_task_mapping']) retrieved from /home/raj/Downloads/kafka_2.13-3.5.1/airflow-env/lib64/python3.11/site-packages/airflow/example_dags/example_dynamic_task_mapping.py
[2023-10-07T04:46:47.817+0530] {logging_mixin.py:151} INFO - [2023-10-07T04:46:47.817+0530] {dag.py:2915} INFO - Sync 1 DAGs
[2023-10-07T04:46:47.836+0530] {logging_mixin.py:151} INFO - [2023-10-07T04:46:47.836+0530] {dag.py:3696} INFO - Setting next_dagrun for example_dynamic_task_mapping to 2022-03-04T00:00:00+00:00, run_after=2022-03-05T00:00:00+00:00
[2023-10-07T04:46:47.857+0530] {processor.py:179} INFO - Processing /home/raj/Downloads/kafka_2.13-3.5.1/airflow-env/lib64/python3.11/site-packages/airflow/example_dags/example_dynamic_task_mapping.py took 0.109 seconds
[2023-10-07T04:47:37.394+0530] {processor.py:157} INFO - Started process (PID=10989) to work on /home/raj/Downloads/kafka_2.13-3.5.1/airflow-env/lib64/python3.11/site-packages/airflow/example_dags/example_dynamic_task_mapping.py
[2023-10-07T04:47:37.405+0530] {processor.py:829} INFO - Processing file /home/raj/Downloads/kafka_2.13-3.5.1/airflow-env/lib64/python3.11/site-packages/airflow/example_dags/example_dynamic_task_mapping.py for tasks to queue
[2023-10-07T04:47:37.407+0530] {logging_mixin.py:151} INFO - [2023-10-07T04:47:37.406+0530] {dagbag.py:539} INFO - Filling up the DagBag from /home/raj/Downloads/kafka_2.13-3.5.1/airflow-env/lib64/python3.11/site-packages/airflow/example_dags/example_dynamic_task_mapping.py
[2023-10-07T04:47:37.421+0530] {processor.py:839} INFO - DAG(s) dict_keys(['example_dynamic_task_mapping']) retrieved from /home/raj/Downloads/kafka_2.13-3.5.1/airflow-env/lib64/python3.11/site-packages/airflow/example_dags/example_dynamic_task_mapping.py
[2023-10-07T04:47:37.436+0530] {logging_mixin.py:151} INFO - [2023-10-07T04:47:37.436+0530] {dag.py:2915} INFO - Sync 1 DAGs
[2023-10-07T04:47:37.460+0530] {logging_mixin.py:151} INFO - [2023-10-07T04:47:37.460+0530] {dag.py:3696} INFO - Setting next_dagrun for example_dynamic_task_mapping to 2022-03-04T00:00:00+00:00, run_after=2022-03-05T00:00:00+00:00
[2023-10-07T04:47:37.481+0530] {processor.py:179} INFO - Processing /home/raj/Downloads/kafka_2.13-3.5.1/airflow-env/lib64/python3.11/site-packages/airflow/example_dags/example_dynamic_task_mapping.py took 0.093 seconds
[2023-10-07T04:48:29.240+0530] {processor.py:157} INFO - Started process (PID=11095) to work on /home/raj/Downloads/kafka_2.13-3.5.1/airflow-env/lib64/python3.11/site-packages/airflow/example_dags/example_dynamic_task_mapping.py
[2023-10-07T04:48:29.251+0530] {processor.py:829} INFO - Processing file /home/raj/Downloads/kafka_2.13-3.5.1/airflow-env/lib64/python3.11/site-packages/airflow/example_dags/example_dynamic_task_mapping.py for tasks to queue
[2023-10-07T04:48:29.253+0530] {logging_mixin.py:151} INFO - [2023-10-07T04:48:29.252+0530] {dagbag.py:539} INFO - Filling up the DagBag from /home/raj/Downloads/kafka_2.13-3.5.1/airflow-env/lib64/python3.11/site-packages/airflow/example_dags/example_dynamic_task_mapping.py
[2023-10-07T04:48:29.268+0530] {processor.py:839} INFO - DAG(s) dict_keys(['example_dynamic_task_mapping']) retrieved from /home/raj/Downloads/kafka_2.13-3.5.1/airflow-env/lib64/python3.11/site-packages/airflow/example_dags/example_dynamic_task_mapping.py
[2023-10-07T04:48:29.295+0530] {logging_mixin.py:151} INFO - [2023-10-07T04:48:29.295+0530] {dag.py:2915} INFO - Sync 1 DAGs
[2023-10-07T04:48:29.311+0530] {logging_mixin.py:151} INFO - [2023-10-07T04:48:29.311+0530] {dag.py:3696} INFO - Setting next_dagrun for example_dynamic_task_mapping to 2022-03-04T00:00:00+00:00, run_after=2022-03-05T00:00:00+00:00
[2023-10-07T04:48:29.329+0530] {processor.py:179} INFO - Processing /home/raj/Downloads/kafka_2.13-3.5.1/airflow-env/lib64/python3.11/site-packages/airflow/example_dags/example_dynamic_task_mapping.py took 0.095 seconds
[2023-10-07T04:49:23.215+0530] {processor.py:157} INFO - Started process (PID=11224) to work on /home/raj/Downloads/kafka_2.13-3.5.1/airflow-env/lib64/python3.11/site-packages/airflow/example_dags/example_dynamic_task_mapping.py
[2023-10-07T04:49:23.226+0530] {processor.py:829} INFO - Processing file /home/raj/Downloads/kafka_2.13-3.5.1/airflow-env/lib64/python3.11/site-packages/airflow/example_dags/example_dynamic_task_mapping.py for tasks to queue
[2023-10-07T04:49:23.227+0530] {logging_mixin.py:151} INFO - [2023-10-07T04:49:23.227+0530] {dagbag.py:539} INFO - Filling up the DagBag from /home/raj/Downloads/kafka_2.13-3.5.1/airflow-env/lib64/python3.11/site-packages/airflow/example_dags/example_dynamic_task_mapping.py
[2023-10-07T04:49:23.242+0530] {processor.py:839} INFO - DAG(s) dict_keys(['example_dynamic_task_mapping']) retrieved from /home/raj/Downloads/kafka_2.13-3.5.1/airflow-env/lib64/python3.11/site-packages/airflow/example_dags/example_dynamic_task_mapping.py
[2023-10-07T04:49:23.272+0530] {logging_mixin.py:151} INFO - [2023-10-07T04:49:23.271+0530] {dag.py:2915} INFO - Sync 1 DAGs
[2023-10-07T04:49:23.289+0530] {logging_mixin.py:151} INFO - [2023-10-07T04:49:23.289+0530] {dag.py:3696} INFO - Setting next_dagrun for example_dynamic_task_mapping to 2022-03-04T00:00:00+00:00, run_after=2022-03-05T00:00:00+00:00
[2023-10-07T04:49:23.308+0530] {processor.py:179} INFO - Processing /home/raj/Downloads/kafka_2.13-3.5.1/airflow-env/lib64/python3.11/site-packages/airflow/example_dags/example_dynamic_task_mapping.py took 0.099 seconds
[2023-10-07T04:50:20.716+0530] {processor.py:157} INFO - Started process (PID=11317) to work on /home/raj/Downloads/kafka_2.13-3.5.1/airflow-env/lib64/python3.11/site-packages/airflow/example_dags/example_dynamic_task_mapping.py
[2023-10-07T04:50:20.727+0530] {processor.py:829} INFO - Processing file /home/raj/Downloads/kafka_2.13-3.5.1/airflow-env/lib64/python3.11/site-packages/airflow/example_dags/example_dynamic_task_mapping.py for tasks to queue
[2023-10-07T04:50:20.729+0530] {logging_mixin.py:151} INFO - [2023-10-07T04:50:20.728+0530] {dagbag.py:539} INFO - Filling up the DagBag from /home/raj/Downloads/kafka_2.13-3.5.1/airflow-env/lib64/python3.11/site-packages/airflow/example_dags/example_dynamic_task_mapping.py
[2023-10-07T04:50:20.743+0530] {processor.py:839} INFO - DAG(s) dict_keys(['example_dynamic_task_mapping']) retrieved from /home/raj/Downloads/kafka_2.13-3.5.1/airflow-env/lib64/python3.11/site-packages/airflow/example_dags/example_dynamic_task_mapping.py
[2023-10-07T04:50:20.773+0530] {logging_mixin.py:151} INFO - [2023-10-07T04:50:20.773+0530] {dag.py:2915} INFO - Sync 1 DAGs
[2023-10-07T04:50:20.789+0530] {logging_mixin.py:151} INFO - [2023-10-07T04:50:20.789+0530] {dag.py:3696} INFO - Setting next_dagrun for example_dynamic_task_mapping to 2022-03-04T00:00:00+00:00, run_after=2022-03-05T00:00:00+00:00
[2023-10-07T04:50:20.806+0530] {processor.py:179} INFO - Processing /home/raj/Downloads/kafka_2.13-3.5.1/airflow-env/lib64/python3.11/site-packages/airflow/example_dags/example_dynamic_task_mapping.py took 0.096 seconds
[2023-10-07T04:51:09.305+0530] {processor.py:157} INFO - Started process (PID=11425) to work on /home/raj/Downloads/kafka_2.13-3.5.1/airflow-env/lib64/python3.11/site-packages/airflow/example_dags/example_dynamic_task_mapping.py
[2023-10-07T04:51:09.317+0530] {processor.py:829} INFO - Processing file /home/raj/Downloads/kafka_2.13-3.5.1/airflow-env/lib64/python3.11/site-packages/airflow/example_dags/example_dynamic_task_mapping.py for tasks to queue
[2023-10-07T04:51:09.318+0530] {logging_mixin.py:151} INFO - [2023-10-07T04:51:09.317+0530] {dagbag.py:539} INFO - Filling up the DagBag from /home/raj/Downloads/kafka_2.13-3.5.1/airflow-env/lib64/python3.11/site-packages/airflow/example_dags/example_dynamic_task_mapping.py
[2023-10-07T04:51:09.333+0530] {processor.py:839} INFO - DAG(s) dict_keys(['example_dynamic_task_mapping']) retrieved from /home/raj/Downloads/kafka_2.13-3.5.1/airflow-env/lib64/python3.11/site-packages/airflow/example_dags/example_dynamic_task_mapping.py
[2023-10-07T04:51:09.360+0530] {logging_mixin.py:151} INFO - [2023-10-07T04:51:09.360+0530] {dag.py:2915} INFO - Sync 1 DAGs
[2023-10-07T04:51:09.376+0530] {logging_mixin.py:151} INFO - [2023-10-07T04:51:09.376+0530] {dag.py:3696} INFO - Setting next_dagrun for example_dynamic_task_mapping to 2022-03-04T00:00:00+00:00, run_after=2022-03-05T00:00:00+00:00
[2023-10-07T04:51:09.394+0530] {processor.py:179} INFO - Processing /home/raj/Downloads/kafka_2.13-3.5.1/airflow-env/lib64/python3.11/site-packages/airflow/example_dags/example_dynamic_task_mapping.py took 0.094 seconds
[2023-10-07T04:52:03.224+0530] {processor.py:157} INFO - Started process (PID=11617) to work on /home/raj/Downloads/kafka_2.13-3.5.1/airflow-env/lib64/python3.11/site-packages/airflow/example_dags/example_dynamic_task_mapping.py
[2023-10-07T04:52:03.234+0530] {processor.py:829} INFO - Processing file /home/raj/Downloads/kafka_2.13-3.5.1/airflow-env/lib64/python3.11/site-packages/airflow/example_dags/example_dynamic_task_mapping.py for tasks to queue
[2023-10-07T04:52:03.235+0530] {logging_mixin.py:151} INFO - [2023-10-07T04:52:03.235+0530] {dagbag.py:539} INFO - Filling up the DagBag from /home/raj/Downloads/kafka_2.13-3.5.1/airflow-env/lib64/python3.11/site-packages/airflow/example_dags/example_dynamic_task_mapping.py
[2023-10-07T04:52:03.244+0530] {processor.py:839} INFO - DAG(s) dict_keys(['example_dynamic_task_mapping']) retrieved from /home/raj/Downloads/kafka_2.13-3.5.1/airflow-env/lib64/python3.11/site-packages/airflow/example_dags/example_dynamic_task_mapping.py
[2023-10-07T04:52:03.259+0530] {logging_mixin.py:151} INFO - [2023-10-07T04:52:03.259+0530] {dag.py:2915} INFO - Sync 1 DAGs
[2023-10-07T04:52:03.281+0530] {logging_mixin.py:151} INFO - [2023-10-07T04:52:03.281+0530] {dag.py:3696} INFO - Setting next_dagrun for example_dynamic_task_mapping to 2022-03-04T00:00:00+00:00, run_after=2022-03-05T00:00:00+00:00
[2023-10-07T04:52:03.304+0530] {processor.py:179} INFO - Processing /home/raj/Downloads/kafka_2.13-3.5.1/airflow-env/lib64/python3.11/site-packages/airflow/example_dags/example_dynamic_task_mapping.py took 0.083 seconds
[2023-10-07T04:52:56.418+0530] {processor.py:157} INFO - Started process (PID=11770) to work on /home/raj/Downloads/kafka_2.13-3.5.1/airflow-env/lib64/python3.11/site-packages/airflow/example_dags/example_dynamic_task_mapping.py
[2023-10-07T04:52:56.429+0530] {processor.py:829} INFO - Processing file /home/raj/Downloads/kafka_2.13-3.5.1/airflow-env/lib64/python3.11/site-packages/airflow/example_dags/example_dynamic_task_mapping.py for tasks to queue
[2023-10-07T04:52:56.431+0530] {logging_mixin.py:151} INFO - [2023-10-07T04:52:56.430+0530] {dagbag.py:539} INFO - Filling up the DagBag from /home/raj/Downloads/kafka_2.13-3.5.1/airflow-env/lib64/python3.11/site-packages/airflow/example_dags/example_dynamic_task_mapping.py
[2023-10-07T04:52:56.448+0530] {processor.py:839} INFO - DAG(s) dict_keys(['example_dynamic_task_mapping']) retrieved from /home/raj/Downloads/kafka_2.13-3.5.1/airflow-env/lib64/python3.11/site-packages/airflow/example_dags/example_dynamic_task_mapping.py
[2023-10-07T04:52:56.475+0530] {logging_mixin.py:151} INFO - [2023-10-07T04:52:56.474+0530] {dag.py:2915} INFO - Sync 1 DAGs
[2023-10-07T04:52:56.491+0530] {logging_mixin.py:151} INFO - [2023-10-07T04:52:56.490+0530] {dag.py:3696} INFO - Setting next_dagrun for example_dynamic_task_mapping to 2022-03-04T00:00:00+00:00, run_after=2022-03-05T00:00:00+00:00
[2023-10-07T04:52:56.507+0530] {processor.py:179} INFO - Processing /home/raj/Downloads/kafka_2.13-3.5.1/airflow-env/lib64/python3.11/site-packages/airflow/example_dags/example_dynamic_task_mapping.py took 0.094 seconds
[2023-10-07T04:53:40.874+0530] {processor.py:157} INFO - Started process (PID=11928) to work on /home/raj/Downloads/kafka_2.13-3.5.1/airflow-env/lib64/python3.11/site-packages/airflow/example_dags/example_dynamic_task_mapping.py
[2023-10-07T04:53:40.885+0530] {processor.py:829} INFO - Processing file /home/raj/Downloads/kafka_2.13-3.5.1/airflow-env/lib64/python3.11/site-packages/airflow/example_dags/example_dynamic_task_mapping.py for tasks to queue
[2023-10-07T04:53:40.886+0530] {logging_mixin.py:151} INFO - [2023-10-07T04:53:40.886+0530] {dagbag.py:539} INFO - Filling up the DagBag from /home/raj/Downloads/kafka_2.13-3.5.1/airflow-env/lib64/python3.11/site-packages/airflow/example_dags/example_dynamic_task_mapping.py
[2023-10-07T04:53:40.900+0530] {processor.py:839} INFO - DAG(s) dict_keys(['example_dynamic_task_mapping']) retrieved from /home/raj/Downloads/kafka_2.13-3.5.1/airflow-env/lib64/python3.11/site-packages/airflow/example_dags/example_dynamic_task_mapping.py
[2023-10-07T04:53:40.924+0530] {logging_mixin.py:151} INFO - [2023-10-07T04:53:40.924+0530] {dag.py:2915} INFO - Sync 1 DAGs
[2023-10-07T04:53:40.943+0530] {logging_mixin.py:151} INFO - [2023-10-07T04:53:40.943+0530] {dag.py:3696} INFO - Setting next_dagrun for example_dynamic_task_mapping to 2022-03-04T00:00:00+00:00, run_after=2022-03-05T00:00:00+00:00
[2023-10-07T04:53:40.965+0530] {processor.py:179} INFO - Processing /home/raj/Downloads/kafka_2.13-3.5.1/airflow-env/lib64/python3.11/site-packages/airflow/example_dags/example_dynamic_task_mapping.py took 0.097 seconds
[2023-10-07T04:54:29.844+0530] {processor.py:157} INFO - Started process (PID=11999) to work on /home/raj/Downloads/kafka_2.13-3.5.1/airflow-env/lib64/python3.11/site-packages/airflow/example_dags/example_dynamic_task_mapping.py
[2023-10-07T04:54:29.855+0530] {processor.py:829} INFO - Processing file /home/raj/Downloads/kafka_2.13-3.5.1/airflow-env/lib64/python3.11/site-packages/airflow/example_dags/example_dynamic_task_mapping.py for tasks to queue
[2023-10-07T04:54:29.857+0530] {logging_mixin.py:151} INFO - [2023-10-07T04:54:29.856+0530] {dagbag.py:539} INFO - Filling up the DagBag from /home/raj/Downloads/kafka_2.13-3.5.1/airflow-env/lib64/python3.11/site-packages/airflow/example_dags/example_dynamic_task_mapping.py
[2023-10-07T04:54:29.873+0530] {processor.py:839} INFO - DAG(s) dict_keys(['example_dynamic_task_mapping']) retrieved from /home/raj/Downloads/kafka_2.13-3.5.1/airflow-env/lib64/python3.11/site-packages/airflow/example_dags/example_dynamic_task_mapping.py
[2023-10-07T04:54:29.901+0530] {logging_mixin.py:151} INFO - [2023-10-07T04:54:29.901+0530] {dag.py:2915} INFO - Sync 1 DAGs
[2023-10-07T04:54:29.917+0530] {logging_mixin.py:151} INFO - [2023-10-07T04:54:29.917+0530] {dag.py:3696} INFO - Setting next_dagrun for example_dynamic_task_mapping to 2022-03-04T00:00:00+00:00, run_after=2022-03-05T00:00:00+00:00
[2023-10-07T04:54:29.942+0530] {processor.py:179} INFO - Processing /home/raj/Downloads/kafka_2.13-3.5.1/airflow-env/lib64/python3.11/site-packages/airflow/example_dags/example_dynamic_task_mapping.py took 0.102 seconds
[2023-10-07T04:56:04.101+0530] {processor.py:157} INFO - Started process (PID=12235) to work on /home/raj/Downloads/kafka_2.13-3.5.1/airflow-env/lib64/python3.11/site-packages/airflow/example_dags/example_dynamic_task_mapping.py
[2023-10-07T04:56:04.112+0530] {processor.py:829} INFO - Processing file /home/raj/Downloads/kafka_2.13-3.5.1/airflow-env/lib64/python3.11/site-packages/airflow/example_dags/example_dynamic_task_mapping.py for tasks to queue
[2023-10-07T04:56:04.112+0530] {logging_mixin.py:151} INFO - [2023-10-07T04:56:04.112+0530] {dagbag.py:539} INFO - Filling up the DagBag from /home/raj/Downloads/kafka_2.13-3.5.1/airflow-env/lib64/python3.11/site-packages/airflow/example_dags/example_dynamic_task_mapping.py
[2023-10-07T04:56:04.119+0530] {processor.py:839} INFO - DAG(s) dict_keys(['example_dynamic_task_mapping']) retrieved from /home/raj/Downloads/kafka_2.13-3.5.1/airflow-env/lib64/python3.11/site-packages/airflow/example_dags/example_dynamic_task_mapping.py
[2023-10-07T04:56:04.151+0530] {logging_mixin.py:151} INFO - [2023-10-07T04:56:04.150+0530] {dag.py:2915} INFO - Sync 1 DAGs
[2023-10-07T04:56:04.172+0530] {logging_mixin.py:151} INFO - [2023-10-07T04:56:04.172+0530] {dag.py:3696} INFO - Setting next_dagrun for example_dynamic_task_mapping to 2022-03-04T00:00:00+00:00, run_after=2022-03-05T00:00:00+00:00
[2023-10-07T04:56:04.192+0530] {processor.py:179} INFO - Processing /home/raj/Downloads/kafka_2.13-3.5.1/airflow-env/lib64/python3.11/site-packages/airflow/example_dags/example_dynamic_task_mapping.py took 0.094 seconds
[2023-10-07T04:56:53.981+0530] {processor.py:157} INFO - Started process (PID=12314) to work on /home/raj/Downloads/kafka_2.13-3.5.1/airflow-env/lib64/python3.11/site-packages/airflow/example_dags/example_dynamic_task_mapping.py
[2023-10-07T04:56:53.992+0530] {processor.py:829} INFO - Processing file /home/raj/Downloads/kafka_2.13-3.5.1/airflow-env/lib64/python3.11/site-packages/airflow/example_dags/example_dynamic_task_mapping.py for tasks to queue
[2023-10-07T04:56:53.993+0530] {logging_mixin.py:151} INFO - [2023-10-07T04:56:53.993+0530] {dagbag.py:539} INFO - Filling up the DagBag from /home/raj/Downloads/kafka_2.13-3.5.1/airflow-env/lib64/python3.11/site-packages/airflow/example_dags/example_dynamic_task_mapping.py
[2023-10-07T04:56:54.008+0530] {processor.py:839} INFO - DAG(s) dict_keys(['example_dynamic_task_mapping']) retrieved from /home/raj/Downloads/kafka_2.13-3.5.1/airflow-env/lib64/python3.11/site-packages/airflow/example_dags/example_dynamic_task_mapping.py
[2023-10-07T04:56:54.033+0530] {logging_mixin.py:151} INFO - [2023-10-07T04:56:54.033+0530] {dag.py:2915} INFO - Sync 1 DAGs
[2023-10-07T04:56:54.055+0530] {logging_mixin.py:151} INFO - [2023-10-07T04:56:54.055+0530] {dag.py:3696} INFO - Setting next_dagrun for example_dynamic_task_mapping to 2022-03-04T00:00:00+00:00, run_after=2022-03-05T00:00:00+00:00
[2023-10-07T04:56:54.078+0530] {processor.py:179} INFO - Processing /home/raj/Downloads/kafka_2.13-3.5.1/airflow-env/lib64/python3.11/site-packages/airflow/example_dags/example_dynamic_task_mapping.py took 0.102 seconds
[2023-10-07T04:57:42.836+0530] {processor.py:157} INFO - Started process (PID=12468) to work on /home/raj/Downloads/kafka_2.13-3.5.1/airflow-env/lib64/python3.11/site-packages/airflow/example_dags/example_dynamic_task_mapping.py
[2023-10-07T04:57:42.848+0530] {processor.py:829} INFO - Processing file /home/raj/Downloads/kafka_2.13-3.5.1/airflow-env/lib64/python3.11/site-packages/airflow/example_dags/example_dynamic_task_mapping.py for tasks to queue
[2023-10-07T04:57:42.849+0530] {logging_mixin.py:151} INFO - [2023-10-07T04:57:42.849+0530] {dagbag.py:539} INFO - Filling up the DagBag from /home/raj/Downloads/kafka_2.13-3.5.1/airflow-env/lib64/python3.11/site-packages/airflow/example_dags/example_dynamic_task_mapping.py
[2023-10-07T04:57:42.863+0530] {processor.py:839} INFO - DAG(s) dict_keys(['example_dynamic_task_mapping']) retrieved from /home/raj/Downloads/kafka_2.13-3.5.1/airflow-env/lib64/python3.11/site-packages/airflow/example_dags/example_dynamic_task_mapping.py
[2023-10-07T04:57:42.893+0530] {logging_mixin.py:151} INFO - [2023-10-07T04:57:42.893+0530] {dag.py:2915} INFO - Sync 1 DAGs
[2023-10-07T04:57:42.908+0530] {logging_mixin.py:151} INFO - [2023-10-07T04:57:42.908+0530] {dag.py:3696} INFO - Setting next_dagrun for example_dynamic_task_mapping to 2022-03-04T00:00:00+00:00, run_after=2022-03-05T00:00:00+00:00
[2023-10-07T04:57:42.926+0530] {processor.py:179} INFO - Processing /home/raj/Downloads/kafka_2.13-3.5.1/airflow-env/lib64/python3.11/site-packages/airflow/example_dags/example_dynamic_task_mapping.py took 0.095 seconds
[2023-10-07T04:58:36.537+0530] {processor.py:157} INFO - Started process (PID=12541) to work on /home/raj/Downloads/kafka_2.13-3.5.1/airflow-env/lib64/python3.11/site-packages/airflow/example_dags/example_dynamic_task_mapping.py
[2023-10-07T04:58:36.547+0530] {processor.py:829} INFO - Processing file /home/raj/Downloads/kafka_2.13-3.5.1/airflow-env/lib64/python3.11/site-packages/airflow/example_dags/example_dynamic_task_mapping.py for tasks to queue
[2023-10-07T04:58:36.548+0530] {logging_mixin.py:151} INFO - [2023-10-07T04:58:36.548+0530] {dagbag.py:539} INFO - Filling up the DagBag from /home/raj/Downloads/kafka_2.13-3.5.1/airflow-env/lib64/python3.11/site-packages/airflow/example_dags/example_dynamic_task_mapping.py
[2023-10-07T04:58:36.558+0530] {processor.py:839} INFO - DAG(s) dict_keys(['example_dynamic_task_mapping']) retrieved from /home/raj/Downloads/kafka_2.13-3.5.1/airflow-env/lib64/python3.11/site-packages/airflow/example_dags/example_dynamic_task_mapping.py
[2023-10-07T04:58:36.574+0530] {logging_mixin.py:151} INFO - [2023-10-07T04:58:36.574+0530] {dag.py:2915} INFO - Sync 1 DAGs
[2023-10-07T04:58:36.596+0530] {logging_mixin.py:151} INFO - [2023-10-07T04:58:36.596+0530] {dag.py:3696} INFO - Setting next_dagrun for example_dynamic_task_mapping to 2022-03-04T00:00:00+00:00, run_after=2022-03-05T00:00:00+00:00
[2023-10-07T04:58:36.618+0530] {processor.py:179} INFO - Processing /home/raj/Downloads/kafka_2.13-3.5.1/airflow-env/lib64/python3.11/site-packages/airflow/example_dags/example_dynamic_task_mapping.py took 0.086 seconds
