[2023-10-07T04:00:00.927+0530] {processor.py:157} INFO - Started process (PID=18046) to work on /home/raj/Downloads/kafka_2.13-3.5.1/airflow-env/lib64/python3.11/site-packages/airflow/example_dags/example_kubernetes_executor.py
[2023-10-07T04:00:00.928+0530] {processor.py:829} INFO - Processing file /home/raj/Downloads/kafka_2.13-3.5.1/airflow-env/lib64/python3.11/site-packages/airflow/example_dags/example_kubernetes_executor.py for tasks to queue
[2023-10-07T04:00:00.931+0530] {logging_mixin.py:151} INFO - [2023-10-07T04:00:00.930+0530] {dagbag.py:539} INFO - Filling up the DagBag from /home/raj/Downloads/kafka_2.13-3.5.1/airflow-env/lib64/python3.11/site-packages/airflow/example_dags/example_kubernetes_executor.py
[2023-10-07T04:00:00.936+0530] {logging_mixin.py:151} INFO - [2023-10-07T04:00:00.935+0530] {example_kubernetes_executor.py:38} WARNING - The example_kubernetes_executor example DAG requires the kubernetes provider. Please install it with: pip install apache-airflow[cncf.kubernetes]
[2023-10-07T04:00:00.936+0530] {processor.py:841} WARNING - No viable dags retrieved from /home/raj/Downloads/kafka_2.13-3.5.1/airflow-env/lib64/python3.11/site-packages/airflow/example_dags/example_kubernetes_executor.py
[2023-10-07T04:00:00.953+0530] {processor.py:179} INFO - Processing /home/raj/Downloads/kafka_2.13-3.5.1/airflow-env/lib64/python3.11/site-packages/airflow/example_dags/example_kubernetes_executor.py took 0.031 seconds
[2023-10-07T04:00:49.491+0530] {processor.py:157} INFO - Started process (PID=18159) to work on /home/raj/Downloads/kafka_2.13-3.5.1/airflow-env/lib64/python3.11/site-packages/airflow/example_dags/example_kubernetes_executor.py
[2023-10-07T04:00:49.492+0530] {processor.py:829} INFO - Processing file /home/raj/Downloads/kafka_2.13-3.5.1/airflow-env/lib64/python3.11/site-packages/airflow/example_dags/example_kubernetes_executor.py for tasks to queue
[2023-10-07T04:00:49.494+0530] {logging_mixin.py:151} INFO - [2023-10-07T04:00:49.493+0530] {dagbag.py:539} INFO - Filling up the DagBag from /home/raj/Downloads/kafka_2.13-3.5.1/airflow-env/lib64/python3.11/site-packages/airflow/example_dags/example_kubernetes_executor.py
[2023-10-07T04:00:49.497+0530] {logging_mixin.py:151} INFO - [2023-10-07T04:00:49.497+0530] {example_kubernetes_executor.py:38} WARNING - The example_kubernetes_executor example DAG requires the kubernetes provider. Please install it with: pip install apache-airflow[cncf.kubernetes]
[2023-10-07T04:00:49.497+0530] {processor.py:841} WARNING - No viable dags retrieved from /home/raj/Downloads/kafka_2.13-3.5.1/airflow-env/lib64/python3.11/site-packages/airflow/example_dags/example_kubernetes_executor.py
[2023-10-07T04:00:49.508+0530] {processor.py:179} INFO - Processing /home/raj/Downloads/kafka_2.13-3.5.1/airflow-env/lib64/python3.11/site-packages/airflow/example_dags/example_kubernetes_executor.py took 0.020 seconds
[2023-10-07T04:01:38.456+0530] {processor.py:157} INFO - Started process (PID=18306) to work on /home/raj/Downloads/kafka_2.13-3.5.1/airflow-env/lib64/python3.11/site-packages/airflow/example_dags/example_kubernetes_executor.py
[2023-10-07T04:01:38.458+0530] {processor.py:829} INFO - Processing file /home/raj/Downloads/kafka_2.13-3.5.1/airflow-env/lib64/python3.11/site-packages/airflow/example_dags/example_kubernetes_executor.py for tasks to queue
[2023-10-07T04:01:38.459+0530] {logging_mixin.py:151} INFO - [2023-10-07T04:01:38.459+0530] {dagbag.py:539} INFO - Filling up the DagBag from /home/raj/Downloads/kafka_2.13-3.5.1/airflow-env/lib64/python3.11/site-packages/airflow/example_dags/example_kubernetes_executor.py
[2023-10-07T04:01:38.465+0530] {logging_mixin.py:151} INFO - [2023-10-07T04:01:38.465+0530] {example_kubernetes_executor.py:38} WARNING - The example_kubernetes_executor example DAG requires the kubernetes provider. Please install it with: pip install apache-airflow[cncf.kubernetes]
[2023-10-07T04:01:38.466+0530] {processor.py:841} WARNING - No viable dags retrieved from /home/raj/Downloads/kafka_2.13-3.5.1/airflow-env/lib64/python3.11/site-packages/airflow/example_dags/example_kubernetes_executor.py
[2023-10-07T04:01:38.484+0530] {processor.py:179} INFO - Processing /home/raj/Downloads/kafka_2.13-3.5.1/airflow-env/lib64/python3.11/site-packages/airflow/example_dags/example_kubernetes_executor.py took 0.034 seconds
[2023-10-07T04:02:33.753+0530] {processor.py:157} INFO - Started process (PID=18429) to work on /home/raj/Downloads/kafka_2.13-3.5.1/airflow-env/lib64/python3.11/site-packages/airflow/example_dags/example_kubernetes_executor.py
[2023-10-07T04:02:33.764+0530] {processor.py:829} INFO - Processing file /home/raj/Downloads/kafka_2.13-3.5.1/airflow-env/lib64/python3.11/site-packages/airflow/example_dags/example_kubernetes_executor.py for tasks to queue
[2023-10-07T04:02:33.766+0530] {logging_mixin.py:151} INFO - [2023-10-07T04:02:33.765+0530] {dagbag.py:539} INFO - Filling up the DagBag from /home/raj/Downloads/kafka_2.13-3.5.1/airflow-env/lib64/python3.11/site-packages/airflow/example_dags/example_kubernetes_executor.py
[2023-10-07T04:02:33.772+0530] {logging_mixin.py:151} INFO - [2023-10-07T04:02:33.772+0530] {example_kubernetes_executor.py:38} WARNING - The example_kubernetes_executor example DAG requires the kubernetes provider. Please install it with: pip install apache-airflow[cncf.kubernetes]
[2023-10-07T04:02:33.773+0530] {processor.py:841} WARNING - No viable dags retrieved from /home/raj/Downloads/kafka_2.13-3.5.1/airflow-env/lib64/python3.11/site-packages/airflow/example_dags/example_kubernetes_executor.py
[2023-10-07T04:02:33.790+0530] {processor.py:179} INFO - Processing /home/raj/Downloads/kafka_2.13-3.5.1/airflow-env/lib64/python3.11/site-packages/airflow/example_dags/example_kubernetes_executor.py took 0.044 seconds
[2023-10-07T04:03:24.906+0530] {processor.py:157} INFO - Started process (PID=18647) to work on /home/raj/Downloads/kafka_2.13-3.5.1/airflow-env/lib64/python3.11/site-packages/airflow/example_dags/example_kubernetes_executor.py
[2023-10-07T04:03:24.918+0530] {processor.py:829} INFO - Processing file /home/raj/Downloads/kafka_2.13-3.5.1/airflow-env/lib64/python3.11/site-packages/airflow/example_dags/example_kubernetes_executor.py for tasks to queue
[2023-10-07T04:03:24.919+0530] {logging_mixin.py:151} INFO - [2023-10-07T04:03:24.919+0530] {dagbag.py:539} INFO - Filling up the DagBag from /home/raj/Downloads/kafka_2.13-3.5.1/airflow-env/lib64/python3.11/site-packages/airflow/example_dags/example_kubernetes_executor.py
[2023-10-07T04:03:24.922+0530] {logging_mixin.py:151} INFO - [2023-10-07T04:03:24.922+0530] {example_kubernetes_executor.py:38} WARNING - The example_kubernetes_executor example DAG requires the kubernetes provider. Please install it with: pip install apache-airflow[cncf.kubernetes]
[2023-10-07T04:03:24.922+0530] {processor.py:841} WARNING - No viable dags retrieved from /home/raj/Downloads/kafka_2.13-3.5.1/airflow-env/lib64/python3.11/site-packages/airflow/example_dags/example_kubernetes_executor.py
[2023-10-07T04:03:24.932+0530] {processor.py:179} INFO - Processing /home/raj/Downloads/kafka_2.13-3.5.1/airflow-env/lib64/python3.11/site-packages/airflow/example_dags/example_kubernetes_executor.py took 0.031 seconds
[2023-10-07T04:04:10.543+0530] {processor.py:157} INFO - Started process (PID=18710) to work on /home/raj/Downloads/kafka_2.13-3.5.1/airflow-env/lib64/python3.11/site-packages/airflow/example_dags/example_kubernetes_executor.py
[2023-10-07T04:04:10.554+0530] {processor.py:829} INFO - Processing file /home/raj/Downloads/kafka_2.13-3.5.1/airflow-env/lib64/python3.11/site-packages/airflow/example_dags/example_kubernetes_executor.py for tasks to queue
[2023-10-07T04:04:10.556+0530] {logging_mixin.py:151} INFO - [2023-10-07T04:04:10.555+0530] {dagbag.py:539} INFO - Filling up the DagBag from /home/raj/Downloads/kafka_2.13-3.5.1/airflow-env/lib64/python3.11/site-packages/airflow/example_dags/example_kubernetes_executor.py
[2023-10-07T04:04:10.562+0530] {logging_mixin.py:151} INFO - [2023-10-07T04:04:10.561+0530] {example_kubernetes_executor.py:38} WARNING - The example_kubernetes_executor example DAG requires the kubernetes provider. Please install it with: pip install apache-airflow[cncf.kubernetes]
[2023-10-07T04:04:10.562+0530] {processor.py:841} WARNING - No viable dags retrieved from /home/raj/Downloads/kafka_2.13-3.5.1/airflow-env/lib64/python3.11/site-packages/airflow/example_dags/example_kubernetes_executor.py
[2023-10-07T04:04:10.582+0530] {processor.py:179} INFO - Processing /home/raj/Downloads/kafka_2.13-3.5.1/airflow-env/lib64/python3.11/site-packages/airflow/example_dags/example_kubernetes_executor.py took 0.045 seconds
[2023-10-07T04:05:01.060+0530] {processor.py:157} INFO - Started process (PID=18900) to work on /home/raj/Downloads/kafka_2.13-3.5.1/airflow-env/lib64/python3.11/site-packages/airflow/example_dags/example_kubernetes_executor.py
[2023-10-07T04:05:01.071+0530] {processor.py:829} INFO - Processing file /home/raj/Downloads/kafka_2.13-3.5.1/airflow-env/lib64/python3.11/site-packages/airflow/example_dags/example_kubernetes_executor.py for tasks to queue
[2023-10-07T04:05:01.073+0530] {logging_mixin.py:151} INFO - [2023-10-07T04:05:01.072+0530] {dagbag.py:539} INFO - Filling up the DagBag from /home/raj/Downloads/kafka_2.13-3.5.1/airflow-env/lib64/python3.11/site-packages/airflow/example_dags/example_kubernetes_executor.py
[2023-10-07T04:05:01.078+0530] {logging_mixin.py:151} INFO - [2023-10-07T04:05:01.078+0530] {example_kubernetes_executor.py:38} WARNING - The example_kubernetes_executor example DAG requires the kubernetes provider. Please install it with: pip install apache-airflow[cncf.kubernetes]
[2023-10-07T04:05:01.079+0530] {processor.py:841} WARNING - No viable dags retrieved from /home/raj/Downloads/kafka_2.13-3.5.1/airflow-env/lib64/python3.11/site-packages/airflow/example_dags/example_kubernetes_executor.py
[2023-10-07T04:05:01.097+0530] {processor.py:179} INFO - Processing /home/raj/Downloads/kafka_2.13-3.5.1/airflow-env/lib64/python3.11/site-packages/airflow/example_dags/example_kubernetes_executor.py took 0.040 seconds
[2023-10-07T04:05:53.182+0530] {processor.py:157} INFO - Started process (PID=19001) to work on /home/raj/Downloads/kafka_2.13-3.5.1/airflow-env/lib64/python3.11/site-packages/airflow/example_dags/example_kubernetes_executor.py
[2023-10-07T04:05:53.193+0530] {processor.py:829} INFO - Processing file /home/raj/Downloads/kafka_2.13-3.5.1/airflow-env/lib64/python3.11/site-packages/airflow/example_dags/example_kubernetes_executor.py for tasks to queue
[2023-10-07T04:05:53.195+0530] {logging_mixin.py:151} INFO - [2023-10-07T04:05:53.194+0530] {dagbag.py:539} INFO - Filling up the DagBag from /home/raj/Downloads/kafka_2.13-3.5.1/airflow-env/lib64/python3.11/site-packages/airflow/example_dags/example_kubernetes_executor.py
[2023-10-07T04:05:53.201+0530] {logging_mixin.py:151} INFO - [2023-10-07T04:05:53.200+0530] {example_kubernetes_executor.py:38} WARNING - The example_kubernetes_executor example DAG requires the kubernetes provider. Please install it with: pip install apache-airflow[cncf.kubernetes]
[2023-10-07T04:05:53.201+0530] {processor.py:841} WARNING - No viable dags retrieved from /home/raj/Downloads/kafka_2.13-3.5.1/airflow-env/lib64/python3.11/site-packages/airflow/example_dags/example_kubernetes_executor.py
[2023-10-07T04:05:53.219+0530] {processor.py:179} INFO - Processing /home/raj/Downloads/kafka_2.13-3.5.1/airflow-env/lib64/python3.11/site-packages/airflow/example_dags/example_kubernetes_executor.py took 0.042 seconds
[2023-10-07T04:06:48.744+0530] {processor.py:157} INFO - Started process (PID=19157) to work on /home/raj/Downloads/kafka_2.13-3.5.1/airflow-env/lib64/python3.11/site-packages/airflow/example_dags/example_kubernetes_executor.py
[2023-10-07T04:06:48.755+0530] {processor.py:829} INFO - Processing file /home/raj/Downloads/kafka_2.13-3.5.1/airflow-env/lib64/python3.11/site-packages/airflow/example_dags/example_kubernetes_executor.py for tasks to queue
[2023-10-07T04:06:48.757+0530] {logging_mixin.py:151} INFO - [2023-10-07T04:06:48.756+0530] {dagbag.py:539} INFO - Filling up the DagBag from /home/raj/Downloads/kafka_2.13-3.5.1/airflow-env/lib64/python3.11/site-packages/airflow/example_dags/example_kubernetes_executor.py
[2023-10-07T04:06:48.762+0530] {logging_mixin.py:151} INFO - [2023-10-07T04:06:48.762+0530] {example_kubernetes_executor.py:38} WARNING - The example_kubernetes_executor example DAG requires the kubernetes provider. Please install it with: pip install apache-airflow[cncf.kubernetes]
[2023-10-07T04:06:48.763+0530] {processor.py:841} WARNING - No viable dags retrieved from /home/raj/Downloads/kafka_2.13-3.5.1/airflow-env/lib64/python3.11/site-packages/airflow/example_dags/example_kubernetes_executor.py
[2023-10-07T04:06:48.781+0530] {processor.py:179} INFO - Processing /home/raj/Downloads/kafka_2.13-3.5.1/airflow-env/lib64/python3.11/site-packages/airflow/example_dags/example_kubernetes_executor.py took 0.042 seconds
[2023-10-07T04:07:44.882+0530] {processor.py:157} INFO - Started process (PID=19218) to work on /home/raj/Downloads/kafka_2.13-3.5.1/airflow-env/lib64/python3.11/site-packages/airflow/example_dags/example_kubernetes_executor.py
[2023-10-07T04:07:44.893+0530] {processor.py:829} INFO - Processing file /home/raj/Downloads/kafka_2.13-3.5.1/airflow-env/lib64/python3.11/site-packages/airflow/example_dags/example_kubernetes_executor.py for tasks to queue
[2023-10-07T04:07:44.894+0530] {logging_mixin.py:151} INFO - [2023-10-07T04:07:44.893+0530] {dagbag.py:539} INFO - Filling up the DagBag from /home/raj/Downloads/kafka_2.13-3.5.1/airflow-env/lib64/python3.11/site-packages/airflow/example_dags/example_kubernetes_executor.py
[2023-10-07T04:07:44.900+0530] {logging_mixin.py:151} INFO - [2023-10-07T04:07:44.899+0530] {example_kubernetes_executor.py:38} WARNING - The example_kubernetes_executor example DAG requires the kubernetes provider. Please install it with: pip install apache-airflow[cncf.kubernetes]
[2023-10-07T04:07:44.900+0530] {processor.py:841} WARNING - No viable dags retrieved from /home/raj/Downloads/kafka_2.13-3.5.1/airflow-env/lib64/python3.11/site-packages/airflow/example_dags/example_kubernetes_executor.py
[2023-10-07T04:07:44.912+0530] {processor.py:179} INFO - Processing /home/raj/Downloads/kafka_2.13-3.5.1/airflow-env/lib64/python3.11/site-packages/airflow/example_dags/example_kubernetes_executor.py took 0.034 seconds
[2023-10-07T04:08:37.794+0530] {processor.py:157} INFO - Started process (PID=19273) to work on /home/raj/Downloads/kafka_2.13-3.5.1/airflow-env/lib64/python3.11/site-packages/airflow/example_dags/example_kubernetes_executor.py
[2023-10-07T04:08:37.805+0530] {processor.py:829} INFO - Processing file /home/raj/Downloads/kafka_2.13-3.5.1/airflow-env/lib64/python3.11/site-packages/airflow/example_dags/example_kubernetes_executor.py for tasks to queue
[2023-10-07T04:08:37.806+0530] {logging_mixin.py:151} INFO - [2023-10-07T04:08:37.806+0530] {dagbag.py:539} INFO - Filling up the DagBag from /home/raj/Downloads/kafka_2.13-3.5.1/airflow-env/lib64/python3.11/site-packages/airflow/example_dags/example_kubernetes_executor.py
[2023-10-07T04:08:37.809+0530] {logging_mixin.py:151} INFO - [2023-10-07T04:08:37.809+0530] {example_kubernetes_executor.py:38} WARNING - The example_kubernetes_executor example DAG requires the kubernetes provider. Please install it with: pip install apache-airflow[cncf.kubernetes]
[2023-10-07T04:08:37.810+0530] {processor.py:841} WARNING - No viable dags retrieved from /home/raj/Downloads/kafka_2.13-3.5.1/airflow-env/lib64/python3.11/site-packages/airflow/example_dags/example_kubernetes_executor.py
[2023-10-07T04:08:37.819+0530] {processor.py:179} INFO - Processing /home/raj/Downloads/kafka_2.13-3.5.1/airflow-env/lib64/python3.11/site-packages/airflow/example_dags/example_kubernetes_executor.py took 0.027 seconds
[2023-10-07T04:09:30.976+0530] {processor.py:157} INFO - Started process (PID=19330) to work on /home/raj/Downloads/kafka_2.13-3.5.1/airflow-env/lib64/python3.11/site-packages/airflow/example_dags/example_kubernetes_executor.py
[2023-10-07T04:09:30.987+0530] {processor.py:829} INFO - Processing file /home/raj/Downloads/kafka_2.13-3.5.1/airflow-env/lib64/python3.11/site-packages/airflow/example_dags/example_kubernetes_executor.py for tasks to queue
[2023-10-07T04:09:30.989+0530] {logging_mixin.py:151} INFO - [2023-10-07T04:09:30.988+0530] {dagbag.py:539} INFO - Filling up the DagBag from /home/raj/Downloads/kafka_2.13-3.5.1/airflow-env/lib64/python3.11/site-packages/airflow/example_dags/example_kubernetes_executor.py
[2023-10-07T04:09:30.995+0530] {logging_mixin.py:151} INFO - [2023-10-07T04:09:30.994+0530] {example_kubernetes_executor.py:38} WARNING - The example_kubernetes_executor example DAG requires the kubernetes provider. Please install it with: pip install apache-airflow[cncf.kubernetes]
[2023-10-07T04:09:30.995+0530] {processor.py:841} WARNING - No viable dags retrieved from /home/raj/Downloads/kafka_2.13-3.5.1/airflow-env/lib64/python3.11/site-packages/airflow/example_dags/example_kubernetes_executor.py
[2023-10-07T04:09:31.013+0530] {processor.py:179} INFO - Processing /home/raj/Downloads/kafka_2.13-3.5.1/airflow-env/lib64/python3.11/site-packages/airflow/example_dags/example_kubernetes_executor.py took 0.043 seconds
[2023-10-07T04:10:21.127+0530] {processor.py:157} INFO - Started process (PID=19390) to work on /home/raj/Downloads/kafka_2.13-3.5.1/airflow-env/lib64/python3.11/site-packages/airflow/example_dags/example_kubernetes_executor.py
[2023-10-07T04:10:21.139+0530] {processor.py:829} INFO - Processing file /home/raj/Downloads/kafka_2.13-3.5.1/airflow-env/lib64/python3.11/site-packages/airflow/example_dags/example_kubernetes_executor.py for tasks to queue
[2023-10-07T04:10:21.140+0530] {logging_mixin.py:151} INFO - [2023-10-07T04:10:21.139+0530] {dagbag.py:539} INFO - Filling up the DagBag from /home/raj/Downloads/kafka_2.13-3.5.1/airflow-env/lib64/python3.11/site-packages/airflow/example_dags/example_kubernetes_executor.py
[2023-10-07T04:10:21.145+0530] {logging_mixin.py:151} INFO - [2023-10-07T04:10:21.145+0530] {example_kubernetes_executor.py:38} WARNING - The example_kubernetes_executor example DAG requires the kubernetes provider. Please install it with: pip install apache-airflow[cncf.kubernetes]
[2023-10-07T04:10:21.146+0530] {processor.py:841} WARNING - No viable dags retrieved from /home/raj/Downloads/kafka_2.13-3.5.1/airflow-env/lib64/python3.11/site-packages/airflow/example_dags/example_kubernetes_executor.py
[2023-10-07T04:10:21.165+0530] {processor.py:179} INFO - Processing /home/raj/Downloads/kafka_2.13-3.5.1/airflow-env/lib64/python3.11/site-packages/airflow/example_dags/example_kubernetes_executor.py took 0.042 seconds
[2023-10-07T04:11:12.301+0530] {processor.py:157} INFO - Started process (PID=19454) to work on /home/raj/Downloads/kafka_2.13-3.5.1/airflow-env/lib64/python3.11/site-packages/airflow/example_dags/example_kubernetes_executor.py
[2023-10-07T04:11:12.312+0530] {processor.py:829} INFO - Processing file /home/raj/Downloads/kafka_2.13-3.5.1/airflow-env/lib64/python3.11/site-packages/airflow/example_dags/example_kubernetes_executor.py for tasks to queue
[2023-10-07T04:11:12.314+0530] {logging_mixin.py:151} INFO - [2023-10-07T04:11:12.313+0530] {dagbag.py:539} INFO - Filling up the DagBag from /home/raj/Downloads/kafka_2.13-3.5.1/airflow-env/lib64/python3.11/site-packages/airflow/example_dags/example_kubernetes_executor.py
[2023-10-07T04:11:12.320+0530] {logging_mixin.py:151} INFO - [2023-10-07T04:11:12.320+0530] {example_kubernetes_executor.py:38} WARNING - The example_kubernetes_executor example DAG requires the kubernetes provider. Please install it with: pip install apache-airflow[cncf.kubernetes]
[2023-10-07T04:11:12.320+0530] {processor.py:841} WARNING - No viable dags retrieved from /home/raj/Downloads/kafka_2.13-3.5.1/airflow-env/lib64/python3.11/site-packages/airflow/example_dags/example_kubernetes_executor.py
[2023-10-07T04:11:12.339+0530] {processor.py:179} INFO - Processing /home/raj/Downloads/kafka_2.13-3.5.1/airflow-env/lib64/python3.11/site-packages/airflow/example_dags/example_kubernetes_executor.py took 0.044 seconds
[2023-10-07T04:12:04.485+0530] {processor.py:157} INFO - Started process (PID=19528) to work on /home/raj/Downloads/kafka_2.13-3.5.1/airflow-env/lib64/python3.11/site-packages/airflow/example_dags/example_kubernetes_executor.py
[2023-10-07T04:12:04.496+0530] {processor.py:829} INFO - Processing file /home/raj/Downloads/kafka_2.13-3.5.1/airflow-env/lib64/python3.11/site-packages/airflow/example_dags/example_kubernetes_executor.py for tasks to queue
[2023-10-07T04:12:04.498+0530] {logging_mixin.py:151} INFO - [2023-10-07T04:12:04.498+0530] {dagbag.py:539} INFO - Filling up the DagBag from /home/raj/Downloads/kafka_2.13-3.5.1/airflow-env/lib64/python3.11/site-packages/airflow/example_dags/example_kubernetes_executor.py
[2023-10-07T04:12:04.503+0530] {logging_mixin.py:151} INFO - [2023-10-07T04:12:04.503+0530] {example_kubernetes_executor.py:38} WARNING - The example_kubernetes_executor example DAG requires the kubernetes provider. Please install it with: pip install apache-airflow[cncf.kubernetes]
[2023-10-07T04:12:04.504+0530] {processor.py:841} WARNING - No viable dags retrieved from /home/raj/Downloads/kafka_2.13-3.5.1/airflow-env/lib64/python3.11/site-packages/airflow/example_dags/example_kubernetes_executor.py
[2023-10-07T04:12:04.514+0530] {processor.py:179} INFO - Processing /home/raj/Downloads/kafka_2.13-3.5.1/airflow-env/lib64/python3.11/site-packages/airflow/example_dags/example_kubernetes_executor.py took 0.034 seconds
[2023-10-07T04:13:01.687+0530] {processor.py:157} INFO - Started process (PID=19585) to work on /home/raj/Downloads/kafka_2.13-3.5.1/airflow-env/lib64/python3.11/site-packages/airflow/example_dags/example_kubernetes_executor.py
[2023-10-07T04:13:01.698+0530] {processor.py:829} INFO - Processing file /home/raj/Downloads/kafka_2.13-3.5.1/airflow-env/lib64/python3.11/site-packages/airflow/example_dags/example_kubernetes_executor.py for tasks to queue
[2023-10-07T04:13:01.699+0530] {logging_mixin.py:151} INFO - [2023-10-07T04:13:01.699+0530] {dagbag.py:539} INFO - Filling up the DagBag from /home/raj/Downloads/kafka_2.13-3.5.1/airflow-env/lib64/python3.11/site-packages/airflow/example_dags/example_kubernetes_executor.py
[2023-10-07T04:13:01.705+0530] {logging_mixin.py:151} INFO - [2023-10-07T04:13:01.705+0530] {example_kubernetes_executor.py:38} WARNING - The example_kubernetes_executor example DAG requires the kubernetes provider. Please install it with: pip install apache-airflow[cncf.kubernetes]
[2023-10-07T04:13:01.706+0530] {processor.py:841} WARNING - No viable dags retrieved from /home/raj/Downloads/kafka_2.13-3.5.1/airflow-env/lib64/python3.11/site-packages/airflow/example_dags/example_kubernetes_executor.py
[2023-10-07T04:13:01.726+0530] {processor.py:179} INFO - Processing /home/raj/Downloads/kafka_2.13-3.5.1/airflow-env/lib64/python3.11/site-packages/airflow/example_dags/example_kubernetes_executor.py took 0.044 seconds
[2023-10-07T04:13:52.589+0530] {processor.py:157} INFO - Started process (PID=19638) to work on /home/raj/Downloads/kafka_2.13-3.5.1/airflow-env/lib64/python3.11/site-packages/airflow/example_dags/example_kubernetes_executor.py
[2023-10-07T04:13:52.600+0530] {processor.py:829} INFO - Processing file /home/raj/Downloads/kafka_2.13-3.5.1/airflow-env/lib64/python3.11/site-packages/airflow/example_dags/example_kubernetes_executor.py for tasks to queue
[2023-10-07T04:13:52.602+0530] {logging_mixin.py:151} INFO - [2023-10-07T04:13:52.601+0530] {dagbag.py:539} INFO - Filling up the DagBag from /home/raj/Downloads/kafka_2.13-3.5.1/airflow-env/lib64/python3.11/site-packages/airflow/example_dags/example_kubernetes_executor.py
[2023-10-07T04:13:52.610+0530] {logging_mixin.py:151} INFO - [2023-10-07T04:13:52.610+0530] {example_kubernetes_executor.py:38} WARNING - The example_kubernetes_executor example DAG requires the kubernetes provider. Please install it with: pip install apache-airflow[cncf.kubernetes]
[2023-10-07T04:13:52.611+0530] {processor.py:841} WARNING - No viable dags retrieved from /home/raj/Downloads/kafka_2.13-3.5.1/airflow-env/lib64/python3.11/site-packages/airflow/example_dags/example_kubernetes_executor.py
[2023-10-07T04:13:52.631+0530] {processor.py:179} INFO - Processing /home/raj/Downloads/kafka_2.13-3.5.1/airflow-env/lib64/python3.11/site-packages/airflow/example_dags/example_kubernetes_executor.py took 0.048 seconds
[2023-10-07T04:14:43.906+0530] {processor.py:157} INFO - Started process (PID=19690) to work on /home/raj/Downloads/kafka_2.13-3.5.1/airflow-env/lib64/python3.11/site-packages/airflow/example_dags/example_kubernetes_executor.py
[2023-10-07T04:14:43.918+0530] {processor.py:829} INFO - Processing file /home/raj/Downloads/kafka_2.13-3.5.1/airflow-env/lib64/python3.11/site-packages/airflow/example_dags/example_kubernetes_executor.py for tasks to queue
[2023-10-07T04:14:43.919+0530] {logging_mixin.py:151} INFO - [2023-10-07T04:14:43.918+0530] {dagbag.py:539} INFO - Filling up the DagBag from /home/raj/Downloads/kafka_2.13-3.5.1/airflow-env/lib64/python3.11/site-packages/airflow/example_dags/example_kubernetes_executor.py
[2023-10-07T04:14:43.925+0530] {logging_mixin.py:151} INFO - [2023-10-07T04:14:43.925+0530] {example_kubernetes_executor.py:38} WARNING - The example_kubernetes_executor example DAG requires the kubernetes provider. Please install it with: pip install apache-airflow[cncf.kubernetes]
[2023-10-07T04:14:43.926+0530] {processor.py:841} WARNING - No viable dags retrieved from /home/raj/Downloads/kafka_2.13-3.5.1/airflow-env/lib64/python3.11/site-packages/airflow/example_dags/example_kubernetes_executor.py
[2023-10-07T04:14:43.947+0530] {processor.py:179} INFO - Processing /home/raj/Downloads/kafka_2.13-3.5.1/airflow-env/lib64/python3.11/site-packages/airflow/example_dags/example_kubernetes_executor.py took 0.046 seconds
[2023-10-07T04:15:33.829+0530] {processor.py:157} INFO - Started process (PID=19792) to work on /home/raj/Downloads/kafka_2.13-3.5.1/airflow-env/lib64/python3.11/site-packages/airflow/example_dags/example_kubernetes_executor.py
[2023-10-07T04:15:33.841+0530] {processor.py:829} INFO - Processing file /home/raj/Downloads/kafka_2.13-3.5.1/airflow-env/lib64/python3.11/site-packages/airflow/example_dags/example_kubernetes_executor.py for tasks to queue
[2023-10-07T04:15:33.842+0530] {logging_mixin.py:151} INFO - [2023-10-07T04:15:33.841+0530] {dagbag.py:539} INFO - Filling up the DagBag from /home/raj/Downloads/kafka_2.13-3.5.1/airflow-env/lib64/python3.11/site-packages/airflow/example_dags/example_kubernetes_executor.py
[2023-10-07T04:15:33.848+0530] {logging_mixin.py:151} INFO - [2023-10-07T04:15:33.847+0530] {example_kubernetes_executor.py:38} WARNING - The example_kubernetes_executor example DAG requires the kubernetes provider. Please install it with: pip install apache-airflow[cncf.kubernetes]
[2023-10-07T04:15:33.848+0530] {processor.py:841} WARNING - No viable dags retrieved from /home/raj/Downloads/kafka_2.13-3.5.1/airflow-env/lib64/python3.11/site-packages/airflow/example_dags/example_kubernetes_executor.py
[2023-10-07T04:15:33.866+0530] {processor.py:179} INFO - Processing /home/raj/Downloads/kafka_2.13-3.5.1/airflow-env/lib64/python3.11/site-packages/airflow/example_dags/example_kubernetes_executor.py took 0.042 seconds
[2023-10-07T04:16:24.786+0530] {processor.py:157} INFO - Started process (PID=19854) to work on /home/raj/Downloads/kafka_2.13-3.5.1/airflow-env/lib64/python3.11/site-packages/airflow/example_dags/example_kubernetes_executor.py
[2023-10-07T04:16:24.798+0530] {processor.py:829} INFO - Processing file /home/raj/Downloads/kafka_2.13-3.5.1/airflow-env/lib64/python3.11/site-packages/airflow/example_dags/example_kubernetes_executor.py for tasks to queue
[2023-10-07T04:16:24.799+0530] {logging_mixin.py:151} INFO - [2023-10-07T04:16:24.799+0530] {dagbag.py:539} INFO - Filling up the DagBag from /home/raj/Downloads/kafka_2.13-3.5.1/airflow-env/lib64/python3.11/site-packages/airflow/example_dags/example_kubernetes_executor.py
[2023-10-07T04:16:24.805+0530] {logging_mixin.py:151} INFO - [2023-10-07T04:16:24.805+0530] {example_kubernetes_executor.py:38} WARNING - The example_kubernetes_executor example DAG requires the kubernetes provider. Please install it with: pip install apache-airflow[cncf.kubernetes]
[2023-10-07T04:16:24.805+0530] {processor.py:841} WARNING - No viable dags retrieved from /home/raj/Downloads/kafka_2.13-3.5.1/airflow-env/lib64/python3.11/site-packages/airflow/example_dags/example_kubernetes_executor.py
[2023-10-07T04:16:24.823+0530] {processor.py:179} INFO - Processing /home/raj/Downloads/kafka_2.13-3.5.1/airflow-env/lib64/python3.11/site-packages/airflow/example_dags/example_kubernetes_executor.py took 0.042 seconds
[2023-10-07T04:17:17.736+0530] {processor.py:157} INFO - Started process (PID=19911) to work on /home/raj/Downloads/kafka_2.13-3.5.1/airflow-env/lib64/python3.11/site-packages/airflow/example_dags/example_kubernetes_executor.py
[2023-10-07T04:17:17.747+0530] {processor.py:829} INFO - Processing file /home/raj/Downloads/kafka_2.13-3.5.1/airflow-env/lib64/python3.11/site-packages/airflow/example_dags/example_kubernetes_executor.py for tasks to queue
[2023-10-07T04:17:17.749+0530] {logging_mixin.py:151} INFO - [2023-10-07T04:17:17.748+0530] {dagbag.py:539} INFO - Filling up the DagBag from /home/raj/Downloads/kafka_2.13-3.5.1/airflow-env/lib64/python3.11/site-packages/airflow/example_dags/example_kubernetes_executor.py
[2023-10-07T04:17:17.754+0530] {logging_mixin.py:151} INFO - [2023-10-07T04:17:17.754+0530] {example_kubernetes_executor.py:38} WARNING - The example_kubernetes_executor example DAG requires the kubernetes provider. Please install it with: pip install apache-airflow[cncf.kubernetes]
[2023-10-07T04:17:17.755+0530] {processor.py:841} WARNING - No viable dags retrieved from /home/raj/Downloads/kafka_2.13-3.5.1/airflow-env/lib64/python3.11/site-packages/airflow/example_dags/example_kubernetes_executor.py
[2023-10-07T04:17:17.774+0530] {processor.py:179} INFO - Processing /home/raj/Downloads/kafka_2.13-3.5.1/airflow-env/lib64/python3.11/site-packages/airflow/example_dags/example_kubernetes_executor.py took 0.042 seconds
[2023-10-07T04:18:08.487+0530] {processor.py:157} INFO - Started process (PID=19964) to work on /home/raj/Downloads/kafka_2.13-3.5.1/airflow-env/lib64/python3.11/site-packages/airflow/example_dags/example_kubernetes_executor.py
[2023-10-07T04:18:08.488+0530] {processor.py:829} INFO - Processing file /home/raj/Downloads/kafka_2.13-3.5.1/airflow-env/lib64/python3.11/site-packages/airflow/example_dags/example_kubernetes_executor.py for tasks to queue
[2023-10-07T04:18:08.490+0530] {logging_mixin.py:151} INFO - [2023-10-07T04:18:08.489+0530] {dagbag.py:539} INFO - Filling up the DagBag from /home/raj/Downloads/kafka_2.13-3.5.1/airflow-env/lib64/python3.11/site-packages/airflow/example_dags/example_kubernetes_executor.py
[2023-10-07T04:18:08.495+0530] {logging_mixin.py:151} INFO - [2023-10-07T04:18:08.495+0530] {example_kubernetes_executor.py:38} WARNING - The example_kubernetes_executor example DAG requires the kubernetes provider. Please install it with: pip install apache-airflow[cncf.kubernetes]
[2023-10-07T04:18:08.496+0530] {processor.py:841} WARNING - No viable dags retrieved from /home/raj/Downloads/kafka_2.13-3.5.1/airflow-env/lib64/python3.11/site-packages/airflow/example_dags/example_kubernetes_executor.py
[2023-10-07T04:18:08.510+0530] {processor.py:179} INFO - Processing /home/raj/Downloads/kafka_2.13-3.5.1/airflow-env/lib64/python3.11/site-packages/airflow/example_dags/example_kubernetes_executor.py took 0.028 seconds
[2023-10-07T04:19:00.607+0530] {processor.py:157} INFO - Started process (PID=20016) to work on /home/raj/Downloads/kafka_2.13-3.5.1/airflow-env/lib64/python3.11/site-packages/airflow/example_dags/example_kubernetes_executor.py
[2023-10-07T04:19:00.618+0530] {processor.py:829} INFO - Processing file /home/raj/Downloads/kafka_2.13-3.5.1/airflow-env/lib64/python3.11/site-packages/airflow/example_dags/example_kubernetes_executor.py for tasks to queue
[2023-10-07T04:19:00.620+0530] {logging_mixin.py:151} INFO - [2023-10-07T04:19:00.619+0530] {dagbag.py:539} INFO - Filling up the DagBag from /home/raj/Downloads/kafka_2.13-3.5.1/airflow-env/lib64/python3.11/site-packages/airflow/example_dags/example_kubernetes_executor.py
[2023-10-07T04:19:00.625+0530] {logging_mixin.py:151} INFO - [2023-10-07T04:19:00.625+0530] {example_kubernetes_executor.py:38} WARNING - The example_kubernetes_executor example DAG requires the kubernetes provider. Please install it with: pip install apache-airflow[cncf.kubernetes]
[2023-10-07T04:19:00.626+0530] {processor.py:841} WARNING - No viable dags retrieved from /home/raj/Downloads/kafka_2.13-3.5.1/airflow-env/lib64/python3.11/site-packages/airflow/example_dags/example_kubernetes_executor.py
[2023-10-07T04:19:00.644+0530] {processor.py:179} INFO - Processing /home/raj/Downloads/kafka_2.13-3.5.1/airflow-env/lib64/python3.11/site-packages/airflow/example_dags/example_kubernetes_executor.py took 0.042 seconds
[2023-10-07T04:19:56.806+0530] {processor.py:157} INFO - Started process (PID=20080) to work on /home/raj/Downloads/kafka_2.13-3.5.1/airflow-env/lib64/python3.11/site-packages/airflow/example_dags/example_kubernetes_executor.py
[2023-10-07T04:19:56.817+0530] {processor.py:829} INFO - Processing file /home/raj/Downloads/kafka_2.13-3.5.1/airflow-env/lib64/python3.11/site-packages/airflow/example_dags/example_kubernetes_executor.py for tasks to queue
[2023-10-07T04:19:56.819+0530] {logging_mixin.py:151} INFO - [2023-10-07T04:19:56.818+0530] {dagbag.py:539} INFO - Filling up the DagBag from /home/raj/Downloads/kafka_2.13-3.5.1/airflow-env/lib64/python3.11/site-packages/airflow/example_dags/example_kubernetes_executor.py
[2023-10-07T04:19:56.825+0530] {logging_mixin.py:151} INFO - [2023-10-07T04:19:56.825+0530] {example_kubernetes_executor.py:38} WARNING - The example_kubernetes_executor example DAG requires the kubernetes provider. Please install it with: pip install apache-airflow[cncf.kubernetes]
[2023-10-07T04:19:56.826+0530] {processor.py:841} WARNING - No viable dags retrieved from /home/raj/Downloads/kafka_2.13-3.5.1/airflow-env/lib64/python3.11/site-packages/airflow/example_dags/example_kubernetes_executor.py
[2023-10-07T04:19:56.846+0530] {processor.py:179} INFO - Processing /home/raj/Downloads/kafka_2.13-3.5.1/airflow-env/lib64/python3.11/site-packages/airflow/example_dags/example_kubernetes_executor.py took 0.045 seconds
[2023-10-07T04:20:52.789+0530] {processor.py:157} INFO - Started process (PID=20453) to work on /home/raj/Downloads/kafka_2.13-3.5.1/airflow-env/lib64/python3.11/site-packages/airflow/example_dags/example_kubernetes_executor.py
[2023-10-07T04:20:52.791+0530] {processor.py:829} INFO - Processing file /home/raj/Downloads/kafka_2.13-3.5.1/airflow-env/lib64/python3.11/site-packages/airflow/example_dags/example_kubernetes_executor.py for tasks to queue
[2023-10-07T04:20:52.793+0530] {logging_mixin.py:151} INFO - [2023-10-07T04:20:52.792+0530] {dagbag.py:539} INFO - Filling up the DagBag from /home/raj/Downloads/kafka_2.13-3.5.1/airflow-env/lib64/python3.11/site-packages/airflow/example_dags/example_kubernetes_executor.py
[2023-10-07T04:20:52.798+0530] {logging_mixin.py:151} INFO - [2023-10-07T04:20:52.798+0530] {example_kubernetes_executor.py:38} WARNING - The example_kubernetes_executor example DAG requires the kubernetes provider. Please install it with: pip install apache-airflow[cncf.kubernetes]
[2023-10-07T04:20:52.799+0530] {processor.py:841} WARNING - No viable dags retrieved from /home/raj/Downloads/kafka_2.13-3.5.1/airflow-env/lib64/python3.11/site-packages/airflow/example_dags/example_kubernetes_executor.py
[2023-10-07T04:20:52.819+0530] {processor.py:179} INFO - Processing /home/raj/Downloads/kafka_2.13-3.5.1/airflow-env/lib64/python3.11/site-packages/airflow/example_dags/example_kubernetes_executor.py took 0.035 seconds
[2023-10-07T04:21:42.521+0530] {processor.py:157} INFO - Started process (PID=20649) to work on /home/raj/Downloads/kafka_2.13-3.5.1/airflow-env/lib64/python3.11/site-packages/airflow/example_dags/example_kubernetes_executor.py
[2023-10-07T04:21:42.522+0530] {processor.py:829} INFO - Processing file /home/raj/Downloads/kafka_2.13-3.5.1/airflow-env/lib64/python3.11/site-packages/airflow/example_dags/example_kubernetes_executor.py for tasks to queue
[2023-10-07T04:21:42.523+0530] {logging_mixin.py:151} INFO - [2023-10-07T04:21:42.523+0530] {dagbag.py:539} INFO - Filling up the DagBag from /home/raj/Downloads/kafka_2.13-3.5.1/airflow-env/lib64/python3.11/site-packages/airflow/example_dags/example_kubernetes_executor.py
[2023-10-07T04:21:42.527+0530] {logging_mixin.py:151} INFO - [2023-10-07T04:21:42.527+0530] {example_kubernetes_executor.py:38} WARNING - The example_kubernetes_executor example DAG requires the kubernetes provider. Please install it with: pip install apache-airflow[cncf.kubernetes]
[2023-10-07T04:21:42.528+0530] {processor.py:841} WARNING - No viable dags retrieved from /home/raj/Downloads/kafka_2.13-3.5.1/airflow-env/lib64/python3.11/site-packages/airflow/example_dags/example_kubernetes_executor.py
[2023-10-07T04:21:42.540+0530] {processor.py:179} INFO - Processing /home/raj/Downloads/kafka_2.13-3.5.1/airflow-env/lib64/python3.11/site-packages/airflow/example_dags/example_kubernetes_executor.py took 0.022 seconds
[2023-10-07T04:22:32.720+0530] {processor.py:157} INFO - Started process (PID=20794) to work on /home/raj/Downloads/kafka_2.13-3.5.1/airflow-env/lib64/python3.11/site-packages/airflow/example_dags/example_kubernetes_executor.py
[2023-10-07T04:22:32.731+0530] {processor.py:829} INFO - Processing file /home/raj/Downloads/kafka_2.13-3.5.1/airflow-env/lib64/python3.11/site-packages/airflow/example_dags/example_kubernetes_executor.py for tasks to queue
[2023-10-07T04:22:32.733+0530] {logging_mixin.py:151} INFO - [2023-10-07T04:22:32.732+0530] {dagbag.py:539} INFO - Filling up the DagBag from /home/raj/Downloads/kafka_2.13-3.5.1/airflow-env/lib64/python3.11/site-packages/airflow/example_dags/example_kubernetes_executor.py
[2023-10-07T04:22:32.737+0530] {logging_mixin.py:151} INFO - [2023-10-07T04:22:32.737+0530] {example_kubernetes_executor.py:38} WARNING - The example_kubernetes_executor example DAG requires the kubernetes provider. Please install it with: pip install apache-airflow[cncf.kubernetes]
[2023-10-07T04:22:32.738+0530] {processor.py:841} WARNING - No viable dags retrieved from /home/raj/Downloads/kafka_2.13-3.5.1/airflow-env/lib64/python3.11/site-packages/airflow/example_dags/example_kubernetes_executor.py
[2023-10-07T04:22:32.751+0530] {processor.py:179} INFO - Processing /home/raj/Downloads/kafka_2.13-3.5.1/airflow-env/lib64/python3.11/site-packages/airflow/example_dags/example_kubernetes_executor.py took 0.038 seconds
[2023-10-07T04:23:27.273+0530] {processor.py:157} INFO - Started process (PID=20920) to work on /home/raj/Downloads/kafka_2.13-3.5.1/airflow-env/lib64/python3.11/site-packages/airflow/example_dags/example_kubernetes_executor.py
[2023-10-07T04:23:27.284+0530] {processor.py:829} INFO - Processing file /home/raj/Downloads/kafka_2.13-3.5.1/airflow-env/lib64/python3.11/site-packages/airflow/example_dags/example_kubernetes_executor.py for tasks to queue
[2023-10-07T04:23:27.286+0530] {logging_mixin.py:151} INFO - [2023-10-07T04:23:27.285+0530] {dagbag.py:539} INFO - Filling up the DagBag from /home/raj/Downloads/kafka_2.13-3.5.1/airflow-env/lib64/python3.11/site-packages/airflow/example_dags/example_kubernetes_executor.py
[2023-10-07T04:23:27.289+0530] {logging_mixin.py:151} INFO - [2023-10-07T04:23:27.289+0530] {example_kubernetes_executor.py:38} WARNING - The example_kubernetes_executor example DAG requires the kubernetes provider. Please install it with: pip install apache-airflow[cncf.kubernetes]
[2023-10-07T04:23:27.290+0530] {processor.py:841} WARNING - No viable dags retrieved from /home/raj/Downloads/kafka_2.13-3.5.1/airflow-env/lib64/python3.11/site-packages/airflow/example_dags/example_kubernetes_executor.py
[2023-10-07T04:23:27.299+0530] {processor.py:179} INFO - Processing /home/raj/Downloads/kafka_2.13-3.5.1/airflow-env/lib64/python3.11/site-packages/airflow/example_dags/example_kubernetes_executor.py took 0.029 seconds
[2023-10-07T04:24:16.485+0530] {processor.py:157} INFO - Started process (PID=21046) to work on /home/raj/Downloads/kafka_2.13-3.5.1/airflow-env/lib64/python3.11/site-packages/airflow/example_dags/example_kubernetes_executor.py
[2023-10-07T04:24:16.487+0530] {processor.py:829} INFO - Processing file /home/raj/Downloads/kafka_2.13-3.5.1/airflow-env/lib64/python3.11/site-packages/airflow/example_dags/example_kubernetes_executor.py for tasks to queue
[2023-10-07T04:24:16.488+0530] {logging_mixin.py:151} INFO - [2023-10-07T04:24:16.487+0530] {dagbag.py:539} INFO - Filling up the DagBag from /home/raj/Downloads/kafka_2.13-3.5.1/airflow-env/lib64/python3.11/site-packages/airflow/example_dags/example_kubernetes_executor.py
[2023-10-07T04:24:16.491+0530] {logging_mixin.py:151} INFO - [2023-10-07T04:24:16.491+0530] {example_kubernetes_executor.py:38} WARNING - The example_kubernetes_executor example DAG requires the kubernetes provider. Please install it with: pip install apache-airflow[cncf.kubernetes]
[2023-10-07T04:24:16.492+0530] {processor.py:841} WARNING - No viable dags retrieved from /home/raj/Downloads/kafka_2.13-3.5.1/airflow-env/lib64/python3.11/site-packages/airflow/example_dags/example_kubernetes_executor.py
[2023-10-07T04:24:16.501+0530] {processor.py:179} INFO - Processing /home/raj/Downloads/kafka_2.13-3.5.1/airflow-env/lib64/python3.11/site-packages/airflow/example_dags/example_kubernetes_executor.py took 0.023 seconds
[2023-10-07T04:25:06.103+0530] {processor.py:157} INFO - Started process (PID=21132) to work on /home/raj/Downloads/kafka_2.13-3.5.1/airflow-env/lib64/python3.11/site-packages/airflow/example_dags/example_kubernetes_executor.py
[2023-10-07T04:25:06.114+0530] {processor.py:829} INFO - Processing file /home/raj/Downloads/kafka_2.13-3.5.1/airflow-env/lib64/python3.11/site-packages/airflow/example_dags/example_kubernetes_executor.py for tasks to queue
[2023-10-07T04:25:06.116+0530] {logging_mixin.py:151} INFO - [2023-10-07T04:25:06.115+0530] {dagbag.py:539} INFO - Filling up the DagBag from /home/raj/Downloads/kafka_2.13-3.5.1/airflow-env/lib64/python3.11/site-packages/airflow/example_dags/example_kubernetes_executor.py
[2023-10-07T04:25:06.123+0530] {logging_mixin.py:151} INFO - [2023-10-07T04:25:06.122+0530] {example_kubernetes_executor.py:38} WARNING - The example_kubernetes_executor example DAG requires the kubernetes provider. Please install it with: pip install apache-airflow[cncf.kubernetes]
[2023-10-07T04:25:06.123+0530] {processor.py:841} WARNING - No viable dags retrieved from /home/raj/Downloads/kafka_2.13-3.5.1/airflow-env/lib64/python3.11/site-packages/airflow/example_dags/example_kubernetes_executor.py
[2023-10-07T04:25:06.142+0530] {processor.py:179} INFO - Processing /home/raj/Downloads/kafka_2.13-3.5.1/airflow-env/lib64/python3.11/site-packages/airflow/example_dags/example_kubernetes_executor.py took 0.045 seconds
[2023-10-07T04:25:58.500+0530] {processor.py:157} INFO - Started process (PID=21256) to work on /home/raj/Downloads/kafka_2.13-3.5.1/airflow-env/lib64/python3.11/site-packages/airflow/example_dags/example_kubernetes_executor.py
[2023-10-07T04:25:58.511+0530] {processor.py:829} INFO - Processing file /home/raj/Downloads/kafka_2.13-3.5.1/airflow-env/lib64/python3.11/site-packages/airflow/example_dags/example_kubernetes_executor.py for tasks to queue
[2023-10-07T04:25:58.513+0530] {logging_mixin.py:151} INFO - [2023-10-07T04:25:58.512+0530] {dagbag.py:539} INFO - Filling up the DagBag from /home/raj/Downloads/kafka_2.13-3.5.1/airflow-env/lib64/python3.11/site-packages/airflow/example_dags/example_kubernetes_executor.py
[2023-10-07T04:25:58.520+0530] {logging_mixin.py:151} INFO - [2023-10-07T04:25:58.520+0530] {example_kubernetes_executor.py:38} WARNING - The example_kubernetes_executor example DAG requires the kubernetes provider. Please install it with: pip install apache-airflow[cncf.kubernetes]
[2023-10-07T04:25:58.521+0530] {processor.py:841} WARNING - No viable dags retrieved from /home/raj/Downloads/kafka_2.13-3.5.1/airflow-env/lib64/python3.11/site-packages/airflow/example_dags/example_kubernetes_executor.py
[2023-10-07T04:25:58.540+0530] {processor.py:179} INFO - Processing /home/raj/Downloads/kafka_2.13-3.5.1/airflow-env/lib64/python3.11/site-packages/airflow/example_dags/example_kubernetes_executor.py took 0.046 seconds
[2023-10-07T04:26:48.089+0530] {processor.py:157} INFO - Started process (PID=21419) to work on /home/raj/Downloads/kafka_2.13-3.5.1/airflow-env/lib64/python3.11/site-packages/airflow/example_dags/example_kubernetes_executor.py
[2023-10-07T04:26:48.090+0530] {processor.py:829} INFO - Processing file /home/raj/Downloads/kafka_2.13-3.5.1/airflow-env/lib64/python3.11/site-packages/airflow/example_dags/example_kubernetes_executor.py for tasks to queue
[2023-10-07T04:26:48.091+0530] {logging_mixin.py:151} INFO - [2023-10-07T04:26:48.090+0530] {dagbag.py:539} INFO - Filling up the DagBag from /home/raj/Downloads/kafka_2.13-3.5.1/airflow-env/lib64/python3.11/site-packages/airflow/example_dags/example_kubernetes_executor.py
[2023-10-07T04:26:48.095+0530] {logging_mixin.py:151} INFO - [2023-10-07T04:26:48.095+0530] {example_kubernetes_executor.py:38} WARNING - The example_kubernetes_executor example DAG requires the kubernetes provider. Please install it with: pip install apache-airflow[cncf.kubernetes]
[2023-10-07T04:26:48.095+0530] {processor.py:841} WARNING - No viable dags retrieved from /home/raj/Downloads/kafka_2.13-3.5.1/airflow-env/lib64/python3.11/site-packages/airflow/example_dags/example_kubernetes_executor.py
[2023-10-07T04:26:48.109+0530] {processor.py:179} INFO - Processing /home/raj/Downloads/kafka_2.13-3.5.1/airflow-env/lib64/python3.11/site-packages/airflow/example_dags/example_kubernetes_executor.py took 0.024 seconds
[2023-10-07T04:27:41.866+0530] {processor.py:157} INFO - Started process (PID=21568) to work on /home/raj/Downloads/kafka_2.13-3.5.1/airflow-env/lib64/python3.11/site-packages/airflow/example_dags/example_kubernetes_executor.py
[2023-10-07T04:27:41.877+0530] {processor.py:829} INFO - Processing file /home/raj/Downloads/kafka_2.13-3.5.1/airflow-env/lib64/python3.11/site-packages/airflow/example_dags/example_kubernetes_executor.py for tasks to queue
[2023-10-07T04:27:41.879+0530] {logging_mixin.py:151} INFO - [2023-10-07T04:27:41.878+0530] {dagbag.py:539} INFO - Filling up the DagBag from /home/raj/Downloads/kafka_2.13-3.5.1/airflow-env/lib64/python3.11/site-packages/airflow/example_dags/example_kubernetes_executor.py
[2023-10-07T04:27:41.886+0530] {logging_mixin.py:151} INFO - [2023-10-07T04:27:41.885+0530] {example_kubernetes_executor.py:38} WARNING - The example_kubernetes_executor example DAG requires the kubernetes provider. Please install it with: pip install apache-airflow[cncf.kubernetes]
[2023-10-07T04:27:41.886+0530] {processor.py:841} WARNING - No viable dags retrieved from /home/raj/Downloads/kafka_2.13-3.5.1/airflow-env/lib64/python3.11/site-packages/airflow/example_dags/example_kubernetes_executor.py
[2023-10-07T04:27:41.901+0530] {processor.py:179} INFO - Processing /home/raj/Downloads/kafka_2.13-3.5.1/airflow-env/lib64/python3.11/site-packages/airflow/example_dags/example_kubernetes_executor.py took 0.038 seconds
[2023-10-07T04:28:35.204+0530] {processor.py:157} INFO - Started process (PID=21703) to work on /home/raj/Downloads/kafka_2.13-3.5.1/airflow-env/lib64/python3.11/site-packages/airflow/example_dags/example_kubernetes_executor.py
[2023-10-07T04:28:35.215+0530] {processor.py:829} INFO - Processing file /home/raj/Downloads/kafka_2.13-3.5.1/airflow-env/lib64/python3.11/site-packages/airflow/example_dags/example_kubernetes_executor.py for tasks to queue
[2023-10-07T04:28:35.217+0530] {logging_mixin.py:151} INFO - [2023-10-07T04:28:35.216+0530] {dagbag.py:539} INFO - Filling up the DagBag from /home/raj/Downloads/kafka_2.13-3.5.1/airflow-env/lib64/python3.11/site-packages/airflow/example_dags/example_kubernetes_executor.py
[2023-10-07T04:28:35.223+0530] {logging_mixin.py:151} INFO - [2023-10-07T04:28:35.223+0530] {example_kubernetes_executor.py:38} WARNING - The example_kubernetes_executor example DAG requires the kubernetes provider. Please install it with: pip install apache-airflow[cncf.kubernetes]
[2023-10-07T04:28:35.224+0530] {processor.py:841} WARNING - No viable dags retrieved from /home/raj/Downloads/kafka_2.13-3.5.1/airflow-env/lib64/python3.11/site-packages/airflow/example_dags/example_kubernetes_executor.py
[2023-10-07T04:28:35.243+0530] {processor.py:179} INFO - Processing /home/raj/Downloads/kafka_2.13-3.5.1/airflow-env/lib64/python3.11/site-packages/airflow/example_dags/example_kubernetes_executor.py took 0.045 seconds
[2023-10-07T04:29:26.056+0530] {processor.py:157} INFO - Started process (PID=21785) to work on /home/raj/Downloads/kafka_2.13-3.5.1/airflow-env/lib64/python3.11/site-packages/airflow/example_dags/example_kubernetes_executor.py
[2023-10-07T04:29:26.067+0530] {processor.py:829} INFO - Processing file /home/raj/Downloads/kafka_2.13-3.5.1/airflow-env/lib64/python3.11/site-packages/airflow/example_dags/example_kubernetes_executor.py for tasks to queue
[2023-10-07T04:29:26.069+0530] {logging_mixin.py:151} INFO - [2023-10-07T04:29:26.068+0530] {dagbag.py:539} INFO - Filling up the DagBag from /home/raj/Downloads/kafka_2.13-3.5.1/airflow-env/lib64/python3.11/site-packages/airflow/example_dags/example_kubernetes_executor.py
[2023-10-07T04:29:26.076+0530] {logging_mixin.py:151} INFO - [2023-10-07T04:29:26.075+0530] {example_kubernetes_executor.py:38} WARNING - The example_kubernetes_executor example DAG requires the kubernetes provider. Please install it with: pip install apache-airflow[cncf.kubernetes]
[2023-10-07T04:29:26.076+0530] {processor.py:841} WARNING - No viable dags retrieved from /home/raj/Downloads/kafka_2.13-3.5.1/airflow-env/lib64/python3.11/site-packages/airflow/example_dags/example_kubernetes_executor.py
[2023-10-07T04:29:26.097+0530] {processor.py:179} INFO - Processing /home/raj/Downloads/kafka_2.13-3.5.1/airflow-env/lib64/python3.11/site-packages/airflow/example_dags/example_kubernetes_executor.py took 0.047 seconds
[2023-10-07T04:40:57.444+0530] {processor.py:157} INFO - Started process (PID=9927) to work on /home/raj/Downloads/kafka_2.13-3.5.1/airflow-env/lib64/python3.11/site-packages/airflow/example_dags/example_kubernetes_executor.py
[2023-10-07T04:40:57.445+0530] {processor.py:829} INFO - Processing file /home/raj/Downloads/kafka_2.13-3.5.1/airflow-env/lib64/python3.11/site-packages/airflow/example_dags/example_kubernetes_executor.py for tasks to queue
[2023-10-07T04:40:57.446+0530] {logging_mixin.py:151} INFO - [2023-10-07T04:40:57.446+0530] {dagbag.py:539} INFO - Filling up the DagBag from /home/raj/Downloads/kafka_2.13-3.5.1/airflow-env/lib64/python3.11/site-packages/airflow/example_dags/example_kubernetes_executor.py
[2023-10-07T04:40:57.450+0530] {logging_mixin.py:151} INFO - [2023-10-07T04:40:57.449+0530] {example_kubernetes_executor.py:38} WARNING - The example_kubernetes_executor example DAG requires the kubernetes provider. Please install it with: pip install apache-airflow[cncf.kubernetes]
[2023-10-07T04:40:57.450+0530] {processor.py:841} WARNING - No viable dags retrieved from /home/raj/Downloads/kafka_2.13-3.5.1/airflow-env/lib64/python3.11/site-packages/airflow/example_dags/example_kubernetes_executor.py
[2023-10-07T04:40:57.462+0530] {processor.py:179} INFO - Processing /home/raj/Downloads/kafka_2.13-3.5.1/airflow-env/lib64/python3.11/site-packages/airflow/example_dags/example_kubernetes_executor.py took 0.022 seconds
[2023-10-07T04:41:44.674+0530] {processor.py:157} INFO - Started process (PID=10032) to work on /home/raj/Downloads/kafka_2.13-3.5.1/airflow-env/lib64/python3.11/site-packages/airflow/example_dags/example_kubernetes_executor.py
[2023-10-07T04:41:44.685+0530] {processor.py:829} INFO - Processing file /home/raj/Downloads/kafka_2.13-3.5.1/airflow-env/lib64/python3.11/site-packages/airflow/example_dags/example_kubernetes_executor.py for tasks to queue
[2023-10-07T04:41:44.687+0530] {logging_mixin.py:151} INFO - [2023-10-07T04:41:44.686+0530] {dagbag.py:539} INFO - Filling up the DagBag from /home/raj/Downloads/kafka_2.13-3.5.1/airflow-env/lib64/python3.11/site-packages/airflow/example_dags/example_kubernetes_executor.py
[2023-10-07T04:41:44.692+0530] {logging_mixin.py:151} INFO - [2023-10-07T04:41:44.692+0530] {example_kubernetes_executor.py:38} WARNING - The example_kubernetes_executor example DAG requires the kubernetes provider. Please install it with: pip install apache-airflow[cncf.kubernetes]
[2023-10-07T04:41:44.693+0530] {processor.py:841} WARNING - No viable dags retrieved from /home/raj/Downloads/kafka_2.13-3.5.1/airflow-env/lib64/python3.11/site-packages/airflow/example_dags/example_kubernetes_executor.py
[2023-10-07T04:41:44.713+0530] {processor.py:179} INFO - Processing /home/raj/Downloads/kafka_2.13-3.5.1/airflow-env/lib64/python3.11/site-packages/airflow/example_dags/example_kubernetes_executor.py took 0.044 seconds
[2023-10-07T04:42:36.459+0530] {processor.py:157} INFO - Started process (PID=10206) to work on /home/raj/Downloads/kafka_2.13-3.5.1/airflow-env/lib64/python3.11/site-packages/airflow/example_dags/example_kubernetes_executor.py
[2023-10-07T04:42:36.470+0530] {processor.py:829} INFO - Processing file /home/raj/Downloads/kafka_2.13-3.5.1/airflow-env/lib64/python3.11/site-packages/airflow/example_dags/example_kubernetes_executor.py for tasks to queue
[2023-10-07T04:42:36.472+0530] {logging_mixin.py:151} INFO - [2023-10-07T04:42:36.471+0530] {dagbag.py:539} INFO - Filling up the DagBag from /home/raj/Downloads/kafka_2.13-3.5.1/airflow-env/lib64/python3.11/site-packages/airflow/example_dags/example_kubernetes_executor.py
[2023-10-07T04:42:36.477+0530] {logging_mixin.py:151} INFO - [2023-10-07T04:42:36.476+0530] {example_kubernetes_executor.py:38} WARNING - The example_kubernetes_executor example DAG requires the kubernetes provider. Please install it with: pip install apache-airflow[cncf.kubernetes]
[2023-10-07T04:42:36.477+0530] {processor.py:841} WARNING - No viable dags retrieved from /home/raj/Downloads/kafka_2.13-3.5.1/airflow-env/lib64/python3.11/site-packages/airflow/example_dags/example_kubernetes_executor.py
[2023-10-07T04:42:36.494+0530] {processor.py:179} INFO - Processing /home/raj/Downloads/kafka_2.13-3.5.1/airflow-env/lib64/python3.11/site-packages/airflow/example_dags/example_kubernetes_executor.py took 0.040 seconds
[2023-10-07T04:43:47.599+0530] {processor.py:157} INFO - Started process (PID=10400) to work on /home/raj/Downloads/kafka_2.13-3.5.1/airflow-env/lib64/python3.11/site-packages/airflow/example_dags/example_kubernetes_executor.py
[2023-10-07T04:43:47.602+0530] {processor.py:829} INFO - Processing file /home/raj/Downloads/kafka_2.13-3.5.1/airflow-env/lib64/python3.11/site-packages/airflow/example_dags/example_kubernetes_executor.py for tasks to queue
[2023-10-07T04:43:47.603+0530] {logging_mixin.py:151} INFO - [2023-10-07T04:43:47.602+0530] {dagbag.py:539} INFO - Filling up the DagBag from /home/raj/Downloads/kafka_2.13-3.5.1/airflow-env/lib64/python3.11/site-packages/airflow/example_dags/example_kubernetes_executor.py
[2023-10-07T04:43:47.605+0530] {logging_mixin.py:151} INFO - [2023-10-07T04:43:47.605+0530] {example_kubernetes_executor.py:38} WARNING - The example_kubernetes_executor example DAG requires the kubernetes provider. Please install it with: pip install apache-airflow[cncf.kubernetes]
[2023-10-07T04:43:47.605+0530] {processor.py:841} WARNING - No viable dags retrieved from /home/raj/Downloads/kafka_2.13-3.5.1/airflow-env/lib64/python3.11/site-packages/airflow/example_dags/example_kubernetes_executor.py
[2023-10-07T04:43:47.617+0530] {processor.py:179} INFO - Processing /home/raj/Downloads/kafka_2.13-3.5.1/airflow-env/lib64/python3.11/site-packages/airflow/example_dags/example_kubernetes_executor.py took 0.021 seconds
[2023-10-07T04:44:36.833+0530] {processor.py:157} INFO - Started process (PID=10509) to work on /home/raj/Downloads/kafka_2.13-3.5.1/airflow-env/lib64/python3.11/site-packages/airflow/example_dags/example_kubernetes_executor.py
[2023-10-07T04:44:36.845+0530] {processor.py:829} INFO - Processing file /home/raj/Downloads/kafka_2.13-3.5.1/airflow-env/lib64/python3.11/site-packages/airflow/example_dags/example_kubernetes_executor.py for tasks to queue
[2023-10-07T04:44:36.847+0530] {logging_mixin.py:151} INFO - [2023-10-07T04:44:36.846+0530] {dagbag.py:539} INFO - Filling up the DagBag from /home/raj/Downloads/kafka_2.13-3.5.1/airflow-env/lib64/python3.11/site-packages/airflow/example_dags/example_kubernetes_executor.py
[2023-10-07T04:44:36.854+0530] {logging_mixin.py:151} INFO - [2023-10-07T04:44:36.854+0530] {example_kubernetes_executor.py:38} WARNING - The example_kubernetes_executor example DAG requires the kubernetes provider. Please install it with: pip install apache-airflow[cncf.kubernetes]
[2023-10-07T04:44:36.855+0530] {processor.py:841} WARNING - No viable dags retrieved from /home/raj/Downloads/kafka_2.13-3.5.1/airflow-env/lib64/python3.11/site-packages/airflow/example_dags/example_kubernetes_executor.py
[2023-10-07T04:44:36.870+0530] {processor.py:179} INFO - Processing /home/raj/Downloads/kafka_2.13-3.5.1/airflow-env/lib64/python3.11/site-packages/airflow/example_dags/example_kubernetes_executor.py took 0.043 seconds
[2023-10-07T04:45:32.599+0530] {processor.py:157} INFO - Started process (PID=10672) to work on /home/raj/Downloads/kafka_2.13-3.5.1/airflow-env/lib64/python3.11/site-packages/airflow/example_dags/example_kubernetes_executor.py
[2023-10-07T04:45:32.609+0530] {processor.py:829} INFO - Processing file /home/raj/Downloads/kafka_2.13-3.5.1/airflow-env/lib64/python3.11/site-packages/airflow/example_dags/example_kubernetes_executor.py for tasks to queue
[2023-10-07T04:45:32.611+0530] {logging_mixin.py:151} INFO - [2023-10-07T04:45:32.610+0530] {dagbag.py:539} INFO - Filling up the DagBag from /home/raj/Downloads/kafka_2.13-3.5.1/airflow-env/lib64/python3.11/site-packages/airflow/example_dags/example_kubernetes_executor.py
[2023-10-07T04:45:32.614+0530] {logging_mixin.py:151} INFO - [2023-10-07T04:45:32.614+0530] {example_kubernetes_executor.py:38} WARNING - The example_kubernetes_executor example DAG requires the kubernetes provider. Please install it with: pip install apache-airflow[cncf.kubernetes]
[2023-10-07T04:45:32.614+0530] {processor.py:841} WARNING - No viable dags retrieved from /home/raj/Downloads/kafka_2.13-3.5.1/airflow-env/lib64/python3.11/site-packages/airflow/example_dags/example_kubernetes_executor.py
[2023-10-07T04:45:32.622+0530] {processor.py:179} INFO - Processing /home/raj/Downloads/kafka_2.13-3.5.1/airflow-env/lib64/python3.11/site-packages/airflow/example_dags/example_kubernetes_executor.py took 0.026 seconds
[2023-10-07T04:46:29.819+0530] {processor.py:157} INFO - Started process (PID=10876) to work on /home/raj/Downloads/kafka_2.13-3.5.1/airflow-env/lib64/python3.11/site-packages/airflow/example_dags/example_kubernetes_executor.py
[2023-10-07T04:46:29.829+0530] {processor.py:829} INFO - Processing file /home/raj/Downloads/kafka_2.13-3.5.1/airflow-env/lib64/python3.11/site-packages/airflow/example_dags/example_kubernetes_executor.py for tasks to queue
[2023-10-07T04:46:29.830+0530] {logging_mixin.py:151} INFO - [2023-10-07T04:46:29.830+0530] {dagbag.py:539} INFO - Filling up the DagBag from /home/raj/Downloads/kafka_2.13-3.5.1/airflow-env/lib64/python3.11/site-packages/airflow/example_dags/example_kubernetes_executor.py
[2023-10-07T04:46:29.833+0530] {logging_mixin.py:151} INFO - [2023-10-07T04:46:29.832+0530] {example_kubernetes_executor.py:38} WARNING - The example_kubernetes_executor example DAG requires the kubernetes provider. Please install it with: pip install apache-airflow[cncf.kubernetes]
[2023-10-07T04:46:29.833+0530] {processor.py:841} WARNING - No viable dags retrieved from /home/raj/Downloads/kafka_2.13-3.5.1/airflow-env/lib64/python3.11/site-packages/airflow/example_dags/example_kubernetes_executor.py
[2023-10-07T04:46:29.842+0530] {processor.py:179} INFO - Processing /home/raj/Downloads/kafka_2.13-3.5.1/airflow-env/lib64/python3.11/site-packages/airflow/example_dags/example_kubernetes_executor.py took 0.028 seconds
[2023-10-07T04:47:21.879+0530] {processor.py:157} INFO - Started process (PID=10974) to work on /home/raj/Downloads/kafka_2.13-3.5.1/airflow-env/lib64/python3.11/site-packages/airflow/example_dags/example_kubernetes_executor.py
[2023-10-07T04:47:21.890+0530] {processor.py:829} INFO - Processing file /home/raj/Downloads/kafka_2.13-3.5.1/airflow-env/lib64/python3.11/site-packages/airflow/example_dags/example_kubernetes_executor.py for tasks to queue
[2023-10-07T04:47:21.891+0530] {logging_mixin.py:151} INFO - [2023-10-07T04:47:21.891+0530] {dagbag.py:539} INFO - Filling up the DagBag from /home/raj/Downloads/kafka_2.13-3.5.1/airflow-env/lib64/python3.11/site-packages/airflow/example_dags/example_kubernetes_executor.py
[2023-10-07T04:47:21.897+0530] {logging_mixin.py:151} INFO - [2023-10-07T04:47:21.897+0530] {example_kubernetes_executor.py:38} WARNING - The example_kubernetes_executor example DAG requires the kubernetes provider. Please install it with: pip install apache-airflow[cncf.kubernetes]
[2023-10-07T04:47:21.898+0530] {processor.py:841} WARNING - No viable dags retrieved from /home/raj/Downloads/kafka_2.13-3.5.1/airflow-env/lib64/python3.11/site-packages/airflow/example_dags/example_kubernetes_executor.py
[2023-10-07T04:47:21.918+0530] {processor.py:179} INFO - Processing /home/raj/Downloads/kafka_2.13-3.5.1/airflow-env/lib64/python3.11/site-packages/airflow/example_dags/example_kubernetes_executor.py took 0.045 seconds
[2023-10-07T04:48:12.013+0530] {processor.py:157} INFO - Started process (PID=11064) to work on /home/raj/Downloads/kafka_2.13-3.5.1/airflow-env/lib64/python3.11/site-packages/airflow/example_dags/example_kubernetes_executor.py
[2023-10-07T04:48:12.024+0530] {processor.py:829} INFO - Processing file /home/raj/Downloads/kafka_2.13-3.5.1/airflow-env/lib64/python3.11/site-packages/airflow/example_dags/example_kubernetes_executor.py for tasks to queue
[2023-10-07T04:48:12.026+0530] {logging_mixin.py:151} INFO - [2023-10-07T04:48:12.025+0530] {dagbag.py:539} INFO - Filling up the DagBag from /home/raj/Downloads/kafka_2.13-3.5.1/airflow-env/lib64/python3.11/site-packages/airflow/example_dags/example_kubernetes_executor.py
[2023-10-07T04:48:12.029+0530] {logging_mixin.py:151} INFO - [2023-10-07T04:48:12.028+0530] {example_kubernetes_executor.py:38} WARNING - The example_kubernetes_executor example DAG requires the kubernetes provider. Please install it with: pip install apache-airflow[cncf.kubernetes]
[2023-10-07T04:48:12.029+0530] {processor.py:841} WARNING - No viable dags retrieved from /home/raj/Downloads/kafka_2.13-3.5.1/airflow-env/lib64/python3.11/site-packages/airflow/example_dags/example_kubernetes_executor.py
[2023-10-07T04:48:12.038+0530] {processor.py:179} INFO - Processing /home/raj/Downloads/kafka_2.13-3.5.1/airflow-env/lib64/python3.11/site-packages/airflow/example_dags/example_kubernetes_executor.py took 0.031 seconds
[2023-10-07T04:49:06.738+0530] {processor.py:157} INFO - Started process (PID=11198) to work on /home/raj/Downloads/kafka_2.13-3.5.1/airflow-env/lib64/python3.11/site-packages/airflow/example_dags/example_kubernetes_executor.py
[2023-10-07T04:49:06.749+0530] {processor.py:829} INFO - Processing file /home/raj/Downloads/kafka_2.13-3.5.1/airflow-env/lib64/python3.11/site-packages/airflow/example_dags/example_kubernetes_executor.py for tasks to queue
[2023-10-07T04:49:06.750+0530] {logging_mixin.py:151} INFO - [2023-10-07T04:49:06.750+0530] {dagbag.py:539} INFO - Filling up the DagBag from /home/raj/Downloads/kafka_2.13-3.5.1/airflow-env/lib64/python3.11/site-packages/airflow/example_dags/example_kubernetes_executor.py
[2023-10-07T04:49:06.753+0530] {logging_mixin.py:151} INFO - [2023-10-07T04:49:06.753+0530] {example_kubernetes_executor.py:38} WARNING - The example_kubernetes_executor example DAG requires the kubernetes provider. Please install it with: pip install apache-airflow[cncf.kubernetes]
[2023-10-07T04:49:06.753+0530] {processor.py:841} WARNING - No viable dags retrieved from /home/raj/Downloads/kafka_2.13-3.5.1/airflow-env/lib64/python3.11/site-packages/airflow/example_dags/example_kubernetes_executor.py
[2023-10-07T04:49:06.763+0530] {processor.py:179} INFO - Processing /home/raj/Downloads/kafka_2.13-3.5.1/airflow-env/lib64/python3.11/site-packages/airflow/example_dags/example_kubernetes_executor.py took 0.028 seconds
[2023-10-07T04:50:03.278+0530] {processor.py:157} INFO - Started process (PID=11279) to work on /home/raj/Downloads/kafka_2.13-3.5.1/airflow-env/lib64/python3.11/site-packages/airflow/example_dags/example_kubernetes_executor.py
[2023-10-07T04:50:03.289+0530] {processor.py:829} INFO - Processing file /home/raj/Downloads/kafka_2.13-3.5.1/airflow-env/lib64/python3.11/site-packages/airflow/example_dags/example_kubernetes_executor.py for tasks to queue
[2023-10-07T04:50:03.291+0530] {logging_mixin.py:151} INFO - [2023-10-07T04:50:03.290+0530] {dagbag.py:539} INFO - Filling up the DagBag from /home/raj/Downloads/kafka_2.13-3.5.1/airflow-env/lib64/python3.11/site-packages/airflow/example_dags/example_kubernetes_executor.py
[2023-10-07T04:50:03.297+0530] {logging_mixin.py:151} INFO - [2023-10-07T04:50:03.296+0530] {example_kubernetes_executor.py:38} WARNING - The example_kubernetes_executor example DAG requires the kubernetes provider. Please install it with: pip install apache-airflow[cncf.kubernetes]
[2023-10-07T04:50:03.297+0530] {processor.py:841} WARNING - No viable dags retrieved from /home/raj/Downloads/kafka_2.13-3.5.1/airflow-env/lib64/python3.11/site-packages/airflow/example_dags/example_kubernetes_executor.py
[2023-10-07T04:50:03.316+0530] {processor.py:179} INFO - Processing /home/raj/Downloads/kafka_2.13-3.5.1/airflow-env/lib64/python3.11/site-packages/airflow/example_dags/example_kubernetes_executor.py took 0.044 seconds
[2023-10-07T04:50:54.484+0530] {processor.py:157} INFO - Started process (PID=11400) to work on /home/raj/Downloads/kafka_2.13-3.5.1/airflow-env/lib64/python3.11/site-packages/airflow/example_dags/example_kubernetes_executor.py
[2023-10-07T04:50:54.496+0530] {processor.py:829} INFO - Processing file /home/raj/Downloads/kafka_2.13-3.5.1/airflow-env/lib64/python3.11/site-packages/airflow/example_dags/example_kubernetes_executor.py for tasks to queue
[2023-10-07T04:50:54.497+0530] {logging_mixin.py:151} INFO - [2023-10-07T04:50:54.497+0530] {dagbag.py:539} INFO - Filling up the DagBag from /home/raj/Downloads/kafka_2.13-3.5.1/airflow-env/lib64/python3.11/site-packages/airflow/example_dags/example_kubernetes_executor.py
[2023-10-07T04:50:54.503+0530] {logging_mixin.py:151} INFO - [2023-10-07T04:50:54.503+0530] {example_kubernetes_executor.py:38} WARNING - The example_kubernetes_executor example DAG requires the kubernetes provider. Please install it with: pip install apache-airflow[cncf.kubernetes]
[2023-10-07T04:50:54.504+0530] {processor.py:841} WARNING - No viable dags retrieved from /home/raj/Downloads/kafka_2.13-3.5.1/airflow-env/lib64/python3.11/site-packages/airflow/example_dags/example_kubernetes_executor.py
[2023-10-07T04:50:54.516+0530] {processor.py:179} INFO - Processing /home/raj/Downloads/kafka_2.13-3.5.1/airflow-env/lib64/python3.11/site-packages/airflow/example_dags/example_kubernetes_executor.py took 0.036 seconds
[2023-10-07T04:51:45.191+0530] {processor.py:157} INFO - Started process (PID=11469) to work on /home/raj/Downloads/kafka_2.13-3.5.1/airflow-env/lib64/python3.11/site-packages/airflow/example_dags/example_kubernetes_executor.py
[2023-10-07T04:51:45.202+0530] {processor.py:829} INFO - Processing file /home/raj/Downloads/kafka_2.13-3.5.1/airflow-env/lib64/python3.11/site-packages/airflow/example_dags/example_kubernetes_executor.py for tasks to queue
[2023-10-07T04:51:45.204+0530] {logging_mixin.py:151} INFO - [2023-10-07T04:51:45.203+0530] {dagbag.py:539} INFO - Filling up the DagBag from /home/raj/Downloads/kafka_2.13-3.5.1/airflow-env/lib64/python3.11/site-packages/airflow/example_dags/example_kubernetes_executor.py
[2023-10-07T04:51:45.207+0530] {logging_mixin.py:151} INFO - [2023-10-07T04:51:45.207+0530] {example_kubernetes_executor.py:38} WARNING - The example_kubernetes_executor example DAG requires the kubernetes provider. Please install it with: pip install apache-airflow[cncf.kubernetes]
[2023-10-07T04:51:45.207+0530] {processor.py:841} WARNING - No viable dags retrieved from /home/raj/Downloads/kafka_2.13-3.5.1/airflow-env/lib64/python3.11/site-packages/airflow/example_dags/example_kubernetes_executor.py
[2023-10-07T04:51:45.216+0530] {processor.py:179} INFO - Processing /home/raj/Downloads/kafka_2.13-3.5.1/airflow-env/lib64/python3.11/site-packages/airflow/example_dags/example_kubernetes_executor.py took 0.030 seconds
[2023-10-07T04:52:39.509+0530] {processor.py:157} INFO - Started process (PID=11746) to work on /home/raj/Downloads/kafka_2.13-3.5.1/airflow-env/lib64/python3.11/site-packages/airflow/example_dags/example_kubernetes_executor.py
[2023-10-07T04:52:39.520+0530] {processor.py:829} INFO - Processing file /home/raj/Downloads/kafka_2.13-3.5.1/airflow-env/lib64/python3.11/site-packages/airflow/example_dags/example_kubernetes_executor.py for tasks to queue
[2023-10-07T04:52:39.521+0530] {logging_mixin.py:151} INFO - [2023-10-07T04:52:39.521+0530] {dagbag.py:539} INFO - Filling up the DagBag from /home/raj/Downloads/kafka_2.13-3.5.1/airflow-env/lib64/python3.11/site-packages/airflow/example_dags/example_kubernetes_executor.py
[2023-10-07T04:52:39.527+0530] {logging_mixin.py:151} INFO - [2023-10-07T04:52:39.526+0530] {example_kubernetes_executor.py:38} WARNING - The example_kubernetes_executor example DAG requires the kubernetes provider. Please install it with: pip install apache-airflow[cncf.kubernetes]
[2023-10-07T04:52:39.527+0530] {processor.py:841} WARNING - No viable dags retrieved from /home/raj/Downloads/kafka_2.13-3.5.1/airflow-env/lib64/python3.11/site-packages/airflow/example_dags/example_kubernetes_executor.py
[2023-10-07T04:52:39.546+0530] {processor.py:179} INFO - Processing /home/raj/Downloads/kafka_2.13-3.5.1/airflow-env/lib64/python3.11/site-packages/airflow/example_dags/example_kubernetes_executor.py took 0.042 seconds
[2023-10-07T04:53:28.674+0530] {processor.py:157} INFO - Started process (PID=11901) to work on /home/raj/Downloads/kafka_2.13-3.5.1/airflow-env/lib64/python3.11/site-packages/airflow/example_dags/example_kubernetes_executor.py
[2023-10-07T04:53:28.685+0530] {processor.py:829} INFO - Processing file /home/raj/Downloads/kafka_2.13-3.5.1/airflow-env/lib64/python3.11/site-packages/airflow/example_dags/example_kubernetes_executor.py for tasks to queue
[2023-10-07T04:53:28.687+0530] {logging_mixin.py:151} INFO - [2023-10-07T04:53:28.686+0530] {dagbag.py:539} INFO - Filling up the DagBag from /home/raj/Downloads/kafka_2.13-3.5.1/airflow-env/lib64/python3.11/site-packages/airflow/example_dags/example_kubernetes_executor.py
[2023-10-07T04:53:28.691+0530] {logging_mixin.py:151} INFO - [2023-10-07T04:53:28.691+0530] {example_kubernetes_executor.py:38} WARNING - The example_kubernetes_executor example DAG requires the kubernetes provider. Please install it with: pip install apache-airflow[cncf.kubernetes]
[2023-10-07T04:53:28.692+0530] {processor.py:841} WARNING - No viable dags retrieved from /home/raj/Downloads/kafka_2.13-3.5.1/airflow-env/lib64/python3.11/site-packages/airflow/example_dags/example_kubernetes_executor.py
[2023-10-07T04:53:28.700+0530] {processor.py:179} INFO - Processing /home/raj/Downloads/kafka_2.13-3.5.1/airflow-env/lib64/python3.11/site-packages/airflow/example_dags/example_kubernetes_executor.py took 0.031 seconds
[2023-10-07T04:54:15.331+0530] {processor.py:157} INFO - Started process (PID=11980) to work on /home/raj/Downloads/kafka_2.13-3.5.1/airflow-env/lib64/python3.11/site-packages/airflow/example_dags/example_kubernetes_executor.py
[2023-10-07T04:54:15.342+0530] {processor.py:829} INFO - Processing file /home/raj/Downloads/kafka_2.13-3.5.1/airflow-env/lib64/python3.11/site-packages/airflow/example_dags/example_kubernetes_executor.py for tasks to queue
[2023-10-07T04:54:15.344+0530] {logging_mixin.py:151} INFO - [2023-10-07T04:54:15.343+0530] {dagbag.py:539} INFO - Filling up the DagBag from /home/raj/Downloads/kafka_2.13-3.5.1/airflow-env/lib64/python3.11/site-packages/airflow/example_dags/example_kubernetes_executor.py
[2023-10-07T04:54:15.349+0530] {logging_mixin.py:151} INFO - [2023-10-07T04:54:15.349+0530] {example_kubernetes_executor.py:38} WARNING - The example_kubernetes_executor example DAG requires the kubernetes provider. Please install it with: pip install apache-airflow[cncf.kubernetes]
[2023-10-07T04:54:15.350+0530] {processor.py:841} WARNING - No viable dags retrieved from /home/raj/Downloads/kafka_2.13-3.5.1/airflow-env/lib64/python3.11/site-packages/airflow/example_dags/example_kubernetes_executor.py
[2023-10-07T04:54:15.368+0530] {processor.py:179} INFO - Processing /home/raj/Downloads/kafka_2.13-3.5.1/airflow-env/lib64/python3.11/site-packages/airflow/example_dags/example_kubernetes_executor.py took 0.042 seconds
[2023-10-07T04:55:09.874+0530] {processor.py:157} INFO - Started process (PID=12107) to work on /home/raj/Downloads/kafka_2.13-3.5.1/airflow-env/lib64/python3.11/site-packages/airflow/example_dags/example_kubernetes_executor.py
[2023-10-07T04:55:09.886+0530] {processor.py:829} INFO - Processing file /home/raj/Downloads/kafka_2.13-3.5.1/airflow-env/lib64/python3.11/site-packages/airflow/example_dags/example_kubernetes_executor.py for tasks to queue
[2023-10-07T04:55:09.887+0530] {logging_mixin.py:151} INFO - [2023-10-07T04:55:09.887+0530] {dagbag.py:539} INFO - Filling up the DagBag from /home/raj/Downloads/kafka_2.13-3.5.1/airflow-env/lib64/python3.11/site-packages/airflow/example_dags/example_kubernetes_executor.py
[2023-10-07T04:55:09.890+0530] {logging_mixin.py:151} INFO - [2023-10-07T04:55:09.890+0530] {example_kubernetes_executor.py:38} WARNING - The example_kubernetes_executor example DAG requires the kubernetes provider. Please install it with: pip install apache-airflow[cncf.kubernetes]
[2023-10-07T04:55:09.891+0530] {processor.py:841} WARNING - No viable dags retrieved from /home/raj/Downloads/kafka_2.13-3.5.1/airflow-env/lib64/python3.11/site-packages/airflow/example_dags/example_kubernetes_executor.py
[2023-10-07T04:55:09.901+0530] {processor.py:179} INFO - Processing /home/raj/Downloads/kafka_2.13-3.5.1/airflow-env/lib64/python3.11/site-packages/airflow/example_dags/example_kubernetes_executor.py took 0.032 seconds
[2023-10-07T04:55:55.625+0530] {processor.py:157} INFO - Started process (PID=12221) to work on /home/raj/Downloads/kafka_2.13-3.5.1/airflow-env/lib64/python3.11/site-packages/airflow/example_dags/example_kubernetes_executor.py
[2023-10-07T04:55:55.636+0530] {processor.py:829} INFO - Processing file /home/raj/Downloads/kafka_2.13-3.5.1/airflow-env/lib64/python3.11/site-packages/airflow/example_dags/example_kubernetes_executor.py for tasks to queue
[2023-10-07T04:55:55.637+0530] {logging_mixin.py:151} INFO - [2023-10-07T04:55:55.637+0530] {dagbag.py:539} INFO - Filling up the DagBag from /home/raj/Downloads/kafka_2.13-3.5.1/airflow-env/lib64/python3.11/site-packages/airflow/example_dags/example_kubernetes_executor.py
[2023-10-07T04:55:55.640+0530] {logging_mixin.py:151} INFO - [2023-10-07T04:55:55.640+0530] {example_kubernetes_executor.py:38} WARNING - The example_kubernetes_executor example DAG requires the kubernetes provider. Please install it with: pip install apache-airflow[cncf.kubernetes]
[2023-10-07T04:55:55.641+0530] {processor.py:841} WARNING - No viable dags retrieved from /home/raj/Downloads/kafka_2.13-3.5.1/airflow-env/lib64/python3.11/site-packages/airflow/example_dags/example_kubernetes_executor.py
[2023-10-07T04:55:55.651+0530] {processor.py:179} INFO - Processing /home/raj/Downloads/kafka_2.13-3.5.1/airflow-env/lib64/python3.11/site-packages/airflow/example_dags/example_kubernetes_executor.py took 0.029 seconds
[2023-10-07T04:56:41.873+0530] {processor.py:157} INFO - Started process (PID=12289) to work on /home/raj/Downloads/kafka_2.13-3.5.1/airflow-env/lib64/python3.11/site-packages/airflow/example_dags/example_kubernetes_executor.py
[2023-10-07T04:56:41.884+0530] {processor.py:829} INFO - Processing file /home/raj/Downloads/kafka_2.13-3.5.1/airflow-env/lib64/python3.11/site-packages/airflow/example_dags/example_kubernetes_executor.py for tasks to queue
[2023-10-07T04:56:41.885+0530] {logging_mixin.py:151} INFO - [2023-10-07T04:56:41.884+0530] {dagbag.py:539} INFO - Filling up the DagBag from /home/raj/Downloads/kafka_2.13-3.5.1/airflow-env/lib64/python3.11/site-packages/airflow/example_dags/example_kubernetes_executor.py
[2023-10-07T04:56:41.887+0530] {logging_mixin.py:151} INFO - [2023-10-07T04:56:41.887+0530] {example_kubernetes_executor.py:38} WARNING - The example_kubernetes_executor example DAG requires the kubernetes provider. Please install it with: pip install apache-airflow[cncf.kubernetes]
[2023-10-07T04:56:41.888+0530] {processor.py:841} WARNING - No viable dags retrieved from /home/raj/Downloads/kafka_2.13-3.5.1/airflow-env/lib64/python3.11/site-packages/airflow/example_dags/example_kubernetes_executor.py
[2023-10-07T04:56:41.897+0530] {processor.py:179} INFO - Processing /home/raj/Downloads/kafka_2.13-3.5.1/airflow-env/lib64/python3.11/site-packages/airflow/example_dags/example_kubernetes_executor.py took 0.027 seconds
[2023-10-07T04:57:31.541+0530] {processor.py:157} INFO - Started process (PID=12436) to work on /home/raj/Downloads/kafka_2.13-3.5.1/airflow-env/lib64/python3.11/site-packages/airflow/example_dags/example_kubernetes_executor.py
[2023-10-07T04:57:31.553+0530] {processor.py:829} INFO - Processing file /home/raj/Downloads/kafka_2.13-3.5.1/airflow-env/lib64/python3.11/site-packages/airflow/example_dags/example_kubernetes_executor.py for tasks to queue
[2023-10-07T04:57:31.554+0530] {logging_mixin.py:151} INFO - [2023-10-07T04:57:31.554+0530] {dagbag.py:539} INFO - Filling up the DagBag from /home/raj/Downloads/kafka_2.13-3.5.1/airflow-env/lib64/python3.11/site-packages/airflow/example_dags/example_kubernetes_executor.py
[2023-10-07T04:57:31.560+0530] {logging_mixin.py:151} INFO - [2023-10-07T04:57:31.560+0530] {example_kubernetes_executor.py:38} WARNING - The example_kubernetes_executor example DAG requires the kubernetes provider. Please install it with: pip install apache-airflow[cncf.kubernetes]
[2023-10-07T04:57:31.560+0530] {processor.py:841} WARNING - No viable dags retrieved from /home/raj/Downloads/kafka_2.13-3.5.1/airflow-env/lib64/python3.11/site-packages/airflow/example_dags/example_kubernetes_executor.py
[2023-10-07T04:57:31.579+0530] {processor.py:179} INFO - Processing /home/raj/Downloads/kafka_2.13-3.5.1/airflow-env/lib64/python3.11/site-packages/airflow/example_dags/example_kubernetes_executor.py took 0.043 seconds
[2023-10-07T04:58:22.525+0530] {processor.py:157} INFO - Started process (PID=12523) to work on /home/raj/Downloads/kafka_2.13-3.5.1/airflow-env/lib64/python3.11/site-packages/airflow/example_dags/example_kubernetes_executor.py
[2023-10-07T04:58:22.536+0530] {processor.py:829} INFO - Processing file /home/raj/Downloads/kafka_2.13-3.5.1/airflow-env/lib64/python3.11/site-packages/airflow/example_dags/example_kubernetes_executor.py for tasks to queue
[2023-10-07T04:58:22.537+0530] {logging_mixin.py:151} INFO - [2023-10-07T04:58:22.536+0530] {dagbag.py:539} INFO - Filling up the DagBag from /home/raj/Downloads/kafka_2.13-3.5.1/airflow-env/lib64/python3.11/site-packages/airflow/example_dags/example_kubernetes_executor.py
[2023-10-07T04:58:22.539+0530] {logging_mixin.py:151} INFO - [2023-10-07T04:58:22.539+0530] {example_kubernetes_executor.py:38} WARNING - The example_kubernetes_executor example DAG requires the kubernetes provider. Please install it with: pip install apache-airflow[cncf.kubernetes]
[2023-10-07T04:58:22.539+0530] {processor.py:841} WARNING - No viable dags retrieved from /home/raj/Downloads/kafka_2.13-3.5.1/airflow-env/lib64/python3.11/site-packages/airflow/example_dags/example_kubernetes_executor.py
[2023-10-07T04:58:22.549+0530] {processor.py:179} INFO - Processing /home/raj/Downloads/kafka_2.13-3.5.1/airflow-env/lib64/python3.11/site-packages/airflow/example_dags/example_kubernetes_executor.py took 0.030 seconds
[2023-10-07T04:59:12.713+0530] {processor.py:157} INFO - Started process (PID=12669) to work on /home/raj/Downloads/kafka_2.13-3.5.1/airflow-env/lib64/python3.11/site-packages/airflow/example_dags/example_kubernetes_executor.py
[2023-10-07T04:59:12.724+0530] {processor.py:829} INFO - Processing file /home/raj/Downloads/kafka_2.13-3.5.1/airflow-env/lib64/python3.11/site-packages/airflow/example_dags/example_kubernetes_executor.py for tasks to queue
[2023-10-07T04:59:12.725+0530] {logging_mixin.py:151} INFO - [2023-10-07T04:59:12.725+0530] {dagbag.py:539} INFO - Filling up the DagBag from /home/raj/Downloads/kafka_2.13-3.5.1/airflow-env/lib64/python3.11/site-packages/airflow/example_dags/example_kubernetes_executor.py
[2023-10-07T04:59:12.731+0530] {logging_mixin.py:151} INFO - [2023-10-07T04:59:12.730+0530] {example_kubernetes_executor.py:38} WARNING - The example_kubernetes_executor example DAG requires the kubernetes provider. Please install it with: pip install apache-airflow[cncf.kubernetes]
[2023-10-07T04:59:12.731+0530] {processor.py:841} WARNING - No viable dags retrieved from /home/raj/Downloads/kafka_2.13-3.5.1/airflow-env/lib64/python3.11/site-packages/airflow/example_dags/example_kubernetes_executor.py
[2023-10-07T04:59:12.753+0530] {processor.py:179} INFO - Processing /home/raj/Downloads/kafka_2.13-3.5.1/airflow-env/lib64/python3.11/site-packages/airflow/example_dags/example_kubernetes_executor.py took 0.043 seconds
