[2023-10-07T04:00:07.302+0530] {processor.py:157} INFO - Started process (PID=18114) to work on /home/raj/Downloads/kafka_2.13-3.5.1/airflow-env/lib64/python3.11/site-packages/airflow/example_dags/example_complex.py
[2023-10-07T04:00:07.302+0530] {processor.py:829} INFO - Processing file /home/raj/Downloads/kafka_2.13-3.5.1/airflow-env/lib64/python3.11/site-packages/airflow/example_dags/example_complex.py for tasks to queue
[2023-10-07T04:00:07.303+0530] {logging_mixin.py:151} INFO - [2023-10-07T04:00:07.303+0530] {dagbag.py:539} INFO - Filling up the DagBag from /home/raj/Downloads/kafka_2.13-3.5.1/airflow-env/lib64/python3.11/site-packages/airflow/example_dags/example_complex.py
[2023-10-07T04:00:07.315+0530] {processor.py:839} INFO - DAG(s) dict_keys(['example_complex']) retrieved from /home/raj/Downloads/kafka_2.13-3.5.1/airflow-env/lib64/python3.11/site-packages/airflow/example_dags/example_complex.py
[2023-10-07T04:00:07.427+0530] {logging_mixin.py:151} INFO - [2023-10-07T04:00:07.427+0530] {manager.py:499} INFO - Created Permission View: %s
[2023-10-07T04:00:07.440+0530] {logging_mixin.py:151} INFO - [2023-10-07T04:00:07.440+0530] {manager.py:499} INFO - Created Permission View: %s
[2023-10-07T04:00:07.448+0530] {logging_mixin.py:151} INFO - [2023-10-07T04:00:07.448+0530] {manager.py:499} INFO - Created Permission View: %s
[2023-10-07T04:00:07.448+0530] {logging_mixin.py:151} INFO - [2023-10-07T04:00:07.448+0530] {security.py:708} INFO - Not syncing DAG-level permissions for DAG 'DAG:example_complex' as access control is unset.
[2023-10-07T04:00:07.448+0530] {logging_mixin.py:151} INFO - [2023-10-07T04:00:07.448+0530] {dag.py:2915} INFO - Sync 1 DAGs
[2023-10-07T04:00:07.461+0530] {logging_mixin.py:151} INFO - [2023-10-07T04:00:07.460+0530] {dag.py:2937} INFO - Creating ORM DAG for example_complex
[2023-10-07T04:00:07.461+0530] {logging_mixin.py:151} INFO - [2023-10-07T04:00:07.461+0530] {dag.py:3696} INFO - Setting next_dagrun for example_complex to None, run_after=None
[2023-10-07T04:00:07.484+0530] {processor.py:179} INFO - Processing /home/raj/Downloads/kafka_2.13-3.5.1/airflow-env/lib64/python3.11/site-packages/airflow/example_dags/example_complex.py took 0.186 seconds
[2023-10-07T04:00:55.393+0530] {processor.py:157} INFO - Started process (PID=18164) to work on /home/raj/Downloads/kafka_2.13-3.5.1/airflow-env/lib64/python3.11/site-packages/airflow/example_dags/example_complex.py
[2023-10-07T04:00:55.394+0530] {processor.py:829} INFO - Processing file /home/raj/Downloads/kafka_2.13-3.5.1/airflow-env/lib64/python3.11/site-packages/airflow/example_dags/example_complex.py for tasks to queue
[2023-10-07T04:00:55.395+0530] {logging_mixin.py:151} INFO - [2023-10-07T04:00:55.394+0530] {dagbag.py:539} INFO - Filling up the DagBag from /home/raj/Downloads/kafka_2.13-3.5.1/airflow-env/lib64/python3.11/site-packages/airflow/example_dags/example_complex.py
[2023-10-07T04:00:55.405+0530] {processor.py:839} INFO - DAG(s) dict_keys(['example_complex']) retrieved from /home/raj/Downloads/kafka_2.13-3.5.1/airflow-env/lib64/python3.11/site-packages/airflow/example_dags/example_complex.py
[2023-10-07T04:00:55.431+0530] {logging_mixin.py:151} INFO - [2023-10-07T04:00:55.431+0530] {dag.py:2915} INFO - Sync 1 DAGs
[2023-10-07T04:00:55.444+0530] {logging_mixin.py:151} INFO - [2023-10-07T04:00:55.444+0530] {dag.py:3696} INFO - Setting next_dagrun for example_complex to None, run_after=None
[2023-10-07T04:00:55.476+0530] {processor.py:179} INFO - Processing /home/raj/Downloads/kafka_2.13-3.5.1/airflow-env/lib64/python3.11/site-packages/airflow/example_dags/example_complex.py took 0.088 seconds
[2023-10-07T04:01:43.634+0530] {processor.py:157} INFO - Started process (PID=18316) to work on /home/raj/Downloads/kafka_2.13-3.5.1/airflow-env/lib64/python3.11/site-packages/airflow/example_dags/example_complex.py
[2023-10-07T04:01:43.636+0530] {processor.py:829} INFO - Processing file /home/raj/Downloads/kafka_2.13-3.5.1/airflow-env/lib64/python3.11/site-packages/airflow/example_dags/example_complex.py for tasks to queue
[2023-10-07T04:01:43.638+0530] {logging_mixin.py:151} INFO - [2023-10-07T04:01:43.637+0530] {dagbag.py:539} INFO - Filling up the DagBag from /home/raj/Downloads/kafka_2.13-3.5.1/airflow-env/lib64/python3.11/site-packages/airflow/example_dags/example_complex.py
[2023-10-07T04:01:43.660+0530] {processor.py:839} INFO - DAG(s) dict_keys(['example_complex']) retrieved from /home/raj/Downloads/kafka_2.13-3.5.1/airflow-env/lib64/python3.11/site-packages/airflow/example_dags/example_complex.py
[2023-10-07T04:01:43.686+0530] {logging_mixin.py:151} INFO - [2023-10-07T04:01:43.686+0530] {dag.py:2915} INFO - Sync 1 DAGs
[2023-10-07T04:01:43.697+0530] {logging_mixin.py:151} INFO - [2023-10-07T04:01:43.697+0530] {dag.py:3696} INFO - Setting next_dagrun for example_complex to None, run_after=None
[2023-10-07T04:01:43.719+0530] {processor.py:179} INFO - Processing /home/raj/Downloads/kafka_2.13-3.5.1/airflow-env/lib64/python3.11/site-packages/airflow/example_dags/example_complex.py took 0.091 seconds
[2023-10-07T04:02:39.107+0530] {processor.py:157} INFO - Started process (PID=18434) to work on /home/raj/Downloads/kafka_2.13-3.5.1/airflow-env/lib64/python3.11/site-packages/airflow/example_dags/example_complex.py
[2023-10-07T04:02:39.118+0530] {processor.py:829} INFO - Processing file /home/raj/Downloads/kafka_2.13-3.5.1/airflow-env/lib64/python3.11/site-packages/airflow/example_dags/example_complex.py for tasks to queue
[2023-10-07T04:02:39.120+0530] {logging_mixin.py:151} INFO - [2023-10-07T04:02:39.119+0530] {dagbag.py:539} INFO - Filling up the DagBag from /home/raj/Downloads/kafka_2.13-3.5.1/airflow-env/lib64/python3.11/site-packages/airflow/example_dags/example_complex.py
[2023-10-07T04:02:39.129+0530] {processor.py:839} INFO - DAG(s) dict_keys(['example_complex']) retrieved from /home/raj/Downloads/kafka_2.13-3.5.1/airflow-env/lib64/python3.11/site-packages/airflow/example_dags/example_complex.py
[2023-10-07T04:02:39.151+0530] {logging_mixin.py:151} INFO - [2023-10-07T04:02:39.150+0530] {dag.py:2915} INFO - Sync 1 DAGs
[2023-10-07T04:02:39.166+0530] {logging_mixin.py:151} INFO - [2023-10-07T04:02:39.165+0530] {dag.py:3696} INFO - Setting next_dagrun for example_complex to None, run_after=None
[2023-10-07T04:02:39.184+0530] {processor.py:179} INFO - Processing /home/raj/Downloads/kafka_2.13-3.5.1/airflow-env/lib64/python3.11/site-packages/airflow/example_dags/example_complex.py took 0.083 seconds
[2023-10-07T04:03:28.439+0530] {processor.py:157} INFO - Started process (PID=18661) to work on /home/raj/Downloads/kafka_2.13-3.5.1/airflow-env/lib64/python3.11/site-packages/airflow/example_dags/example_complex.py
[2023-10-07T04:03:28.450+0530] {processor.py:829} INFO - Processing file /home/raj/Downloads/kafka_2.13-3.5.1/airflow-env/lib64/python3.11/site-packages/airflow/example_dags/example_complex.py for tasks to queue
[2023-10-07T04:03:28.452+0530] {logging_mixin.py:151} INFO - [2023-10-07T04:03:28.451+0530] {dagbag.py:539} INFO - Filling up the DagBag from /home/raj/Downloads/kafka_2.13-3.5.1/airflow-env/lib64/python3.11/site-packages/airflow/example_dags/example_complex.py
[2023-10-07T04:03:28.469+0530] {processor.py:839} INFO - DAG(s) dict_keys(['example_complex']) retrieved from /home/raj/Downloads/kafka_2.13-3.5.1/airflow-env/lib64/python3.11/site-packages/airflow/example_dags/example_complex.py
[2023-10-07T04:03:28.494+0530] {logging_mixin.py:151} INFO - [2023-10-07T04:03:28.494+0530] {dag.py:2915} INFO - Sync 1 DAGs
[2023-10-07T04:03:28.505+0530] {logging_mixin.py:151} INFO - [2023-10-07T04:03:28.505+0530] {dag.py:3696} INFO - Setting next_dagrun for example_complex to None, run_after=None
[2023-10-07T04:03:28.526+0530] {processor.py:179} INFO - Processing /home/raj/Downloads/kafka_2.13-3.5.1/airflow-env/lib64/python3.11/site-packages/airflow/example_dags/example_complex.py took 0.093 seconds
[2023-10-07T04:04:15.789+0530] {processor.py:157} INFO - Started process (PID=18728) to work on /home/raj/Downloads/kafka_2.13-3.5.1/airflow-env/lib64/python3.11/site-packages/airflow/example_dags/example_complex.py
[2023-10-07T04:04:15.800+0530] {processor.py:829} INFO - Processing file /home/raj/Downloads/kafka_2.13-3.5.1/airflow-env/lib64/python3.11/site-packages/airflow/example_dags/example_complex.py for tasks to queue
[2023-10-07T04:04:15.802+0530] {logging_mixin.py:151} INFO - [2023-10-07T04:04:15.801+0530] {dagbag.py:539} INFO - Filling up the DagBag from /home/raj/Downloads/kafka_2.13-3.5.1/airflow-env/lib64/python3.11/site-packages/airflow/example_dags/example_complex.py
[2023-10-07T04:04:15.826+0530] {processor.py:839} INFO - DAG(s) dict_keys(['example_complex']) retrieved from /home/raj/Downloads/kafka_2.13-3.5.1/airflow-env/lib64/python3.11/site-packages/airflow/example_dags/example_complex.py
[2023-10-07T04:04:15.858+0530] {logging_mixin.py:151} INFO - [2023-10-07T04:04:15.858+0530] {dag.py:2915} INFO - Sync 1 DAGs
[2023-10-07T04:04:15.867+0530] {logging_mixin.py:151} INFO - [2023-10-07T04:04:15.867+0530] {dag.py:3696} INFO - Setting next_dagrun for example_complex to None, run_after=None
[2023-10-07T04:04:15.884+0530] {processor.py:179} INFO - Processing /home/raj/Downloads/kafka_2.13-3.5.1/airflow-env/lib64/python3.11/site-packages/airflow/example_dags/example_complex.py took 0.100 seconds
[2023-10-07T04:05:05.594+0530] {processor.py:157} INFO - Started process (PID=18905) to work on /home/raj/Downloads/kafka_2.13-3.5.1/airflow-env/lib64/python3.11/site-packages/airflow/example_dags/example_complex.py
[2023-10-07T04:05:05.606+0530] {processor.py:829} INFO - Processing file /home/raj/Downloads/kafka_2.13-3.5.1/airflow-env/lib64/python3.11/site-packages/airflow/example_dags/example_complex.py for tasks to queue
[2023-10-07T04:05:05.607+0530] {logging_mixin.py:151} INFO - [2023-10-07T04:05:05.606+0530] {dagbag.py:539} INFO - Filling up the DagBag from /home/raj/Downloads/kafka_2.13-3.5.1/airflow-env/lib64/python3.11/site-packages/airflow/example_dags/example_complex.py
[2023-10-07T04:05:05.631+0530] {processor.py:839} INFO - DAG(s) dict_keys(['example_complex']) retrieved from /home/raj/Downloads/kafka_2.13-3.5.1/airflow-env/lib64/python3.11/site-packages/airflow/example_dags/example_complex.py
[2023-10-07T04:05:05.665+0530] {logging_mixin.py:151} INFO - [2023-10-07T04:05:05.665+0530] {dag.py:2915} INFO - Sync 1 DAGs
[2023-10-07T04:05:05.675+0530] {logging_mixin.py:151} INFO - [2023-10-07T04:05:05.675+0530] {dag.py:3696} INFO - Setting next_dagrun for example_complex to None, run_after=None
[2023-10-07T04:05:05.696+0530] {processor.py:179} INFO - Processing /home/raj/Downloads/kafka_2.13-3.5.1/airflow-env/lib64/python3.11/site-packages/airflow/example_dags/example_complex.py took 0.106 seconds
[2023-10-07T04:05:57.769+0530] {processor.py:157} INFO - Started process (PID=19006) to work on /home/raj/Downloads/kafka_2.13-3.5.1/airflow-env/lib64/python3.11/site-packages/airflow/example_dags/example_complex.py
[2023-10-07T04:05:57.780+0530] {processor.py:829} INFO - Processing file /home/raj/Downloads/kafka_2.13-3.5.1/airflow-env/lib64/python3.11/site-packages/airflow/example_dags/example_complex.py for tasks to queue
[2023-10-07T04:05:57.782+0530] {logging_mixin.py:151} INFO - [2023-10-07T04:05:57.781+0530] {dagbag.py:539} INFO - Filling up the DagBag from /home/raj/Downloads/kafka_2.13-3.5.1/airflow-env/lib64/python3.11/site-packages/airflow/example_dags/example_complex.py
[2023-10-07T04:05:57.797+0530] {processor.py:839} INFO - DAG(s) dict_keys(['example_complex']) retrieved from /home/raj/Downloads/kafka_2.13-3.5.1/airflow-env/lib64/python3.11/site-packages/airflow/example_dags/example_complex.py
[2023-10-07T04:05:57.833+0530] {logging_mixin.py:151} INFO - [2023-10-07T04:05:57.833+0530] {dag.py:2915} INFO - Sync 1 DAGs
[2023-10-07T04:05:57.842+0530] {logging_mixin.py:151} INFO - [2023-10-07T04:05:57.842+0530] {dag.py:3696} INFO - Setting next_dagrun for example_complex to None, run_after=None
[2023-10-07T04:05:57.863+0530] {processor.py:179} INFO - Processing /home/raj/Downloads/kafka_2.13-3.5.1/airflow-env/lib64/python3.11/site-packages/airflow/example_dags/example_complex.py took 0.098 seconds
[2023-10-07T04:06:53.214+0530] {processor.py:157} INFO - Started process (PID=19162) to work on /home/raj/Downloads/kafka_2.13-3.5.1/airflow-env/lib64/python3.11/site-packages/airflow/example_dags/example_complex.py
[2023-10-07T04:06:53.226+0530] {processor.py:829} INFO - Processing file /home/raj/Downloads/kafka_2.13-3.5.1/airflow-env/lib64/python3.11/site-packages/airflow/example_dags/example_complex.py for tasks to queue
[2023-10-07T04:06:53.227+0530] {logging_mixin.py:151} INFO - [2023-10-07T04:06:53.226+0530] {dagbag.py:539} INFO - Filling up the DagBag from /home/raj/Downloads/kafka_2.13-3.5.1/airflow-env/lib64/python3.11/site-packages/airflow/example_dags/example_complex.py
[2023-10-07T04:06:53.252+0530] {processor.py:839} INFO - DAG(s) dict_keys(['example_complex']) retrieved from /home/raj/Downloads/kafka_2.13-3.5.1/airflow-env/lib64/python3.11/site-packages/airflow/example_dags/example_complex.py
[2023-10-07T04:06:53.290+0530] {logging_mixin.py:151} INFO - [2023-10-07T04:06:53.290+0530] {dag.py:2915} INFO - Sync 1 DAGs
[2023-10-07T04:06:53.302+0530] {logging_mixin.py:151} INFO - [2023-10-07T04:06:53.302+0530] {dag.py:3696} INFO - Setting next_dagrun for example_complex to None, run_after=None
[2023-10-07T04:06:53.322+0530] {processor.py:179} INFO - Processing /home/raj/Downloads/kafka_2.13-3.5.1/airflow-env/lib64/python3.11/site-packages/airflow/example_dags/example_complex.py took 0.113 seconds
[2023-10-07T04:07:49.694+0530] {processor.py:157} INFO - Started process (PID=19223) to work on /home/raj/Downloads/kafka_2.13-3.5.1/airflow-env/lib64/python3.11/site-packages/airflow/example_dags/example_complex.py
[2023-10-07T04:07:49.705+0530] {processor.py:829} INFO - Processing file /home/raj/Downloads/kafka_2.13-3.5.1/airflow-env/lib64/python3.11/site-packages/airflow/example_dags/example_complex.py for tasks to queue
[2023-10-07T04:07:49.706+0530] {logging_mixin.py:151} INFO - [2023-10-07T04:07:49.705+0530] {dagbag.py:539} INFO - Filling up the DagBag from /home/raj/Downloads/kafka_2.13-3.5.1/airflow-env/lib64/python3.11/site-packages/airflow/example_dags/example_complex.py
[2023-10-07T04:07:49.716+0530] {processor.py:839} INFO - DAG(s) dict_keys(['example_complex']) retrieved from /home/raj/Downloads/kafka_2.13-3.5.1/airflow-env/lib64/python3.11/site-packages/airflow/example_dags/example_complex.py
[2023-10-07T04:07:49.745+0530] {logging_mixin.py:151} INFO - [2023-10-07T04:07:49.745+0530] {dag.py:2915} INFO - Sync 1 DAGs
[2023-10-07T04:07:49.758+0530] {logging_mixin.py:151} INFO - [2023-10-07T04:07:49.758+0530] {dag.py:3696} INFO - Setting next_dagrun for example_complex to None, run_after=None
[2023-10-07T04:07:49.781+0530] {processor.py:179} INFO - Processing /home/raj/Downloads/kafka_2.13-3.5.1/airflow-env/lib64/python3.11/site-packages/airflow/example_dags/example_complex.py took 0.090 seconds
[2023-10-07T04:08:43.612+0530] {processor.py:157} INFO - Started process (PID=19278) to work on /home/raj/Downloads/kafka_2.13-3.5.1/airflow-env/lib64/python3.11/site-packages/airflow/example_dags/example_complex.py
[2023-10-07T04:08:43.622+0530] {processor.py:829} INFO - Processing file /home/raj/Downloads/kafka_2.13-3.5.1/airflow-env/lib64/python3.11/site-packages/airflow/example_dags/example_complex.py for tasks to queue
[2023-10-07T04:08:43.624+0530] {logging_mixin.py:151} INFO - [2023-10-07T04:08:43.623+0530] {dagbag.py:539} INFO - Filling up the DagBag from /home/raj/Downloads/kafka_2.13-3.5.1/airflow-env/lib64/python3.11/site-packages/airflow/example_dags/example_complex.py
[2023-10-07T04:08:43.635+0530] {processor.py:839} INFO - DAG(s) dict_keys(['example_complex']) retrieved from /home/raj/Downloads/kafka_2.13-3.5.1/airflow-env/lib64/python3.11/site-packages/airflow/example_dags/example_complex.py
[2023-10-07T04:08:43.661+0530] {logging_mixin.py:151} INFO - [2023-10-07T04:08:43.661+0530] {dag.py:2915} INFO - Sync 1 DAGs
[2023-10-07T04:08:43.673+0530] {logging_mixin.py:151} INFO - [2023-10-07T04:08:43.672+0530] {dag.py:3696} INFO - Setting next_dagrun for example_complex to None, run_after=None
[2023-10-07T04:08:43.695+0530] {processor.py:179} INFO - Processing /home/raj/Downloads/kafka_2.13-3.5.1/airflow-env/lib64/python3.11/site-packages/airflow/example_dags/example_complex.py took 0.086 seconds
[2023-10-07T04:09:37.068+0530] {processor.py:157} INFO - Started process (PID=19335) to work on /home/raj/Downloads/kafka_2.13-3.5.1/airflow-env/lib64/python3.11/site-packages/airflow/example_dags/example_complex.py
[2023-10-07T04:09:37.079+0530] {processor.py:829} INFO - Processing file /home/raj/Downloads/kafka_2.13-3.5.1/airflow-env/lib64/python3.11/site-packages/airflow/example_dags/example_complex.py for tasks to queue
[2023-10-07T04:09:37.081+0530] {logging_mixin.py:151} INFO - [2023-10-07T04:09:37.080+0530] {dagbag.py:539} INFO - Filling up the DagBag from /home/raj/Downloads/kafka_2.13-3.5.1/airflow-env/lib64/python3.11/site-packages/airflow/example_dags/example_complex.py
[2023-10-07T04:09:37.106+0530] {processor.py:839} INFO - DAG(s) dict_keys(['example_complex']) retrieved from /home/raj/Downloads/kafka_2.13-3.5.1/airflow-env/lib64/python3.11/site-packages/airflow/example_dags/example_complex.py
[2023-10-07T04:09:37.139+0530] {logging_mixin.py:151} INFO - [2023-10-07T04:09:37.138+0530] {dag.py:2915} INFO - Sync 1 DAGs
[2023-10-07T04:09:37.148+0530] {logging_mixin.py:151} INFO - [2023-10-07T04:09:37.147+0530] {dag.py:3696} INFO - Setting next_dagrun for example_complex to None, run_after=None
[2023-10-07T04:09:37.167+0530] {processor.py:179} INFO - Processing /home/raj/Downloads/kafka_2.13-3.5.1/airflow-env/lib64/python3.11/site-packages/airflow/example_dags/example_complex.py took 0.104 seconds
[2023-10-07T04:10:25.635+0530] {processor.py:157} INFO - Started process (PID=19396) to work on /home/raj/Downloads/kafka_2.13-3.5.1/airflow-env/lib64/python3.11/site-packages/airflow/example_dags/example_complex.py
[2023-10-07T04:10:25.646+0530] {processor.py:829} INFO - Processing file /home/raj/Downloads/kafka_2.13-3.5.1/airflow-env/lib64/python3.11/site-packages/airflow/example_dags/example_complex.py for tasks to queue
[2023-10-07T04:10:25.648+0530] {logging_mixin.py:151} INFO - [2023-10-07T04:10:25.647+0530] {dagbag.py:539} INFO - Filling up the DagBag from /home/raj/Downloads/kafka_2.13-3.5.1/airflow-env/lib64/python3.11/site-packages/airflow/example_dags/example_complex.py
[2023-10-07T04:10:25.668+0530] {processor.py:839} INFO - DAG(s) dict_keys(['example_complex']) retrieved from /home/raj/Downloads/kafka_2.13-3.5.1/airflow-env/lib64/python3.11/site-packages/airflow/example_dags/example_complex.py
[2023-10-07T04:10:25.701+0530] {logging_mixin.py:151} INFO - [2023-10-07T04:10:25.701+0530] {dag.py:2915} INFO - Sync 1 DAGs
[2023-10-07T04:10:25.711+0530] {logging_mixin.py:151} INFO - [2023-10-07T04:10:25.711+0530] {dag.py:3696} INFO - Setting next_dagrun for example_complex to None, run_after=None
[2023-10-07T04:10:25.734+0530] {processor.py:179} INFO - Processing /home/raj/Downloads/kafka_2.13-3.5.1/airflow-env/lib64/python3.11/site-packages/airflow/example_dags/example_complex.py took 0.104 seconds
[2023-10-07T04:11:17.579+0530] {processor.py:157} INFO - Started process (PID=19460) to work on /home/raj/Downloads/kafka_2.13-3.5.1/airflow-env/lib64/python3.11/site-packages/airflow/example_dags/example_complex.py
[2023-10-07T04:11:17.581+0530] {processor.py:829} INFO - Processing file /home/raj/Downloads/kafka_2.13-3.5.1/airflow-env/lib64/python3.11/site-packages/airflow/example_dags/example_complex.py for tasks to queue
[2023-10-07T04:11:17.582+0530] {logging_mixin.py:151} INFO - [2023-10-07T04:11:17.582+0530] {dagbag.py:539} INFO - Filling up the DagBag from /home/raj/Downloads/kafka_2.13-3.5.1/airflow-env/lib64/python3.11/site-packages/airflow/example_dags/example_complex.py
[2023-10-07T04:11:17.605+0530] {processor.py:839} INFO - DAG(s) dict_keys(['example_complex']) retrieved from /home/raj/Downloads/kafka_2.13-3.5.1/airflow-env/lib64/python3.11/site-packages/airflow/example_dags/example_complex.py
[2023-10-07T04:11:17.631+0530] {logging_mixin.py:151} INFO - [2023-10-07T04:11:17.631+0530] {dag.py:2915} INFO - Sync 1 DAGs
[2023-10-07T04:11:17.642+0530] {logging_mixin.py:151} INFO - [2023-10-07T04:11:17.642+0530] {dag.py:3696} INFO - Setting next_dagrun for example_complex to None, run_after=None
[2023-10-07T04:11:17.660+0530] {processor.py:179} INFO - Processing /home/raj/Downloads/kafka_2.13-3.5.1/airflow-env/lib64/python3.11/site-packages/airflow/example_dags/example_complex.py took 0.086 seconds
[2023-10-07T04:12:09.758+0530] {processor.py:157} INFO - Started process (PID=19535) to work on /home/raj/Downloads/kafka_2.13-3.5.1/airflow-env/lib64/python3.11/site-packages/airflow/example_dags/example_complex.py
[2023-10-07T04:12:09.769+0530] {processor.py:829} INFO - Processing file /home/raj/Downloads/kafka_2.13-3.5.1/airflow-env/lib64/python3.11/site-packages/airflow/example_dags/example_complex.py for tasks to queue
[2023-10-07T04:12:09.770+0530] {logging_mixin.py:151} INFO - [2023-10-07T04:12:09.770+0530] {dagbag.py:539} INFO - Filling up the DagBag from /home/raj/Downloads/kafka_2.13-3.5.1/airflow-env/lib64/python3.11/site-packages/airflow/example_dags/example_complex.py
[2023-10-07T04:12:09.794+0530] {processor.py:839} INFO - DAG(s) dict_keys(['example_complex']) retrieved from /home/raj/Downloads/kafka_2.13-3.5.1/airflow-env/lib64/python3.11/site-packages/airflow/example_dags/example_complex.py
[2023-10-07T04:12:09.828+0530] {logging_mixin.py:151} INFO - [2023-10-07T04:12:09.828+0530] {dag.py:2915} INFO - Sync 1 DAGs
[2023-10-07T04:12:09.838+0530] {logging_mixin.py:151} INFO - [2023-10-07T04:12:09.838+0530] {dag.py:3696} INFO - Setting next_dagrun for example_complex to None, run_after=None
[2023-10-07T04:12:09.855+0530] {processor.py:179} INFO - Processing /home/raj/Downloads/kafka_2.13-3.5.1/airflow-env/lib64/python3.11/site-packages/airflow/example_dags/example_complex.py took 0.103 seconds
[2023-10-07T04:13:06.960+0530] {processor.py:157} INFO - Started process (PID=19590) to work on /home/raj/Downloads/kafka_2.13-3.5.1/airflow-env/lib64/python3.11/site-packages/airflow/example_dags/example_complex.py
[2023-10-07T04:13:06.970+0530] {processor.py:829} INFO - Processing file /home/raj/Downloads/kafka_2.13-3.5.1/airflow-env/lib64/python3.11/site-packages/airflow/example_dags/example_complex.py for tasks to queue
[2023-10-07T04:13:06.972+0530] {logging_mixin.py:151} INFO - [2023-10-07T04:13:06.971+0530] {dagbag.py:539} INFO - Filling up the DagBag from /home/raj/Downloads/kafka_2.13-3.5.1/airflow-env/lib64/python3.11/site-packages/airflow/example_dags/example_complex.py
[2023-10-07T04:13:06.995+0530] {processor.py:839} INFO - DAG(s) dict_keys(['example_complex']) retrieved from /home/raj/Downloads/kafka_2.13-3.5.1/airflow-env/lib64/python3.11/site-packages/airflow/example_dags/example_complex.py
[2023-10-07T04:13:07.030+0530] {logging_mixin.py:151} INFO - [2023-10-07T04:13:07.030+0530] {dag.py:2915} INFO - Sync 1 DAGs
[2023-10-07T04:13:07.041+0530] {logging_mixin.py:151} INFO - [2023-10-07T04:13:07.040+0530] {dag.py:3696} INFO - Setting next_dagrun for example_complex to None, run_after=None
[2023-10-07T04:13:07.058+0530] {processor.py:179} INFO - Processing /home/raj/Downloads/kafka_2.13-3.5.1/airflow-env/lib64/python3.11/site-packages/airflow/example_dags/example_complex.py took 0.101 seconds
[2023-10-07T04:13:56.963+0530] {processor.py:157} INFO - Started process (PID=19643) to work on /home/raj/Downloads/kafka_2.13-3.5.1/airflow-env/lib64/python3.11/site-packages/airflow/example_dags/example_complex.py
[2023-10-07T04:13:56.975+0530] {processor.py:829} INFO - Processing file /home/raj/Downloads/kafka_2.13-3.5.1/airflow-env/lib64/python3.11/site-packages/airflow/example_dags/example_complex.py for tasks to queue
[2023-10-07T04:13:56.976+0530] {logging_mixin.py:151} INFO - [2023-10-07T04:13:56.975+0530] {dagbag.py:539} INFO - Filling up the DagBag from /home/raj/Downloads/kafka_2.13-3.5.1/airflow-env/lib64/python3.11/site-packages/airflow/example_dags/example_complex.py
[2023-10-07T04:13:56.999+0530] {processor.py:839} INFO - DAG(s) dict_keys(['example_complex']) retrieved from /home/raj/Downloads/kafka_2.13-3.5.1/airflow-env/lib64/python3.11/site-packages/airflow/example_dags/example_complex.py
[2023-10-07T04:13:57.030+0530] {logging_mixin.py:151} INFO - [2023-10-07T04:13:57.030+0530] {dag.py:2915} INFO - Sync 1 DAGs
[2023-10-07T04:13:57.041+0530] {logging_mixin.py:151} INFO - [2023-10-07T04:13:57.040+0530] {dag.py:3696} INFO - Setting next_dagrun for example_complex to None, run_after=None
[2023-10-07T04:13:57.059+0530] {processor.py:179} INFO - Processing /home/raj/Downloads/kafka_2.13-3.5.1/airflow-env/lib64/python3.11/site-packages/airflow/example_dags/example_complex.py took 0.101 seconds
[2023-10-07T04:14:48.680+0530] {processor.py:157} INFO - Started process (PID=19695) to work on /home/raj/Downloads/kafka_2.13-3.5.1/airflow-env/lib64/python3.11/site-packages/airflow/example_dags/example_complex.py
[2023-10-07T04:14:48.691+0530] {processor.py:829} INFO - Processing file /home/raj/Downloads/kafka_2.13-3.5.1/airflow-env/lib64/python3.11/site-packages/airflow/example_dags/example_complex.py for tasks to queue
[2023-10-07T04:14:48.693+0530] {logging_mixin.py:151} INFO - [2023-10-07T04:14:48.692+0530] {dagbag.py:539} INFO - Filling up the DagBag from /home/raj/Downloads/kafka_2.13-3.5.1/airflow-env/lib64/python3.11/site-packages/airflow/example_dags/example_complex.py
[2023-10-07T04:14:48.717+0530] {processor.py:839} INFO - DAG(s) dict_keys(['example_complex']) retrieved from /home/raj/Downloads/kafka_2.13-3.5.1/airflow-env/lib64/python3.11/site-packages/airflow/example_dags/example_complex.py
[2023-10-07T04:14:48.751+0530] {logging_mixin.py:151} INFO - [2023-10-07T04:14:48.751+0530] {dag.py:2915} INFO - Sync 1 DAGs
[2023-10-07T04:14:48.760+0530] {logging_mixin.py:151} INFO - [2023-10-07T04:14:48.760+0530] {dag.py:3696} INFO - Setting next_dagrun for example_complex to None, run_after=None
[2023-10-07T04:14:48.780+0530] {processor.py:179} INFO - Processing /home/raj/Downloads/kafka_2.13-3.5.1/airflow-env/lib64/python3.11/site-packages/airflow/example_dags/example_complex.py took 0.105 seconds
[2023-10-07T04:15:39.099+0530] {processor.py:157} INFO - Started process (PID=19797) to work on /home/raj/Downloads/kafka_2.13-3.5.1/airflow-env/lib64/python3.11/site-packages/airflow/example_dags/example_complex.py
[2023-10-07T04:15:39.111+0530] {processor.py:829} INFO - Processing file /home/raj/Downloads/kafka_2.13-3.5.1/airflow-env/lib64/python3.11/site-packages/airflow/example_dags/example_complex.py for tasks to queue
[2023-10-07T04:15:39.112+0530] {logging_mixin.py:151} INFO - [2023-10-07T04:15:39.111+0530] {dagbag.py:539} INFO - Filling up the DagBag from /home/raj/Downloads/kafka_2.13-3.5.1/airflow-env/lib64/python3.11/site-packages/airflow/example_dags/example_complex.py
[2023-10-07T04:15:39.133+0530] {processor.py:839} INFO - DAG(s) dict_keys(['example_complex']) retrieved from /home/raj/Downloads/kafka_2.13-3.5.1/airflow-env/lib64/python3.11/site-packages/airflow/example_dags/example_complex.py
[2023-10-07T04:15:39.170+0530] {logging_mixin.py:151} INFO - [2023-10-07T04:15:39.170+0530] {dag.py:2915} INFO - Sync 1 DAGs
[2023-10-07T04:15:39.181+0530] {logging_mixin.py:151} INFO - [2023-10-07T04:15:39.181+0530] {dag.py:3696} INFO - Setting next_dagrun for example_complex to None, run_after=None
[2023-10-07T04:15:39.202+0530] {processor.py:179} INFO - Processing /home/raj/Downloads/kafka_2.13-3.5.1/airflow-env/lib64/python3.11/site-packages/airflow/example_dags/example_complex.py took 0.107 seconds
[2023-10-07T04:16:30.065+0530] {processor.py:157} INFO - Started process (PID=19859) to work on /home/raj/Downloads/kafka_2.13-3.5.1/airflow-env/lib64/python3.11/site-packages/airflow/example_dags/example_complex.py
[2023-10-07T04:16:30.076+0530] {processor.py:829} INFO - Processing file /home/raj/Downloads/kafka_2.13-3.5.1/airflow-env/lib64/python3.11/site-packages/airflow/example_dags/example_complex.py for tasks to queue
[2023-10-07T04:16:30.078+0530] {logging_mixin.py:151} INFO - [2023-10-07T04:16:30.077+0530] {dagbag.py:539} INFO - Filling up the DagBag from /home/raj/Downloads/kafka_2.13-3.5.1/airflow-env/lib64/python3.11/site-packages/airflow/example_dags/example_complex.py
[2023-10-07T04:16:30.103+0530] {processor.py:839} INFO - DAG(s) dict_keys(['example_complex']) retrieved from /home/raj/Downloads/kafka_2.13-3.5.1/airflow-env/lib64/python3.11/site-packages/airflow/example_dags/example_complex.py
[2023-10-07T04:16:30.135+0530] {logging_mixin.py:151} INFO - [2023-10-07T04:16:30.135+0530] {dag.py:2915} INFO - Sync 1 DAGs
[2023-10-07T04:16:30.146+0530] {logging_mixin.py:151} INFO - [2023-10-07T04:16:30.145+0530] {dag.py:3696} INFO - Setting next_dagrun for example_complex to None, run_after=None
[2023-10-07T04:16:30.166+0530] {processor.py:179} INFO - Processing /home/raj/Downloads/kafka_2.13-3.5.1/airflow-env/lib64/python3.11/site-packages/airflow/example_dags/example_complex.py took 0.106 seconds
[2023-10-07T04:17:23.247+0530] {processor.py:157} INFO - Started process (PID=19916) to work on /home/raj/Downloads/kafka_2.13-3.5.1/airflow-env/lib64/python3.11/site-packages/airflow/example_dags/example_complex.py
[2023-10-07T04:17:23.258+0530] {processor.py:829} INFO - Processing file /home/raj/Downloads/kafka_2.13-3.5.1/airflow-env/lib64/python3.11/site-packages/airflow/example_dags/example_complex.py for tasks to queue
[2023-10-07T04:17:23.260+0530] {logging_mixin.py:151} INFO - [2023-10-07T04:17:23.259+0530] {dagbag.py:539} INFO - Filling up the DagBag from /home/raj/Downloads/kafka_2.13-3.5.1/airflow-env/lib64/python3.11/site-packages/airflow/example_dags/example_complex.py
[2023-10-07T04:17:23.282+0530] {processor.py:839} INFO - DAG(s) dict_keys(['example_complex']) retrieved from /home/raj/Downloads/kafka_2.13-3.5.1/airflow-env/lib64/python3.11/site-packages/airflow/example_dags/example_complex.py
[2023-10-07T04:17:23.316+0530] {logging_mixin.py:151} INFO - [2023-10-07T04:17:23.316+0530] {dag.py:2915} INFO - Sync 1 DAGs
[2023-10-07T04:17:23.326+0530] {logging_mixin.py:151} INFO - [2023-10-07T04:17:23.325+0530] {dag.py:3696} INFO - Setting next_dagrun for example_complex to None, run_after=None
[2023-10-07T04:17:23.343+0530] {processor.py:179} INFO - Processing /home/raj/Downloads/kafka_2.13-3.5.1/airflow-env/lib64/python3.11/site-packages/airflow/example_dags/example_complex.py took 0.101 seconds
[2023-10-07T04:18:12.793+0530] {processor.py:157} INFO - Started process (PID=19969) to work on /home/raj/Downloads/kafka_2.13-3.5.1/airflow-env/lib64/python3.11/site-packages/airflow/example_dags/example_complex.py
[2023-10-07T04:18:12.795+0530] {processor.py:829} INFO - Processing file /home/raj/Downloads/kafka_2.13-3.5.1/airflow-env/lib64/python3.11/site-packages/airflow/example_dags/example_complex.py for tasks to queue
[2023-10-07T04:18:12.797+0530] {logging_mixin.py:151} INFO - [2023-10-07T04:18:12.796+0530] {dagbag.py:539} INFO - Filling up the DagBag from /home/raj/Downloads/kafka_2.13-3.5.1/airflow-env/lib64/python3.11/site-packages/airflow/example_dags/example_complex.py
[2023-10-07T04:18:12.819+0530] {processor.py:839} INFO - DAG(s) dict_keys(['example_complex']) retrieved from /home/raj/Downloads/kafka_2.13-3.5.1/airflow-env/lib64/python3.11/site-packages/airflow/example_dags/example_complex.py
[2023-10-07T04:18:12.848+0530] {logging_mixin.py:151} INFO - [2023-10-07T04:18:12.848+0530] {dag.py:2915} INFO - Sync 1 DAGs
[2023-10-07T04:18:12.857+0530] {logging_mixin.py:151} INFO - [2023-10-07T04:18:12.857+0530] {dag.py:3696} INFO - Setting next_dagrun for example_complex to None, run_after=None
[2023-10-07T04:18:12.874+0530] {processor.py:179} INFO - Processing /home/raj/Downloads/kafka_2.13-3.5.1/airflow-env/lib64/python3.11/site-packages/airflow/example_dags/example_complex.py took 0.086 seconds
[2023-10-07T04:19:05.888+0530] {processor.py:157} INFO - Started process (PID=20021) to work on /home/raj/Downloads/kafka_2.13-3.5.1/airflow-env/lib64/python3.11/site-packages/airflow/example_dags/example_complex.py
[2023-10-07T04:19:05.899+0530] {processor.py:829} INFO - Processing file /home/raj/Downloads/kafka_2.13-3.5.1/airflow-env/lib64/python3.11/site-packages/airflow/example_dags/example_complex.py for tasks to queue
[2023-10-07T04:19:05.901+0530] {logging_mixin.py:151} INFO - [2023-10-07T04:19:05.900+0530] {dagbag.py:539} INFO - Filling up the DagBag from /home/raj/Downloads/kafka_2.13-3.5.1/airflow-env/lib64/python3.11/site-packages/airflow/example_dags/example_complex.py
[2023-10-07T04:19:05.924+0530] {processor.py:839} INFO - DAG(s) dict_keys(['example_complex']) retrieved from /home/raj/Downloads/kafka_2.13-3.5.1/airflow-env/lib64/python3.11/site-packages/airflow/example_dags/example_complex.py
[2023-10-07T04:19:05.959+0530] {logging_mixin.py:151} INFO - [2023-10-07T04:19:05.959+0530] {dag.py:2915} INFO - Sync 1 DAGs
[2023-10-07T04:19:05.970+0530] {logging_mixin.py:151} INFO - [2023-10-07T04:19:05.970+0530] {dag.py:3696} INFO - Setting next_dagrun for example_complex to None, run_after=None
[2023-10-07T04:19:05.991+0530] {processor.py:179} INFO - Processing /home/raj/Downloads/kafka_2.13-3.5.1/airflow-env/lib64/python3.11/site-packages/airflow/example_dags/example_complex.py took 0.108 seconds
[2023-10-07T04:20:01.888+0530] {processor.py:157} INFO - Started process (PID=20131) to work on /home/raj/Downloads/kafka_2.13-3.5.1/airflow-env/lib64/python3.11/site-packages/airflow/example_dags/example_complex.py
[2023-10-07T04:20:01.900+0530] {processor.py:829} INFO - Processing file /home/raj/Downloads/kafka_2.13-3.5.1/airflow-env/lib64/python3.11/site-packages/airflow/example_dags/example_complex.py for tasks to queue
[2023-10-07T04:20:01.901+0530] {logging_mixin.py:151} INFO - [2023-10-07T04:20:01.900+0530] {dagbag.py:539} INFO - Filling up the DagBag from /home/raj/Downloads/kafka_2.13-3.5.1/airflow-env/lib64/python3.11/site-packages/airflow/example_dags/example_complex.py
[2023-10-07T04:20:01.924+0530] {processor.py:839} INFO - DAG(s) dict_keys(['example_complex']) retrieved from /home/raj/Downloads/kafka_2.13-3.5.1/airflow-env/lib64/python3.11/site-packages/airflow/example_dags/example_complex.py
[2023-10-07T04:20:01.960+0530] {logging_mixin.py:151} INFO - [2023-10-07T04:20:01.959+0530] {dag.py:2915} INFO - Sync 1 DAGs
[2023-10-07T04:20:01.972+0530] {logging_mixin.py:151} INFO - [2023-10-07T04:20:01.972+0530] {dag.py:3696} INFO - Setting next_dagrun for example_complex to None, run_after=None
[2023-10-07T04:20:01.995+0530] {processor.py:179} INFO - Processing /home/raj/Downloads/kafka_2.13-3.5.1/airflow-env/lib64/python3.11/site-packages/airflow/example_dags/example_complex.py took 0.112 seconds
[2023-10-07T04:20:58.667+0530] {processor.py:157} INFO - Started process (PID=20514) to work on /home/raj/Downloads/kafka_2.13-3.5.1/airflow-env/lib64/python3.11/site-packages/airflow/example_dags/example_complex.py
[2023-10-07T04:20:58.678+0530] {processor.py:829} INFO - Processing file /home/raj/Downloads/kafka_2.13-3.5.1/airflow-env/lib64/python3.11/site-packages/airflow/example_dags/example_complex.py for tasks to queue
[2023-10-07T04:20:58.679+0530] {logging_mixin.py:151} INFO - [2023-10-07T04:20:58.679+0530] {dagbag.py:539} INFO - Filling up the DagBag from /home/raj/Downloads/kafka_2.13-3.5.1/airflow-env/lib64/python3.11/site-packages/airflow/example_dags/example_complex.py
[2023-10-07T04:20:58.697+0530] {processor.py:839} INFO - DAG(s) dict_keys(['example_complex']) retrieved from /home/raj/Downloads/kafka_2.13-3.5.1/airflow-env/lib64/python3.11/site-packages/airflow/example_dags/example_complex.py
[2023-10-07T04:20:58.738+0530] {logging_mixin.py:151} INFO - [2023-10-07T04:20:58.738+0530] {dag.py:2915} INFO - Sync 1 DAGs
[2023-10-07T04:20:58.754+0530] {logging_mixin.py:151} INFO - [2023-10-07T04:20:58.754+0530] {dag.py:3696} INFO - Setting next_dagrun for example_complex to None, run_after=None
[2023-10-07T04:20:58.792+0530] {processor.py:179} INFO - Processing /home/raj/Downloads/kafka_2.13-3.5.1/airflow-env/lib64/python3.11/site-packages/airflow/example_dags/example_complex.py took 0.130 seconds
[2023-10-07T04:21:48.418+0530] {processor.py:157} INFO - Started process (PID=20694) to work on /home/raj/Downloads/kafka_2.13-3.5.1/airflow-env/lib64/python3.11/site-packages/airflow/example_dags/example_complex.py
[2023-10-07T04:21:48.421+0530] {processor.py:829} INFO - Processing file /home/raj/Downloads/kafka_2.13-3.5.1/airflow-env/lib64/python3.11/site-packages/airflow/example_dags/example_complex.py for tasks to queue
[2023-10-07T04:21:48.422+0530] {logging_mixin.py:151} INFO - [2023-10-07T04:21:48.421+0530] {dagbag.py:539} INFO - Filling up the DagBag from /home/raj/Downloads/kafka_2.13-3.5.1/airflow-env/lib64/python3.11/site-packages/airflow/example_dags/example_complex.py
[2023-10-07T04:21:48.433+0530] {processor.py:839} INFO - DAG(s) dict_keys(['example_complex']) retrieved from /home/raj/Downloads/kafka_2.13-3.5.1/airflow-env/lib64/python3.11/site-packages/airflow/example_dags/example_complex.py
[2023-10-07T04:21:48.471+0530] {logging_mixin.py:151} INFO - [2023-10-07T04:21:48.470+0530] {dag.py:2915} INFO - Sync 1 DAGs
[2023-10-07T04:21:48.486+0530] {logging_mixin.py:151} INFO - [2023-10-07T04:21:48.485+0530] {dag.py:3696} INFO - Setting next_dagrun for example_complex to None, run_after=None
[2023-10-07T04:21:48.512+0530] {processor.py:179} INFO - Processing /home/raj/Downloads/kafka_2.13-3.5.1/airflow-env/lib64/python3.11/site-packages/airflow/example_dags/example_complex.py took 0.097 seconds
[2023-10-07T04:22:37.900+0530] {processor.py:157} INFO - Started process (PID=20799) to work on /home/raj/Downloads/kafka_2.13-3.5.1/airflow-env/lib64/python3.11/site-packages/airflow/example_dags/example_complex.py
[2023-10-07T04:22:37.911+0530] {processor.py:829} INFO - Processing file /home/raj/Downloads/kafka_2.13-3.5.1/airflow-env/lib64/python3.11/site-packages/airflow/example_dags/example_complex.py for tasks to queue
[2023-10-07T04:22:37.913+0530] {logging_mixin.py:151} INFO - [2023-10-07T04:22:37.912+0530] {dagbag.py:539} INFO - Filling up the DagBag from /home/raj/Downloads/kafka_2.13-3.5.1/airflow-env/lib64/python3.11/site-packages/airflow/example_dags/example_complex.py
[2023-10-07T04:22:37.923+0530] {processor.py:839} INFO - DAG(s) dict_keys(['example_complex']) retrieved from /home/raj/Downloads/kafka_2.13-3.5.1/airflow-env/lib64/python3.11/site-packages/airflow/example_dags/example_complex.py
[2023-10-07T04:22:37.947+0530] {logging_mixin.py:151} INFO - [2023-10-07T04:22:37.946+0530] {dag.py:2915} INFO - Sync 1 DAGs
[2023-10-07T04:22:37.956+0530] {logging_mixin.py:151} INFO - [2023-10-07T04:22:37.956+0530] {dag.py:3696} INFO - Setting next_dagrun for example_complex to None, run_after=None
[2023-10-07T04:22:37.975+0530] {processor.py:179} INFO - Processing /home/raj/Downloads/kafka_2.13-3.5.1/airflow-env/lib64/python3.11/site-packages/airflow/example_dags/example_complex.py took 0.080 seconds
[2023-10-07T04:23:31.552+0530] {processor.py:157} INFO - Started process (PID=20927) to work on /home/raj/Downloads/kafka_2.13-3.5.1/airflow-env/lib64/python3.11/site-packages/airflow/example_dags/example_complex.py
[2023-10-07T04:23:31.554+0530] {processor.py:829} INFO - Processing file /home/raj/Downloads/kafka_2.13-3.5.1/airflow-env/lib64/python3.11/site-packages/airflow/example_dags/example_complex.py for tasks to queue
[2023-10-07T04:23:31.555+0530] {logging_mixin.py:151} INFO - [2023-10-07T04:23:31.554+0530] {dagbag.py:539} INFO - Filling up the DagBag from /home/raj/Downloads/kafka_2.13-3.5.1/airflow-env/lib64/python3.11/site-packages/airflow/example_dags/example_complex.py
[2023-10-07T04:23:31.566+0530] {processor.py:839} INFO - DAG(s) dict_keys(['example_complex']) retrieved from /home/raj/Downloads/kafka_2.13-3.5.1/airflow-env/lib64/python3.11/site-packages/airflow/example_dags/example_complex.py
[2023-10-07T04:23:31.593+0530] {logging_mixin.py:151} INFO - [2023-10-07T04:23:31.592+0530] {dag.py:2915} INFO - Sync 1 DAGs
[2023-10-07T04:23:31.604+0530] {logging_mixin.py:151} INFO - [2023-10-07T04:23:31.604+0530] {dag.py:3696} INFO - Setting next_dagrun for example_complex to None, run_after=None
[2023-10-07T04:23:31.628+0530] {processor.py:179} INFO - Processing /home/raj/Downloads/kafka_2.13-3.5.1/airflow-env/lib64/python3.11/site-packages/airflow/example_dags/example_complex.py took 0.079 seconds
[2023-10-07T04:24:20.823+0530] {processor.py:157} INFO - Started process (PID=21054) to work on /home/raj/Downloads/kafka_2.13-3.5.1/airflow-env/lib64/python3.11/site-packages/airflow/example_dags/example_complex.py
[2023-10-07T04:24:20.834+0530] {processor.py:829} INFO - Processing file /home/raj/Downloads/kafka_2.13-3.5.1/airflow-env/lib64/python3.11/site-packages/airflow/example_dags/example_complex.py for tasks to queue
[2023-10-07T04:24:20.835+0530] {logging_mixin.py:151} INFO - [2023-10-07T04:24:20.835+0530] {dagbag.py:539} INFO - Filling up the DagBag from /home/raj/Downloads/kafka_2.13-3.5.1/airflow-env/lib64/python3.11/site-packages/airflow/example_dags/example_complex.py
[2023-10-07T04:24:20.848+0530] {processor.py:839} INFO - DAG(s) dict_keys(['example_complex']) retrieved from /home/raj/Downloads/kafka_2.13-3.5.1/airflow-env/lib64/python3.11/site-packages/airflow/example_dags/example_complex.py
[2023-10-07T04:24:20.880+0530] {logging_mixin.py:151} INFO - [2023-10-07T04:24:20.880+0530] {dag.py:2915} INFO - Sync 1 DAGs
[2023-10-07T04:24:20.895+0530] {logging_mixin.py:151} INFO - [2023-10-07T04:24:20.895+0530] {dag.py:3696} INFO - Setting next_dagrun for example_complex to None, run_after=None
[2023-10-07T04:24:20.918+0530] {processor.py:179} INFO - Processing /home/raj/Downloads/kafka_2.13-3.5.1/airflow-env/lib64/python3.11/site-packages/airflow/example_dags/example_complex.py took 0.097 seconds
[2023-10-07T04:25:11.125+0530] {processor.py:157} INFO - Started process (PID=21140) to work on /home/raj/Downloads/kafka_2.13-3.5.1/airflow-env/lib64/python3.11/site-packages/airflow/example_dags/example_complex.py
[2023-10-07T04:25:11.136+0530] {processor.py:829} INFO - Processing file /home/raj/Downloads/kafka_2.13-3.5.1/airflow-env/lib64/python3.11/site-packages/airflow/example_dags/example_complex.py for tasks to queue
[2023-10-07T04:25:11.137+0530] {logging_mixin.py:151} INFO - [2023-10-07T04:25:11.136+0530] {dagbag.py:539} INFO - Filling up the DagBag from /home/raj/Downloads/kafka_2.13-3.5.1/airflow-env/lib64/python3.11/site-packages/airflow/example_dags/example_complex.py
[2023-10-07T04:25:11.147+0530] {processor.py:839} INFO - DAG(s) dict_keys(['example_complex']) retrieved from /home/raj/Downloads/kafka_2.13-3.5.1/airflow-env/lib64/python3.11/site-packages/airflow/example_dags/example_complex.py
[2023-10-07T04:25:11.171+0530] {logging_mixin.py:151} INFO - [2023-10-07T04:25:11.170+0530] {dag.py:2915} INFO - Sync 1 DAGs
[2023-10-07T04:25:11.183+0530] {logging_mixin.py:151} INFO - [2023-10-07T04:25:11.183+0530] {dag.py:3696} INFO - Setting next_dagrun for example_complex to None, run_after=None
[2023-10-07T04:25:11.206+0530] {processor.py:179} INFO - Processing /home/raj/Downloads/kafka_2.13-3.5.1/airflow-env/lib64/python3.11/site-packages/airflow/example_dags/example_complex.py took 0.085 seconds
[2023-10-07T04:26:03.424+0530] {processor.py:157} INFO - Started process (PID=21264) to work on /home/raj/Downloads/kafka_2.13-3.5.1/airflow-env/lib64/python3.11/site-packages/airflow/example_dags/example_complex.py
[2023-10-07T04:26:03.425+0530] {processor.py:829} INFO - Processing file /home/raj/Downloads/kafka_2.13-3.5.1/airflow-env/lib64/python3.11/site-packages/airflow/example_dags/example_complex.py for tasks to queue
[2023-10-07T04:26:03.426+0530] {logging_mixin.py:151} INFO - [2023-10-07T04:26:03.425+0530] {dagbag.py:539} INFO - Filling up the DagBag from /home/raj/Downloads/kafka_2.13-3.5.1/airflow-env/lib64/python3.11/site-packages/airflow/example_dags/example_complex.py
[2023-10-07T04:26:03.435+0530] {processor.py:839} INFO - DAG(s) dict_keys(['example_complex']) retrieved from /home/raj/Downloads/kafka_2.13-3.5.1/airflow-env/lib64/python3.11/site-packages/airflow/example_dags/example_complex.py
[2023-10-07T04:26:03.457+0530] {logging_mixin.py:151} INFO - [2023-10-07T04:26:03.456+0530] {dag.py:2915} INFO - Sync 1 DAGs
[2023-10-07T04:26:03.466+0530] {logging_mixin.py:151} INFO - [2023-10-07T04:26:03.466+0530] {dag.py:3696} INFO - Setting next_dagrun for example_complex to None, run_after=None
[2023-10-07T04:26:03.484+0530] {processor.py:179} INFO - Processing /home/raj/Downloads/kafka_2.13-3.5.1/airflow-env/lib64/python3.11/site-packages/airflow/example_dags/example_complex.py took 0.063 seconds
[2023-10-07T04:26:53.730+0530] {processor.py:157} INFO - Started process (PID=21424) to work on /home/raj/Downloads/kafka_2.13-3.5.1/airflow-env/lib64/python3.11/site-packages/airflow/example_dags/example_complex.py
[2023-10-07T04:26:53.741+0530] {processor.py:829} INFO - Processing file /home/raj/Downloads/kafka_2.13-3.5.1/airflow-env/lib64/python3.11/site-packages/airflow/example_dags/example_complex.py for tasks to queue
[2023-10-07T04:26:53.743+0530] {logging_mixin.py:151} INFO - [2023-10-07T04:26:53.742+0530] {dagbag.py:539} INFO - Filling up the DagBag from /home/raj/Downloads/kafka_2.13-3.5.1/airflow-env/lib64/python3.11/site-packages/airflow/example_dags/example_complex.py
[2023-10-07T04:26:53.768+0530] {processor.py:839} INFO - DAG(s) dict_keys(['example_complex']) retrieved from /home/raj/Downloads/kafka_2.13-3.5.1/airflow-env/lib64/python3.11/site-packages/airflow/example_dags/example_complex.py
[2023-10-07T04:26:53.799+0530] {logging_mixin.py:151} INFO - [2023-10-07T04:26:53.799+0530] {dag.py:2915} INFO - Sync 1 DAGs
[2023-10-07T04:26:53.814+0530] {logging_mixin.py:151} INFO - [2023-10-07T04:26:53.813+0530] {dag.py:3696} INFO - Setting next_dagrun for example_complex to None, run_after=None
[2023-10-07T04:26:53.837+0530] {processor.py:179} INFO - Processing /home/raj/Downloads/kafka_2.13-3.5.1/airflow-env/lib64/python3.11/site-packages/airflow/example_dags/example_complex.py took 0.113 seconds
[2023-10-07T04:27:47.156+0530] {processor.py:157} INFO - Started process (PID=21573) to work on /home/raj/Downloads/kafka_2.13-3.5.1/airflow-env/lib64/python3.11/site-packages/airflow/example_dags/example_complex.py
[2023-10-07T04:27:47.167+0530] {processor.py:829} INFO - Processing file /home/raj/Downloads/kafka_2.13-3.5.1/airflow-env/lib64/python3.11/site-packages/airflow/example_dags/example_complex.py for tasks to queue
[2023-10-07T04:27:47.169+0530] {logging_mixin.py:151} INFO - [2023-10-07T04:27:47.168+0530] {dagbag.py:539} INFO - Filling up the DagBag from /home/raj/Downloads/kafka_2.13-3.5.1/airflow-env/lib64/python3.11/site-packages/airflow/example_dags/example_complex.py
[2023-10-07T04:27:47.192+0530] {processor.py:839} INFO - DAG(s) dict_keys(['example_complex']) retrieved from /home/raj/Downloads/kafka_2.13-3.5.1/airflow-env/lib64/python3.11/site-packages/airflow/example_dags/example_complex.py
[2023-10-07T04:27:47.228+0530] {logging_mixin.py:151} INFO - [2023-10-07T04:27:47.228+0530] {dag.py:2915} INFO - Sync 1 DAGs
[2023-10-07T04:27:47.240+0530] {logging_mixin.py:151} INFO - [2023-10-07T04:27:47.240+0530] {dag.py:3696} INFO - Setting next_dagrun for example_complex to None, run_after=None
[2023-10-07T04:27:47.267+0530] {processor.py:179} INFO - Processing /home/raj/Downloads/kafka_2.13-3.5.1/airflow-env/lib64/python3.11/site-packages/airflow/example_dags/example_complex.py took 0.116 seconds
[2023-10-07T04:28:40.383+0530] {processor.py:157} INFO - Started process (PID=21708) to work on /home/raj/Downloads/kafka_2.13-3.5.1/airflow-env/lib64/python3.11/site-packages/airflow/example_dags/example_complex.py
[2023-10-07T04:28:40.395+0530] {processor.py:829} INFO - Processing file /home/raj/Downloads/kafka_2.13-3.5.1/airflow-env/lib64/python3.11/site-packages/airflow/example_dags/example_complex.py for tasks to queue
[2023-10-07T04:28:40.397+0530] {logging_mixin.py:151} INFO - [2023-10-07T04:28:40.396+0530] {dagbag.py:539} INFO - Filling up the DagBag from /home/raj/Downloads/kafka_2.13-3.5.1/airflow-env/lib64/python3.11/site-packages/airflow/example_dags/example_complex.py
[2023-10-07T04:28:40.409+0530] {processor.py:839} INFO - DAG(s) dict_keys(['example_complex']) retrieved from /home/raj/Downloads/kafka_2.13-3.5.1/airflow-env/lib64/python3.11/site-packages/airflow/example_dags/example_complex.py
[2023-10-07T04:28:40.430+0530] {logging_mixin.py:151} INFO - [2023-10-07T04:28:40.430+0530] {dag.py:2915} INFO - Sync 1 DAGs
[2023-10-07T04:28:40.439+0530] {logging_mixin.py:151} INFO - [2023-10-07T04:28:40.439+0530] {dag.py:3696} INFO - Setting next_dagrun for example_complex to None, run_after=None
[2023-10-07T04:28:40.460+0530] {processor.py:179} INFO - Processing /home/raj/Downloads/kafka_2.13-3.5.1/airflow-env/lib64/python3.11/site-packages/airflow/example_dags/example_complex.py took 0.082 seconds
[2023-10-07T04:29:30.527+0530] {processor.py:157} INFO - Started process (PID=21790) to work on /home/raj/Downloads/kafka_2.13-3.5.1/airflow-env/lib64/python3.11/site-packages/airflow/example_dags/example_complex.py
[2023-10-07T04:29:30.538+0530] {processor.py:829} INFO - Processing file /home/raj/Downloads/kafka_2.13-3.5.1/airflow-env/lib64/python3.11/site-packages/airflow/example_dags/example_complex.py for tasks to queue
[2023-10-07T04:29:30.540+0530] {logging_mixin.py:151} INFO - [2023-10-07T04:29:30.539+0530] {dagbag.py:539} INFO - Filling up the DagBag from /home/raj/Downloads/kafka_2.13-3.5.1/airflow-env/lib64/python3.11/site-packages/airflow/example_dags/example_complex.py
[2023-10-07T04:29:30.563+0530] {processor.py:839} INFO - DAG(s) dict_keys(['example_complex']) retrieved from /home/raj/Downloads/kafka_2.13-3.5.1/airflow-env/lib64/python3.11/site-packages/airflow/example_dags/example_complex.py
[2023-10-07T04:29:30.596+0530] {logging_mixin.py:151} INFO - [2023-10-07T04:29:30.596+0530] {dag.py:2915} INFO - Sync 1 DAGs
[2023-10-07T04:29:30.605+0530] {logging_mixin.py:151} INFO - [2023-10-07T04:29:30.605+0530] {dag.py:3696} INFO - Setting next_dagrun for example_complex to None, run_after=None
[2023-10-07T04:29:30.624+0530] {processor.py:179} INFO - Processing /home/raj/Downloads/kafka_2.13-3.5.1/airflow-env/lib64/python3.11/site-packages/airflow/example_dags/example_complex.py took 0.103 seconds
[2023-10-07T04:41:01.635+0530] {processor.py:157} INFO - Started process (PID=9942) to work on /home/raj/Downloads/kafka_2.13-3.5.1/airflow-env/lib64/python3.11/site-packages/airflow/example_dags/example_complex.py
[2023-10-07T04:41:01.637+0530] {processor.py:829} INFO - Processing file /home/raj/Downloads/kafka_2.13-3.5.1/airflow-env/lib64/python3.11/site-packages/airflow/example_dags/example_complex.py for tasks to queue
[2023-10-07T04:41:01.639+0530] {logging_mixin.py:151} INFO - [2023-10-07T04:41:01.638+0530] {dagbag.py:539} INFO - Filling up the DagBag from /home/raj/Downloads/kafka_2.13-3.5.1/airflow-env/lib64/python3.11/site-packages/airflow/example_dags/example_complex.py
[2023-10-07T04:41:01.659+0530] {processor.py:839} INFO - DAG(s) dict_keys(['example_complex']) retrieved from /home/raj/Downloads/kafka_2.13-3.5.1/airflow-env/lib64/python3.11/site-packages/airflow/example_dags/example_complex.py
[2023-10-07T04:41:01.688+0530] {logging_mixin.py:151} INFO - [2023-10-07T04:41:01.688+0530] {dag.py:2915} INFO - Sync 1 DAGs
[2023-10-07T04:41:01.697+0530] {logging_mixin.py:151} INFO - [2023-10-07T04:41:01.697+0530] {dag.py:3696} INFO - Setting next_dagrun for example_complex to None, run_after=None
[2023-10-07T04:41:01.717+0530] {processor.py:179} INFO - Processing /home/raj/Downloads/kafka_2.13-3.5.1/airflow-env/lib64/python3.11/site-packages/airflow/example_dags/example_complex.py took 0.087 seconds
[2023-10-07T04:41:55.008+0530] {processor.py:157} INFO - Started process (PID=10061) to work on /home/raj/Downloads/kafka_2.13-3.5.1/airflow-env/lib64/python3.11/site-packages/airflow/example_dags/example_complex.py
[2023-10-07T04:41:55.019+0530] {processor.py:829} INFO - Processing file /home/raj/Downloads/kafka_2.13-3.5.1/airflow-env/lib64/python3.11/site-packages/airflow/example_dags/example_complex.py for tasks to queue
[2023-10-07T04:41:55.021+0530] {logging_mixin.py:151} INFO - [2023-10-07T04:41:55.020+0530] {dagbag.py:539} INFO - Filling up the DagBag from /home/raj/Downloads/kafka_2.13-3.5.1/airflow-env/lib64/python3.11/site-packages/airflow/example_dags/example_complex.py
[2023-10-07T04:41:55.032+0530] {processor.py:839} INFO - DAG(s) dict_keys(['example_complex']) retrieved from /home/raj/Downloads/kafka_2.13-3.5.1/airflow-env/lib64/python3.11/site-packages/airflow/example_dags/example_complex.py
[2023-10-07T04:41:55.053+0530] {logging_mixin.py:151} INFO - [2023-10-07T04:41:55.053+0530] {dag.py:2915} INFO - Sync 1 DAGs
[2023-10-07T04:41:55.063+0530] {logging_mixin.py:151} INFO - [2023-10-07T04:41:55.063+0530] {dag.py:3696} INFO - Setting next_dagrun for example_complex to None, run_after=None
[2023-10-07T04:41:55.084+0530] {processor.py:179} INFO - Processing /home/raj/Downloads/kafka_2.13-3.5.1/airflow-env/lib64/python3.11/site-packages/airflow/example_dags/example_complex.py took 0.081 seconds
[2023-10-07T04:42:41.626+0530] {processor.py:157} INFO - Started process (PID=10215) to work on /home/raj/Downloads/kafka_2.13-3.5.1/airflow-env/lib64/python3.11/site-packages/airflow/example_dags/example_complex.py
[2023-10-07T04:42:41.636+0530] {processor.py:829} INFO - Processing file /home/raj/Downloads/kafka_2.13-3.5.1/airflow-env/lib64/python3.11/site-packages/airflow/example_dags/example_complex.py for tasks to queue
[2023-10-07T04:42:41.638+0530] {logging_mixin.py:151} INFO - [2023-10-07T04:42:41.637+0530] {dagbag.py:539} INFO - Filling up the DagBag from /home/raj/Downloads/kafka_2.13-3.5.1/airflow-env/lib64/python3.11/site-packages/airflow/example_dags/example_complex.py
[2023-10-07T04:42:41.661+0530] {processor.py:839} INFO - DAG(s) dict_keys(['example_complex']) retrieved from /home/raj/Downloads/kafka_2.13-3.5.1/airflow-env/lib64/python3.11/site-packages/airflow/example_dags/example_complex.py
[2023-10-07T04:42:41.695+0530] {logging_mixin.py:151} INFO - [2023-10-07T04:42:41.695+0530] {dag.py:2915} INFO - Sync 1 DAGs
[2023-10-07T04:42:41.704+0530] {logging_mixin.py:151} INFO - [2023-10-07T04:42:41.704+0530] {dag.py:3696} INFO - Setting next_dagrun for example_complex to None, run_after=None
[2023-10-07T04:42:41.723+0530] {processor.py:179} INFO - Processing /home/raj/Downloads/kafka_2.13-3.5.1/airflow-env/lib64/python3.11/site-packages/airflow/example_dags/example_complex.py took 0.099 seconds
[2023-10-07T04:43:53.448+0530] {processor.py:157} INFO - Started process (PID=10408) to work on /home/raj/Downloads/kafka_2.13-3.5.1/airflow-env/lib64/python3.11/site-packages/airflow/example_dags/example_complex.py
[2023-10-07T04:43:53.449+0530] {processor.py:829} INFO - Processing file /home/raj/Downloads/kafka_2.13-3.5.1/airflow-env/lib64/python3.11/site-packages/airflow/example_dags/example_complex.py for tasks to queue
[2023-10-07T04:43:53.450+0530] {logging_mixin.py:151} INFO - [2023-10-07T04:43:53.449+0530] {dagbag.py:539} INFO - Filling up the DagBag from /home/raj/Downloads/kafka_2.13-3.5.1/airflow-env/lib64/python3.11/site-packages/airflow/example_dags/example_complex.py
[2023-10-07T04:43:53.474+0530] {processor.py:839} INFO - DAG(s) dict_keys(['example_complex']) retrieved from /home/raj/Downloads/kafka_2.13-3.5.1/airflow-env/lib64/python3.11/site-packages/airflow/example_dags/example_complex.py
[2023-10-07T04:43:53.501+0530] {logging_mixin.py:151} INFO - [2023-10-07T04:43:53.501+0530] {dag.py:2915} INFO - Sync 1 DAGs
[2023-10-07T04:43:53.511+0530] {logging_mixin.py:151} INFO - [2023-10-07T04:43:53.511+0530] {dag.py:3696} INFO - Setting next_dagrun for example_complex to None, run_after=None
[2023-10-07T04:43:53.528+0530] {processor.py:179} INFO - Processing /home/raj/Downloads/kafka_2.13-3.5.1/airflow-env/lib64/python3.11/site-packages/airflow/example_dags/example_complex.py took 0.083 seconds
[2023-10-07T04:44:41.944+0530] {processor.py:157} INFO - Started process (PID=10522) to work on /home/raj/Downloads/kafka_2.13-3.5.1/airflow-env/lib64/python3.11/site-packages/airflow/example_dags/example_complex.py
[2023-10-07T04:44:41.945+0530] {processor.py:829} INFO - Processing file /home/raj/Downloads/kafka_2.13-3.5.1/airflow-env/lib64/python3.11/site-packages/airflow/example_dags/example_complex.py for tasks to queue
[2023-10-07T04:44:41.946+0530] {logging_mixin.py:151} INFO - [2023-10-07T04:44:41.946+0530] {dagbag.py:539} INFO - Filling up the DagBag from /home/raj/Downloads/kafka_2.13-3.5.1/airflow-env/lib64/python3.11/site-packages/airflow/example_dags/example_complex.py
[2023-10-07T04:44:41.957+0530] {processor.py:839} INFO - DAG(s) dict_keys(['example_complex']) retrieved from /home/raj/Downloads/kafka_2.13-3.5.1/airflow-env/lib64/python3.11/site-packages/airflow/example_dags/example_complex.py
[2023-10-07T04:44:41.987+0530] {logging_mixin.py:151} INFO - [2023-10-07T04:44:41.986+0530] {dag.py:2915} INFO - Sync 1 DAGs
[2023-10-07T04:44:41.999+0530] {logging_mixin.py:151} INFO - [2023-10-07T04:44:41.999+0530] {dag.py:3696} INFO - Setting next_dagrun for example_complex to None, run_after=None
[2023-10-07T04:44:42.019+0530] {processor.py:179} INFO - Processing /home/raj/Downloads/kafka_2.13-3.5.1/airflow-env/lib64/python3.11/site-packages/airflow/example_dags/example_complex.py took 0.077 seconds
[2023-10-07T04:45:37.583+0530] {processor.py:157} INFO - Started process (PID=10677) to work on /home/raj/Downloads/kafka_2.13-3.5.1/airflow-env/lib64/python3.11/site-packages/airflow/example_dags/example_complex.py
[2023-10-07T04:45:37.593+0530] {processor.py:829} INFO - Processing file /home/raj/Downloads/kafka_2.13-3.5.1/airflow-env/lib64/python3.11/site-packages/airflow/example_dags/example_complex.py for tasks to queue
[2023-10-07T04:45:37.594+0530] {logging_mixin.py:151} INFO - [2023-10-07T04:45:37.594+0530] {dagbag.py:539} INFO - Filling up the DagBag from /home/raj/Downloads/kafka_2.13-3.5.1/airflow-env/lib64/python3.11/site-packages/airflow/example_dags/example_complex.py
[2023-10-07T04:45:37.613+0530] {processor.py:839} INFO - DAG(s) dict_keys(['example_complex']) retrieved from /home/raj/Downloads/kafka_2.13-3.5.1/airflow-env/lib64/python3.11/site-packages/airflow/example_dags/example_complex.py
[2023-10-07T04:45:37.634+0530] {logging_mixin.py:151} INFO - [2023-10-07T04:45:37.634+0530] {dag.py:2915} INFO - Sync 1 DAGs
[2023-10-07T04:45:37.643+0530] {logging_mixin.py:151} INFO - [2023-10-07T04:45:37.643+0530] {dag.py:3696} INFO - Setting next_dagrun for example_complex to None, run_after=None
[2023-10-07T04:45:37.662+0530] {processor.py:179} INFO - Processing /home/raj/Downloads/kafka_2.13-3.5.1/airflow-env/lib64/python3.11/site-packages/airflow/example_dags/example_complex.py took 0.082 seconds
[2023-10-07T04:46:34.963+0530] {processor.py:157} INFO - Started process (PID=10881) to work on /home/raj/Downloads/kafka_2.13-3.5.1/airflow-env/lib64/python3.11/site-packages/airflow/example_dags/example_complex.py
[2023-10-07T04:46:34.974+0530] {processor.py:829} INFO - Processing file /home/raj/Downloads/kafka_2.13-3.5.1/airflow-env/lib64/python3.11/site-packages/airflow/example_dags/example_complex.py for tasks to queue
[2023-10-07T04:46:34.975+0530] {logging_mixin.py:151} INFO - [2023-10-07T04:46:34.975+0530] {dagbag.py:539} INFO - Filling up the DagBag from /home/raj/Downloads/kafka_2.13-3.5.1/airflow-env/lib64/python3.11/site-packages/airflow/example_dags/example_complex.py
[2023-10-07T04:46:34.998+0530] {processor.py:839} INFO - DAG(s) dict_keys(['example_complex']) retrieved from /home/raj/Downloads/kafka_2.13-3.5.1/airflow-env/lib64/python3.11/site-packages/airflow/example_dags/example_complex.py
[2023-10-07T04:46:35.034+0530] {logging_mixin.py:151} INFO - [2023-10-07T04:46:35.034+0530] {dag.py:2915} INFO - Sync 1 DAGs
[2023-10-07T04:46:35.045+0530] {logging_mixin.py:151} INFO - [2023-10-07T04:46:35.045+0530] {dag.py:3696} INFO - Setting next_dagrun for example_complex to None, run_after=None
[2023-10-07T04:46:35.065+0530] {processor.py:179} INFO - Processing /home/raj/Downloads/kafka_2.13-3.5.1/airflow-env/lib64/python3.11/site-packages/airflow/example_dags/example_complex.py took 0.108 seconds
[2023-10-07T04:47:27.060+0530] {processor.py:157} INFO - Started process (PID=10979) to work on /home/raj/Downloads/kafka_2.13-3.5.1/airflow-env/lib64/python3.11/site-packages/airflow/example_dags/example_complex.py
[2023-10-07T04:47:27.071+0530] {processor.py:829} INFO - Processing file /home/raj/Downloads/kafka_2.13-3.5.1/airflow-env/lib64/python3.11/site-packages/airflow/example_dags/example_complex.py for tasks to queue
[2023-10-07T04:47:27.073+0530] {logging_mixin.py:151} INFO - [2023-10-07T04:47:27.072+0530] {dagbag.py:539} INFO - Filling up the DagBag from /home/raj/Downloads/kafka_2.13-3.5.1/airflow-env/lib64/python3.11/site-packages/airflow/example_dags/example_complex.py
[2023-10-07T04:47:27.082+0530] {processor.py:839} INFO - DAG(s) dict_keys(['example_complex']) retrieved from /home/raj/Downloads/kafka_2.13-3.5.1/airflow-env/lib64/python3.11/site-packages/airflow/example_dags/example_complex.py
[2023-10-07T04:47:27.103+0530] {logging_mixin.py:151} INFO - [2023-10-07T04:47:27.103+0530] {dag.py:2915} INFO - Sync 1 DAGs
[2023-10-07T04:47:27.114+0530] {logging_mixin.py:151} INFO - [2023-10-07T04:47:27.114+0530] {dag.py:3696} INFO - Setting next_dagrun for example_complex to None, run_after=None
[2023-10-07T04:47:27.133+0530] {processor.py:179} INFO - Processing /home/raj/Downloads/kafka_2.13-3.5.1/airflow-env/lib64/python3.11/site-packages/airflow/example_dags/example_complex.py took 0.079 seconds
[2023-10-07T04:48:17.501+0530] {processor.py:157} INFO - Started process (PID=11082) to work on /home/raj/Downloads/kafka_2.13-3.5.1/airflow-env/lib64/python3.11/site-packages/airflow/example_dags/example_complex.py
[2023-10-07T04:48:17.503+0530] {processor.py:829} INFO - Processing file /home/raj/Downloads/kafka_2.13-3.5.1/airflow-env/lib64/python3.11/site-packages/airflow/example_dags/example_complex.py for tasks to queue
[2023-10-07T04:48:17.504+0530] {logging_mixin.py:151} INFO - [2023-10-07T04:48:17.504+0530] {dagbag.py:539} INFO - Filling up the DagBag from /home/raj/Downloads/kafka_2.13-3.5.1/airflow-env/lib64/python3.11/site-packages/airflow/example_dags/example_complex.py
[2023-10-07T04:48:17.530+0530] {processor.py:839} INFO - DAG(s) dict_keys(['example_complex']) retrieved from /home/raj/Downloads/kafka_2.13-3.5.1/airflow-env/lib64/python3.11/site-packages/airflow/example_dags/example_complex.py
[2023-10-07T04:48:17.556+0530] {logging_mixin.py:151} INFO - [2023-10-07T04:48:17.556+0530] {dag.py:2915} INFO - Sync 1 DAGs
[2023-10-07T04:48:17.567+0530] {logging_mixin.py:151} INFO - [2023-10-07T04:48:17.567+0530] {dag.py:3696} INFO - Setting next_dagrun for example_complex to None, run_after=None
[2023-10-07T04:48:17.589+0530] {processor.py:179} INFO - Processing /home/raj/Downloads/kafka_2.13-3.5.1/airflow-env/lib64/python3.11/site-packages/airflow/example_dags/example_complex.py took 0.093 seconds
[2023-10-07T04:49:12.565+0530] {processor.py:157} INFO - Started process (PID=11212) to work on /home/raj/Downloads/kafka_2.13-3.5.1/airflow-env/lib64/python3.11/site-packages/airflow/example_dags/example_complex.py
[2023-10-07T04:49:12.576+0530] {processor.py:829} INFO - Processing file /home/raj/Downloads/kafka_2.13-3.5.1/airflow-env/lib64/python3.11/site-packages/airflow/example_dags/example_complex.py for tasks to queue
[2023-10-07T04:49:12.577+0530] {logging_mixin.py:151} INFO - [2023-10-07T04:49:12.577+0530] {dagbag.py:539} INFO - Filling up the DagBag from /home/raj/Downloads/kafka_2.13-3.5.1/airflow-env/lib64/python3.11/site-packages/airflow/example_dags/example_complex.py
[2023-10-07T04:49:12.592+0530] {processor.py:839} INFO - DAG(s) dict_keys(['example_complex']) retrieved from /home/raj/Downloads/kafka_2.13-3.5.1/airflow-env/lib64/python3.11/site-packages/airflow/example_dags/example_complex.py
[2023-10-07T04:49:12.612+0530] {logging_mixin.py:151} INFO - [2023-10-07T04:49:12.612+0530] {dag.py:2915} INFO - Sync 1 DAGs
[2023-10-07T04:49:12.621+0530] {logging_mixin.py:151} INFO - [2023-10-07T04:49:12.621+0530] {dag.py:3696} INFO - Setting next_dagrun for example_complex to None, run_after=None
[2023-10-07T04:49:12.640+0530] {processor.py:179} INFO - Processing /home/raj/Downloads/kafka_2.13-3.5.1/airflow-env/lib64/python3.11/site-packages/airflow/example_dags/example_complex.py took 0.080 seconds
[2023-10-07T04:50:08.424+0530] {processor.py:157} INFO - Started process (PID=11292) to work on /home/raj/Downloads/kafka_2.13-3.5.1/airflow-env/lib64/python3.11/site-packages/airflow/example_dags/example_complex.py
[2023-10-07T04:50:08.435+0530] {processor.py:829} INFO - Processing file /home/raj/Downloads/kafka_2.13-3.5.1/airflow-env/lib64/python3.11/site-packages/airflow/example_dags/example_complex.py for tasks to queue
[2023-10-07T04:50:08.436+0530] {logging_mixin.py:151} INFO - [2023-10-07T04:50:08.436+0530] {dagbag.py:539} INFO - Filling up the DagBag from /home/raj/Downloads/kafka_2.13-3.5.1/airflow-env/lib64/python3.11/site-packages/airflow/example_dags/example_complex.py
[2023-10-07T04:50:08.445+0530] {processor.py:839} INFO - DAG(s) dict_keys(['example_complex']) retrieved from /home/raj/Downloads/kafka_2.13-3.5.1/airflow-env/lib64/python3.11/site-packages/airflow/example_dags/example_complex.py
[2023-10-07T04:50:08.466+0530] {logging_mixin.py:151} INFO - [2023-10-07T04:50:08.466+0530] {dag.py:2915} INFO - Sync 1 DAGs
[2023-10-07T04:50:08.475+0530] {logging_mixin.py:151} INFO - [2023-10-07T04:50:08.475+0530] {dag.py:3696} INFO - Setting next_dagrun for example_complex to None, run_after=None
[2023-10-07T04:50:08.492+0530] {processor.py:179} INFO - Processing /home/raj/Downloads/kafka_2.13-3.5.1/airflow-env/lib64/python3.11/site-packages/airflow/example_dags/example_complex.py took 0.073 seconds
[2023-10-07T04:50:59.547+0530] {processor.py:157} INFO - Started process (PID=11415) to work on /home/raj/Downloads/kafka_2.13-3.5.1/airflow-env/lib64/python3.11/site-packages/airflow/example_dags/example_complex.py
[2023-10-07T04:50:59.558+0530] {processor.py:829} INFO - Processing file /home/raj/Downloads/kafka_2.13-3.5.1/airflow-env/lib64/python3.11/site-packages/airflow/example_dags/example_complex.py for tasks to queue
[2023-10-07T04:50:59.559+0530] {logging_mixin.py:151} INFO - [2023-10-07T04:50:59.559+0530] {dagbag.py:539} INFO - Filling up the DagBag from /home/raj/Downloads/kafka_2.13-3.5.1/airflow-env/lib64/python3.11/site-packages/airflow/example_dags/example_complex.py
[2023-10-07T04:50:59.582+0530] {processor.py:839} INFO - DAG(s) dict_keys(['example_complex']) retrieved from /home/raj/Downloads/kafka_2.13-3.5.1/airflow-env/lib64/python3.11/site-packages/airflow/example_dags/example_complex.py
[2023-10-07T04:50:59.616+0530] {logging_mixin.py:151} INFO - [2023-10-07T04:50:59.615+0530] {dag.py:2915} INFO - Sync 1 DAGs
[2023-10-07T04:50:59.625+0530] {logging_mixin.py:151} INFO - [2023-10-07T04:50:59.625+0530] {dag.py:3696} INFO - Setting next_dagrun for example_complex to None, run_after=None
[2023-10-07T04:50:59.644+0530] {processor.py:179} INFO - Processing /home/raj/Downloads/kafka_2.13-3.5.1/airflow-env/lib64/python3.11/site-packages/airflow/example_dags/example_complex.py took 0.102 seconds
[2023-10-07T04:51:50.357+0530] {processor.py:157} INFO - Started process (PID=11474) to work on /home/raj/Downloads/kafka_2.13-3.5.1/airflow-env/lib64/python3.11/site-packages/airflow/example_dags/example_complex.py
[2023-10-07T04:51:50.368+0530] {processor.py:829} INFO - Processing file /home/raj/Downloads/kafka_2.13-3.5.1/airflow-env/lib64/python3.11/site-packages/airflow/example_dags/example_complex.py for tasks to queue
[2023-10-07T04:51:50.370+0530] {logging_mixin.py:151} INFO - [2023-10-07T04:51:50.369+0530] {dagbag.py:539} INFO - Filling up the DagBag from /home/raj/Downloads/kafka_2.13-3.5.1/airflow-env/lib64/python3.11/site-packages/airflow/example_dags/example_complex.py
[2023-10-07T04:51:50.394+0530] {processor.py:839} INFO - DAG(s) dict_keys(['example_complex']) retrieved from /home/raj/Downloads/kafka_2.13-3.5.1/airflow-env/lib64/python3.11/site-packages/airflow/example_dags/example_complex.py
[2023-10-07T04:51:50.424+0530] {logging_mixin.py:151} INFO - [2023-10-07T04:51:50.424+0530] {dag.py:2915} INFO - Sync 1 DAGs
[2023-10-07T04:51:50.433+0530] {logging_mixin.py:151} INFO - [2023-10-07T04:51:50.433+0530] {dag.py:3696} INFO - Setting next_dagrun for example_complex to None, run_after=None
[2023-10-07T04:51:50.452+0530] {processor.py:179} INFO - Processing /home/raj/Downloads/kafka_2.13-3.5.1/airflow-env/lib64/python3.11/site-packages/airflow/example_dags/example_complex.py took 0.101 seconds
[2023-10-07T04:52:44.690+0530] {processor.py:157} INFO - Started process (PID=11751) to work on /home/raj/Downloads/kafka_2.13-3.5.1/airflow-env/lib64/python3.11/site-packages/airflow/example_dags/example_complex.py
[2023-10-07T04:52:44.691+0530] {processor.py:829} INFO - Processing file /home/raj/Downloads/kafka_2.13-3.5.1/airflow-env/lib64/python3.11/site-packages/airflow/example_dags/example_complex.py for tasks to queue
[2023-10-07T04:52:44.692+0530] {logging_mixin.py:151} INFO - [2023-10-07T04:52:44.692+0530] {dagbag.py:539} INFO - Filling up the DagBag from /home/raj/Downloads/kafka_2.13-3.5.1/airflow-env/lib64/python3.11/site-packages/airflow/example_dags/example_complex.py
[2023-10-07T04:52:44.715+0530] {processor.py:839} INFO - DAG(s) dict_keys(['example_complex']) retrieved from /home/raj/Downloads/kafka_2.13-3.5.1/airflow-env/lib64/python3.11/site-packages/airflow/example_dags/example_complex.py
[2023-10-07T04:52:44.741+0530] {logging_mixin.py:151} INFO - [2023-10-07T04:52:44.741+0530] {dag.py:2915} INFO - Sync 1 DAGs
[2023-10-07T04:52:44.751+0530] {logging_mixin.py:151} INFO - [2023-10-07T04:52:44.750+0530] {dag.py:3696} INFO - Setting next_dagrun for example_complex to None, run_after=None
[2023-10-07T04:52:44.768+0530] {processor.py:179} INFO - Processing /home/raj/Downloads/kafka_2.13-3.5.1/airflow-env/lib64/python3.11/site-packages/airflow/example_dags/example_complex.py took 0.083 seconds
[2023-10-07T04:53:33.580+0530] {processor.py:157} INFO - Started process (PID=11910) to work on /home/raj/Downloads/kafka_2.13-3.5.1/airflow-env/lib64/python3.11/site-packages/airflow/example_dags/example_complex.py
[2023-10-07T04:53:33.591+0530] {processor.py:829} INFO - Processing file /home/raj/Downloads/kafka_2.13-3.5.1/airflow-env/lib64/python3.11/site-packages/airflow/example_dags/example_complex.py for tasks to queue
[2023-10-07T04:53:33.593+0530] {logging_mixin.py:151} INFO - [2023-10-07T04:53:33.592+0530] {dagbag.py:539} INFO - Filling up the DagBag from /home/raj/Downloads/kafka_2.13-3.5.1/airflow-env/lib64/python3.11/site-packages/airflow/example_dags/example_complex.py
[2023-10-07T04:53:33.602+0530] {processor.py:839} INFO - DAG(s) dict_keys(['example_complex']) retrieved from /home/raj/Downloads/kafka_2.13-3.5.1/airflow-env/lib64/python3.11/site-packages/airflow/example_dags/example_complex.py
[2023-10-07T04:53:33.624+0530] {logging_mixin.py:151} INFO - [2023-10-07T04:53:33.623+0530] {dag.py:2915} INFO - Sync 1 DAGs
[2023-10-07T04:53:33.636+0530] {logging_mixin.py:151} INFO - [2023-10-07T04:53:33.636+0530] {dag.py:3696} INFO - Setting next_dagrun for example_complex to None, run_after=None
[2023-10-07T04:53:33.653+0530] {processor.py:179} INFO - Processing /home/raj/Downloads/kafka_2.13-3.5.1/airflow-env/lib64/python3.11/site-packages/airflow/example_dags/example_complex.py took 0.079 seconds
[2023-10-07T04:54:19.454+0530] {processor.py:157} INFO - Started process (PID=11985) to work on /home/raj/Downloads/kafka_2.13-3.5.1/airflow-env/lib64/python3.11/site-packages/airflow/example_dags/example_complex.py
[2023-10-07T04:54:19.465+0530] {processor.py:829} INFO - Processing file /home/raj/Downloads/kafka_2.13-3.5.1/airflow-env/lib64/python3.11/site-packages/airflow/example_dags/example_complex.py for tasks to queue
[2023-10-07T04:54:19.466+0530] {logging_mixin.py:151} INFO - [2023-10-07T04:54:19.465+0530] {dagbag.py:539} INFO - Filling up the DagBag from /home/raj/Downloads/kafka_2.13-3.5.1/airflow-env/lib64/python3.11/site-packages/airflow/example_dags/example_complex.py
[2023-10-07T04:54:19.476+0530] {processor.py:839} INFO - DAG(s) dict_keys(['example_complex']) retrieved from /home/raj/Downloads/kafka_2.13-3.5.1/airflow-env/lib64/python3.11/site-packages/airflow/example_dags/example_complex.py
[2023-10-07T04:54:19.502+0530] {logging_mixin.py:151} INFO - [2023-10-07T04:54:19.502+0530] {dag.py:2915} INFO - Sync 1 DAGs
[2023-10-07T04:54:19.515+0530] {logging_mixin.py:151} INFO - [2023-10-07T04:54:19.514+0530] {dag.py:3696} INFO - Setting next_dagrun for example_complex to None, run_after=None
[2023-10-07T04:54:19.535+0530] {processor.py:179} INFO - Processing /home/raj/Downloads/kafka_2.13-3.5.1/airflow-env/lib64/python3.11/site-packages/airflow/example_dags/example_complex.py took 0.083 seconds
[2023-10-07T04:56:01.165+0530] {processor.py:157} INFO - Started process (PID=12232) to work on /home/raj/Downloads/kafka_2.13-3.5.1/airflow-env/lib64/python3.11/site-packages/airflow/example_dags/example_complex.py
[2023-10-07T04:56:01.176+0530] {processor.py:829} INFO - Processing file /home/raj/Downloads/kafka_2.13-3.5.1/airflow-env/lib64/python3.11/site-packages/airflow/example_dags/example_complex.py for tasks to queue
[2023-10-07T04:56:01.178+0530] {logging_mixin.py:151} INFO - [2023-10-07T04:56:01.177+0530] {dagbag.py:539} INFO - Filling up the DagBag from /home/raj/Downloads/kafka_2.13-3.5.1/airflow-env/lib64/python3.11/site-packages/airflow/example_dags/example_complex.py
[2023-10-07T04:56:01.199+0530] {processor.py:839} INFO - DAG(s) dict_keys(['example_complex']) retrieved from /home/raj/Downloads/kafka_2.13-3.5.1/airflow-env/lib64/python3.11/site-packages/airflow/example_dags/example_complex.py
[2023-10-07T04:56:01.233+0530] {logging_mixin.py:151} INFO - [2023-10-07T04:56:01.233+0530] {dag.py:2915} INFO - Sync 1 DAGs
[2023-10-07T04:56:01.245+0530] {logging_mixin.py:151} INFO - [2023-10-07T04:56:01.244+0530] {dag.py:3696} INFO - Setting next_dagrun for example_complex to None, run_after=None
[2023-10-07T04:56:01.269+0530] {processor.py:179} INFO - Processing /home/raj/Downloads/kafka_2.13-3.5.1/airflow-env/lib64/python3.11/site-packages/airflow/example_dags/example_complex.py took 0.109 seconds
[2023-10-07T04:56:51.137+0530] {processor.py:157} INFO - Started process (PID=12310) to work on /home/raj/Downloads/kafka_2.13-3.5.1/airflow-env/lib64/python3.11/site-packages/airflow/example_dags/example_complex.py
[2023-10-07T04:56:51.148+0530] {processor.py:829} INFO - Processing file /home/raj/Downloads/kafka_2.13-3.5.1/airflow-env/lib64/python3.11/site-packages/airflow/example_dags/example_complex.py for tasks to queue
[2023-10-07T04:56:51.149+0530] {logging_mixin.py:151} INFO - [2023-10-07T04:56:51.148+0530] {dagbag.py:539} INFO - Filling up the DagBag from /home/raj/Downloads/kafka_2.13-3.5.1/airflow-env/lib64/python3.11/site-packages/airflow/example_dags/example_complex.py
[2023-10-07T04:56:51.168+0530] {processor.py:839} INFO - DAG(s) dict_keys(['example_complex']) retrieved from /home/raj/Downloads/kafka_2.13-3.5.1/airflow-env/lib64/python3.11/site-packages/airflow/example_dags/example_complex.py
[2023-10-07T04:56:51.190+0530] {logging_mixin.py:151} INFO - [2023-10-07T04:56:51.190+0530] {dag.py:2915} INFO - Sync 1 DAGs
[2023-10-07T04:56:51.200+0530] {logging_mixin.py:151} INFO - [2023-10-07T04:56:51.199+0530] {dag.py:3696} INFO - Setting next_dagrun for example_complex to None, run_after=None
[2023-10-07T04:56:51.221+0530] {processor.py:179} INFO - Processing /home/raj/Downloads/kafka_2.13-3.5.1/airflow-env/lib64/python3.11/site-packages/airflow/example_dags/example_complex.py took 0.086 seconds
[2023-10-07T04:57:40.050+0530] {processor.py:157} INFO - Started process (PID=12465) to work on /home/raj/Downloads/kafka_2.13-3.5.1/airflow-env/lib64/python3.11/site-packages/airflow/example_dags/example_complex.py
[2023-10-07T04:57:40.062+0530] {processor.py:829} INFO - Processing file /home/raj/Downloads/kafka_2.13-3.5.1/airflow-env/lib64/python3.11/site-packages/airflow/example_dags/example_complex.py for tasks to queue
[2023-10-07T04:57:40.063+0530] {logging_mixin.py:151} INFO - [2023-10-07T04:57:40.062+0530] {dagbag.py:539} INFO - Filling up the DagBag from /home/raj/Downloads/kafka_2.13-3.5.1/airflow-env/lib64/python3.11/site-packages/airflow/example_dags/example_complex.py
[2023-10-07T04:57:40.086+0530] {processor.py:839} INFO - DAG(s) dict_keys(['example_complex']) retrieved from /home/raj/Downloads/kafka_2.13-3.5.1/airflow-env/lib64/python3.11/site-packages/airflow/example_dags/example_complex.py
[2023-10-07T04:57:40.123+0530] {logging_mixin.py:151} INFO - [2023-10-07T04:57:40.123+0530] {dag.py:2915} INFO - Sync 1 DAGs
[2023-10-07T04:57:40.134+0530] {logging_mixin.py:151} INFO - [2023-10-07T04:57:40.134+0530] {dag.py:3696} INFO - Setting next_dagrun for example_complex to None, run_after=None
[2023-10-07T04:57:40.161+0530] {processor.py:179} INFO - Processing /home/raj/Downloads/kafka_2.13-3.5.1/airflow-env/lib64/python3.11/site-packages/airflow/example_dags/example_complex.py took 0.116 seconds
[2023-10-07T04:58:27.256+0530] {processor.py:157} INFO - Started process (PID=12532) to work on /home/raj/Downloads/kafka_2.13-3.5.1/airflow-env/lib64/python3.11/site-packages/airflow/example_dags/example_complex.py
[2023-10-07T04:58:27.258+0530] {processor.py:829} INFO - Processing file /home/raj/Downloads/kafka_2.13-3.5.1/airflow-env/lib64/python3.11/site-packages/airflow/example_dags/example_complex.py for tasks to queue
[2023-10-07T04:58:27.259+0530] {logging_mixin.py:151} INFO - [2023-10-07T04:58:27.258+0530] {dagbag.py:539} INFO - Filling up the DagBag from /home/raj/Downloads/kafka_2.13-3.5.1/airflow-env/lib64/python3.11/site-packages/airflow/example_dags/example_complex.py
[2023-10-07T04:58:27.283+0530] {processor.py:839} INFO - DAG(s) dict_keys(['example_complex']) retrieved from /home/raj/Downloads/kafka_2.13-3.5.1/airflow-env/lib64/python3.11/site-packages/airflow/example_dags/example_complex.py
[2023-10-07T04:58:27.308+0530] {logging_mixin.py:151} INFO - [2023-10-07T04:58:27.308+0530] {dag.py:2915} INFO - Sync 1 DAGs
[2023-10-07T04:58:27.317+0530] {logging_mixin.py:151} INFO - [2023-10-07T04:58:27.317+0530] {dag.py:3696} INFO - Setting next_dagrun for example_complex to None, run_after=None
[2023-10-07T04:58:27.335+0530] {processor.py:179} INFO - Processing /home/raj/Downloads/kafka_2.13-3.5.1/airflow-env/lib64/python3.11/site-packages/airflow/example_dags/example_complex.py took 0.084 seconds
[2023-10-07T04:59:17.925+0530] {processor.py:157} INFO - Started process (PID=12674) to work on /home/raj/Downloads/kafka_2.13-3.5.1/airflow-env/lib64/python3.11/site-packages/airflow/example_dags/example_complex.py
[2023-10-07T04:59:17.935+0530] {processor.py:829} INFO - Processing file /home/raj/Downloads/kafka_2.13-3.5.1/airflow-env/lib64/python3.11/site-packages/airflow/example_dags/example_complex.py for tasks to queue
[2023-10-07T04:59:17.937+0530] {logging_mixin.py:151} INFO - [2023-10-07T04:59:17.936+0530] {dagbag.py:539} INFO - Filling up the DagBag from /home/raj/Downloads/kafka_2.13-3.5.1/airflow-env/lib64/python3.11/site-packages/airflow/example_dags/example_complex.py
[2023-10-07T04:59:17.962+0530] {processor.py:839} INFO - DAG(s) dict_keys(['example_complex']) retrieved from /home/raj/Downloads/kafka_2.13-3.5.1/airflow-env/lib64/python3.11/site-packages/airflow/example_dags/example_complex.py
[2023-10-07T04:59:17.997+0530] {logging_mixin.py:151} INFO - [2023-10-07T04:59:17.997+0530] {dag.py:2915} INFO - Sync 1 DAGs
[2023-10-07T04:59:18.008+0530] {logging_mixin.py:151} INFO - [2023-10-07T04:59:18.008+0530] {dag.py:3696} INFO - Setting next_dagrun for example_complex to None, run_after=None
[2023-10-07T04:59:18.031+0530] {processor.py:179} INFO - Processing /home/raj/Downloads/kafka_2.13-3.5.1/airflow-env/lib64/python3.11/site-packages/airflow/example_dags/example_complex.py took 0.111 seconds
