[2023-10-07T04:00:18.819+0530] {processor.py:157} INFO - Started process (PID=18127) to work on /home/raj/Downloads/kafka_2.13-3.5.1/airflow-env/lib64/python3.11/site-packages/airflow/example_dags/example_branch_python_dop_operator_3.py
[2023-10-07T04:00:18.820+0530] {processor.py:829} INFO - Processing file /home/raj/Downloads/kafka_2.13-3.5.1/airflow-env/lib64/python3.11/site-packages/airflow/example_dags/example_branch_python_dop_operator_3.py for tasks to queue
[2023-10-07T04:00:18.822+0530] {logging_mixin.py:151} INFO - [2023-10-07T04:00:18.821+0530] {dagbag.py:539} INFO - Filling up the DagBag from /home/raj/Downloads/kafka_2.13-3.5.1/airflow-env/lib64/python3.11/site-packages/airflow/example_dags/example_branch_python_dop_operator_3.py
[2023-10-07T04:00:18.840+0530] {processor.py:839} INFO - DAG(s) dict_keys(['example_branch_dop_operator_v3']) retrieved from /home/raj/Downloads/kafka_2.13-3.5.1/airflow-env/lib64/python3.11/site-packages/airflow/example_dags/example_branch_python_dop_operator_3.py
[2023-10-07T04:00:18.956+0530] {logging_mixin.py:151} INFO - [2023-10-07T04:00:18.956+0530] {manager.py:499} INFO - Created Permission View: %s
[2023-10-07T04:00:18.967+0530] {logging_mixin.py:151} INFO - [2023-10-07T04:00:18.967+0530] {manager.py:499} INFO - Created Permission View: %s
[2023-10-07T04:00:18.976+0530] {logging_mixin.py:151} INFO - [2023-10-07T04:00:18.976+0530] {manager.py:499} INFO - Created Permission View: %s
[2023-10-07T04:00:18.976+0530] {logging_mixin.py:151} INFO - [2023-10-07T04:00:18.976+0530] {security.py:708} INFO - Not syncing DAG-level permissions for DAG 'DAG:example_branch_dop_operator_v3' as access control is unset.
[2023-10-07T04:00:18.976+0530] {logging_mixin.py:151} INFO - [2023-10-07T04:00:18.976+0530] {dag.py:2915} INFO - Sync 1 DAGs
[2023-10-07T04:00:18.988+0530] {logging_mixin.py:151} INFO - [2023-10-07T04:00:18.988+0530] {dag.py:2937} INFO - Creating ORM DAG for example_branch_dop_operator_v3
[2023-10-07T04:00:19.003+0530] {logging_mixin.py:151} INFO - [2023-10-07T04:00:19.003+0530] {dag.py:3696} INFO - Setting next_dagrun for example_branch_dop_operator_v3 to 2023-10-06T22:29:00+00:00, run_after=2023-10-06T22:30:00+00:00
[2023-10-07T04:00:19.024+0530] {processor.py:179} INFO - Processing /home/raj/Downloads/kafka_2.13-3.5.1/airflow-env/lib64/python3.11/site-packages/airflow/example_dags/example_branch_python_dop_operator_3.py took 0.211 seconds
[2023-10-07T04:01:13.860+0530] {processor.py:157} INFO - Started process (PID=18276) to work on /home/raj/Downloads/kafka_2.13-3.5.1/airflow-env/lib64/python3.11/site-packages/airflow/example_dags/example_branch_python_dop_operator_3.py
[2023-10-07T04:01:13.861+0530] {processor.py:829} INFO - Processing file /home/raj/Downloads/kafka_2.13-3.5.1/airflow-env/lib64/python3.11/site-packages/airflow/example_dags/example_branch_python_dop_operator_3.py for tasks to queue
[2023-10-07T04:01:13.862+0530] {logging_mixin.py:151} INFO - [2023-10-07T04:01:13.861+0530] {dagbag.py:539} INFO - Filling up the DagBag from /home/raj/Downloads/kafka_2.13-3.5.1/airflow-env/lib64/python3.11/site-packages/airflow/example_dags/example_branch_python_dop_operator_3.py
[2023-10-07T04:01:13.874+0530] {processor.py:839} INFO - DAG(s) dict_keys(['example_branch_dop_operator_v3']) retrieved from /home/raj/Downloads/kafka_2.13-3.5.1/airflow-env/lib64/python3.11/site-packages/airflow/example_dags/example_branch_python_dop_operator_3.py
[2023-10-07T04:01:13.894+0530] {logging_mixin.py:151} INFO - [2023-10-07T04:01:13.894+0530] {dag.py:2915} INFO - Sync 1 DAGs
[2023-10-07T04:01:13.925+0530] {logging_mixin.py:151} INFO - [2023-10-07T04:01:13.925+0530] {dag.py:3696} INFO - Setting next_dagrun for example_branch_dop_operator_v3 to 2023-10-06T22:30:00+00:00, run_after=2023-10-06T22:31:00+00:00
[2023-10-07T04:01:13.966+0530] {processor.py:179} INFO - Processing /home/raj/Downloads/kafka_2.13-3.5.1/airflow-env/lib64/python3.11/site-packages/airflow/example_dags/example_branch_python_dop_operator_3.py took 0.109 seconds
[2023-10-07T04:02:04.238+0530] {processor.py:157} INFO - Started process (PID=18377) to work on /home/raj/Downloads/kafka_2.13-3.5.1/airflow-env/lib64/python3.11/site-packages/airflow/example_dags/example_branch_python_dop_operator_3.py
[2023-10-07T04:02:04.240+0530] {processor.py:829} INFO - Processing file /home/raj/Downloads/kafka_2.13-3.5.1/airflow-env/lib64/python3.11/site-packages/airflow/example_dags/example_branch_python_dop_operator_3.py for tasks to queue
[2023-10-07T04:02:04.241+0530] {logging_mixin.py:151} INFO - [2023-10-07T04:02:04.240+0530] {dagbag.py:539} INFO - Filling up the DagBag from /home/raj/Downloads/kafka_2.13-3.5.1/airflow-env/lib64/python3.11/site-packages/airflow/example_dags/example_branch_python_dop_operator_3.py
[2023-10-07T04:02:04.260+0530] {processor.py:839} INFO - DAG(s) dict_keys(['example_branch_dop_operator_v3']) retrieved from /home/raj/Downloads/kafka_2.13-3.5.1/airflow-env/lib64/python3.11/site-packages/airflow/example_dags/example_branch_python_dop_operator_3.py
[2023-10-07T04:02:04.280+0530] {logging_mixin.py:151} INFO - [2023-10-07T04:02:04.280+0530] {dag.py:2915} INFO - Sync 1 DAGs
[2023-10-07T04:02:04.299+0530] {logging_mixin.py:151} INFO - [2023-10-07T04:02:04.299+0530] {dag.py:3696} INFO - Setting next_dagrun for example_branch_dop_operator_v3 to 2023-10-06T22:31:00+00:00, run_after=2023-10-06T22:32:00+00:00
[2023-10-07T04:02:04.327+0530] {processor.py:179} INFO - Processing /home/raj/Downloads/kafka_2.13-3.5.1/airflow-env/lib64/python3.11/site-packages/airflow/example_dags/example_branch_python_dop_operator_3.py took 0.095 seconds
[2023-10-07T04:02:57.689+0530] {processor.py:157} INFO - Started process (PID=18535) to work on /home/raj/Downloads/kafka_2.13-3.5.1/airflow-env/lib64/python3.11/site-packages/airflow/example_dags/example_branch_python_dop_operator_3.py
[2023-10-07T04:02:57.691+0530] {processor.py:829} INFO - Processing file /home/raj/Downloads/kafka_2.13-3.5.1/airflow-env/lib64/python3.11/site-packages/airflow/example_dags/example_branch_python_dop_operator_3.py for tasks to queue
[2023-10-07T04:02:57.692+0530] {logging_mixin.py:151} INFO - [2023-10-07T04:02:57.692+0530] {dagbag.py:539} INFO - Filling up the DagBag from /home/raj/Downloads/kafka_2.13-3.5.1/airflow-env/lib64/python3.11/site-packages/airflow/example_dags/example_branch_python_dop_operator_3.py
[2023-10-07T04:02:57.714+0530] {processor.py:839} INFO - DAG(s) dict_keys(['example_branch_dop_operator_v3']) retrieved from /home/raj/Downloads/kafka_2.13-3.5.1/airflow-env/lib64/python3.11/site-packages/airflow/example_dags/example_branch_python_dop_operator_3.py
[2023-10-07T04:02:57.737+0530] {logging_mixin.py:151} INFO - [2023-10-07T04:02:57.736+0530] {dag.py:2915} INFO - Sync 1 DAGs
[2023-10-07T04:02:57.767+0530] {logging_mixin.py:151} INFO - [2023-10-07T04:02:57.767+0530] {dag.py:3696} INFO - Setting next_dagrun for example_branch_dop_operator_v3 to 2023-10-06T22:31:00+00:00, run_after=2023-10-06T22:32:00+00:00
[2023-10-07T04:02:57.796+0530] {processor.py:179} INFO - Processing /home/raj/Downloads/kafka_2.13-3.5.1/airflow-env/lib64/python3.11/site-packages/airflow/example_dags/example_branch_python_dop_operator_3.py took 0.112 seconds
[2023-10-07T04:03:46.473+0530] {processor.py:157} INFO - Started process (PID=18682) to work on /home/raj/Downloads/kafka_2.13-3.5.1/airflow-env/lib64/python3.11/site-packages/airflow/example_dags/example_branch_python_dop_operator_3.py
[2023-10-07T04:03:46.484+0530] {processor.py:829} INFO - Processing file /home/raj/Downloads/kafka_2.13-3.5.1/airflow-env/lib64/python3.11/site-packages/airflow/example_dags/example_branch_python_dop_operator_3.py for tasks to queue
[2023-10-07T04:03:46.485+0530] {logging_mixin.py:151} INFO - [2023-10-07T04:03:46.485+0530] {dagbag.py:539} INFO - Filling up the DagBag from /home/raj/Downloads/kafka_2.13-3.5.1/airflow-env/lib64/python3.11/site-packages/airflow/example_dags/example_branch_python_dop_operator_3.py
[2023-10-07T04:03:46.504+0530] {processor.py:839} INFO - DAG(s) dict_keys(['example_branch_dop_operator_v3']) retrieved from /home/raj/Downloads/kafka_2.13-3.5.1/airflow-env/lib64/python3.11/site-packages/airflow/example_dags/example_branch_python_dop_operator_3.py
[2023-10-07T04:03:46.527+0530] {logging_mixin.py:151} INFO - [2023-10-07T04:03:46.527+0530] {dag.py:2915} INFO - Sync 1 DAGs
[2023-10-07T04:03:46.549+0530] {logging_mixin.py:151} INFO - [2023-10-07T04:03:46.548+0530] {dag.py:3696} INFO - Setting next_dagrun for example_branch_dop_operator_v3 to 2023-10-06T22:32:00+00:00, run_after=2023-10-06T22:33:00+00:00
[2023-10-07T04:03:46.567+0530] {processor.py:179} INFO - Processing /home/raj/Downloads/kafka_2.13-3.5.1/airflow-env/lib64/python3.11/site-packages/airflow/example_dags/example_branch_python_dop_operator_3.py took 0.100 seconds
[2023-10-07T04:04:33.544+0530] {processor.py:157} INFO - Started process (PID=18755) to work on /home/raj/Downloads/kafka_2.13-3.5.1/airflow-env/lib64/python3.11/site-packages/airflow/example_dags/example_branch_python_dop_operator_3.py
[2023-10-07T04:04:33.555+0530] {processor.py:829} INFO - Processing file /home/raj/Downloads/kafka_2.13-3.5.1/airflow-env/lib64/python3.11/site-packages/airflow/example_dags/example_branch_python_dop_operator_3.py for tasks to queue
[2023-10-07T04:04:33.557+0530] {logging_mixin.py:151} INFO - [2023-10-07T04:04:33.556+0530] {dagbag.py:539} INFO - Filling up the DagBag from /home/raj/Downloads/kafka_2.13-3.5.1/airflow-env/lib64/python3.11/site-packages/airflow/example_dags/example_branch_python_dop_operator_3.py
[2023-10-07T04:04:33.574+0530] {processor.py:839} INFO - DAG(s) dict_keys(['example_branch_dop_operator_v3']) retrieved from /home/raj/Downloads/kafka_2.13-3.5.1/airflow-env/lib64/python3.11/site-packages/airflow/example_dags/example_branch_python_dop_operator_3.py
[2023-10-07T04:04:33.600+0530] {logging_mixin.py:151} INFO - [2023-10-07T04:04:33.600+0530] {dag.py:2915} INFO - Sync 1 DAGs
[2023-10-07T04:04:33.619+0530] {logging_mixin.py:151} INFO - [2023-10-07T04:04:33.619+0530] {dag.py:3696} INFO - Setting next_dagrun for example_branch_dop_operator_v3 to 2023-10-06T22:33:00+00:00, run_after=2023-10-06T22:34:00+00:00
[2023-10-07T04:04:33.637+0530] {processor.py:179} INFO - Processing /home/raj/Downloads/kafka_2.13-3.5.1/airflow-env/lib64/python3.11/site-packages/airflow/example_dags/example_branch_python_dop_operator_3.py took 0.099 seconds
[2023-10-07T04:05:27.283+0530] {processor.py:157} INFO - Started process (PID=18970) to work on /home/raj/Downloads/kafka_2.13-3.5.1/airflow-env/lib64/python3.11/site-packages/airflow/example_dags/example_branch_python_dop_operator_3.py
[2023-10-07T04:05:27.295+0530] {processor.py:829} INFO - Processing file /home/raj/Downloads/kafka_2.13-3.5.1/airflow-env/lib64/python3.11/site-packages/airflow/example_dags/example_branch_python_dop_operator_3.py for tasks to queue
[2023-10-07T04:05:27.296+0530] {logging_mixin.py:151} INFO - [2023-10-07T04:05:27.296+0530] {dagbag.py:539} INFO - Filling up the DagBag from /home/raj/Downloads/kafka_2.13-3.5.1/airflow-env/lib64/python3.11/site-packages/airflow/example_dags/example_branch_python_dop_operator_3.py
[2023-10-07T04:05:27.314+0530] {processor.py:839} INFO - DAG(s) dict_keys(['example_branch_dop_operator_v3']) retrieved from /home/raj/Downloads/kafka_2.13-3.5.1/airflow-env/lib64/python3.11/site-packages/airflow/example_dags/example_branch_python_dop_operator_3.py
[2023-10-07T04:05:27.343+0530] {logging_mixin.py:151} INFO - [2023-10-07T04:05:27.343+0530] {dag.py:2915} INFO - Sync 1 DAGs
[2023-10-07T04:05:27.366+0530] {logging_mixin.py:151} INFO - [2023-10-07T04:05:27.365+0530] {dag.py:3696} INFO - Setting next_dagrun for example_branch_dop_operator_v3 to 2023-10-06T22:34:00+00:00, run_after=2023-10-06T22:35:00+00:00
[2023-10-07T04:05:27.387+0530] {processor.py:179} INFO - Processing /home/raj/Downloads/kafka_2.13-3.5.1/airflow-env/lib64/python3.11/site-packages/airflow/example_dags/example_branch_python_dop_operator_3.py took 0.109 seconds
[2023-10-07T04:06:18.047+0530] {processor.py:157} INFO - Started process (PID=19083) to work on /home/raj/Downloads/kafka_2.13-3.5.1/airflow-env/lib64/python3.11/site-packages/airflow/example_dags/example_branch_python_dop_operator_3.py
[2023-10-07T04:06:18.048+0530] {processor.py:829} INFO - Processing file /home/raj/Downloads/kafka_2.13-3.5.1/airflow-env/lib64/python3.11/site-packages/airflow/example_dags/example_branch_python_dop_operator_3.py for tasks to queue
[2023-10-07T04:06:18.050+0530] {logging_mixin.py:151} INFO - [2023-10-07T04:06:18.049+0530] {dagbag.py:539} INFO - Filling up the DagBag from /home/raj/Downloads/kafka_2.13-3.5.1/airflow-env/lib64/python3.11/site-packages/airflow/example_dags/example_branch_python_dop_operator_3.py
[2023-10-07T04:06:18.061+0530] {processor.py:839} INFO - DAG(s) dict_keys(['example_branch_dop_operator_v3']) retrieved from /home/raj/Downloads/kafka_2.13-3.5.1/airflow-env/lib64/python3.11/site-packages/airflow/example_dags/example_branch_python_dop_operator_3.py
[2023-10-07T04:06:18.085+0530] {logging_mixin.py:151} INFO - [2023-10-07T04:06:18.084+0530] {dag.py:2915} INFO - Sync 1 DAGs
[2023-10-07T04:06:18.119+0530] {logging_mixin.py:151} INFO - [2023-10-07T04:06:18.119+0530] {dag.py:3696} INFO - Setting next_dagrun for example_branch_dop_operator_v3 to 2023-10-06T22:35:00+00:00, run_after=2023-10-06T22:36:00+00:00
[2023-10-07T04:06:18.148+0530] {processor.py:179} INFO - Processing /home/raj/Downloads/kafka_2.13-3.5.1/airflow-env/lib64/python3.11/site-packages/airflow/example_dags/example_branch_python_dop_operator_3.py took 0.104 seconds
[2023-10-07T04:07:14.991+0530] {processor.py:157} INFO - Started process (PID=19189) to work on /home/raj/Downloads/kafka_2.13-3.5.1/airflow-env/lib64/python3.11/site-packages/airflow/example_dags/example_branch_python_dop_operator_3.py
[2023-10-07T04:07:15.002+0530] {processor.py:829} INFO - Processing file /home/raj/Downloads/kafka_2.13-3.5.1/airflow-env/lib64/python3.11/site-packages/airflow/example_dags/example_branch_python_dop_operator_3.py for tasks to queue
[2023-10-07T04:07:15.004+0530] {logging_mixin.py:151} INFO - [2023-10-07T04:07:15.003+0530] {dagbag.py:539} INFO - Filling up the DagBag from /home/raj/Downloads/kafka_2.13-3.5.1/airflow-env/lib64/python3.11/site-packages/airflow/example_dags/example_branch_python_dop_operator_3.py
[2023-10-07T04:07:15.016+0530] {processor.py:839} INFO - DAG(s) dict_keys(['example_branch_dop_operator_v3']) retrieved from /home/raj/Downloads/kafka_2.13-3.5.1/airflow-env/lib64/python3.11/site-packages/airflow/example_dags/example_branch_python_dop_operator_3.py
[2023-10-07T04:07:15.033+0530] {logging_mixin.py:151} INFO - [2023-10-07T04:07:15.033+0530] {dag.py:2915} INFO - Sync 1 DAGs
[2023-10-07T04:07:15.059+0530] {logging_mixin.py:151} INFO - [2023-10-07T04:07:15.059+0530] {dag.py:3696} INFO - Setting next_dagrun for example_branch_dop_operator_v3 to 2023-10-06T22:36:00+00:00, run_after=2023-10-06T22:37:00+00:00
[2023-10-07T04:07:15.084+0530] {processor.py:179} INFO - Processing /home/raj/Downloads/kafka_2.13-3.5.1/airflow-env/lib64/python3.11/site-packages/airflow/example_dags/example_branch_python_dop_operator_3.py took 0.095 seconds
[2023-10-07T04:08:09.814+0530] {processor.py:157} INFO - Started process (PID=19244) to work on /home/raj/Downloads/kafka_2.13-3.5.1/airflow-env/lib64/python3.11/site-packages/airflow/example_dags/example_branch_python_dop_operator_3.py
[2023-10-07T04:08:09.826+0530] {processor.py:829} INFO - Processing file /home/raj/Downloads/kafka_2.13-3.5.1/airflow-env/lib64/python3.11/site-packages/airflow/example_dags/example_branch_python_dop_operator_3.py for tasks to queue
[2023-10-07T04:08:09.827+0530] {logging_mixin.py:151} INFO - [2023-10-07T04:08:09.826+0530] {dagbag.py:539} INFO - Filling up the DagBag from /home/raj/Downloads/kafka_2.13-3.5.1/airflow-env/lib64/python3.11/site-packages/airflow/example_dags/example_branch_python_dop_operator_3.py
[2023-10-07T04:08:09.845+0530] {processor.py:839} INFO - DAG(s) dict_keys(['example_branch_dop_operator_v3']) retrieved from /home/raj/Downloads/kafka_2.13-3.5.1/airflow-env/lib64/python3.11/site-packages/airflow/example_dags/example_branch_python_dop_operator_3.py
[2023-10-07T04:08:09.875+0530] {logging_mixin.py:151} INFO - [2023-10-07T04:08:09.875+0530] {dag.py:2915} INFO - Sync 1 DAGs
[2023-10-07T04:08:09.894+0530] {logging_mixin.py:151} INFO - [2023-10-07T04:08:09.894+0530] {dag.py:3696} INFO - Setting next_dagrun for example_branch_dop_operator_v3 to 2023-10-06T22:37:00+00:00, run_after=2023-10-06T22:38:00+00:00
[2023-10-07T04:08:09.911+0530] {processor.py:179} INFO - Processing /home/raj/Downloads/kafka_2.13-3.5.1/airflow-env/lib64/python3.11/site-packages/airflow/example_dags/example_branch_python_dop_operator_3.py took 0.103 seconds
[2023-10-07T04:09:03.297+0530] {processor.py:157} INFO - Started process (PID=19298) to work on /home/raj/Downloads/kafka_2.13-3.5.1/airflow-env/lib64/python3.11/site-packages/airflow/example_dags/example_branch_python_dop_operator_3.py
[2023-10-07T04:09:03.308+0530] {processor.py:829} INFO - Processing file /home/raj/Downloads/kafka_2.13-3.5.1/airflow-env/lib64/python3.11/site-packages/airflow/example_dags/example_branch_python_dop_operator_3.py for tasks to queue
[2023-10-07T04:09:03.310+0530] {logging_mixin.py:151} INFO - [2023-10-07T04:09:03.309+0530] {dagbag.py:539} INFO - Filling up the DagBag from /home/raj/Downloads/kafka_2.13-3.5.1/airflow-env/lib64/python3.11/site-packages/airflow/example_dags/example_branch_python_dop_operator_3.py
[2023-10-07T04:09:03.325+0530] {processor.py:839} INFO - DAG(s) dict_keys(['example_branch_dop_operator_v3']) retrieved from /home/raj/Downloads/kafka_2.13-3.5.1/airflow-env/lib64/python3.11/site-packages/airflow/example_dags/example_branch_python_dop_operator_3.py
[2023-10-07T04:09:03.339+0530] {logging_mixin.py:151} INFO - [2023-10-07T04:09:03.339+0530] {dag.py:2915} INFO - Sync 1 DAGs
[2023-10-07T04:09:03.364+0530] {logging_mixin.py:151} INFO - [2023-10-07T04:09:03.364+0530] {dag.py:3696} INFO - Setting next_dagrun for example_branch_dop_operator_v3 to 2023-10-06T22:38:00+00:00, run_after=2023-10-06T22:39:00+00:00
[2023-10-07T04:09:03.385+0530] {processor.py:179} INFO - Processing /home/raj/Downloads/kafka_2.13-3.5.1/airflow-env/lib64/python3.11/site-packages/airflow/example_dags/example_branch_python_dop_operator_3.py took 0.091 seconds
[2023-10-07T04:09:54.274+0530] {processor.py:157} INFO - Started process (PID=19353) to work on /home/raj/Downloads/kafka_2.13-3.5.1/airflow-env/lib64/python3.11/site-packages/airflow/example_dags/example_branch_python_dop_operator_3.py
[2023-10-07T04:09:54.286+0530] {processor.py:829} INFO - Processing file /home/raj/Downloads/kafka_2.13-3.5.1/airflow-env/lib64/python3.11/site-packages/airflow/example_dags/example_branch_python_dop_operator_3.py for tasks to queue
[2023-10-07T04:09:54.287+0530] {logging_mixin.py:151} INFO - [2023-10-07T04:09:54.287+0530] {dagbag.py:539} INFO - Filling up the DagBag from /home/raj/Downloads/kafka_2.13-3.5.1/airflow-env/lib64/python3.11/site-packages/airflow/example_dags/example_branch_python_dop_operator_3.py
[2023-10-07T04:09:54.306+0530] {processor.py:839} INFO - DAG(s) dict_keys(['example_branch_dop_operator_v3']) retrieved from /home/raj/Downloads/kafka_2.13-3.5.1/airflow-env/lib64/python3.11/site-packages/airflow/example_dags/example_branch_python_dop_operator_3.py
[2023-10-07T04:09:54.332+0530] {logging_mixin.py:151} INFO - [2023-10-07T04:09:54.331+0530] {dag.py:2915} INFO - Sync 1 DAGs
[2023-10-07T04:09:54.351+0530] {logging_mixin.py:151} INFO - [2023-10-07T04:09:54.350+0530] {dag.py:3696} INFO - Setting next_dagrun for example_branch_dop_operator_v3 to 2023-10-06T22:38:00+00:00, run_after=2023-10-06T22:39:00+00:00
[2023-10-07T04:09:54.368+0530] {processor.py:179} INFO - Processing /home/raj/Downloads/kafka_2.13-3.5.1/airflow-env/lib64/python3.11/site-packages/airflow/example_dags/example_branch_python_dop_operator_3.py took 0.099 seconds
[2023-10-07T04:10:44.814+0530] {processor.py:157} INFO - Started process (PID=19420) to work on /home/raj/Downloads/kafka_2.13-3.5.1/airflow-env/lib64/python3.11/site-packages/airflow/example_dags/example_branch_python_dop_operator_3.py
[2023-10-07T04:10:44.825+0530] {processor.py:829} INFO - Processing file /home/raj/Downloads/kafka_2.13-3.5.1/airflow-env/lib64/python3.11/site-packages/airflow/example_dags/example_branch_python_dop_operator_3.py for tasks to queue
[2023-10-07T04:10:44.826+0530] {logging_mixin.py:151} INFO - [2023-10-07T04:10:44.825+0530] {dagbag.py:539} INFO - Filling up the DagBag from /home/raj/Downloads/kafka_2.13-3.5.1/airflow-env/lib64/python3.11/site-packages/airflow/example_dags/example_branch_python_dop_operator_3.py
[2023-10-07T04:10:44.840+0530] {processor.py:839} INFO - DAG(s) dict_keys(['example_branch_dop_operator_v3']) retrieved from /home/raj/Downloads/kafka_2.13-3.5.1/airflow-env/lib64/python3.11/site-packages/airflow/example_dags/example_branch_python_dop_operator_3.py
[2023-10-07T04:10:44.856+0530] {logging_mixin.py:151} INFO - [2023-10-07T04:10:44.856+0530] {dag.py:2915} INFO - Sync 1 DAGs
[2023-10-07T04:10:44.880+0530] {logging_mixin.py:151} INFO - [2023-10-07T04:10:44.880+0530] {dag.py:3696} INFO - Setting next_dagrun for example_branch_dop_operator_v3 to 2023-10-06T22:39:00+00:00, run_after=2023-10-06T22:40:00+00:00
[2023-10-07T04:10:44.903+0530] {processor.py:179} INFO - Processing /home/raj/Downloads/kafka_2.13-3.5.1/airflow-env/lib64/python3.11/site-packages/airflow/example_dags/example_branch_python_dop_operator_3.py took 0.092 seconds
[2023-10-07T04:11:37.184+0530] {processor.py:157} INFO - Started process (PID=19479) to work on /home/raj/Downloads/kafka_2.13-3.5.1/airflow-env/lib64/python3.11/site-packages/airflow/example_dags/example_branch_python_dop_operator_3.py
[2023-10-07T04:11:37.195+0530] {processor.py:829} INFO - Processing file /home/raj/Downloads/kafka_2.13-3.5.1/airflow-env/lib64/python3.11/site-packages/airflow/example_dags/example_branch_python_dop_operator_3.py for tasks to queue
[2023-10-07T04:11:37.197+0530] {logging_mixin.py:151} INFO - [2023-10-07T04:11:37.196+0530] {dagbag.py:539} INFO - Filling up the DagBag from /home/raj/Downloads/kafka_2.13-3.5.1/airflow-env/lib64/python3.11/site-packages/airflow/example_dags/example_branch_python_dop_operator_3.py
[2023-10-07T04:11:37.218+0530] {processor.py:839} INFO - DAG(s) dict_keys(['example_branch_dop_operator_v3']) retrieved from /home/raj/Downloads/kafka_2.13-3.5.1/airflow-env/lib64/python3.11/site-packages/airflow/example_dags/example_branch_python_dop_operator_3.py
[2023-10-07T04:11:37.244+0530] {logging_mixin.py:151} INFO - [2023-10-07T04:11:37.244+0530] {dag.py:2915} INFO - Sync 1 DAGs
[2023-10-07T04:11:37.266+0530] {logging_mixin.py:151} INFO - [2023-10-07T04:11:37.265+0530] {dag.py:3696} INFO - Setting next_dagrun for example_branch_dop_operator_v3 to 2023-10-06T22:40:00+00:00, run_after=2023-10-06T22:41:00+00:00
[2023-10-07T04:11:37.286+0530] {processor.py:179} INFO - Processing /home/raj/Downloads/kafka_2.13-3.5.1/airflow-env/lib64/python3.11/site-packages/airflow/example_dags/example_branch_python_dop_operator_3.py took 0.107 seconds
[2023-10-07T04:12:31.449+0530] {processor.py:157} INFO - Started process (PID=19555) to work on /home/raj/Downloads/kafka_2.13-3.5.1/airflow-env/lib64/python3.11/site-packages/airflow/example_dags/example_branch_python_dop_operator_3.py
[2023-10-07T04:12:31.460+0530] {processor.py:829} INFO - Processing file /home/raj/Downloads/kafka_2.13-3.5.1/airflow-env/lib64/python3.11/site-packages/airflow/example_dags/example_branch_python_dop_operator_3.py for tasks to queue
[2023-10-07T04:12:31.462+0530] {logging_mixin.py:151} INFO - [2023-10-07T04:12:31.461+0530] {dagbag.py:539} INFO - Filling up the DagBag from /home/raj/Downloads/kafka_2.13-3.5.1/airflow-env/lib64/python3.11/site-packages/airflow/example_dags/example_branch_python_dop_operator_3.py
[2023-10-07T04:12:31.478+0530] {processor.py:839} INFO - DAG(s) dict_keys(['example_branch_dop_operator_v3']) retrieved from /home/raj/Downloads/kafka_2.13-3.5.1/airflow-env/lib64/python3.11/site-packages/airflow/example_dags/example_branch_python_dop_operator_3.py
[2023-10-07T04:12:31.492+0530] {logging_mixin.py:151} INFO - [2023-10-07T04:12:31.491+0530] {dag.py:2915} INFO - Sync 1 DAGs
[2023-10-07T04:12:31.511+0530] {logging_mixin.py:151} INFO - [2023-10-07T04:12:31.511+0530] {dag.py:3696} INFO - Setting next_dagrun for example_branch_dop_operator_v3 to 2023-10-06T22:41:00+00:00, run_after=2023-10-06T22:42:00+00:00
[2023-10-07T04:12:31.530+0530] {processor.py:179} INFO - Processing /home/raj/Downloads/kafka_2.13-3.5.1/airflow-env/lib64/python3.11/site-packages/airflow/example_dags/example_branch_python_dop_operator_3.py took 0.087 seconds
[2023-10-07T04:13:25.366+0530] {processor.py:157} INFO - Started process (PID=19610) to work on /home/raj/Downloads/kafka_2.13-3.5.1/airflow-env/lib64/python3.11/site-packages/airflow/example_dags/example_branch_python_dop_operator_3.py
[2023-10-07T04:13:25.377+0530] {processor.py:829} INFO - Processing file /home/raj/Downloads/kafka_2.13-3.5.1/airflow-env/lib64/python3.11/site-packages/airflow/example_dags/example_branch_python_dop_operator_3.py for tasks to queue
[2023-10-07T04:13:25.379+0530] {logging_mixin.py:151} INFO - [2023-10-07T04:13:25.378+0530] {dagbag.py:539} INFO - Filling up the DagBag from /home/raj/Downloads/kafka_2.13-3.5.1/airflow-env/lib64/python3.11/site-packages/airflow/example_dags/example_branch_python_dop_operator_3.py
[2023-10-07T04:13:25.396+0530] {processor.py:839} INFO - DAG(s) dict_keys(['example_branch_dop_operator_v3']) retrieved from /home/raj/Downloads/kafka_2.13-3.5.1/airflow-env/lib64/python3.11/site-packages/airflow/example_dags/example_branch_python_dop_operator_3.py
[2023-10-07T04:13:25.426+0530] {logging_mixin.py:151} INFO - [2023-10-07T04:13:25.426+0530] {dag.py:2915} INFO - Sync 1 DAGs
[2023-10-07T04:13:25.445+0530] {logging_mixin.py:151} INFO - [2023-10-07T04:13:25.445+0530] {dag.py:3696} INFO - Setting next_dagrun for example_branch_dop_operator_v3 to 2023-10-06T22:42:00+00:00, run_after=2023-10-06T22:43:00+00:00
[2023-10-07T04:13:25.463+0530] {processor.py:179} INFO - Processing /home/raj/Downloads/kafka_2.13-3.5.1/airflow-env/lib64/python3.11/site-packages/airflow/example_dags/example_branch_python_dop_operator_3.py took 0.102 seconds
[2023-10-07T04:14:16.907+0530] {processor.py:157} INFO - Started process (PID=19663) to work on /home/raj/Downloads/kafka_2.13-3.5.1/airflow-env/lib64/python3.11/site-packages/airflow/example_dags/example_branch_python_dop_operator_3.py
[2023-10-07T04:14:16.918+0530] {processor.py:829} INFO - Processing file /home/raj/Downloads/kafka_2.13-3.5.1/airflow-env/lib64/python3.11/site-packages/airflow/example_dags/example_branch_python_dop_operator_3.py for tasks to queue
[2023-10-07T04:14:16.919+0530] {logging_mixin.py:151} INFO - [2023-10-07T04:14:16.919+0530] {dagbag.py:539} INFO - Filling up the DagBag from /home/raj/Downloads/kafka_2.13-3.5.1/airflow-env/lib64/python3.11/site-packages/airflow/example_dags/example_branch_python_dop_operator_3.py
[2023-10-07T04:14:16.928+0530] {processor.py:839} INFO - DAG(s) dict_keys(['example_branch_dop_operator_v3']) retrieved from /home/raj/Downloads/kafka_2.13-3.5.1/airflow-env/lib64/python3.11/site-packages/airflow/example_dags/example_branch_python_dop_operator_3.py
[2023-10-07T04:14:16.941+0530] {logging_mixin.py:151} INFO - [2023-10-07T04:14:16.941+0530] {dag.py:2915} INFO - Sync 1 DAGs
[2023-10-07T04:14:16.962+0530] {logging_mixin.py:151} INFO - [2023-10-07T04:14:16.962+0530] {dag.py:3696} INFO - Setting next_dagrun for example_branch_dop_operator_v3 to 2023-10-06T22:43:00+00:00, run_after=2023-10-06T22:44:00+00:00
[2023-10-07T04:14:16.982+0530] {processor.py:179} INFO - Processing /home/raj/Downloads/kafka_2.13-3.5.1/airflow-env/lib64/python3.11/site-packages/airflow/example_dags/example_branch_python_dop_operator_3.py took 0.081 seconds
[2023-10-07T04:15:06.591+0530] {processor.py:157} INFO - Started process (PID=19728) to work on /home/raj/Downloads/kafka_2.13-3.5.1/airflow-env/lib64/python3.11/site-packages/airflow/example_dags/example_branch_python_dop_operator_3.py
[2023-10-07T04:15:06.602+0530] {processor.py:829} INFO - Processing file /home/raj/Downloads/kafka_2.13-3.5.1/airflow-env/lib64/python3.11/site-packages/airflow/example_dags/example_branch_python_dop_operator_3.py for tasks to queue
[2023-10-07T04:15:06.604+0530] {logging_mixin.py:151} INFO - [2023-10-07T04:15:06.603+0530] {dagbag.py:539} INFO - Filling up the DagBag from /home/raj/Downloads/kafka_2.13-3.5.1/airflow-env/lib64/python3.11/site-packages/airflow/example_dags/example_branch_python_dop_operator_3.py
[2023-10-07T04:15:06.623+0530] {processor.py:839} INFO - DAG(s) dict_keys(['example_branch_dop_operator_v3']) retrieved from /home/raj/Downloads/kafka_2.13-3.5.1/airflow-env/lib64/python3.11/site-packages/airflow/example_dags/example_branch_python_dop_operator_3.py
[2023-10-07T04:15:06.652+0530] {logging_mixin.py:151} INFO - [2023-10-07T04:15:06.651+0530] {dag.py:2915} INFO - Sync 1 DAGs
[2023-10-07T04:15:06.670+0530] {logging_mixin.py:151} INFO - [2023-10-07T04:15:06.670+0530] {dag.py:3696} INFO - Setting next_dagrun for example_branch_dop_operator_v3 to 2023-10-06T22:44:00+00:00, run_after=2023-10-06T22:45:00+00:00
[2023-10-07T04:15:06.690+0530] {processor.py:179} INFO - Processing /home/raj/Downloads/kafka_2.13-3.5.1/airflow-env/lib64/python3.11/site-packages/airflow/example_dags/example_branch_python_dop_operator_3.py took 0.104 seconds
[2023-10-07T04:15:56.175+0530] {processor.py:157} INFO - Started process (PID=19819) to work on /home/raj/Downloads/kafka_2.13-3.5.1/airflow-env/lib64/python3.11/site-packages/airflow/example_dags/example_branch_python_dop_operator_3.py
[2023-10-07T04:15:56.177+0530] {processor.py:829} INFO - Processing file /home/raj/Downloads/kafka_2.13-3.5.1/airflow-env/lib64/python3.11/site-packages/airflow/example_dags/example_branch_python_dop_operator_3.py for tasks to queue
[2023-10-07T04:15:56.178+0530] {logging_mixin.py:151} INFO - [2023-10-07T04:15:56.178+0530] {dagbag.py:539} INFO - Filling up the DagBag from /home/raj/Downloads/kafka_2.13-3.5.1/airflow-env/lib64/python3.11/site-packages/airflow/example_dags/example_branch_python_dop_operator_3.py
[2023-10-07T04:15:56.197+0530] {processor.py:839} INFO - DAG(s) dict_keys(['example_branch_dop_operator_v3']) retrieved from /home/raj/Downloads/kafka_2.13-3.5.1/airflow-env/lib64/python3.11/site-packages/airflow/example_dags/example_branch_python_dop_operator_3.py
[2023-10-07T04:15:56.220+0530] {logging_mixin.py:151} INFO - [2023-10-07T04:15:56.219+0530] {dag.py:2915} INFO - Sync 1 DAGs
[2023-10-07T04:15:56.245+0530] {logging_mixin.py:151} INFO - [2023-10-07T04:15:56.245+0530] {dag.py:3696} INFO - Setting next_dagrun for example_branch_dop_operator_v3 to 2023-10-06T22:44:00+00:00, run_after=2023-10-06T22:45:00+00:00
[2023-10-07T04:15:56.266+0530] {processor.py:179} INFO - Processing /home/raj/Downloads/kafka_2.13-3.5.1/airflow-env/lib64/python3.11/site-packages/airflow/example_dags/example_branch_python_dop_operator_3.py took 0.097 seconds
[2023-10-07T04:16:50.838+0530] {processor.py:157} INFO - Started process (PID=19879) to work on /home/raj/Downloads/kafka_2.13-3.5.1/airflow-env/lib64/python3.11/site-packages/airflow/example_dags/example_branch_python_dop_operator_3.py
[2023-10-07T04:16:50.849+0530] {processor.py:829} INFO - Processing file /home/raj/Downloads/kafka_2.13-3.5.1/airflow-env/lib64/python3.11/site-packages/airflow/example_dags/example_branch_python_dop_operator_3.py for tasks to queue
[2023-10-07T04:16:50.850+0530] {logging_mixin.py:151} INFO - [2023-10-07T04:16:50.849+0530] {dagbag.py:539} INFO - Filling up the DagBag from /home/raj/Downloads/kafka_2.13-3.5.1/airflow-env/lib64/python3.11/site-packages/airflow/example_dags/example_branch_python_dop_operator_3.py
[2023-10-07T04:16:50.868+0530] {processor.py:839} INFO - DAG(s) dict_keys(['example_branch_dop_operator_v3']) retrieved from /home/raj/Downloads/kafka_2.13-3.5.1/airflow-env/lib64/python3.11/site-packages/airflow/example_dags/example_branch_python_dop_operator_3.py
[2023-10-07T04:16:50.892+0530] {logging_mixin.py:151} INFO - [2023-10-07T04:16:50.892+0530] {dag.py:2915} INFO - Sync 1 DAGs
[2023-10-07T04:16:50.914+0530] {logging_mixin.py:151} INFO - [2023-10-07T04:16:50.914+0530] {dag.py:3696} INFO - Setting next_dagrun for example_branch_dop_operator_v3 to 2023-10-06T22:45:00+00:00, run_after=2023-10-06T22:46:00+00:00
[2023-10-07T04:16:50.936+0530] {processor.py:179} INFO - Processing /home/raj/Downloads/kafka_2.13-3.5.1/airflow-env/lib64/python3.11/site-packages/airflow/example_dags/example_branch_python_dop_operator_3.py took 0.101 seconds
[2023-10-07T04:17:41.234+0530] {processor.py:157} INFO - Started process (PID=19935) to work on /home/raj/Downloads/kafka_2.13-3.5.1/airflow-env/lib64/python3.11/site-packages/airflow/example_dags/example_branch_python_dop_operator_3.py
[2023-10-07T04:17:41.246+0530] {processor.py:829} INFO - Processing file /home/raj/Downloads/kafka_2.13-3.5.1/airflow-env/lib64/python3.11/site-packages/airflow/example_dags/example_branch_python_dop_operator_3.py for tasks to queue
[2023-10-07T04:17:41.247+0530] {logging_mixin.py:151} INFO - [2023-10-07T04:17:41.247+0530] {dagbag.py:539} INFO - Filling up the DagBag from /home/raj/Downloads/kafka_2.13-3.5.1/airflow-env/lib64/python3.11/site-packages/airflow/example_dags/example_branch_python_dop_operator_3.py
[2023-10-07T04:17:41.264+0530] {processor.py:839} INFO - DAG(s) dict_keys(['example_branch_dop_operator_v3']) retrieved from /home/raj/Downloads/kafka_2.13-3.5.1/airflow-env/lib64/python3.11/site-packages/airflow/example_dags/example_branch_python_dop_operator_3.py
[2023-10-07T04:17:41.277+0530] {logging_mixin.py:151} INFO - [2023-10-07T04:17:41.277+0530] {dag.py:2915} INFO - Sync 1 DAGs
[2023-10-07T04:17:41.297+0530] {logging_mixin.py:151} INFO - [2023-10-07T04:17:41.297+0530] {dag.py:3696} INFO - Setting next_dagrun for example_branch_dop_operator_v3 to 2023-10-06T22:46:00+00:00, run_after=2023-10-06T22:47:00+00:00
[2023-10-07T04:17:41.318+0530] {processor.py:179} INFO - Processing /home/raj/Downloads/kafka_2.13-3.5.1/airflow-env/lib64/python3.11/site-packages/airflow/example_dags/example_branch_python_dop_operator_3.py took 0.089 seconds
[2023-10-07T04:18:32.611+0530] {processor.py:157} INFO - Started process (PID=19988) to work on /home/raj/Downloads/kafka_2.13-3.5.1/airflow-env/lib64/python3.11/site-packages/airflow/example_dags/example_branch_python_dop_operator_3.py
[2023-10-07T04:18:32.622+0530] {processor.py:829} INFO - Processing file /home/raj/Downloads/kafka_2.13-3.5.1/airflow-env/lib64/python3.11/site-packages/airflow/example_dags/example_branch_python_dop_operator_3.py for tasks to queue
[2023-10-07T04:18:32.624+0530] {logging_mixin.py:151} INFO - [2023-10-07T04:18:32.623+0530] {dagbag.py:539} INFO - Filling up the DagBag from /home/raj/Downloads/kafka_2.13-3.5.1/airflow-env/lib64/python3.11/site-packages/airflow/example_dags/example_branch_python_dop_operator_3.py
[2023-10-07T04:18:32.640+0530] {processor.py:839} INFO - DAG(s) dict_keys(['example_branch_dop_operator_v3']) retrieved from /home/raj/Downloads/kafka_2.13-3.5.1/airflow-env/lib64/python3.11/site-packages/airflow/example_dags/example_branch_python_dop_operator_3.py
[2023-10-07T04:18:32.665+0530] {logging_mixin.py:151} INFO - [2023-10-07T04:18:32.664+0530] {dag.py:2915} INFO - Sync 1 DAGs
[2023-10-07T04:18:32.687+0530] {logging_mixin.py:151} INFO - [2023-10-07T04:18:32.686+0530] {dag.py:3696} INFO - Setting next_dagrun for example_branch_dop_operator_v3 to 2023-10-06T22:47:00+00:00, run_after=2023-10-06T22:48:00+00:00
[2023-10-07T04:18:32.707+0530] {processor.py:179} INFO - Processing /home/raj/Downloads/kafka_2.13-3.5.1/airflow-env/lib64/python3.11/site-packages/airflow/example_dags/example_branch_python_dop_operator_3.py took 0.102 seconds
[2023-10-07T04:19:26.720+0530] {processor.py:157} INFO - Started process (PID=20042) to work on /home/raj/Downloads/kafka_2.13-3.5.1/airflow-env/lib64/python3.11/site-packages/airflow/example_dags/example_branch_python_dop_operator_3.py
[2023-10-07T04:19:26.731+0530] {processor.py:829} INFO - Processing file /home/raj/Downloads/kafka_2.13-3.5.1/airflow-env/lib64/python3.11/site-packages/airflow/example_dags/example_branch_python_dop_operator_3.py for tasks to queue
[2023-10-07T04:19:26.732+0530] {logging_mixin.py:151} INFO - [2023-10-07T04:19:26.732+0530] {dagbag.py:539} INFO - Filling up the DagBag from /home/raj/Downloads/kafka_2.13-3.5.1/airflow-env/lib64/python3.11/site-packages/airflow/example_dags/example_branch_python_dop_operator_3.py
[2023-10-07T04:19:26.750+0530] {processor.py:839} INFO - DAG(s) dict_keys(['example_branch_dop_operator_v3']) retrieved from /home/raj/Downloads/kafka_2.13-3.5.1/airflow-env/lib64/python3.11/site-packages/airflow/example_dags/example_branch_python_dop_operator_3.py
[2023-10-07T04:19:26.780+0530] {logging_mixin.py:151} INFO - [2023-10-07T04:19:26.780+0530] {dag.py:2915} INFO - Sync 1 DAGs
[2023-10-07T04:19:26.801+0530] {logging_mixin.py:151} INFO - [2023-10-07T04:19:26.800+0530] {dag.py:3696} INFO - Setting next_dagrun for example_branch_dop_operator_v3 to 2023-10-06T22:48:00+00:00, run_after=2023-10-06T22:49:00+00:00
[2023-10-07T04:19:26.820+0530] {processor.py:179} INFO - Processing /home/raj/Downloads/kafka_2.13-3.5.1/airflow-env/lib64/python3.11/site-packages/airflow/example_dags/example_branch_python_dop_operator_3.py took 0.105 seconds
[2023-10-07T04:20:22.816+0530] {processor.py:157} INFO - Started process (PID=20392) to work on /home/raj/Downloads/kafka_2.13-3.5.1/airflow-env/lib64/python3.11/site-packages/airflow/example_dags/example_branch_python_dop_operator_3.py
[2023-10-07T04:20:22.817+0530] {processor.py:829} INFO - Processing file /home/raj/Downloads/kafka_2.13-3.5.1/airflow-env/lib64/python3.11/site-packages/airflow/example_dags/example_branch_python_dop_operator_3.py for tasks to queue
[2023-10-07T04:20:22.818+0530] {logging_mixin.py:151} INFO - [2023-10-07T04:20:22.817+0530] {dagbag.py:539} INFO - Filling up the DagBag from /home/raj/Downloads/kafka_2.13-3.5.1/airflow-env/lib64/python3.11/site-packages/airflow/example_dags/example_branch_python_dop_operator_3.py
[2023-10-07T04:20:22.829+0530] {processor.py:839} INFO - DAG(s) dict_keys(['example_branch_dop_operator_v3']) retrieved from /home/raj/Downloads/kafka_2.13-3.5.1/airflow-env/lib64/python3.11/site-packages/airflow/example_dags/example_branch_python_dop_operator_3.py
[2023-10-07T04:20:22.850+0530] {logging_mixin.py:151} INFO - [2023-10-07T04:20:22.850+0530] {dag.py:2915} INFO - Sync 1 DAGs
[2023-10-07T04:20:22.874+0530] {logging_mixin.py:151} INFO - [2023-10-07T04:20:22.874+0530] {dag.py:3696} INFO - Setting next_dagrun for example_branch_dop_operator_v3 to 2023-10-06T22:49:00+00:00, run_after=2023-10-06T22:50:00+00:00
[2023-10-07T04:20:22.895+0530] {processor.py:179} INFO - Processing /home/raj/Downloads/kafka_2.13-3.5.1/airflow-env/lib64/python3.11/site-packages/airflow/example_dags/example_branch_python_dop_operator_3.py took 0.083 seconds
[2023-10-07T04:21:18.413+0530] {processor.py:157} INFO - Started process (PID=20582) to work on /home/raj/Downloads/kafka_2.13-3.5.1/airflow-env/lib64/python3.11/site-packages/airflow/example_dags/example_branch_python_dop_operator_3.py
[2023-10-07T04:21:18.418+0530] {processor.py:829} INFO - Processing file /home/raj/Downloads/kafka_2.13-3.5.1/airflow-env/lib64/python3.11/site-packages/airflow/example_dags/example_branch_python_dop_operator_3.py for tasks to queue
[2023-10-07T04:21:18.419+0530] {logging_mixin.py:151} INFO - [2023-10-07T04:21:18.418+0530] {dagbag.py:539} INFO - Filling up the DagBag from /home/raj/Downloads/kafka_2.13-3.5.1/airflow-env/lib64/python3.11/site-packages/airflow/example_dags/example_branch_python_dop_operator_3.py
[2023-10-07T04:21:18.431+0530] {processor.py:839} INFO - DAG(s) dict_keys(['example_branch_dop_operator_v3']) retrieved from /home/raj/Downloads/kafka_2.13-3.5.1/airflow-env/lib64/python3.11/site-packages/airflow/example_dags/example_branch_python_dop_operator_3.py
[2023-10-07T04:21:18.446+0530] {logging_mixin.py:151} INFO - [2023-10-07T04:21:18.446+0530] {dag.py:2915} INFO - Sync 1 DAGs
[2023-10-07T04:21:18.468+0530] {logging_mixin.py:151} INFO - [2023-10-07T04:21:18.468+0530] {dag.py:3696} INFO - Setting next_dagrun for example_branch_dop_operator_v3 to 2023-10-06T22:50:00+00:00, run_after=2023-10-06T22:51:00+00:00
[2023-10-07T04:21:18.490+0530] {processor.py:179} INFO - Processing /home/raj/Downloads/kafka_2.13-3.5.1/airflow-env/lib64/python3.11/site-packages/airflow/example_dags/example_branch_python_dop_operator_3.py took 0.079 seconds
[2023-10-07T04:22:06.535+0530] {processor.py:157} INFO - Started process (PID=20756) to work on /home/raj/Downloads/kafka_2.13-3.5.1/airflow-env/lib64/python3.11/site-packages/airflow/example_dags/example_branch_python_dop_operator_3.py
[2023-10-07T04:22:06.537+0530] {processor.py:829} INFO - Processing file /home/raj/Downloads/kafka_2.13-3.5.1/airflow-env/lib64/python3.11/site-packages/airflow/example_dags/example_branch_python_dop_operator_3.py for tasks to queue
[2023-10-07T04:22:06.539+0530] {logging_mixin.py:151} INFO - [2023-10-07T04:22:06.538+0530] {dagbag.py:539} INFO - Filling up the DagBag from /home/raj/Downloads/kafka_2.13-3.5.1/airflow-env/lib64/python3.11/site-packages/airflow/example_dags/example_branch_python_dop_operator_3.py
[2023-10-07T04:22:06.557+0530] {processor.py:839} INFO - DAG(s) dict_keys(['example_branch_dop_operator_v3']) retrieved from /home/raj/Downloads/kafka_2.13-3.5.1/airflow-env/lib64/python3.11/site-packages/airflow/example_dags/example_branch_python_dop_operator_3.py
[2023-10-07T04:22:06.579+0530] {logging_mixin.py:151} INFO - [2023-10-07T04:22:06.579+0530] {dag.py:2915} INFO - Sync 1 DAGs
[2023-10-07T04:22:06.615+0530] {logging_mixin.py:151} INFO - [2023-10-07T04:22:06.614+0530] {dag.py:3696} INFO - Setting next_dagrun for example_branch_dop_operator_v3 to 2023-10-06T22:51:00+00:00, run_after=2023-10-06T22:52:00+00:00
[2023-10-07T04:22:06.642+0530] {processor.py:179} INFO - Processing /home/raj/Downloads/kafka_2.13-3.5.1/airflow-env/lib64/python3.11/site-packages/airflow/example_dags/example_branch_python_dop_operator_3.py took 0.114 seconds
[2023-10-07T04:22:58.483+0530] {processor.py:157} INFO - Started process (PID=20854) to work on /home/raj/Downloads/kafka_2.13-3.5.1/airflow-env/lib64/python3.11/site-packages/airflow/example_dags/example_branch_python_dop_operator_3.py
[2023-10-07T04:22:58.494+0530] {processor.py:829} INFO - Processing file /home/raj/Downloads/kafka_2.13-3.5.1/airflow-env/lib64/python3.11/site-packages/airflow/example_dags/example_branch_python_dop_operator_3.py for tasks to queue
[2023-10-07T04:22:58.496+0530] {logging_mixin.py:151} INFO - [2023-10-07T04:22:58.495+0530] {dagbag.py:539} INFO - Filling up the DagBag from /home/raj/Downloads/kafka_2.13-3.5.1/airflow-env/lib64/python3.11/site-packages/airflow/example_dags/example_branch_python_dop_operator_3.py
[2023-10-07T04:22:58.514+0530] {processor.py:839} INFO - DAG(s) dict_keys(['example_branch_dop_operator_v3']) retrieved from /home/raj/Downloads/kafka_2.13-3.5.1/airflow-env/lib64/python3.11/site-packages/airflow/example_dags/example_branch_python_dop_operator_3.py
[2023-10-07T04:22:58.540+0530] {logging_mixin.py:151} INFO - [2023-10-07T04:22:58.539+0530] {dag.py:2915} INFO - Sync 1 DAGs
[2023-10-07T04:22:58.560+0530] {logging_mixin.py:151} INFO - [2023-10-07T04:22:58.560+0530] {dag.py:3696} INFO - Setting next_dagrun for example_branch_dop_operator_v3 to 2023-10-06T22:51:00+00:00, run_after=2023-10-06T22:52:00+00:00
[2023-10-07T04:22:58.581+0530] {processor.py:179} INFO - Processing /home/raj/Downloads/kafka_2.13-3.5.1/airflow-env/lib64/python3.11/site-packages/airflow/example_dags/example_branch_python_dop_operator_3.py took 0.103 seconds
[2023-10-07T04:23:50.506+0530] {processor.py:157} INFO - Started process (PID=20970) to work on /home/raj/Downloads/kafka_2.13-3.5.1/airflow-env/lib64/python3.11/site-packages/airflow/example_dags/example_branch_python_dop_operator_3.py
[2023-10-07T04:23:50.517+0530] {processor.py:829} INFO - Processing file /home/raj/Downloads/kafka_2.13-3.5.1/airflow-env/lib64/python3.11/site-packages/airflow/example_dags/example_branch_python_dop_operator_3.py for tasks to queue
[2023-10-07T04:23:50.518+0530] {logging_mixin.py:151} INFO - [2023-10-07T04:23:50.517+0530] {dagbag.py:539} INFO - Filling up the DagBag from /home/raj/Downloads/kafka_2.13-3.5.1/airflow-env/lib64/python3.11/site-packages/airflow/example_dags/example_branch_python_dop_operator_3.py
[2023-10-07T04:23:50.531+0530] {processor.py:839} INFO - DAG(s) dict_keys(['example_branch_dop_operator_v3']) retrieved from /home/raj/Downloads/kafka_2.13-3.5.1/airflow-env/lib64/python3.11/site-packages/airflow/example_dags/example_branch_python_dop_operator_3.py
[2023-10-07T04:23:50.549+0530] {logging_mixin.py:151} INFO - [2023-10-07T04:23:50.549+0530] {dag.py:2915} INFO - Sync 1 DAGs
[2023-10-07T04:23:50.574+0530] {logging_mixin.py:151} INFO - [2023-10-07T04:23:50.574+0530] {dag.py:3696} INFO - Setting next_dagrun for example_branch_dop_operator_v3 to 2023-10-06T22:52:00+00:00, run_after=2023-10-06T22:53:00+00:00
[2023-10-07T04:23:50.599+0530] {processor.py:179} INFO - Processing /home/raj/Downloads/kafka_2.13-3.5.1/airflow-env/lib64/python3.11/site-packages/airflow/example_dags/example_branch_python_dop_operator_3.py took 0.095 seconds
[2023-10-07T04:24:39.923+0530] {processor.py:157} INFO - Started process (PID=21087) to work on /home/raj/Downloads/kafka_2.13-3.5.1/airflow-env/lib64/python3.11/site-packages/airflow/example_dags/example_branch_python_dop_operator_3.py
[2023-10-07T04:24:39.934+0530] {processor.py:829} INFO - Processing file /home/raj/Downloads/kafka_2.13-3.5.1/airflow-env/lib64/python3.11/site-packages/airflow/example_dags/example_branch_python_dop_operator_3.py for tasks to queue
[2023-10-07T04:24:39.936+0530] {logging_mixin.py:151} INFO - [2023-10-07T04:24:39.935+0530] {dagbag.py:539} INFO - Filling up the DagBag from /home/raj/Downloads/kafka_2.13-3.5.1/airflow-env/lib64/python3.11/site-packages/airflow/example_dags/example_branch_python_dop_operator_3.py
[2023-10-07T04:24:39.946+0530] {processor.py:839} INFO - DAG(s) dict_keys(['example_branch_dop_operator_v3']) retrieved from /home/raj/Downloads/kafka_2.13-3.5.1/airflow-env/lib64/python3.11/site-packages/airflow/example_dags/example_branch_python_dop_operator_3.py
[2023-10-07T04:24:39.963+0530] {logging_mixin.py:151} INFO - [2023-10-07T04:24:39.963+0530] {dag.py:2915} INFO - Sync 1 DAGs
[2023-10-07T04:24:39.990+0530] {logging_mixin.py:151} INFO - [2023-10-07T04:24:39.990+0530] {dag.py:3696} INFO - Setting next_dagrun for example_branch_dop_operator_v3 to 2023-10-06T22:53:00+00:00, run_after=2023-10-06T22:54:00+00:00
[2023-10-07T04:24:40.015+0530] {processor.py:179} INFO - Processing /home/raj/Downloads/kafka_2.13-3.5.1/airflow-env/lib64/python3.11/site-packages/airflow/example_dags/example_branch_python_dop_operator_3.py took 0.096 seconds
[2023-10-07T04:25:30.195+0530] {processor.py:157} INFO - Started process (PID=21172) to work on /home/raj/Downloads/kafka_2.13-3.5.1/airflow-env/lib64/python3.11/site-packages/airflow/example_dags/example_branch_python_dop_operator_3.py
[2023-10-07T04:25:30.206+0530] {processor.py:829} INFO - Processing file /home/raj/Downloads/kafka_2.13-3.5.1/airflow-env/lib64/python3.11/site-packages/airflow/example_dags/example_branch_python_dop_operator_3.py for tasks to queue
[2023-10-07T04:25:30.208+0530] {logging_mixin.py:151} INFO - [2023-10-07T04:25:30.207+0530] {dagbag.py:539} INFO - Filling up the DagBag from /home/raj/Downloads/kafka_2.13-3.5.1/airflow-env/lib64/python3.11/site-packages/airflow/example_dags/example_branch_python_dop_operator_3.py
[2023-10-07T04:25:30.217+0530] {processor.py:839} INFO - DAG(s) dict_keys(['example_branch_dop_operator_v3']) retrieved from /home/raj/Downloads/kafka_2.13-3.5.1/airflow-env/lib64/python3.11/site-packages/airflow/example_dags/example_branch_python_dop_operator_3.py
[2023-10-07T04:25:30.233+0530] {logging_mixin.py:151} INFO - [2023-10-07T04:25:30.233+0530] {dag.py:2915} INFO - Sync 1 DAGs
[2023-10-07T04:25:30.255+0530] {logging_mixin.py:151} INFO - [2023-10-07T04:25:30.255+0530] {dag.py:3696} INFO - Setting next_dagrun for example_branch_dop_operator_v3 to 2023-10-06T22:54:00+00:00, run_after=2023-10-06T22:55:00+00:00
[2023-10-07T04:25:30.280+0530] {processor.py:179} INFO - Processing /home/raj/Downloads/kafka_2.13-3.5.1/airflow-env/lib64/python3.11/site-packages/airflow/example_dags/example_branch_python_dop_operator_3.py took 0.090 seconds
[2023-10-07T04:26:23.727+0530] {processor.py:157} INFO - Started process (PID=21339) to work on /home/raj/Downloads/kafka_2.13-3.5.1/airflow-env/lib64/python3.11/site-packages/airflow/example_dags/example_branch_python_dop_operator_3.py
[2023-10-07T04:26:23.739+0530] {processor.py:829} INFO - Processing file /home/raj/Downloads/kafka_2.13-3.5.1/airflow-env/lib64/python3.11/site-packages/airflow/example_dags/example_branch_python_dop_operator_3.py for tasks to queue
[2023-10-07T04:26:23.740+0530] {logging_mixin.py:151} INFO - [2023-10-07T04:26:23.740+0530] {dagbag.py:539} INFO - Filling up the DagBag from /home/raj/Downloads/kafka_2.13-3.5.1/airflow-env/lib64/python3.11/site-packages/airflow/example_dags/example_branch_python_dop_operator_3.py
[2023-10-07T04:26:23.750+0530] {processor.py:839} INFO - DAG(s) dict_keys(['example_branch_dop_operator_v3']) retrieved from /home/raj/Downloads/kafka_2.13-3.5.1/airflow-env/lib64/python3.11/site-packages/airflow/example_dags/example_branch_python_dop_operator_3.py
[2023-10-07T04:26:23.767+0530] {logging_mixin.py:151} INFO - [2023-10-07T04:26:23.767+0530] {dag.py:2915} INFO - Sync 1 DAGs
[2023-10-07T04:26:23.795+0530] {logging_mixin.py:151} INFO - [2023-10-07T04:26:23.795+0530] {dag.py:3696} INFO - Setting next_dagrun for example_branch_dop_operator_v3 to 2023-10-06T22:55:00+00:00, run_after=2023-10-06T22:56:00+00:00
[2023-10-07T04:26:23.819+0530] {processor.py:179} INFO - Processing /home/raj/Downloads/kafka_2.13-3.5.1/airflow-env/lib64/python3.11/site-packages/airflow/example_dags/example_branch_python_dop_operator_3.py took 0.098 seconds
[2023-10-07T04:27:12.171+0530] {processor.py:157} INFO - Started process (PID=21512) to work on /home/raj/Downloads/kafka_2.13-3.5.1/airflow-env/lib64/python3.11/site-packages/airflow/example_dags/example_branch_python_dop_operator_3.py
[2023-10-07T04:27:12.175+0530] {processor.py:829} INFO - Processing file /home/raj/Downloads/kafka_2.13-3.5.1/airflow-env/lib64/python3.11/site-packages/airflow/example_dags/example_branch_python_dop_operator_3.py for tasks to queue
[2023-10-07T04:27:12.176+0530] {logging_mixin.py:151} INFO - [2023-10-07T04:27:12.175+0530] {dagbag.py:539} INFO - Filling up the DagBag from /home/raj/Downloads/kafka_2.13-3.5.1/airflow-env/lib64/python3.11/site-packages/airflow/example_dags/example_branch_python_dop_operator_3.py
[2023-10-07T04:27:12.190+0530] {processor.py:839} INFO - DAG(s) dict_keys(['example_branch_dop_operator_v3']) retrieved from /home/raj/Downloads/kafka_2.13-3.5.1/airflow-env/lib64/python3.11/site-packages/airflow/example_dags/example_branch_python_dop_operator_3.py
[2023-10-07T04:27:12.216+0530] {logging_mixin.py:151} INFO - [2023-10-07T04:27:12.215+0530] {dag.py:2915} INFO - Sync 1 DAGs
[2023-10-07T04:27:12.257+0530] {logging_mixin.py:151} INFO - [2023-10-07T04:27:12.256+0530] {dag.py:3696} INFO - Setting next_dagrun for example_branch_dop_operator_v3 to 2023-10-06T22:56:00+00:00, run_after=2023-10-06T22:57:00+00:00
[2023-10-07T04:27:12.293+0530] {processor.py:179} INFO - Processing /home/raj/Downloads/kafka_2.13-3.5.1/airflow-env/lib64/python3.11/site-packages/airflow/example_dags/example_branch_python_dop_operator_3.py took 0.127 seconds
[2023-10-07T04:28:05.649+0530] {processor.py:157} INFO - Started process (PID=21593) to work on /home/raj/Downloads/kafka_2.13-3.5.1/airflow-env/lib64/python3.11/site-packages/airflow/example_dags/example_branch_python_dop_operator_3.py
[2023-10-07T04:28:05.659+0530] {processor.py:829} INFO - Processing file /home/raj/Downloads/kafka_2.13-3.5.1/airflow-env/lib64/python3.11/site-packages/airflow/example_dags/example_branch_python_dop_operator_3.py for tasks to queue
[2023-10-07T04:28:05.660+0530] {logging_mixin.py:151} INFO - [2023-10-07T04:28:05.660+0530] {dagbag.py:539} INFO - Filling up the DagBag from /home/raj/Downloads/kafka_2.13-3.5.1/airflow-env/lib64/python3.11/site-packages/airflow/example_dags/example_branch_python_dop_operator_3.py
[2023-10-07T04:28:05.669+0530] {processor.py:839} INFO - DAG(s) dict_keys(['example_branch_dop_operator_v3']) retrieved from /home/raj/Downloads/kafka_2.13-3.5.1/airflow-env/lib64/python3.11/site-packages/airflow/example_dags/example_branch_python_dop_operator_3.py
[2023-10-07T04:28:05.683+0530] {logging_mixin.py:151} INFO - [2023-10-07T04:28:05.683+0530] {dag.py:2915} INFO - Sync 1 DAGs
[2023-10-07T04:28:05.722+0530] {logging_mixin.py:151} INFO - [2023-10-07T04:28:05.722+0530] {dag.py:3696} INFO - Setting next_dagrun for example_branch_dop_operator_v3 to 2023-10-06T22:57:00+00:00, run_after=2023-10-06T22:58:00+00:00
[2023-10-07T04:28:05.747+0530] {processor.py:179} INFO - Processing /home/raj/Downloads/kafka_2.13-3.5.1/airflow-env/lib64/python3.11/site-packages/airflow/example_dags/example_branch_python_dop_operator_3.py took 0.101 seconds
[2023-10-07T04:29:00.383+0530] {processor.py:157} INFO - Started process (PID=21728) to work on /home/raj/Downloads/kafka_2.13-3.5.1/airflow-env/lib64/python3.11/site-packages/airflow/example_dags/example_branch_python_dop_operator_3.py
[2023-10-07T04:29:00.395+0530] {processor.py:829} INFO - Processing file /home/raj/Downloads/kafka_2.13-3.5.1/airflow-env/lib64/python3.11/site-packages/airflow/example_dags/example_branch_python_dop_operator_3.py for tasks to queue
[2023-10-07T04:29:00.396+0530] {logging_mixin.py:151} INFO - [2023-10-07T04:29:00.395+0530] {dagbag.py:539} INFO - Filling up the DagBag from /home/raj/Downloads/kafka_2.13-3.5.1/airflow-env/lib64/python3.11/site-packages/airflow/example_dags/example_branch_python_dop_operator_3.py
[2023-10-07T04:29:00.412+0530] {processor.py:839} INFO - DAG(s) dict_keys(['example_branch_dop_operator_v3']) retrieved from /home/raj/Downloads/kafka_2.13-3.5.1/airflow-env/lib64/python3.11/site-packages/airflow/example_dags/example_branch_python_dop_operator_3.py
[2023-10-07T04:29:00.442+0530] {logging_mixin.py:151} INFO - [2023-10-07T04:29:00.442+0530] {dag.py:2915} INFO - Sync 1 DAGs
[2023-10-07T04:29:00.465+0530] {logging_mixin.py:151} INFO - [2023-10-07T04:29:00.464+0530] {dag.py:3696} INFO - Setting next_dagrun for example_branch_dop_operator_v3 to 2023-10-06T22:58:00+00:00, run_after=2023-10-06T22:59:00+00:00
[2023-10-07T04:29:00.483+0530] {processor.py:179} INFO - Processing /home/raj/Downloads/kafka_2.13-3.5.1/airflow-env/lib64/python3.11/site-packages/airflow/example_dags/example_branch_python_dop_operator_3.py took 0.104 seconds
[2023-10-07T04:41:12.051+0530] {processor.py:157} INFO - Started process (PID=9952) to work on /home/raj/Downloads/kafka_2.13-3.5.1/airflow-env/lib64/python3.11/site-packages/airflow/example_dags/example_branch_python_dop_operator_3.py
[2023-10-07T04:41:12.053+0530] {processor.py:829} INFO - Processing file /home/raj/Downloads/kafka_2.13-3.5.1/airflow-env/lib64/python3.11/site-packages/airflow/example_dags/example_branch_python_dop_operator_3.py for tasks to queue
[2023-10-07T04:41:12.054+0530] {logging_mixin.py:151} INFO - [2023-10-07T04:41:12.053+0530] {dagbag.py:539} INFO - Filling up the DagBag from /home/raj/Downloads/kafka_2.13-3.5.1/airflow-env/lib64/python3.11/site-packages/airflow/example_dags/example_branch_python_dop_operator_3.py
[2023-10-07T04:41:12.062+0530] {processor.py:839} INFO - DAG(s) dict_keys(['example_branch_dop_operator_v3']) retrieved from /home/raj/Downloads/kafka_2.13-3.5.1/airflow-env/lib64/python3.11/site-packages/airflow/example_dags/example_branch_python_dop_operator_3.py
[2023-10-07T04:41:12.076+0530] {logging_mixin.py:151} INFO - [2023-10-07T04:41:12.076+0530] {dag.py:2915} INFO - Sync 1 DAGs
[2023-10-07T04:41:12.098+0530] {logging_mixin.py:151} INFO - [2023-10-07T04:41:12.097+0530] {dag.py:3696} INFO - Setting next_dagrun for example_branch_dop_operator_v3 to 2023-10-06T23:10:00+00:00, run_after=2023-10-06T23:11:00+00:00
[2023-10-07T04:41:12.510+0530] {processor.py:179} INFO - Processing /home/raj/Downloads/kafka_2.13-3.5.1/airflow-env/lib64/python3.11/site-packages/airflow/example_dags/example_branch_python_dop_operator_3.py took 0.463 seconds
[2023-10-07T04:42:05.345+0530] {processor.py:157} INFO - Started process (PID=10088) to work on /home/raj/Downloads/kafka_2.13-3.5.1/airflow-env/lib64/python3.11/site-packages/airflow/example_dags/example_branch_python_dop_operator_3.py
[2023-10-07T04:42:05.356+0530] {processor.py:829} INFO - Processing file /home/raj/Downloads/kafka_2.13-3.5.1/airflow-env/lib64/python3.11/site-packages/airflow/example_dags/example_branch_python_dop_operator_3.py for tasks to queue
[2023-10-07T04:42:05.356+0530] {logging_mixin.py:151} INFO - [2023-10-07T04:42:05.356+0530] {dagbag.py:539} INFO - Filling up the DagBag from /home/raj/Downloads/kafka_2.13-3.5.1/airflow-env/lib64/python3.11/site-packages/airflow/example_dags/example_branch_python_dop_operator_3.py
[2023-10-07T04:42:05.365+0530] {processor.py:839} INFO - DAG(s) dict_keys(['example_branch_dop_operator_v3']) retrieved from /home/raj/Downloads/kafka_2.13-3.5.1/airflow-env/lib64/python3.11/site-packages/airflow/example_dags/example_branch_python_dop_operator_3.py
[2023-10-07T04:42:05.385+0530] {logging_mixin.py:151} INFO - [2023-10-07T04:42:05.385+0530] {dag.py:2915} INFO - Sync 1 DAGs
[2023-10-07T04:42:05.409+0530] {logging_mixin.py:151} INFO - [2023-10-07T04:42:05.409+0530] {dag.py:3696} INFO - Setting next_dagrun for example_branch_dop_operator_v3 to 2023-10-06T23:11:00+00:00, run_after=2023-10-06T23:12:00+00:00
[2023-10-07T04:42:05.432+0530] {processor.py:179} INFO - Processing /home/raj/Downloads/kafka_2.13-3.5.1/airflow-env/lib64/python3.11/site-packages/airflow/example_dags/example_branch_python_dop_operator_3.py took 0.090 seconds
[2023-10-07T04:42:57.370+0530] {processor.py:157} INFO - Started process (PID=10250) to work on /home/raj/Downloads/kafka_2.13-3.5.1/airflow-env/lib64/python3.11/site-packages/airflow/example_dags/example_branch_python_dop_operator_3.py
[2023-10-07T04:42:57.381+0530] {processor.py:829} INFO - Processing file /home/raj/Downloads/kafka_2.13-3.5.1/airflow-env/lib64/python3.11/site-packages/airflow/example_dags/example_branch_python_dop_operator_3.py for tasks to queue
[2023-10-07T04:42:57.383+0530] {logging_mixin.py:151} INFO - [2023-10-07T04:42:57.382+0530] {dagbag.py:539} INFO - Filling up the DagBag from /home/raj/Downloads/kafka_2.13-3.5.1/airflow-env/lib64/python3.11/site-packages/airflow/example_dags/example_branch_python_dop_operator_3.py
[2023-10-07T04:42:57.392+0530] {processor.py:839} INFO - DAG(s) dict_keys(['example_branch_dop_operator_v3']) retrieved from /home/raj/Downloads/kafka_2.13-3.5.1/airflow-env/lib64/python3.11/site-packages/airflow/example_dags/example_branch_python_dop_operator_3.py
[2023-10-07T04:42:57.407+0530] {logging_mixin.py:151} INFO - [2023-10-07T04:42:57.407+0530] {dag.py:2915} INFO - Sync 1 DAGs
[2023-10-07T04:42:57.429+0530] {logging_mixin.py:151} INFO - [2023-10-07T04:42:57.429+0530] {dag.py:3696} INFO - Setting next_dagrun for example_branch_dop_operator_v3 to 2023-10-06T23:11:00+00:00, run_after=2023-10-06T23:12:00+00:00
[2023-10-07T04:42:57.450+0530] {processor.py:179} INFO - Processing /home/raj/Downloads/kafka_2.13-3.5.1/airflow-env/lib64/python3.11/site-packages/airflow/example_dags/example_branch_python_dop_operator_3.py took 0.085 seconds
[2023-10-07T04:44:03.937+0530] {processor.py:157} INFO - Started process (PID=10436) to work on /home/raj/Downloads/kafka_2.13-3.5.1/airflow-env/lib64/python3.11/site-packages/airflow/example_dags/example_branch_python_dop_operator_3.py
[2023-10-07T04:44:03.949+0530] {processor.py:829} INFO - Processing file /home/raj/Downloads/kafka_2.13-3.5.1/airflow-env/lib64/python3.11/site-packages/airflow/example_dags/example_branch_python_dop_operator_3.py for tasks to queue
[2023-10-07T04:44:03.951+0530] {logging_mixin.py:151} INFO - [2023-10-07T04:44:03.950+0530] {dagbag.py:539} INFO - Filling up the DagBag from /home/raj/Downloads/kafka_2.13-3.5.1/airflow-env/lib64/python3.11/site-packages/airflow/example_dags/example_branch_python_dop_operator_3.py
[2023-10-07T04:44:03.971+0530] {processor.py:839} INFO - DAG(s) dict_keys(['example_branch_dop_operator_v3']) retrieved from /home/raj/Downloads/kafka_2.13-3.5.1/airflow-env/lib64/python3.11/site-packages/airflow/example_dags/example_branch_python_dop_operator_3.py
[2023-10-07T04:44:03.999+0530] {logging_mixin.py:151} INFO - [2023-10-07T04:44:03.998+0530] {dag.py:2915} INFO - Sync 1 DAGs
[2023-10-07T04:44:04.018+0530] {logging_mixin.py:151} INFO - [2023-10-07T04:44:04.018+0530] {dag.py:3696} INFO - Setting next_dagrun for example_branch_dop_operator_v3 to 2023-10-06T23:13:00+00:00, run_after=2023-10-06T23:14:00+00:00
[2023-10-07T04:44:04.037+0530] {processor.py:179} INFO - Processing /home/raj/Downloads/kafka_2.13-3.5.1/airflow-env/lib64/python3.11/site-packages/airflow/example_dags/example_branch_python_dop_operator_3.py took 0.105 seconds
[2023-10-07T04:45:00.999+0530] {processor.py:157} INFO - Started process (PID=10624) to work on /home/raj/Downloads/kafka_2.13-3.5.1/airflow-env/lib64/python3.11/site-packages/airflow/example_dags/example_branch_python_dop_operator_3.py
[2023-10-07T04:45:01.010+0530] {processor.py:829} INFO - Processing file /home/raj/Downloads/kafka_2.13-3.5.1/airflow-env/lib64/python3.11/site-packages/airflow/example_dags/example_branch_python_dop_operator_3.py for tasks to queue
[2023-10-07T04:45:01.012+0530] {logging_mixin.py:151} INFO - [2023-10-07T04:45:01.011+0530] {dagbag.py:539} INFO - Filling up the DagBag from /home/raj/Downloads/kafka_2.13-3.5.1/airflow-env/lib64/python3.11/site-packages/airflow/example_dags/example_branch_python_dop_operator_3.py
[2023-10-07T04:45:01.031+0530] {processor.py:839} INFO - DAG(s) dict_keys(['example_branch_dop_operator_v3']) retrieved from /home/raj/Downloads/kafka_2.13-3.5.1/airflow-env/lib64/python3.11/site-packages/airflow/example_dags/example_branch_python_dop_operator_3.py
[2023-10-07T04:45:01.057+0530] {logging_mixin.py:151} INFO - [2023-10-07T04:45:01.057+0530] {dag.py:2915} INFO - Sync 1 DAGs
[2023-10-07T04:45:01.080+0530] {logging_mixin.py:151} INFO - [2023-10-07T04:45:01.079+0530] {dag.py:3696} INFO - Setting next_dagrun for example_branch_dop_operator_v3 to 2023-10-06T23:14:00+00:00, run_after=2023-10-06T23:15:00+00:00
[2023-10-07T04:45:01.100+0530] {processor.py:179} INFO - Processing /home/raj/Downloads/kafka_2.13-3.5.1/airflow-env/lib64/python3.11/site-packages/airflow/example_dags/example_branch_python_dop_operator_3.py took 0.108 seconds
[2023-10-07T04:45:57.317+0530] {processor.py:157} INFO - Started process (PID=10828) to work on /home/raj/Downloads/kafka_2.13-3.5.1/airflow-env/lib64/python3.11/site-packages/airflow/example_dags/example_branch_python_dop_operator_3.py
[2023-10-07T04:45:57.318+0530] {processor.py:829} INFO - Processing file /home/raj/Downloads/kafka_2.13-3.5.1/airflow-env/lib64/python3.11/site-packages/airflow/example_dags/example_branch_python_dop_operator_3.py for tasks to queue
[2023-10-07T04:45:57.319+0530] {logging_mixin.py:151} INFO - [2023-10-07T04:45:57.319+0530] {dagbag.py:539} INFO - Filling up the DagBag from /home/raj/Downloads/kafka_2.13-3.5.1/airflow-env/lib64/python3.11/site-packages/airflow/example_dags/example_branch_python_dop_operator_3.py
[2023-10-07T04:45:57.331+0530] {processor.py:839} INFO - DAG(s) dict_keys(['example_branch_dop_operator_v3']) retrieved from /home/raj/Downloads/kafka_2.13-3.5.1/airflow-env/lib64/python3.11/site-packages/airflow/example_dags/example_branch_python_dop_operator_3.py
[2023-10-07T04:45:57.363+0530] {logging_mixin.py:151} INFO - [2023-10-07T04:45:57.362+0530] {dag.py:2915} INFO - Sync 1 DAGs
[2023-10-07T04:45:57.402+0530] {logging_mixin.py:151} INFO - [2023-10-07T04:45:57.402+0530] {dag.py:3696} INFO - Setting next_dagrun for example_branch_dop_operator_v3 to 2023-10-06T23:14:00+00:00, run_after=2023-10-06T23:15:00+00:00
[2023-10-07T04:45:57.433+0530] {processor.py:179} INFO - Processing /home/raj/Downloads/kafka_2.13-3.5.1/airflow-env/lib64/python3.11/site-packages/airflow/example_dags/example_branch_python_dop_operator_3.py took 0.118 seconds
[2023-10-07T04:46:55.529+0530] {processor.py:157} INFO - Started process (PID=10904) to work on /home/raj/Downloads/kafka_2.13-3.5.1/airflow-env/lib64/python3.11/site-packages/airflow/example_dags/example_branch_python_dop_operator_3.py
[2023-10-07T04:46:55.540+0530] {processor.py:829} INFO - Processing file /home/raj/Downloads/kafka_2.13-3.5.1/airflow-env/lib64/python3.11/site-packages/airflow/example_dags/example_branch_python_dop_operator_3.py for tasks to queue
[2023-10-07T04:46:55.541+0530] {logging_mixin.py:151} INFO - [2023-10-07T04:46:55.541+0530] {dagbag.py:539} INFO - Filling up the DagBag from /home/raj/Downloads/kafka_2.13-3.5.1/airflow-env/lib64/python3.11/site-packages/airflow/example_dags/example_branch_python_dop_operator_3.py
[2023-10-07T04:46:55.552+0530] {processor.py:839} INFO - DAG(s) dict_keys(['example_branch_dop_operator_v3']) retrieved from /home/raj/Downloads/kafka_2.13-3.5.1/airflow-env/lib64/python3.11/site-packages/airflow/example_dags/example_branch_python_dop_operator_3.py
[2023-10-07T04:46:55.568+0530] {logging_mixin.py:151} INFO - [2023-10-07T04:46:55.568+0530] {dag.py:2915} INFO - Sync 1 DAGs
[2023-10-07T04:46:55.590+0530] {logging_mixin.py:151} INFO - [2023-10-07T04:46:55.590+0530] {dag.py:3696} INFO - Setting next_dagrun for example_branch_dop_operator_v3 to 2023-10-06T23:15:00+00:00, run_after=2023-10-06T23:16:00+00:00
[2023-10-07T04:46:55.611+0530] {processor.py:179} INFO - Processing /home/raj/Downloads/kafka_2.13-3.5.1/airflow-env/lib64/python3.11/site-packages/airflow/example_dags/example_branch_python_dop_operator_3.py took 0.086 seconds
[2023-10-07T04:47:45.020+0530] {processor.py:157} INFO - Started process (PID=11020) to work on /home/raj/Downloads/kafka_2.13-3.5.1/airflow-env/lib64/python3.11/site-packages/airflow/example_dags/example_branch_python_dop_operator_3.py
[2023-10-07T04:47:45.032+0530] {processor.py:829} INFO - Processing file /home/raj/Downloads/kafka_2.13-3.5.1/airflow-env/lib64/python3.11/site-packages/airflow/example_dags/example_branch_python_dop_operator_3.py for tasks to queue
[2023-10-07T04:47:45.033+0530] {logging_mixin.py:151} INFO - [2023-10-07T04:47:45.032+0530] {dagbag.py:539} INFO - Filling up the DagBag from /home/raj/Downloads/kafka_2.13-3.5.1/airflow-env/lib64/python3.11/site-packages/airflow/example_dags/example_branch_python_dop_operator_3.py
[2023-10-07T04:47:45.050+0530] {processor.py:839} INFO - DAG(s) dict_keys(['example_branch_dop_operator_v3']) retrieved from /home/raj/Downloads/kafka_2.13-3.5.1/airflow-env/lib64/python3.11/site-packages/airflow/example_dags/example_branch_python_dop_operator_3.py
[2023-10-07T04:47:45.075+0530] {logging_mixin.py:151} INFO - [2023-10-07T04:47:45.075+0530] {dag.py:2915} INFO - Sync 1 DAGs
[2023-10-07T04:47:45.102+0530] {logging_mixin.py:151} INFO - [2023-10-07T04:47:45.102+0530] {dag.py:3696} INFO - Setting next_dagrun for example_branch_dop_operator_v3 to 2023-10-06T23:16:00+00:00, run_after=2023-10-06T23:17:00+00:00
[2023-10-07T04:47:45.125+0530] {processor.py:179} INFO - Processing /home/raj/Downloads/kafka_2.13-3.5.1/airflow-env/lib64/python3.11/site-packages/airflow/example_dags/example_branch_python_dop_operator_3.py took 0.109 seconds
[2023-10-07T04:48:36.231+0530] {processor.py:157} INFO - Started process (PID=11102) to work on /home/raj/Downloads/kafka_2.13-3.5.1/airflow-env/lib64/python3.11/site-packages/airflow/example_dags/example_branch_python_dop_operator_3.py
[2023-10-07T04:48:36.242+0530] {processor.py:829} INFO - Processing file /home/raj/Downloads/kafka_2.13-3.5.1/airflow-env/lib64/python3.11/site-packages/airflow/example_dags/example_branch_python_dop_operator_3.py for tasks to queue
[2023-10-07T04:48:36.244+0530] {logging_mixin.py:151} INFO - [2023-10-07T04:48:36.243+0530] {dagbag.py:539} INFO - Filling up the DagBag from /home/raj/Downloads/kafka_2.13-3.5.1/airflow-env/lib64/python3.11/site-packages/airflow/example_dags/example_branch_python_dop_operator_3.py
[2023-10-07T04:48:36.261+0530] {processor.py:839} INFO - DAG(s) dict_keys(['example_branch_dop_operator_v3']) retrieved from /home/raj/Downloads/kafka_2.13-3.5.1/airflow-env/lib64/python3.11/site-packages/airflow/example_dags/example_branch_python_dop_operator_3.py
[2023-10-07T04:48:36.290+0530] {logging_mixin.py:151} INFO - [2023-10-07T04:48:36.290+0530] {dag.py:2915} INFO - Sync 1 DAGs
[2023-10-07T04:48:36.319+0530] {logging_mixin.py:151} INFO - [2023-10-07T04:48:36.319+0530] {dag.py:3696} INFO - Setting next_dagrun for example_branch_dop_operator_v3 to 2023-10-06T23:17:00+00:00, run_after=2023-10-06T23:18:00+00:00
[2023-10-07T04:48:36.345+0530] {processor.py:179} INFO - Processing /home/raj/Downloads/kafka_2.13-3.5.1/airflow-env/lib64/python3.11/site-packages/airflow/example_dags/example_branch_python_dop_operator_3.py took 0.119 seconds
[2023-10-07T04:49:31.652+0530] {processor.py:157} INFO - Started process (PID=11240) to work on /home/raj/Downloads/kafka_2.13-3.5.1/airflow-env/lib64/python3.11/site-packages/airflow/example_dags/example_branch_python_dop_operator_3.py
[2023-10-07T04:49:31.654+0530] {processor.py:829} INFO - Processing file /home/raj/Downloads/kafka_2.13-3.5.1/airflow-env/lib64/python3.11/site-packages/airflow/example_dags/example_branch_python_dop_operator_3.py for tasks to queue
[2023-10-07T04:49:31.655+0530] {logging_mixin.py:151} INFO - [2023-10-07T04:49:31.654+0530] {dagbag.py:539} INFO - Filling up the DagBag from /home/raj/Downloads/kafka_2.13-3.5.1/airflow-env/lib64/python3.11/site-packages/airflow/example_dags/example_branch_python_dop_operator_3.py
[2023-10-07T04:49:31.665+0530] {processor.py:839} INFO - DAG(s) dict_keys(['example_branch_dop_operator_v3']) retrieved from /home/raj/Downloads/kafka_2.13-3.5.1/airflow-env/lib64/python3.11/site-packages/airflow/example_dags/example_branch_python_dop_operator_3.py
[2023-10-07T04:49:31.681+0530] {logging_mixin.py:151} INFO - [2023-10-07T04:49:31.681+0530] {dag.py:2915} INFO - Sync 1 DAGs
[2023-10-07T04:49:31.705+0530] {logging_mixin.py:151} INFO - [2023-10-07T04:49:31.705+0530] {dag.py:3696} INFO - Setting next_dagrun for example_branch_dop_operator_v3 to 2023-10-06T23:18:00+00:00, run_after=2023-10-06T23:19:00+00:00
[2023-10-07T04:49:31.726+0530] {processor.py:179} INFO - Processing /home/raj/Downloads/kafka_2.13-3.5.1/airflow-env/lib64/python3.11/site-packages/airflow/example_dags/example_branch_python_dop_operator_3.py took 0.080 seconds
[2023-10-07T04:50:27.145+0530] {processor.py:157} INFO - Started process (PID=11326) to work on /home/raj/Downloads/kafka_2.13-3.5.1/airflow-env/lib64/python3.11/site-packages/airflow/example_dags/example_branch_python_dop_operator_3.py
[2023-10-07T04:50:27.156+0530] {processor.py:829} INFO - Processing file /home/raj/Downloads/kafka_2.13-3.5.1/airflow-env/lib64/python3.11/site-packages/airflow/example_dags/example_branch_python_dop_operator_3.py for tasks to queue
[2023-10-07T04:50:27.158+0530] {logging_mixin.py:151} INFO - [2023-10-07T04:50:27.157+0530] {dagbag.py:539} INFO - Filling up the DagBag from /home/raj/Downloads/kafka_2.13-3.5.1/airflow-env/lib64/python3.11/site-packages/airflow/example_dags/example_branch_python_dop_operator_3.py
[2023-10-07T04:50:27.178+0530] {processor.py:839} INFO - DAG(s) dict_keys(['example_branch_dop_operator_v3']) retrieved from /home/raj/Downloads/kafka_2.13-3.5.1/airflow-env/lib64/python3.11/site-packages/airflow/example_dags/example_branch_python_dop_operator_3.py
[2023-10-07T04:50:27.207+0530] {logging_mixin.py:151} INFO - [2023-10-07T04:50:27.207+0530] {dag.py:2915} INFO - Sync 1 DAGs
[2023-10-07T04:50:27.225+0530] {logging_mixin.py:151} INFO - [2023-10-07T04:50:27.225+0530] {dag.py:3696} INFO - Setting next_dagrun for example_branch_dop_operator_v3 to 2023-10-06T23:19:00+00:00, run_after=2023-10-06T23:20:00+00:00
[2023-10-07T04:50:27.244+0530] {processor.py:179} INFO - Processing /home/raj/Downloads/kafka_2.13-3.5.1/airflow-env/lib64/python3.11/site-packages/airflow/example_dags/example_branch_python_dop_operator_3.py took 0.103 seconds
[2023-10-07T04:51:16.808+0530] {processor.py:157} INFO - Started process (PID=11432) to work on /home/raj/Downloads/kafka_2.13-3.5.1/airflow-env/lib64/python3.11/site-packages/airflow/example_dags/example_branch_python_dop_operator_3.py
[2023-10-07T04:51:16.818+0530] {processor.py:829} INFO - Processing file /home/raj/Downloads/kafka_2.13-3.5.1/airflow-env/lib64/python3.11/site-packages/airflow/example_dags/example_branch_python_dop_operator_3.py for tasks to queue
[2023-10-07T04:51:16.819+0530] {logging_mixin.py:151} INFO - [2023-10-07T04:51:16.819+0530] {dagbag.py:539} INFO - Filling up the DagBag from /home/raj/Downloads/kafka_2.13-3.5.1/airflow-env/lib64/python3.11/site-packages/airflow/example_dags/example_branch_python_dop_operator_3.py
[2023-10-07T04:51:16.829+0530] {processor.py:839} INFO - DAG(s) dict_keys(['example_branch_dop_operator_v3']) retrieved from /home/raj/Downloads/kafka_2.13-3.5.1/airflow-env/lib64/python3.11/site-packages/airflow/example_dags/example_branch_python_dop_operator_3.py
[2023-10-07T04:51:16.843+0530] {logging_mixin.py:151} INFO - [2023-10-07T04:51:16.842+0530] {dag.py:2915} INFO - Sync 1 DAGs
[2023-10-07T04:51:16.876+0530] {logging_mixin.py:151} INFO - [2023-10-07T04:51:16.876+0530] {dag.py:3696} INFO - Setting next_dagrun for example_branch_dop_operator_v3 to 2023-10-06T23:20:00+00:00, run_after=2023-10-06T23:21:00+00:00
[2023-10-07T04:51:16.893+0530] {processor.py:179} INFO - Processing /home/raj/Downloads/kafka_2.13-3.5.1/airflow-env/lib64/python3.11/site-packages/airflow/example_dags/example_branch_python_dop_operator_3.py took 0.088 seconds
[2023-10-07T04:52:09.876+0530] {processor.py:157} INFO - Started process (PID=11672) to work on /home/raj/Downloads/kafka_2.13-3.5.1/airflow-env/lib64/python3.11/site-packages/airflow/example_dags/example_branch_python_dop_operator_3.py
[2023-10-07T04:52:09.887+0530] {processor.py:829} INFO - Processing file /home/raj/Downloads/kafka_2.13-3.5.1/airflow-env/lib64/python3.11/site-packages/airflow/example_dags/example_branch_python_dop_operator_3.py for tasks to queue
[2023-10-07T04:52:09.888+0530] {logging_mixin.py:151} INFO - [2023-10-07T04:52:09.888+0530] {dagbag.py:539} INFO - Filling up the DagBag from /home/raj/Downloads/kafka_2.13-3.5.1/airflow-env/lib64/python3.11/site-packages/airflow/example_dags/example_branch_python_dop_operator_3.py
[2023-10-07T04:52:09.908+0530] {processor.py:839} INFO - DAG(s) dict_keys(['example_branch_dop_operator_v3']) retrieved from /home/raj/Downloads/kafka_2.13-3.5.1/airflow-env/lib64/python3.11/site-packages/airflow/example_dags/example_branch_python_dop_operator_3.py
[2023-10-07T04:52:09.940+0530] {logging_mixin.py:151} INFO - [2023-10-07T04:52:09.940+0530] {dag.py:2915} INFO - Sync 1 DAGs
[2023-10-07T04:52:09.964+0530] {logging_mixin.py:151} INFO - [2023-10-07T04:52:09.964+0530] {dag.py:3696} INFO - Setting next_dagrun for example_branch_dop_operator_v3 to 2023-10-06T23:21:00+00:00, run_after=2023-10-06T23:22:00+00:00
[2023-10-07T04:52:09.988+0530] {processor.py:179} INFO - Processing /home/raj/Downloads/kafka_2.13-3.5.1/airflow-env/lib64/python3.11/site-packages/airflow/example_dags/example_branch_python_dop_operator_3.py took 0.115 seconds
[2023-10-07T04:53:04.121+0530] {processor.py:157} INFO - Started process (PID=11782) to work on /home/raj/Downloads/kafka_2.13-3.5.1/airflow-env/lib64/python3.11/site-packages/airflow/example_dags/example_branch_python_dop_operator_3.py
[2023-10-07T04:53:04.132+0530] {processor.py:829} INFO - Processing file /home/raj/Downloads/kafka_2.13-3.5.1/airflow-env/lib64/python3.11/site-packages/airflow/example_dags/example_branch_python_dop_operator_3.py for tasks to queue
[2023-10-07T04:53:04.133+0530] {logging_mixin.py:151} INFO - [2023-10-07T04:53:04.133+0530] {dagbag.py:539} INFO - Filling up the DagBag from /home/raj/Downloads/kafka_2.13-3.5.1/airflow-env/lib64/python3.11/site-packages/airflow/example_dags/example_branch_python_dop_operator_3.py
[2023-10-07T04:53:04.151+0530] {processor.py:839} INFO - DAG(s) dict_keys(['example_branch_dop_operator_v3']) retrieved from /home/raj/Downloads/kafka_2.13-3.5.1/airflow-env/lib64/python3.11/site-packages/airflow/example_dags/example_branch_python_dop_operator_3.py
[2023-10-07T04:53:04.183+0530] {logging_mixin.py:151} INFO - [2023-10-07T04:53:04.182+0530] {dag.py:2915} INFO - Sync 1 DAGs
[2023-10-07T04:53:04.203+0530] {logging_mixin.py:151} INFO - [2023-10-07T04:53:04.202+0530] {dag.py:3696} INFO - Setting next_dagrun for example_branch_dop_operator_v3 to 2023-10-06T23:22:00+00:00, run_after=2023-10-06T23:23:00+00:00
[2023-10-07T04:53:04.219+0530] {processor.py:179} INFO - Processing /home/raj/Downloads/kafka_2.13-3.5.1/airflow-env/lib64/python3.11/site-packages/airflow/example_dags/example_branch_python_dop_operator_3.py took 0.103 seconds
[2023-10-07T04:53:47.843+0530] {processor.py:157} INFO - Started process (PID=11949) to work on /home/raj/Downloads/kafka_2.13-3.5.1/airflow-env/lib64/python3.11/site-packages/airflow/example_dags/example_branch_python_dop_operator_3.py
[2023-10-07T04:53:47.854+0530] {processor.py:829} INFO - Processing file /home/raj/Downloads/kafka_2.13-3.5.1/airflow-env/lib64/python3.11/site-packages/airflow/example_dags/example_branch_python_dop_operator_3.py for tasks to queue
[2023-10-07T04:53:47.854+0530] {logging_mixin.py:151} INFO - [2023-10-07T04:53:47.854+0530] {dagbag.py:539} INFO - Filling up the DagBag from /home/raj/Downloads/kafka_2.13-3.5.1/airflow-env/lib64/python3.11/site-packages/airflow/example_dags/example_branch_python_dop_operator_3.py
[2023-10-07T04:53:47.863+0530] {processor.py:839} INFO - DAG(s) dict_keys(['example_branch_dop_operator_v3']) retrieved from /home/raj/Downloads/kafka_2.13-3.5.1/airflow-env/lib64/python3.11/site-packages/airflow/example_dags/example_branch_python_dop_operator_3.py
[2023-10-07T04:53:47.880+0530] {logging_mixin.py:151} INFO - [2023-10-07T04:53:47.879+0530] {dag.py:2915} INFO - Sync 1 DAGs
[2023-10-07T04:53:47.904+0530] {logging_mixin.py:151} INFO - [2023-10-07T04:53:47.904+0530] {dag.py:3696} INFO - Setting next_dagrun for example_branch_dop_operator_v3 to 2023-10-06T23:22:00+00:00, run_after=2023-10-06T23:23:00+00:00
[2023-10-07T04:53:47.926+0530] {processor.py:179} INFO - Processing /home/raj/Downloads/kafka_2.13-3.5.1/airflow-env/lib64/python3.11/site-packages/airflow/example_dags/example_branch_python_dop_operator_3.py took 0.085 seconds
[2023-10-07T04:54:38.618+0530] {processor.py:157} INFO - Started process (PID=12010) to work on /home/raj/Downloads/kafka_2.13-3.5.1/airflow-env/lib64/python3.11/site-packages/airflow/example_dags/example_branch_python_dop_operator_3.py
[2023-10-07T04:54:38.630+0530] {processor.py:829} INFO - Processing file /home/raj/Downloads/kafka_2.13-3.5.1/airflow-env/lib64/python3.11/site-packages/airflow/example_dags/example_branch_python_dop_operator_3.py for tasks to queue
[2023-10-07T04:54:38.631+0530] {logging_mixin.py:151} INFO - [2023-10-07T04:54:38.630+0530] {dagbag.py:539} INFO - Filling up the DagBag from /home/raj/Downloads/kafka_2.13-3.5.1/airflow-env/lib64/python3.11/site-packages/airflow/example_dags/example_branch_python_dop_operator_3.py
[2023-10-07T04:54:38.650+0530] {processor.py:839} INFO - DAG(s) dict_keys(['example_branch_dop_operator_v3']) retrieved from /home/raj/Downloads/kafka_2.13-3.5.1/airflow-env/lib64/python3.11/site-packages/airflow/example_dags/example_branch_python_dop_operator_3.py
[2023-10-07T04:54:38.678+0530] {logging_mixin.py:151} INFO - [2023-10-07T04:54:38.678+0530] {dag.py:2915} INFO - Sync 1 DAGs
[2023-10-07T04:54:38.703+0530] {logging_mixin.py:151} INFO - [2023-10-07T04:54:38.702+0530] {dag.py:3696} INFO - Setting next_dagrun for example_branch_dop_operator_v3 to 2023-10-06T23:23:00+00:00, run_after=2023-10-06T23:24:00+00:00
[2023-10-07T04:54:38.722+0530] {processor.py:179} INFO - Processing /home/raj/Downloads/kafka_2.13-3.5.1/airflow-env/lib64/python3.11/site-packages/airflow/example_dags/example_branch_python_dop_operator_3.py took 0.109 seconds
[2023-10-07T04:56:11.602+0530] {processor.py:157} INFO - Started process (PID=12247) to work on /home/raj/Downloads/kafka_2.13-3.5.1/airflow-env/lib64/python3.11/site-packages/airflow/example_dags/example_branch_python_dop_operator_3.py
[2023-10-07T04:56:11.613+0530] {processor.py:829} INFO - Processing file /home/raj/Downloads/kafka_2.13-3.5.1/airflow-env/lib64/python3.11/site-packages/airflow/example_dags/example_branch_python_dop_operator_3.py for tasks to queue
[2023-10-07T04:56:11.614+0530] {logging_mixin.py:151} INFO - [2023-10-07T04:56:11.614+0530] {dagbag.py:539} INFO - Filling up the DagBag from /home/raj/Downloads/kafka_2.13-3.5.1/airflow-env/lib64/python3.11/site-packages/airflow/example_dags/example_branch_python_dop_operator_3.py
[2023-10-07T04:56:11.633+0530] {processor.py:839} INFO - DAG(s) dict_keys(['example_branch_dop_operator_v3']) retrieved from /home/raj/Downloads/kafka_2.13-3.5.1/airflow-env/lib64/python3.11/site-packages/airflow/example_dags/example_branch_python_dop_operator_3.py
[2023-10-07T04:56:11.662+0530] {logging_mixin.py:151} INFO - [2023-10-07T04:56:11.661+0530] {dag.py:2915} INFO - Sync 1 DAGs
[2023-10-07T04:56:11.684+0530] {logging_mixin.py:151} INFO - [2023-10-07T04:56:11.684+0530] {dag.py:3696} INFO - Setting next_dagrun for example_branch_dop_operator_v3 to 2023-10-06T23:25:00+00:00, run_after=2023-10-06T23:26:00+00:00
[2023-10-07T04:56:11.704+0530] {processor.py:179} INFO - Processing /home/raj/Downloads/kafka_2.13-3.5.1/airflow-env/lib64/python3.11/site-packages/airflow/example_dags/example_branch_python_dop_operator_3.py took 0.107 seconds
[2023-10-07T04:57:01.575+0530] {processor.py:157} INFO - Started process (PID=12356) to work on /home/raj/Downloads/kafka_2.13-3.5.1/airflow-env/lib64/python3.11/site-packages/airflow/example_dags/example_branch_python_dop_operator_3.py
[2023-10-07T04:57:01.586+0530] {processor.py:829} INFO - Processing file /home/raj/Downloads/kafka_2.13-3.5.1/airflow-env/lib64/python3.11/site-packages/airflow/example_dags/example_branch_python_dop_operator_3.py for tasks to queue
[2023-10-07T04:57:01.587+0530] {logging_mixin.py:151} INFO - [2023-10-07T04:57:01.587+0530] {dagbag.py:539} INFO - Filling up the DagBag from /home/raj/Downloads/kafka_2.13-3.5.1/airflow-env/lib64/python3.11/site-packages/airflow/example_dags/example_branch_python_dop_operator_3.py
[2023-10-07T04:57:01.595+0530] {processor.py:839} INFO - DAG(s) dict_keys(['example_branch_dop_operator_v3']) retrieved from /home/raj/Downloads/kafka_2.13-3.5.1/airflow-env/lib64/python3.11/site-packages/airflow/example_dags/example_branch_python_dop_operator_3.py
[2023-10-07T04:57:01.610+0530] {logging_mixin.py:151} INFO - [2023-10-07T04:57:01.610+0530] {dag.py:2915} INFO - Sync 1 DAGs
[2023-10-07T04:57:01.638+0530] {logging_mixin.py:151} INFO - [2023-10-07T04:57:01.638+0530] {dag.py:3696} INFO - Setting next_dagrun for example_branch_dop_operator_v3 to 2023-10-06T23:26:00+00:00, run_after=2023-10-06T23:27:00+00:00
[2023-10-07T04:57:01.660+0530] {processor.py:179} INFO - Processing /home/raj/Downloads/kafka_2.13-3.5.1/airflow-env/lib64/python3.11/site-packages/airflow/example_dags/example_branch_python_dop_operator_3.py took 0.087 seconds
[2023-10-07T04:57:50.296+0530] {processor.py:157} INFO - Started process (PID=12475) to work on /home/raj/Downloads/kafka_2.13-3.5.1/airflow-env/lib64/python3.11/site-packages/airflow/example_dags/example_branch_python_dop_operator_3.py
[2023-10-07T04:57:50.298+0530] {processor.py:829} INFO - Processing file /home/raj/Downloads/kafka_2.13-3.5.1/airflow-env/lib64/python3.11/site-packages/airflow/example_dags/example_branch_python_dop_operator_3.py for tasks to queue
[2023-10-07T04:57:50.299+0530] {logging_mixin.py:151} INFO - [2023-10-07T04:57:50.299+0530] {dagbag.py:539} INFO - Filling up the DagBag from /home/raj/Downloads/kafka_2.13-3.5.1/airflow-env/lib64/python3.11/site-packages/airflow/example_dags/example_branch_python_dop_operator_3.py
[2023-10-07T04:57:50.316+0530] {processor.py:839} INFO - DAG(s) dict_keys(['example_branch_dop_operator_v3']) retrieved from /home/raj/Downloads/kafka_2.13-3.5.1/airflow-env/lib64/python3.11/site-packages/airflow/example_dags/example_branch_python_dop_operator_3.py
[2023-10-07T04:57:50.339+0530] {logging_mixin.py:151} INFO - [2023-10-07T04:57:50.339+0530] {dag.py:2915} INFO - Sync 1 DAGs
[2023-10-07T04:57:50.358+0530] {logging_mixin.py:151} INFO - [2023-10-07T04:57:50.357+0530] {dag.py:3696} INFO - Setting next_dagrun for example_branch_dop_operator_v3 to 2023-10-06T23:26:00+00:00, run_after=2023-10-06T23:27:00+00:00
[2023-10-07T04:57:50.375+0530] {processor.py:179} INFO - Processing /home/raj/Downloads/kafka_2.13-3.5.1/airflow-env/lib64/python3.11/site-packages/airflow/example_dags/example_branch_python_dop_operator_3.py took 0.084 seconds
[2023-10-07T04:58:43.306+0530] {processor.py:157} INFO - Started process (PID=12615) to work on /home/raj/Downloads/kafka_2.13-3.5.1/airflow-env/lib64/python3.11/site-packages/airflow/example_dags/example_branch_python_dop_operator_3.py
[2023-10-07T04:58:43.316+0530] {processor.py:829} INFO - Processing file /home/raj/Downloads/kafka_2.13-3.5.1/airflow-env/lib64/python3.11/site-packages/airflow/example_dags/example_branch_python_dop_operator_3.py for tasks to queue
[2023-10-07T04:58:43.317+0530] {logging_mixin.py:151} INFO - [2023-10-07T04:58:43.317+0530] {dagbag.py:539} INFO - Filling up the DagBag from /home/raj/Downloads/kafka_2.13-3.5.1/airflow-env/lib64/python3.11/site-packages/airflow/example_dags/example_branch_python_dop_operator_3.py
[2023-10-07T04:58:43.326+0530] {processor.py:839} INFO - DAG(s) dict_keys(['example_branch_dop_operator_v3']) retrieved from /home/raj/Downloads/kafka_2.13-3.5.1/airflow-env/lib64/python3.11/site-packages/airflow/example_dags/example_branch_python_dop_operator_3.py
[2023-10-07T04:58:43.341+0530] {logging_mixin.py:151} INFO - [2023-10-07T04:58:43.340+0530] {dag.py:2915} INFO - Sync 1 DAGs
[2023-10-07T04:58:43.365+0530] {logging_mixin.py:151} INFO - [2023-10-07T04:58:43.365+0530] {dag.py:3696} INFO - Setting next_dagrun for example_branch_dop_operator_v3 to 2023-10-06T23:27:00+00:00, run_after=2023-10-06T23:28:00+00:00
[2023-10-07T04:58:43.386+0530] {processor.py:179} INFO - Processing /home/raj/Downloads/kafka_2.13-3.5.1/airflow-env/lib64/python3.11/site-packages/airflow/example_dags/example_branch_python_dop_operator_3.py took 0.083 seconds
