[2023-10-07T03:59:44.955+0530] {processor.py:157} INFO - Started process (PID=17998) to work on /home/raj/Downloads/kafka_2.13-3.5.1/airflow-env/lib64/python3.11/site-packages/airflow/example_dags/example_setup_teardown.py
[2023-10-07T03:59:44.956+0530] {processor.py:829} INFO - Processing file /home/raj/Downloads/kafka_2.13-3.5.1/airflow-env/lib64/python3.11/site-packages/airflow/example_dags/example_setup_teardown.py for tasks to queue
[2023-10-07T03:59:44.957+0530] {logging_mixin.py:151} INFO - [2023-10-07T03:59:44.956+0530] {dagbag.py:539} INFO - Filling up the DagBag from /home/raj/Downloads/kafka_2.13-3.5.1/airflow-env/lib64/python3.11/site-packages/airflow/example_dags/example_setup_teardown.py
[2023-10-07T03:59:44.966+0530] {processor.py:839} INFO - DAG(s) dict_keys(['example_setup_teardown']) retrieved from /home/raj/Downloads/kafka_2.13-3.5.1/airflow-env/lib64/python3.11/site-packages/airflow/example_dags/example_setup_teardown.py
[2023-10-07T03:59:45.118+0530] {logging_mixin.py:151} INFO - [2023-10-07T03:59:45.118+0530] {manager.py:499} INFO - Created Permission View: %s
[2023-10-07T03:59:45.137+0530] {logging_mixin.py:151} INFO - [2023-10-07T03:59:45.137+0530] {manager.py:499} INFO - Created Permission View: %s
[2023-10-07T03:59:45.152+0530] {logging_mixin.py:151} INFO - [2023-10-07T03:59:45.152+0530] {manager.py:499} INFO - Created Permission View: %s
[2023-10-07T03:59:45.152+0530] {logging_mixin.py:151} INFO - [2023-10-07T03:59:45.152+0530] {security.py:708} INFO - Not syncing DAG-level permissions for DAG 'DAG:example_setup_teardown' as access control is unset.
[2023-10-07T03:59:45.153+0530] {logging_mixin.py:151} INFO - [2023-10-07T03:59:45.152+0530] {dag.py:2915} INFO - Sync 1 DAGs
[2023-10-07T03:59:45.164+0530] {logging_mixin.py:151} INFO - [2023-10-07T03:59:45.164+0530] {dag.py:2937} INFO - Creating ORM DAG for example_setup_teardown
[2023-10-07T03:59:45.174+0530] {logging_mixin.py:151} INFO - [2023-10-07T03:59:45.174+0530] {dag.py:3696} INFO - Setting next_dagrun for example_setup_teardown to 2023-10-05T22:29:45.174352+00:00, run_after=2023-10-06T22:29:45.174352+00:00
[2023-10-07T03:59:45.195+0530] {processor.py:179} INFO - Processing /home/raj/Downloads/kafka_2.13-3.5.1/airflow-env/lib64/python3.11/site-packages/airflow/example_dags/example_setup_teardown.py took 0.244 seconds
[2023-10-07T04:00:36.416+0530] {processor.py:157} INFO - Started process (PID=18145) to work on /home/raj/Downloads/kafka_2.13-3.5.1/airflow-env/lib64/python3.11/site-packages/airflow/example_dags/example_setup_teardown.py
[2023-10-07T04:00:36.417+0530] {processor.py:829} INFO - Processing file /home/raj/Downloads/kafka_2.13-3.5.1/airflow-env/lib64/python3.11/site-packages/airflow/example_dags/example_setup_teardown.py for tasks to queue
[2023-10-07T04:00:36.418+0530] {logging_mixin.py:151} INFO - [2023-10-07T04:00:36.418+0530] {dagbag.py:539} INFO - Filling up the DagBag from /home/raj/Downloads/kafka_2.13-3.5.1/airflow-env/lib64/python3.11/site-packages/airflow/example_dags/example_setup_teardown.py
[2023-10-07T04:00:36.428+0530] {processor.py:839} INFO - DAG(s) dict_keys(['example_setup_teardown']) retrieved from /home/raj/Downloads/kafka_2.13-3.5.1/airflow-env/lib64/python3.11/site-packages/airflow/example_dags/example_setup_teardown.py
[2023-10-07T04:00:36.446+0530] {logging_mixin.py:151} INFO - [2023-10-07T04:00:36.445+0530] {dag.py:2915} INFO - Sync 1 DAGs
[2023-10-07T04:00:36.469+0530] {logging_mixin.py:151} INFO - [2023-10-07T04:00:36.469+0530] {dag.py:3696} INFO - Setting next_dagrun for example_setup_teardown to 2023-10-05T22:30:36.468690+00:00, run_after=2023-10-06T22:30:36.468690+00:00
[2023-10-07T04:00:36.505+0530] {processor.py:179} INFO - Processing /home/raj/Downloads/kafka_2.13-3.5.1/airflow-env/lib64/python3.11/site-packages/airflow/example_dags/example_setup_teardown.py took 0.093 seconds
[2023-10-07T04:01:23.014+0530] {processor.py:157} INFO - Started process (PID=18286) to work on /home/raj/Downloads/kafka_2.13-3.5.1/airflow-env/lib64/python3.11/site-packages/airflow/example_dags/example_setup_teardown.py
[2023-10-07T04:01:23.015+0530] {processor.py:829} INFO - Processing file /home/raj/Downloads/kafka_2.13-3.5.1/airflow-env/lib64/python3.11/site-packages/airflow/example_dags/example_setup_teardown.py for tasks to queue
[2023-10-07T04:01:23.016+0530] {logging_mixin.py:151} INFO - [2023-10-07T04:01:23.016+0530] {dagbag.py:539} INFO - Filling up the DagBag from /home/raj/Downloads/kafka_2.13-3.5.1/airflow-env/lib64/python3.11/site-packages/airflow/example_dags/example_setup_teardown.py
[2023-10-07T04:01:23.027+0530] {processor.py:839} INFO - DAG(s) dict_keys(['example_setup_teardown']) retrieved from /home/raj/Downloads/kafka_2.13-3.5.1/airflow-env/lib64/python3.11/site-packages/airflow/example_dags/example_setup_teardown.py
[2023-10-07T04:01:23.048+0530] {logging_mixin.py:151} INFO - [2023-10-07T04:01:23.048+0530] {dag.py:2915} INFO - Sync 1 DAGs
[2023-10-07T04:01:23.072+0530] {logging_mixin.py:151} INFO - [2023-10-07T04:01:23.072+0530] {dag.py:3696} INFO - Setting next_dagrun for example_setup_teardown to 2023-10-05T22:31:23.072263+00:00, run_after=2023-10-06T22:31:23.072263+00:00
[2023-10-07T04:01:23.105+0530] {processor.py:179} INFO - Processing /home/raj/Downloads/kafka_2.13-3.5.1/airflow-env/lib64/python3.11/site-packages/airflow/example_dags/example_setup_teardown.py took 0.094 seconds
[2023-10-07T04:02:13.450+0530] {processor.py:157} INFO - Started process (PID=18393) to work on /home/raj/Downloads/kafka_2.13-3.5.1/airflow-env/lib64/python3.11/site-packages/airflow/example_dags/example_setup_teardown.py
[2023-10-07T04:02:13.461+0530] {processor.py:829} INFO - Processing file /home/raj/Downloads/kafka_2.13-3.5.1/airflow-env/lib64/python3.11/site-packages/airflow/example_dags/example_setup_teardown.py for tasks to queue
[2023-10-07T04:02:13.462+0530] {logging_mixin.py:151} INFO - [2023-10-07T04:02:13.462+0530] {dagbag.py:539} INFO - Filling up the DagBag from /home/raj/Downloads/kafka_2.13-3.5.1/airflow-env/lib64/python3.11/site-packages/airflow/example_dags/example_setup_teardown.py
[2023-10-07T04:02:13.470+0530] {processor.py:839} INFO - DAG(s) dict_keys(['example_setup_teardown']) retrieved from /home/raj/Downloads/kafka_2.13-3.5.1/airflow-env/lib64/python3.11/site-packages/airflow/example_dags/example_setup_teardown.py
[2023-10-07T04:02:13.485+0530] {logging_mixin.py:151} INFO - [2023-10-07T04:02:13.485+0530] {dag.py:2915} INFO - Sync 1 DAGs
[2023-10-07T04:02:13.509+0530] {logging_mixin.py:151} INFO - [2023-10-07T04:02:13.509+0530] {dag.py:3696} INFO - Setting next_dagrun for example_setup_teardown to 2023-10-05T22:32:13.509287+00:00, run_after=2023-10-06T22:32:13.509287+00:00
[2023-10-07T04:02:13.531+0530] {processor.py:179} INFO - Processing /home/raj/Downloads/kafka_2.13-3.5.1/airflow-env/lib64/python3.11/site-packages/airflow/example_dags/example_setup_teardown.py took 0.085 seconds
[2023-10-07T04:03:05.711+0530] {processor.py:157} INFO - Started process (PID=18583) to work on /home/raj/Downloads/kafka_2.13-3.5.1/airflow-env/lib64/python3.11/site-packages/airflow/example_dags/example_setup_teardown.py
[2023-10-07T04:03:05.712+0530] {processor.py:829} INFO - Processing file /home/raj/Downloads/kafka_2.13-3.5.1/airflow-env/lib64/python3.11/site-packages/airflow/example_dags/example_setup_teardown.py for tasks to queue
[2023-10-07T04:03:05.713+0530] {logging_mixin.py:151} INFO - [2023-10-07T04:03:05.713+0530] {dagbag.py:539} INFO - Filling up the DagBag from /home/raj/Downloads/kafka_2.13-3.5.1/airflow-env/lib64/python3.11/site-packages/airflow/example_dags/example_setup_teardown.py
[2023-10-07T04:03:05.725+0530] {processor.py:839} INFO - DAG(s) dict_keys(['example_setup_teardown']) retrieved from /home/raj/Downloads/kafka_2.13-3.5.1/airflow-env/lib64/python3.11/site-packages/airflow/example_dags/example_setup_teardown.py
[2023-10-07T04:03:05.745+0530] {logging_mixin.py:151} INFO - [2023-10-07T04:03:05.745+0530] {dag.py:2915} INFO - Sync 1 DAGs
[2023-10-07T04:03:05.773+0530] {logging_mixin.py:151} INFO - [2023-10-07T04:03:05.772+0530] {dag.py:3696} INFO - Setting next_dagrun for example_setup_teardown to 2023-10-05T22:33:05.772328+00:00, run_after=2023-10-06T22:33:05.772328+00:00
[2023-10-07T04:03:05.803+0530] {processor.py:179} INFO - Processing /home/raj/Downloads/kafka_2.13-3.5.1/airflow-env/lib64/python3.11/site-packages/airflow/example_dags/example_setup_teardown.py took 0.097 seconds
[2023-10-07T04:03:51.930+0530] {processor.py:157} INFO - Started process (PID=18687) to work on /home/raj/Downloads/kafka_2.13-3.5.1/airflow-env/lib64/python3.11/site-packages/airflow/example_dags/example_setup_teardown.py
[2023-10-07T04:03:51.942+0530] {processor.py:829} INFO - Processing file /home/raj/Downloads/kafka_2.13-3.5.1/airflow-env/lib64/python3.11/site-packages/airflow/example_dags/example_setup_teardown.py for tasks to queue
[2023-10-07T04:03:51.944+0530] {logging_mixin.py:151} INFO - [2023-10-07T04:03:51.943+0530] {dagbag.py:539} INFO - Filling up the DagBag from /home/raj/Downloads/kafka_2.13-3.5.1/airflow-env/lib64/python3.11/site-packages/airflow/example_dags/example_setup_teardown.py
[2023-10-07T04:03:51.962+0530] {processor.py:839} INFO - DAG(s) dict_keys(['example_setup_teardown']) retrieved from /home/raj/Downloads/kafka_2.13-3.5.1/airflow-env/lib64/python3.11/site-packages/airflow/example_dags/example_setup_teardown.py
[2023-10-07T04:03:51.987+0530] {logging_mixin.py:151} INFO - [2023-10-07T04:03:51.986+0530] {dag.py:2915} INFO - Sync 1 DAGs
[2023-10-07T04:03:52.013+0530] {logging_mixin.py:151} INFO - [2023-10-07T04:03:52.013+0530] {dag.py:3696} INFO - Setting next_dagrun for example_setup_teardown to 2023-10-05T22:33:52.013408+00:00, run_after=2023-10-06T22:33:52.013408+00:00
[2023-10-07T04:03:52.039+0530] {processor.py:179} INFO - Processing /home/raj/Downloads/kafka_2.13-3.5.1/airflow-env/lib64/python3.11/site-packages/airflow/example_dags/example_setup_teardown.py took 0.115 seconds
[2023-10-07T04:04:40.702+0530] {processor.py:157} INFO - Started process (PID=18762) to work on /home/raj/Downloads/kafka_2.13-3.5.1/airflow-env/lib64/python3.11/site-packages/airflow/example_dags/example_setup_teardown.py
[2023-10-07T04:04:40.713+0530] {processor.py:829} INFO - Processing file /home/raj/Downloads/kafka_2.13-3.5.1/airflow-env/lib64/python3.11/site-packages/airflow/example_dags/example_setup_teardown.py for tasks to queue
[2023-10-07T04:04:40.715+0530] {logging_mixin.py:151} INFO - [2023-10-07T04:04:40.714+0530] {dagbag.py:539} INFO - Filling up the DagBag from /home/raj/Downloads/kafka_2.13-3.5.1/airflow-env/lib64/python3.11/site-packages/airflow/example_dags/example_setup_teardown.py
[2023-10-07T04:04:40.730+0530] {processor.py:839} INFO - DAG(s) dict_keys(['example_setup_teardown']) retrieved from /home/raj/Downloads/kafka_2.13-3.5.1/airflow-env/lib64/python3.11/site-packages/airflow/example_dags/example_setup_teardown.py
[2023-10-07T04:04:40.760+0530] {logging_mixin.py:151} INFO - [2023-10-07T04:04:40.759+0530] {dag.py:2915} INFO - Sync 1 DAGs
[2023-10-07T04:04:40.777+0530] {logging_mixin.py:151} INFO - [2023-10-07T04:04:40.777+0530] {dag.py:3696} INFO - Setting next_dagrun for example_setup_teardown to 2023-10-05T22:34:40.776980+00:00, run_after=2023-10-06T22:34:40.776980+00:00
[2023-10-07T04:04:40.795+0530] {processor.py:179} INFO - Processing /home/raj/Downloads/kafka_2.13-3.5.1/airflow-env/lib64/python3.11/site-packages/airflow/example_dags/example_setup_teardown.py took 0.098 seconds
[2023-10-07T04:05:32.831+0530] {processor.py:157} INFO - Started process (PID=18978) to work on /home/raj/Downloads/kafka_2.13-3.5.1/airflow-env/lib64/python3.11/site-packages/airflow/example_dags/example_setup_teardown.py
[2023-10-07T04:05:32.842+0530] {processor.py:829} INFO - Processing file /home/raj/Downloads/kafka_2.13-3.5.1/airflow-env/lib64/python3.11/site-packages/airflow/example_dags/example_setup_teardown.py for tasks to queue
[2023-10-07T04:05:32.844+0530] {logging_mixin.py:151} INFO - [2023-10-07T04:05:32.843+0530] {dagbag.py:539} INFO - Filling up the DagBag from /home/raj/Downloads/kafka_2.13-3.5.1/airflow-env/lib64/python3.11/site-packages/airflow/example_dags/example_setup_teardown.py
[2023-10-07T04:05:32.861+0530] {processor.py:839} INFO - DAG(s) dict_keys(['example_setup_teardown']) retrieved from /home/raj/Downloads/kafka_2.13-3.5.1/airflow-env/lib64/python3.11/site-packages/airflow/example_dags/example_setup_teardown.py
[2023-10-07T04:05:32.891+0530] {logging_mixin.py:151} INFO - [2023-10-07T04:05:32.890+0530] {dag.py:2915} INFO - Sync 1 DAGs
[2023-10-07T04:05:32.906+0530] {logging_mixin.py:151} INFO - [2023-10-07T04:05:32.906+0530] {dag.py:3696} INFO - Setting next_dagrun for example_setup_teardown to 2023-10-05T22:35:32.905856+00:00, run_after=2023-10-06T22:35:32.905856+00:00
[2023-10-07T04:05:32.925+0530] {processor.py:179} INFO - Processing /home/raj/Downloads/kafka_2.13-3.5.1/airflow-env/lib64/python3.11/site-packages/airflow/example_dags/example_setup_teardown.py took 0.100 seconds
[2023-10-07T04:06:25.910+0530] {processor.py:157} INFO - Started process (PID=19092) to work on /home/raj/Downloads/kafka_2.13-3.5.1/airflow-env/lib64/python3.11/site-packages/airflow/example_dags/example_setup_teardown.py
[2023-10-07T04:06:25.921+0530] {processor.py:829} INFO - Processing file /home/raj/Downloads/kafka_2.13-3.5.1/airflow-env/lib64/python3.11/site-packages/airflow/example_dags/example_setup_teardown.py for tasks to queue
[2023-10-07T04:06:25.923+0530] {logging_mixin.py:151} INFO - [2023-10-07T04:06:25.922+0530] {dagbag.py:539} INFO - Filling up the DagBag from /home/raj/Downloads/kafka_2.13-3.5.1/airflow-env/lib64/python3.11/site-packages/airflow/example_dags/example_setup_teardown.py
[2023-10-07T04:06:25.939+0530] {processor.py:839} INFO - DAG(s) dict_keys(['example_setup_teardown']) retrieved from /home/raj/Downloads/kafka_2.13-3.5.1/airflow-env/lib64/python3.11/site-packages/airflow/example_dags/example_setup_teardown.py
[2023-10-07T04:06:25.953+0530] {logging_mixin.py:151} INFO - [2023-10-07T04:06:25.952+0530] {dag.py:2915} INFO - Sync 1 DAGs
[2023-10-07T04:06:25.968+0530] {logging_mixin.py:151} INFO - [2023-10-07T04:06:25.968+0530] {dag.py:3696} INFO - Setting next_dagrun for example_setup_teardown to 2023-10-05T22:36:25.968322+00:00, run_after=2023-10-06T22:36:25.968322+00:00
[2023-10-07T04:06:25.986+0530] {processor.py:179} INFO - Processing /home/raj/Downloads/kafka_2.13-3.5.1/airflow-env/lib64/python3.11/site-packages/airflow/example_dags/example_setup_teardown.py took 0.082 seconds
[2023-10-07T04:07:06.181+0530] {processor.py:157} INFO - Started process (PID=19179) to work on /home/raj/Downloads/kafka_2.13-3.5.1/airflow-env/lib64/python3.11/site-packages/airflow/example_dags/example_setup_teardown.py
[2023-10-07T04:07:06.192+0530] {processor.py:829} INFO - Processing file /home/raj/Downloads/kafka_2.13-3.5.1/airflow-env/lib64/python3.11/site-packages/airflow/example_dags/example_setup_teardown.py for tasks to queue
[2023-10-07T04:07:06.194+0530] {logging_mixin.py:151} INFO - [2023-10-07T04:07:06.193+0530] {dagbag.py:539} INFO - Filling up the DagBag from /home/raj/Downloads/kafka_2.13-3.5.1/airflow-env/lib64/python3.11/site-packages/airflow/example_dags/example_setup_teardown.py
[2023-10-07T04:07:06.209+0530] {processor.py:839} INFO - DAG(s) dict_keys(['example_setup_teardown']) retrieved from /home/raj/Downloads/kafka_2.13-3.5.1/airflow-env/lib64/python3.11/site-packages/airflow/example_dags/example_setup_teardown.py
[2023-10-07T04:07:06.240+0530] {logging_mixin.py:151} INFO - [2023-10-07T04:07:06.240+0530] {dag.py:2915} INFO - Sync 1 DAGs
[2023-10-07T04:07:06.255+0530] {logging_mixin.py:151} INFO - [2023-10-07T04:07:06.255+0530] {dag.py:3696} INFO - Setting next_dagrun for example_setup_teardown to 2023-10-05T22:37:06.255215+00:00, run_after=2023-10-06T22:37:06.255215+00:00
[2023-10-07T04:07:06.276+0530] {processor.py:179} INFO - Processing /home/raj/Downloads/kafka_2.13-3.5.1/airflow-env/lib64/python3.11/site-packages/airflow/example_dags/example_setup_teardown.py took 0.100 seconds
[2023-10-07T04:08:01.806+0530] {processor.py:157} INFO - Started process (PID=19234) to work on /home/raj/Downloads/kafka_2.13-3.5.1/airflow-env/lib64/python3.11/site-packages/airflow/example_dags/example_setup_teardown.py
[2023-10-07T04:08:01.816+0530] {processor.py:829} INFO - Processing file /home/raj/Downloads/kafka_2.13-3.5.1/airflow-env/lib64/python3.11/site-packages/airflow/example_dags/example_setup_teardown.py for tasks to queue
[2023-10-07T04:08:01.817+0530] {logging_mixin.py:151} INFO - [2023-10-07T04:08:01.817+0530] {dagbag.py:539} INFO - Filling up the DagBag from /home/raj/Downloads/kafka_2.13-3.5.1/airflow-env/lib64/python3.11/site-packages/airflow/example_dags/example_setup_teardown.py
[2023-10-07T04:08:01.825+0530] {processor.py:839} INFO - DAG(s) dict_keys(['example_setup_teardown']) retrieved from /home/raj/Downloads/kafka_2.13-3.5.1/airflow-env/lib64/python3.11/site-packages/airflow/example_dags/example_setup_teardown.py
[2023-10-07T04:08:01.840+0530] {logging_mixin.py:151} INFO - [2023-10-07T04:08:01.839+0530] {dag.py:2915} INFO - Sync 1 DAGs
[2023-10-07T04:08:01.859+0530] {logging_mixin.py:151} INFO - [2023-10-07T04:08:01.859+0530] {dag.py:3696} INFO - Setting next_dagrun for example_setup_teardown to 2023-10-05T22:38:01.859280+00:00, run_after=2023-10-06T22:38:01.859280+00:00
[2023-10-07T04:08:01.881+0530] {processor.py:179} INFO - Processing /home/raj/Downloads/kafka_2.13-3.5.1/airflow-env/lib64/python3.11/site-packages/airflow/example_dags/example_setup_teardown.py took 0.078 seconds
[2023-10-07T04:08:55.382+0530] {processor.py:157} INFO - Started process (PID=19290) to work on /home/raj/Downloads/kafka_2.13-3.5.1/airflow-env/lib64/python3.11/site-packages/airflow/example_dags/example_setup_teardown.py
[2023-10-07T04:08:55.393+0530] {processor.py:829} INFO - Processing file /home/raj/Downloads/kafka_2.13-3.5.1/airflow-env/lib64/python3.11/site-packages/airflow/example_dags/example_setup_teardown.py for tasks to queue
[2023-10-07T04:08:55.395+0530] {logging_mixin.py:151} INFO - [2023-10-07T04:08:55.394+0530] {dagbag.py:539} INFO - Filling up the DagBag from /home/raj/Downloads/kafka_2.13-3.5.1/airflow-env/lib64/python3.11/site-packages/airflow/example_dags/example_setup_teardown.py
[2023-10-07T04:08:55.410+0530] {processor.py:839} INFO - DAG(s) dict_keys(['example_setup_teardown']) retrieved from /home/raj/Downloads/kafka_2.13-3.5.1/airflow-env/lib64/python3.11/site-packages/airflow/example_dags/example_setup_teardown.py
[2023-10-07T04:08:55.441+0530] {logging_mixin.py:151} INFO - [2023-10-07T04:08:55.441+0530] {dag.py:2915} INFO - Sync 1 DAGs
[2023-10-07T04:08:55.458+0530] {logging_mixin.py:151} INFO - [2023-10-07T04:08:55.458+0530] {dag.py:3696} INFO - Setting next_dagrun for example_setup_teardown to 2023-10-05T22:38:55.458210+00:00, run_after=2023-10-06T22:38:55.458210+00:00
[2023-10-07T04:08:55.478+0530] {processor.py:179} INFO - Processing /home/raj/Downloads/kafka_2.13-3.5.1/airflow-env/lib64/python3.11/site-packages/airflow/example_dags/example_setup_teardown.py took 0.102 seconds
[2023-10-07T04:09:47.292+0530] {processor.py:157} INFO - Started process (PID=19345) to work on /home/raj/Downloads/kafka_2.13-3.5.1/airflow-env/lib64/python3.11/site-packages/airflow/example_dags/example_setup_teardown.py
[2023-10-07T04:09:47.303+0530] {processor.py:829} INFO - Processing file /home/raj/Downloads/kafka_2.13-3.5.1/airflow-env/lib64/python3.11/site-packages/airflow/example_dags/example_setup_teardown.py for tasks to queue
[2023-10-07T04:09:47.305+0530] {logging_mixin.py:151} INFO - [2023-10-07T04:09:47.304+0530] {dagbag.py:539} INFO - Filling up the DagBag from /home/raj/Downloads/kafka_2.13-3.5.1/airflow-env/lib64/python3.11/site-packages/airflow/example_dags/example_setup_teardown.py
[2023-10-07T04:09:47.320+0530] {processor.py:839} INFO - DAG(s) dict_keys(['example_setup_teardown']) retrieved from /home/raj/Downloads/kafka_2.13-3.5.1/airflow-env/lib64/python3.11/site-packages/airflow/example_dags/example_setup_teardown.py
[2023-10-07T04:09:47.345+0530] {logging_mixin.py:151} INFO - [2023-10-07T04:09:47.345+0530] {dag.py:2915} INFO - Sync 1 DAGs
[2023-10-07T04:09:47.360+0530] {logging_mixin.py:151} INFO - [2023-10-07T04:09:47.360+0530] {dag.py:3696} INFO - Setting next_dagrun for example_setup_teardown to 2023-10-05T22:39:47.360267+00:00, run_after=2023-10-06T22:39:47.360267+00:00
[2023-10-07T04:09:47.380+0530] {processor.py:179} INFO - Processing /home/raj/Downloads/kafka_2.13-3.5.1/airflow-env/lib64/python3.11/site-packages/airflow/example_dags/example_setup_teardown.py took 0.093 seconds
[2023-10-07T04:10:35.886+0530] {processor.py:157} INFO - Started process (PID=19407) to work on /home/raj/Downloads/kafka_2.13-3.5.1/airflow-env/lib64/python3.11/site-packages/airflow/example_dags/example_setup_teardown.py
[2023-10-07T04:10:35.897+0530] {processor.py:829} INFO - Processing file /home/raj/Downloads/kafka_2.13-3.5.1/airflow-env/lib64/python3.11/site-packages/airflow/example_dags/example_setup_teardown.py for tasks to queue
[2023-10-07T04:10:35.899+0530] {logging_mixin.py:151} INFO - [2023-10-07T04:10:35.898+0530] {dagbag.py:539} INFO - Filling up the DagBag from /home/raj/Downloads/kafka_2.13-3.5.1/airflow-env/lib64/python3.11/site-packages/airflow/example_dags/example_setup_teardown.py
[2023-10-07T04:10:35.914+0530] {processor.py:839} INFO - DAG(s) dict_keys(['example_setup_teardown']) retrieved from /home/raj/Downloads/kafka_2.13-3.5.1/airflow-env/lib64/python3.11/site-packages/airflow/example_dags/example_setup_teardown.py
[2023-10-07T04:10:35.927+0530] {logging_mixin.py:151} INFO - [2023-10-07T04:10:35.927+0530] {dag.py:2915} INFO - Sync 1 DAGs
[2023-10-07T04:10:35.943+0530] {logging_mixin.py:151} INFO - [2023-10-07T04:10:35.942+0530] {dag.py:3696} INFO - Setting next_dagrun for example_setup_teardown to 2023-10-05T22:40:35.942562+00:00, run_after=2023-10-06T22:40:35.942562+00:00
[2023-10-07T04:10:35.963+0530] {processor.py:179} INFO - Processing /home/raj/Downloads/kafka_2.13-3.5.1/airflow-env/lib64/python3.11/site-packages/airflow/example_dags/example_setup_teardown.py took 0.083 seconds
[2023-10-07T04:11:28.747+0530] {processor.py:157} INFO - Started process (PID=19471) to work on /home/raj/Downloads/kafka_2.13-3.5.1/airflow-env/lib64/python3.11/site-packages/airflow/example_dags/example_setup_teardown.py
[2023-10-07T04:11:28.758+0530] {processor.py:829} INFO - Processing file /home/raj/Downloads/kafka_2.13-3.5.1/airflow-env/lib64/python3.11/site-packages/airflow/example_dags/example_setup_teardown.py for tasks to queue
[2023-10-07T04:11:28.760+0530] {logging_mixin.py:151} INFO - [2023-10-07T04:11:28.759+0530] {dagbag.py:539} INFO - Filling up the DagBag from /home/raj/Downloads/kafka_2.13-3.5.1/airflow-env/lib64/python3.11/site-packages/airflow/example_dags/example_setup_teardown.py
[2023-10-07T04:11:28.776+0530] {processor.py:839} INFO - DAG(s) dict_keys(['example_setup_teardown']) retrieved from /home/raj/Downloads/kafka_2.13-3.5.1/airflow-env/lib64/python3.11/site-packages/airflow/example_dags/example_setup_teardown.py
[2023-10-07T04:11:28.805+0530] {logging_mixin.py:151} INFO - [2023-10-07T04:11:28.805+0530] {dag.py:2915} INFO - Sync 1 DAGs
[2023-10-07T04:11:28.824+0530] {logging_mixin.py:151} INFO - [2023-10-07T04:11:28.823+0530] {dag.py:3696} INFO - Setting next_dagrun for example_setup_teardown to 2023-10-05T22:41:28.823754+00:00, run_after=2023-10-06T22:41:28.823754+00:00
[2023-10-07T04:11:28.847+0530] {processor.py:179} INFO - Processing /home/raj/Downloads/kafka_2.13-3.5.1/airflow-env/lib64/python3.11/site-packages/airflow/example_dags/example_setup_teardown.py took 0.105 seconds
[2023-10-07T04:12:22.045+0530] {processor.py:157} INFO - Started process (PID=19547) to work on /home/raj/Downloads/kafka_2.13-3.5.1/airflow-env/lib64/python3.11/site-packages/airflow/example_dags/example_setup_teardown.py
[2023-10-07T04:12:22.056+0530] {processor.py:829} INFO - Processing file /home/raj/Downloads/kafka_2.13-3.5.1/airflow-env/lib64/python3.11/site-packages/airflow/example_dags/example_setup_teardown.py for tasks to queue
[2023-10-07T04:12:22.058+0530] {logging_mixin.py:151} INFO - [2023-10-07T04:12:22.057+0530] {dagbag.py:539} INFO - Filling up the DagBag from /home/raj/Downloads/kafka_2.13-3.5.1/airflow-env/lib64/python3.11/site-packages/airflow/example_dags/example_setup_teardown.py
[2023-10-07T04:12:22.074+0530] {processor.py:839} INFO - DAG(s) dict_keys(['example_setup_teardown']) retrieved from /home/raj/Downloads/kafka_2.13-3.5.1/airflow-env/lib64/python3.11/site-packages/airflow/example_dags/example_setup_teardown.py
[2023-10-07T04:12:22.103+0530] {logging_mixin.py:151} INFO - [2023-10-07T04:12:22.103+0530] {dag.py:2915} INFO - Sync 1 DAGs
[2023-10-07T04:12:22.119+0530] {logging_mixin.py:151} INFO - [2023-10-07T04:12:22.118+0530] {dag.py:3696} INFO - Setting next_dagrun for example_setup_teardown to 2023-10-05T22:42:22.118702+00:00, run_after=2023-10-06T22:42:22.118702+00:00
[2023-10-07T04:12:22.137+0530] {processor.py:179} INFO - Processing /home/raj/Downloads/kafka_2.13-3.5.1/airflow-env/lib64/python3.11/site-packages/airflow/example_dags/example_setup_teardown.py took 0.098 seconds
[2023-10-07T04:13:00.411+0530] {processor.py:157} INFO - Started process (PID=19584) to work on /home/raj/Downloads/kafka_2.13-3.5.1/airflow-env/lib64/python3.11/site-packages/airflow/example_dags/example_setup_teardown.py
[2023-10-07T04:13:00.422+0530] {processor.py:829} INFO - Processing file /home/raj/Downloads/kafka_2.13-3.5.1/airflow-env/lib64/python3.11/site-packages/airflow/example_dags/example_setup_teardown.py for tasks to queue
[2023-10-07T04:13:00.424+0530] {logging_mixin.py:151} INFO - [2023-10-07T04:13:00.423+0530] {dagbag.py:539} INFO - Filling up the DagBag from /home/raj/Downloads/kafka_2.13-3.5.1/airflow-env/lib64/python3.11/site-packages/airflow/example_dags/example_setup_teardown.py
[2023-10-07T04:13:00.439+0530] {processor.py:839} INFO - DAG(s) dict_keys(['example_setup_teardown']) retrieved from /home/raj/Downloads/kafka_2.13-3.5.1/airflow-env/lib64/python3.11/site-packages/airflow/example_dags/example_setup_teardown.py
[2023-10-07T04:13:00.469+0530] {logging_mixin.py:151} INFO - [2023-10-07T04:13:00.468+0530] {dag.py:2915} INFO - Sync 1 DAGs
[2023-10-07T04:13:00.484+0530] {logging_mixin.py:151} INFO - [2023-10-07T04:13:00.484+0530] {dag.py:3696} INFO - Setting next_dagrun for example_setup_teardown to 2023-10-05T22:43:00.483967+00:00, run_after=2023-10-06T22:43:00.483967+00:00
[2023-10-07T04:13:00.505+0530] {processor.py:179} INFO - Processing /home/raj/Downloads/kafka_2.13-3.5.1/airflow-env/lib64/python3.11/site-packages/airflow/example_dags/example_setup_teardown.py took 0.100 seconds
[2023-10-07T04:13:52.062+0530] {processor.py:157} INFO - Started process (PID=19637) to work on /home/raj/Downloads/kafka_2.13-3.5.1/airflow-env/lib64/python3.11/site-packages/airflow/example_dags/example_setup_teardown.py
[2023-10-07T04:13:52.073+0530] {processor.py:829} INFO - Processing file /home/raj/Downloads/kafka_2.13-3.5.1/airflow-env/lib64/python3.11/site-packages/airflow/example_dags/example_setup_teardown.py for tasks to queue
[2023-10-07T04:13:52.075+0530] {logging_mixin.py:151} INFO - [2023-10-07T04:13:52.074+0530] {dagbag.py:539} INFO - Filling up the DagBag from /home/raj/Downloads/kafka_2.13-3.5.1/airflow-env/lib64/python3.11/site-packages/airflow/example_dags/example_setup_teardown.py
[2023-10-07T04:13:52.083+0530] {processor.py:839} INFO - DAG(s) dict_keys(['example_setup_teardown']) retrieved from /home/raj/Downloads/kafka_2.13-3.5.1/airflow-env/lib64/python3.11/site-packages/airflow/example_dags/example_setup_teardown.py
[2023-10-07T04:13:52.095+0530] {logging_mixin.py:151} INFO - [2023-10-07T04:13:52.095+0530] {dag.py:2915} INFO - Sync 1 DAGs
[2023-10-07T04:13:52.110+0530] {logging_mixin.py:151} INFO - [2023-10-07T04:13:52.110+0530] {dag.py:3696} INFO - Setting next_dagrun for example_setup_teardown to 2023-10-05T22:43:52.110575+00:00, run_after=2023-10-06T22:43:52.110575+00:00
[2023-10-07T04:13:52.130+0530] {processor.py:179} INFO - Processing /home/raj/Downloads/kafka_2.13-3.5.1/airflow-env/lib64/python3.11/site-packages/airflow/example_dags/example_setup_teardown.py took 0.073 seconds
[2023-10-07T04:14:42.644+0530] {processor.py:157} INFO - Started process (PID=19689) to work on /home/raj/Downloads/kafka_2.13-3.5.1/airflow-env/lib64/python3.11/site-packages/airflow/example_dags/example_setup_teardown.py
[2023-10-07T04:14:42.655+0530] {processor.py:829} INFO - Processing file /home/raj/Downloads/kafka_2.13-3.5.1/airflow-env/lib64/python3.11/site-packages/airflow/example_dags/example_setup_teardown.py for tasks to queue
[2023-10-07T04:14:42.657+0530] {logging_mixin.py:151} INFO - [2023-10-07T04:14:42.656+0530] {dagbag.py:539} INFO - Filling up the DagBag from /home/raj/Downloads/kafka_2.13-3.5.1/airflow-env/lib64/python3.11/site-packages/airflow/example_dags/example_setup_teardown.py
[2023-10-07T04:14:42.674+0530] {processor.py:839} INFO - DAG(s) dict_keys(['example_setup_teardown']) retrieved from /home/raj/Downloads/kafka_2.13-3.5.1/airflow-env/lib64/python3.11/site-packages/airflow/example_dags/example_setup_teardown.py
[2023-10-07T04:14:42.702+0530] {logging_mixin.py:151} INFO - [2023-10-07T04:14:42.702+0530] {dag.py:2915} INFO - Sync 1 DAGs
[2023-10-07T04:14:42.718+0530] {logging_mixin.py:151} INFO - [2023-10-07T04:14:42.718+0530] {dag.py:3696} INFO - Setting next_dagrun for example_setup_teardown to 2023-10-05T22:44:42.718165+00:00, run_after=2023-10-06T22:44:42.718165+00:00
[2023-10-07T04:14:42.735+0530] {processor.py:179} INFO - Processing /home/raj/Downloads/kafka_2.13-3.5.1/airflow-env/lib64/python3.11/site-packages/airflow/example_dags/example_setup_teardown.py took 0.097 seconds
[2023-10-07T04:15:32.670+0530] {processor.py:157} INFO - Started process (PID=19791) to work on /home/raj/Downloads/kafka_2.13-3.5.1/airflow-env/lib64/python3.11/site-packages/airflow/example_dags/example_setup_teardown.py
[2023-10-07T04:15:32.678+0530] {processor.py:829} INFO - Processing file /home/raj/Downloads/kafka_2.13-3.5.1/airflow-env/lib64/python3.11/site-packages/airflow/example_dags/example_setup_teardown.py for tasks to queue
[2023-10-07T04:15:32.679+0530] {logging_mixin.py:151} INFO - [2023-10-07T04:15:32.678+0530] {dagbag.py:539} INFO - Filling up the DagBag from /home/raj/Downloads/kafka_2.13-3.5.1/airflow-env/lib64/python3.11/site-packages/airflow/example_dags/example_setup_teardown.py
[2023-10-07T04:15:32.694+0530] {processor.py:839} INFO - DAG(s) dict_keys(['example_setup_teardown']) retrieved from /home/raj/Downloads/kafka_2.13-3.5.1/airflow-env/lib64/python3.11/site-packages/airflow/example_dags/example_setup_teardown.py
[2023-10-07T04:15:32.722+0530] {logging_mixin.py:151} INFO - [2023-10-07T04:15:32.721+0530] {dag.py:2915} INFO - Sync 1 DAGs
[2023-10-07T04:15:32.740+0530] {logging_mixin.py:151} INFO - [2023-10-07T04:15:32.740+0530] {dag.py:3696} INFO - Setting next_dagrun for example_setup_teardown to 2023-10-05T22:45:32.739883+00:00, run_after=2023-10-06T22:45:32.739883+00:00
[2023-10-07T04:15:32.760+0530] {processor.py:179} INFO - Processing /home/raj/Downloads/kafka_2.13-3.5.1/airflow-env/lib64/python3.11/site-packages/airflow/example_dags/example_setup_teardown.py took 0.095 seconds
[2023-10-07T04:16:23.519+0530] {processor.py:157} INFO - Started process (PID=19853) to work on /home/raj/Downloads/kafka_2.13-3.5.1/airflow-env/lib64/python3.11/site-packages/airflow/example_dags/example_setup_teardown.py
[2023-10-07T04:16:23.530+0530] {processor.py:829} INFO - Processing file /home/raj/Downloads/kafka_2.13-3.5.1/airflow-env/lib64/python3.11/site-packages/airflow/example_dags/example_setup_teardown.py for tasks to queue
[2023-10-07T04:16:23.532+0530] {logging_mixin.py:151} INFO - [2023-10-07T04:16:23.531+0530] {dagbag.py:539} INFO - Filling up the DagBag from /home/raj/Downloads/kafka_2.13-3.5.1/airflow-env/lib64/python3.11/site-packages/airflow/example_dags/example_setup_teardown.py
[2023-10-07T04:16:23.548+0530] {processor.py:839} INFO - DAG(s) dict_keys(['example_setup_teardown']) retrieved from /home/raj/Downloads/kafka_2.13-3.5.1/airflow-env/lib64/python3.11/site-packages/airflow/example_dags/example_setup_teardown.py
[2023-10-07T04:16:23.577+0530] {logging_mixin.py:151} INFO - [2023-10-07T04:16:23.577+0530] {dag.py:2915} INFO - Sync 1 DAGs
[2023-10-07T04:16:23.592+0530] {logging_mixin.py:151} INFO - [2023-10-07T04:16:23.592+0530] {dag.py:3696} INFO - Setting next_dagrun for example_setup_teardown to 2023-10-05T22:46:23.592320+00:00, run_after=2023-10-06T22:46:23.592320+00:00
[2023-10-07T04:16:23.611+0530] {processor.py:179} INFO - Processing /home/raj/Downloads/kafka_2.13-3.5.1/airflow-env/lib64/python3.11/site-packages/airflow/example_dags/example_setup_teardown.py took 0.098 seconds
[2023-10-07T04:17:16.806+0530] {processor.py:157} INFO - Started process (PID=19910) to work on /home/raj/Downloads/kafka_2.13-3.5.1/airflow-env/lib64/python3.11/site-packages/airflow/example_dags/example_setup_teardown.py
[2023-10-07T04:17:16.818+0530] {processor.py:829} INFO - Processing file /home/raj/Downloads/kafka_2.13-3.5.1/airflow-env/lib64/python3.11/site-packages/airflow/example_dags/example_setup_teardown.py for tasks to queue
[2023-10-07T04:17:16.819+0530] {logging_mixin.py:151} INFO - [2023-10-07T04:17:16.819+0530] {dagbag.py:539} INFO - Filling up the DagBag from /home/raj/Downloads/kafka_2.13-3.5.1/airflow-env/lib64/python3.11/site-packages/airflow/example_dags/example_setup_teardown.py
[2023-10-07T04:17:16.835+0530] {processor.py:839} INFO - DAG(s) dict_keys(['example_setup_teardown']) retrieved from /home/raj/Downloads/kafka_2.13-3.5.1/airflow-env/lib64/python3.11/site-packages/airflow/example_dags/example_setup_teardown.py
[2023-10-07T04:17:16.866+0530] {logging_mixin.py:151} INFO - [2023-10-07T04:17:16.865+0530] {dag.py:2915} INFO - Sync 1 DAGs
[2023-10-07T04:17:16.882+0530] {logging_mixin.py:151} INFO - [2023-10-07T04:17:16.881+0530] {dag.py:3696} INFO - Setting next_dagrun for example_setup_teardown to 2023-10-05T22:47:16.881767+00:00, run_after=2023-10-06T22:47:16.881767+00:00
[2023-10-07T04:17:16.903+0530] {processor.py:179} INFO - Processing /home/raj/Downloads/kafka_2.13-3.5.1/airflow-env/lib64/python3.11/site-packages/airflow/example_dags/example_setup_teardown.py took 0.102 seconds
[2023-10-07T04:18:07.323+0530] {processor.py:157} INFO - Started process (PID=19961) to work on /home/raj/Downloads/kafka_2.13-3.5.1/airflow-env/lib64/python3.11/site-packages/airflow/example_dags/example_setup_teardown.py
[2023-10-07T04:18:07.334+0530] {processor.py:829} INFO - Processing file /home/raj/Downloads/kafka_2.13-3.5.1/airflow-env/lib64/python3.11/site-packages/airflow/example_dags/example_setup_teardown.py for tasks to queue
[2023-10-07T04:18:07.335+0530] {logging_mixin.py:151} INFO - [2023-10-07T04:18:07.335+0530] {dagbag.py:539} INFO - Filling up the DagBag from /home/raj/Downloads/kafka_2.13-3.5.1/airflow-env/lib64/python3.11/site-packages/airflow/example_dags/example_setup_teardown.py
[2023-10-07T04:18:07.343+0530] {processor.py:839} INFO - DAG(s) dict_keys(['example_setup_teardown']) retrieved from /home/raj/Downloads/kafka_2.13-3.5.1/airflow-env/lib64/python3.11/site-packages/airflow/example_dags/example_setup_teardown.py
[2023-10-07T04:18:07.356+0530] {logging_mixin.py:151} INFO - [2023-10-07T04:18:07.356+0530] {dag.py:2915} INFO - Sync 1 DAGs
[2023-10-07T04:18:07.371+0530] {logging_mixin.py:151} INFO - [2023-10-07T04:18:07.371+0530] {dag.py:3696} INFO - Setting next_dagrun for example_setup_teardown to 2023-10-05T22:48:07.371445+00:00, run_after=2023-10-06T22:48:07.371445+00:00
[2023-10-07T04:18:07.388+0530] {processor.py:179} INFO - Processing /home/raj/Downloads/kafka_2.13-3.5.1/airflow-env/lib64/python3.11/site-packages/airflow/example_dags/example_setup_teardown.py took 0.071 seconds
[2023-10-07T04:18:59.319+0530] {processor.py:157} INFO - Started process (PID=20015) to work on /home/raj/Downloads/kafka_2.13-3.5.1/airflow-env/lib64/python3.11/site-packages/airflow/example_dags/example_setup_teardown.py
[2023-10-07T04:18:59.331+0530] {processor.py:829} INFO - Processing file /home/raj/Downloads/kafka_2.13-3.5.1/airflow-env/lib64/python3.11/site-packages/airflow/example_dags/example_setup_teardown.py for tasks to queue
[2023-10-07T04:18:59.332+0530] {logging_mixin.py:151} INFO - [2023-10-07T04:18:59.331+0530] {dagbag.py:539} INFO - Filling up the DagBag from /home/raj/Downloads/kafka_2.13-3.5.1/airflow-env/lib64/python3.11/site-packages/airflow/example_dags/example_setup_teardown.py
[2023-10-07T04:18:59.348+0530] {processor.py:839} INFO - DAG(s) dict_keys(['example_setup_teardown']) retrieved from /home/raj/Downloads/kafka_2.13-3.5.1/airflow-env/lib64/python3.11/site-packages/airflow/example_dags/example_setup_teardown.py
[2023-10-07T04:18:59.377+0530] {logging_mixin.py:151} INFO - [2023-10-07T04:18:59.377+0530] {dag.py:2915} INFO - Sync 1 DAGs
[2023-10-07T04:18:59.394+0530] {logging_mixin.py:151} INFO - [2023-10-07T04:18:59.393+0530] {dag.py:3696} INFO - Setting next_dagrun for example_setup_teardown to 2023-10-05T22:48:59.393694+00:00, run_after=2023-10-06T22:48:59.393694+00:00
[2023-10-07T04:18:59.411+0530] {processor.py:179} INFO - Processing /home/raj/Downloads/kafka_2.13-3.5.1/airflow-env/lib64/python3.11/site-packages/airflow/example_dags/example_setup_teardown.py took 0.097 seconds
[2023-10-07T04:19:55.232+0530] {processor.py:157} INFO - Started process (PID=20072) to work on /home/raj/Downloads/kafka_2.13-3.5.1/airflow-env/lib64/python3.11/site-packages/airflow/example_dags/example_setup_teardown.py
[2023-10-07T04:19:55.234+0530] {processor.py:829} INFO - Processing file /home/raj/Downloads/kafka_2.13-3.5.1/airflow-env/lib64/python3.11/site-packages/airflow/example_dags/example_setup_teardown.py for tasks to queue
[2023-10-07T04:19:55.236+0530] {logging_mixin.py:151} INFO - [2023-10-07T04:19:55.235+0530] {dagbag.py:539} INFO - Filling up the DagBag from /home/raj/Downloads/kafka_2.13-3.5.1/airflow-env/lib64/python3.11/site-packages/airflow/example_dags/example_setup_teardown.py
[2023-10-07T04:19:55.251+0530] {processor.py:839} INFO - DAG(s) dict_keys(['example_setup_teardown']) retrieved from /home/raj/Downloads/kafka_2.13-3.5.1/airflow-env/lib64/python3.11/site-packages/airflow/example_dags/example_setup_teardown.py
[2023-10-07T04:19:55.274+0530] {logging_mixin.py:151} INFO - [2023-10-07T04:19:55.273+0530] {dag.py:2915} INFO - Sync 1 DAGs
[2023-10-07T04:19:55.289+0530] {logging_mixin.py:151} INFO - [2023-10-07T04:19:55.289+0530] {dag.py:3696} INFO - Setting next_dagrun for example_setup_teardown to 2023-10-05T22:49:55.289003+00:00, run_after=2023-10-06T22:49:55.289003+00:00
[2023-10-07T04:19:55.307+0530] {processor.py:179} INFO - Processing /home/raj/Downloads/kafka_2.13-3.5.1/airflow-env/lib64/python3.11/site-packages/airflow/example_dags/example_setup_teardown.py took 0.081 seconds
[2023-10-07T04:20:51.065+0530] {processor.py:157} INFO - Started process (PID=20448) to work on /home/raj/Downloads/kafka_2.13-3.5.1/airflow-env/lib64/python3.11/site-packages/airflow/example_dags/example_setup_teardown.py
[2023-10-07T04:20:51.076+0530] {processor.py:829} INFO - Processing file /home/raj/Downloads/kafka_2.13-3.5.1/airflow-env/lib64/python3.11/site-packages/airflow/example_dags/example_setup_teardown.py for tasks to queue
[2023-10-07T04:20:51.077+0530] {logging_mixin.py:151} INFO - [2023-10-07T04:20:51.077+0530] {dagbag.py:539} INFO - Filling up the DagBag from /home/raj/Downloads/kafka_2.13-3.5.1/airflow-env/lib64/python3.11/site-packages/airflow/example_dags/example_setup_teardown.py
[2023-10-07T04:20:51.093+0530] {processor.py:839} INFO - DAG(s) dict_keys(['example_setup_teardown']) retrieved from /home/raj/Downloads/kafka_2.13-3.5.1/airflow-env/lib64/python3.11/site-packages/airflow/example_dags/example_setup_teardown.py
[2023-10-07T04:20:51.123+0530] {logging_mixin.py:151} INFO - [2023-10-07T04:20:51.123+0530] {dag.py:2915} INFO - Sync 1 DAGs
[2023-10-07T04:20:51.139+0530] {logging_mixin.py:151} INFO - [2023-10-07T04:20:51.139+0530] {dag.py:3696} INFO - Setting next_dagrun for example_setup_teardown to 2023-10-05T22:50:51.138953+00:00, run_after=2023-10-06T22:50:51.138953+00:00
[2023-10-07T04:20:51.159+0530] {processor.py:179} INFO - Processing /home/raj/Downloads/kafka_2.13-3.5.1/airflow-env/lib64/python3.11/site-packages/airflow/example_dags/example_setup_teardown.py took 0.099 seconds
[2023-10-07T04:21:40.716+0530] {processor.py:157} INFO - Started process (PID=20645) to work on /home/raj/Downloads/kafka_2.13-3.5.1/airflow-env/lib64/python3.11/site-packages/airflow/example_dags/example_setup_teardown.py
[2023-10-07T04:21:40.727+0530] {processor.py:829} INFO - Processing file /home/raj/Downloads/kafka_2.13-3.5.1/airflow-env/lib64/python3.11/site-packages/airflow/example_dags/example_setup_teardown.py for tasks to queue
[2023-10-07T04:21:40.729+0530] {logging_mixin.py:151} INFO - [2023-10-07T04:21:40.728+0530] {dagbag.py:539} INFO - Filling up the DagBag from /home/raj/Downloads/kafka_2.13-3.5.1/airflow-env/lib64/python3.11/site-packages/airflow/example_dags/example_setup_teardown.py
[2023-10-07T04:21:40.744+0530] {processor.py:839} INFO - DAG(s) dict_keys(['example_setup_teardown']) retrieved from /home/raj/Downloads/kafka_2.13-3.5.1/airflow-env/lib64/python3.11/site-packages/airflow/example_dags/example_setup_teardown.py
[2023-10-07T04:21:40.776+0530] {logging_mixin.py:151} INFO - [2023-10-07T04:21:40.775+0530] {dag.py:2915} INFO - Sync 1 DAGs
[2023-10-07T04:21:40.792+0530] {logging_mixin.py:151} INFO - [2023-10-07T04:21:40.792+0530] {dag.py:3696} INFO - Setting next_dagrun for example_setup_teardown to 2023-10-05T22:51:40.792052+00:00, run_after=2023-10-06T22:51:40.792052+00:00
[2023-10-07T04:21:40.810+0530] {processor.py:179} INFO - Processing /home/raj/Downloads/kafka_2.13-3.5.1/airflow-env/lib64/python3.11/site-packages/airflow/example_dags/example_setup_teardown.py took 0.098 seconds
[2023-10-07T04:22:31.851+0530] {processor.py:157} INFO - Started process (PID=20792) to work on /home/raj/Downloads/kafka_2.13-3.5.1/airflow-env/lib64/python3.11/site-packages/airflow/example_dags/example_setup_teardown.py
[2023-10-07T04:22:31.862+0530] {processor.py:829} INFO - Processing file /home/raj/Downloads/kafka_2.13-3.5.1/airflow-env/lib64/python3.11/site-packages/airflow/example_dags/example_setup_teardown.py for tasks to queue
[2023-10-07T04:22:31.864+0530] {logging_mixin.py:151} INFO - [2023-10-07T04:22:31.863+0530] {dagbag.py:539} INFO - Filling up the DagBag from /home/raj/Downloads/kafka_2.13-3.5.1/airflow-env/lib64/python3.11/site-packages/airflow/example_dags/example_setup_teardown.py
[2023-10-07T04:22:31.880+0530] {processor.py:839} INFO - DAG(s) dict_keys(['example_setup_teardown']) retrieved from /home/raj/Downloads/kafka_2.13-3.5.1/airflow-env/lib64/python3.11/site-packages/airflow/example_dags/example_setup_teardown.py
[2023-10-07T04:22:31.910+0530] {logging_mixin.py:151} INFO - [2023-10-07T04:22:31.909+0530] {dag.py:2915} INFO - Sync 1 DAGs
[2023-10-07T04:22:31.929+0530] {logging_mixin.py:151} INFO - [2023-10-07T04:22:31.929+0530] {dag.py:3696} INFO - Setting next_dagrun for example_setup_teardown to 2023-10-05T22:52:31.929411+00:00, run_after=2023-10-06T22:52:31.929411+00:00
[2023-10-07T04:22:31.952+0530] {processor.py:179} INFO - Processing /home/raj/Downloads/kafka_2.13-3.5.1/airflow-env/lib64/python3.11/site-packages/airflow/example_dags/example_setup_teardown.py took 0.107 seconds
[2023-10-07T04:23:24.807+0530] {processor.py:157} INFO - Started process (PID=20918) to work on /home/raj/Downloads/kafka_2.13-3.5.1/airflow-env/lib64/python3.11/site-packages/airflow/example_dags/example_setup_teardown.py
[2023-10-07T04:23:24.809+0530] {processor.py:829} INFO - Processing file /home/raj/Downloads/kafka_2.13-3.5.1/airflow-env/lib64/python3.11/site-packages/airflow/example_dags/example_setup_teardown.py for tasks to queue
[2023-10-07T04:23:24.811+0530] {logging_mixin.py:151} INFO - [2023-10-07T04:23:24.810+0530] {dagbag.py:539} INFO - Filling up the DagBag from /home/raj/Downloads/kafka_2.13-3.5.1/airflow-env/lib64/python3.11/site-packages/airflow/example_dags/example_setup_teardown.py
[2023-10-07T04:23:24.827+0530] {processor.py:839} INFO - DAG(s) dict_keys(['example_setup_teardown']) retrieved from /home/raj/Downloads/kafka_2.13-3.5.1/airflow-env/lib64/python3.11/site-packages/airflow/example_dags/example_setup_teardown.py
[2023-10-07T04:23:24.843+0530] {logging_mixin.py:151} INFO - [2023-10-07T04:23:24.843+0530] {dag.py:2915} INFO - Sync 1 DAGs
[2023-10-07T04:23:24.866+0530] {logging_mixin.py:151} INFO - [2023-10-07T04:23:24.866+0530] {dag.py:3696} INFO - Setting next_dagrun for example_setup_teardown to 2023-10-05T22:53:24.866353+00:00, run_after=2023-10-06T22:53:24.866353+00:00
[2023-10-07T04:23:24.898+0530] {processor.py:179} INFO - Processing /home/raj/Downloads/kafka_2.13-3.5.1/airflow-env/lib64/python3.11/site-packages/airflow/example_dags/example_setup_teardown.py took 0.096 seconds
[2023-10-07T04:24:14.968+0530] {processor.py:157} INFO - Started process (PID=21043) to work on /home/raj/Downloads/kafka_2.13-3.5.1/airflow-env/lib64/python3.11/site-packages/airflow/example_dags/example_setup_teardown.py
[2023-10-07T04:24:14.979+0530] {processor.py:829} INFO - Processing file /home/raj/Downloads/kafka_2.13-3.5.1/airflow-env/lib64/python3.11/site-packages/airflow/example_dags/example_setup_teardown.py for tasks to queue
[2023-10-07T04:24:14.981+0530] {logging_mixin.py:151} INFO - [2023-10-07T04:24:14.980+0530] {dagbag.py:539} INFO - Filling up the DagBag from /home/raj/Downloads/kafka_2.13-3.5.1/airflow-env/lib64/python3.11/site-packages/airflow/example_dags/example_setup_teardown.py
[2023-10-07T04:24:14.998+0530] {processor.py:839} INFO - DAG(s) dict_keys(['example_setup_teardown']) retrieved from /home/raj/Downloads/kafka_2.13-3.5.1/airflow-env/lib64/python3.11/site-packages/airflow/example_dags/example_setup_teardown.py
[2023-10-07T04:24:15.017+0530] {logging_mixin.py:151} INFO - [2023-10-07T04:24:15.017+0530] {dag.py:2915} INFO - Sync 1 DAGs
[2023-10-07T04:24:15.040+0530] {logging_mixin.py:151} INFO - [2023-10-07T04:24:15.040+0530] {dag.py:3696} INFO - Setting next_dagrun for example_setup_teardown to 2023-10-05T22:54:15.039786+00:00, run_after=2023-10-06T22:54:15.039786+00:00
[2023-10-07T04:24:15.064+0530] {processor.py:179} INFO - Processing /home/raj/Downloads/kafka_2.13-3.5.1/airflow-env/lib64/python3.11/site-packages/airflow/example_dags/example_setup_teardown.py took 0.102 seconds
[2023-10-07T04:25:03.562+0530] {processor.py:157} INFO - Started process (PID=21129) to work on /home/raj/Downloads/kafka_2.13-3.5.1/airflow-env/lib64/python3.11/site-packages/airflow/example_dags/example_setup_teardown.py
[2023-10-07T04:25:03.572+0530] {processor.py:829} INFO - Processing file /home/raj/Downloads/kafka_2.13-3.5.1/airflow-env/lib64/python3.11/site-packages/airflow/example_dags/example_setup_teardown.py for tasks to queue
[2023-10-07T04:25:03.574+0530] {logging_mixin.py:151} INFO - [2023-10-07T04:25:03.573+0530] {dagbag.py:539} INFO - Filling up the DagBag from /home/raj/Downloads/kafka_2.13-3.5.1/airflow-env/lib64/python3.11/site-packages/airflow/example_dags/example_setup_teardown.py
[2023-10-07T04:25:03.583+0530] {processor.py:839} INFO - DAG(s) dict_keys(['example_setup_teardown']) retrieved from /home/raj/Downloads/kafka_2.13-3.5.1/airflow-env/lib64/python3.11/site-packages/airflow/example_dags/example_setup_teardown.py
[2023-10-07T04:25:03.602+0530] {logging_mixin.py:151} INFO - [2023-10-07T04:25:03.602+0530] {dag.py:2915} INFO - Sync 1 DAGs
[2023-10-07T04:25:03.632+0530] {logging_mixin.py:151} INFO - [2023-10-07T04:25:03.632+0530] {dag.py:3696} INFO - Setting next_dagrun for example_setup_teardown to 2023-10-05T22:55:03.631734+00:00, run_after=2023-10-06T22:55:03.631734+00:00
[2023-10-07T04:25:03.656+0530] {processor.py:179} INFO - Processing /home/raj/Downloads/kafka_2.13-3.5.1/airflow-env/lib64/python3.11/site-packages/airflow/example_dags/example_setup_teardown.py took 0.098 seconds
[2023-10-07T04:25:56.431+0530] {processor.py:157} INFO - Started process (PID=21254) to work on /home/raj/Downloads/kafka_2.13-3.5.1/airflow-env/lib64/python3.11/site-packages/airflow/example_dags/example_setup_teardown.py
[2023-10-07T04:25:56.442+0530] {processor.py:829} INFO - Processing file /home/raj/Downloads/kafka_2.13-3.5.1/airflow-env/lib64/python3.11/site-packages/airflow/example_dags/example_setup_teardown.py for tasks to queue
[2023-10-07T04:25:56.442+0530] {logging_mixin.py:151} INFO - [2023-10-07T04:25:56.442+0530] {dagbag.py:539} INFO - Filling up the DagBag from /home/raj/Downloads/kafka_2.13-3.5.1/airflow-env/lib64/python3.11/site-packages/airflow/example_dags/example_setup_teardown.py
[2023-10-07T04:25:56.450+0530] {processor.py:839} INFO - DAG(s) dict_keys(['example_setup_teardown']) retrieved from /home/raj/Downloads/kafka_2.13-3.5.1/airflow-env/lib64/python3.11/site-packages/airflow/example_dags/example_setup_teardown.py
[2023-10-07T04:25:56.466+0530] {logging_mixin.py:151} INFO - [2023-10-07T04:25:56.465+0530] {dag.py:2915} INFO - Sync 1 DAGs
[2023-10-07T04:25:56.487+0530] {logging_mixin.py:151} INFO - [2023-10-07T04:25:56.486+0530] {dag.py:3696} INFO - Setting next_dagrun for example_setup_teardown to 2023-10-05T22:55:56.486728+00:00, run_after=2023-10-06T22:55:56.486728+00:00
[2023-10-07T04:25:56.512+0530] {processor.py:179} INFO - Processing /home/raj/Downloads/kafka_2.13-3.5.1/airflow-env/lib64/python3.11/site-packages/airflow/example_dags/example_setup_teardown.py took 0.083 seconds
[2023-10-07T04:26:46.875+0530] {processor.py:157} INFO - Started process (PID=21417) to work on /home/raj/Downloads/kafka_2.13-3.5.1/airflow-env/lib64/python3.11/site-packages/airflow/example_dags/example_setup_teardown.py
[2023-10-07T04:26:46.877+0530] {processor.py:829} INFO - Processing file /home/raj/Downloads/kafka_2.13-3.5.1/airflow-env/lib64/python3.11/site-packages/airflow/example_dags/example_setup_teardown.py for tasks to queue
[2023-10-07T04:26:46.878+0530] {logging_mixin.py:151} INFO - [2023-10-07T04:26:46.878+0530] {dagbag.py:539} INFO - Filling up the DagBag from /home/raj/Downloads/kafka_2.13-3.5.1/airflow-env/lib64/python3.11/site-packages/airflow/example_dags/example_setup_teardown.py
[2023-10-07T04:26:46.892+0530] {processor.py:839} INFO - DAG(s) dict_keys(['example_setup_teardown']) retrieved from /home/raj/Downloads/kafka_2.13-3.5.1/airflow-env/lib64/python3.11/site-packages/airflow/example_dags/example_setup_teardown.py
[2023-10-07T04:26:46.913+0530] {logging_mixin.py:151} INFO - [2023-10-07T04:26:46.913+0530] {dag.py:2915} INFO - Sync 1 DAGs
[2023-10-07T04:26:46.932+0530] {logging_mixin.py:151} INFO - [2023-10-07T04:26:46.932+0530] {dag.py:3696} INFO - Setting next_dagrun for example_setup_teardown to 2023-10-05T22:56:46.932149+00:00, run_after=2023-10-06T22:56:46.932149+00:00
[2023-10-07T04:26:46.960+0530] {processor.py:179} INFO - Processing /home/raj/Downloads/kafka_2.13-3.5.1/airflow-env/lib64/python3.11/site-packages/airflow/example_dags/example_setup_teardown.py took 0.089 seconds
[2023-10-07T04:27:39.531+0530] {processor.py:157} INFO - Started process (PID=21562) to work on /home/raj/Downloads/kafka_2.13-3.5.1/airflow-env/lib64/python3.11/site-packages/airflow/example_dags/example_setup_teardown.py
[2023-10-07T04:27:39.541+0530] {processor.py:829} INFO - Processing file /home/raj/Downloads/kafka_2.13-3.5.1/airflow-env/lib64/python3.11/site-packages/airflow/example_dags/example_setup_teardown.py for tasks to queue
[2023-10-07T04:27:39.542+0530] {logging_mixin.py:151} INFO - [2023-10-07T04:27:39.542+0530] {dagbag.py:539} INFO - Filling up the DagBag from /home/raj/Downloads/kafka_2.13-3.5.1/airflow-env/lib64/python3.11/site-packages/airflow/example_dags/example_setup_teardown.py
[2023-10-07T04:27:39.555+0530] {processor.py:839} INFO - DAG(s) dict_keys(['example_setup_teardown']) retrieved from /home/raj/Downloads/kafka_2.13-3.5.1/airflow-env/lib64/python3.11/site-packages/airflow/example_dags/example_setup_teardown.py
[2023-10-07T04:27:39.583+0530] {logging_mixin.py:151} INFO - [2023-10-07T04:27:39.582+0530] {dag.py:2915} INFO - Sync 1 DAGs
[2023-10-07T04:27:39.602+0530] {logging_mixin.py:151} INFO - [2023-10-07T04:27:39.601+0530] {dag.py:3696} INFO - Setting next_dagrun for example_setup_teardown to 2023-10-05T22:57:39.601770+00:00, run_after=2023-10-06T22:57:39.601770+00:00
[2023-10-07T04:27:39.620+0530] {processor.py:179} INFO - Processing /home/raj/Downloads/kafka_2.13-3.5.1/airflow-env/lib64/python3.11/site-packages/airflow/example_dags/example_setup_teardown.py took 0.091 seconds
[2023-10-07T04:28:33.469+0530] {processor.py:157} INFO - Started process (PID=21662) to work on /home/raj/Downloads/kafka_2.13-3.5.1/airflow-env/lib64/python3.11/site-packages/airflow/example_dags/example_setup_teardown.py
[2023-10-07T04:28:33.480+0530] {processor.py:829} INFO - Processing file /home/raj/Downloads/kafka_2.13-3.5.1/airflow-env/lib64/python3.11/site-packages/airflow/example_dags/example_setup_teardown.py for tasks to queue
[2023-10-07T04:28:33.482+0530] {logging_mixin.py:151} INFO - [2023-10-07T04:28:33.481+0530] {dagbag.py:539} INFO - Filling up the DagBag from /home/raj/Downloads/kafka_2.13-3.5.1/airflow-env/lib64/python3.11/site-packages/airflow/example_dags/example_setup_teardown.py
[2023-10-07T04:28:33.498+0530] {processor.py:839} INFO - DAG(s) dict_keys(['example_setup_teardown']) retrieved from /home/raj/Downloads/kafka_2.13-3.5.1/airflow-env/lib64/python3.11/site-packages/airflow/example_dags/example_setup_teardown.py
[2023-10-07T04:28:33.530+0530] {logging_mixin.py:151} INFO - [2023-10-07T04:28:33.529+0530] {dag.py:2915} INFO - Sync 1 DAGs
[2023-10-07T04:28:33.549+0530] {logging_mixin.py:151} INFO - [2023-10-07T04:28:33.549+0530] {dag.py:3696} INFO - Setting next_dagrun for example_setup_teardown to 2023-10-05T22:58:33.549430+00:00, run_after=2023-10-06T22:58:33.549430+00:00
[2023-10-07T04:28:33.572+0530] {processor.py:179} INFO - Processing /home/raj/Downloads/kafka_2.13-3.5.1/airflow-env/lib64/python3.11/site-packages/airflow/example_dags/example_setup_teardown.py took 0.108 seconds
[2023-10-07T04:29:23.710+0530] {processor.py:157} INFO - Started process (PID=21783) to work on /home/raj/Downloads/kafka_2.13-3.5.1/airflow-env/lib64/python3.11/site-packages/airflow/example_dags/example_setup_teardown.py
[2023-10-07T04:29:23.721+0530] {processor.py:829} INFO - Processing file /home/raj/Downloads/kafka_2.13-3.5.1/airflow-env/lib64/python3.11/site-packages/airflow/example_dags/example_setup_teardown.py for tasks to queue
[2023-10-07T04:29:23.723+0530] {logging_mixin.py:151} INFO - [2023-10-07T04:29:23.722+0530] {dagbag.py:539} INFO - Filling up the DagBag from /home/raj/Downloads/kafka_2.13-3.5.1/airflow-env/lib64/python3.11/site-packages/airflow/example_dags/example_setup_teardown.py
[2023-10-07T04:29:23.731+0530] {processor.py:839} INFO - DAG(s) dict_keys(['example_setup_teardown']) retrieved from /home/raj/Downloads/kafka_2.13-3.5.1/airflow-env/lib64/python3.11/site-packages/airflow/example_dags/example_setup_teardown.py
[2023-10-07T04:29:23.751+0530] {logging_mixin.py:151} INFO - [2023-10-07T04:29:23.750+0530] {dag.py:2915} INFO - Sync 1 DAGs
[2023-10-07T04:29:23.773+0530] {logging_mixin.py:151} INFO - [2023-10-07T04:29:23.772+0530] {dag.py:3696} INFO - Setting next_dagrun for example_setup_teardown to 2023-10-05T22:59:23.772785+00:00, run_after=2023-10-06T22:59:23.772785+00:00
[2023-10-07T04:29:23.792+0530] {processor.py:179} INFO - Processing /home/raj/Downloads/kafka_2.13-3.5.1/airflow-env/lib64/python3.11/site-packages/airflow/example_dags/example_setup_teardown.py took 0.088 seconds
[2023-10-07T04:40:43.884+0530] {processor.py:157} INFO - Started process (PID=9526) to work on /home/raj/Downloads/kafka_2.13-3.5.1/airflow-env/lib64/python3.11/site-packages/airflow/example_dags/example_setup_teardown.py
[2023-10-07T04:40:43.895+0530] {processor.py:829} INFO - Processing file /home/raj/Downloads/kafka_2.13-3.5.1/airflow-env/lib64/python3.11/site-packages/airflow/example_dags/example_setup_teardown.py for tasks to queue
[2023-10-07T04:40:43.897+0530] {logging_mixin.py:151} INFO - [2023-10-07T04:40:43.896+0530] {dagbag.py:539} INFO - Filling up the DagBag from /home/raj/Downloads/kafka_2.13-3.5.1/airflow-env/lib64/python3.11/site-packages/airflow/example_dags/example_setup_teardown.py
[2023-10-07T04:40:43.911+0530] {processor.py:839} INFO - DAG(s) dict_keys(['example_setup_teardown']) retrieved from /home/raj/Downloads/kafka_2.13-3.5.1/airflow-env/lib64/python3.11/site-packages/airflow/example_dags/example_setup_teardown.py
[2023-10-07T04:40:43.943+0530] {logging_mixin.py:151} INFO - [2023-10-07T04:40:43.942+0530] {dag.py:2915} INFO - Sync 1 DAGs
[2023-10-07T04:40:43.959+0530] {logging_mixin.py:151} INFO - [2023-10-07T04:40:43.959+0530] {dag.py:3696} INFO - Setting next_dagrun for example_setup_teardown to 2023-10-05T23:10:43.958968+00:00, run_after=2023-10-06T23:10:43.958968+00:00
[2023-10-07T04:40:43.978+0530] {processor.py:179} INFO - Processing /home/raj/Downloads/kafka_2.13-3.5.1/airflow-env/lib64/python3.11/site-packages/airflow/example_dags/example_setup_teardown.py took 0.099 seconds
[2023-10-07T04:41:30.372+0530] {processor.py:157} INFO - Started process (PID=10018) to work on /home/raj/Downloads/kafka_2.13-3.5.1/airflow-env/lib64/python3.11/site-packages/airflow/example_dags/example_setup_teardown.py
[2023-10-07T04:41:30.383+0530] {processor.py:829} INFO - Processing file /home/raj/Downloads/kafka_2.13-3.5.1/airflow-env/lib64/python3.11/site-packages/airflow/example_dags/example_setup_teardown.py for tasks to queue
[2023-10-07T04:41:30.385+0530] {logging_mixin.py:151} INFO - [2023-10-07T04:41:30.384+0530] {dagbag.py:539} INFO - Filling up the DagBag from /home/raj/Downloads/kafka_2.13-3.5.1/airflow-env/lib64/python3.11/site-packages/airflow/example_dags/example_setup_teardown.py
[2023-10-07T04:41:30.401+0530] {processor.py:839} INFO - DAG(s) dict_keys(['example_setup_teardown']) retrieved from /home/raj/Downloads/kafka_2.13-3.5.1/airflow-env/lib64/python3.11/site-packages/airflow/example_dags/example_setup_teardown.py
[2023-10-07T04:41:30.430+0530] {logging_mixin.py:151} INFO - [2023-10-07T04:41:30.430+0530] {dag.py:2915} INFO - Sync 1 DAGs
[2023-10-07T04:41:30.449+0530] {logging_mixin.py:151} INFO - [2023-10-07T04:41:30.449+0530] {dag.py:3696} INFO - Setting next_dagrun for example_setup_teardown to 2023-10-05T23:11:30.448802+00:00, run_after=2023-10-06T23:11:30.448802+00:00
[2023-10-07T04:41:30.468+0530] {processor.py:179} INFO - Processing /home/raj/Downloads/kafka_2.13-3.5.1/airflow-env/lib64/python3.11/site-packages/airflow/example_dags/example_setup_teardown.py took 0.101 seconds
[2023-10-07T04:42:19.125+0530] {processor.py:157} INFO - Started process (PID=10187) to work on /home/raj/Downloads/kafka_2.13-3.5.1/airflow-env/lib64/python3.11/site-packages/airflow/example_dags/example_setup_teardown.py
[2023-10-07T04:42:19.127+0530] {processor.py:829} INFO - Processing file /home/raj/Downloads/kafka_2.13-3.5.1/airflow-env/lib64/python3.11/site-packages/airflow/example_dags/example_setup_teardown.py for tasks to queue
[2023-10-07T04:42:19.128+0530] {logging_mixin.py:151} INFO - [2023-10-07T04:42:19.127+0530] {dagbag.py:539} INFO - Filling up the DagBag from /home/raj/Downloads/kafka_2.13-3.5.1/airflow-env/lib64/python3.11/site-packages/airflow/example_dags/example_setup_teardown.py
[2023-10-07T04:42:19.143+0530] {processor.py:839} INFO - DAG(s) dict_keys(['example_setup_teardown']) retrieved from /home/raj/Downloads/kafka_2.13-3.5.1/airflow-env/lib64/python3.11/site-packages/airflow/example_dags/example_setup_teardown.py
[2023-10-07T04:42:19.166+0530] {logging_mixin.py:151} INFO - [2023-10-07T04:42:19.166+0530] {dag.py:2915} INFO - Sync 1 DAGs
[2023-10-07T04:42:19.189+0530] {logging_mixin.py:151} INFO - [2023-10-07T04:42:19.189+0530] {dag.py:3696} INFO - Setting next_dagrun for example_setup_teardown to 2023-10-05T23:12:19.189315+00:00, run_after=2023-10-06T23:12:19.189315+00:00
[2023-10-07T04:42:19.215+0530] {processor.py:179} INFO - Processing /home/raj/Downloads/kafka_2.13-3.5.1/airflow-env/lib64/python3.11/site-packages/airflow/example_dags/example_setup_teardown.py took 0.096 seconds
[2023-10-07T04:43:34.234+0530] {processor.py:157} INFO - Started process (PID=10387) to work on /home/raj/Downloads/kafka_2.13-3.5.1/airflow-env/lib64/python3.11/site-packages/airflow/example_dags/example_setup_teardown.py
[2023-10-07T04:43:34.246+0530] {processor.py:829} INFO - Processing file /home/raj/Downloads/kafka_2.13-3.5.1/airflow-env/lib64/python3.11/site-packages/airflow/example_dags/example_setup_teardown.py for tasks to queue
[2023-10-07T04:43:34.247+0530] {logging_mixin.py:151} INFO - [2023-10-07T04:43:34.246+0530] {dagbag.py:539} INFO - Filling up the DagBag from /home/raj/Downloads/kafka_2.13-3.5.1/airflow-env/lib64/python3.11/site-packages/airflow/example_dags/example_setup_teardown.py
[2023-10-07T04:43:34.259+0530] {processor.py:839} INFO - DAG(s) dict_keys(['example_setup_teardown']) retrieved from /home/raj/Downloads/kafka_2.13-3.5.1/airflow-env/lib64/python3.11/site-packages/airflow/example_dags/example_setup_teardown.py
[2023-10-07T04:43:34.277+0530] {logging_mixin.py:151} INFO - [2023-10-07T04:43:34.276+0530] {dag.py:2915} INFO - Sync 1 DAGs
[2023-10-07T04:43:34.301+0530] {logging_mixin.py:151} INFO - [2023-10-07T04:43:34.300+0530] {dag.py:3696} INFO - Setting next_dagrun for example_setup_teardown to 2023-10-05T23:13:34.300524+00:00, run_after=2023-10-06T23:13:34.300524+00:00
[2023-10-07T04:43:34.325+0530] {processor.py:179} INFO - Processing /home/raj/Downloads/kafka_2.13-3.5.1/airflow-env/lib64/python3.11/site-packages/airflow/example_dags/example_setup_teardown.py took 0.096 seconds
[2023-10-07T04:44:22.575+0530] {processor.py:157} INFO - Started process (PID=10492) to work on /home/raj/Downloads/kafka_2.13-3.5.1/airflow-env/lib64/python3.11/site-packages/airflow/example_dags/example_setup_teardown.py
[2023-10-07T04:44:22.586+0530] {processor.py:829} INFO - Processing file /home/raj/Downloads/kafka_2.13-3.5.1/airflow-env/lib64/python3.11/site-packages/airflow/example_dags/example_setup_teardown.py for tasks to queue
[2023-10-07T04:44:22.587+0530] {logging_mixin.py:151} INFO - [2023-10-07T04:44:22.587+0530] {dagbag.py:539} INFO - Filling up the DagBag from /home/raj/Downloads/kafka_2.13-3.5.1/airflow-env/lib64/python3.11/site-packages/airflow/example_dags/example_setup_teardown.py
[2023-10-07T04:44:22.603+0530] {processor.py:839} INFO - DAG(s) dict_keys(['example_setup_teardown']) retrieved from /home/raj/Downloads/kafka_2.13-3.5.1/airflow-env/lib64/python3.11/site-packages/airflow/example_dags/example_setup_teardown.py
[2023-10-07T04:44:22.633+0530] {logging_mixin.py:151} INFO - [2023-10-07T04:44:22.633+0530] {dag.py:2915} INFO - Sync 1 DAGs
[2023-10-07T04:44:22.649+0530] {logging_mixin.py:151} INFO - [2023-10-07T04:44:22.649+0530] {dag.py:3696} INFO - Setting next_dagrun for example_setup_teardown to 2023-10-05T23:14:22.649187+00:00, run_after=2023-10-06T23:14:22.649187+00:00
[2023-10-07T04:44:22.666+0530] {processor.py:179} INFO - Processing /home/raj/Downloads/kafka_2.13-3.5.1/airflow-env/lib64/python3.11/site-packages/airflow/example_dags/example_setup_teardown.py took 0.096 seconds
[2023-10-07T04:45:11.165+0530] {processor.py:157} INFO - Started process (PID=10639) to work on /home/raj/Downloads/kafka_2.13-3.5.1/airflow-env/lib64/python3.11/site-packages/airflow/example_dags/example_setup_teardown.py
[2023-10-07T04:45:11.176+0530] {processor.py:829} INFO - Processing file /home/raj/Downloads/kafka_2.13-3.5.1/airflow-env/lib64/python3.11/site-packages/airflow/example_dags/example_setup_teardown.py for tasks to queue
[2023-10-07T04:45:11.178+0530] {logging_mixin.py:151} INFO - [2023-10-07T04:45:11.177+0530] {dagbag.py:539} INFO - Filling up the DagBag from /home/raj/Downloads/kafka_2.13-3.5.1/airflow-env/lib64/python3.11/site-packages/airflow/example_dags/example_setup_teardown.py
[2023-10-07T04:45:11.194+0530] {processor.py:839} INFO - DAG(s) dict_keys(['example_setup_teardown']) retrieved from /home/raj/Downloads/kafka_2.13-3.5.1/airflow-env/lib64/python3.11/site-packages/airflow/example_dags/example_setup_teardown.py
[2023-10-07T04:45:11.224+0530] {logging_mixin.py:151} INFO - [2023-10-07T04:45:11.223+0530] {dag.py:2915} INFO - Sync 1 DAGs
[2023-10-07T04:45:11.241+0530] {logging_mixin.py:151} INFO - [2023-10-07T04:45:11.241+0530] {dag.py:3696} INFO - Setting next_dagrun for example_setup_teardown to 2023-10-05T23:15:11.241560+00:00, run_after=2023-10-06T23:15:11.241560+00:00
[2023-10-07T04:45:11.264+0530] {processor.py:179} INFO - Processing /home/raj/Downloads/kafka_2.13-3.5.1/airflow-env/lib64/python3.11/site-packages/airflow/example_dags/example_setup_teardown.py took 0.105 seconds
[2023-10-07T04:46:08.120+0530] {processor.py:157} INFO - Started process (PID=10846) to work on /home/raj/Downloads/kafka_2.13-3.5.1/airflow-env/lib64/python3.11/site-packages/airflow/example_dags/example_setup_teardown.py
[2023-10-07T04:46:08.128+0530] {processor.py:829} INFO - Processing file /home/raj/Downloads/kafka_2.13-3.5.1/airflow-env/lib64/python3.11/site-packages/airflow/example_dags/example_setup_teardown.py for tasks to queue
[2023-10-07T04:46:08.130+0530] {logging_mixin.py:151} INFO - [2023-10-07T04:46:08.129+0530] {dagbag.py:539} INFO - Filling up the DagBag from /home/raj/Downloads/kafka_2.13-3.5.1/airflow-env/lib64/python3.11/site-packages/airflow/example_dags/example_setup_teardown.py
[2023-10-07T04:46:08.145+0530] {processor.py:839} INFO - DAG(s) dict_keys(['example_setup_teardown']) retrieved from /home/raj/Downloads/kafka_2.13-3.5.1/airflow-env/lib64/python3.11/site-packages/airflow/example_dags/example_setup_teardown.py
[2023-10-07T04:46:08.171+0530] {logging_mixin.py:151} INFO - [2023-10-07T04:46:08.171+0530] {dag.py:2915} INFO - Sync 1 DAGs
[2023-10-07T04:46:08.186+0530] {logging_mixin.py:151} INFO - [2023-10-07T04:46:08.186+0530] {dag.py:3696} INFO - Setting next_dagrun for example_setup_teardown to 2023-10-05T23:16:08.186097+00:00, run_after=2023-10-06T23:16:08.186097+00:00
[2023-10-07T04:46:08.205+0530] {processor.py:179} INFO - Processing /home/raj/Downloads/kafka_2.13-3.5.1/airflow-env/lib64/python3.11/site-packages/airflow/example_dags/example_setup_teardown.py took 0.090 seconds
[2023-10-07T04:46:46.596+0530] {processor.py:157} INFO - Started process (PID=10892) to work on /home/raj/Downloads/kafka_2.13-3.5.1/airflow-env/lib64/python3.11/site-packages/airflow/example_dags/example_setup_teardown.py
[2023-10-07T04:46:46.607+0530] {processor.py:829} INFO - Processing file /home/raj/Downloads/kafka_2.13-3.5.1/airflow-env/lib64/python3.11/site-packages/airflow/example_dags/example_setup_teardown.py for tasks to queue
[2023-10-07T04:46:46.609+0530] {logging_mixin.py:151} INFO - [2023-10-07T04:46:46.608+0530] {dagbag.py:539} INFO - Filling up the DagBag from /home/raj/Downloads/kafka_2.13-3.5.1/airflow-env/lib64/python3.11/site-packages/airflow/example_dags/example_setup_teardown.py
[2023-10-07T04:46:46.619+0530] {processor.py:839} INFO - DAG(s) dict_keys(['example_setup_teardown']) retrieved from /home/raj/Downloads/kafka_2.13-3.5.1/airflow-env/lib64/python3.11/site-packages/airflow/example_dags/example_setup_teardown.py
[2023-10-07T04:46:46.632+0530] {logging_mixin.py:151} INFO - [2023-10-07T04:46:46.632+0530] {dag.py:2915} INFO - Sync 1 DAGs
[2023-10-07T04:46:46.657+0530] {logging_mixin.py:151} INFO - [2023-10-07T04:46:46.656+0530] {dag.py:3696} INFO - Setting next_dagrun for example_setup_teardown to 2023-10-05T23:16:46.656648+00:00, run_after=2023-10-06T23:16:46.656648+00:00
[2023-10-07T04:46:46.677+0530] {processor.py:179} INFO - Processing /home/raj/Downloads/kafka_2.13-3.5.1/airflow-env/lib64/python3.11/site-packages/airflow/example_dags/example_setup_teardown.py took 0.087 seconds
[2023-10-07T04:47:36.822+0530] {processor.py:157} INFO - Started process (PID=10988) to work on /home/raj/Downloads/kafka_2.13-3.5.1/airflow-env/lib64/python3.11/site-packages/airflow/example_dags/example_setup_teardown.py
[2023-10-07T04:47:36.833+0530] {processor.py:829} INFO - Processing file /home/raj/Downloads/kafka_2.13-3.5.1/airflow-env/lib64/python3.11/site-packages/airflow/example_dags/example_setup_teardown.py for tasks to queue
[2023-10-07T04:47:36.834+0530] {logging_mixin.py:151} INFO - [2023-10-07T04:47:36.834+0530] {dagbag.py:539} INFO - Filling up the DagBag from /home/raj/Downloads/kafka_2.13-3.5.1/airflow-env/lib64/python3.11/site-packages/airflow/example_dags/example_setup_teardown.py
[2023-10-07T04:47:36.850+0530] {processor.py:839} INFO - DAG(s) dict_keys(['example_setup_teardown']) retrieved from /home/raj/Downloads/kafka_2.13-3.5.1/airflow-env/lib64/python3.11/site-packages/airflow/example_dags/example_setup_teardown.py
[2023-10-07T04:47:36.881+0530] {logging_mixin.py:151} INFO - [2023-10-07T04:47:36.881+0530] {dag.py:2915} INFO - Sync 1 DAGs
[2023-10-07T04:47:36.898+0530] {logging_mixin.py:151} INFO - [2023-10-07T04:47:36.898+0530] {dag.py:3696} INFO - Setting next_dagrun for example_setup_teardown to 2023-10-05T23:17:36.898334+00:00, run_after=2023-10-06T23:17:36.898334+00:00
[2023-10-07T04:47:36.922+0530] {processor.py:179} INFO - Processing /home/raj/Downloads/kafka_2.13-3.5.1/airflow-env/lib64/python3.11/site-packages/airflow/example_dags/example_setup_teardown.py took 0.103 seconds
[2023-10-07T04:48:27.982+0530] {processor.py:157} INFO - Started process (PID=11094) to work on /home/raj/Downloads/kafka_2.13-3.5.1/airflow-env/lib64/python3.11/site-packages/airflow/example_dags/example_setup_teardown.py
[2023-10-07T04:48:27.994+0530] {processor.py:829} INFO - Processing file /home/raj/Downloads/kafka_2.13-3.5.1/airflow-env/lib64/python3.11/site-packages/airflow/example_dags/example_setup_teardown.py for tasks to queue
[2023-10-07T04:48:27.995+0530] {logging_mixin.py:151} INFO - [2023-10-07T04:48:27.994+0530] {dagbag.py:539} INFO - Filling up the DagBag from /home/raj/Downloads/kafka_2.13-3.5.1/airflow-env/lib64/python3.11/site-packages/airflow/example_dags/example_setup_teardown.py
[2023-10-07T04:48:28.012+0530] {processor.py:839} INFO - DAG(s) dict_keys(['example_setup_teardown']) retrieved from /home/raj/Downloads/kafka_2.13-3.5.1/airflow-env/lib64/python3.11/site-packages/airflow/example_dags/example_setup_teardown.py
[2023-10-07T04:48:28.043+0530] {logging_mixin.py:151} INFO - [2023-10-07T04:48:28.043+0530] {dag.py:2915} INFO - Sync 1 DAGs
[2023-10-07T04:48:28.060+0530] {logging_mixin.py:151} INFO - [2023-10-07T04:48:28.060+0530] {dag.py:3696} INFO - Setting next_dagrun for example_setup_teardown to 2023-10-05T23:18:28.060008+00:00, run_after=2023-10-06T23:18:28.060008+00:00
[2023-10-07T04:48:28.081+0530] {processor.py:179} INFO - Processing /home/raj/Downloads/kafka_2.13-3.5.1/airflow-env/lib64/python3.11/site-packages/airflow/example_dags/example_setup_teardown.py took 0.104 seconds
[2023-10-07T04:49:22.915+0530] {processor.py:157} INFO - Started process (PID=11223) to work on /home/raj/Downloads/kafka_2.13-3.5.1/airflow-env/lib64/python3.11/site-packages/airflow/example_dags/example_setup_teardown.py
[2023-10-07T04:49:22.928+0530] {processor.py:829} INFO - Processing file /home/raj/Downloads/kafka_2.13-3.5.1/airflow-env/lib64/python3.11/site-packages/airflow/example_dags/example_setup_teardown.py for tasks to queue
[2023-10-07T04:49:22.929+0530] {logging_mixin.py:151} INFO - [2023-10-07T04:49:22.928+0530] {dagbag.py:539} INFO - Filling up the DagBag from /home/raj/Downloads/kafka_2.13-3.5.1/airflow-env/lib64/python3.11/site-packages/airflow/example_dags/example_setup_teardown.py
[2023-10-07T04:49:22.937+0530] {processor.py:839} INFO - DAG(s) dict_keys(['example_setup_teardown']) retrieved from /home/raj/Downloads/kafka_2.13-3.5.1/airflow-env/lib64/python3.11/site-packages/airflow/example_dags/example_setup_teardown.py
[2023-10-07T04:49:22.956+0530] {logging_mixin.py:151} INFO - [2023-10-07T04:49:22.955+0530] {dag.py:2915} INFO - Sync 1 DAGs
[2023-10-07T04:49:22.983+0530] {logging_mixin.py:151} INFO - [2023-10-07T04:49:22.983+0530] {dag.py:3696} INFO - Setting next_dagrun for example_setup_teardown to 2023-10-05T23:19:22.983436+00:00, run_after=2023-10-06T23:19:22.983436+00:00
[2023-10-07T04:49:23.010+0530] {processor.py:179} INFO - Processing /home/raj/Downloads/kafka_2.13-3.5.1/airflow-env/lib64/python3.11/site-packages/airflow/example_dags/example_setup_teardown.py took 0.097 seconds
[2023-10-07T04:50:19.428+0530] {processor.py:157} INFO - Started process (PID=11316) to work on /home/raj/Downloads/kafka_2.13-3.5.1/airflow-env/lib64/python3.11/site-packages/airflow/example_dags/example_setup_teardown.py
[2023-10-07T04:50:19.439+0530] {processor.py:829} INFO - Processing file /home/raj/Downloads/kafka_2.13-3.5.1/airflow-env/lib64/python3.11/site-packages/airflow/example_dags/example_setup_teardown.py for tasks to queue
[2023-10-07T04:50:19.441+0530] {logging_mixin.py:151} INFO - [2023-10-07T04:50:19.440+0530] {dagbag.py:539} INFO - Filling up the DagBag from /home/raj/Downloads/kafka_2.13-3.5.1/airflow-env/lib64/python3.11/site-packages/airflow/example_dags/example_setup_teardown.py
[2023-10-07T04:50:19.458+0530] {processor.py:839} INFO - DAG(s) dict_keys(['example_setup_teardown']) retrieved from /home/raj/Downloads/kafka_2.13-3.5.1/airflow-env/lib64/python3.11/site-packages/airflow/example_dags/example_setup_teardown.py
[2023-10-07T04:50:19.480+0530] {logging_mixin.py:151} INFO - [2023-10-07T04:50:19.480+0530] {dag.py:2915} INFO - Sync 1 DAGs
[2023-10-07T04:50:19.500+0530] {logging_mixin.py:151} INFO - [2023-10-07T04:50:19.499+0530] {dag.py:3696} INFO - Setting next_dagrun for example_setup_teardown to 2023-10-05T23:20:19.499655+00:00, run_after=2023-10-06T23:20:19.499655+00:00
[2023-10-07T04:50:19.519+0530] {processor.py:179} INFO - Processing /home/raj/Downloads/kafka_2.13-3.5.1/airflow-env/lib64/python3.11/site-packages/airflow/example_dags/example_setup_teardown.py took 0.096 seconds
[2023-10-07T04:51:08.143+0530] {processor.py:157} INFO - Started process (PID=11424) to work on /home/raj/Downloads/kafka_2.13-3.5.1/airflow-env/lib64/python3.11/site-packages/airflow/example_dags/example_setup_teardown.py
[2023-10-07T04:51:08.154+0530] {processor.py:829} INFO - Processing file /home/raj/Downloads/kafka_2.13-3.5.1/airflow-env/lib64/python3.11/site-packages/airflow/example_dags/example_setup_teardown.py for tasks to queue
[2023-10-07T04:51:08.156+0530] {logging_mixin.py:151} INFO - [2023-10-07T04:51:08.155+0530] {dagbag.py:539} INFO - Filling up the DagBag from /home/raj/Downloads/kafka_2.13-3.5.1/airflow-env/lib64/python3.11/site-packages/airflow/example_dags/example_setup_teardown.py
[2023-10-07T04:51:08.164+0530] {processor.py:839} INFO - DAG(s) dict_keys(['example_setup_teardown']) retrieved from /home/raj/Downloads/kafka_2.13-3.5.1/airflow-env/lib64/python3.11/site-packages/airflow/example_dags/example_setup_teardown.py
[2023-10-07T04:51:08.176+0530] {logging_mixin.py:151} INFO - [2023-10-07T04:51:08.176+0530] {dag.py:2915} INFO - Sync 1 DAGs
[2023-10-07T04:51:08.192+0530] {logging_mixin.py:151} INFO - [2023-10-07T04:51:08.192+0530] {dag.py:3696} INFO - Setting next_dagrun for example_setup_teardown to 2023-10-05T23:21:08.192099+00:00, run_after=2023-10-06T23:21:08.192099+00:00
[2023-10-07T04:51:08.212+0530] {processor.py:179} INFO - Processing /home/raj/Downloads/kafka_2.13-3.5.1/airflow-env/lib64/python3.11/site-packages/airflow/example_dags/example_setup_teardown.py took 0.073 seconds
[2023-10-07T04:52:02.794+0530] {processor.py:157} INFO - Started process (PID=11599) to work on /home/raj/Downloads/kafka_2.13-3.5.1/airflow-env/lib64/python3.11/site-packages/airflow/example_dags/example_setup_teardown.py
[2023-10-07T04:52:02.805+0530] {processor.py:829} INFO - Processing file /home/raj/Downloads/kafka_2.13-3.5.1/airflow-env/lib64/python3.11/site-packages/airflow/example_dags/example_setup_teardown.py for tasks to queue
[2023-10-07T04:52:02.806+0530] {logging_mixin.py:151} INFO - [2023-10-07T04:52:02.805+0530] {dagbag.py:539} INFO - Filling up the DagBag from /home/raj/Downloads/kafka_2.13-3.5.1/airflow-env/lib64/python3.11/site-packages/airflow/example_dags/example_setup_teardown.py
[2023-10-07T04:52:02.814+0530] {processor.py:839} INFO - DAG(s) dict_keys(['example_setup_teardown']) retrieved from /home/raj/Downloads/kafka_2.13-3.5.1/airflow-env/lib64/python3.11/site-packages/airflow/example_dags/example_setup_teardown.py
[2023-10-07T04:52:02.833+0530] {logging_mixin.py:151} INFO - [2023-10-07T04:52:02.833+0530] {dag.py:2915} INFO - Sync 1 DAGs
[2023-10-07T04:52:02.856+0530] {logging_mixin.py:151} INFO - [2023-10-07T04:52:02.856+0530] {dag.py:3696} INFO - Setting next_dagrun for example_setup_teardown to 2023-10-05T23:22:02.855959+00:00, run_after=2023-10-06T23:22:02.855959+00:00
[2023-10-07T04:52:02.880+0530] {processor.py:179} INFO - Processing /home/raj/Downloads/kafka_2.13-3.5.1/airflow-env/lib64/python3.11/site-packages/airflow/example_dags/example_setup_teardown.py took 0.090 seconds
[2023-10-07T04:52:55.140+0530] {processor.py:157} INFO - Started process (PID=11767) to work on /home/raj/Downloads/kafka_2.13-3.5.1/airflow-env/lib64/python3.11/site-packages/airflow/example_dags/example_setup_teardown.py
[2023-10-07T04:52:55.151+0530] {processor.py:829} INFO - Processing file /home/raj/Downloads/kafka_2.13-3.5.1/airflow-env/lib64/python3.11/site-packages/airflow/example_dags/example_setup_teardown.py for tasks to queue
[2023-10-07T04:52:55.152+0530] {logging_mixin.py:151} INFO - [2023-10-07T04:52:55.151+0530] {dagbag.py:539} INFO - Filling up the DagBag from /home/raj/Downloads/kafka_2.13-3.5.1/airflow-env/lib64/python3.11/site-packages/airflow/example_dags/example_setup_teardown.py
[2023-10-07T04:52:55.167+0530] {processor.py:839} INFO - DAG(s) dict_keys(['example_setup_teardown']) retrieved from /home/raj/Downloads/kafka_2.13-3.5.1/airflow-env/lib64/python3.11/site-packages/airflow/example_dags/example_setup_teardown.py
[2023-10-07T04:52:55.197+0530] {logging_mixin.py:151} INFO - [2023-10-07T04:52:55.197+0530] {dag.py:2915} INFO - Sync 1 DAGs
[2023-10-07T04:52:55.214+0530] {logging_mixin.py:151} INFO - [2023-10-07T04:52:55.213+0530] {dag.py:3696} INFO - Setting next_dagrun for example_setup_teardown to 2023-10-05T23:22:55.213731+00:00, run_after=2023-10-06T23:22:55.213731+00:00
[2023-10-07T04:52:55.232+0530] {processor.py:179} INFO - Processing /home/raj/Downloads/kafka_2.13-3.5.1/airflow-env/lib64/python3.11/site-packages/airflow/example_dags/example_setup_teardown.py took 0.097 seconds
[2023-10-07T04:53:39.702+0530] {processor.py:157} INFO - Started process (PID=11927) to work on /home/raj/Downloads/kafka_2.13-3.5.1/airflow-env/lib64/python3.11/site-packages/airflow/example_dags/example_setup_teardown.py
[2023-10-07T04:53:39.712+0530] {processor.py:829} INFO - Processing file /home/raj/Downloads/kafka_2.13-3.5.1/airflow-env/lib64/python3.11/site-packages/airflow/example_dags/example_setup_teardown.py for tasks to queue
[2023-10-07T04:53:39.714+0530] {logging_mixin.py:151} INFO - [2023-10-07T04:53:39.713+0530] {dagbag.py:539} INFO - Filling up the DagBag from /home/raj/Downloads/kafka_2.13-3.5.1/airflow-env/lib64/python3.11/site-packages/airflow/example_dags/example_setup_teardown.py
[2023-10-07T04:53:39.721+0530] {processor.py:839} INFO - DAG(s) dict_keys(['example_setup_teardown']) retrieved from /home/raj/Downloads/kafka_2.13-3.5.1/airflow-env/lib64/python3.11/site-packages/airflow/example_dags/example_setup_teardown.py
[2023-10-07T04:53:39.734+0530] {logging_mixin.py:151} INFO - [2023-10-07T04:53:39.733+0530] {dag.py:2915} INFO - Sync 1 DAGs
[2023-10-07T04:53:39.749+0530] {logging_mixin.py:151} INFO - [2023-10-07T04:53:39.749+0530] {dag.py:3696} INFO - Setting next_dagrun for example_setup_teardown to 2023-10-05T23:23:39.749349+00:00, run_after=2023-10-06T23:23:39.749349+00:00
[2023-10-07T04:53:39.766+0530] {processor.py:179} INFO - Processing /home/raj/Downloads/kafka_2.13-3.5.1/airflow-env/lib64/python3.11/site-packages/airflow/example_dags/example_setup_teardown.py took 0.067 seconds
[2023-10-07T04:54:28.681+0530] {processor.py:157} INFO - Started process (PID=11998) to work on /home/raj/Downloads/kafka_2.13-3.5.1/airflow-env/lib64/python3.11/site-packages/airflow/example_dags/example_setup_teardown.py
[2023-10-07T04:54:28.683+0530] {processor.py:829} INFO - Processing file /home/raj/Downloads/kafka_2.13-3.5.1/airflow-env/lib64/python3.11/site-packages/airflow/example_dags/example_setup_teardown.py for tasks to queue
[2023-10-07T04:54:28.685+0530] {logging_mixin.py:151} INFO - [2023-10-07T04:54:28.684+0530] {dagbag.py:539} INFO - Filling up the DagBag from /home/raj/Downloads/kafka_2.13-3.5.1/airflow-env/lib64/python3.11/site-packages/airflow/example_dags/example_setup_teardown.py
[2023-10-07T04:54:28.692+0530] {processor.py:839} INFO - DAG(s) dict_keys(['example_setup_teardown']) retrieved from /home/raj/Downloads/kafka_2.13-3.5.1/airflow-env/lib64/python3.11/site-packages/airflow/example_dags/example_setup_teardown.py
[2023-10-07T04:54:28.705+0530] {logging_mixin.py:151} INFO - [2023-10-07T04:54:28.705+0530] {dag.py:2915} INFO - Sync 1 DAGs
[2023-10-07T04:54:28.720+0530] {logging_mixin.py:151} INFO - [2023-10-07T04:54:28.720+0530] {dag.py:3696} INFO - Setting next_dagrun for example_setup_teardown to 2023-10-05T23:24:28.720265+00:00, run_after=2023-10-06T23:24:28.720265+00:00
[2023-10-07T04:54:28.737+0530] {processor.py:179} INFO - Processing /home/raj/Downloads/kafka_2.13-3.5.1/airflow-env/lib64/python3.11/site-packages/airflow/example_dags/example_setup_teardown.py took 0.061 seconds
[2023-10-07T04:55:04.702+0530] {processor.py:157} INFO - Started process (PID=12099) to work on /home/raj/Downloads/kafka_2.13-3.5.1/airflow-env/lib64/python3.11/site-packages/airflow/example_dags/example_setup_teardown.py
[2023-10-07T04:55:04.713+0530] {processor.py:829} INFO - Processing file /home/raj/Downloads/kafka_2.13-3.5.1/airflow-env/lib64/python3.11/site-packages/airflow/example_dags/example_setup_teardown.py for tasks to queue
[2023-10-07T04:55:04.714+0530] {logging_mixin.py:151} INFO - [2023-10-07T04:55:04.713+0530] {dagbag.py:539} INFO - Filling up the DagBag from /home/raj/Downloads/kafka_2.13-3.5.1/airflow-env/lib64/python3.11/site-packages/airflow/example_dags/example_setup_teardown.py
[2023-10-07T04:55:04.729+0530] {processor.py:839} INFO - DAG(s) dict_keys(['example_setup_teardown']) retrieved from /home/raj/Downloads/kafka_2.13-3.5.1/airflow-env/lib64/python3.11/site-packages/airflow/example_dags/example_setup_teardown.py
[2023-10-07T04:55:04.744+0530] {logging_mixin.py:151} INFO - [2023-10-07T04:55:04.744+0530] {dag.py:2915} INFO - Sync 1 DAGs
[2023-10-07T04:55:04.762+0530] {logging_mixin.py:151} INFO - [2023-10-07T04:55:04.762+0530] {dag.py:3696} INFO - Setting next_dagrun for example_setup_teardown to 2023-10-05T23:25:04.762539+00:00, run_after=2023-10-06T23:25:04.762539+00:00
[2023-10-07T04:55:04.780+0530] {processor.py:179} INFO - Processing /home/raj/Downloads/kafka_2.13-3.5.1/airflow-env/lib64/python3.11/site-packages/airflow/example_dags/example_setup_teardown.py took 0.084 seconds
[2023-10-07T04:55:42.066+0530] {processor.py:157} INFO - Started process (PID=12208) to work on /home/raj/Downloads/kafka_2.13-3.5.1/airflow-env/lib64/python3.11/site-packages/airflow/example_dags/example_setup_teardown.py
[2023-10-07T04:55:42.077+0530] {processor.py:829} INFO - Processing file /home/raj/Downloads/kafka_2.13-3.5.1/airflow-env/lib64/python3.11/site-packages/airflow/example_dags/example_setup_teardown.py for tasks to queue
[2023-10-07T04:55:42.079+0530] {logging_mixin.py:151} INFO - [2023-10-07T04:55:42.078+0530] {dagbag.py:539} INFO - Filling up the DagBag from /home/raj/Downloads/kafka_2.13-3.5.1/airflow-env/lib64/python3.11/site-packages/airflow/example_dags/example_setup_teardown.py
[2023-10-07T04:55:42.087+0530] {processor.py:839} INFO - DAG(s) dict_keys(['example_setup_teardown']) retrieved from /home/raj/Downloads/kafka_2.13-3.5.1/airflow-env/lib64/python3.11/site-packages/airflow/example_dags/example_setup_teardown.py
[2023-10-07T04:55:42.103+0530] {logging_mixin.py:151} INFO - [2023-10-07T04:55:42.103+0530] {dag.py:2915} INFO - Sync 1 DAGs
[2023-10-07T04:55:42.123+0530] {logging_mixin.py:151} INFO - [2023-10-07T04:55:42.123+0530] {dag.py:3696} INFO - Setting next_dagrun for example_setup_teardown to 2023-10-05T23:25:42.123424+00:00, run_after=2023-10-06T23:25:42.123424+00:00
[2023-10-07T04:55:42.145+0530] {processor.py:179} INFO - Processing /home/raj/Downloads/kafka_2.13-3.5.1/airflow-env/lib64/python3.11/site-packages/airflow/example_dags/example_setup_teardown.py took 0.083 seconds
[2023-10-07T04:56:27.844+0530] {processor.py:157} INFO - Started process (PID=12274) to work on /home/raj/Downloads/kafka_2.13-3.5.1/airflow-env/lib64/python3.11/site-packages/airflow/example_dags/example_setup_teardown.py
[2023-10-07T04:56:27.856+0530] {processor.py:829} INFO - Processing file /home/raj/Downloads/kafka_2.13-3.5.1/airflow-env/lib64/python3.11/site-packages/airflow/example_dags/example_setup_teardown.py for tasks to queue
[2023-10-07T04:56:27.857+0530] {logging_mixin.py:151} INFO - [2023-10-07T04:56:27.856+0530] {dagbag.py:539} INFO - Filling up the DagBag from /home/raj/Downloads/kafka_2.13-3.5.1/airflow-env/lib64/python3.11/site-packages/airflow/example_dags/example_setup_teardown.py
[2023-10-07T04:56:27.873+0530] {processor.py:839} INFO - DAG(s) dict_keys(['example_setup_teardown']) retrieved from /home/raj/Downloads/kafka_2.13-3.5.1/airflow-env/lib64/python3.11/site-packages/airflow/example_dags/example_setup_teardown.py
[2023-10-07T04:56:27.903+0530] {logging_mixin.py:151} INFO - [2023-10-07T04:56:27.903+0530] {dag.py:2915} INFO - Sync 1 DAGs
[2023-10-07T04:56:27.924+0530] {logging_mixin.py:151} INFO - [2023-10-07T04:56:27.924+0530] {dag.py:3696} INFO - Setting next_dagrun for example_setup_teardown to 2023-10-05T23:26:27.924240+00:00, run_after=2023-10-06T23:26:27.924240+00:00
[2023-10-07T04:56:27.947+0530] {processor.py:179} INFO - Processing /home/raj/Downloads/kafka_2.13-3.5.1/airflow-env/lib64/python3.11/site-packages/airflow/example_dags/example_setup_teardown.py took 0.108 seconds
[2023-10-07T04:57:14.660+0530] {processor.py:157} INFO - Started process (PID=12414) to work on /home/raj/Downloads/kafka_2.13-3.5.1/airflow-env/lib64/python3.11/site-packages/airflow/example_dags/example_setup_teardown.py
[2023-10-07T04:57:14.671+0530] {processor.py:829} INFO - Processing file /home/raj/Downloads/kafka_2.13-3.5.1/airflow-env/lib64/python3.11/site-packages/airflow/example_dags/example_setup_teardown.py for tasks to queue
[2023-10-07T04:57:14.672+0530] {logging_mixin.py:151} INFO - [2023-10-07T04:57:14.672+0530] {dagbag.py:539} INFO - Filling up the DagBag from /home/raj/Downloads/kafka_2.13-3.5.1/airflow-env/lib64/python3.11/site-packages/airflow/example_dags/example_setup_teardown.py
[2023-10-07T04:57:14.680+0530] {processor.py:839} INFO - DAG(s) dict_keys(['example_setup_teardown']) retrieved from /home/raj/Downloads/kafka_2.13-3.5.1/airflow-env/lib64/python3.11/site-packages/airflow/example_dags/example_setup_teardown.py
[2023-10-07T04:57:14.693+0530] {logging_mixin.py:151} INFO - [2023-10-07T04:57:14.693+0530] {dag.py:2915} INFO - Sync 1 DAGs
[2023-10-07T04:57:14.709+0530] {logging_mixin.py:151} INFO - [2023-10-07T04:57:14.709+0530] {dag.py:3696} INFO - Setting next_dagrun for example_setup_teardown to 2023-10-05T23:27:14.708981+00:00, run_after=2023-10-06T23:27:14.708981+00:00
[2023-10-07T04:57:14.726+0530] {processor.py:179} INFO - Processing /home/raj/Downloads/kafka_2.13-3.5.1/airflow-env/lib64/python3.11/site-packages/airflow/example_dags/example_setup_teardown.py took 0.072 seconds
[2023-10-07T04:58:04.020+0530] {processor.py:157} INFO - Started process (PID=12499) to work on /home/raj/Downloads/kafka_2.13-3.5.1/airflow-env/lib64/python3.11/site-packages/airflow/example_dags/example_setup_teardown.py
[2023-10-07T04:58:04.031+0530] {processor.py:829} INFO - Processing file /home/raj/Downloads/kafka_2.13-3.5.1/airflow-env/lib64/python3.11/site-packages/airflow/example_dags/example_setup_teardown.py for tasks to queue
[2023-10-07T04:58:04.032+0530] {logging_mixin.py:151} INFO - [2023-10-07T04:58:04.032+0530] {dagbag.py:539} INFO - Filling up the DagBag from /home/raj/Downloads/kafka_2.13-3.5.1/airflow-env/lib64/python3.11/site-packages/airflow/example_dags/example_setup_teardown.py
[2023-10-07T04:58:04.045+0530] {processor.py:839} INFO - DAG(s) dict_keys(['example_setup_teardown']) retrieved from /home/raj/Downloads/kafka_2.13-3.5.1/airflow-env/lib64/python3.11/site-packages/airflow/example_dags/example_setup_teardown.py
[2023-10-07T04:58:04.058+0530] {logging_mixin.py:151} INFO - [2023-10-07T04:58:04.058+0530] {dag.py:2915} INFO - Sync 1 DAGs
[2023-10-07T04:58:04.074+0530] {logging_mixin.py:151} INFO - [2023-10-07T04:58:04.073+0530] {dag.py:3696} INFO - Setting next_dagrun for example_setup_teardown to 2023-10-05T23:28:04.073769+00:00, run_after=2023-10-06T23:28:04.073769+00:00
[2023-10-07T04:58:04.096+0530] {processor.py:179} INFO - Processing /home/raj/Downloads/kafka_2.13-3.5.1/airflow-env/lib64/python3.11/site-packages/airflow/example_dags/example_setup_teardown.py took 0.081 seconds
[2023-10-07T04:58:56.039+0530] {processor.py:157} INFO - Started process (PID=12629) to work on /home/raj/Downloads/kafka_2.13-3.5.1/airflow-env/lib64/python3.11/site-packages/airflow/example_dags/example_setup_teardown.py
[2023-10-07T04:58:56.045+0530] {processor.py:829} INFO - Processing file /home/raj/Downloads/kafka_2.13-3.5.1/airflow-env/lib64/python3.11/site-packages/airflow/example_dags/example_setup_teardown.py for tasks to queue
[2023-10-07T04:58:56.046+0530] {logging_mixin.py:151} INFO - [2023-10-07T04:58:56.045+0530] {dagbag.py:539} INFO - Filling up the DagBag from /home/raj/Downloads/kafka_2.13-3.5.1/airflow-env/lib64/python3.11/site-packages/airflow/example_dags/example_setup_teardown.py
[2023-10-07T04:58:56.061+0530] {processor.py:839} INFO - DAG(s) dict_keys(['example_setup_teardown']) retrieved from /home/raj/Downloads/kafka_2.13-3.5.1/airflow-env/lib64/python3.11/site-packages/airflow/example_dags/example_setup_teardown.py
[2023-10-07T04:58:56.088+0530] {logging_mixin.py:151} INFO - [2023-10-07T04:58:56.088+0530] {dag.py:2915} INFO - Sync 1 DAGs
[2023-10-07T04:58:56.105+0530] {logging_mixin.py:151} INFO - [2023-10-07T04:58:56.105+0530] {dag.py:3696} INFO - Setting next_dagrun for example_setup_teardown to 2023-10-05T23:28:56.105154+00:00, run_after=2023-10-06T23:28:56.105154+00:00
[2023-10-07T04:58:56.123+0530] {processor.py:179} INFO - Processing /home/raj/Downloads/kafka_2.13-3.5.1/airflow-env/lib64/python3.11/site-packages/airflow/example_dags/example_setup_teardown.py took 0.090 seconds
