[2023-10-07T03:59:47.652+0530] {processor.py:157} INFO - Started process (PID=18035) to work on /home/raj/Downloads/kafka_2.13-3.5.1/airflow-env/lib64/python3.11/site-packages/airflow/example_dags/example_short_circuit_decorator.py
[2023-10-07T03:59:47.653+0530] {processor.py:829} INFO - Processing file /home/raj/Downloads/kafka_2.13-3.5.1/airflow-env/lib64/python3.11/site-packages/airflow/example_dags/example_short_circuit_decorator.py for tasks to queue
[2023-10-07T03:59:47.655+0530] {logging_mixin.py:151} INFO - [2023-10-07T03:59:47.654+0530] {dagbag.py:539} INFO - Filling up the DagBag from /home/raj/Downloads/kafka_2.13-3.5.1/airflow-env/lib64/python3.11/site-packages/airflow/example_dags/example_short_circuit_decorator.py
[2023-10-07T03:59:47.675+0530] {processor.py:839} INFO - DAG(s) dict_keys(['example_short_circuit_decorator']) retrieved from /home/raj/Downloads/kafka_2.13-3.5.1/airflow-env/lib64/python3.11/site-packages/airflow/example_dags/example_short_circuit_decorator.py
[2023-10-07T03:59:47.788+0530] {logging_mixin.py:151} INFO - [2023-10-07T03:59:47.788+0530] {manager.py:499} INFO - Created Permission View: %s
[2023-10-07T03:59:47.799+0530] {logging_mixin.py:151} INFO - [2023-10-07T03:59:47.799+0530] {manager.py:499} INFO - Created Permission View: %s
[2023-10-07T03:59:47.809+0530] {logging_mixin.py:151} INFO - [2023-10-07T03:59:47.808+0530] {manager.py:499} INFO - Created Permission View: %s
[2023-10-07T03:59:47.809+0530] {logging_mixin.py:151} INFO - [2023-10-07T03:59:47.809+0530] {security.py:708} INFO - Not syncing DAG-level permissions for DAG 'DAG:example_short_circuit_decorator' as access control is unset.
[2023-10-07T03:59:47.809+0530] {logging_mixin.py:151} INFO - [2023-10-07T03:59:47.809+0530] {dag.py:2915} INFO - Sync 1 DAGs
[2023-10-07T03:59:47.821+0530] {logging_mixin.py:151} INFO - [2023-10-07T03:59:47.821+0530] {dag.py:2937} INFO - Creating ORM DAG for example_short_circuit_decorator
[2023-10-07T03:59:47.832+0530] {logging_mixin.py:151} INFO - [2023-10-07T03:59:47.832+0530] {dag.py:3696} INFO - Setting next_dagrun for example_short_circuit_decorator to 2023-10-05T22:29:47.832350+00:00, run_after=2023-10-06T22:29:47.832350+00:00
[2023-10-07T03:59:47.855+0530] {processor.py:179} INFO - Processing /home/raj/Downloads/kafka_2.13-3.5.1/airflow-env/lib64/python3.11/site-packages/airflow/example_dags/example_short_circuit_decorator.py took 0.209 seconds
[2023-10-07T04:00:38.718+0530] {processor.py:157} INFO - Started process (PID=18147) to work on /home/raj/Downloads/kafka_2.13-3.5.1/airflow-env/lib64/python3.11/site-packages/airflow/example_dags/example_short_circuit_decorator.py
[2023-10-07T04:00:38.719+0530] {processor.py:829} INFO - Processing file /home/raj/Downloads/kafka_2.13-3.5.1/airflow-env/lib64/python3.11/site-packages/airflow/example_dags/example_short_circuit_decorator.py for tasks to queue
[2023-10-07T04:00:38.720+0530] {logging_mixin.py:151} INFO - [2023-10-07T04:00:38.720+0530] {dagbag.py:539} INFO - Filling up the DagBag from /home/raj/Downloads/kafka_2.13-3.5.1/airflow-env/lib64/python3.11/site-packages/airflow/example_dags/example_short_circuit_decorator.py
[2023-10-07T04:00:38.730+0530] {processor.py:839} INFO - DAG(s) dict_keys(['example_short_circuit_decorator']) retrieved from /home/raj/Downloads/kafka_2.13-3.5.1/airflow-env/lib64/python3.11/site-packages/airflow/example_dags/example_short_circuit_decorator.py
[2023-10-07T04:00:38.748+0530] {logging_mixin.py:151} INFO - [2023-10-07T04:00:38.748+0530] {dag.py:2915} INFO - Sync 1 DAGs
[2023-10-07T04:00:38.768+0530] {logging_mixin.py:151} INFO - [2023-10-07T04:00:38.768+0530] {dag.py:3696} INFO - Setting next_dagrun for example_short_circuit_decorator to 2023-10-05T22:30:38.768534+00:00, run_after=2023-10-06T22:30:38.768534+00:00
[2023-10-07T04:00:38.800+0530] {processor.py:179} INFO - Processing /home/raj/Downloads/kafka_2.13-3.5.1/airflow-env/lib64/python3.11/site-packages/airflow/example_dags/example_short_circuit_decorator.py took 0.085 seconds
[2023-10-07T04:01:25.348+0530] {processor.py:157} INFO - Started process (PID=18288) to work on /home/raj/Downloads/kafka_2.13-3.5.1/airflow-env/lib64/python3.11/site-packages/airflow/example_dags/example_short_circuit_decorator.py
[2023-10-07T04:01:25.349+0530] {processor.py:829} INFO - Processing file /home/raj/Downloads/kafka_2.13-3.5.1/airflow-env/lib64/python3.11/site-packages/airflow/example_dags/example_short_circuit_decorator.py for tasks to queue
[2023-10-07T04:01:25.350+0530] {logging_mixin.py:151} INFO - [2023-10-07T04:01:25.349+0530] {dagbag.py:539} INFO - Filling up the DagBag from /home/raj/Downloads/kafka_2.13-3.5.1/airflow-env/lib64/python3.11/site-packages/airflow/example_dags/example_short_circuit_decorator.py
[2023-10-07T04:01:25.360+0530] {processor.py:839} INFO - DAG(s) dict_keys(['example_short_circuit_decorator']) retrieved from /home/raj/Downloads/kafka_2.13-3.5.1/airflow-env/lib64/python3.11/site-packages/airflow/example_dags/example_short_circuit_decorator.py
[2023-10-07T04:01:25.378+0530] {logging_mixin.py:151} INFO - [2023-10-07T04:01:25.377+0530] {dag.py:2915} INFO - Sync 1 DAGs
[2023-10-07T04:01:25.396+0530] {logging_mixin.py:151} INFO - [2023-10-07T04:01:25.396+0530] {dag.py:3696} INFO - Setting next_dagrun for example_short_circuit_decorator to 2023-10-05T22:31:25.396509+00:00, run_after=2023-10-06T22:31:25.396509+00:00
[2023-10-07T04:01:25.430+0530] {processor.py:179} INFO - Processing /home/raj/Downloads/kafka_2.13-3.5.1/airflow-env/lib64/python3.11/site-packages/airflow/example_dags/example_short_circuit_decorator.py took 0.085 seconds
[2023-10-07T04:02:14.808+0530] {processor.py:157} INFO - Started process (PID=18401) to work on /home/raj/Downloads/kafka_2.13-3.5.1/airflow-env/lib64/python3.11/site-packages/airflow/example_dags/example_short_circuit_decorator.py
[2023-10-07T04:02:14.819+0530] {processor.py:829} INFO - Processing file /home/raj/Downloads/kafka_2.13-3.5.1/airflow-env/lib64/python3.11/site-packages/airflow/example_dags/example_short_circuit_decorator.py for tasks to queue
[2023-10-07T04:02:14.820+0530] {logging_mixin.py:151} INFO - [2023-10-07T04:02:14.820+0530] {dagbag.py:539} INFO - Filling up the DagBag from /home/raj/Downloads/kafka_2.13-3.5.1/airflow-env/lib64/python3.11/site-packages/airflow/example_dags/example_short_circuit_decorator.py
[2023-10-07T04:02:14.829+0530] {processor.py:839} INFO - DAG(s) dict_keys(['example_short_circuit_decorator']) retrieved from /home/raj/Downloads/kafka_2.13-3.5.1/airflow-env/lib64/python3.11/site-packages/airflow/example_dags/example_short_circuit_decorator.py
[2023-10-07T04:02:14.846+0530] {logging_mixin.py:151} INFO - [2023-10-07T04:02:14.846+0530] {dag.py:2915} INFO - Sync 1 DAGs
[2023-10-07T04:02:14.863+0530] {logging_mixin.py:151} INFO - [2023-10-07T04:02:14.863+0530] {dag.py:3696} INFO - Setting next_dagrun for example_short_circuit_decorator to 2023-10-05T22:32:14.863412+00:00, run_after=2023-10-06T22:32:14.863412+00:00
[2023-10-07T04:02:14.881+0530] {processor.py:179} INFO - Processing /home/raj/Downloads/kafka_2.13-3.5.1/airflow-env/lib64/python3.11/site-packages/airflow/example_dags/example_short_circuit_decorator.py took 0.079 seconds
[2023-10-07T04:03:08.125+0530] {processor.py:157} INFO - Started process (PID=18601) to work on /home/raj/Downloads/kafka_2.13-3.5.1/airflow-env/lib64/python3.11/site-packages/airflow/example_dags/example_short_circuit_decorator.py
[2023-10-07T04:03:08.126+0530] {processor.py:829} INFO - Processing file /home/raj/Downloads/kafka_2.13-3.5.1/airflow-env/lib64/python3.11/site-packages/airflow/example_dags/example_short_circuit_decorator.py for tasks to queue
[2023-10-07T04:03:08.127+0530] {logging_mixin.py:151} INFO - [2023-10-07T04:03:08.126+0530] {dagbag.py:539} INFO - Filling up the DagBag from /home/raj/Downloads/kafka_2.13-3.5.1/airflow-env/lib64/python3.11/site-packages/airflow/example_dags/example_short_circuit_decorator.py
[2023-10-07T04:03:08.137+0530] {processor.py:839} INFO - DAG(s) dict_keys(['example_short_circuit_decorator']) retrieved from /home/raj/Downloads/kafka_2.13-3.5.1/airflow-env/lib64/python3.11/site-packages/airflow/example_dags/example_short_circuit_decorator.py
[2023-10-07T04:03:08.155+0530] {logging_mixin.py:151} INFO - [2023-10-07T04:03:08.155+0530] {dag.py:2915} INFO - Sync 1 DAGs
[2023-10-07T04:03:08.175+0530] {logging_mixin.py:151} INFO - [2023-10-07T04:03:08.175+0530] {dag.py:3696} INFO - Setting next_dagrun for example_short_circuit_decorator to 2023-10-05T22:33:08.175443+00:00, run_after=2023-10-06T22:33:08.175443+00:00
[2023-10-07T04:03:08.195+0530] {processor.py:179} INFO - Processing /home/raj/Downloads/kafka_2.13-3.5.1/airflow-env/lib64/python3.11/site-packages/airflow/example_dags/example_short_circuit_decorator.py took 0.073 seconds
[2023-10-07T04:03:53.633+0530] {processor.py:157} INFO - Started process (PID=18690) to work on /home/raj/Downloads/kafka_2.13-3.5.1/airflow-env/lib64/python3.11/site-packages/airflow/example_dags/example_short_circuit_decorator.py
[2023-10-07T04:03:53.644+0530] {processor.py:829} INFO - Processing file /home/raj/Downloads/kafka_2.13-3.5.1/airflow-env/lib64/python3.11/site-packages/airflow/example_dags/example_short_circuit_decorator.py for tasks to queue
[2023-10-07T04:03:53.645+0530] {logging_mixin.py:151} INFO - [2023-10-07T04:03:53.644+0530] {dagbag.py:539} INFO - Filling up the DagBag from /home/raj/Downloads/kafka_2.13-3.5.1/airflow-env/lib64/python3.11/site-packages/airflow/example_dags/example_short_circuit_decorator.py
[2023-10-07T04:03:53.669+0530] {processor.py:839} INFO - DAG(s) dict_keys(['example_short_circuit_decorator']) retrieved from /home/raj/Downloads/kafka_2.13-3.5.1/airflow-env/lib64/python3.11/site-packages/airflow/example_dags/example_short_circuit_decorator.py
[2023-10-07T04:03:53.694+0530] {logging_mixin.py:151} INFO - [2023-10-07T04:03:53.694+0530] {dag.py:2915} INFO - Sync 1 DAGs
[2023-10-07T04:03:53.732+0530] {logging_mixin.py:151} INFO - [2023-10-07T04:03:53.732+0530] {dag.py:3696} INFO - Setting next_dagrun for example_short_circuit_decorator to 2023-10-05T22:33:53.731988+00:00, run_after=2023-10-06T22:33:53.731988+00:00
[2023-10-07T04:03:53.765+0530] {processor.py:179} INFO - Processing /home/raj/Downloads/kafka_2.13-3.5.1/airflow-env/lib64/python3.11/site-packages/airflow/example_dags/example_short_circuit_decorator.py took 0.136 seconds
[2023-10-07T04:04:43.129+0530] {processor.py:157} INFO - Started process (PID=18777) to work on /home/raj/Downloads/kafka_2.13-3.5.1/airflow-env/lib64/python3.11/site-packages/airflow/example_dags/example_short_circuit_decorator.py
[2023-10-07T04:04:43.140+0530] {processor.py:829} INFO - Processing file /home/raj/Downloads/kafka_2.13-3.5.1/airflow-env/lib64/python3.11/site-packages/airflow/example_dags/example_short_circuit_decorator.py for tasks to queue
[2023-10-07T04:04:43.142+0530] {logging_mixin.py:151} INFO - [2023-10-07T04:04:43.141+0530] {dagbag.py:539} INFO - Filling up the DagBag from /home/raj/Downloads/kafka_2.13-3.5.1/airflow-env/lib64/python3.11/site-packages/airflow/example_dags/example_short_circuit_decorator.py
[2023-10-07T04:04:43.167+0530] {processor.py:839} INFO - DAG(s) dict_keys(['example_short_circuit_decorator']) retrieved from /home/raj/Downloads/kafka_2.13-3.5.1/airflow-env/lib64/python3.11/site-packages/airflow/example_dags/example_short_circuit_decorator.py
[2023-10-07T04:04:43.195+0530] {logging_mixin.py:151} INFO - [2023-10-07T04:04:43.194+0530] {dag.py:2915} INFO - Sync 1 DAGs
[2023-10-07T04:04:43.211+0530] {logging_mixin.py:151} INFO - [2023-10-07T04:04:43.211+0530] {dag.py:3696} INFO - Setting next_dagrun for example_short_circuit_decorator to 2023-10-05T22:34:43.210901+00:00, run_after=2023-10-06T22:34:43.210901+00:00
[2023-10-07T04:04:43.232+0530] {processor.py:179} INFO - Processing /home/raj/Downloads/kafka_2.13-3.5.1/airflow-env/lib64/python3.11/site-packages/airflow/example_dags/example_short_circuit_decorator.py took 0.108 seconds
[2023-10-07T04:05:35.022+0530] {processor.py:157} INFO - Started process (PID=18980) to work on /home/raj/Downloads/kafka_2.13-3.5.1/airflow-env/lib64/python3.11/site-packages/airflow/example_dags/example_short_circuit_decorator.py
[2023-10-07T04:05:35.023+0530] {processor.py:829} INFO - Processing file /home/raj/Downloads/kafka_2.13-3.5.1/airflow-env/lib64/python3.11/site-packages/airflow/example_dags/example_short_circuit_decorator.py for tasks to queue
[2023-10-07T04:05:35.025+0530] {logging_mixin.py:151} INFO - [2023-10-07T04:05:35.024+0530] {dagbag.py:539} INFO - Filling up the DagBag from /home/raj/Downloads/kafka_2.13-3.5.1/airflow-env/lib64/python3.11/site-packages/airflow/example_dags/example_short_circuit_decorator.py
[2023-10-07T04:05:35.048+0530] {processor.py:839} INFO - DAG(s) dict_keys(['example_short_circuit_decorator']) retrieved from /home/raj/Downloads/kafka_2.13-3.5.1/airflow-env/lib64/python3.11/site-packages/airflow/example_dags/example_short_circuit_decorator.py
[2023-10-07T04:05:35.068+0530] {logging_mixin.py:151} INFO - [2023-10-07T04:05:35.068+0530] {dag.py:2915} INFO - Sync 1 DAGs
[2023-10-07T04:05:35.084+0530] {logging_mixin.py:151} INFO - [2023-10-07T04:05:35.084+0530] {dag.py:3696} INFO - Setting next_dagrun for example_short_circuit_decorator to 2023-10-05T22:35:35.084363+00:00, run_after=2023-10-06T22:35:35.084363+00:00
[2023-10-07T04:05:35.105+0530] {processor.py:179} INFO - Processing /home/raj/Downloads/kafka_2.13-3.5.1/airflow-env/lib64/python3.11/site-packages/airflow/example_dags/example_short_circuit_decorator.py took 0.088 seconds
[2023-10-07T04:06:28.338+0530] {processor.py:157} INFO - Started process (PID=19094) to work on /home/raj/Downloads/kafka_2.13-3.5.1/airflow-env/lib64/python3.11/site-packages/airflow/example_dags/example_short_circuit_decorator.py
[2023-10-07T04:06:28.349+0530] {processor.py:829} INFO - Processing file /home/raj/Downloads/kafka_2.13-3.5.1/airflow-env/lib64/python3.11/site-packages/airflow/example_dags/example_short_circuit_decorator.py for tasks to queue
[2023-10-07T04:06:28.351+0530] {logging_mixin.py:151} INFO - [2023-10-07T04:06:28.350+0530] {dagbag.py:539} INFO - Filling up the DagBag from /home/raj/Downloads/kafka_2.13-3.5.1/airflow-env/lib64/python3.11/site-packages/airflow/example_dags/example_short_circuit_decorator.py
[2023-10-07T04:06:28.371+0530] {processor.py:839} INFO - DAG(s) dict_keys(['example_short_circuit_decorator']) retrieved from /home/raj/Downloads/kafka_2.13-3.5.1/airflow-env/lib64/python3.11/site-packages/airflow/example_dags/example_short_circuit_decorator.py
[2023-10-07T04:06:28.400+0530] {logging_mixin.py:151} INFO - [2023-10-07T04:06:28.400+0530] {dag.py:2915} INFO - Sync 1 DAGs
[2023-10-07T04:06:28.419+0530] {logging_mixin.py:151} INFO - [2023-10-07T04:06:28.419+0530] {dag.py:3696} INFO - Setting next_dagrun for example_short_circuit_decorator to 2023-10-05T22:36:28.419125+00:00, run_after=2023-10-06T22:36:28.419125+00:00
[2023-10-07T04:06:28.440+0530] {processor.py:179} INFO - Processing /home/raj/Downloads/kafka_2.13-3.5.1/airflow-env/lib64/python3.11/site-packages/airflow/example_dags/example_short_circuit_decorator.py took 0.108 seconds
[2023-10-07T04:07:25.496+0530] {processor.py:157} INFO - Started process (PID=19199) to work on /home/raj/Downloads/kafka_2.13-3.5.1/airflow-env/lib64/python3.11/site-packages/airflow/example_dags/example_short_circuit_decorator.py
[2023-10-07T04:07:25.507+0530] {processor.py:829} INFO - Processing file /home/raj/Downloads/kafka_2.13-3.5.1/airflow-env/lib64/python3.11/site-packages/airflow/example_dags/example_short_circuit_decorator.py for tasks to queue
[2023-10-07T04:07:25.509+0530] {logging_mixin.py:151} INFO - [2023-10-07T04:07:25.508+0530] {dagbag.py:539} INFO - Filling up the DagBag from /home/raj/Downloads/kafka_2.13-3.5.1/airflow-env/lib64/python3.11/site-packages/airflow/example_dags/example_short_circuit_decorator.py
[2023-10-07T04:07:25.528+0530] {processor.py:839} INFO - DAG(s) dict_keys(['example_short_circuit_decorator']) retrieved from /home/raj/Downloads/kafka_2.13-3.5.1/airflow-env/lib64/python3.11/site-packages/airflow/example_dags/example_short_circuit_decorator.py
[2023-10-07T04:07:25.558+0530] {logging_mixin.py:151} INFO - [2023-10-07T04:07:25.558+0530] {dag.py:2915} INFO - Sync 1 DAGs
[2023-10-07T04:07:25.574+0530] {logging_mixin.py:151} INFO - [2023-10-07T04:07:25.574+0530] {dag.py:3696} INFO - Setting next_dagrun for example_short_circuit_decorator to 2023-10-05T22:37:25.574157+00:00, run_after=2023-10-06T22:37:25.574157+00:00
[2023-10-07T04:07:25.595+0530] {processor.py:179} INFO - Processing /home/raj/Downloads/kafka_2.13-3.5.1/airflow-env/lib64/python3.11/site-packages/airflow/example_dags/example_short_circuit_decorator.py took 0.104 seconds
[2023-10-07T04:08:18.983+0530] {processor.py:157} INFO - Started process (PID=19255) to work on /home/raj/Downloads/kafka_2.13-3.5.1/airflow-env/lib64/python3.11/site-packages/airflow/example_dags/example_short_circuit_decorator.py
[2023-10-07T04:08:18.995+0530] {processor.py:829} INFO - Processing file /home/raj/Downloads/kafka_2.13-3.5.1/airflow-env/lib64/python3.11/site-packages/airflow/example_dags/example_short_circuit_decorator.py for tasks to queue
[2023-10-07T04:08:18.996+0530] {logging_mixin.py:151} INFO - [2023-10-07T04:08:18.996+0530] {dagbag.py:539} INFO - Filling up the DagBag from /home/raj/Downloads/kafka_2.13-3.5.1/airflow-env/lib64/python3.11/site-packages/airflow/example_dags/example_short_circuit_decorator.py
[2023-10-07T04:08:19.018+0530] {processor.py:839} INFO - DAG(s) dict_keys(['example_short_circuit_decorator']) retrieved from /home/raj/Downloads/kafka_2.13-3.5.1/airflow-env/lib64/python3.11/site-packages/airflow/example_dags/example_short_circuit_decorator.py
[2023-10-07T04:08:19.037+0530] {logging_mixin.py:151} INFO - [2023-10-07T04:08:19.036+0530] {dag.py:2915} INFO - Sync 1 DAGs
[2023-10-07T04:08:19.055+0530] {logging_mixin.py:151} INFO - [2023-10-07T04:08:19.055+0530] {dag.py:3696} INFO - Setting next_dagrun for example_short_circuit_decorator to 2023-10-05T22:38:19.055187+00:00, run_after=2023-10-06T22:38:19.055187+00:00
[2023-10-07T04:08:19.077+0530] {processor.py:179} INFO - Processing /home/raj/Downloads/kafka_2.13-3.5.1/airflow-env/lib64/python3.11/site-packages/airflow/example_dags/example_short_circuit_decorator.py took 0.100 seconds
[2023-10-07T04:09:13.646+0530] {processor.py:157} INFO - Started process (PID=19312) to work on /home/raj/Downloads/kafka_2.13-3.5.1/airflow-env/lib64/python3.11/site-packages/airflow/example_dags/example_short_circuit_decorator.py
[2023-10-07T04:09:13.657+0530] {processor.py:829} INFO - Processing file /home/raj/Downloads/kafka_2.13-3.5.1/airflow-env/lib64/python3.11/site-packages/airflow/example_dags/example_short_circuit_decorator.py for tasks to queue
[2023-10-07T04:09:13.659+0530] {logging_mixin.py:151} INFO - [2023-10-07T04:09:13.658+0530] {dagbag.py:539} INFO - Filling up the DagBag from /home/raj/Downloads/kafka_2.13-3.5.1/airflow-env/lib64/python3.11/site-packages/airflow/example_dags/example_short_circuit_decorator.py
[2023-10-07T04:09:13.682+0530] {processor.py:839} INFO - DAG(s) dict_keys(['example_short_circuit_decorator']) retrieved from /home/raj/Downloads/kafka_2.13-3.5.1/airflow-env/lib64/python3.11/site-packages/airflow/example_dags/example_short_circuit_decorator.py
[2023-10-07T04:09:13.702+0530] {logging_mixin.py:151} INFO - [2023-10-07T04:09:13.702+0530] {dag.py:2915} INFO - Sync 1 DAGs
[2023-10-07T04:09:13.719+0530] {logging_mixin.py:151} INFO - [2023-10-07T04:09:13.719+0530] {dag.py:3696} INFO - Setting next_dagrun for example_short_circuit_decorator to 2023-10-05T22:39:13.719454+00:00, run_after=2023-10-06T22:39:13.719454+00:00
[2023-10-07T04:09:13.742+0530] {processor.py:179} INFO - Processing /home/raj/Downloads/kafka_2.13-3.5.1/airflow-env/lib64/python3.11/site-packages/airflow/example_dags/example_short_circuit_decorator.py took 0.098 seconds
[2023-10-07T04:10:03.029+0530] {processor.py:157} INFO - Started process (PID=19361) to work on /home/raj/Downloads/kafka_2.13-3.5.1/airflow-env/lib64/python3.11/site-packages/airflow/example_dags/example_short_circuit_decorator.py
[2023-10-07T04:10:03.039+0530] {processor.py:829} INFO - Processing file /home/raj/Downloads/kafka_2.13-3.5.1/airflow-env/lib64/python3.11/site-packages/airflow/example_dags/example_short_circuit_decorator.py for tasks to queue
[2023-10-07T04:10:03.040+0530] {logging_mixin.py:151} INFO - [2023-10-07T04:10:03.040+0530] {dagbag.py:539} INFO - Filling up the DagBag from /home/raj/Downloads/kafka_2.13-3.5.1/airflow-env/lib64/python3.11/site-packages/airflow/example_dags/example_short_circuit_decorator.py
[2023-10-07T04:10:03.061+0530] {processor.py:839} INFO - DAG(s) dict_keys(['example_short_circuit_decorator']) retrieved from /home/raj/Downloads/kafka_2.13-3.5.1/airflow-env/lib64/python3.11/site-packages/airflow/example_dags/example_short_circuit_decorator.py
[2023-10-07T04:10:03.081+0530] {logging_mixin.py:151} INFO - [2023-10-07T04:10:03.081+0530] {dag.py:2915} INFO - Sync 1 DAGs
[2023-10-07T04:10:03.099+0530] {logging_mixin.py:151} INFO - [2023-10-07T04:10:03.099+0530] {dag.py:3696} INFO - Setting next_dagrun for example_short_circuit_decorator to 2023-10-05T22:40:03.099279+00:00, run_after=2023-10-06T22:40:03.099279+00:00
[2023-10-07T04:10:03.119+0530] {processor.py:179} INFO - Processing /home/raj/Downloads/kafka_2.13-3.5.1/airflow-env/lib64/python3.11/site-packages/airflow/example_dags/example_short_circuit_decorator.py took 0.093 seconds
[2023-10-07T04:10:51.909+0530] {processor.py:157} INFO - Started process (PID=19428) to work on /home/raj/Downloads/kafka_2.13-3.5.1/airflow-env/lib64/python3.11/site-packages/airflow/example_dags/example_short_circuit_decorator.py
[2023-10-07T04:10:51.921+0530] {processor.py:829} INFO - Processing file /home/raj/Downloads/kafka_2.13-3.5.1/airflow-env/lib64/python3.11/site-packages/airflow/example_dags/example_short_circuit_decorator.py for tasks to queue
[2023-10-07T04:10:51.922+0530] {logging_mixin.py:151} INFO - [2023-10-07T04:10:51.922+0530] {dagbag.py:539} INFO - Filling up the DagBag from /home/raj/Downloads/kafka_2.13-3.5.1/airflow-env/lib64/python3.11/site-packages/airflow/example_dags/example_short_circuit_decorator.py
[2023-10-07T04:10:51.943+0530] {processor.py:839} INFO - DAG(s) dict_keys(['example_short_circuit_decorator']) retrieved from /home/raj/Downloads/kafka_2.13-3.5.1/airflow-env/lib64/python3.11/site-packages/airflow/example_dags/example_short_circuit_decorator.py
[2023-10-07T04:10:51.968+0530] {logging_mixin.py:151} INFO - [2023-10-07T04:10:51.968+0530] {dag.py:2915} INFO - Sync 1 DAGs
[2023-10-07T04:10:51.984+0530] {logging_mixin.py:151} INFO - [2023-10-07T04:10:51.983+0530] {dag.py:3696} INFO - Setting next_dagrun for example_short_circuit_decorator to 2023-10-05T22:40:51.983794+00:00, run_after=2023-10-06T22:40:51.983794+00:00
[2023-10-07T04:10:52.001+0530] {processor.py:179} INFO - Processing /home/raj/Downloads/kafka_2.13-3.5.1/airflow-env/lib64/python3.11/site-packages/airflow/example_dags/example_short_circuit_decorator.py took 0.097 seconds
[2023-10-07T04:11:46.049+0530] {processor.py:157} INFO - Started process (PID=19493) to work on /home/raj/Downloads/kafka_2.13-3.5.1/airflow-env/lib64/python3.11/site-packages/airflow/example_dags/example_short_circuit_decorator.py
[2023-10-07T04:11:46.061+0530] {processor.py:829} INFO - Processing file /home/raj/Downloads/kafka_2.13-3.5.1/airflow-env/lib64/python3.11/site-packages/airflow/example_dags/example_short_circuit_decorator.py for tasks to queue
[2023-10-07T04:11:46.062+0530] {logging_mixin.py:151} INFO - [2023-10-07T04:11:46.062+0530] {dagbag.py:539} INFO - Filling up the DagBag from /home/raj/Downloads/kafka_2.13-3.5.1/airflow-env/lib64/python3.11/site-packages/airflow/example_dags/example_short_circuit_decorator.py
[2023-10-07T04:11:46.085+0530] {processor.py:839} INFO - DAG(s) dict_keys(['example_short_circuit_decorator']) retrieved from /home/raj/Downloads/kafka_2.13-3.5.1/airflow-env/lib64/python3.11/site-packages/airflow/example_dags/example_short_circuit_decorator.py
[2023-10-07T04:11:46.113+0530] {logging_mixin.py:151} INFO - [2023-10-07T04:11:46.113+0530] {dag.py:2915} INFO - Sync 1 DAGs
[2023-10-07T04:11:46.132+0530] {logging_mixin.py:151} INFO - [2023-10-07T04:11:46.132+0530] {dag.py:3696} INFO - Setting next_dagrun for example_short_circuit_decorator to 2023-10-05T22:41:46.132511+00:00, run_after=2023-10-06T22:41:46.132511+00:00
[2023-10-07T04:11:46.157+0530] {processor.py:179} INFO - Processing /home/raj/Downloads/kafka_2.13-3.5.1/airflow-env/lib64/python3.11/site-packages/airflow/example_dags/example_short_circuit_decorator.py took 0.114 seconds
[2023-10-07T04:12:42.078+0530] {processor.py:157} INFO - Started process (PID=19565) to work on /home/raj/Downloads/kafka_2.13-3.5.1/airflow-env/lib64/python3.11/site-packages/airflow/example_dags/example_short_circuit_decorator.py
[2023-10-07T04:12:42.089+0530] {processor.py:829} INFO - Processing file /home/raj/Downloads/kafka_2.13-3.5.1/airflow-env/lib64/python3.11/site-packages/airflow/example_dags/example_short_circuit_decorator.py for tasks to queue
[2023-10-07T04:12:42.091+0530] {logging_mixin.py:151} INFO - [2023-10-07T04:12:42.090+0530] {dagbag.py:539} INFO - Filling up the DagBag from /home/raj/Downloads/kafka_2.13-3.5.1/airflow-env/lib64/python3.11/site-packages/airflow/example_dags/example_short_circuit_decorator.py
[2023-10-07T04:12:42.112+0530] {processor.py:839} INFO - DAG(s) dict_keys(['example_short_circuit_decorator']) retrieved from /home/raj/Downloads/kafka_2.13-3.5.1/airflow-env/lib64/python3.11/site-packages/airflow/example_dags/example_short_circuit_decorator.py
[2023-10-07T04:12:42.139+0530] {logging_mixin.py:151} INFO - [2023-10-07T04:12:42.139+0530] {dag.py:2915} INFO - Sync 1 DAGs
[2023-10-07T04:12:42.155+0530] {logging_mixin.py:151} INFO - [2023-10-07T04:12:42.154+0530] {dag.py:3696} INFO - Setting next_dagrun for example_short_circuit_decorator to 2023-10-05T22:42:42.154777+00:00, run_after=2023-10-06T22:42:42.154777+00:00
[2023-10-07T04:12:42.172+0530] {processor.py:179} INFO - Processing /home/raj/Downloads/kafka_2.13-3.5.1/airflow-env/lib64/python3.11/site-packages/airflow/example_dags/example_short_circuit_decorator.py took 0.100 seconds
[2023-10-07T04:13:33.551+0530] {processor.py:157} INFO - Started process (PID=19619) to work on /home/raj/Downloads/kafka_2.13-3.5.1/airflow-env/lib64/python3.11/site-packages/airflow/example_dags/example_short_circuit_decorator.py
[2023-10-07T04:13:33.563+0530] {processor.py:829} INFO - Processing file /home/raj/Downloads/kafka_2.13-3.5.1/airflow-env/lib64/python3.11/site-packages/airflow/example_dags/example_short_circuit_decorator.py for tasks to queue
[2023-10-07T04:13:33.564+0530] {logging_mixin.py:151} INFO - [2023-10-07T04:13:33.563+0530] {dagbag.py:539} INFO - Filling up the DagBag from /home/raj/Downloads/kafka_2.13-3.5.1/airflow-env/lib64/python3.11/site-packages/airflow/example_dags/example_short_circuit_decorator.py
[2023-10-07T04:13:33.586+0530] {processor.py:839} INFO - DAG(s) dict_keys(['example_short_circuit_decorator']) retrieved from /home/raj/Downloads/kafka_2.13-3.5.1/airflow-env/lib64/python3.11/site-packages/airflow/example_dags/example_short_circuit_decorator.py
[2023-10-07T04:13:33.614+0530] {logging_mixin.py:151} INFO - [2023-10-07T04:13:33.614+0530] {dag.py:2915} INFO - Sync 1 DAGs
[2023-10-07T04:13:33.630+0530] {logging_mixin.py:151} INFO - [2023-10-07T04:13:33.629+0530] {dag.py:3696} INFO - Setting next_dagrun for example_short_circuit_decorator to 2023-10-05T22:43:33.629743+00:00, run_after=2023-10-06T22:43:33.629743+00:00
[2023-10-07T04:13:33.651+0530] {processor.py:179} INFO - Processing /home/raj/Downloads/kafka_2.13-3.5.1/airflow-env/lib64/python3.11/site-packages/airflow/example_dags/example_short_circuit_decorator.py took 0.105 seconds
[2023-10-07T04:14:24.654+0530] {processor.py:157} INFO - Started process (PID=19671) to work on /home/raj/Downloads/kafka_2.13-3.5.1/airflow-env/lib64/python3.11/site-packages/airflow/example_dags/example_short_circuit_decorator.py
[2023-10-07T04:14:24.666+0530] {processor.py:829} INFO - Processing file /home/raj/Downloads/kafka_2.13-3.5.1/airflow-env/lib64/python3.11/site-packages/airflow/example_dags/example_short_circuit_decorator.py for tasks to queue
[2023-10-07T04:14:24.667+0530] {logging_mixin.py:151} INFO - [2023-10-07T04:14:24.667+0530] {dagbag.py:539} INFO - Filling up the DagBag from /home/raj/Downloads/kafka_2.13-3.5.1/airflow-env/lib64/python3.11/site-packages/airflow/example_dags/example_short_circuit_decorator.py
[2023-10-07T04:14:24.687+0530] {processor.py:839} INFO - DAG(s) dict_keys(['example_short_circuit_decorator']) retrieved from /home/raj/Downloads/kafka_2.13-3.5.1/airflow-env/lib64/python3.11/site-packages/airflow/example_dags/example_short_circuit_decorator.py
[2023-10-07T04:14:24.716+0530] {logging_mixin.py:151} INFO - [2023-10-07T04:14:24.716+0530] {dag.py:2915} INFO - Sync 1 DAGs
[2023-10-07T04:14:24.733+0530] {logging_mixin.py:151} INFO - [2023-10-07T04:14:24.733+0530] {dag.py:3696} INFO - Setting next_dagrun for example_short_circuit_decorator to 2023-10-05T22:44:24.732818+00:00, run_after=2023-10-06T22:44:24.732818+00:00
[2023-10-07T04:14:24.750+0530] {processor.py:179} INFO - Processing /home/raj/Downloads/kafka_2.13-3.5.1/airflow-env/lib64/python3.11/site-packages/airflow/example_dags/example_short_circuit_decorator.py took 0.101 seconds
[2023-10-07T04:15:15.230+0530] {processor.py:157} INFO - Started process (PID=19758) to work on /home/raj/Downloads/kafka_2.13-3.5.1/airflow-env/lib64/python3.11/site-packages/airflow/example_dags/example_short_circuit_decorator.py
[2023-10-07T04:15:15.241+0530] {processor.py:829} INFO - Processing file /home/raj/Downloads/kafka_2.13-3.5.1/airflow-env/lib64/python3.11/site-packages/airflow/example_dags/example_short_circuit_decorator.py for tasks to queue
[2023-10-07T04:15:15.243+0530] {logging_mixin.py:151} INFO - [2023-10-07T04:15:15.242+0530] {dagbag.py:539} INFO - Filling up the DagBag from /home/raj/Downloads/kafka_2.13-3.5.1/airflow-env/lib64/python3.11/site-packages/airflow/example_dags/example_short_circuit_decorator.py
[2023-10-07T04:15:15.258+0530] {processor.py:839} INFO - DAG(s) dict_keys(['example_short_circuit_decorator']) retrieved from /home/raj/Downloads/kafka_2.13-3.5.1/airflow-env/lib64/python3.11/site-packages/airflow/example_dags/example_short_circuit_decorator.py
[2023-10-07T04:15:15.275+0530] {logging_mixin.py:151} INFO - [2023-10-07T04:15:15.275+0530] {dag.py:2915} INFO - Sync 1 DAGs
[2023-10-07T04:15:15.295+0530] {logging_mixin.py:151} INFO - [2023-10-07T04:15:15.295+0530] {dag.py:3696} INFO - Setting next_dagrun for example_short_circuit_decorator to 2023-10-05T22:45:15.295122+00:00, run_after=2023-10-06T22:45:15.295122+00:00
[2023-10-07T04:15:15.316+0530] {processor.py:179} INFO - Processing /home/raj/Downloads/kafka_2.13-3.5.1/airflow-env/lib64/python3.11/site-packages/airflow/example_dags/example_short_circuit_decorator.py took 0.088 seconds
[2023-10-07T04:16:03.797+0530] {processor.py:157} INFO - Started process (PID=19831) to work on /home/raj/Downloads/kafka_2.13-3.5.1/airflow-env/lib64/python3.11/site-packages/airflow/example_dags/example_short_circuit_decorator.py
[2023-10-07T04:16:03.809+0530] {processor.py:829} INFO - Processing file /home/raj/Downloads/kafka_2.13-3.5.1/airflow-env/lib64/python3.11/site-packages/airflow/example_dags/example_short_circuit_decorator.py for tasks to queue
[2023-10-07T04:16:03.810+0530] {logging_mixin.py:151} INFO - [2023-10-07T04:16:03.809+0530] {dagbag.py:539} INFO - Filling up the DagBag from /home/raj/Downloads/kafka_2.13-3.5.1/airflow-env/lib64/python3.11/site-packages/airflow/example_dags/example_short_circuit_decorator.py
[2023-10-07T04:16:03.820+0530] {processor.py:839} INFO - DAG(s) dict_keys(['example_short_circuit_decorator']) retrieved from /home/raj/Downloads/kafka_2.13-3.5.1/airflow-env/lib64/python3.11/site-packages/airflow/example_dags/example_short_circuit_decorator.py
[2023-10-07T04:16:03.835+0530] {logging_mixin.py:151} INFO - [2023-10-07T04:16:03.835+0530] {dag.py:2915} INFO - Sync 1 DAGs
[2023-10-07T04:16:03.851+0530] {logging_mixin.py:151} INFO - [2023-10-07T04:16:03.851+0530] {dag.py:3696} INFO - Setting next_dagrun for example_short_circuit_decorator to 2023-10-05T22:46:03.851078+00:00, run_after=2023-10-06T22:46:03.851078+00:00
[2023-10-07T04:16:03.869+0530] {processor.py:179} INFO - Processing /home/raj/Downloads/kafka_2.13-3.5.1/airflow-env/lib64/python3.11/site-packages/airflow/example_dags/example_short_circuit_decorator.py took 0.077 seconds
[2023-10-07T04:16:43.997+0530] {processor.py:157} INFO - Started process (PID=19872) to work on /home/raj/Downloads/kafka_2.13-3.5.1/airflow-env/lib64/python3.11/site-packages/airflow/example_dags/example_short_circuit_decorator.py
[2023-10-07T04:16:44.008+0530] {processor.py:829} INFO - Processing file /home/raj/Downloads/kafka_2.13-3.5.1/airflow-env/lib64/python3.11/site-packages/airflow/example_dags/example_short_circuit_decorator.py for tasks to queue
[2023-10-07T04:16:44.010+0530] {logging_mixin.py:151} INFO - [2023-10-07T04:16:44.009+0530] {dagbag.py:539} INFO - Filling up the DagBag from /home/raj/Downloads/kafka_2.13-3.5.1/airflow-env/lib64/python3.11/site-packages/airflow/example_dags/example_short_circuit_decorator.py
[2023-10-07T04:16:44.020+0530] {processor.py:839} INFO - DAG(s) dict_keys(['example_short_circuit_decorator']) retrieved from /home/raj/Downloads/kafka_2.13-3.5.1/airflow-env/lib64/python3.11/site-packages/airflow/example_dags/example_short_circuit_decorator.py
[2023-10-07T04:16:44.037+0530] {logging_mixin.py:151} INFO - [2023-10-07T04:16:44.037+0530] {dag.py:2915} INFO - Sync 1 DAGs
[2023-10-07T04:16:44.057+0530] {logging_mixin.py:151} INFO - [2023-10-07T04:16:44.057+0530] {dag.py:3696} INFO - Setting next_dagrun for example_short_circuit_decorator to 2023-10-05T22:46:44.057203+00:00, run_after=2023-10-06T22:46:44.057203+00:00
[2023-10-07T04:16:44.080+0530] {processor.py:179} INFO - Processing /home/raj/Downloads/kafka_2.13-3.5.1/airflow-env/lib64/python3.11/site-packages/airflow/example_dags/example_short_circuit_decorator.py took 0.085 seconds
[2023-10-07T04:17:33.619+0530] {processor.py:157} INFO - Started process (PID=19928) to work on /home/raj/Downloads/kafka_2.13-3.5.1/airflow-env/lib64/python3.11/site-packages/airflow/example_dags/example_short_circuit_decorator.py
[2023-10-07T04:17:33.630+0530] {processor.py:829} INFO - Processing file /home/raj/Downloads/kafka_2.13-3.5.1/airflow-env/lib64/python3.11/site-packages/airflow/example_dags/example_short_circuit_decorator.py for tasks to queue
[2023-10-07T04:17:33.632+0530] {logging_mixin.py:151} INFO - [2023-10-07T04:17:33.631+0530] {dagbag.py:539} INFO - Filling up the DagBag from /home/raj/Downloads/kafka_2.13-3.5.1/airflow-env/lib64/python3.11/site-packages/airflow/example_dags/example_short_circuit_decorator.py
[2023-10-07T04:17:33.649+0530] {processor.py:839} INFO - DAG(s) dict_keys(['example_short_circuit_decorator']) retrieved from /home/raj/Downloads/kafka_2.13-3.5.1/airflow-env/lib64/python3.11/site-packages/airflow/example_dags/example_short_circuit_decorator.py
[2023-10-07T04:17:33.664+0530] {logging_mixin.py:151} INFO - [2023-10-07T04:17:33.664+0530] {dag.py:2915} INFO - Sync 1 DAGs
[2023-10-07T04:17:33.680+0530] {logging_mixin.py:151} INFO - [2023-10-07T04:17:33.680+0530] {dag.py:3696} INFO - Setting next_dagrun for example_short_circuit_decorator to 2023-10-05T22:47:33.679825+00:00, run_after=2023-10-06T22:47:33.679825+00:00
[2023-10-07T04:17:33.698+0530] {processor.py:179} INFO - Processing /home/raj/Downloads/kafka_2.13-3.5.1/airflow-env/lib64/python3.11/site-packages/airflow/example_dags/example_short_circuit_decorator.py took 0.084 seconds
[2023-10-07T04:18:25.395+0530] {processor.py:157} INFO - Started process (PID=19981) to work on /home/raj/Downloads/kafka_2.13-3.5.1/airflow-env/lib64/python3.11/site-packages/airflow/example_dags/example_short_circuit_decorator.py
[2023-10-07T04:18:25.407+0530] {processor.py:829} INFO - Processing file /home/raj/Downloads/kafka_2.13-3.5.1/airflow-env/lib64/python3.11/site-packages/airflow/example_dags/example_short_circuit_decorator.py for tasks to queue
[2023-10-07T04:18:25.408+0530] {logging_mixin.py:151} INFO - [2023-10-07T04:18:25.408+0530] {dagbag.py:539} INFO - Filling up the DagBag from /home/raj/Downloads/kafka_2.13-3.5.1/airflow-env/lib64/python3.11/site-packages/airflow/example_dags/example_short_circuit_decorator.py
[2023-10-07T04:18:25.429+0530] {processor.py:839} INFO - DAG(s) dict_keys(['example_short_circuit_decorator']) retrieved from /home/raj/Downloads/kafka_2.13-3.5.1/airflow-env/lib64/python3.11/site-packages/airflow/example_dags/example_short_circuit_decorator.py
[2023-10-07T04:18:25.458+0530] {logging_mixin.py:151} INFO - [2023-10-07T04:18:25.458+0530] {dag.py:2915} INFO - Sync 1 DAGs
[2023-10-07T04:18:25.474+0530] {logging_mixin.py:151} INFO - [2023-10-07T04:18:25.474+0530] {dag.py:3696} INFO - Setting next_dagrun for example_short_circuit_decorator to 2023-10-05T22:48:25.474222+00:00, run_after=2023-10-06T22:48:25.474222+00:00
[2023-10-07T04:18:25.496+0530] {processor.py:179} INFO - Processing /home/raj/Downloads/kafka_2.13-3.5.1/airflow-env/lib64/python3.11/site-packages/airflow/example_dags/example_short_circuit_decorator.py took 0.106 seconds
[2023-10-07T04:19:18.679+0530] {processor.py:157} INFO - Started process (PID=20035) to work on /home/raj/Downloads/kafka_2.13-3.5.1/airflow-env/lib64/python3.11/site-packages/airflow/example_dags/example_short_circuit_decorator.py
[2023-10-07T04:19:18.691+0530] {processor.py:829} INFO - Processing file /home/raj/Downloads/kafka_2.13-3.5.1/airflow-env/lib64/python3.11/site-packages/airflow/example_dags/example_short_circuit_decorator.py for tasks to queue
[2023-10-07T04:19:18.692+0530] {logging_mixin.py:151} INFO - [2023-10-07T04:19:18.692+0530] {dagbag.py:539} INFO - Filling up the DagBag from /home/raj/Downloads/kafka_2.13-3.5.1/airflow-env/lib64/python3.11/site-packages/airflow/example_dags/example_short_circuit_decorator.py
[2023-10-07T04:19:18.713+0530] {processor.py:839} INFO - DAG(s) dict_keys(['example_short_circuit_decorator']) retrieved from /home/raj/Downloads/kafka_2.13-3.5.1/airflow-env/lib64/python3.11/site-packages/airflow/example_dags/example_short_circuit_decorator.py
[2023-10-07T04:19:18.741+0530] {logging_mixin.py:151} INFO - [2023-10-07T04:19:18.741+0530] {dag.py:2915} INFO - Sync 1 DAGs
[2023-10-07T04:19:18.757+0530] {logging_mixin.py:151} INFO - [2023-10-07T04:19:18.757+0530] {dag.py:3696} INFO - Setting next_dagrun for example_short_circuit_decorator to 2023-10-05T22:49:18.756885+00:00, run_after=2023-10-06T22:49:18.756885+00:00
[2023-10-07T04:19:18.774+0530] {processor.py:179} INFO - Processing /home/raj/Downloads/kafka_2.13-3.5.1/airflow-env/lib64/python3.11/site-packages/airflow/example_dags/example_short_circuit_decorator.py took 0.100 seconds
[2023-10-07T04:20:15.213+0530] {processor.py:157} INFO - Started process (PID=20384) to work on /home/raj/Downloads/kafka_2.13-3.5.1/airflow-env/lib64/python3.11/site-packages/airflow/example_dags/example_short_circuit_decorator.py
[2023-10-07T04:20:15.224+0530] {processor.py:829} INFO - Processing file /home/raj/Downloads/kafka_2.13-3.5.1/airflow-env/lib64/python3.11/site-packages/airflow/example_dags/example_short_circuit_decorator.py for tasks to queue
[2023-10-07T04:20:15.226+0530] {logging_mixin.py:151} INFO - [2023-10-07T04:20:15.225+0530] {dagbag.py:539} INFO - Filling up the DagBag from /home/raj/Downloads/kafka_2.13-3.5.1/airflow-env/lib64/python3.11/site-packages/airflow/example_dags/example_short_circuit_decorator.py
[2023-10-07T04:20:15.247+0530] {processor.py:839} INFO - DAG(s) dict_keys(['example_short_circuit_decorator']) retrieved from /home/raj/Downloads/kafka_2.13-3.5.1/airflow-env/lib64/python3.11/site-packages/airflow/example_dags/example_short_circuit_decorator.py
[2023-10-07T04:20:15.275+0530] {logging_mixin.py:151} INFO - [2023-10-07T04:20:15.275+0530] {dag.py:2915} INFO - Sync 1 DAGs
[2023-10-07T04:20:15.293+0530] {logging_mixin.py:151} INFO - [2023-10-07T04:20:15.293+0530] {dag.py:3696} INFO - Setting next_dagrun for example_short_circuit_decorator to 2023-10-05T22:50:15.293415+00:00, run_after=2023-10-06T22:50:15.293415+00:00
[2023-10-07T04:20:15.314+0530] {processor.py:179} INFO - Processing /home/raj/Downloads/kafka_2.13-3.5.1/airflow-env/lib64/python3.11/site-packages/airflow/example_dags/example_short_circuit_decorator.py took 0.106 seconds
[2023-10-07T04:21:10.790+0530] {processor.py:157} INFO - Started process (PID=20574) to work on /home/raj/Downloads/kafka_2.13-3.5.1/airflow-env/lib64/python3.11/site-packages/airflow/example_dags/example_short_circuit_decorator.py
[2023-10-07T04:21:10.801+0530] {processor.py:829} INFO - Processing file /home/raj/Downloads/kafka_2.13-3.5.1/airflow-env/lib64/python3.11/site-packages/airflow/example_dags/example_short_circuit_decorator.py for tasks to queue
[2023-10-07T04:21:10.803+0530] {logging_mixin.py:151} INFO - [2023-10-07T04:21:10.802+0530] {dagbag.py:539} INFO - Filling up the DagBag from /home/raj/Downloads/kafka_2.13-3.5.1/airflow-env/lib64/python3.11/site-packages/airflow/example_dags/example_short_circuit_decorator.py
[2023-10-07T04:21:10.823+0530] {processor.py:839} INFO - DAG(s) dict_keys(['example_short_circuit_decorator']) retrieved from /home/raj/Downloads/kafka_2.13-3.5.1/airflow-env/lib64/python3.11/site-packages/airflow/example_dags/example_short_circuit_decorator.py
[2023-10-07T04:21:10.852+0530] {logging_mixin.py:151} INFO - [2023-10-07T04:21:10.852+0530] {dag.py:2915} INFO - Sync 1 DAGs
[2023-10-07T04:21:10.871+0530] {logging_mixin.py:151} INFO - [2023-10-07T04:21:10.871+0530] {dag.py:3696} INFO - Setting next_dagrun for example_short_circuit_decorator to 2023-10-05T22:51:10.870801+00:00, run_after=2023-10-06T22:51:10.870801+00:00
[2023-10-07T04:21:10.889+0530] {processor.py:179} INFO - Processing /home/raj/Downloads/kafka_2.13-3.5.1/airflow-env/lib64/python3.11/site-packages/airflow/example_dags/example_short_circuit_decorator.py took 0.104 seconds
[2023-10-07T04:22:00.094+0530] {processor.py:157} INFO - Started process (PID=20736) to work on /home/raj/Downloads/kafka_2.13-3.5.1/airflow-env/lib64/python3.11/site-packages/airflow/example_dags/example_short_circuit_decorator.py
[2023-10-07T04:22:00.105+0530] {processor.py:829} INFO - Processing file /home/raj/Downloads/kafka_2.13-3.5.1/airflow-env/lib64/python3.11/site-packages/airflow/example_dags/example_short_circuit_decorator.py for tasks to queue
[2023-10-07T04:22:00.107+0530] {logging_mixin.py:151} INFO - [2023-10-07T04:22:00.106+0530] {dagbag.py:539} INFO - Filling up the DagBag from /home/raj/Downloads/kafka_2.13-3.5.1/airflow-env/lib64/python3.11/site-packages/airflow/example_dags/example_short_circuit_decorator.py
[2023-10-07T04:22:00.125+0530] {processor.py:839} INFO - DAG(s) dict_keys(['example_short_circuit_decorator']) retrieved from /home/raj/Downloads/kafka_2.13-3.5.1/airflow-env/lib64/python3.11/site-packages/airflow/example_dags/example_short_circuit_decorator.py
[2023-10-07T04:22:00.151+0530] {logging_mixin.py:151} INFO - [2023-10-07T04:22:00.151+0530] {dag.py:2915} INFO - Sync 1 DAGs
[2023-10-07T04:22:00.169+0530] {logging_mixin.py:151} INFO - [2023-10-07T04:22:00.169+0530] {dag.py:3696} INFO - Setting next_dagrun for example_short_circuit_decorator to 2023-10-05T22:52:00.169346+00:00, run_after=2023-10-06T22:52:00.169346+00:00
[2023-10-07T04:22:00.189+0530] {processor.py:179} INFO - Processing /home/raj/Downloads/kafka_2.13-3.5.1/airflow-env/lib64/python3.11/site-packages/airflow/example_dags/example_short_circuit_decorator.py took 0.101 seconds
[2023-10-07T04:22:50.687+0530] {processor.py:157} INFO - Started process (PID=20847) to work on /home/raj/Downloads/kafka_2.13-3.5.1/airflow-env/lib64/python3.11/site-packages/airflow/example_dags/example_short_circuit_decorator.py
[2023-10-07T04:22:50.698+0530] {processor.py:829} INFO - Processing file /home/raj/Downloads/kafka_2.13-3.5.1/airflow-env/lib64/python3.11/site-packages/airflow/example_dags/example_short_circuit_decorator.py for tasks to queue
[2023-10-07T04:22:50.700+0530] {logging_mixin.py:151} INFO - [2023-10-07T04:22:50.699+0530] {dagbag.py:539} INFO - Filling up the DagBag from /home/raj/Downloads/kafka_2.13-3.5.1/airflow-env/lib64/python3.11/site-packages/airflow/example_dags/example_short_circuit_decorator.py
[2023-10-07T04:22:50.723+0530] {processor.py:839} INFO - DAG(s) dict_keys(['example_short_circuit_decorator']) retrieved from /home/raj/Downloads/kafka_2.13-3.5.1/airflow-env/lib64/python3.11/site-packages/airflow/example_dags/example_short_circuit_decorator.py
[2023-10-07T04:22:50.748+0530] {logging_mixin.py:151} INFO - [2023-10-07T04:22:50.748+0530] {dag.py:2915} INFO - Sync 1 DAGs
[2023-10-07T04:22:50.771+0530] {logging_mixin.py:151} INFO - [2023-10-07T04:22:50.771+0530] {dag.py:3696} INFO - Setting next_dagrun for example_short_circuit_decorator to 2023-10-05T22:52:50.770914+00:00, run_after=2023-10-06T22:52:50.770914+00:00
[2023-10-07T04:22:50.797+0530] {processor.py:179} INFO - Processing /home/raj/Downloads/kafka_2.13-3.5.1/airflow-env/lib64/python3.11/site-packages/airflow/example_dags/example_short_circuit_decorator.py took 0.116 seconds
[2023-10-07T04:23:42.707+0530] {processor.py:157} INFO - Started process (PID=20948) to work on /home/raj/Downloads/kafka_2.13-3.5.1/airflow-env/lib64/python3.11/site-packages/airflow/example_dags/example_short_circuit_decorator.py
[2023-10-07T04:23:42.718+0530] {processor.py:829} INFO - Processing file /home/raj/Downloads/kafka_2.13-3.5.1/airflow-env/lib64/python3.11/site-packages/airflow/example_dags/example_short_circuit_decorator.py for tasks to queue
[2023-10-07T04:23:42.719+0530] {logging_mixin.py:151} INFO - [2023-10-07T04:23:42.718+0530] {dagbag.py:539} INFO - Filling up the DagBag from /home/raj/Downloads/kafka_2.13-3.5.1/airflow-env/lib64/python3.11/site-packages/airflow/example_dags/example_short_circuit_decorator.py
[2023-10-07T04:23:42.730+0530] {processor.py:839} INFO - DAG(s) dict_keys(['example_short_circuit_decorator']) retrieved from /home/raj/Downloads/kafka_2.13-3.5.1/airflow-env/lib64/python3.11/site-packages/airflow/example_dags/example_short_circuit_decorator.py
[2023-10-07T04:23:42.761+0530] {logging_mixin.py:151} INFO - [2023-10-07T04:23:42.761+0530] {dag.py:2915} INFO - Sync 1 DAGs
[2023-10-07T04:23:42.780+0530] {logging_mixin.py:151} INFO - [2023-10-07T04:23:42.780+0530] {dag.py:3696} INFO - Setting next_dagrun for example_short_circuit_decorator to 2023-10-05T22:53:42.780105+00:00, run_after=2023-10-06T22:53:42.780105+00:00
[2023-10-07T04:23:42.804+0530] {processor.py:179} INFO - Processing /home/raj/Downloads/kafka_2.13-3.5.1/airflow-env/lib64/python3.11/site-packages/airflow/example_dags/example_short_circuit_decorator.py took 0.100 seconds
[2023-10-07T04:24:32.710+0530] {processor.py:157} INFO - Started process (PID=21067) to work on /home/raj/Downloads/kafka_2.13-3.5.1/airflow-env/lib64/python3.11/site-packages/airflow/example_dags/example_short_circuit_decorator.py
[2023-10-07T04:24:32.722+0530] {processor.py:829} INFO - Processing file /home/raj/Downloads/kafka_2.13-3.5.1/airflow-env/lib64/python3.11/site-packages/airflow/example_dags/example_short_circuit_decorator.py for tasks to queue
[2023-10-07T04:24:32.724+0530] {logging_mixin.py:151} INFO - [2023-10-07T04:24:32.723+0530] {dagbag.py:539} INFO - Filling up the DagBag from /home/raj/Downloads/kafka_2.13-3.5.1/airflow-env/lib64/python3.11/site-packages/airflow/example_dags/example_short_circuit_decorator.py
[2023-10-07T04:24:32.739+0530] {processor.py:839} INFO - DAG(s) dict_keys(['example_short_circuit_decorator']) retrieved from /home/raj/Downloads/kafka_2.13-3.5.1/airflow-env/lib64/python3.11/site-packages/airflow/example_dags/example_short_circuit_decorator.py
[2023-10-07T04:24:32.760+0530] {logging_mixin.py:151} INFO - [2023-10-07T04:24:32.760+0530] {dag.py:2915} INFO - Sync 1 DAGs
[2023-10-07T04:24:32.786+0530] {logging_mixin.py:151} INFO - [2023-10-07T04:24:32.786+0530] {dag.py:3696} INFO - Setting next_dagrun for example_short_circuit_decorator to 2023-10-05T22:54:32.786292+00:00, run_after=2023-10-06T22:54:32.786292+00:00
[2023-10-07T04:24:32.814+0530] {processor.py:179} INFO - Processing /home/raj/Downloads/kafka_2.13-3.5.1/airflow-env/lib64/python3.11/site-packages/airflow/example_dags/example_short_circuit_decorator.py took 0.110 seconds
[2023-10-07T04:25:23.703+0530] {processor.py:157} INFO - Started process (PID=21165) to work on /home/raj/Downloads/kafka_2.13-3.5.1/airflow-env/lib64/python3.11/site-packages/airflow/example_dags/example_short_circuit_decorator.py
[2023-10-07T04:25:23.714+0530] {processor.py:829} INFO - Processing file /home/raj/Downloads/kafka_2.13-3.5.1/airflow-env/lib64/python3.11/site-packages/airflow/example_dags/example_short_circuit_decorator.py for tasks to queue
[2023-10-07T04:25:23.716+0530] {logging_mixin.py:151} INFO - [2023-10-07T04:25:23.715+0530] {dagbag.py:539} INFO - Filling up the DagBag from /home/raj/Downloads/kafka_2.13-3.5.1/airflow-env/lib64/python3.11/site-packages/airflow/example_dags/example_short_circuit_decorator.py
[2023-10-07T04:25:23.730+0530] {processor.py:839} INFO - DAG(s) dict_keys(['example_short_circuit_decorator']) retrieved from /home/raj/Downloads/kafka_2.13-3.5.1/airflow-env/lib64/python3.11/site-packages/airflow/example_dags/example_short_circuit_decorator.py
[2023-10-07T04:25:23.749+0530] {logging_mixin.py:151} INFO - [2023-10-07T04:25:23.749+0530] {dag.py:2915} INFO - Sync 1 DAGs
[2023-10-07T04:25:23.772+0530] {logging_mixin.py:151} INFO - [2023-10-07T04:25:23.772+0530] {dag.py:3696} INFO - Setting next_dagrun for example_short_circuit_decorator to 2023-10-05T22:55:23.771833+00:00, run_after=2023-10-06T22:55:23.771833+00:00
[2023-10-07T04:25:23.799+0530] {processor.py:179} INFO - Processing /home/raj/Downloads/kafka_2.13-3.5.1/airflow-env/lib64/python3.11/site-packages/airflow/example_dags/example_short_circuit_decorator.py took 0.100 seconds
[2023-10-07T04:26:17.296+0530] {processor.py:157} INFO - Started process (PID=21321) to work on /home/raj/Downloads/kafka_2.13-3.5.1/airflow-env/lib64/python3.11/site-packages/airflow/example_dags/example_short_circuit_decorator.py
[2023-10-07T04:26:17.297+0530] {processor.py:829} INFO - Processing file /home/raj/Downloads/kafka_2.13-3.5.1/airflow-env/lib64/python3.11/site-packages/airflow/example_dags/example_short_circuit_decorator.py for tasks to queue
[2023-10-07T04:26:17.299+0530] {logging_mixin.py:151} INFO - [2023-10-07T04:26:17.298+0530] {dagbag.py:539} INFO - Filling up the DagBag from /home/raj/Downloads/kafka_2.13-3.5.1/airflow-env/lib64/python3.11/site-packages/airflow/example_dags/example_short_circuit_decorator.py
[2023-10-07T04:26:17.320+0530] {processor.py:839} INFO - DAG(s) dict_keys(['example_short_circuit_decorator']) retrieved from /home/raj/Downloads/kafka_2.13-3.5.1/airflow-env/lib64/python3.11/site-packages/airflow/example_dags/example_short_circuit_decorator.py
[2023-10-07T04:26:17.338+0530] {logging_mixin.py:151} INFO - [2023-10-07T04:26:17.338+0530] {dag.py:2915} INFO - Sync 1 DAGs
[2023-10-07T04:26:17.357+0530] {logging_mixin.py:151} INFO - [2023-10-07T04:26:17.356+0530] {dag.py:3696} INFO - Setting next_dagrun for example_short_circuit_decorator to 2023-10-05T22:56:17.356714+00:00, run_after=2023-10-06T22:56:17.356714+00:00
[2023-10-07T04:26:17.379+0530] {processor.py:179} INFO - Processing /home/raj/Downloads/kafka_2.13-3.5.1/airflow-env/lib64/python3.11/site-packages/airflow/example_dags/example_short_circuit_decorator.py took 0.088 seconds
[2023-10-07T04:27:05.222+0530] {processor.py:157} INFO - Started process (PID=21448) to work on /home/raj/Downloads/kafka_2.13-3.5.1/airflow-env/lib64/python3.11/site-packages/airflow/example_dags/example_short_circuit_decorator.py
[2023-10-07T04:27:05.223+0530] {processor.py:829} INFO - Processing file /home/raj/Downloads/kafka_2.13-3.5.1/airflow-env/lib64/python3.11/site-packages/airflow/example_dags/example_short_circuit_decorator.py for tasks to queue
[2023-10-07T04:27:05.225+0530] {logging_mixin.py:151} INFO - [2023-10-07T04:27:05.224+0530] {dagbag.py:539} INFO - Filling up the DagBag from /home/raj/Downloads/kafka_2.13-3.5.1/airflow-env/lib64/python3.11/site-packages/airflow/example_dags/example_short_circuit_decorator.py
[2023-10-07T04:27:05.243+0530] {processor.py:839} INFO - DAG(s) dict_keys(['example_short_circuit_decorator']) retrieved from /home/raj/Downloads/kafka_2.13-3.5.1/airflow-env/lib64/python3.11/site-packages/airflow/example_dags/example_short_circuit_decorator.py
[2023-10-07T04:27:05.268+0530] {logging_mixin.py:151} INFO - [2023-10-07T04:27:05.267+0530] {dag.py:2915} INFO - Sync 1 DAGs
[2023-10-07T04:27:05.285+0530] {logging_mixin.py:151} INFO - [2023-10-07T04:27:05.285+0530] {dag.py:3696} INFO - Setting next_dagrun for example_short_circuit_decorator to 2023-10-05T22:57:05.285504+00:00, run_after=2023-10-06T22:57:05.285504+00:00
[2023-10-07T04:27:05.306+0530] {processor.py:179} INFO - Processing /home/raj/Downloads/kafka_2.13-3.5.1/airflow-env/lib64/python3.11/site-packages/airflow/example_dags/example_short_circuit_decorator.py took 0.088 seconds
[2023-10-07T04:27:58.774+0530] {processor.py:157} INFO - Started process (PID=21585) to work on /home/raj/Downloads/kafka_2.13-3.5.1/airflow-env/lib64/python3.11/site-packages/airflow/example_dags/example_short_circuit_decorator.py
[2023-10-07T04:27:58.785+0530] {processor.py:829} INFO - Processing file /home/raj/Downloads/kafka_2.13-3.5.1/airflow-env/lib64/python3.11/site-packages/airflow/example_dags/example_short_circuit_decorator.py for tasks to queue
[2023-10-07T04:27:58.787+0530] {logging_mixin.py:151} INFO - [2023-10-07T04:27:58.786+0530] {dagbag.py:539} INFO - Filling up the DagBag from /home/raj/Downloads/kafka_2.13-3.5.1/airflow-env/lib64/python3.11/site-packages/airflow/example_dags/example_short_circuit_decorator.py
[2023-10-07T04:27:58.802+0530] {processor.py:839} INFO - DAG(s) dict_keys(['example_short_circuit_decorator']) retrieved from /home/raj/Downloads/kafka_2.13-3.5.1/airflow-env/lib64/python3.11/site-packages/airflow/example_dags/example_short_circuit_decorator.py
[2023-10-07T04:27:58.819+0530] {logging_mixin.py:151} INFO - [2023-10-07T04:27:58.819+0530] {dag.py:2915} INFO - Sync 1 DAGs
[2023-10-07T04:27:58.840+0530] {logging_mixin.py:151} INFO - [2023-10-07T04:27:58.840+0530] {dag.py:3696} INFO - Setting next_dagrun for example_short_circuit_decorator to 2023-10-05T22:57:58.840107+00:00, run_after=2023-10-06T22:57:58.840107+00:00
[2023-10-07T04:27:58.865+0530] {processor.py:179} INFO - Processing /home/raj/Downloads/kafka_2.13-3.5.1/airflow-env/lib64/python3.11/site-packages/airflow/example_dags/example_short_circuit_decorator.py took 0.097 seconds
[2023-10-07T04:28:52.557+0530] {processor.py:157} INFO - Started process (PID=21721) to work on /home/raj/Downloads/kafka_2.13-3.5.1/airflow-env/lib64/python3.11/site-packages/airflow/example_dags/example_short_circuit_decorator.py
[2023-10-07T04:28:52.568+0530] {processor.py:829} INFO - Processing file /home/raj/Downloads/kafka_2.13-3.5.1/airflow-env/lib64/python3.11/site-packages/airflow/example_dags/example_short_circuit_decorator.py for tasks to queue
[2023-10-07T04:28:52.569+0530] {logging_mixin.py:151} INFO - [2023-10-07T04:28:52.569+0530] {dagbag.py:539} INFO - Filling up the DagBag from /home/raj/Downloads/kafka_2.13-3.5.1/airflow-env/lib64/python3.11/site-packages/airflow/example_dags/example_short_circuit_decorator.py
[2023-10-07T04:28:52.590+0530] {processor.py:839} INFO - DAG(s) dict_keys(['example_short_circuit_decorator']) retrieved from /home/raj/Downloads/kafka_2.13-3.5.1/airflow-env/lib64/python3.11/site-packages/airflow/example_dags/example_short_circuit_decorator.py
[2023-10-07T04:28:52.619+0530] {logging_mixin.py:151} INFO - [2023-10-07T04:28:52.619+0530] {dag.py:2915} INFO - Sync 1 DAGs
[2023-10-07T04:28:52.638+0530] {logging_mixin.py:151} INFO - [2023-10-07T04:28:52.638+0530] {dag.py:3696} INFO - Setting next_dagrun for example_short_circuit_decorator to 2023-10-05T22:58:52.638104+00:00, run_after=2023-10-06T22:58:52.638104+00:00
[2023-10-07T04:28:52.659+0530] {processor.py:179} INFO - Processing /home/raj/Downloads/kafka_2.13-3.5.1/airflow-env/lib64/python3.11/site-packages/airflow/example_dags/example_short_circuit_decorator.py took 0.108 seconds
[2023-10-07T04:29:40.479+0530] {processor.py:157} INFO - Started process (PID=21800) to work on /home/raj/Downloads/kafka_2.13-3.5.1/airflow-env/lib64/python3.11/site-packages/airflow/example_dags/example_short_circuit_decorator.py
[2023-10-07T04:29:40.490+0530] {processor.py:829} INFO - Processing file /home/raj/Downloads/kafka_2.13-3.5.1/airflow-env/lib64/python3.11/site-packages/airflow/example_dags/example_short_circuit_decorator.py for tasks to queue
[2023-10-07T04:29:40.492+0530] {logging_mixin.py:151} INFO - [2023-10-07T04:29:40.491+0530] {dagbag.py:539} INFO - Filling up the DagBag from /home/raj/Downloads/kafka_2.13-3.5.1/airflow-env/lib64/python3.11/site-packages/airflow/example_dags/example_short_circuit_decorator.py
[2023-10-07T04:29:40.512+0530] {processor.py:839} INFO - DAG(s) dict_keys(['example_short_circuit_decorator']) retrieved from /home/raj/Downloads/kafka_2.13-3.5.1/airflow-env/lib64/python3.11/site-packages/airflow/example_dags/example_short_circuit_decorator.py
[2023-10-07T04:29:40.542+0530] {logging_mixin.py:151} INFO - [2023-10-07T04:29:40.541+0530] {dag.py:2915} INFO - Sync 1 DAGs
[2023-10-07T04:29:40.558+0530] {logging_mixin.py:151} INFO - [2023-10-07T04:29:40.558+0530] {dag.py:3696} INFO - Setting next_dagrun for example_short_circuit_decorator to 2023-10-05T22:59:40.558179+00:00, run_after=2023-10-06T22:59:40.558179+00:00
[2023-10-07T04:29:40.575+0530] {processor.py:179} INFO - Processing /home/raj/Downloads/kafka_2.13-3.5.1/airflow-env/lib64/python3.11/site-packages/airflow/example_dags/example_short_circuit_decorator.py took 0.102 seconds
[2023-10-07T04:40:46.296+0530] {processor.py:157} INFO - Started process (PID=9635) to work on /home/raj/Downloads/kafka_2.13-3.5.1/airflow-env/lib64/python3.11/site-packages/airflow/example_dags/example_short_circuit_decorator.py
[2023-10-07T04:40:46.307+0530] {processor.py:829} INFO - Processing file /home/raj/Downloads/kafka_2.13-3.5.1/airflow-env/lib64/python3.11/site-packages/airflow/example_dags/example_short_circuit_decorator.py for tasks to queue
[2023-10-07T04:40:46.308+0530] {logging_mixin.py:151} INFO - [2023-10-07T04:40:46.308+0530] {dagbag.py:539} INFO - Filling up the DagBag from /home/raj/Downloads/kafka_2.13-3.5.1/airflow-env/lib64/python3.11/site-packages/airflow/example_dags/example_short_circuit_decorator.py
[2023-10-07T04:40:46.321+0530] {processor.py:839} INFO - DAG(s) dict_keys(['example_short_circuit_decorator']) retrieved from /home/raj/Downloads/kafka_2.13-3.5.1/airflow-env/lib64/python3.11/site-packages/airflow/example_dags/example_short_circuit_decorator.py
[2023-10-07T04:40:46.337+0530] {logging_mixin.py:151} INFO - [2023-10-07T04:40:46.337+0530] {dag.py:2915} INFO - Sync 1 DAGs
[2023-10-07T04:40:46.355+0530] {logging_mixin.py:151} INFO - [2023-10-07T04:40:46.355+0530] {dag.py:3696} INFO - Setting next_dagrun for example_short_circuit_decorator to 2023-10-05T23:10:46.355327+00:00, run_after=2023-10-06T23:10:46.355327+00:00
[2023-10-07T04:40:46.373+0530] {processor.py:179} INFO - Processing /home/raj/Downloads/kafka_2.13-3.5.1/airflow-env/lib64/python3.11/site-packages/airflow/example_dags/example_short_circuit_decorator.py took 0.082 seconds
[2023-10-07T04:41:32.874+0530] {processor.py:157} INFO - Started process (PID=10020) to work on /home/raj/Downloads/kafka_2.13-3.5.1/airflow-env/lib64/python3.11/site-packages/airflow/example_dags/example_short_circuit_decorator.py
[2023-10-07T04:41:32.885+0530] {processor.py:829} INFO - Processing file /home/raj/Downloads/kafka_2.13-3.5.1/airflow-env/lib64/python3.11/site-packages/airflow/example_dags/example_short_circuit_decorator.py for tasks to queue
[2023-10-07T04:41:32.887+0530] {logging_mixin.py:151} INFO - [2023-10-07T04:41:32.886+0530] {dagbag.py:539} INFO - Filling up the DagBag from /home/raj/Downloads/kafka_2.13-3.5.1/airflow-env/lib64/python3.11/site-packages/airflow/example_dags/example_short_circuit_decorator.py
[2023-10-07T04:41:32.910+0530] {processor.py:839} INFO - DAG(s) dict_keys(['example_short_circuit_decorator']) retrieved from /home/raj/Downloads/kafka_2.13-3.5.1/airflow-env/lib64/python3.11/site-packages/airflow/example_dags/example_short_circuit_decorator.py
[2023-10-07T04:41:32.938+0530] {logging_mixin.py:151} INFO - [2023-10-07T04:41:32.938+0530] {dag.py:2915} INFO - Sync 1 DAGs
[2023-10-07T04:41:32.954+0530] {logging_mixin.py:151} INFO - [2023-10-07T04:41:32.953+0530] {dag.py:3696} INFO - Setting next_dagrun for example_short_circuit_decorator to 2023-10-05T23:11:32.953736+00:00, run_after=2023-10-06T23:11:32.953736+00:00
[2023-10-07T04:41:32.970+0530] {processor.py:179} INFO - Processing /home/raj/Downloads/kafka_2.13-3.5.1/airflow-env/lib64/python3.11/site-packages/airflow/example_dags/example_short_circuit_decorator.py took 0.101 seconds
[2023-10-07T04:42:20.716+0530] {processor.py:157} INFO - Started process (PID=10189) to work on /home/raj/Downloads/kafka_2.13-3.5.1/airflow-env/lib64/python3.11/site-packages/airflow/example_dags/example_short_circuit_decorator.py
[2023-10-07T04:42:20.717+0530] {processor.py:829} INFO - Processing file /home/raj/Downloads/kafka_2.13-3.5.1/airflow-env/lib64/python3.11/site-packages/airflow/example_dags/example_short_circuit_decorator.py for tasks to queue
[2023-10-07T04:42:20.719+0530] {logging_mixin.py:151} INFO - [2023-10-07T04:42:20.718+0530] {dagbag.py:539} INFO - Filling up the DagBag from /home/raj/Downloads/kafka_2.13-3.5.1/airflow-env/lib64/python3.11/site-packages/airflow/example_dags/example_short_circuit_decorator.py
[2023-10-07T04:42:20.746+0530] {processor.py:839} INFO - DAG(s) dict_keys(['example_short_circuit_decorator']) retrieved from /home/raj/Downloads/kafka_2.13-3.5.1/airflow-env/lib64/python3.11/site-packages/airflow/example_dags/example_short_circuit_decorator.py
[2023-10-07T04:42:20.767+0530] {logging_mixin.py:151} INFO - [2023-10-07T04:42:20.767+0530] {dag.py:2915} INFO - Sync 1 DAGs
[2023-10-07T04:42:20.792+0530] {logging_mixin.py:151} INFO - [2023-10-07T04:42:20.792+0530] {dag.py:3696} INFO - Setting next_dagrun for example_short_circuit_decorator to 2023-10-05T23:12:20.792495+00:00, run_after=2023-10-06T23:12:20.792495+00:00
[2023-10-07T04:42:20.820+0530] {processor.py:179} INFO - Processing /home/raj/Downloads/kafka_2.13-3.5.1/airflow-env/lib64/python3.11/site-packages/airflow/example_dags/example_short_circuit_decorator.py took 0.109 seconds
[2023-10-07T04:43:36.752+0530] {processor.py:157} INFO - Started process (PID=10389) to work on /home/raj/Downloads/kafka_2.13-3.5.1/airflow-env/lib64/python3.11/site-packages/airflow/example_dags/example_short_circuit_decorator.py
[2023-10-07T04:43:36.753+0530] {processor.py:829} INFO - Processing file /home/raj/Downloads/kafka_2.13-3.5.1/airflow-env/lib64/python3.11/site-packages/airflow/example_dags/example_short_circuit_decorator.py for tasks to queue
[2023-10-07T04:43:36.754+0530] {logging_mixin.py:151} INFO - [2023-10-07T04:43:36.754+0530] {dagbag.py:539} INFO - Filling up the DagBag from /home/raj/Downloads/kafka_2.13-3.5.1/airflow-env/lib64/python3.11/site-packages/airflow/example_dags/example_short_circuit_decorator.py
[2023-10-07T04:43:36.764+0530] {processor.py:839} INFO - DAG(s) dict_keys(['example_short_circuit_decorator']) retrieved from /home/raj/Downloads/kafka_2.13-3.5.1/airflow-env/lib64/python3.11/site-packages/airflow/example_dags/example_short_circuit_decorator.py
[2023-10-07T04:43:36.790+0530] {logging_mixin.py:151} INFO - [2023-10-07T04:43:36.790+0530] {dag.py:2915} INFO - Sync 1 DAGs
[2023-10-07T04:43:36.813+0530] {logging_mixin.py:151} INFO - [2023-10-07T04:43:36.813+0530] {dag.py:3696} INFO - Setting next_dagrun for example_short_circuit_decorator to 2023-10-05T23:13:36.812910+00:00, run_after=2023-10-06T23:13:36.812910+00:00
[2023-10-07T04:43:36.836+0530] {processor.py:179} INFO - Processing /home/raj/Downloads/kafka_2.13-3.5.1/airflow-env/lib64/python3.11/site-packages/airflow/example_dags/example_short_circuit_decorator.py took 0.089 seconds
[2023-10-07T04:44:25.096+0530] {processor.py:157} INFO - Started process (PID=10495) to work on /home/raj/Downloads/kafka_2.13-3.5.1/airflow-env/lib64/python3.11/site-packages/airflow/example_dags/example_short_circuit_decorator.py
[2023-10-07T04:44:25.107+0530] {processor.py:829} INFO - Processing file /home/raj/Downloads/kafka_2.13-3.5.1/airflow-env/lib64/python3.11/site-packages/airflow/example_dags/example_short_circuit_decorator.py for tasks to queue
[2023-10-07T04:44:25.109+0530] {logging_mixin.py:151} INFO - [2023-10-07T04:44:25.108+0530] {dagbag.py:539} INFO - Filling up the DagBag from /home/raj/Downloads/kafka_2.13-3.5.1/airflow-env/lib64/python3.11/site-packages/airflow/example_dags/example_short_circuit_decorator.py
[2023-10-07T04:44:25.128+0530] {processor.py:839} INFO - DAG(s) dict_keys(['example_short_circuit_decorator']) retrieved from /home/raj/Downloads/kafka_2.13-3.5.1/airflow-env/lib64/python3.11/site-packages/airflow/example_dags/example_short_circuit_decorator.py
[2023-10-07T04:44:25.159+0530] {logging_mixin.py:151} INFO - [2023-10-07T04:44:25.158+0530] {dag.py:2915} INFO - Sync 1 DAGs
[2023-10-07T04:44:25.174+0530] {logging_mixin.py:151} INFO - [2023-10-07T04:44:25.174+0530] {dag.py:3696} INFO - Setting next_dagrun for example_short_circuit_decorator to 2023-10-05T23:14:25.173881+00:00, run_after=2023-10-06T23:14:25.173881+00:00
[2023-10-07T04:44:25.191+0530] {processor.py:179} INFO - Processing /home/raj/Downloads/kafka_2.13-3.5.1/airflow-env/lib64/python3.11/site-packages/airflow/example_dags/example_short_circuit_decorator.py took 0.100 seconds
[2023-10-07T04:45:13.526+0530] {processor.py:157} INFO - Started process (PID=10652) to work on /home/raj/Downloads/kafka_2.13-3.5.1/airflow-env/lib64/python3.11/site-packages/airflow/example_dags/example_short_circuit_decorator.py
[2023-10-07T04:45:13.528+0530] {processor.py:829} INFO - Processing file /home/raj/Downloads/kafka_2.13-3.5.1/airflow-env/lib64/python3.11/site-packages/airflow/example_dags/example_short_circuit_decorator.py for tasks to queue
[2023-10-07T04:45:13.529+0530] {logging_mixin.py:151} INFO - [2023-10-07T04:45:13.529+0530] {dagbag.py:539} INFO - Filling up the DagBag from /home/raj/Downloads/kafka_2.13-3.5.1/airflow-env/lib64/python3.11/site-packages/airflow/example_dags/example_short_circuit_decorator.py
[2023-10-07T04:45:13.551+0530] {processor.py:839} INFO - DAG(s) dict_keys(['example_short_circuit_decorator']) retrieved from /home/raj/Downloads/kafka_2.13-3.5.1/airflow-env/lib64/python3.11/site-packages/airflow/example_dags/example_short_circuit_decorator.py
[2023-10-07T04:45:13.573+0530] {logging_mixin.py:151} INFO - [2023-10-07T04:45:13.573+0530] {dag.py:2915} INFO - Sync 1 DAGs
[2023-10-07T04:45:13.591+0530] {logging_mixin.py:151} INFO - [2023-10-07T04:45:13.591+0530] {dag.py:3696} INFO - Setting next_dagrun for example_short_circuit_decorator to 2023-10-05T23:15:13.590961+00:00, run_after=2023-10-06T23:15:13.590961+00:00
[2023-10-07T04:45:13.611+0530] {processor.py:179} INFO - Processing /home/raj/Downloads/kafka_2.13-3.5.1/airflow-env/lib64/python3.11/site-packages/airflow/example_dags/example_short_circuit_decorator.py took 0.090 seconds
[2023-10-07T04:46:09.681+0530] {processor.py:157} INFO - Started process (PID=10849) to work on /home/raj/Downloads/kafka_2.13-3.5.1/airflow-env/lib64/python3.11/site-packages/airflow/example_dags/example_short_circuit_decorator.py
[2023-10-07T04:46:09.684+0530] {processor.py:829} INFO - Processing file /home/raj/Downloads/kafka_2.13-3.5.1/airflow-env/lib64/python3.11/site-packages/airflow/example_dags/example_short_circuit_decorator.py for tasks to queue
[2023-10-07T04:46:09.686+0530] {logging_mixin.py:151} INFO - [2023-10-07T04:46:09.685+0530] {dagbag.py:539} INFO - Filling up the DagBag from /home/raj/Downloads/kafka_2.13-3.5.1/airflow-env/lib64/python3.11/site-packages/airflow/example_dags/example_short_circuit_decorator.py
[2023-10-07T04:46:09.711+0530] {processor.py:839} INFO - DAG(s) dict_keys(['example_short_circuit_decorator']) retrieved from /home/raj/Downloads/kafka_2.13-3.5.1/airflow-env/lib64/python3.11/site-packages/airflow/example_dags/example_short_circuit_decorator.py
[2023-10-07T04:46:09.735+0530] {logging_mixin.py:151} INFO - [2023-10-07T04:46:09.734+0530] {dag.py:2915} INFO - Sync 1 DAGs
[2023-10-07T04:46:09.757+0530] {logging_mixin.py:151} INFO - [2023-10-07T04:46:09.756+0530] {dag.py:3696} INFO - Setting next_dagrun for example_short_circuit_decorator to 2023-10-05T23:16:09.756525+00:00, run_after=2023-10-06T23:16:09.756525+00:00
[2023-10-07T04:46:09.783+0530] {processor.py:179} INFO - Processing /home/raj/Downloads/kafka_2.13-3.5.1/airflow-env/lib64/python3.11/site-packages/airflow/example_dags/example_short_circuit_decorator.py took 0.108 seconds
[2023-10-07T04:47:05.367+0530] {processor.py:157} INFO - Started process (PID=10956) to work on /home/raj/Downloads/kafka_2.13-3.5.1/airflow-env/lib64/python3.11/site-packages/airflow/example_dags/example_short_circuit_decorator.py
[2023-10-07T04:47:05.378+0530] {processor.py:829} INFO - Processing file /home/raj/Downloads/kafka_2.13-3.5.1/airflow-env/lib64/python3.11/site-packages/airflow/example_dags/example_short_circuit_decorator.py for tasks to queue
[2023-10-07T04:47:05.379+0530] {logging_mixin.py:151} INFO - [2023-10-07T04:47:05.379+0530] {dagbag.py:539} INFO - Filling up the DagBag from /home/raj/Downloads/kafka_2.13-3.5.1/airflow-env/lib64/python3.11/site-packages/airflow/example_dags/example_short_circuit_decorator.py
[2023-10-07T04:47:05.389+0530] {processor.py:839} INFO - DAG(s) dict_keys(['example_short_circuit_decorator']) retrieved from /home/raj/Downloads/kafka_2.13-3.5.1/airflow-env/lib64/python3.11/site-packages/airflow/example_dags/example_short_circuit_decorator.py
[2023-10-07T04:47:05.409+0530] {logging_mixin.py:151} INFO - [2023-10-07T04:47:05.409+0530] {dag.py:2915} INFO - Sync 1 DAGs
[2023-10-07T04:47:05.429+0530] {logging_mixin.py:151} INFO - [2023-10-07T04:47:05.429+0530] {dag.py:3696} INFO - Setting next_dagrun for example_short_circuit_decorator to 2023-10-05T23:17:05.429297+00:00, run_after=2023-10-06T23:17:05.429297+00:00
[2023-10-07T04:47:05.451+0530] {processor.py:179} INFO - Processing /home/raj/Downloads/kafka_2.13-3.5.1/airflow-env/lib64/python3.11/site-packages/airflow/example_dags/example_short_circuit_decorator.py took 0.090 seconds
[2023-10-07T04:47:53.033+0530] {processor.py:157} INFO - Started process (PID=11039) to work on /home/raj/Downloads/kafka_2.13-3.5.1/airflow-env/lib64/python3.11/site-packages/airflow/example_dags/example_short_circuit_decorator.py
[2023-10-07T04:47:53.044+0530] {processor.py:829} INFO - Processing file /home/raj/Downloads/kafka_2.13-3.5.1/airflow-env/lib64/python3.11/site-packages/airflow/example_dags/example_short_circuit_decorator.py for tasks to queue
[2023-10-07T04:47:53.045+0530] {logging_mixin.py:151} INFO - [2023-10-07T04:47:53.045+0530] {dagbag.py:539} INFO - Filling up the DagBag from /home/raj/Downloads/kafka_2.13-3.5.1/airflow-env/lib64/python3.11/site-packages/airflow/example_dags/example_short_circuit_decorator.py
[2023-10-07T04:47:53.067+0530] {processor.py:839} INFO - DAG(s) dict_keys(['example_short_circuit_decorator']) retrieved from /home/raj/Downloads/kafka_2.13-3.5.1/airflow-env/lib64/python3.11/site-packages/airflow/example_dags/example_short_circuit_decorator.py
[2023-10-07T04:47:53.099+0530] {logging_mixin.py:151} INFO - [2023-10-07T04:47:53.099+0530] {dag.py:2915} INFO - Sync 1 DAGs
[2023-10-07T04:47:53.121+0530] {logging_mixin.py:151} INFO - [2023-10-07T04:47:53.120+0530] {dag.py:3696} INFO - Setting next_dagrun for example_short_circuit_decorator to 2023-10-05T23:17:53.120726+00:00, run_after=2023-10-06T23:17:53.120726+00:00
[2023-10-07T04:47:53.142+0530] {processor.py:179} INFO - Processing /home/raj/Downloads/kafka_2.13-3.5.1/airflow-env/lib64/python3.11/site-packages/airflow/example_dags/example_short_circuit_decorator.py took 0.114 seconds
[2023-10-07T04:48:47.951+0530] {processor.py:157} INFO - Started process (PID=11147) to work on /home/raj/Downloads/kafka_2.13-3.5.1/airflow-env/lib64/python3.11/site-packages/airflow/example_dags/example_short_circuit_decorator.py
[2023-10-07T04:48:47.962+0530] {processor.py:829} INFO - Processing file /home/raj/Downloads/kafka_2.13-3.5.1/airflow-env/lib64/python3.11/site-packages/airflow/example_dags/example_short_circuit_decorator.py for tasks to queue
[2023-10-07T04:48:47.964+0530] {logging_mixin.py:151} INFO - [2023-10-07T04:48:47.963+0530] {dagbag.py:539} INFO - Filling up the DagBag from /home/raj/Downloads/kafka_2.13-3.5.1/airflow-env/lib64/python3.11/site-packages/airflow/example_dags/example_short_circuit_decorator.py
[2023-10-07T04:48:47.984+0530] {processor.py:839} INFO - DAG(s) dict_keys(['example_short_circuit_decorator']) retrieved from /home/raj/Downloads/kafka_2.13-3.5.1/airflow-env/lib64/python3.11/site-packages/airflow/example_dags/example_short_circuit_decorator.py
[2023-10-07T04:48:48.014+0530] {logging_mixin.py:151} INFO - [2023-10-07T04:48:48.014+0530] {dag.py:2915} INFO - Sync 1 DAGs
[2023-10-07T04:48:48.030+0530] {logging_mixin.py:151} INFO - [2023-10-07T04:48:48.030+0530] {dag.py:3696} INFO - Setting next_dagrun for example_short_circuit_decorator to 2023-10-05T23:18:48.030087+00:00, run_after=2023-10-06T23:18:48.030087+00:00
[2023-10-07T04:48:48.050+0530] {processor.py:179} INFO - Processing /home/raj/Downloads/kafka_2.13-3.5.1/airflow-env/lib64/python3.11/site-packages/airflow/example_dags/example_short_circuit_decorator.py took 0.104 seconds
[2023-10-07T04:49:42.737+0530] {processor.py:157} INFO - Started process (PID=11257) to work on /home/raj/Downloads/kafka_2.13-3.5.1/airflow-env/lib64/python3.11/site-packages/airflow/example_dags/example_short_circuit_decorator.py
[2023-10-07T04:49:42.749+0530] {processor.py:829} INFO - Processing file /home/raj/Downloads/kafka_2.13-3.5.1/airflow-env/lib64/python3.11/site-packages/airflow/example_dags/example_short_circuit_decorator.py for tasks to queue
[2023-10-07T04:49:42.750+0530] {logging_mixin.py:151} INFO - [2023-10-07T04:49:42.749+0530] {dagbag.py:539} INFO - Filling up the DagBag from /home/raj/Downloads/kafka_2.13-3.5.1/airflow-env/lib64/python3.11/site-packages/airflow/example_dags/example_short_circuit_decorator.py
[2023-10-07T04:49:42.762+0530] {processor.py:839} INFO - DAG(s) dict_keys(['example_short_circuit_decorator']) retrieved from /home/raj/Downloads/kafka_2.13-3.5.1/airflow-env/lib64/python3.11/site-packages/airflow/example_dags/example_short_circuit_decorator.py
[2023-10-07T04:49:42.787+0530] {logging_mixin.py:151} INFO - [2023-10-07T04:49:42.786+0530] {dag.py:2915} INFO - Sync 1 DAGs
[2023-10-07T04:49:42.812+0530] {logging_mixin.py:151} INFO - [2023-10-07T04:49:42.812+0530] {dag.py:3696} INFO - Setting next_dagrun for example_short_circuit_decorator to 2023-10-05T23:19:42.811848+00:00, run_after=2023-10-06T23:19:42.811848+00:00
[2023-10-07T04:49:42.835+0530] {processor.py:179} INFO - Processing /home/raj/Downloads/kafka_2.13-3.5.1/airflow-env/lib64/python3.11/site-packages/airflow/example_dags/example_short_circuit_decorator.py took 0.100 seconds
[2023-10-07T04:50:37.601+0530] {processor.py:157} INFO - Started process (PID=11352) to work on /home/raj/Downloads/kafka_2.13-3.5.1/airflow-env/lib64/python3.11/site-packages/airflow/example_dags/example_short_circuit_decorator.py
[2023-10-07T04:50:37.612+0530] {processor.py:829} INFO - Processing file /home/raj/Downloads/kafka_2.13-3.5.1/airflow-env/lib64/python3.11/site-packages/airflow/example_dags/example_short_circuit_decorator.py for tasks to queue
[2023-10-07T04:50:37.614+0530] {logging_mixin.py:151} INFO - [2023-10-07T04:50:37.613+0530] {dagbag.py:539} INFO - Filling up the DagBag from /home/raj/Downloads/kafka_2.13-3.5.1/airflow-env/lib64/python3.11/site-packages/airflow/example_dags/example_short_circuit_decorator.py
[2023-10-07T04:50:37.635+0530] {processor.py:839} INFO - DAG(s) dict_keys(['example_short_circuit_decorator']) retrieved from /home/raj/Downloads/kafka_2.13-3.5.1/airflow-env/lib64/python3.11/site-packages/airflow/example_dags/example_short_circuit_decorator.py
[2023-10-07T04:50:37.666+0530] {logging_mixin.py:151} INFO - [2023-10-07T04:50:37.666+0530] {dag.py:2915} INFO - Sync 1 DAGs
[2023-10-07T04:50:37.682+0530] {logging_mixin.py:151} INFO - [2023-10-07T04:50:37.682+0530] {dag.py:3696} INFO - Setting next_dagrun for example_short_circuit_decorator to 2023-10-05T23:20:37.682037+00:00, run_after=2023-10-06T23:20:37.682037+00:00
[2023-10-07T04:50:37.701+0530] {processor.py:179} INFO - Processing /home/raj/Downloads/kafka_2.13-3.5.1/airflow-env/lib64/python3.11/site-packages/airflow/example_dags/example_short_circuit_decorator.py took 0.104 seconds
[2023-10-07T04:51:26.246+0530] {processor.py:157} INFO - Started process (PID=11441) to work on /home/raj/Downloads/kafka_2.13-3.5.1/airflow-env/lib64/python3.11/site-packages/airflow/example_dags/example_short_circuit_decorator.py
[2023-10-07T04:51:26.257+0530] {processor.py:829} INFO - Processing file /home/raj/Downloads/kafka_2.13-3.5.1/airflow-env/lib64/python3.11/site-packages/airflow/example_dags/example_short_circuit_decorator.py for tasks to queue
[2023-10-07T04:51:26.258+0530] {logging_mixin.py:151} INFO - [2023-10-07T04:51:26.258+0530] {dagbag.py:539} INFO - Filling up the DagBag from /home/raj/Downloads/kafka_2.13-3.5.1/airflow-env/lib64/python3.11/site-packages/airflow/example_dags/example_short_circuit_decorator.py
[2023-10-07T04:51:26.279+0530] {processor.py:839} INFO - DAG(s) dict_keys(['example_short_circuit_decorator']) retrieved from /home/raj/Downloads/kafka_2.13-3.5.1/airflow-env/lib64/python3.11/site-packages/airflow/example_dags/example_short_circuit_decorator.py
[2023-10-07T04:51:26.309+0530] {logging_mixin.py:151} INFO - [2023-10-07T04:51:26.309+0530] {dag.py:2915} INFO - Sync 1 DAGs
[2023-10-07T04:51:26.325+0530] {logging_mixin.py:151} INFO - [2023-10-07T04:51:26.325+0530] {dag.py:3696} INFO - Setting next_dagrun for example_short_circuit_decorator to 2023-10-05T23:21:26.324896+00:00, run_after=2023-10-06T23:21:26.324896+00:00
[2023-10-07T04:51:26.343+0530] {processor.py:179} INFO - Processing /home/raj/Downloads/kafka_2.13-3.5.1/airflow-env/lib64/python3.11/site-packages/airflow/example_dags/example_short_circuit_decorator.py took 0.103 seconds
[2023-10-07T04:52:21.458+0530] {processor.py:157} INFO - Started process (PID=11721) to work on /home/raj/Downloads/kafka_2.13-3.5.1/airflow-env/lib64/python3.11/site-packages/airflow/example_dags/example_short_circuit_decorator.py
[2023-10-07T04:52:21.469+0530] {processor.py:829} INFO - Processing file /home/raj/Downloads/kafka_2.13-3.5.1/airflow-env/lib64/python3.11/site-packages/airflow/example_dags/example_short_circuit_decorator.py for tasks to queue
[2023-10-07T04:52:21.471+0530] {logging_mixin.py:151} INFO - [2023-10-07T04:52:21.470+0530] {dagbag.py:539} INFO - Filling up the DagBag from /home/raj/Downloads/kafka_2.13-3.5.1/airflow-env/lib64/python3.11/site-packages/airflow/example_dags/example_short_circuit_decorator.py
[2023-10-07T04:52:21.491+0530] {processor.py:839} INFO - DAG(s) dict_keys(['example_short_circuit_decorator']) retrieved from /home/raj/Downloads/kafka_2.13-3.5.1/airflow-env/lib64/python3.11/site-packages/airflow/example_dags/example_short_circuit_decorator.py
[2023-10-07T04:52:21.514+0530] {logging_mixin.py:151} INFO - [2023-10-07T04:52:21.514+0530] {dag.py:2915} INFO - Sync 1 DAGs
[2023-10-07T04:52:21.529+0530] {logging_mixin.py:151} INFO - [2023-10-07T04:52:21.529+0530] {dag.py:3696} INFO - Setting next_dagrun for example_short_circuit_decorator to 2023-10-05T23:22:21.529393+00:00, run_after=2023-10-06T23:22:21.529393+00:00
[2023-10-07T04:52:21.548+0530] {processor.py:179} INFO - Processing /home/raj/Downloads/kafka_2.13-3.5.1/airflow-env/lib64/python3.11/site-packages/airflow/example_dags/example_short_circuit_decorator.py took 0.095 seconds
[2023-10-07T04:53:15.264+0530] {processor.py:157} INFO - Started process (PID=11866) to work on /home/raj/Downloads/kafka_2.13-3.5.1/airflow-env/lib64/python3.11/site-packages/airflow/example_dags/example_short_circuit_decorator.py
[2023-10-07T04:53:15.275+0530] {processor.py:829} INFO - Processing file /home/raj/Downloads/kafka_2.13-3.5.1/airflow-env/lib64/python3.11/site-packages/airflow/example_dags/example_short_circuit_decorator.py for tasks to queue
[2023-10-07T04:53:15.276+0530] {logging_mixin.py:151} INFO - [2023-10-07T04:53:15.276+0530] {dagbag.py:539} INFO - Filling up the DagBag from /home/raj/Downloads/kafka_2.13-3.5.1/airflow-env/lib64/python3.11/site-packages/airflow/example_dags/example_short_circuit_decorator.py
[2023-10-07T04:53:15.292+0530] {processor.py:839} INFO - DAG(s) dict_keys(['example_short_circuit_decorator']) retrieved from /home/raj/Downloads/kafka_2.13-3.5.1/airflow-env/lib64/python3.11/site-packages/airflow/example_dags/example_short_circuit_decorator.py
[2023-10-07T04:53:15.318+0530] {logging_mixin.py:151} INFO - [2023-10-07T04:53:15.318+0530] {dag.py:2915} INFO - Sync 1 DAGs
[2023-10-07T04:53:15.340+0530] {logging_mixin.py:151} INFO - [2023-10-07T04:53:15.340+0530] {dag.py:3696} INFO - Setting next_dagrun for example_short_circuit_decorator to 2023-10-05T23:23:15.340244+00:00, run_after=2023-10-06T23:23:15.340244+00:00
[2023-10-07T04:53:15.365+0530] {processor.py:179} INFO - Processing /home/raj/Downloads/kafka_2.13-3.5.1/airflow-env/lib64/python3.11/site-packages/airflow/example_dags/example_short_circuit_decorator.py took 0.107 seconds
[2023-10-07T04:53:57.994+0530] {processor.py:157} INFO - Started process (PID=11962) to work on /home/raj/Downloads/kafka_2.13-3.5.1/airflow-env/lib64/python3.11/site-packages/airflow/example_dags/example_short_circuit_decorator.py
[2023-10-07T04:53:58.005+0530] {processor.py:829} INFO - Processing file /home/raj/Downloads/kafka_2.13-3.5.1/airflow-env/lib64/python3.11/site-packages/airflow/example_dags/example_short_circuit_decorator.py for tasks to queue
[2023-10-07T04:53:58.006+0530] {logging_mixin.py:151} INFO - [2023-10-07T04:53:58.006+0530] {dagbag.py:539} INFO - Filling up the DagBag from /home/raj/Downloads/kafka_2.13-3.5.1/airflow-env/lib64/python3.11/site-packages/airflow/example_dags/example_short_circuit_decorator.py
[2023-10-07T04:53:58.027+0530] {processor.py:839} INFO - DAG(s) dict_keys(['example_short_circuit_decorator']) retrieved from /home/raj/Downloads/kafka_2.13-3.5.1/airflow-env/lib64/python3.11/site-packages/airflow/example_dags/example_short_circuit_decorator.py
[2023-10-07T04:53:58.059+0530] {logging_mixin.py:151} INFO - [2023-10-07T04:53:58.059+0530] {dag.py:2915} INFO - Sync 1 DAGs
[2023-10-07T04:53:58.075+0530] {logging_mixin.py:151} INFO - [2023-10-07T04:53:58.074+0530] {dag.py:3696} INFO - Setting next_dagrun for example_short_circuit_decorator to 2023-10-05T23:23:58.074801+00:00, run_after=2023-10-06T23:23:58.074801+00:00
[2023-10-07T04:53:58.095+0530] {processor.py:179} INFO - Processing /home/raj/Downloads/kafka_2.13-3.5.1/airflow-env/lib64/python3.11/site-packages/airflow/example_dags/example_short_circuit_decorator.py took 0.106 seconds
[2023-10-07T04:54:51.381+0530] {processor.py:157} INFO - Started process (PID=12069) to work on /home/raj/Downloads/kafka_2.13-3.5.1/airflow-env/lib64/python3.11/site-packages/airflow/example_dags/example_short_circuit_decorator.py
[2023-10-07T04:54:51.392+0530] {processor.py:829} INFO - Processing file /home/raj/Downloads/kafka_2.13-3.5.1/airflow-env/lib64/python3.11/site-packages/airflow/example_dags/example_short_circuit_decorator.py for tasks to queue
[2023-10-07T04:54:51.394+0530] {logging_mixin.py:151} INFO - [2023-10-07T04:54:51.393+0530] {dagbag.py:539} INFO - Filling up the DagBag from /home/raj/Downloads/kafka_2.13-3.5.1/airflow-env/lib64/python3.11/site-packages/airflow/example_dags/example_short_circuit_decorator.py
[2023-10-07T04:54:51.416+0530] {processor.py:839} INFO - DAG(s) dict_keys(['example_short_circuit_decorator']) retrieved from /home/raj/Downloads/kafka_2.13-3.5.1/airflow-env/lib64/python3.11/site-packages/airflow/example_dags/example_short_circuit_decorator.py
[2023-10-07T04:54:51.435+0530] {logging_mixin.py:151} INFO - [2023-10-07T04:54:51.435+0530] {dag.py:2915} INFO - Sync 1 DAGs
[2023-10-07T04:54:51.456+0530] {logging_mixin.py:151} INFO - [2023-10-07T04:54:51.456+0530] {dag.py:3696} INFO - Setting next_dagrun for example_short_circuit_decorator to 2023-10-05T23:24:51.456399+00:00, run_after=2023-10-06T23:24:51.456399+00:00
[2023-10-07T04:54:51.479+0530] {processor.py:179} INFO - Processing /home/raj/Downloads/kafka_2.13-3.5.1/airflow-env/lib64/python3.11/site-packages/airflow/example_dags/example_short_circuit_decorator.py took 0.104 seconds
[2023-10-07T04:55:44.368+0530] {processor.py:157} INFO - Started process (PID=12210) to work on /home/raj/Downloads/kafka_2.13-3.5.1/airflow-env/lib64/python3.11/site-packages/airflow/example_dags/example_short_circuit_decorator.py
[2023-10-07T04:55:44.369+0530] {processor.py:829} INFO - Processing file /home/raj/Downloads/kafka_2.13-3.5.1/airflow-env/lib64/python3.11/site-packages/airflow/example_dags/example_short_circuit_decorator.py for tasks to queue
[2023-10-07T04:55:44.371+0530] {logging_mixin.py:151} INFO - [2023-10-07T04:55:44.370+0530] {dagbag.py:539} INFO - Filling up the DagBag from /home/raj/Downloads/kafka_2.13-3.5.1/airflow-env/lib64/python3.11/site-packages/airflow/example_dags/example_short_circuit_decorator.py
[2023-10-07T04:55:44.391+0530] {processor.py:839} INFO - DAG(s) dict_keys(['example_short_circuit_decorator']) retrieved from /home/raj/Downloads/kafka_2.13-3.5.1/airflow-env/lib64/python3.11/site-packages/airflow/example_dags/example_short_circuit_decorator.py
[2023-10-07T04:55:44.416+0530] {logging_mixin.py:151} INFO - [2023-10-07T04:55:44.416+0530] {dag.py:2915} INFO - Sync 1 DAGs
[2023-10-07T04:55:44.436+0530] {logging_mixin.py:151} INFO - [2023-10-07T04:55:44.436+0530] {dag.py:3696} INFO - Setting next_dagrun for example_short_circuit_decorator to 2023-10-05T23:25:44.436626+00:00, run_after=2023-10-06T23:25:44.436626+00:00
[2023-10-07T04:55:44.456+0530] {processor.py:179} INFO - Processing /home/raj/Downloads/kafka_2.13-3.5.1/airflow-env/lib64/python3.11/site-packages/airflow/example_dags/example_short_circuit_decorator.py took 0.093 seconds
[2023-10-07T04:56:30.282+0530] {processor.py:157} INFO - Started process (PID=12276) to work on /home/raj/Downloads/kafka_2.13-3.5.1/airflow-env/lib64/python3.11/site-packages/airflow/example_dags/example_short_circuit_decorator.py
[2023-10-07T04:56:30.293+0530] {processor.py:829} INFO - Processing file /home/raj/Downloads/kafka_2.13-3.5.1/airflow-env/lib64/python3.11/site-packages/airflow/example_dags/example_short_circuit_decorator.py for tasks to queue
[2023-10-07T04:56:30.295+0530] {logging_mixin.py:151} INFO - [2023-10-07T04:56:30.294+0530] {dagbag.py:539} INFO - Filling up the DagBag from /home/raj/Downloads/kafka_2.13-3.5.1/airflow-env/lib64/python3.11/site-packages/airflow/example_dags/example_short_circuit_decorator.py
[2023-10-07T04:56:30.318+0530] {processor.py:839} INFO - DAG(s) dict_keys(['example_short_circuit_decorator']) retrieved from /home/raj/Downloads/kafka_2.13-3.5.1/airflow-env/lib64/python3.11/site-packages/airflow/example_dags/example_short_circuit_decorator.py
[2023-10-07T04:56:30.342+0530] {logging_mixin.py:151} INFO - [2023-10-07T04:56:30.342+0530] {dag.py:2915} INFO - Sync 1 DAGs
[2023-10-07T04:56:30.364+0530] {logging_mixin.py:151} INFO - [2023-10-07T04:56:30.363+0530] {dag.py:3696} INFO - Setting next_dagrun for example_short_circuit_decorator to 2023-10-05T23:26:30.363636+00:00, run_after=2023-10-06T23:26:30.363636+00:00
[2023-10-07T04:56:30.386+0530] {processor.py:179} INFO - Processing /home/raj/Downloads/kafka_2.13-3.5.1/airflow-env/lib64/python3.11/site-packages/airflow/example_dags/example_short_circuit_decorator.py took 0.110 seconds
[2023-10-07T04:57:17.088+0530] {processor.py:157} INFO - Started process (PID=12416) to work on /home/raj/Downloads/kafka_2.13-3.5.1/airflow-env/lib64/python3.11/site-packages/airflow/example_dags/example_short_circuit_decorator.py
[2023-10-07T04:57:17.100+0530] {processor.py:829} INFO - Processing file /home/raj/Downloads/kafka_2.13-3.5.1/airflow-env/lib64/python3.11/site-packages/airflow/example_dags/example_short_circuit_decorator.py for tasks to queue
[2023-10-07T04:57:17.101+0530] {logging_mixin.py:151} INFO - [2023-10-07T04:57:17.101+0530] {dagbag.py:539} INFO - Filling up the DagBag from /home/raj/Downloads/kafka_2.13-3.5.1/airflow-env/lib64/python3.11/site-packages/airflow/example_dags/example_short_circuit_decorator.py
[2023-10-07T04:57:17.121+0530] {processor.py:839} INFO - DAG(s) dict_keys(['example_short_circuit_decorator']) retrieved from /home/raj/Downloads/kafka_2.13-3.5.1/airflow-env/lib64/python3.11/site-packages/airflow/example_dags/example_short_circuit_decorator.py
[2023-10-07T04:57:17.152+0530] {logging_mixin.py:151} INFO - [2023-10-07T04:57:17.152+0530] {dag.py:2915} INFO - Sync 1 DAGs
[2023-10-07T04:57:17.167+0530] {logging_mixin.py:151} INFO - [2023-10-07T04:57:17.167+0530] {dag.py:3696} INFO - Setting next_dagrun for example_short_circuit_decorator to 2023-10-05T23:27:17.167307+00:00, run_after=2023-10-06T23:27:17.167307+00:00
[2023-10-07T04:57:17.185+0530] {processor.py:179} INFO - Processing /home/raj/Downloads/kafka_2.13-3.5.1/airflow-env/lib64/python3.11/site-packages/airflow/example_dags/example_short_circuit_decorator.py took 0.102 seconds
[2023-10-07T04:58:06.457+0530] {processor.py:157} INFO - Started process (PID=12501) to work on /home/raj/Downloads/kafka_2.13-3.5.1/airflow-env/lib64/python3.11/site-packages/airflow/example_dags/example_short_circuit_decorator.py
[2023-10-07T04:58:06.468+0530] {processor.py:829} INFO - Processing file /home/raj/Downloads/kafka_2.13-3.5.1/airflow-env/lib64/python3.11/site-packages/airflow/example_dags/example_short_circuit_decorator.py for tasks to queue
[2023-10-07T04:58:06.469+0530] {logging_mixin.py:151} INFO - [2023-10-07T04:58:06.469+0530] {dagbag.py:539} INFO - Filling up the DagBag from /home/raj/Downloads/kafka_2.13-3.5.1/airflow-env/lib64/python3.11/site-packages/airflow/example_dags/example_short_circuit_decorator.py
[2023-10-07T04:58:06.492+0530] {processor.py:839} INFO - DAG(s) dict_keys(['example_short_circuit_decorator']) retrieved from /home/raj/Downloads/kafka_2.13-3.5.1/airflow-env/lib64/python3.11/site-packages/airflow/example_dags/example_short_circuit_decorator.py
[2023-10-07T04:58:06.521+0530] {logging_mixin.py:151} INFO - [2023-10-07T04:58:06.520+0530] {dag.py:2915} INFO - Sync 1 DAGs
[2023-10-07T04:58:06.539+0530] {logging_mixin.py:151} INFO - [2023-10-07T04:58:06.539+0530] {dag.py:3696} INFO - Setting next_dagrun for example_short_circuit_decorator to 2023-10-05T23:28:06.539263+00:00, run_after=2023-10-06T23:28:06.539263+00:00
[2023-10-07T04:58:06.563+0530] {processor.py:179} INFO - Processing /home/raj/Downloads/kafka_2.13-3.5.1/airflow-env/lib64/python3.11/site-packages/airflow/example_dags/example_short_circuit_decorator.py took 0.112 seconds
[2023-10-07T04:58:57.451+0530] {processor.py:157} INFO - Started process (PID=12634) to work on /home/raj/Downloads/kafka_2.13-3.5.1/airflow-env/lib64/python3.11/site-packages/airflow/example_dags/example_short_circuit_decorator.py
[2023-10-07T04:58:57.454+0530] {processor.py:829} INFO - Processing file /home/raj/Downloads/kafka_2.13-3.5.1/airflow-env/lib64/python3.11/site-packages/airflow/example_dags/example_short_circuit_decorator.py for tasks to queue
[2023-10-07T04:58:57.456+0530] {logging_mixin.py:151} INFO - [2023-10-07T04:58:57.455+0530] {dagbag.py:539} INFO - Filling up the DagBag from /home/raj/Downloads/kafka_2.13-3.5.1/airflow-env/lib64/python3.11/site-packages/airflow/example_dags/example_short_circuit_decorator.py
[2023-10-07T04:58:57.480+0530] {processor.py:839} INFO - DAG(s) dict_keys(['example_short_circuit_decorator']) retrieved from /home/raj/Downloads/kafka_2.13-3.5.1/airflow-env/lib64/python3.11/site-packages/airflow/example_dags/example_short_circuit_decorator.py
[2023-10-07T04:58:57.503+0530] {logging_mixin.py:151} INFO - [2023-10-07T04:58:57.503+0530] {dag.py:2915} INFO - Sync 1 DAGs
[2023-10-07T04:58:57.525+0530] {logging_mixin.py:151} INFO - [2023-10-07T04:58:57.525+0530] {dag.py:3696} INFO - Setting next_dagrun for example_short_circuit_decorator to 2023-10-05T23:28:57.525414+00:00, run_after=2023-10-06T23:28:57.525414+00:00
[2023-10-07T04:58:57.551+0530] {processor.py:179} INFO - Processing /home/raj/Downloads/kafka_2.13-3.5.1/airflow-env/lib64/python3.11/site-packages/airflow/example_dags/example_short_circuit_decorator.py took 0.107 seconds
