[2023-10-07T03:59:51.673+0530] {processor.py:157} INFO - Started process (PID=18039) to work on /home/raj/Downloads/kafka_2.13-3.5.1/airflow-env/lib64/python3.11/site-packages/airflow/example_dags/example_params_trigger_ui.py
[2023-10-07T03:59:51.674+0530] {processor.py:829} INFO - Processing file /home/raj/Downloads/kafka_2.13-3.5.1/airflow-env/lib64/python3.11/site-packages/airflow/example_dags/example_params_trigger_ui.py for tasks to queue
[2023-10-07T03:59:51.675+0530] {logging_mixin.py:151} INFO - [2023-10-07T03:59:51.675+0530] {dagbag.py:539} INFO - Filling up the DagBag from /home/raj/Downloads/kafka_2.13-3.5.1/airflow-env/lib64/python3.11/site-packages/airflow/example_dags/example_params_trigger_ui.py
[2023-10-07T03:59:51.693+0530] {processor.py:839} INFO - DAG(s) dict_keys(['example_params_trigger_ui']) retrieved from /home/raj/Downloads/kafka_2.13-3.5.1/airflow-env/lib64/python3.11/site-packages/airflow/example_dags/example_params_trigger_ui.py
[2023-10-07T03:59:51.851+0530] {logging_mixin.py:151} INFO - [2023-10-07T03:59:51.850+0530] {manager.py:499} INFO - Created Permission View: %s
[2023-10-07T03:59:51.864+0530] {logging_mixin.py:151} INFO - [2023-10-07T03:59:51.863+0530] {manager.py:499} INFO - Created Permission View: %s
[2023-10-07T03:59:51.875+0530] {logging_mixin.py:151} INFO - [2023-10-07T03:59:51.875+0530] {manager.py:499} INFO - Created Permission View: %s
[2023-10-07T03:59:51.875+0530] {logging_mixin.py:151} INFO - [2023-10-07T03:59:51.875+0530] {security.py:708} INFO - Not syncing DAG-level permissions for DAG 'DAG:example_params_trigger_ui' as access control is unset.
[2023-10-07T03:59:51.875+0530] {logging_mixin.py:151} INFO - [2023-10-07T03:59:51.875+0530] {dag.py:2915} INFO - Sync 1 DAGs
[2023-10-07T03:59:51.889+0530] {logging_mixin.py:151} INFO - [2023-10-07T03:59:51.889+0530] {dag.py:2937} INFO - Creating ORM DAG for example_params_trigger_ui
[2023-10-07T03:59:51.890+0530] {logging_mixin.py:151} INFO - [2023-10-07T03:59:51.890+0530] {dag.py:3696} INFO - Setting next_dagrun for example_params_trigger_ui to None, run_after=None
[2023-10-07T03:59:51.915+0530] {processor.py:179} INFO - Processing /home/raj/Downloads/kafka_2.13-3.5.1/airflow-env/lib64/python3.11/site-packages/airflow/example_dags/example_params_trigger_ui.py took 0.248 seconds
[2023-10-07T04:00:42.725+0530] {processor.py:157} INFO - Started process (PID=18151) to work on /home/raj/Downloads/kafka_2.13-3.5.1/airflow-env/lib64/python3.11/site-packages/airflow/example_dags/example_params_trigger_ui.py
[2023-10-07T04:00:42.725+0530] {processor.py:829} INFO - Processing file /home/raj/Downloads/kafka_2.13-3.5.1/airflow-env/lib64/python3.11/site-packages/airflow/example_dags/example_params_trigger_ui.py for tasks to queue
[2023-10-07T04:00:42.726+0530] {logging_mixin.py:151} INFO - [2023-10-07T04:00:42.726+0530] {dagbag.py:539} INFO - Filling up the DagBag from /home/raj/Downloads/kafka_2.13-3.5.1/airflow-env/lib64/python3.11/site-packages/airflow/example_dags/example_params_trigger_ui.py
[2023-10-07T04:00:42.741+0530] {processor.py:839} INFO - DAG(s) dict_keys(['example_params_trigger_ui']) retrieved from /home/raj/Downloads/kafka_2.13-3.5.1/airflow-env/lib64/python3.11/site-packages/airflow/example_dags/example_params_trigger_ui.py
[2023-10-07T04:00:42.778+0530] {logging_mixin.py:151} INFO - [2023-10-07T04:00:42.778+0530] {dag.py:2915} INFO - Sync 1 DAGs
[2023-10-07T04:00:42.792+0530] {logging_mixin.py:151} INFO - [2023-10-07T04:00:42.792+0530] {dag.py:3696} INFO - Setting next_dagrun for example_params_trigger_ui to None, run_after=None
[2023-10-07T04:00:42.826+0530] {processor.py:179} INFO - Processing /home/raj/Downloads/kafka_2.13-3.5.1/airflow-env/lib64/python3.11/site-packages/airflow/example_dags/example_params_trigger_ui.py took 0.104 seconds
[2023-10-07T04:01:29.275+0530] {processor.py:157} INFO - Started process (PID=18292) to work on /home/raj/Downloads/kafka_2.13-3.5.1/airflow-env/lib64/python3.11/site-packages/airflow/example_dags/example_params_trigger_ui.py
[2023-10-07T04:01:29.276+0530] {processor.py:829} INFO - Processing file /home/raj/Downloads/kafka_2.13-3.5.1/airflow-env/lib64/python3.11/site-packages/airflow/example_dags/example_params_trigger_ui.py for tasks to queue
[2023-10-07T04:01:29.277+0530] {logging_mixin.py:151} INFO - [2023-10-07T04:01:29.277+0530] {dagbag.py:539} INFO - Filling up the DagBag from /home/raj/Downloads/kafka_2.13-3.5.1/airflow-env/lib64/python3.11/site-packages/airflow/example_dags/example_params_trigger_ui.py
[2023-10-07T04:01:29.297+0530] {processor.py:839} INFO - DAG(s) dict_keys(['example_params_trigger_ui']) retrieved from /home/raj/Downloads/kafka_2.13-3.5.1/airflow-env/lib64/python3.11/site-packages/airflow/example_dags/example_params_trigger_ui.py
[2023-10-07T04:01:29.348+0530] {logging_mixin.py:151} INFO - [2023-10-07T04:01:29.348+0530] {dag.py:2915} INFO - Sync 1 DAGs
[2023-10-07T04:01:29.361+0530] {logging_mixin.py:151} INFO - [2023-10-07T04:01:29.360+0530] {dag.py:3696} INFO - Setting next_dagrun for example_params_trigger_ui to None, run_after=None
[2023-10-07T04:01:29.383+0530] {processor.py:179} INFO - Processing /home/raj/Downloads/kafka_2.13-3.5.1/airflow-env/lib64/python3.11/site-packages/airflow/example_dags/example_params_trigger_ui.py took 0.111 seconds
[2023-10-07T04:02:19.031+0530] {processor.py:157} INFO - Started process (PID=18405) to work on /home/raj/Downloads/kafka_2.13-3.5.1/airflow-env/lib64/python3.11/site-packages/airflow/example_dags/example_params_trigger_ui.py
[2023-10-07T04:02:19.042+0530] {processor.py:829} INFO - Processing file /home/raj/Downloads/kafka_2.13-3.5.1/airflow-env/lib64/python3.11/site-packages/airflow/example_dags/example_params_trigger_ui.py for tasks to queue
[2023-10-07T04:02:19.043+0530] {logging_mixin.py:151} INFO - [2023-10-07T04:02:19.043+0530] {dagbag.py:539} INFO - Filling up the DagBag from /home/raj/Downloads/kafka_2.13-3.5.1/airflow-env/lib64/python3.11/site-packages/airflow/example_dags/example_params_trigger_ui.py
[2023-10-07T04:02:19.078+0530] {processor.py:839} INFO - DAG(s) dict_keys(['example_params_trigger_ui']) retrieved from /home/raj/Downloads/kafka_2.13-3.5.1/airflow-env/lib64/python3.11/site-packages/airflow/example_dags/example_params_trigger_ui.py
[2023-10-07T04:02:19.120+0530] {logging_mixin.py:151} INFO - [2023-10-07T04:02:19.119+0530] {dag.py:2915} INFO - Sync 1 DAGs
[2023-10-07T04:02:19.131+0530] {logging_mixin.py:151} INFO - [2023-10-07T04:02:19.131+0530] {dag.py:3696} INFO - Setting next_dagrun for example_params_trigger_ui to None, run_after=None
[2023-10-07T04:02:19.152+0530] {processor.py:179} INFO - Processing /home/raj/Downloads/kafka_2.13-3.5.1/airflow-env/lib64/python3.11/site-packages/airflow/example_dags/example_params_trigger_ui.py took 0.126 seconds
[2023-10-07T04:03:12.124+0530] {processor.py:157} INFO - Started process (PID=18631) to work on /home/raj/Downloads/kafka_2.13-3.5.1/airflow-env/lib64/python3.11/site-packages/airflow/example_dags/example_params_trigger_ui.py
[2023-10-07T04:03:12.134+0530] {processor.py:829} INFO - Processing file /home/raj/Downloads/kafka_2.13-3.5.1/airflow-env/lib64/python3.11/site-packages/airflow/example_dags/example_params_trigger_ui.py for tasks to queue
[2023-10-07T04:03:12.136+0530] {logging_mixin.py:151} INFO - [2023-10-07T04:03:12.135+0530] {dagbag.py:539} INFO - Filling up the DagBag from /home/raj/Downloads/kafka_2.13-3.5.1/airflow-env/lib64/python3.11/site-packages/airflow/example_dags/example_params_trigger_ui.py
[2023-10-07T04:03:12.154+0530] {processor.py:839} INFO - DAG(s) dict_keys(['example_params_trigger_ui']) retrieved from /home/raj/Downloads/kafka_2.13-3.5.1/airflow-env/lib64/python3.11/site-packages/airflow/example_dags/example_params_trigger_ui.py
[2023-10-07T04:03:12.187+0530] {logging_mixin.py:151} INFO - [2023-10-07T04:03:12.187+0530] {dag.py:2915} INFO - Sync 1 DAGs
[2023-10-07T04:03:12.197+0530] {logging_mixin.py:151} INFO - [2023-10-07T04:03:12.196+0530] {dag.py:3696} INFO - Setting next_dagrun for example_params_trigger_ui to None, run_after=None
[2023-10-07T04:03:12.215+0530] {processor.py:179} INFO - Processing /home/raj/Downloads/kafka_2.13-3.5.1/airflow-env/lib64/python3.11/site-packages/airflow/example_dags/example_params_trigger_ui.py took 0.094 seconds
[2023-10-07T04:03:58.582+0530] {processor.py:157} INFO - Started process (PID=18695) to work on /home/raj/Downloads/kafka_2.13-3.5.1/airflow-env/lib64/python3.11/site-packages/airflow/example_dags/example_params_trigger_ui.py
[2023-10-07T04:03:58.593+0530] {processor.py:829} INFO - Processing file /home/raj/Downloads/kafka_2.13-3.5.1/airflow-env/lib64/python3.11/site-packages/airflow/example_dags/example_params_trigger_ui.py for tasks to queue
[2023-10-07T04:03:58.595+0530] {logging_mixin.py:151} INFO - [2023-10-07T04:03:58.594+0530] {dagbag.py:539} INFO - Filling up the DagBag from /home/raj/Downloads/kafka_2.13-3.5.1/airflow-env/lib64/python3.11/site-packages/airflow/example_dags/example_params_trigger_ui.py
[2023-10-07T04:03:58.629+0530] {processor.py:839} INFO - DAG(s) dict_keys(['example_params_trigger_ui']) retrieved from /home/raj/Downloads/kafka_2.13-3.5.1/airflow-env/lib64/python3.11/site-packages/airflow/example_dags/example_params_trigger_ui.py
[2023-10-07T04:03:58.666+0530] {logging_mixin.py:151} INFO - [2023-10-07T04:03:58.666+0530] {dag.py:2915} INFO - Sync 1 DAGs
[2023-10-07T04:03:58.676+0530] {logging_mixin.py:151} INFO - [2023-10-07T04:03:58.675+0530] {dag.py:3696} INFO - Setting next_dagrun for example_params_trigger_ui to None, run_after=None
[2023-10-07T04:03:58.696+0530] {processor.py:179} INFO - Processing /home/raj/Downloads/kafka_2.13-3.5.1/airflow-env/lib64/python3.11/site-packages/airflow/example_dags/example_params_trigger_ui.py took 0.119 seconds
[2023-10-07T04:04:47.137+0530] {processor.py:157} INFO - Started process (PID=18833) to work on /home/raj/Downloads/kafka_2.13-3.5.1/airflow-env/lib64/python3.11/site-packages/airflow/example_dags/example_params_trigger_ui.py
[2023-10-07T04:04:47.148+0530] {processor.py:829} INFO - Processing file /home/raj/Downloads/kafka_2.13-3.5.1/airflow-env/lib64/python3.11/site-packages/airflow/example_dags/example_params_trigger_ui.py for tasks to queue
[2023-10-07T04:04:47.150+0530] {logging_mixin.py:151} INFO - [2023-10-07T04:04:47.149+0530] {dagbag.py:539} INFO - Filling up the DagBag from /home/raj/Downloads/kafka_2.13-3.5.1/airflow-env/lib64/python3.11/site-packages/airflow/example_dags/example_params_trigger_ui.py
[2023-10-07T04:04:47.184+0530] {processor.py:839} INFO - DAG(s) dict_keys(['example_params_trigger_ui']) retrieved from /home/raj/Downloads/kafka_2.13-3.5.1/airflow-env/lib64/python3.11/site-packages/airflow/example_dags/example_params_trigger_ui.py
[2023-10-07T04:04:47.227+0530] {logging_mixin.py:151} INFO - [2023-10-07T04:04:47.227+0530] {dag.py:2915} INFO - Sync 1 DAGs
[2023-10-07T04:04:47.241+0530] {logging_mixin.py:151} INFO - [2023-10-07T04:04:47.240+0530] {dag.py:3696} INFO - Setting next_dagrun for example_params_trigger_ui to None, run_after=None
[2023-10-07T04:04:47.266+0530] {processor.py:179} INFO - Processing /home/raj/Downloads/kafka_2.13-3.5.1/airflow-env/lib64/python3.11/site-packages/airflow/example_dags/example_params_trigger_ui.py took 0.133 seconds
[2023-10-07T04:05:39.386+0530] {processor.py:157} INFO - Started process (PID=18985) to work on /home/raj/Downloads/kafka_2.13-3.5.1/airflow-env/lib64/python3.11/site-packages/airflow/example_dags/example_params_trigger_ui.py
[2023-10-07T04:05:39.398+0530] {processor.py:829} INFO - Processing file /home/raj/Downloads/kafka_2.13-3.5.1/airflow-env/lib64/python3.11/site-packages/airflow/example_dags/example_params_trigger_ui.py for tasks to queue
[2023-10-07T04:05:39.399+0530] {logging_mixin.py:151} INFO - [2023-10-07T04:05:39.398+0530] {dagbag.py:539} INFO - Filling up the DagBag from /home/raj/Downloads/kafka_2.13-3.5.1/airflow-env/lib64/python3.11/site-packages/airflow/example_dags/example_params_trigger_ui.py
[2023-10-07T04:05:39.424+0530] {processor.py:839} INFO - DAG(s) dict_keys(['example_params_trigger_ui']) retrieved from /home/raj/Downloads/kafka_2.13-3.5.1/airflow-env/lib64/python3.11/site-packages/airflow/example_dags/example_params_trigger_ui.py
[2023-10-07T04:05:39.465+0530] {logging_mixin.py:151} INFO - [2023-10-07T04:05:39.465+0530] {dag.py:2915} INFO - Sync 1 DAGs
[2023-10-07T04:05:39.474+0530] {logging_mixin.py:151} INFO - [2023-10-07T04:05:39.474+0530] {dag.py:3696} INFO - Setting next_dagrun for example_params_trigger_ui to None, run_after=None
[2023-10-07T04:05:39.491+0530] {processor.py:179} INFO - Processing /home/raj/Downloads/kafka_2.13-3.5.1/airflow-env/lib64/python3.11/site-packages/airflow/example_dags/example_params_trigger_ui.py took 0.111 seconds
[2023-10-07T04:06:32.426+0530] {processor.py:157} INFO - Started process (PID=19098) to work on /home/raj/Downloads/kafka_2.13-3.5.1/airflow-env/lib64/python3.11/site-packages/airflow/example_dags/example_params_trigger_ui.py
[2023-10-07T04:06:32.437+0530] {processor.py:829} INFO - Processing file /home/raj/Downloads/kafka_2.13-3.5.1/airflow-env/lib64/python3.11/site-packages/airflow/example_dags/example_params_trigger_ui.py for tasks to queue
[2023-10-07T04:06:32.438+0530] {logging_mixin.py:151} INFO - [2023-10-07T04:06:32.438+0530] {dagbag.py:539} INFO - Filling up the DagBag from /home/raj/Downloads/kafka_2.13-3.5.1/airflow-env/lib64/python3.11/site-packages/airflow/example_dags/example_params_trigger_ui.py
[2023-10-07T04:06:32.455+0530] {processor.py:839} INFO - DAG(s) dict_keys(['example_params_trigger_ui']) retrieved from /home/raj/Downloads/kafka_2.13-3.5.1/airflow-env/lib64/python3.11/site-packages/airflow/example_dags/example_params_trigger_ui.py
[2023-10-07T04:06:32.502+0530] {logging_mixin.py:151} INFO - [2023-10-07T04:06:32.502+0530] {dag.py:2915} INFO - Sync 1 DAGs
[2023-10-07T04:06:32.515+0530] {logging_mixin.py:151} INFO - [2023-10-07T04:06:32.515+0530] {dag.py:3696} INFO - Setting next_dagrun for example_params_trigger_ui to None, run_after=None
[2023-10-07T04:06:32.539+0530] {processor.py:179} INFO - Processing /home/raj/Downloads/kafka_2.13-3.5.1/airflow-env/lib64/python3.11/site-packages/airflow/example_dags/example_params_trigger_ui.py took 0.119 seconds
[2023-10-07T04:07:29.308+0530] {processor.py:157} INFO - Started process (PID=19203) to work on /home/raj/Downloads/kafka_2.13-3.5.1/airflow-env/lib64/python3.11/site-packages/airflow/example_dags/example_params_trigger_ui.py
[2023-10-07T04:07:29.319+0530] {processor.py:829} INFO - Processing file /home/raj/Downloads/kafka_2.13-3.5.1/airflow-env/lib64/python3.11/site-packages/airflow/example_dags/example_params_trigger_ui.py for tasks to queue
[2023-10-07T04:07:29.321+0530] {logging_mixin.py:151} INFO - [2023-10-07T04:07:29.320+0530] {dagbag.py:539} INFO - Filling up the DagBag from /home/raj/Downloads/kafka_2.13-3.5.1/airflow-env/lib64/python3.11/site-packages/airflow/example_dags/example_params_trigger_ui.py
[2023-10-07T04:07:29.354+0530] {processor.py:839} INFO - DAG(s) dict_keys(['example_params_trigger_ui']) retrieved from /home/raj/Downloads/kafka_2.13-3.5.1/airflow-env/lib64/python3.11/site-packages/airflow/example_dags/example_params_trigger_ui.py
[2023-10-07T04:07:29.391+0530] {logging_mixin.py:151} INFO - [2023-10-07T04:07:29.391+0530] {dag.py:2915} INFO - Sync 1 DAGs
[2023-10-07T04:07:29.400+0530] {logging_mixin.py:151} INFO - [2023-10-07T04:07:29.400+0530] {dag.py:3696} INFO - Setting next_dagrun for example_params_trigger_ui to None, run_after=None
[2023-10-07T04:07:29.418+0530] {processor.py:179} INFO - Processing /home/raj/Downloads/kafka_2.13-3.5.1/airflow-env/lib64/python3.11/site-packages/airflow/example_dags/example_params_trigger_ui.py took 0.116 seconds
[2023-10-07T04:08:23.676+0530] {processor.py:157} INFO - Started process (PID=19259) to work on /home/raj/Downloads/kafka_2.13-3.5.1/airflow-env/lib64/python3.11/site-packages/airflow/example_dags/example_params_trigger_ui.py
[2023-10-07T04:08:23.687+0530] {processor.py:829} INFO - Processing file /home/raj/Downloads/kafka_2.13-3.5.1/airflow-env/lib64/python3.11/site-packages/airflow/example_dags/example_params_trigger_ui.py for tasks to queue
[2023-10-07T04:08:23.689+0530] {logging_mixin.py:151} INFO - [2023-10-07T04:08:23.688+0530] {dagbag.py:539} INFO - Filling up the DagBag from /home/raj/Downloads/kafka_2.13-3.5.1/airflow-env/lib64/python3.11/site-packages/airflow/example_dags/example_params_trigger_ui.py
[2023-10-07T04:08:23.722+0530] {processor.py:839} INFO - DAG(s) dict_keys(['example_params_trigger_ui']) retrieved from /home/raj/Downloads/kafka_2.13-3.5.1/airflow-env/lib64/python3.11/site-packages/airflow/example_dags/example_params_trigger_ui.py
[2023-10-07T04:08:23.758+0530] {logging_mixin.py:151} INFO - [2023-10-07T04:08:23.758+0530] {dag.py:2915} INFO - Sync 1 DAGs
[2023-10-07T04:08:23.767+0530] {logging_mixin.py:151} INFO - [2023-10-07T04:08:23.767+0530] {dag.py:3696} INFO - Setting next_dagrun for example_params_trigger_ui to None, run_after=None
[2023-10-07T04:08:23.786+0530] {processor.py:179} INFO - Processing /home/raj/Downloads/kafka_2.13-3.5.1/airflow-env/lib64/python3.11/site-packages/airflow/example_dags/example_params_trigger_ui.py took 0.115 seconds
[2023-10-07T04:09:17.774+0530] {processor.py:157} INFO - Started process (PID=19316) to work on /home/raj/Downloads/kafka_2.13-3.5.1/airflow-env/lib64/python3.11/site-packages/airflow/example_dags/example_params_trigger_ui.py
[2023-10-07T04:09:17.785+0530] {processor.py:829} INFO - Processing file /home/raj/Downloads/kafka_2.13-3.5.1/airflow-env/lib64/python3.11/site-packages/airflow/example_dags/example_params_trigger_ui.py for tasks to queue
[2023-10-07T04:09:17.786+0530] {logging_mixin.py:151} INFO - [2023-10-07T04:09:17.785+0530] {dagbag.py:539} INFO - Filling up the DagBag from /home/raj/Downloads/kafka_2.13-3.5.1/airflow-env/lib64/python3.11/site-packages/airflow/example_dags/example_params_trigger_ui.py
[2023-10-07T04:09:17.819+0530] {processor.py:839} INFO - DAG(s) dict_keys(['example_params_trigger_ui']) retrieved from /home/raj/Downloads/kafka_2.13-3.5.1/airflow-env/lib64/python3.11/site-packages/airflow/example_dags/example_params_trigger_ui.py
[2023-10-07T04:09:17.859+0530] {logging_mixin.py:151} INFO - [2023-10-07T04:09:17.859+0530] {dag.py:2915} INFO - Sync 1 DAGs
[2023-10-07T04:09:17.868+0530] {logging_mixin.py:151} INFO - [2023-10-07T04:09:17.868+0530] {dag.py:3696} INFO - Setting next_dagrun for example_params_trigger_ui to None, run_after=None
[2023-10-07T04:09:17.886+0530] {processor.py:179} INFO - Processing /home/raj/Downloads/kafka_2.13-3.5.1/airflow-env/lib64/python3.11/site-packages/airflow/example_dags/example_params_trigger_ui.py took 0.117 seconds
[2023-10-07T04:10:06.212+0530] {processor.py:157} INFO - Started process (PID=19365) to work on /home/raj/Downloads/kafka_2.13-3.5.1/airflow-env/lib64/python3.11/site-packages/airflow/example_dags/example_params_trigger_ui.py
[2023-10-07T04:10:06.223+0530] {processor.py:829} INFO - Processing file /home/raj/Downloads/kafka_2.13-3.5.1/airflow-env/lib64/python3.11/site-packages/airflow/example_dags/example_params_trigger_ui.py for tasks to queue
[2023-10-07T04:10:06.225+0530] {logging_mixin.py:151} INFO - [2023-10-07T04:10:06.224+0530] {dagbag.py:539} INFO - Filling up the DagBag from /home/raj/Downloads/kafka_2.13-3.5.1/airflow-env/lib64/python3.11/site-packages/airflow/example_dags/example_params_trigger_ui.py
[2023-10-07T04:10:06.254+0530] {processor.py:839} INFO - DAG(s) dict_keys(['example_params_trigger_ui']) retrieved from /home/raj/Downloads/kafka_2.13-3.5.1/airflow-env/lib64/python3.11/site-packages/airflow/example_dags/example_params_trigger_ui.py
[2023-10-07T04:10:06.285+0530] {logging_mixin.py:151} INFO - [2023-10-07T04:10:06.284+0530] {dag.py:2915} INFO - Sync 1 DAGs
[2023-10-07T04:10:06.294+0530] {logging_mixin.py:151} INFO - [2023-10-07T04:10:06.294+0530] {dag.py:3696} INFO - Setting next_dagrun for example_params_trigger_ui to None, run_after=None
[2023-10-07T04:10:06.314+0530] {processor.py:179} INFO - Processing /home/raj/Downloads/kafka_2.13-3.5.1/airflow-env/lib64/python3.11/site-packages/airflow/example_dags/example_params_trigger_ui.py took 0.107 seconds
[2023-10-07T04:10:56.673+0530] {processor.py:157} INFO - Started process (PID=19432) to work on /home/raj/Downloads/kafka_2.13-3.5.1/airflow-env/lib64/python3.11/site-packages/airflow/example_dags/example_params_trigger_ui.py
[2023-10-07T04:10:56.683+0530] {processor.py:829} INFO - Processing file /home/raj/Downloads/kafka_2.13-3.5.1/airflow-env/lib64/python3.11/site-packages/airflow/example_dags/example_params_trigger_ui.py for tasks to queue
[2023-10-07T04:10:56.684+0530] {logging_mixin.py:151} INFO - [2023-10-07T04:10:56.684+0530] {dagbag.py:539} INFO - Filling up the DagBag from /home/raj/Downloads/kafka_2.13-3.5.1/airflow-env/lib64/python3.11/site-packages/airflow/example_dags/example_params_trigger_ui.py
[2023-10-07T04:10:56.701+0530] {processor.py:839} INFO - DAG(s) dict_keys(['example_params_trigger_ui']) retrieved from /home/raj/Downloads/kafka_2.13-3.5.1/airflow-env/lib64/python3.11/site-packages/airflow/example_dags/example_params_trigger_ui.py
[2023-10-07T04:10:56.738+0530] {logging_mixin.py:151} INFO - [2023-10-07T04:10:56.738+0530] {dag.py:2915} INFO - Sync 1 DAGs
[2023-10-07T04:10:56.751+0530] {logging_mixin.py:151} INFO - [2023-10-07T04:10:56.750+0530] {dag.py:3696} INFO - Setting next_dagrun for example_params_trigger_ui to None, run_after=None
[2023-10-07T04:10:56.773+0530] {processor.py:179} INFO - Processing /home/raj/Downloads/kafka_2.13-3.5.1/airflow-env/lib64/python3.11/site-packages/airflow/example_dags/example_params_trigger_ui.py took 0.103 seconds
[2023-10-07T04:11:50.163+0530] {processor.py:157} INFO - Started process (PID=19505) to work on /home/raj/Downloads/kafka_2.13-3.5.1/airflow-env/lib64/python3.11/site-packages/airflow/example_dags/example_params_trigger_ui.py
[2023-10-07T04:11:50.173+0530] {processor.py:829} INFO - Processing file /home/raj/Downloads/kafka_2.13-3.5.1/airflow-env/lib64/python3.11/site-packages/airflow/example_dags/example_params_trigger_ui.py for tasks to queue
[2023-10-07T04:11:50.175+0530] {logging_mixin.py:151} INFO - [2023-10-07T04:11:50.174+0530] {dagbag.py:539} INFO - Filling up the DagBag from /home/raj/Downloads/kafka_2.13-3.5.1/airflow-env/lib64/python3.11/site-packages/airflow/example_dags/example_params_trigger_ui.py
[2023-10-07T04:11:50.190+0530] {processor.py:839} INFO - DAG(s) dict_keys(['example_params_trigger_ui']) retrieved from /home/raj/Downloads/kafka_2.13-3.5.1/airflow-env/lib64/python3.11/site-packages/airflow/example_dags/example_params_trigger_ui.py
[2023-10-07T04:11:50.231+0530] {logging_mixin.py:151} INFO - [2023-10-07T04:11:50.231+0530] {dag.py:2915} INFO - Sync 1 DAGs
[2023-10-07T04:11:50.245+0530] {logging_mixin.py:151} INFO - [2023-10-07T04:11:50.244+0530] {dag.py:3696} INFO - Setting next_dagrun for example_params_trigger_ui to None, run_after=None
[2023-10-07T04:11:50.269+0530] {processor.py:179} INFO - Processing /home/raj/Downloads/kafka_2.13-3.5.1/airflow-env/lib64/python3.11/site-packages/airflow/example_dags/example_params_trigger_ui.py took 0.109 seconds
[2023-10-07T04:12:46.095+0530] {processor.py:157} INFO - Started process (PID=19569) to work on /home/raj/Downloads/kafka_2.13-3.5.1/airflow-env/lib64/python3.11/site-packages/airflow/example_dags/example_params_trigger_ui.py
[2023-10-07T04:12:46.106+0530] {processor.py:829} INFO - Processing file /home/raj/Downloads/kafka_2.13-3.5.1/airflow-env/lib64/python3.11/site-packages/airflow/example_dags/example_params_trigger_ui.py for tasks to queue
[2023-10-07T04:12:46.108+0530] {logging_mixin.py:151} INFO - [2023-10-07T04:12:46.107+0530] {dagbag.py:539} INFO - Filling up the DagBag from /home/raj/Downloads/kafka_2.13-3.5.1/airflow-env/lib64/python3.11/site-packages/airflow/example_dags/example_params_trigger_ui.py
[2023-10-07T04:12:46.141+0530] {processor.py:839} INFO - DAG(s) dict_keys(['example_params_trigger_ui']) retrieved from /home/raj/Downloads/kafka_2.13-3.5.1/airflow-env/lib64/python3.11/site-packages/airflow/example_dags/example_params_trigger_ui.py
[2023-10-07T04:12:46.183+0530] {logging_mixin.py:151} INFO - [2023-10-07T04:12:46.182+0530] {dag.py:2915} INFO - Sync 1 DAGs
[2023-10-07T04:12:46.193+0530] {logging_mixin.py:151} INFO - [2023-10-07T04:12:46.193+0530] {dag.py:3696} INFO - Setting next_dagrun for example_params_trigger_ui to None, run_after=None
[2023-10-07T04:12:46.222+0530] {processor.py:179} INFO - Processing /home/raj/Downloads/kafka_2.13-3.5.1/airflow-env/lib64/python3.11/site-packages/airflow/example_dags/example_params_trigger_ui.py took 0.132 seconds
[2023-10-07T04:13:38.364+0530] {processor.py:157} INFO - Started process (PID=19623) to work on /home/raj/Downloads/kafka_2.13-3.5.1/airflow-env/lib64/python3.11/site-packages/airflow/example_dags/example_params_trigger_ui.py
[2023-10-07T04:13:38.376+0530] {processor.py:829} INFO - Processing file /home/raj/Downloads/kafka_2.13-3.5.1/airflow-env/lib64/python3.11/site-packages/airflow/example_dags/example_params_trigger_ui.py for tasks to queue
[2023-10-07T04:13:38.377+0530] {logging_mixin.py:151} INFO - [2023-10-07T04:13:38.377+0530] {dagbag.py:539} INFO - Filling up the DagBag from /home/raj/Downloads/kafka_2.13-3.5.1/airflow-env/lib64/python3.11/site-packages/airflow/example_dags/example_params_trigger_ui.py
[2023-10-07T04:13:38.408+0530] {processor.py:839} INFO - DAG(s) dict_keys(['example_params_trigger_ui']) retrieved from /home/raj/Downloads/kafka_2.13-3.5.1/airflow-env/lib64/python3.11/site-packages/airflow/example_dags/example_params_trigger_ui.py
[2023-10-07T04:13:38.443+0530] {logging_mixin.py:151} INFO - [2023-10-07T04:13:38.443+0530] {dag.py:2915} INFO - Sync 1 DAGs
[2023-10-07T04:13:38.454+0530] {logging_mixin.py:151} INFO - [2023-10-07T04:13:38.454+0530] {dag.py:3696} INFO - Setting next_dagrun for example_params_trigger_ui to None, run_after=None
[2023-10-07T04:13:38.480+0530] {processor.py:179} INFO - Processing /home/raj/Downloads/kafka_2.13-3.5.1/airflow-env/lib64/python3.11/site-packages/airflow/example_dags/example_params_trigger_ui.py took 0.121 seconds
[2023-10-07T04:14:28.454+0530] {processor.py:157} INFO - Started process (PID=19675) to work on /home/raj/Downloads/kafka_2.13-3.5.1/airflow-env/lib64/python3.11/site-packages/airflow/example_dags/example_params_trigger_ui.py
[2023-10-07T04:14:28.466+0530] {processor.py:829} INFO - Processing file /home/raj/Downloads/kafka_2.13-3.5.1/airflow-env/lib64/python3.11/site-packages/airflow/example_dags/example_params_trigger_ui.py for tasks to queue
[2023-10-07T04:14:28.467+0530] {logging_mixin.py:151} INFO - [2023-10-07T04:14:28.467+0530] {dagbag.py:539} INFO - Filling up the DagBag from /home/raj/Downloads/kafka_2.13-3.5.1/airflow-env/lib64/python3.11/site-packages/airflow/example_dags/example_params_trigger_ui.py
[2023-10-07T04:14:28.502+0530] {processor.py:839} INFO - DAG(s) dict_keys(['example_params_trigger_ui']) retrieved from /home/raj/Downloads/kafka_2.13-3.5.1/airflow-env/lib64/python3.11/site-packages/airflow/example_dags/example_params_trigger_ui.py
[2023-10-07T04:14:28.539+0530] {logging_mixin.py:151} INFO - [2023-10-07T04:14:28.539+0530] {dag.py:2915} INFO - Sync 1 DAGs
[2023-10-07T04:14:28.548+0530] {logging_mixin.py:151} INFO - [2023-10-07T04:14:28.548+0530] {dag.py:3696} INFO - Setting next_dagrun for example_params_trigger_ui to None, run_after=None
[2023-10-07T04:14:28.566+0530] {processor.py:179} INFO - Processing /home/raj/Downloads/kafka_2.13-3.5.1/airflow-env/lib64/python3.11/site-packages/airflow/example_dags/example_params_trigger_ui.py took 0.116 seconds
[2023-10-07T04:15:18.318+0530] {processor.py:157} INFO - Started process (PID=19768) to work on /home/raj/Downloads/kafka_2.13-3.5.1/airflow-env/lib64/python3.11/site-packages/airflow/example_dags/example_params_trigger_ui.py
[2023-10-07T04:15:18.321+0530] {processor.py:829} INFO - Processing file /home/raj/Downloads/kafka_2.13-3.5.1/airflow-env/lib64/python3.11/site-packages/airflow/example_dags/example_params_trigger_ui.py for tasks to queue
[2023-10-07T04:15:18.322+0530] {logging_mixin.py:151} INFO - [2023-10-07T04:15:18.322+0530] {dagbag.py:539} INFO - Filling up the DagBag from /home/raj/Downloads/kafka_2.13-3.5.1/airflow-env/lib64/python3.11/site-packages/airflow/example_dags/example_params_trigger_ui.py
[2023-10-07T04:15:18.353+0530] {processor.py:839} INFO - DAG(s) dict_keys(['example_params_trigger_ui']) retrieved from /home/raj/Downloads/kafka_2.13-3.5.1/airflow-env/lib64/python3.11/site-packages/airflow/example_dags/example_params_trigger_ui.py
[2023-10-07T04:15:18.383+0530] {logging_mixin.py:151} INFO - [2023-10-07T04:15:18.383+0530] {dag.py:2915} INFO - Sync 1 DAGs
[2023-10-07T04:15:18.392+0530] {logging_mixin.py:151} INFO - [2023-10-07T04:15:18.392+0530] {dag.py:3696} INFO - Setting next_dagrun for example_params_trigger_ui to None, run_after=None
[2023-10-07T04:15:18.412+0530] {processor.py:179} INFO - Processing /home/raj/Downloads/kafka_2.13-3.5.1/airflow-env/lib64/python3.11/site-packages/airflow/example_dags/example_params_trigger_ui.py took 0.099 seconds
[2023-10-07T04:16:07.789+0530] {processor.py:157} INFO - Started process (PID=19835) to work on /home/raj/Downloads/kafka_2.13-3.5.1/airflow-env/lib64/python3.11/site-packages/airflow/example_dags/example_params_trigger_ui.py
[2023-10-07T04:16:07.800+0530] {processor.py:829} INFO - Processing file /home/raj/Downloads/kafka_2.13-3.5.1/airflow-env/lib64/python3.11/site-packages/airflow/example_dags/example_params_trigger_ui.py for tasks to queue
[2023-10-07T04:16:07.802+0530] {logging_mixin.py:151} INFO - [2023-10-07T04:16:07.801+0530] {dagbag.py:539} INFO - Filling up the DagBag from /home/raj/Downloads/kafka_2.13-3.5.1/airflow-env/lib64/python3.11/site-packages/airflow/example_dags/example_params_trigger_ui.py
[2023-10-07T04:16:07.843+0530] {processor.py:839} INFO - DAG(s) dict_keys(['example_params_trigger_ui']) retrieved from /home/raj/Downloads/kafka_2.13-3.5.1/airflow-env/lib64/python3.11/site-packages/airflow/example_dags/example_params_trigger_ui.py
[2023-10-07T04:16:07.879+0530] {logging_mixin.py:151} INFO - [2023-10-07T04:16:07.879+0530] {dag.py:2915} INFO - Sync 1 DAGs
[2023-10-07T04:16:07.889+0530] {logging_mixin.py:151} INFO - [2023-10-07T04:16:07.889+0530] {dag.py:3696} INFO - Setting next_dagrun for example_params_trigger_ui to None, run_after=None
[2023-10-07T04:16:07.908+0530] {processor.py:179} INFO - Processing /home/raj/Downloads/kafka_2.13-3.5.1/airflow-env/lib64/python3.11/site-packages/airflow/example_dags/example_params_trigger_ui.py took 0.124 seconds
[2023-10-07T04:17:03.723+0530] {processor.py:157} INFO - Started process (PID=19892) to work on /home/raj/Downloads/kafka_2.13-3.5.1/airflow-env/lib64/python3.11/site-packages/airflow/example_dags/example_params_trigger_ui.py
[2023-10-07T04:17:03.735+0530] {processor.py:829} INFO - Processing file /home/raj/Downloads/kafka_2.13-3.5.1/airflow-env/lib64/python3.11/site-packages/airflow/example_dags/example_params_trigger_ui.py for tasks to queue
[2023-10-07T04:17:03.736+0530] {logging_mixin.py:151} INFO - [2023-10-07T04:17:03.735+0530] {dagbag.py:539} INFO - Filling up the DagBag from /home/raj/Downloads/kafka_2.13-3.5.1/airflow-env/lib64/python3.11/site-packages/airflow/example_dags/example_params_trigger_ui.py
[2023-10-07T04:17:03.750+0530] {processor.py:839} INFO - DAG(s) dict_keys(['example_params_trigger_ui']) retrieved from /home/raj/Downloads/kafka_2.13-3.5.1/airflow-env/lib64/python3.11/site-packages/airflow/example_dags/example_params_trigger_ui.py
[2023-10-07T04:17:03.781+0530] {logging_mixin.py:151} INFO - [2023-10-07T04:17:03.780+0530] {dag.py:2915} INFO - Sync 1 DAGs
[2023-10-07T04:17:03.790+0530] {logging_mixin.py:151} INFO - [2023-10-07T04:17:03.789+0530] {dag.py:3696} INFO - Setting next_dagrun for example_params_trigger_ui to None, run_after=None
[2023-10-07T04:17:03.807+0530] {processor.py:179} INFO - Processing /home/raj/Downloads/kafka_2.13-3.5.1/airflow-env/lib64/python3.11/site-packages/airflow/example_dags/example_params_trigger_ui.py took 0.089 seconds
[2023-10-07T04:17:54.130+0530] {processor.py:157} INFO - Started process (PID=19947) to work on /home/raj/Downloads/kafka_2.13-3.5.1/airflow-env/lib64/python3.11/site-packages/airflow/example_dags/example_params_trigger_ui.py
[2023-10-07T04:17:54.142+0530] {processor.py:829} INFO - Processing file /home/raj/Downloads/kafka_2.13-3.5.1/airflow-env/lib64/python3.11/site-packages/airflow/example_dags/example_params_trigger_ui.py for tasks to queue
[2023-10-07T04:17:54.143+0530] {logging_mixin.py:151} INFO - [2023-10-07T04:17:54.142+0530] {dagbag.py:539} INFO - Filling up the DagBag from /home/raj/Downloads/kafka_2.13-3.5.1/airflow-env/lib64/python3.11/site-packages/airflow/example_dags/example_params_trigger_ui.py
[2023-10-07T04:17:54.178+0530] {processor.py:839} INFO - DAG(s) dict_keys(['example_params_trigger_ui']) retrieved from /home/raj/Downloads/kafka_2.13-3.5.1/airflow-env/lib64/python3.11/site-packages/airflow/example_dags/example_params_trigger_ui.py
[2023-10-07T04:17:54.213+0530] {logging_mixin.py:151} INFO - [2023-10-07T04:17:54.213+0530] {dag.py:2915} INFO - Sync 1 DAGs
[2023-10-07T04:17:54.222+0530] {logging_mixin.py:151} INFO - [2023-10-07T04:17:54.222+0530] {dag.py:3696} INFO - Setting next_dagrun for example_params_trigger_ui to None, run_after=None
[2023-10-07T04:17:54.242+0530] {processor.py:179} INFO - Processing /home/raj/Downloads/kafka_2.13-3.5.1/airflow-env/lib64/python3.11/site-packages/airflow/example_dags/example_params_trigger_ui.py took 0.117 seconds
[2023-10-07T04:18:45.134+0530] {processor.py:157} INFO - Started process (PID=20001) to work on /home/raj/Downloads/kafka_2.13-3.5.1/airflow-env/lib64/python3.11/site-packages/airflow/example_dags/example_params_trigger_ui.py
[2023-10-07T04:18:45.145+0530] {processor.py:829} INFO - Processing file /home/raj/Downloads/kafka_2.13-3.5.1/airflow-env/lib64/python3.11/site-packages/airflow/example_dags/example_params_trigger_ui.py for tasks to queue
[2023-10-07T04:18:45.147+0530] {logging_mixin.py:151} INFO - [2023-10-07T04:18:45.146+0530] {dagbag.py:539} INFO - Filling up the DagBag from /home/raj/Downloads/kafka_2.13-3.5.1/airflow-env/lib64/python3.11/site-packages/airflow/example_dags/example_params_trigger_ui.py
[2023-10-07T04:18:45.176+0530] {processor.py:839} INFO - DAG(s) dict_keys(['example_params_trigger_ui']) retrieved from /home/raj/Downloads/kafka_2.13-3.5.1/airflow-env/lib64/python3.11/site-packages/airflow/example_dags/example_params_trigger_ui.py
[2023-10-07T04:18:45.209+0530] {logging_mixin.py:151} INFO - [2023-10-07T04:18:45.209+0530] {dag.py:2915} INFO - Sync 1 DAGs
[2023-10-07T04:18:45.221+0530] {logging_mixin.py:151} INFO - [2023-10-07T04:18:45.221+0530] {dag.py:3696} INFO - Setting next_dagrun for example_params_trigger_ui to None, run_after=None
[2023-10-07T04:18:45.243+0530] {processor.py:179} INFO - Processing /home/raj/Downloads/kafka_2.13-3.5.1/airflow-env/lib64/python3.11/site-packages/airflow/example_dags/example_params_trigger_ui.py took 0.114 seconds
[2023-10-07T04:19:40.281+0530] {processor.py:157} INFO - Started process (PID=20056) to work on /home/raj/Downloads/kafka_2.13-3.5.1/airflow-env/lib64/python3.11/site-packages/airflow/example_dags/example_params_trigger_ui.py
[2023-10-07T04:19:40.293+0530] {processor.py:829} INFO - Processing file /home/raj/Downloads/kafka_2.13-3.5.1/airflow-env/lib64/python3.11/site-packages/airflow/example_dags/example_params_trigger_ui.py for tasks to queue
[2023-10-07T04:19:40.294+0530] {logging_mixin.py:151} INFO - [2023-10-07T04:19:40.294+0530] {dagbag.py:539} INFO - Filling up the DagBag from /home/raj/Downloads/kafka_2.13-3.5.1/airflow-env/lib64/python3.11/site-packages/airflow/example_dags/example_params_trigger_ui.py
[2023-10-07T04:19:40.314+0530] {processor.py:839} INFO - DAG(s) dict_keys(['example_params_trigger_ui']) retrieved from /home/raj/Downloads/kafka_2.13-3.5.1/airflow-env/lib64/python3.11/site-packages/airflow/example_dags/example_params_trigger_ui.py
[2023-10-07T04:19:40.346+0530] {logging_mixin.py:151} INFO - [2023-10-07T04:19:40.346+0530] {dag.py:2915} INFO - Sync 1 DAGs
[2023-10-07T04:19:40.357+0530] {logging_mixin.py:151} INFO - [2023-10-07T04:19:40.356+0530] {dag.py:3696} INFO - Setting next_dagrun for example_params_trigger_ui to None, run_after=None
[2023-10-07T04:19:40.376+0530] {processor.py:179} INFO - Processing /home/raj/Downloads/kafka_2.13-3.5.1/airflow-env/lib64/python3.11/site-packages/airflow/example_dags/example_params_trigger_ui.py took 0.100 seconds
[2023-10-07T04:20:35.495+0530] {processor.py:157} INFO - Started process (PID=20415) to work on /home/raj/Downloads/kafka_2.13-3.5.1/airflow-env/lib64/python3.11/site-packages/airflow/example_dags/example_params_trigger_ui.py
[2023-10-07T04:20:35.507+0530] {processor.py:829} INFO - Processing file /home/raj/Downloads/kafka_2.13-3.5.1/airflow-env/lib64/python3.11/site-packages/airflow/example_dags/example_params_trigger_ui.py for tasks to queue
[2023-10-07T04:20:35.508+0530] {logging_mixin.py:151} INFO - [2023-10-07T04:20:35.508+0530] {dagbag.py:539} INFO - Filling up the DagBag from /home/raj/Downloads/kafka_2.13-3.5.1/airflow-env/lib64/python3.11/site-packages/airflow/example_dags/example_params_trigger_ui.py
[2023-10-07T04:20:35.539+0530] {processor.py:839} INFO - DAG(s) dict_keys(['example_params_trigger_ui']) retrieved from /home/raj/Downloads/kafka_2.13-3.5.1/airflow-env/lib64/python3.11/site-packages/airflow/example_dags/example_params_trigger_ui.py
[2023-10-07T04:20:35.569+0530] {logging_mixin.py:151} INFO - [2023-10-07T04:20:35.569+0530] {dag.py:2915} INFO - Sync 1 DAGs
[2023-10-07T04:20:35.578+0530] {logging_mixin.py:151} INFO - [2023-10-07T04:20:35.578+0530] {dag.py:3696} INFO - Setting next_dagrun for example_params_trigger_ui to None, run_after=None
[2023-10-07T04:20:35.599+0530] {processor.py:179} INFO - Processing /home/raj/Downloads/kafka_2.13-3.5.1/airflow-env/lib64/python3.11/site-packages/airflow/example_dags/example_params_trigger_ui.py took 0.110 seconds
[2023-10-07T04:21:29.756+0530] {processor.py:157} INFO - Started process (PID=20614) to work on /home/raj/Downloads/kafka_2.13-3.5.1/airflow-env/lib64/python3.11/site-packages/airflow/example_dags/example_params_trigger_ui.py
[2023-10-07T04:21:29.767+0530] {processor.py:829} INFO - Processing file /home/raj/Downloads/kafka_2.13-3.5.1/airflow-env/lib64/python3.11/site-packages/airflow/example_dags/example_params_trigger_ui.py for tasks to queue
[2023-10-07T04:21:29.768+0530] {logging_mixin.py:151} INFO - [2023-10-07T04:21:29.768+0530] {dagbag.py:539} INFO - Filling up the DagBag from /home/raj/Downloads/kafka_2.13-3.5.1/airflow-env/lib64/python3.11/site-packages/airflow/example_dags/example_params_trigger_ui.py
[2023-10-07T04:21:29.787+0530] {processor.py:839} INFO - DAG(s) dict_keys(['example_params_trigger_ui']) retrieved from /home/raj/Downloads/kafka_2.13-3.5.1/airflow-env/lib64/python3.11/site-packages/airflow/example_dags/example_params_trigger_ui.py
[2023-10-07T04:21:29.826+0530] {logging_mixin.py:151} INFO - [2023-10-07T04:21:29.826+0530] {dag.py:2915} INFO - Sync 1 DAGs
[2023-10-07T04:21:29.838+0530] {logging_mixin.py:151} INFO - [2023-10-07T04:21:29.838+0530] {dag.py:3696} INFO - Setting next_dagrun for example_params_trigger_ui to None, run_after=None
[2023-10-07T04:21:29.862+0530] {processor.py:179} INFO - Processing /home/raj/Downloads/kafka_2.13-3.5.1/airflow-env/lib64/python3.11/site-packages/airflow/example_dags/example_params_trigger_ui.py took 0.108 seconds
[2023-10-07T04:22:18.357+0530] {processor.py:157} INFO - Started process (PID=20777) to work on /home/raj/Downloads/kafka_2.13-3.5.1/airflow-env/lib64/python3.11/site-packages/airflow/example_dags/example_params_trigger_ui.py
[2023-10-07T04:22:18.367+0530] {processor.py:829} INFO - Processing file /home/raj/Downloads/kafka_2.13-3.5.1/airflow-env/lib64/python3.11/site-packages/airflow/example_dags/example_params_trigger_ui.py for tasks to queue
[2023-10-07T04:22:18.368+0530] {logging_mixin.py:151} INFO - [2023-10-07T04:22:18.368+0530] {dagbag.py:539} INFO - Filling up the DagBag from /home/raj/Downloads/kafka_2.13-3.5.1/airflow-env/lib64/python3.11/site-packages/airflow/example_dags/example_params_trigger_ui.py
[2023-10-07T04:22:18.390+0530] {processor.py:839} INFO - DAG(s) dict_keys(['example_params_trigger_ui']) retrieved from /home/raj/Downloads/kafka_2.13-3.5.1/airflow-env/lib64/python3.11/site-packages/airflow/example_dags/example_params_trigger_ui.py
[2023-10-07T04:22:18.452+0530] {logging_mixin.py:151} INFO - [2023-10-07T04:22:18.451+0530] {dag.py:2915} INFO - Sync 1 DAGs
[2023-10-07T04:22:18.469+0530] {logging_mixin.py:151} INFO - [2023-10-07T04:22:18.469+0530] {dag.py:3696} INFO - Setting next_dagrun for example_params_trigger_ui to None, run_after=None
[2023-10-07T04:22:18.495+0530] {processor.py:179} INFO - Processing /home/raj/Downloads/kafka_2.13-3.5.1/airflow-env/lib64/python3.11/site-packages/airflow/example_dags/example_params_trigger_ui.py took 0.140 seconds
[2023-10-07T04:23:10.375+0530] {processor.py:157} INFO - Started process (PID=20877) to work on /home/raj/Downloads/kafka_2.13-3.5.1/airflow-env/lib64/python3.11/site-packages/airflow/example_dags/example_params_trigger_ui.py
[2023-10-07T04:23:10.385+0530] {processor.py:829} INFO - Processing file /home/raj/Downloads/kafka_2.13-3.5.1/airflow-env/lib64/python3.11/site-packages/airflow/example_dags/example_params_trigger_ui.py for tasks to queue
[2023-10-07T04:23:10.388+0530] {logging_mixin.py:151} INFO - [2023-10-07T04:23:10.386+0530] {dagbag.py:539} INFO - Filling up the DagBag from /home/raj/Downloads/kafka_2.13-3.5.1/airflow-env/lib64/python3.11/site-packages/airflow/example_dags/example_params_trigger_ui.py
[2023-10-07T04:23:10.416+0530] {processor.py:839} INFO - DAG(s) dict_keys(['example_params_trigger_ui']) retrieved from /home/raj/Downloads/kafka_2.13-3.5.1/airflow-env/lib64/python3.11/site-packages/airflow/example_dags/example_params_trigger_ui.py
[2023-10-07T04:23:10.457+0530] {logging_mixin.py:151} INFO - [2023-10-07T04:23:10.457+0530] {dag.py:2915} INFO - Sync 1 DAGs
[2023-10-07T04:23:10.471+0530] {logging_mixin.py:151} INFO - [2023-10-07T04:23:10.470+0530] {dag.py:3696} INFO - Setting next_dagrun for example_params_trigger_ui to None, run_after=None
[2023-10-07T04:23:10.492+0530] {processor.py:179} INFO - Processing /home/raj/Downloads/kafka_2.13-3.5.1/airflow-env/lib64/python3.11/site-packages/airflow/example_dags/example_params_trigger_ui.py took 0.122 seconds
[2023-10-07T04:24:01.153+0530] {processor.py:157} INFO - Started process (PID=20983) to work on /home/raj/Downloads/kafka_2.13-3.5.1/airflow-env/lib64/python3.11/site-packages/airflow/example_dags/example_params_trigger_ui.py
[2023-10-07T04:24:01.155+0530] {processor.py:829} INFO - Processing file /home/raj/Downloads/kafka_2.13-3.5.1/airflow-env/lib64/python3.11/site-packages/airflow/example_dags/example_params_trigger_ui.py for tasks to queue
[2023-10-07T04:24:01.156+0530] {logging_mixin.py:151} INFO - [2023-10-07T04:24:01.156+0530] {dagbag.py:539} INFO - Filling up the DagBag from /home/raj/Downloads/kafka_2.13-3.5.1/airflow-env/lib64/python3.11/site-packages/airflow/example_dags/example_params_trigger_ui.py
[2023-10-07T04:24:01.173+0530] {processor.py:839} INFO - DAG(s) dict_keys(['example_params_trigger_ui']) retrieved from /home/raj/Downloads/kafka_2.13-3.5.1/airflow-env/lib64/python3.11/site-packages/airflow/example_dags/example_params_trigger_ui.py
[2023-10-07T04:24:01.209+0530] {logging_mixin.py:151} INFO - [2023-10-07T04:24:01.209+0530] {dag.py:2915} INFO - Sync 1 DAGs
[2023-10-07T04:24:01.221+0530] {logging_mixin.py:151} INFO - [2023-10-07T04:24:01.221+0530] {dag.py:3696} INFO - Setting next_dagrun for example_params_trigger_ui to None, run_after=None
[2023-10-07T04:24:01.245+0530] {processor.py:179} INFO - Processing /home/raj/Downloads/kafka_2.13-3.5.1/airflow-env/lib64/python3.11/site-packages/airflow/example_dags/example_params_trigger_ui.py took 0.095 seconds
[2023-10-07T04:24:50.592+0530] {processor.py:157} INFO - Started process (PID=21098) to work on /home/raj/Downloads/kafka_2.13-3.5.1/airflow-env/lib64/python3.11/site-packages/airflow/example_dags/example_params_trigger_ui.py
[2023-10-07T04:24:50.603+0530] {processor.py:829} INFO - Processing file /home/raj/Downloads/kafka_2.13-3.5.1/airflow-env/lib64/python3.11/site-packages/airflow/example_dags/example_params_trigger_ui.py for tasks to queue
[2023-10-07T04:24:50.604+0530] {logging_mixin.py:151} INFO - [2023-10-07T04:24:50.603+0530] {dagbag.py:539} INFO - Filling up the DagBag from /home/raj/Downloads/kafka_2.13-3.5.1/airflow-env/lib64/python3.11/site-packages/airflow/example_dags/example_params_trigger_ui.py
[2023-10-07T04:24:50.619+0530] {processor.py:839} INFO - DAG(s) dict_keys(['example_params_trigger_ui']) retrieved from /home/raj/Downloads/kafka_2.13-3.5.1/airflow-env/lib64/python3.11/site-packages/airflow/example_dags/example_params_trigger_ui.py
[2023-10-07T04:24:50.652+0530] {logging_mixin.py:151} INFO - [2023-10-07T04:24:50.652+0530] {dag.py:2915} INFO - Sync 1 DAGs
[2023-10-07T04:24:50.664+0530] {logging_mixin.py:151} INFO - [2023-10-07T04:24:50.664+0530] {dag.py:3696} INFO - Setting next_dagrun for example_params_trigger_ui to None, run_after=None
[2023-10-07T04:24:50.688+0530] {processor.py:179} INFO - Processing /home/raj/Downloads/kafka_2.13-3.5.1/airflow-env/lib64/python3.11/site-packages/airflow/example_dags/example_params_trigger_ui.py took 0.102 seconds
[2023-10-07T04:25:42.286+0530] {processor.py:157} INFO - Started process (PID=21185) to work on /home/raj/Downloads/kafka_2.13-3.5.1/airflow-env/lib64/python3.11/site-packages/airflow/example_dags/example_params_trigger_ui.py
[2023-10-07T04:25:42.298+0530] {processor.py:829} INFO - Processing file /home/raj/Downloads/kafka_2.13-3.5.1/airflow-env/lib64/python3.11/site-packages/airflow/example_dags/example_params_trigger_ui.py for tasks to queue
[2023-10-07T04:25:42.299+0530] {logging_mixin.py:151} INFO - [2023-10-07T04:25:42.299+0530] {dagbag.py:539} INFO - Filling up the DagBag from /home/raj/Downloads/kafka_2.13-3.5.1/airflow-env/lib64/python3.11/site-packages/airflow/example_dags/example_params_trigger_ui.py
[2023-10-07T04:25:42.332+0530] {processor.py:839} INFO - DAG(s) dict_keys(['example_params_trigger_ui']) retrieved from /home/raj/Downloads/kafka_2.13-3.5.1/airflow-env/lib64/python3.11/site-packages/airflow/example_dags/example_params_trigger_ui.py
[2023-10-07T04:25:42.372+0530] {logging_mixin.py:151} INFO - [2023-10-07T04:25:42.371+0530] {dag.py:2915} INFO - Sync 1 DAGs
[2023-10-07T04:25:42.381+0530] {logging_mixin.py:151} INFO - [2023-10-07T04:25:42.381+0530] {dag.py:3696} INFO - Setting next_dagrun for example_params_trigger_ui to None, run_after=None
[2023-10-07T04:25:42.403+0530] {processor.py:179} INFO - Processing /home/raj/Downloads/kafka_2.13-3.5.1/airflow-env/lib64/python3.11/site-packages/airflow/example_dags/example_params_trigger_ui.py took 0.122 seconds
[2023-10-07T04:26:35.045+0530] {processor.py:157} INFO - Started process (PID=21361) to work on /home/raj/Downloads/kafka_2.13-3.5.1/airflow-env/lib64/python3.11/site-packages/airflow/example_dags/example_params_trigger_ui.py
[2023-10-07T04:26:35.046+0530] {processor.py:829} INFO - Processing file /home/raj/Downloads/kafka_2.13-3.5.1/airflow-env/lib64/python3.11/site-packages/airflow/example_dags/example_params_trigger_ui.py for tasks to queue
[2023-10-07T04:26:35.048+0530] {logging_mixin.py:151} INFO - [2023-10-07T04:26:35.047+0530] {dagbag.py:539} INFO - Filling up the DagBag from /home/raj/Downloads/kafka_2.13-3.5.1/airflow-env/lib64/python3.11/site-packages/airflow/example_dags/example_params_trigger_ui.py
[2023-10-07T04:26:35.078+0530] {processor.py:839} INFO - DAG(s) dict_keys(['example_params_trigger_ui']) retrieved from /home/raj/Downloads/kafka_2.13-3.5.1/airflow-env/lib64/python3.11/site-packages/airflow/example_dags/example_params_trigger_ui.py
[2023-10-07T04:26:35.114+0530] {logging_mixin.py:151} INFO - [2023-10-07T04:26:35.114+0530] {dag.py:2915} INFO - Sync 1 DAGs
[2023-10-07T04:26:35.125+0530] {logging_mixin.py:151} INFO - [2023-10-07T04:26:35.125+0530] {dag.py:3696} INFO - Setting next_dagrun for example_params_trigger_ui to None, run_after=None
[2023-10-07T04:26:35.148+0530] {processor.py:179} INFO - Processing /home/raj/Downloads/kafka_2.13-3.5.1/airflow-env/lib64/python3.11/site-packages/airflow/example_dags/example_params_trigger_ui.py took 0.109 seconds
[2023-10-07T04:27:25.083+0530] {processor.py:157} INFO - Started process (PID=21545) to work on /home/raj/Downloads/kafka_2.13-3.5.1/airflow-env/lib64/python3.11/site-packages/airflow/example_dags/example_params_trigger_ui.py
[2023-10-07T04:27:25.094+0530] {processor.py:829} INFO - Processing file /home/raj/Downloads/kafka_2.13-3.5.1/airflow-env/lib64/python3.11/site-packages/airflow/example_dags/example_params_trigger_ui.py for tasks to queue
[2023-10-07T04:27:25.096+0530] {logging_mixin.py:151} INFO - [2023-10-07T04:27:25.095+0530] {dagbag.py:539} INFO - Filling up the DagBag from /home/raj/Downloads/kafka_2.13-3.5.1/airflow-env/lib64/python3.11/site-packages/airflow/example_dags/example_params_trigger_ui.py
[2023-10-07T04:27:25.130+0530] {processor.py:839} INFO - DAG(s) dict_keys(['example_params_trigger_ui']) retrieved from /home/raj/Downloads/kafka_2.13-3.5.1/airflow-env/lib64/python3.11/site-packages/airflow/example_dags/example_params_trigger_ui.py
[2023-10-07T04:27:25.166+0530] {logging_mixin.py:151} INFO - [2023-10-07T04:27:25.166+0530] {dag.py:2915} INFO - Sync 1 DAGs
[2023-10-07T04:27:25.177+0530] {logging_mixin.py:151} INFO - [2023-10-07T04:27:25.177+0530] {dag.py:3696} INFO - Setting next_dagrun for example_params_trigger_ui to None, run_after=None
[2023-10-07T04:27:25.198+0530] {processor.py:179} INFO - Processing /home/raj/Downloads/kafka_2.13-3.5.1/airflow-env/lib64/python3.11/site-packages/airflow/example_dags/example_params_trigger_ui.py took 0.120 seconds
[2023-10-07T04:28:18.676+0530] {processor.py:157} INFO - Started process (PID=21610) to work on /home/raj/Downloads/kafka_2.13-3.5.1/airflow-env/lib64/python3.11/site-packages/airflow/example_dags/example_params_trigger_ui.py
[2023-10-07T04:28:18.688+0530] {processor.py:829} INFO - Processing file /home/raj/Downloads/kafka_2.13-3.5.1/airflow-env/lib64/python3.11/site-packages/airflow/example_dags/example_params_trigger_ui.py for tasks to queue
[2023-10-07T04:28:18.689+0530] {logging_mixin.py:151} INFO - [2023-10-07T04:28:18.689+0530] {dagbag.py:539} INFO - Filling up the DagBag from /home/raj/Downloads/kafka_2.13-3.5.1/airflow-env/lib64/python3.11/site-packages/airflow/example_dags/example_params_trigger_ui.py
[2023-10-07T04:28:18.727+0530] {processor.py:839} INFO - DAG(s) dict_keys(['example_params_trigger_ui']) retrieved from /home/raj/Downloads/kafka_2.13-3.5.1/airflow-env/lib64/python3.11/site-packages/airflow/example_dags/example_params_trigger_ui.py
[2023-10-07T04:28:18.768+0530] {logging_mixin.py:151} INFO - [2023-10-07T04:28:18.768+0530] {dag.py:2915} INFO - Sync 1 DAGs
[2023-10-07T04:28:18.779+0530] {logging_mixin.py:151} INFO - [2023-10-07T04:28:18.779+0530] {dag.py:3696} INFO - Setting next_dagrun for example_params_trigger_ui to None, run_after=None
[2023-10-07T04:28:18.802+0530] {processor.py:179} INFO - Processing /home/raj/Downloads/kafka_2.13-3.5.1/airflow-env/lib64/python3.11/site-packages/airflow/example_dags/example_params_trigger_ui.py took 0.131 seconds
[2023-10-07T04:29:10.915+0530] {processor.py:157} INFO - Started process (PID=21742) to work on /home/raj/Downloads/kafka_2.13-3.5.1/airflow-env/lib64/python3.11/site-packages/airflow/example_dags/example_params_trigger_ui.py
[2023-10-07T04:29:10.926+0530] {processor.py:829} INFO - Processing file /home/raj/Downloads/kafka_2.13-3.5.1/airflow-env/lib64/python3.11/site-packages/airflow/example_dags/example_params_trigger_ui.py for tasks to queue
[2023-10-07T04:29:10.928+0530] {logging_mixin.py:151} INFO - [2023-10-07T04:29:10.927+0530] {dagbag.py:539} INFO - Filling up the DagBag from /home/raj/Downloads/kafka_2.13-3.5.1/airflow-env/lib64/python3.11/site-packages/airflow/example_dags/example_params_trigger_ui.py
[2023-10-07T04:29:10.942+0530] {processor.py:839} INFO - DAG(s) dict_keys(['example_params_trigger_ui']) retrieved from /home/raj/Downloads/kafka_2.13-3.5.1/airflow-env/lib64/python3.11/site-packages/airflow/example_dags/example_params_trigger_ui.py
[2023-10-07T04:29:10.990+0530] {logging_mixin.py:151} INFO - [2023-10-07T04:29:10.990+0530] {dag.py:2915} INFO - Sync 1 DAGs
[2023-10-07T04:29:11.000+0530] {logging_mixin.py:151} INFO - [2023-10-07T04:29:11.000+0530] {dag.py:3696} INFO - Setting next_dagrun for example_params_trigger_ui to None, run_after=None
[2023-10-07T04:29:11.020+0530] {processor.py:179} INFO - Processing /home/raj/Downloads/kafka_2.13-3.5.1/airflow-env/lib64/python3.11/site-packages/airflow/example_dags/example_params_trigger_ui.py took 0.110 seconds
[2023-10-07T04:40:50.303+0530] {processor.py:157} INFO - Started process (PID=9752) to work on /home/raj/Downloads/kafka_2.13-3.5.1/airflow-env/lib64/python3.11/site-packages/airflow/example_dags/example_params_trigger_ui.py
[2023-10-07T04:40:50.305+0530] {processor.py:829} INFO - Processing file /home/raj/Downloads/kafka_2.13-3.5.1/airflow-env/lib64/python3.11/site-packages/airflow/example_dags/example_params_trigger_ui.py for tasks to queue
[2023-10-07T04:40:50.306+0530] {logging_mixin.py:151} INFO - [2023-10-07T04:40:50.305+0530] {dagbag.py:539} INFO - Filling up the DagBag from /home/raj/Downloads/kafka_2.13-3.5.1/airflow-env/lib64/python3.11/site-packages/airflow/example_dags/example_params_trigger_ui.py
[2023-10-07T04:40:50.324+0530] {processor.py:839} INFO - DAG(s) dict_keys(['example_params_trigger_ui']) retrieved from /home/raj/Downloads/kafka_2.13-3.5.1/airflow-env/lib64/python3.11/site-packages/airflow/example_dags/example_params_trigger_ui.py
[2023-10-07T04:40:50.374+0530] {logging_mixin.py:151} INFO - [2023-10-07T04:40:50.374+0530] {dag.py:2915} INFO - Sync 1 DAGs
[2023-10-07T04:40:50.393+0530] {logging_mixin.py:151} INFO - [2023-10-07T04:40:50.393+0530] {dag.py:3696} INFO - Setting next_dagrun for example_params_trigger_ui to None, run_after=None
[2023-10-07T04:40:50.430+0530] {processor.py:179} INFO - Processing /home/raj/Downloads/kafka_2.13-3.5.1/airflow-env/lib64/python3.11/site-packages/airflow/example_dags/example_params_trigger_ui.py took 0.130 seconds
[2023-10-07T04:41:37.818+0530] {processor.py:157} INFO - Started process (PID=10024) to work on /home/raj/Downloads/kafka_2.13-3.5.1/airflow-env/lib64/python3.11/site-packages/airflow/example_dags/example_params_trigger_ui.py
[2023-10-07T04:41:37.829+0530] {processor.py:829} INFO - Processing file /home/raj/Downloads/kafka_2.13-3.5.1/airflow-env/lib64/python3.11/site-packages/airflow/example_dags/example_params_trigger_ui.py for tasks to queue
[2023-10-07T04:41:37.831+0530] {logging_mixin.py:151} INFO - [2023-10-07T04:41:37.830+0530] {dagbag.py:539} INFO - Filling up the DagBag from /home/raj/Downloads/kafka_2.13-3.5.1/airflow-env/lib64/python3.11/site-packages/airflow/example_dags/example_params_trigger_ui.py
[2023-10-07T04:41:37.854+0530] {processor.py:839} INFO - DAG(s) dict_keys(['example_params_trigger_ui']) retrieved from /home/raj/Downloads/kafka_2.13-3.5.1/airflow-env/lib64/python3.11/site-packages/airflow/example_dags/example_params_trigger_ui.py
[2023-10-07T04:41:37.895+0530] {logging_mixin.py:151} INFO - [2023-10-07T04:41:37.895+0530] {dag.py:2915} INFO - Sync 1 DAGs
[2023-10-07T04:41:37.908+0530] {logging_mixin.py:151} INFO - [2023-10-07T04:41:37.908+0530] {dag.py:3696} INFO - Setting next_dagrun for example_params_trigger_ui to None, run_after=None
[2023-10-07T04:41:37.934+0530] {processor.py:179} INFO - Processing /home/raj/Downloads/kafka_2.13-3.5.1/airflow-env/lib64/python3.11/site-packages/airflow/example_dags/example_params_trigger_ui.py took 0.122 seconds
[2023-10-07T04:42:29.382+0530] {processor.py:157} INFO - Started process (PID=10198) to work on /home/raj/Downloads/kafka_2.13-3.5.1/airflow-env/lib64/python3.11/site-packages/airflow/example_dags/example_params_trigger_ui.py
[2023-10-07T04:42:29.383+0530] {processor.py:829} INFO - Processing file /home/raj/Downloads/kafka_2.13-3.5.1/airflow-env/lib64/python3.11/site-packages/airflow/example_dags/example_params_trigger_ui.py for tasks to queue
[2023-10-07T04:42:29.385+0530] {logging_mixin.py:151} INFO - [2023-10-07T04:42:29.384+0530] {dagbag.py:539} INFO - Filling up the DagBag from /home/raj/Downloads/kafka_2.13-3.5.1/airflow-env/lib64/python3.11/site-packages/airflow/example_dags/example_params_trigger_ui.py
[2023-10-07T04:42:29.408+0530] {processor.py:839} INFO - DAG(s) dict_keys(['example_params_trigger_ui']) retrieved from /home/raj/Downloads/kafka_2.13-3.5.1/airflow-env/lib64/python3.11/site-packages/airflow/example_dags/example_params_trigger_ui.py
[2023-10-07T04:42:29.456+0530] {logging_mixin.py:151} INFO - [2023-10-07T04:42:29.455+0530] {dag.py:2915} INFO - Sync 1 DAGs
[2023-10-07T04:42:29.470+0530] {logging_mixin.py:151} INFO - [2023-10-07T04:42:29.470+0530] {dag.py:3696} INFO - Setting next_dagrun for example_params_trigger_ui to None, run_after=None
[2023-10-07T04:42:29.491+0530] {processor.py:179} INFO - Processing /home/raj/Downloads/kafka_2.13-3.5.1/airflow-env/lib64/python3.11/site-packages/airflow/example_dags/example_params_trigger_ui.py took 0.114 seconds
[2023-10-07T04:43:40.671+0530] {processor.py:157} INFO - Started process (PID=10393) to work on /home/raj/Downloads/kafka_2.13-3.5.1/airflow-env/lib64/python3.11/site-packages/airflow/example_dags/example_params_trigger_ui.py
[2023-10-07T04:43:40.683+0530] {processor.py:829} INFO - Processing file /home/raj/Downloads/kafka_2.13-3.5.1/airflow-env/lib64/python3.11/site-packages/airflow/example_dags/example_params_trigger_ui.py for tasks to queue
[2023-10-07T04:43:40.684+0530] {logging_mixin.py:151} INFO - [2023-10-07T04:43:40.683+0530] {dagbag.py:539} INFO - Filling up the DagBag from /home/raj/Downloads/kafka_2.13-3.5.1/airflow-env/lib64/python3.11/site-packages/airflow/example_dags/example_params_trigger_ui.py
[2023-10-07T04:43:40.702+0530] {processor.py:839} INFO - DAG(s) dict_keys(['example_params_trigger_ui']) retrieved from /home/raj/Downloads/kafka_2.13-3.5.1/airflow-env/lib64/python3.11/site-packages/airflow/example_dags/example_params_trigger_ui.py
[2023-10-07T04:43:40.743+0530] {logging_mixin.py:151} INFO - [2023-10-07T04:43:40.743+0530] {dag.py:2915} INFO - Sync 1 DAGs
[2023-10-07T04:43:40.755+0530] {logging_mixin.py:151} INFO - [2023-10-07T04:43:40.755+0530] {dag.py:3696} INFO - Setting next_dagrun for example_params_trigger_ui to None, run_after=None
[2023-10-07T04:43:40.774+0530] {processor.py:179} INFO - Processing /home/raj/Downloads/kafka_2.13-3.5.1/airflow-env/lib64/python3.11/site-packages/airflow/example_dags/example_params_trigger_ui.py took 0.108 seconds
[2023-10-07T04:44:29.214+0530] {processor.py:157} INFO - Started process (PID=10499) to work on /home/raj/Downloads/kafka_2.13-3.5.1/airflow-env/lib64/python3.11/site-packages/airflow/example_dags/example_params_trigger_ui.py
[2023-10-07T04:44:29.226+0530] {processor.py:829} INFO - Processing file /home/raj/Downloads/kafka_2.13-3.5.1/airflow-env/lib64/python3.11/site-packages/airflow/example_dags/example_params_trigger_ui.py for tasks to queue
[2023-10-07T04:44:29.227+0530] {logging_mixin.py:151} INFO - [2023-10-07T04:44:29.226+0530] {dagbag.py:539} INFO - Filling up the DagBag from /home/raj/Downloads/kafka_2.13-3.5.1/airflow-env/lib64/python3.11/site-packages/airflow/example_dags/example_params_trigger_ui.py
[2023-10-07T04:44:29.263+0530] {processor.py:839} INFO - DAG(s) dict_keys(['example_params_trigger_ui']) retrieved from /home/raj/Downloads/kafka_2.13-3.5.1/airflow-env/lib64/python3.11/site-packages/airflow/example_dags/example_params_trigger_ui.py
[2023-10-07T04:44:29.302+0530] {logging_mixin.py:151} INFO - [2023-10-07T04:44:29.302+0530] {dag.py:2915} INFO - Sync 1 DAGs
[2023-10-07T04:44:29.312+0530] {logging_mixin.py:151} INFO - [2023-10-07T04:44:29.312+0530] {dag.py:3696} INFO - Setting next_dagrun for example_params_trigger_ui to None, run_after=None
[2023-10-07T04:44:29.329+0530] {processor.py:179} INFO - Processing /home/raj/Downloads/kafka_2.13-3.5.1/airflow-env/lib64/python3.11/site-packages/airflow/example_dags/example_params_trigger_ui.py took 0.120 seconds
[2023-10-07T04:45:17.438+0530] {processor.py:157} INFO - Started process (PID=10656) to work on /home/raj/Downloads/kafka_2.13-3.5.1/airflow-env/lib64/python3.11/site-packages/airflow/example_dags/example_params_trigger_ui.py
[2023-10-07T04:45:17.450+0530] {processor.py:829} INFO - Processing file /home/raj/Downloads/kafka_2.13-3.5.1/airflow-env/lib64/python3.11/site-packages/airflow/example_dags/example_params_trigger_ui.py for tasks to queue
[2023-10-07T04:45:17.451+0530] {logging_mixin.py:151} INFO - [2023-10-07T04:45:17.451+0530] {dagbag.py:539} INFO - Filling up the DagBag from /home/raj/Downloads/kafka_2.13-3.5.1/airflow-env/lib64/python3.11/site-packages/airflow/example_dags/example_params_trigger_ui.py
[2023-10-07T04:45:17.487+0530] {processor.py:839} INFO - DAG(s) dict_keys(['example_params_trigger_ui']) retrieved from /home/raj/Downloads/kafka_2.13-3.5.1/airflow-env/lib64/python3.11/site-packages/airflow/example_dags/example_params_trigger_ui.py
[2023-10-07T04:45:17.525+0530] {logging_mixin.py:151} INFO - [2023-10-07T04:45:17.524+0530] {dag.py:2915} INFO - Sync 1 DAGs
[2023-10-07T04:45:17.536+0530] {logging_mixin.py:151} INFO - [2023-10-07T04:45:17.536+0530] {dag.py:3696} INFO - Setting next_dagrun for example_params_trigger_ui to None, run_after=None
[2023-10-07T04:45:17.560+0530] {processor.py:179} INFO - Processing /home/raj/Downloads/kafka_2.13-3.5.1/airflow-env/lib64/python3.11/site-packages/airflow/example_dags/example_params_trigger_ui.py took 0.127 seconds
[2023-10-07T04:46:14.174+0530] {processor.py:157} INFO - Started process (PID=10853) to work on /home/raj/Downloads/kafka_2.13-3.5.1/airflow-env/lib64/python3.11/site-packages/airflow/example_dags/example_params_trigger_ui.py
[2023-10-07T04:46:14.176+0530] {processor.py:829} INFO - Processing file /home/raj/Downloads/kafka_2.13-3.5.1/airflow-env/lib64/python3.11/site-packages/airflow/example_dags/example_params_trigger_ui.py for tasks to queue
[2023-10-07T04:46:14.177+0530] {logging_mixin.py:151} INFO - [2023-10-07T04:46:14.177+0530] {dagbag.py:539} INFO - Filling up the DagBag from /home/raj/Downloads/kafka_2.13-3.5.1/airflow-env/lib64/python3.11/site-packages/airflow/example_dags/example_params_trigger_ui.py
[2023-10-07T04:46:14.210+0530] {processor.py:839} INFO - DAG(s) dict_keys(['example_params_trigger_ui']) retrieved from /home/raj/Downloads/kafka_2.13-3.5.1/airflow-env/lib64/python3.11/site-packages/airflow/example_dags/example_params_trigger_ui.py
[2023-10-07T04:46:14.248+0530] {logging_mixin.py:151} INFO - [2023-10-07T04:46:14.248+0530] {dag.py:2915} INFO - Sync 1 DAGs
[2023-10-07T04:46:14.260+0530] {logging_mixin.py:151} INFO - [2023-10-07T04:46:14.260+0530] {dag.py:3696} INFO - Setting next_dagrun for example_params_trigger_ui to None, run_after=None
[2023-10-07T04:46:14.281+0530] {processor.py:179} INFO - Processing /home/raj/Downloads/kafka_2.13-3.5.1/airflow-env/lib64/python3.11/site-packages/airflow/example_dags/example_params_trigger_ui.py took 0.112 seconds
[2023-10-07T04:47:09.864+0530] {processor.py:157} INFO - Started process (PID=10960) to work on /home/raj/Downloads/kafka_2.13-3.5.1/airflow-env/lib64/python3.11/site-packages/airflow/example_dags/example_params_trigger_ui.py
[2023-10-07T04:47:09.875+0530] {processor.py:829} INFO - Processing file /home/raj/Downloads/kafka_2.13-3.5.1/airflow-env/lib64/python3.11/site-packages/airflow/example_dags/example_params_trigger_ui.py for tasks to queue
[2023-10-07T04:47:09.875+0530] {logging_mixin.py:151} INFO - [2023-10-07T04:47:09.875+0530] {dagbag.py:539} INFO - Filling up the DagBag from /home/raj/Downloads/kafka_2.13-3.5.1/airflow-env/lib64/python3.11/site-packages/airflow/example_dags/example_params_trigger_ui.py
[2023-10-07T04:47:09.893+0530] {processor.py:839} INFO - DAG(s) dict_keys(['example_params_trigger_ui']) retrieved from /home/raj/Downloads/kafka_2.13-3.5.1/airflow-env/lib64/python3.11/site-packages/airflow/example_dags/example_params_trigger_ui.py
[2023-10-07T04:47:09.935+0530] {logging_mixin.py:151} INFO - [2023-10-07T04:47:09.935+0530] {dag.py:2915} INFO - Sync 1 DAGs
[2023-10-07T04:47:09.948+0530] {logging_mixin.py:151} INFO - [2023-10-07T04:47:09.947+0530] {dag.py:3696} INFO - Setting next_dagrun for example_params_trigger_ui to None, run_after=None
[2023-10-07T04:47:09.969+0530] {processor.py:179} INFO - Processing /home/raj/Downloads/kafka_2.13-3.5.1/airflow-env/lib64/python3.11/site-packages/airflow/example_dags/example_params_trigger_ui.py took 0.108 seconds
[2023-10-07T04:47:57.816+0530] {processor.py:157} INFO - Started process (PID=11046) to work on /home/raj/Downloads/kafka_2.13-3.5.1/airflow-env/lib64/python3.11/site-packages/airflow/example_dags/example_params_trigger_ui.py
[2023-10-07T04:47:57.826+0530] {processor.py:829} INFO - Processing file /home/raj/Downloads/kafka_2.13-3.5.1/airflow-env/lib64/python3.11/site-packages/airflow/example_dags/example_params_trigger_ui.py for tasks to queue
[2023-10-07T04:47:57.827+0530] {logging_mixin.py:151} INFO - [2023-10-07T04:47:57.827+0530] {dagbag.py:539} INFO - Filling up the DagBag from /home/raj/Downloads/kafka_2.13-3.5.1/airflow-env/lib64/python3.11/site-packages/airflow/example_dags/example_params_trigger_ui.py
[2023-10-07T04:47:57.843+0530] {processor.py:839} INFO - DAG(s) dict_keys(['example_params_trigger_ui']) retrieved from /home/raj/Downloads/kafka_2.13-3.5.1/airflow-env/lib64/python3.11/site-packages/airflow/example_dags/example_params_trigger_ui.py
[2023-10-07T04:47:57.879+0530] {logging_mixin.py:151} INFO - [2023-10-07T04:47:57.879+0530] {dag.py:2915} INFO - Sync 1 DAGs
[2023-10-07T04:47:57.889+0530] {logging_mixin.py:151} INFO - [2023-10-07T04:47:57.889+0530] {dag.py:3696} INFO - Setting next_dagrun for example_params_trigger_ui to None, run_after=None
[2023-10-07T04:47:57.911+0530] {processor.py:179} INFO - Processing /home/raj/Downloads/kafka_2.13-3.5.1/airflow-env/lib64/python3.11/site-packages/airflow/example_dags/example_params_trigger_ui.py took 0.098 seconds
[2023-10-07T04:48:51.489+0530] {processor.py:157} INFO - Started process (PID=11156) to work on /home/raj/Downloads/kafka_2.13-3.5.1/airflow-env/lib64/python3.11/site-packages/airflow/example_dags/example_params_trigger_ui.py
[2023-10-07T04:48:51.500+0530] {processor.py:829} INFO - Processing file /home/raj/Downloads/kafka_2.13-3.5.1/airflow-env/lib64/python3.11/site-packages/airflow/example_dags/example_params_trigger_ui.py for tasks to queue
[2023-10-07T04:48:51.501+0530] {logging_mixin.py:151} INFO - [2023-10-07T04:48:51.501+0530] {dagbag.py:539} INFO - Filling up the DagBag from /home/raj/Downloads/kafka_2.13-3.5.1/airflow-env/lib64/python3.11/site-packages/airflow/example_dags/example_params_trigger_ui.py
[2023-10-07T04:48:51.533+0530] {processor.py:839} INFO - DAG(s) dict_keys(['example_params_trigger_ui']) retrieved from /home/raj/Downloads/kafka_2.13-3.5.1/airflow-env/lib64/python3.11/site-packages/airflow/example_dags/example_params_trigger_ui.py
[2023-10-07T04:48:51.572+0530] {logging_mixin.py:151} INFO - [2023-10-07T04:48:51.572+0530] {dag.py:2915} INFO - Sync 1 DAGs
[2023-10-07T04:48:51.585+0530] {logging_mixin.py:151} INFO - [2023-10-07T04:48:51.585+0530] {dag.py:3696} INFO - Setting next_dagrun for example_params_trigger_ui to None, run_after=None
[2023-10-07T04:48:51.614+0530] {processor.py:179} INFO - Processing /home/raj/Downloads/kafka_2.13-3.5.1/airflow-env/lib64/python3.11/site-packages/airflow/example_dags/example_params_trigger_ui.py took 0.130 seconds
[2023-10-07T04:49:47.240+0530] {processor.py:157} INFO - Started process (PID=11261) to work on /home/raj/Downloads/kafka_2.13-3.5.1/airflow-env/lib64/python3.11/site-packages/airflow/example_dags/example_params_trigger_ui.py
[2023-10-07T04:49:47.251+0530] {processor.py:829} INFO - Processing file /home/raj/Downloads/kafka_2.13-3.5.1/airflow-env/lib64/python3.11/site-packages/airflow/example_dags/example_params_trigger_ui.py for tasks to queue
[2023-10-07T04:49:47.253+0530] {logging_mixin.py:151} INFO - [2023-10-07T04:49:47.252+0530] {dagbag.py:539} INFO - Filling up the DagBag from /home/raj/Downloads/kafka_2.13-3.5.1/airflow-env/lib64/python3.11/site-packages/airflow/example_dags/example_params_trigger_ui.py
[2023-10-07T04:49:47.276+0530] {processor.py:839} INFO - DAG(s) dict_keys(['example_params_trigger_ui']) retrieved from /home/raj/Downloads/kafka_2.13-3.5.1/airflow-env/lib64/python3.11/site-packages/airflow/example_dags/example_params_trigger_ui.py
[2023-10-07T04:49:47.337+0530] {logging_mixin.py:151} INFO - [2023-10-07T04:49:47.337+0530] {dag.py:2915} INFO - Sync 1 DAGs
[2023-10-07T04:49:47.350+0530] {logging_mixin.py:151} INFO - [2023-10-07T04:49:47.350+0530] {dag.py:3696} INFO - Setting next_dagrun for example_params_trigger_ui to None, run_after=None
[2023-10-07T04:49:47.373+0530] {processor.py:179} INFO - Processing /home/raj/Downloads/kafka_2.13-3.5.1/airflow-env/lib64/python3.11/site-packages/airflow/example_dags/example_params_trigger_ui.py took 0.137 seconds
[2023-10-07T04:50:41.514+0530] {processor.py:157} INFO - Started process (PID=11357) to work on /home/raj/Downloads/kafka_2.13-3.5.1/airflow-env/lib64/python3.11/site-packages/airflow/example_dags/example_params_trigger_ui.py
[2023-10-07T04:50:41.525+0530] {processor.py:829} INFO - Processing file /home/raj/Downloads/kafka_2.13-3.5.1/airflow-env/lib64/python3.11/site-packages/airflow/example_dags/example_params_trigger_ui.py for tasks to queue
[2023-10-07T04:50:41.527+0530] {logging_mixin.py:151} INFO - [2023-10-07T04:50:41.526+0530] {dagbag.py:539} INFO - Filling up the DagBag from /home/raj/Downloads/kafka_2.13-3.5.1/airflow-env/lib64/python3.11/site-packages/airflow/example_dags/example_params_trigger_ui.py
[2023-10-07T04:50:41.560+0530] {processor.py:839} INFO - DAG(s) dict_keys(['example_params_trigger_ui']) retrieved from /home/raj/Downloads/kafka_2.13-3.5.1/airflow-env/lib64/python3.11/site-packages/airflow/example_dags/example_params_trigger_ui.py
[2023-10-07T04:50:41.598+0530] {logging_mixin.py:151} INFO - [2023-10-07T04:50:41.598+0530] {dag.py:2915} INFO - Sync 1 DAGs
[2023-10-07T04:50:41.607+0530] {logging_mixin.py:151} INFO - [2023-10-07T04:50:41.607+0530] {dag.py:3696} INFO - Setting next_dagrun for example_params_trigger_ui to None, run_after=None
[2023-10-07T04:50:41.624+0530] {processor.py:179} INFO - Processing /home/raj/Downloads/kafka_2.13-3.5.1/airflow-env/lib64/python3.11/site-packages/airflow/example_dags/example_params_trigger_ui.py took 0.115 seconds
[2023-10-07T04:51:30.641+0530] {processor.py:157} INFO - Started process (PID=11445) to work on /home/raj/Downloads/kafka_2.13-3.5.1/airflow-env/lib64/python3.11/site-packages/airflow/example_dags/example_params_trigger_ui.py
[2023-10-07T04:51:30.652+0530] {processor.py:829} INFO - Processing file /home/raj/Downloads/kafka_2.13-3.5.1/airflow-env/lib64/python3.11/site-packages/airflow/example_dags/example_params_trigger_ui.py for tasks to queue
[2023-10-07T04:51:30.653+0530] {logging_mixin.py:151} INFO - [2023-10-07T04:51:30.653+0530] {dagbag.py:539} INFO - Filling up the DagBag from /home/raj/Downloads/kafka_2.13-3.5.1/airflow-env/lib64/python3.11/site-packages/airflow/example_dags/example_params_trigger_ui.py
[2023-10-07T04:51:30.685+0530] {processor.py:839} INFO - DAG(s) dict_keys(['example_params_trigger_ui']) retrieved from /home/raj/Downloads/kafka_2.13-3.5.1/airflow-env/lib64/python3.11/site-packages/airflow/example_dags/example_params_trigger_ui.py
[2023-10-07T04:51:30.719+0530] {logging_mixin.py:151} INFO - [2023-10-07T04:51:30.719+0530] {dag.py:2915} INFO - Sync 1 DAGs
[2023-10-07T04:51:30.729+0530] {logging_mixin.py:151} INFO - [2023-10-07T04:51:30.729+0530] {dag.py:3696} INFO - Setting next_dagrun for example_params_trigger_ui to None, run_after=None
[2023-10-07T04:51:30.746+0530] {processor.py:179} INFO - Processing /home/raj/Downloads/kafka_2.13-3.5.1/airflow-env/lib64/python3.11/site-packages/airflow/example_dags/example_params_trigger_ui.py took 0.110 seconds
[2023-10-07T04:52:26.237+0530] {processor.py:157} INFO - Started process (PID=11732) to work on /home/raj/Downloads/kafka_2.13-3.5.1/airflow-env/lib64/python3.11/site-packages/airflow/example_dags/example_params_trigger_ui.py
[2023-10-07T04:52:26.248+0530] {processor.py:829} INFO - Processing file /home/raj/Downloads/kafka_2.13-3.5.1/airflow-env/lib64/python3.11/site-packages/airflow/example_dags/example_params_trigger_ui.py for tasks to queue
[2023-10-07T04:52:26.250+0530] {logging_mixin.py:151} INFO - [2023-10-07T04:52:26.249+0530] {dagbag.py:539} INFO - Filling up the DagBag from /home/raj/Downloads/kafka_2.13-3.5.1/airflow-env/lib64/python3.11/site-packages/airflow/example_dags/example_params_trigger_ui.py
[2023-10-07T04:52:26.282+0530] {processor.py:839} INFO - DAG(s) dict_keys(['example_params_trigger_ui']) retrieved from /home/raj/Downloads/kafka_2.13-3.5.1/airflow-env/lib64/python3.11/site-packages/airflow/example_dags/example_params_trigger_ui.py
[2023-10-07T04:52:26.326+0530] {logging_mixin.py:151} INFO - [2023-10-07T04:52:26.326+0530] {dag.py:2915} INFO - Sync 1 DAGs
[2023-10-07T04:52:26.342+0530] {logging_mixin.py:151} INFO - [2023-10-07T04:52:26.341+0530] {dag.py:3696} INFO - Setting next_dagrun for example_params_trigger_ui to None, run_after=None
[2023-10-07T04:52:26.363+0530] {processor.py:179} INFO - Processing /home/raj/Downloads/kafka_2.13-3.5.1/airflow-env/lib64/python3.11/site-packages/airflow/example_dags/example_params_trigger_ui.py took 0.131 seconds
[2023-10-07T04:53:17.689+0530] {processor.py:157} INFO - Started process (PID=11882) to work on /home/raj/Downloads/kafka_2.13-3.5.1/airflow-env/lib64/python3.11/site-packages/airflow/example_dags/example_params_trigger_ui.py
[2023-10-07T04:53:17.692+0530] {processor.py:829} INFO - Processing file /home/raj/Downloads/kafka_2.13-3.5.1/airflow-env/lib64/python3.11/site-packages/airflow/example_dags/example_params_trigger_ui.py for tasks to queue
[2023-10-07T04:53:17.693+0530] {logging_mixin.py:151} INFO - [2023-10-07T04:53:17.693+0530] {dagbag.py:539} INFO - Filling up the DagBag from /home/raj/Downloads/kafka_2.13-3.5.1/airflow-env/lib64/python3.11/site-packages/airflow/example_dags/example_params_trigger_ui.py
[2023-10-07T04:53:17.727+0530] {processor.py:839} INFO - DAG(s) dict_keys(['example_params_trigger_ui']) retrieved from /home/raj/Downloads/kafka_2.13-3.5.1/airflow-env/lib64/python3.11/site-packages/airflow/example_dags/example_params_trigger_ui.py
[2023-10-07T04:53:17.775+0530] {logging_mixin.py:151} INFO - [2023-10-07T04:53:17.774+0530] {dag.py:2915} INFO - Sync 1 DAGs
[2023-10-07T04:53:17.785+0530] {logging_mixin.py:151} INFO - [2023-10-07T04:53:17.785+0530] {dag.py:3696} INFO - Setting next_dagrun for example_params_trigger_ui to None, run_after=None
[2023-10-07T04:53:17.807+0530] {processor.py:179} INFO - Processing /home/raj/Downloads/kafka_2.13-3.5.1/airflow-env/lib64/python3.11/site-packages/airflow/example_dags/example_params_trigger_ui.py took 0.125 seconds
[2023-10-07T04:54:02.574+0530] {processor.py:157} INFO - Started process (PID=11967) to work on /home/raj/Downloads/kafka_2.13-3.5.1/airflow-env/lib64/python3.11/site-packages/airflow/example_dags/example_params_trigger_ui.py
[2023-10-07T04:54:02.576+0530] {processor.py:829} INFO - Processing file /home/raj/Downloads/kafka_2.13-3.5.1/airflow-env/lib64/python3.11/site-packages/airflow/example_dags/example_params_trigger_ui.py for tasks to queue
[2023-10-07T04:54:02.577+0530] {logging_mixin.py:151} INFO - [2023-10-07T04:54:02.577+0530] {dagbag.py:539} INFO - Filling up the DagBag from /home/raj/Downloads/kafka_2.13-3.5.1/airflow-env/lib64/python3.11/site-packages/airflow/example_dags/example_params_trigger_ui.py
[2023-10-07T04:54:02.593+0530] {processor.py:839} INFO - DAG(s) dict_keys(['example_params_trigger_ui']) retrieved from /home/raj/Downloads/kafka_2.13-3.5.1/airflow-env/lib64/python3.11/site-packages/airflow/example_dags/example_params_trigger_ui.py
[2023-10-07T04:54:02.630+0530] {logging_mixin.py:151} INFO - [2023-10-07T04:54:02.630+0530] {dag.py:2915} INFO - Sync 1 DAGs
[2023-10-07T04:54:02.641+0530] {logging_mixin.py:151} INFO - [2023-10-07T04:54:02.641+0530] {dag.py:3696} INFO - Setting next_dagrun for example_params_trigger_ui to None, run_after=None
[2023-10-07T04:54:02.662+0530] {processor.py:179} INFO - Processing /home/raj/Downloads/kafka_2.13-3.5.1/airflow-env/lib64/python3.11/site-packages/airflow/example_dags/example_params_trigger_ui.py took 0.093 seconds
[2023-10-07T04:54:55.517+0530] {processor.py:157} INFO - Started process (PID=12083) to work on /home/raj/Downloads/kafka_2.13-3.5.1/airflow-env/lib64/python3.11/site-packages/airflow/example_dags/example_params_trigger_ui.py
[2023-10-07T04:54:55.519+0530] {processor.py:829} INFO - Processing file /home/raj/Downloads/kafka_2.13-3.5.1/airflow-env/lib64/python3.11/site-packages/airflow/example_dags/example_params_trigger_ui.py for tasks to queue
[2023-10-07T04:54:55.520+0530] {logging_mixin.py:151} INFO - [2023-10-07T04:54:55.520+0530] {dagbag.py:539} INFO - Filling up the DagBag from /home/raj/Downloads/kafka_2.13-3.5.1/airflow-env/lib64/python3.11/site-packages/airflow/example_dags/example_params_trigger_ui.py
[2023-10-07T04:54:55.537+0530] {processor.py:839} INFO - DAG(s) dict_keys(['example_params_trigger_ui']) retrieved from /home/raj/Downloads/kafka_2.13-3.5.1/airflow-env/lib64/python3.11/site-packages/airflow/example_dags/example_params_trigger_ui.py
[2023-10-07T04:54:55.578+0530] {logging_mixin.py:151} INFO - [2023-10-07T04:54:55.578+0530] {dag.py:2915} INFO - Sync 1 DAGs
[2023-10-07T04:54:55.589+0530] {logging_mixin.py:151} INFO - [2023-10-07T04:54:55.589+0530] {dag.py:3696} INFO - Setting next_dagrun for example_params_trigger_ui to None, run_after=None
[2023-10-07T04:54:55.609+0530] {processor.py:179} INFO - Processing /home/raj/Downloads/kafka_2.13-3.5.1/airflow-env/lib64/python3.11/site-packages/airflow/example_dags/example_params_trigger_ui.py took 0.097 seconds
[2023-10-07T04:55:48.593+0530] {processor.py:157} INFO - Started process (PID=12214) to work on /home/raj/Downloads/kafka_2.13-3.5.1/airflow-env/lib64/python3.11/site-packages/airflow/example_dags/example_params_trigger_ui.py
[2023-10-07T04:55:48.604+0530] {processor.py:829} INFO - Processing file /home/raj/Downloads/kafka_2.13-3.5.1/airflow-env/lib64/python3.11/site-packages/airflow/example_dags/example_params_trigger_ui.py for tasks to queue
[2023-10-07T04:55:48.606+0530] {logging_mixin.py:151} INFO - [2023-10-07T04:55:48.605+0530] {dagbag.py:539} INFO - Filling up the DagBag from /home/raj/Downloads/kafka_2.13-3.5.1/airflow-env/lib64/python3.11/site-packages/airflow/example_dags/example_params_trigger_ui.py
[2023-10-07T04:55:48.638+0530] {processor.py:839} INFO - DAG(s) dict_keys(['example_params_trigger_ui']) retrieved from /home/raj/Downloads/kafka_2.13-3.5.1/airflow-env/lib64/python3.11/site-packages/airflow/example_dags/example_params_trigger_ui.py
[2023-10-07T04:55:48.679+0530] {logging_mixin.py:151} INFO - [2023-10-07T04:55:48.679+0530] {dag.py:2915} INFO - Sync 1 DAGs
[2023-10-07T04:55:48.694+0530] {logging_mixin.py:151} INFO - [2023-10-07T04:55:48.694+0530] {dag.py:3696} INFO - Setting next_dagrun for example_params_trigger_ui to None, run_after=None
[2023-10-07T04:55:48.716+0530] {processor.py:179} INFO - Processing /home/raj/Downloads/kafka_2.13-3.5.1/airflow-env/lib64/python3.11/site-packages/airflow/example_dags/example_params_trigger_ui.py took 0.128 seconds
[2023-10-07T04:56:34.385+0530] {processor.py:157} INFO - Started process (PID=12280) to work on /home/raj/Downloads/kafka_2.13-3.5.1/airflow-env/lib64/python3.11/site-packages/airflow/example_dags/example_params_trigger_ui.py
[2023-10-07T04:56:34.396+0530] {processor.py:829} INFO - Processing file /home/raj/Downloads/kafka_2.13-3.5.1/airflow-env/lib64/python3.11/site-packages/airflow/example_dags/example_params_trigger_ui.py for tasks to queue
[2023-10-07T04:56:34.396+0530] {logging_mixin.py:151} INFO - [2023-10-07T04:56:34.396+0530] {dagbag.py:539} INFO - Filling up the DagBag from /home/raj/Downloads/kafka_2.13-3.5.1/airflow-env/lib64/python3.11/site-packages/airflow/example_dags/example_params_trigger_ui.py
[2023-10-07T04:56:34.413+0530] {processor.py:839} INFO - DAG(s) dict_keys(['example_params_trigger_ui']) retrieved from /home/raj/Downloads/kafka_2.13-3.5.1/airflow-env/lib64/python3.11/site-packages/airflow/example_dags/example_params_trigger_ui.py
[2023-10-07T04:56:34.452+0530] {logging_mixin.py:151} INFO - [2023-10-07T04:56:34.451+0530] {dag.py:2915} INFO - Sync 1 DAGs
[2023-10-07T04:56:34.463+0530] {logging_mixin.py:151} INFO - [2023-10-07T04:56:34.462+0530] {dag.py:3696} INFO - Setting next_dagrun for example_params_trigger_ui to None, run_after=None
[2023-10-07T04:56:34.483+0530] {processor.py:179} INFO - Processing /home/raj/Downloads/kafka_2.13-3.5.1/airflow-env/lib64/python3.11/site-packages/airflow/example_dags/example_params_trigger_ui.py took 0.101 seconds
[2023-10-07T04:57:25.111+0530] {processor.py:157} INFO - Started process (PID=12429) to work on /home/raj/Downloads/kafka_2.13-3.5.1/airflow-env/lib64/python3.11/site-packages/airflow/example_dags/example_params_trigger_ui.py
[2023-10-07T04:57:25.122+0530] {processor.py:829} INFO - Processing file /home/raj/Downloads/kafka_2.13-3.5.1/airflow-env/lib64/python3.11/site-packages/airflow/example_dags/example_params_trigger_ui.py for tasks to queue
[2023-10-07T04:57:25.123+0530] {logging_mixin.py:151} INFO - [2023-10-07T04:57:25.123+0530] {dagbag.py:539} INFO - Filling up the DagBag from /home/raj/Downloads/kafka_2.13-3.5.1/airflow-env/lib64/python3.11/site-packages/airflow/example_dags/example_params_trigger_ui.py
[2023-10-07T04:57:25.155+0530] {processor.py:839} INFO - DAG(s) dict_keys(['example_params_trigger_ui']) retrieved from /home/raj/Downloads/kafka_2.13-3.5.1/airflow-env/lib64/python3.11/site-packages/airflow/example_dags/example_params_trigger_ui.py
[2023-10-07T04:57:25.194+0530] {logging_mixin.py:151} INFO - [2023-10-07T04:57:25.194+0530] {dag.py:2915} INFO - Sync 1 DAGs
[2023-10-07T04:57:25.203+0530] {logging_mixin.py:151} INFO - [2023-10-07T04:57:25.203+0530] {dag.py:3696} INFO - Setting next_dagrun for example_params_trigger_ui to None, run_after=None
[2023-10-07T04:57:25.220+0530] {processor.py:179} INFO - Processing /home/raj/Downloads/kafka_2.13-3.5.1/airflow-env/lib64/python3.11/site-packages/airflow/example_dags/example_params_trigger_ui.py took 0.114 seconds
[2023-10-07T04:58:15.592+0530] {processor.py:157} INFO - Started process (PID=12516) to work on /home/raj/Downloads/kafka_2.13-3.5.1/airflow-env/lib64/python3.11/site-packages/airflow/example_dags/example_params_trigger_ui.py
[2023-10-07T04:58:15.604+0530] {processor.py:829} INFO - Processing file /home/raj/Downloads/kafka_2.13-3.5.1/airflow-env/lib64/python3.11/site-packages/airflow/example_dags/example_params_trigger_ui.py for tasks to queue
[2023-10-07T04:58:15.605+0530] {logging_mixin.py:151} INFO - [2023-10-07T04:58:15.604+0530] {dagbag.py:539} INFO - Filling up the DagBag from /home/raj/Downloads/kafka_2.13-3.5.1/airflow-env/lib64/python3.11/site-packages/airflow/example_dags/example_params_trigger_ui.py
[2023-10-07T04:58:15.637+0530] {processor.py:839} INFO - DAG(s) dict_keys(['example_params_trigger_ui']) retrieved from /home/raj/Downloads/kafka_2.13-3.5.1/airflow-env/lib64/python3.11/site-packages/airflow/example_dags/example_params_trigger_ui.py
[2023-10-07T04:58:15.675+0530] {logging_mixin.py:151} INFO - [2023-10-07T04:58:15.675+0530] {dag.py:2915} INFO - Sync 1 DAGs
[2023-10-07T04:58:15.685+0530] {logging_mixin.py:151} INFO - [2023-10-07T04:58:15.685+0530] {dag.py:3696} INFO - Setting next_dagrun for example_params_trigger_ui to None, run_after=None
[2023-10-07T04:58:15.704+0530] {processor.py:179} INFO - Processing /home/raj/Downloads/kafka_2.13-3.5.1/airflow-env/lib64/python3.11/site-packages/airflow/example_dags/example_params_trigger_ui.py took 0.116 seconds
[2023-10-07T04:59:06.219+0530] {processor.py:157} INFO - Started process (PID=12657) to work on /home/raj/Downloads/kafka_2.13-3.5.1/airflow-env/lib64/python3.11/site-packages/airflow/example_dags/example_params_trigger_ui.py
[2023-10-07T04:59:06.220+0530] {processor.py:829} INFO - Processing file /home/raj/Downloads/kafka_2.13-3.5.1/airflow-env/lib64/python3.11/site-packages/airflow/example_dags/example_params_trigger_ui.py for tasks to queue
[2023-10-07T04:59:06.222+0530] {logging_mixin.py:151} INFO - [2023-10-07T04:59:06.221+0530] {dagbag.py:539} INFO - Filling up the DagBag from /home/raj/Downloads/kafka_2.13-3.5.1/airflow-env/lib64/python3.11/site-packages/airflow/example_dags/example_params_trigger_ui.py
[2023-10-07T04:59:06.252+0530] {processor.py:839} INFO - DAG(s) dict_keys(['example_params_trigger_ui']) retrieved from /home/raj/Downloads/kafka_2.13-3.5.1/airflow-env/lib64/python3.11/site-packages/airflow/example_dags/example_params_trigger_ui.py
[2023-10-07T04:59:06.295+0530] {logging_mixin.py:151} INFO - [2023-10-07T04:59:06.295+0530] {dag.py:2915} INFO - Sync 1 DAGs
[2023-10-07T04:59:06.306+0530] {logging_mixin.py:151} INFO - [2023-10-07T04:59:06.305+0530] {dag.py:3696} INFO - Setting next_dagrun for example_params_trigger_ui to None, run_after=None
[2023-10-07T04:59:06.327+0530] {processor.py:179} INFO - Processing /home/raj/Downloads/kafka_2.13-3.5.1/airflow-env/lib64/python3.11/site-packages/airflow/example_dags/example_params_trigger_ui.py took 0.114 seconds
