[2023-10-07T03:59:42.958+0530] {processor.py:157} INFO - Started process (PID=17991) to work on /home/raj/Downloads/kafka_2.13-3.5.1/airflow-env/lib64/python3.11/site-packages/airflow/example_dags/example_trigger_controller_dag.py
[2023-10-07T03:59:42.960+0530] {processor.py:829} INFO - Processing file /home/raj/Downloads/kafka_2.13-3.5.1/airflow-env/lib64/python3.11/site-packages/airflow/example_dags/example_trigger_controller_dag.py for tasks to queue
[2023-10-07T03:59:42.962+0530] {logging_mixin.py:151} INFO - [2023-10-07T03:59:42.961+0530] {dagbag.py:539} INFO - Filling up the DagBag from /home/raj/Downloads/kafka_2.13-3.5.1/airflow-env/lib64/python3.11/site-packages/airflow/example_dags/example_trigger_controller_dag.py
[2023-10-07T03:59:42.971+0530] {processor.py:839} INFO - DAG(s) dict_keys(['example_trigger_controller_dag']) retrieved from /home/raj/Downloads/kafka_2.13-3.5.1/airflow-env/lib64/python3.11/site-packages/airflow/example_dags/example_trigger_controller_dag.py
[2023-10-07T03:59:43.081+0530] {logging_mixin.py:151} INFO - [2023-10-07T03:59:43.081+0530] {manager.py:499} INFO - Created Permission View: %s
[2023-10-07T03:59:43.091+0530] {logging_mixin.py:151} INFO - [2023-10-07T03:59:43.090+0530] {manager.py:499} INFO - Created Permission View: %s
[2023-10-07T03:59:43.098+0530] {logging_mixin.py:151} INFO - [2023-10-07T03:59:43.098+0530] {manager.py:499} INFO - Created Permission View: %s
[2023-10-07T03:59:43.099+0530] {logging_mixin.py:151} INFO - [2023-10-07T03:59:43.098+0530] {security.py:708} INFO - Not syncing DAG-level permissions for DAG 'DAG:example_trigger_controller_dag' as access control is unset.
[2023-10-07T03:59:43.099+0530] {logging_mixin.py:151} INFO - [2023-10-07T03:59:43.099+0530] {dag.py:2915} INFO - Sync 1 DAGs
[2023-10-07T03:59:43.109+0530] {logging_mixin.py:151} INFO - [2023-10-07T03:59:43.109+0530] {dag.py:2937} INFO - Creating ORM DAG for example_trigger_controller_dag
[2023-10-07T03:59:43.117+0530] {logging_mixin.py:151} INFO - [2023-10-07T03:59:43.117+0530] {dag.py:3696} INFO - Setting next_dagrun for example_trigger_controller_dag to 2021-01-01T00:00:00+00:00, run_after=2021-01-01T00:00:00+00:00
[2023-10-07T03:59:43.135+0530] {processor.py:179} INFO - Processing /home/raj/Downloads/kafka_2.13-3.5.1/airflow-env/lib64/python3.11/site-packages/airflow/example_dags/example_trigger_controller_dag.py took 0.183 seconds
[2023-10-07T04:00:34.822+0530] {processor.py:157} INFO - Started process (PID=18143) to work on /home/raj/Downloads/kafka_2.13-3.5.1/airflow-env/lib64/python3.11/site-packages/airflow/example_dags/example_trigger_controller_dag.py
[2023-10-07T04:00:34.822+0530] {processor.py:829} INFO - Processing file /home/raj/Downloads/kafka_2.13-3.5.1/airflow-env/lib64/python3.11/site-packages/airflow/example_dags/example_trigger_controller_dag.py for tasks to queue
[2023-10-07T04:00:34.823+0530] {logging_mixin.py:151} INFO - [2023-10-07T04:00:34.823+0530] {dagbag.py:539} INFO - Filling up the DagBag from /home/raj/Downloads/kafka_2.13-3.5.1/airflow-env/lib64/python3.11/site-packages/airflow/example_dags/example_trigger_controller_dag.py
[2023-10-07T04:00:34.827+0530] {processor.py:839} INFO - DAG(s) dict_keys(['example_trigger_controller_dag']) retrieved from /home/raj/Downloads/kafka_2.13-3.5.1/airflow-env/lib64/python3.11/site-packages/airflow/example_dags/example_trigger_controller_dag.py
[2023-10-07T04:00:34.845+0530] {logging_mixin.py:151} INFO - [2023-10-07T04:00:34.845+0530] {dag.py:2915} INFO - Sync 1 DAGs
[2023-10-07T04:00:34.864+0530] {logging_mixin.py:151} INFO - [2023-10-07T04:00:34.864+0530] {dag.py:3696} INFO - Setting next_dagrun for example_trigger_controller_dag to 2021-01-01T00:00:00+00:00, run_after=2021-01-01T00:00:00+00:00
[2023-10-07T04:00:34.893+0530] {processor.py:179} INFO - Processing /home/raj/Downloads/kafka_2.13-3.5.1/airflow-env/lib64/python3.11/site-packages/airflow/example_dags/example_trigger_controller_dag.py took 0.074 seconds
[2023-10-07T04:01:21.271+0530] {processor.py:157} INFO - Started process (PID=18283) to work on /home/raj/Downloads/kafka_2.13-3.5.1/airflow-env/lib64/python3.11/site-packages/airflow/example_dags/example_trigger_controller_dag.py
[2023-10-07T04:01:21.271+0530] {processor.py:829} INFO - Processing file /home/raj/Downloads/kafka_2.13-3.5.1/airflow-env/lib64/python3.11/site-packages/airflow/example_dags/example_trigger_controller_dag.py for tasks to queue
[2023-10-07T04:01:21.272+0530] {logging_mixin.py:151} INFO - [2023-10-07T04:01:21.272+0530] {dagbag.py:539} INFO - Filling up the DagBag from /home/raj/Downloads/kafka_2.13-3.5.1/airflow-env/lib64/python3.11/site-packages/airflow/example_dags/example_trigger_controller_dag.py
[2023-10-07T04:01:21.276+0530] {processor.py:839} INFO - DAG(s) dict_keys(['example_trigger_controller_dag']) retrieved from /home/raj/Downloads/kafka_2.13-3.5.1/airflow-env/lib64/python3.11/site-packages/airflow/example_dags/example_trigger_controller_dag.py
[2023-10-07T04:01:21.293+0530] {logging_mixin.py:151} INFO - [2023-10-07T04:01:21.293+0530] {dag.py:2915} INFO - Sync 1 DAGs
[2023-10-07T04:01:21.311+0530] {logging_mixin.py:151} INFO - [2023-10-07T04:01:21.311+0530] {dag.py:3696} INFO - Setting next_dagrun for example_trigger_controller_dag to 2021-01-01T00:00:00+00:00, run_after=2021-01-01T00:00:00+00:00
[2023-10-07T04:01:21.342+0530] {processor.py:179} INFO - Processing /home/raj/Downloads/kafka_2.13-3.5.1/airflow-env/lib64/python3.11/site-packages/airflow/example_dags/example_trigger_controller_dag.py took 0.076 seconds
[2023-10-07T04:02:11.136+0530] {processor.py:157} INFO - Started process (PID=18389) to work on /home/raj/Downloads/kafka_2.13-3.5.1/airflow-env/lib64/python3.11/site-packages/airflow/example_dags/example_trigger_controller_dag.py
[2023-10-07T04:02:11.137+0530] {processor.py:829} INFO - Processing file /home/raj/Downloads/kafka_2.13-3.5.1/airflow-env/lib64/python3.11/site-packages/airflow/example_dags/example_trigger_controller_dag.py for tasks to queue
[2023-10-07T04:02:11.139+0530] {logging_mixin.py:151} INFO - [2023-10-07T04:02:11.138+0530] {dagbag.py:539} INFO - Filling up the DagBag from /home/raj/Downloads/kafka_2.13-3.5.1/airflow-env/lib64/python3.11/site-packages/airflow/example_dags/example_trigger_controller_dag.py
[2023-10-07T04:02:11.147+0530] {processor.py:839} INFO - DAG(s) dict_keys(['example_trigger_controller_dag']) retrieved from /home/raj/Downloads/kafka_2.13-3.5.1/airflow-env/lib64/python3.11/site-packages/airflow/example_dags/example_trigger_controller_dag.py
[2023-10-07T04:02:11.172+0530] {logging_mixin.py:151} INFO - [2023-10-07T04:02:11.172+0530] {dag.py:2915} INFO - Sync 1 DAGs
[2023-10-07T04:02:11.191+0530] {logging_mixin.py:151} INFO - [2023-10-07T04:02:11.190+0530] {dag.py:3696} INFO - Setting next_dagrun for example_trigger_controller_dag to 2021-01-01T00:00:00+00:00, run_after=2021-01-01T00:00:00+00:00
[2023-10-07T04:02:11.213+0530] {processor.py:179} INFO - Processing /home/raj/Downloads/kafka_2.13-3.5.1/airflow-env/lib64/python3.11/site-packages/airflow/example_dags/example_trigger_controller_dag.py took 0.084 seconds
[2023-10-07T04:02:49.769+0530] {processor.py:157} INFO - Started process (PID=18490) to work on /home/raj/Downloads/kafka_2.13-3.5.1/airflow-env/lib64/python3.11/site-packages/airflow/example_dags/example_trigger_controller_dag.py
[2023-10-07T04:02:49.780+0530] {processor.py:829} INFO - Processing file /home/raj/Downloads/kafka_2.13-3.5.1/airflow-env/lib64/python3.11/site-packages/airflow/example_dags/example_trigger_controller_dag.py for tasks to queue
[2023-10-07T04:02:49.782+0530] {logging_mixin.py:151} INFO - [2023-10-07T04:02:49.781+0530] {dagbag.py:539} INFO - Filling up the DagBag from /home/raj/Downloads/kafka_2.13-3.5.1/airflow-env/lib64/python3.11/site-packages/airflow/example_dags/example_trigger_controller_dag.py
[2023-10-07T04:02:49.790+0530] {processor.py:839} INFO - DAG(s) dict_keys(['example_trigger_controller_dag']) retrieved from /home/raj/Downloads/kafka_2.13-3.5.1/airflow-env/lib64/python3.11/site-packages/airflow/example_dags/example_trigger_controller_dag.py
[2023-10-07T04:02:49.824+0530] {logging_mixin.py:151} INFO - [2023-10-07T04:02:49.824+0530] {dag.py:2915} INFO - Sync 1 DAGs
[2023-10-07T04:02:49.844+0530] {logging_mixin.py:151} INFO - [2023-10-07T04:02:49.843+0530] {dag.py:3696} INFO - Setting next_dagrun for example_trigger_controller_dag to 2021-01-01T00:00:00+00:00, run_after=2021-01-01T00:00:00+00:00
[2023-10-07T04:02:49.865+0530] {processor.py:179} INFO - Processing /home/raj/Downloads/kafka_2.13-3.5.1/airflow-env/lib64/python3.11/site-packages/airflow/example_dags/example_trigger_controller_dag.py took 0.102 seconds
[2023-10-07T04:03:37.978+0530] {processor.py:157} INFO - Started process (PID=18673) to work on /home/raj/Downloads/kafka_2.13-3.5.1/airflow-env/lib64/python3.11/site-packages/airflow/example_dags/example_trigger_controller_dag.py
[2023-10-07T04:03:37.990+0530] {processor.py:829} INFO - Processing file /home/raj/Downloads/kafka_2.13-3.5.1/airflow-env/lib64/python3.11/site-packages/airflow/example_dags/example_trigger_controller_dag.py for tasks to queue
[2023-10-07T04:03:37.991+0530] {logging_mixin.py:151} INFO - [2023-10-07T04:03:37.991+0530] {dagbag.py:539} INFO - Filling up the DagBag from /home/raj/Downloads/kafka_2.13-3.5.1/airflow-env/lib64/python3.11/site-packages/airflow/example_dags/example_trigger_controller_dag.py
[2023-10-07T04:03:38.001+0530] {processor.py:839} INFO - DAG(s) dict_keys(['example_trigger_controller_dag']) retrieved from /home/raj/Downloads/kafka_2.13-3.5.1/airflow-env/lib64/python3.11/site-packages/airflow/example_dags/example_trigger_controller_dag.py
[2023-10-07T04:03:38.030+0530] {logging_mixin.py:151} INFO - [2023-10-07T04:03:38.030+0530] {dag.py:2915} INFO - Sync 1 DAGs
[2023-10-07T04:03:38.045+0530] {logging_mixin.py:151} INFO - [2023-10-07T04:03:38.045+0530] {dag.py:3696} INFO - Setting next_dagrun for example_trigger_controller_dag to 2021-01-01T00:00:00+00:00, run_after=2021-01-01T00:00:00+00:00
[2023-10-07T04:03:38.064+0530] {processor.py:179} INFO - Processing /home/raj/Downloads/kafka_2.13-3.5.1/airflow-env/lib64/python3.11/site-packages/airflow/example_dags/example_trigger_controller_dag.py took 0.091 seconds
[2023-10-07T04:04:27.415+0530] {processor.py:157} INFO - Started process (PID=18743) to work on /home/raj/Downloads/kafka_2.13-3.5.1/airflow-env/lib64/python3.11/site-packages/airflow/example_dags/example_trigger_controller_dag.py
[2023-10-07T04:04:27.426+0530] {processor.py:829} INFO - Processing file /home/raj/Downloads/kafka_2.13-3.5.1/airflow-env/lib64/python3.11/site-packages/airflow/example_dags/example_trigger_controller_dag.py for tasks to queue
[2023-10-07T04:04:27.428+0530] {logging_mixin.py:151} INFO - [2023-10-07T04:04:27.428+0530] {dagbag.py:539} INFO - Filling up the DagBag from /home/raj/Downloads/kafka_2.13-3.5.1/airflow-env/lib64/python3.11/site-packages/airflow/example_dags/example_trigger_controller_dag.py
[2023-10-07T04:04:27.438+0530] {processor.py:839} INFO - DAG(s) dict_keys(['example_trigger_controller_dag']) retrieved from /home/raj/Downloads/kafka_2.13-3.5.1/airflow-env/lib64/python3.11/site-packages/airflow/example_dags/example_trigger_controller_dag.py
[2023-10-07T04:04:27.456+0530] {logging_mixin.py:151} INFO - [2023-10-07T04:04:27.456+0530] {dag.py:2915} INFO - Sync 1 DAGs
[2023-10-07T04:04:27.472+0530] {logging_mixin.py:151} INFO - [2023-10-07T04:04:27.471+0530] {dag.py:3696} INFO - Setting next_dagrun for example_trigger_controller_dag to 2021-01-01T00:00:00+00:00, run_after=2021-01-01T00:00:00+00:00
[2023-10-07T04:04:27.488+0530] {processor.py:179} INFO - Processing /home/raj/Downloads/kafka_2.13-3.5.1/airflow-env/lib64/python3.11/site-packages/airflow/example_dags/example_trigger_controller_dag.py took 0.078 seconds
[2023-10-07T04:05:17.662+0530] {processor.py:157} INFO - Started process (PID=18947) to work on /home/raj/Downloads/kafka_2.13-3.5.1/airflow-env/lib64/python3.11/site-packages/airflow/example_dags/example_trigger_controller_dag.py
[2023-10-07T04:05:17.664+0530] {processor.py:829} INFO - Processing file /home/raj/Downloads/kafka_2.13-3.5.1/airflow-env/lib64/python3.11/site-packages/airflow/example_dags/example_trigger_controller_dag.py for tasks to queue
[2023-10-07T04:05:17.665+0530] {logging_mixin.py:151} INFO - [2023-10-07T04:05:17.664+0530] {dagbag.py:539} INFO - Filling up the DagBag from /home/raj/Downloads/kafka_2.13-3.5.1/airflow-env/lib64/python3.11/site-packages/airflow/example_dags/example_trigger_controller_dag.py
[2023-10-07T04:05:17.675+0530] {processor.py:839} INFO - DAG(s) dict_keys(['example_trigger_controller_dag']) retrieved from /home/raj/Downloads/kafka_2.13-3.5.1/airflow-env/lib64/python3.11/site-packages/airflow/example_dags/example_trigger_controller_dag.py
[2023-10-07T04:05:17.691+0530] {logging_mixin.py:151} INFO - [2023-10-07T04:05:17.691+0530] {dag.py:2915} INFO - Sync 1 DAGs
[2023-10-07T04:05:17.706+0530] {logging_mixin.py:151} INFO - [2023-10-07T04:05:17.706+0530] {dag.py:3696} INFO - Setting next_dagrun for example_trigger_controller_dag to 2021-01-01T00:00:00+00:00, run_after=2021-01-01T00:00:00+00:00
[2023-10-07T04:05:17.724+0530] {processor.py:179} INFO - Processing /home/raj/Downloads/kafka_2.13-3.5.1/airflow-env/lib64/python3.11/site-packages/airflow/example_dags/example_trigger_controller_dag.py took 0.068 seconds
[2023-10-07T04:06:09.087+0530] {processor.py:157} INFO - Started process (PID=19028) to work on /home/raj/Downloads/kafka_2.13-3.5.1/airflow-env/lib64/python3.11/site-packages/airflow/example_dags/example_trigger_controller_dag.py
[2023-10-07T04:06:09.098+0530] {processor.py:829} INFO - Processing file /home/raj/Downloads/kafka_2.13-3.5.1/airflow-env/lib64/python3.11/site-packages/airflow/example_dags/example_trigger_controller_dag.py for tasks to queue
[2023-10-07T04:06:09.100+0530] {logging_mixin.py:151} INFO - [2023-10-07T04:06:09.099+0530] {dagbag.py:539} INFO - Filling up the DagBag from /home/raj/Downloads/kafka_2.13-3.5.1/airflow-env/lib64/python3.11/site-packages/airflow/example_dags/example_trigger_controller_dag.py
[2023-10-07T04:06:09.109+0530] {processor.py:839} INFO - DAG(s) dict_keys(['example_trigger_controller_dag']) retrieved from /home/raj/Downloads/kafka_2.13-3.5.1/airflow-env/lib64/python3.11/site-packages/airflow/example_dags/example_trigger_controller_dag.py
[2023-10-07T04:06:09.139+0530] {logging_mixin.py:151} INFO - [2023-10-07T04:06:09.139+0530] {dag.py:2915} INFO - Sync 1 DAGs
[2023-10-07T04:06:09.160+0530] {logging_mixin.py:151} INFO - [2023-10-07T04:06:09.160+0530] {dag.py:3696} INFO - Setting next_dagrun for example_trigger_controller_dag to 2021-01-01T00:00:00+00:00, run_after=2021-01-01T00:00:00+00:00
[2023-10-07T04:06:09.178+0530] {processor.py:179} INFO - Processing /home/raj/Downloads/kafka_2.13-3.5.1/airflow-env/lib64/python3.11/site-packages/airflow/example_dags/example_trigger_controller_dag.py took 0.096 seconds
[2023-10-07T04:07:04.215+0530] {processor.py:157} INFO - Started process (PID=19172) to work on /home/raj/Downloads/kafka_2.13-3.5.1/airflow-env/lib64/python3.11/site-packages/airflow/example_dags/example_trigger_controller_dag.py
[2023-10-07T04:07:04.226+0530] {processor.py:829} INFO - Processing file /home/raj/Downloads/kafka_2.13-3.5.1/airflow-env/lib64/python3.11/site-packages/airflow/example_dags/example_trigger_controller_dag.py for tasks to queue
[2023-10-07T04:07:04.228+0530] {logging_mixin.py:151} INFO - [2023-10-07T04:07:04.227+0530] {dagbag.py:539} INFO - Filling up the DagBag from /home/raj/Downloads/kafka_2.13-3.5.1/airflow-env/lib64/python3.11/site-packages/airflow/example_dags/example_trigger_controller_dag.py
[2023-10-07T04:07:04.237+0530] {processor.py:839} INFO - DAG(s) dict_keys(['example_trigger_controller_dag']) retrieved from /home/raj/Downloads/kafka_2.13-3.5.1/airflow-env/lib64/python3.11/site-packages/airflow/example_dags/example_trigger_controller_dag.py
[2023-10-07T04:07:04.270+0530] {logging_mixin.py:151} INFO - [2023-10-07T04:07:04.270+0530] {dag.py:2915} INFO - Sync 1 DAGs
[2023-10-07T04:07:04.287+0530] {logging_mixin.py:151} INFO - [2023-10-07T04:07:04.286+0530] {dag.py:3696} INFO - Setting next_dagrun for example_trigger_controller_dag to 2021-01-01T00:00:00+00:00, run_after=2021-01-01T00:00:00+00:00
[2023-10-07T04:07:04.308+0530] {processor.py:179} INFO - Processing /home/raj/Downloads/kafka_2.13-3.5.1/airflow-env/lib64/python3.11/site-packages/airflow/example_dags/example_trigger_controller_dag.py took 0.098 seconds
[2023-10-07T04:07:42.126+0530] {processor.py:157} INFO - Started process (PID=19215) to work on /home/raj/Downloads/kafka_2.13-3.5.1/airflow-env/lib64/python3.11/site-packages/airflow/example_dags/example_trigger_controller_dag.py
[2023-10-07T04:07:42.127+0530] {processor.py:829} INFO - Processing file /home/raj/Downloads/kafka_2.13-3.5.1/airflow-env/lib64/python3.11/site-packages/airflow/example_dags/example_trigger_controller_dag.py for tasks to queue
[2023-10-07T04:07:42.127+0530] {logging_mixin.py:151} INFO - [2023-10-07T04:07:42.127+0530] {dagbag.py:539} INFO - Filling up the DagBag from /home/raj/Downloads/kafka_2.13-3.5.1/airflow-env/lib64/python3.11/site-packages/airflow/example_dags/example_trigger_controller_dag.py
[2023-10-07T04:07:42.131+0530] {processor.py:839} INFO - DAG(s) dict_keys(['example_trigger_controller_dag']) retrieved from /home/raj/Downloads/kafka_2.13-3.5.1/airflow-env/lib64/python3.11/site-packages/airflow/example_dags/example_trigger_controller_dag.py
[2023-10-07T04:07:42.145+0530] {logging_mixin.py:151} INFO - [2023-10-07T04:07:42.145+0530] {dag.py:2915} INFO - Sync 1 DAGs
[2023-10-07T04:07:42.163+0530] {logging_mixin.py:151} INFO - [2023-10-07T04:07:42.163+0530] {dag.py:3696} INFO - Setting next_dagrun for example_trigger_controller_dag to 2021-01-01T00:00:00+00:00, run_after=2021-01-01T00:00:00+00:00
[2023-10-07T04:07:42.181+0530] {processor.py:179} INFO - Processing /home/raj/Downloads/kafka_2.13-3.5.1/airflow-env/lib64/python3.11/site-packages/airflow/example_dags/example_trigger_controller_dag.py took 0.059 seconds
[2023-10-07T04:08:18.713+0530] {processor.py:157} INFO - Started process (PID=19254) to work on /home/raj/Downloads/kafka_2.13-3.5.1/airflow-env/lib64/python3.11/site-packages/airflow/example_dags/example_trigger_controller_dag.py
[2023-10-07T04:08:18.724+0530] {processor.py:829} INFO - Processing file /home/raj/Downloads/kafka_2.13-3.5.1/airflow-env/lib64/python3.11/site-packages/airflow/example_dags/example_trigger_controller_dag.py for tasks to queue
[2023-10-07T04:08:18.725+0530] {logging_mixin.py:151} INFO - [2023-10-07T04:08:18.725+0530] {dagbag.py:539} INFO - Filling up the DagBag from /home/raj/Downloads/kafka_2.13-3.5.1/airflow-env/lib64/python3.11/site-packages/airflow/example_dags/example_trigger_controller_dag.py
[2023-10-07T04:08:18.730+0530] {processor.py:839} INFO - DAG(s) dict_keys(['example_trigger_controller_dag']) retrieved from /home/raj/Downloads/kafka_2.13-3.5.1/airflow-env/lib64/python3.11/site-packages/airflow/example_dags/example_trigger_controller_dag.py
[2023-10-07T04:08:18.746+0530] {logging_mixin.py:151} INFO - [2023-10-07T04:08:18.746+0530] {dag.py:2915} INFO - Sync 1 DAGs
[2023-10-07T04:08:18.764+0530] {logging_mixin.py:151} INFO - [2023-10-07T04:08:18.764+0530] {dag.py:3696} INFO - Setting next_dagrun for example_trigger_controller_dag to 2021-01-01T00:00:00+00:00, run_after=2021-01-01T00:00:00+00:00
[2023-10-07T04:08:18.784+0530] {processor.py:179} INFO - Processing /home/raj/Downloads/kafka_2.13-3.5.1/airflow-env/lib64/python3.11/site-packages/airflow/example_dags/example_trigger_controller_dag.py took 0.077 seconds
[2023-10-07T04:09:11.331+0530] {processor.py:157} INFO - Started process (PID=19310) to work on /home/raj/Downloads/kafka_2.13-3.5.1/airflow-env/lib64/python3.11/site-packages/airflow/example_dags/example_trigger_controller_dag.py
[2023-10-07T04:09:11.342+0530] {processor.py:829} INFO - Processing file /home/raj/Downloads/kafka_2.13-3.5.1/airflow-env/lib64/python3.11/site-packages/airflow/example_dags/example_trigger_controller_dag.py for tasks to queue
[2023-10-07T04:09:11.344+0530] {logging_mixin.py:151} INFO - [2023-10-07T04:09:11.343+0530] {dagbag.py:539} INFO - Filling up the DagBag from /home/raj/Downloads/kafka_2.13-3.5.1/airflow-env/lib64/python3.11/site-packages/airflow/example_dags/example_trigger_controller_dag.py
[2023-10-07T04:09:11.353+0530] {processor.py:839} INFO - DAG(s) dict_keys(['example_trigger_controller_dag']) retrieved from /home/raj/Downloads/kafka_2.13-3.5.1/airflow-env/lib64/python3.11/site-packages/airflow/example_dags/example_trigger_controller_dag.py
[2023-10-07T04:09:11.384+0530] {logging_mixin.py:151} INFO - [2023-10-07T04:09:11.383+0530] {dag.py:2915} INFO - Sync 1 DAGs
[2023-10-07T04:09:11.402+0530] {logging_mixin.py:151} INFO - [2023-10-07T04:09:11.401+0530] {dag.py:3696} INFO - Setting next_dagrun for example_trigger_controller_dag to 2021-01-01T00:00:00+00:00, run_after=2021-01-01T00:00:00+00:00
[2023-10-07T04:09:11.419+0530] {processor.py:179} INFO - Processing /home/raj/Downloads/kafka_2.13-3.5.1/airflow-env/lib64/python3.11/site-packages/airflow/example_dags/example_trigger_controller_dag.py took 0.093 seconds
[2023-10-07T04:10:00.726+0530] {processor.py:157} INFO - Started process (PID=19359) to work on /home/raj/Downloads/kafka_2.13-3.5.1/airflow-env/lib64/python3.11/site-packages/airflow/example_dags/example_trigger_controller_dag.py
[2023-10-07T04:10:00.737+0530] {processor.py:829} INFO - Processing file /home/raj/Downloads/kafka_2.13-3.5.1/airflow-env/lib64/python3.11/site-packages/airflow/example_dags/example_trigger_controller_dag.py for tasks to queue
[2023-10-07T04:10:00.739+0530] {logging_mixin.py:151} INFO - [2023-10-07T04:10:00.738+0530] {dagbag.py:539} INFO - Filling up the DagBag from /home/raj/Downloads/kafka_2.13-3.5.1/airflow-env/lib64/python3.11/site-packages/airflow/example_dags/example_trigger_controller_dag.py
[2023-10-07T04:10:00.747+0530] {processor.py:839} INFO - DAG(s) dict_keys(['example_trigger_controller_dag']) retrieved from /home/raj/Downloads/kafka_2.13-3.5.1/airflow-env/lib64/python3.11/site-packages/airflow/example_dags/example_trigger_controller_dag.py
[2023-10-07T04:10:00.779+0530] {logging_mixin.py:151} INFO - [2023-10-07T04:10:00.779+0530] {dag.py:2915} INFO - Sync 1 DAGs
[2023-10-07T04:10:00.797+0530] {logging_mixin.py:151} INFO - [2023-10-07T04:10:00.797+0530] {dag.py:3696} INFO - Setting next_dagrun for example_trigger_controller_dag to 2021-01-01T00:00:00+00:00, run_after=2021-01-01T00:00:00+00:00
[2023-10-07T04:10:00.814+0530] {processor.py:179} INFO - Processing /home/raj/Downloads/kafka_2.13-3.5.1/airflow-env/lib64/python3.11/site-packages/airflow/example_dags/example_trigger_controller_dag.py took 0.094 seconds
[2023-10-07T04:10:50.332+0530] {processor.py:157} INFO - Started process (PID=19426) to work on /home/raj/Downloads/kafka_2.13-3.5.1/airflow-env/lib64/python3.11/site-packages/airflow/example_dags/example_trigger_controller_dag.py
[2023-10-07T04:10:50.343+0530] {processor.py:829} INFO - Processing file /home/raj/Downloads/kafka_2.13-3.5.1/airflow-env/lib64/python3.11/site-packages/airflow/example_dags/example_trigger_controller_dag.py for tasks to queue
[2023-10-07T04:10:50.344+0530] {logging_mixin.py:151} INFO - [2023-10-07T04:10:50.344+0530] {dagbag.py:539} INFO - Filling up the DagBag from /home/raj/Downloads/kafka_2.13-3.5.1/airflow-env/lib64/python3.11/site-packages/airflow/example_dags/example_trigger_controller_dag.py
[2023-10-07T04:10:50.347+0530] {processor.py:839} INFO - DAG(s) dict_keys(['example_trigger_controller_dag']) retrieved from /home/raj/Downloads/kafka_2.13-3.5.1/airflow-env/lib64/python3.11/site-packages/airflow/example_dags/example_trigger_controller_dag.py
[2023-10-07T04:10:50.363+0530] {logging_mixin.py:151} INFO - [2023-10-07T04:10:50.363+0530] {dag.py:2915} INFO - Sync 1 DAGs
[2023-10-07T04:10:50.381+0530] {logging_mixin.py:151} INFO - [2023-10-07T04:10:50.381+0530] {dag.py:3696} INFO - Setting next_dagrun for example_trigger_controller_dag to 2021-01-01T00:00:00+00:00, run_after=2021-01-01T00:00:00+00:00
[2023-10-07T04:10:50.407+0530] {processor.py:179} INFO - Processing /home/raj/Downloads/kafka_2.13-3.5.1/airflow-env/lib64/python3.11/site-packages/airflow/example_dags/example_trigger_controller_dag.py took 0.077 seconds
[2023-10-07T04:11:27.918+0530] {processor.py:157} INFO - Started process (PID=19470) to work on /home/raj/Downloads/kafka_2.13-3.5.1/airflow-env/lib64/python3.11/site-packages/airflow/example_dags/example_trigger_controller_dag.py
[2023-10-07T04:11:27.919+0530] {processor.py:829} INFO - Processing file /home/raj/Downloads/kafka_2.13-3.5.1/airflow-env/lib64/python3.11/site-packages/airflow/example_dags/example_trigger_controller_dag.py for tasks to queue
[2023-10-07T04:11:27.921+0530] {logging_mixin.py:151} INFO - [2023-10-07T04:11:27.920+0530] {dagbag.py:539} INFO - Filling up the DagBag from /home/raj/Downloads/kafka_2.13-3.5.1/airflow-env/lib64/python3.11/site-packages/airflow/example_dags/example_trigger_controller_dag.py
[2023-10-07T04:11:27.930+0530] {processor.py:839} INFO - DAG(s) dict_keys(['example_trigger_controller_dag']) retrieved from /home/raj/Downloads/kafka_2.13-3.5.1/airflow-env/lib64/python3.11/site-packages/airflow/example_dags/example_trigger_controller_dag.py
[2023-10-07T04:11:27.957+0530] {logging_mixin.py:151} INFO - [2023-10-07T04:11:27.957+0530] {dag.py:2915} INFO - Sync 1 DAGs
[2023-10-07T04:11:27.975+0530] {logging_mixin.py:151} INFO - [2023-10-07T04:11:27.975+0530] {dag.py:3696} INFO - Setting next_dagrun for example_trigger_controller_dag to 2021-01-01T00:00:00+00:00, run_after=2021-01-01T00:00:00+00:00
[2023-10-07T04:11:27.993+0530] {processor.py:179} INFO - Processing /home/raj/Downloads/kafka_2.13-3.5.1/airflow-env/lib64/python3.11/site-packages/airflow/example_dags/example_trigger_controller_dag.py took 0.081 seconds
[2023-10-07T04:12:21.269+0530] {processor.py:157} INFO - Started process (PID=19546) to work on /home/raj/Downloads/kafka_2.13-3.5.1/airflow-env/lib64/python3.11/site-packages/airflow/example_dags/example_trigger_controller_dag.py
[2023-10-07T04:12:21.281+0530] {processor.py:829} INFO - Processing file /home/raj/Downloads/kafka_2.13-3.5.1/airflow-env/lib64/python3.11/site-packages/airflow/example_dags/example_trigger_controller_dag.py for tasks to queue
[2023-10-07T04:12:21.283+0530] {logging_mixin.py:151} INFO - [2023-10-07T04:12:21.282+0530] {dagbag.py:539} INFO - Filling up the DagBag from /home/raj/Downloads/kafka_2.13-3.5.1/airflow-env/lib64/python3.11/site-packages/airflow/example_dags/example_trigger_controller_dag.py
[2023-10-07T04:12:21.292+0530] {processor.py:839} INFO - DAG(s) dict_keys(['example_trigger_controller_dag']) retrieved from /home/raj/Downloads/kafka_2.13-3.5.1/airflow-env/lib64/python3.11/site-packages/airflow/example_dags/example_trigger_controller_dag.py
[2023-10-07T04:12:21.317+0530] {logging_mixin.py:151} INFO - [2023-10-07T04:12:21.316+0530] {dag.py:2915} INFO - Sync 1 DAGs
[2023-10-07T04:12:21.339+0530] {logging_mixin.py:151} INFO - [2023-10-07T04:12:21.339+0530] {dag.py:3696} INFO - Setting next_dagrun for example_trigger_controller_dag to 2021-01-01T00:00:00+00:00, run_after=2021-01-01T00:00:00+00:00
[2023-10-07T04:12:21.358+0530] {processor.py:179} INFO - Processing /home/raj/Downloads/kafka_2.13-3.5.1/airflow-env/lib64/python3.11/site-packages/airflow/example_dags/example_trigger_controller_dag.py took 0.094 seconds
[2023-10-07T04:12:59.899+0530] {processor.py:157} INFO - Started process (PID=19583) to work on /home/raj/Downloads/kafka_2.13-3.5.1/airflow-env/lib64/python3.11/site-packages/airflow/example_dags/example_trigger_controller_dag.py
[2023-10-07T04:12:59.910+0530] {processor.py:829} INFO - Processing file /home/raj/Downloads/kafka_2.13-3.5.1/airflow-env/lib64/python3.11/site-packages/airflow/example_dags/example_trigger_controller_dag.py for tasks to queue
[2023-10-07T04:12:59.911+0530] {logging_mixin.py:151} INFO - [2023-10-07T04:12:59.911+0530] {dagbag.py:539} INFO - Filling up the DagBag from /home/raj/Downloads/kafka_2.13-3.5.1/airflow-env/lib64/python3.11/site-packages/airflow/example_dags/example_trigger_controller_dag.py
[2023-10-07T04:12:59.919+0530] {processor.py:839} INFO - DAG(s) dict_keys(['example_trigger_controller_dag']) retrieved from /home/raj/Downloads/kafka_2.13-3.5.1/airflow-env/lib64/python3.11/site-packages/airflow/example_dags/example_trigger_controller_dag.py
[2023-10-07T04:12:59.952+0530] {logging_mixin.py:151} INFO - [2023-10-07T04:12:59.951+0530] {dag.py:2915} INFO - Sync 1 DAGs
[2023-10-07T04:12:59.971+0530] {logging_mixin.py:151} INFO - [2023-10-07T04:12:59.970+0530] {dag.py:3696} INFO - Setting next_dagrun for example_trigger_controller_dag to 2021-01-01T00:00:00+00:00, run_after=2021-01-01T00:00:00+00:00
[2023-10-07T04:12:59.991+0530] {processor.py:179} INFO - Processing /home/raj/Downloads/kafka_2.13-3.5.1/airflow-env/lib64/python3.11/site-packages/airflow/example_dags/example_trigger_controller_dag.py took 0.097 seconds
[2023-10-07T04:13:50.900+0530] {processor.py:157} INFO - Started process (PID=19636) to work on /home/raj/Downloads/kafka_2.13-3.5.1/airflow-env/lib64/python3.11/site-packages/airflow/example_dags/example_trigger_controller_dag.py
[2023-10-07T04:13:50.912+0530] {processor.py:829} INFO - Processing file /home/raj/Downloads/kafka_2.13-3.5.1/airflow-env/lib64/python3.11/site-packages/airflow/example_dags/example_trigger_controller_dag.py for tasks to queue
[2023-10-07T04:13:50.913+0530] {logging_mixin.py:151} INFO - [2023-10-07T04:13:50.912+0530] {dagbag.py:539} INFO - Filling up the DagBag from /home/raj/Downloads/kafka_2.13-3.5.1/airflow-env/lib64/python3.11/site-packages/airflow/example_dags/example_trigger_controller_dag.py
[2023-10-07T04:13:50.921+0530] {processor.py:839} INFO - DAG(s) dict_keys(['example_trigger_controller_dag']) retrieved from /home/raj/Downloads/kafka_2.13-3.5.1/airflow-env/lib64/python3.11/site-packages/airflow/example_dags/example_trigger_controller_dag.py
[2023-10-07T04:13:50.938+0530] {logging_mixin.py:151} INFO - [2023-10-07T04:13:50.938+0530] {dag.py:2915} INFO - Sync 1 DAGs
[2023-10-07T04:13:50.957+0530] {logging_mixin.py:151} INFO - [2023-10-07T04:13:50.957+0530] {dag.py:3696} INFO - Setting next_dagrun for example_trigger_controller_dag to 2021-01-01T00:00:00+00:00, run_after=2021-01-01T00:00:00+00:00
[2023-10-07T04:13:50.979+0530] {processor.py:179} INFO - Processing /home/raj/Downloads/kafka_2.13-3.5.1/airflow-env/lib64/python3.11/site-packages/airflow/example_dags/example_trigger_controller_dag.py took 0.083 seconds
[2023-10-07T04:14:41.500+0530] {processor.py:157} INFO - Started process (PID=19688) to work on /home/raj/Downloads/kafka_2.13-3.5.1/airflow-env/lib64/python3.11/site-packages/airflow/example_dags/example_trigger_controller_dag.py
[2023-10-07T04:14:41.512+0530] {processor.py:829} INFO - Processing file /home/raj/Downloads/kafka_2.13-3.5.1/airflow-env/lib64/python3.11/site-packages/airflow/example_dags/example_trigger_controller_dag.py for tasks to queue
[2023-10-07T04:14:41.513+0530] {logging_mixin.py:151} INFO - [2023-10-07T04:14:41.513+0530] {dagbag.py:539} INFO - Filling up the DagBag from /home/raj/Downloads/kafka_2.13-3.5.1/airflow-env/lib64/python3.11/site-packages/airflow/example_dags/example_trigger_controller_dag.py
[2023-10-07T04:14:41.522+0530] {processor.py:839} INFO - DAG(s) dict_keys(['example_trigger_controller_dag']) retrieved from /home/raj/Downloads/kafka_2.13-3.5.1/airflow-env/lib64/python3.11/site-packages/airflow/example_dags/example_trigger_controller_dag.py
[2023-10-07T04:14:41.541+0530] {logging_mixin.py:151} INFO - [2023-10-07T04:14:41.540+0530] {dag.py:2915} INFO - Sync 1 DAGs
[2023-10-07T04:14:41.557+0530] {logging_mixin.py:151} INFO - [2023-10-07T04:14:41.557+0530] {dag.py:3696} INFO - Setting next_dagrun for example_trigger_controller_dag to 2021-01-01T00:00:00+00:00, run_after=2021-01-01T00:00:00+00:00
[2023-10-07T04:14:41.575+0530] {processor.py:179} INFO - Processing /home/raj/Downloads/kafka_2.13-3.5.1/airflow-env/lib64/python3.11/site-packages/airflow/example_dags/example_trigger_controller_dag.py took 0.080 seconds
[2023-10-07T04:15:31.497+0530] {processor.py:157} INFO - Started process (PID=19790) to work on /home/raj/Downloads/kafka_2.13-3.5.1/airflow-env/lib64/python3.11/site-packages/airflow/example_dags/example_trigger_controller_dag.py
[2023-10-07T04:15:31.509+0530] {processor.py:829} INFO - Processing file /home/raj/Downloads/kafka_2.13-3.5.1/airflow-env/lib64/python3.11/site-packages/airflow/example_dags/example_trigger_controller_dag.py for tasks to queue
[2023-10-07T04:15:31.509+0530] {logging_mixin.py:151} INFO - [2023-10-07T04:15:31.509+0530] {dagbag.py:539} INFO - Filling up the DagBag from /home/raj/Downloads/kafka_2.13-3.5.1/airflow-env/lib64/python3.11/site-packages/airflow/example_dags/example_trigger_controller_dag.py
[2023-10-07T04:15:31.514+0530] {processor.py:839} INFO - DAG(s) dict_keys(['example_trigger_controller_dag']) retrieved from /home/raj/Downloads/kafka_2.13-3.5.1/airflow-env/lib64/python3.11/site-packages/airflow/example_dags/example_trigger_controller_dag.py
[2023-10-07T04:15:31.529+0530] {logging_mixin.py:151} INFO - [2023-10-07T04:15:31.529+0530] {dag.py:2915} INFO - Sync 1 DAGs
[2023-10-07T04:15:31.545+0530] {logging_mixin.py:151} INFO - [2023-10-07T04:15:31.545+0530] {dag.py:3696} INFO - Setting next_dagrun for example_trigger_controller_dag to 2021-01-01T00:00:00+00:00, run_after=2021-01-01T00:00:00+00:00
[2023-10-07T04:15:31.562+0530] {processor.py:179} INFO - Processing /home/raj/Downloads/kafka_2.13-3.5.1/airflow-env/lib64/python3.11/site-packages/airflow/example_dags/example_trigger_controller_dag.py took 0.070 seconds
[2023-10-07T04:16:22.976+0530] {processor.py:157} INFO - Started process (PID=19852) to work on /home/raj/Downloads/kafka_2.13-3.5.1/airflow-env/lib64/python3.11/site-packages/airflow/example_dags/example_trigger_controller_dag.py
[2023-10-07T04:16:22.987+0530] {processor.py:829} INFO - Processing file /home/raj/Downloads/kafka_2.13-3.5.1/airflow-env/lib64/python3.11/site-packages/airflow/example_dags/example_trigger_controller_dag.py for tasks to queue
[2023-10-07T04:16:22.988+0530] {logging_mixin.py:151} INFO - [2023-10-07T04:16:22.988+0530] {dagbag.py:539} INFO - Filling up the DagBag from /home/raj/Downloads/kafka_2.13-3.5.1/airflow-env/lib64/python3.11/site-packages/airflow/example_dags/example_trigger_controller_dag.py
[2023-10-07T04:16:22.996+0530] {processor.py:839} INFO - DAG(s) dict_keys(['example_trigger_controller_dag']) retrieved from /home/raj/Downloads/kafka_2.13-3.5.1/airflow-env/lib64/python3.11/site-packages/airflow/example_dags/example_trigger_controller_dag.py
[2023-10-07T04:16:23.030+0530] {logging_mixin.py:151} INFO - [2023-10-07T04:16:23.029+0530] {dag.py:2915} INFO - Sync 1 DAGs
[2023-10-07T04:16:23.046+0530] {logging_mixin.py:151} INFO - [2023-10-07T04:16:23.046+0530] {dag.py:3696} INFO - Setting next_dagrun for example_trigger_controller_dag to 2021-01-01T00:00:00+00:00, run_after=2021-01-01T00:00:00+00:00
[2023-10-07T04:16:23.064+0530] {processor.py:179} INFO - Processing /home/raj/Downloads/kafka_2.13-3.5.1/airflow-env/lib64/python3.11/site-packages/airflow/example_dags/example_trigger_controller_dag.py took 0.094 seconds
[2023-10-07T04:16:59.725+0530] {processor.py:157} INFO - Started process (PID=19888) to work on /home/raj/Downloads/kafka_2.13-3.5.1/airflow-env/lib64/python3.11/site-packages/airflow/example_dags/example_trigger_controller_dag.py
[2023-10-07T04:16:59.736+0530] {processor.py:829} INFO - Processing file /home/raj/Downloads/kafka_2.13-3.5.1/airflow-env/lib64/python3.11/site-packages/airflow/example_dags/example_trigger_controller_dag.py for tasks to queue
[2023-10-07T04:16:59.738+0530] {logging_mixin.py:151} INFO - [2023-10-07T04:16:59.737+0530] {dagbag.py:539} INFO - Filling up the DagBag from /home/raj/Downloads/kafka_2.13-3.5.1/airflow-env/lib64/python3.11/site-packages/airflow/example_dags/example_trigger_controller_dag.py
[2023-10-07T04:16:59.746+0530] {processor.py:839} INFO - DAG(s) dict_keys(['example_trigger_controller_dag']) retrieved from /home/raj/Downloads/kafka_2.13-3.5.1/airflow-env/lib64/python3.11/site-packages/airflow/example_dags/example_trigger_controller_dag.py
[2023-10-07T04:16:59.778+0530] {logging_mixin.py:151} INFO - [2023-10-07T04:16:59.777+0530] {dag.py:2915} INFO - Sync 1 DAGs
[2023-10-07T04:16:59.796+0530] {logging_mixin.py:151} INFO - [2023-10-07T04:16:59.795+0530] {dag.py:3696} INFO - Setting next_dagrun for example_trigger_controller_dag to 2021-01-01T00:00:00+00:00, run_after=2021-01-01T00:00:00+00:00
[2023-10-07T04:16:59.815+0530] {processor.py:179} INFO - Processing /home/raj/Downloads/kafka_2.13-3.5.1/airflow-env/lib64/python3.11/site-packages/airflow/example_dags/example_trigger_controller_dag.py took 0.095 seconds
[2023-10-07T04:17:49.372+0530] {processor.py:157} INFO - Started process (PID=19943) to work on /home/raj/Downloads/kafka_2.13-3.5.1/airflow-env/lib64/python3.11/site-packages/airflow/example_dags/example_trigger_controller_dag.py
[2023-10-07T04:17:49.383+0530] {processor.py:829} INFO - Processing file /home/raj/Downloads/kafka_2.13-3.5.1/airflow-env/lib64/python3.11/site-packages/airflow/example_dags/example_trigger_controller_dag.py for tasks to queue
[2023-10-07T04:17:49.385+0530] {logging_mixin.py:151} INFO - [2023-10-07T04:17:49.384+0530] {dagbag.py:539} INFO - Filling up the DagBag from /home/raj/Downloads/kafka_2.13-3.5.1/airflow-env/lib64/python3.11/site-packages/airflow/example_dags/example_trigger_controller_dag.py
[2023-10-07T04:17:49.389+0530] {processor.py:839} INFO - DAG(s) dict_keys(['example_trigger_controller_dag']) retrieved from /home/raj/Downloads/kafka_2.13-3.5.1/airflow-env/lib64/python3.11/site-packages/airflow/example_dags/example_trigger_controller_dag.py
[2023-10-07T04:17:49.403+0530] {logging_mixin.py:151} INFO - [2023-10-07T04:17:49.403+0530] {dag.py:2915} INFO - Sync 1 DAGs
[2023-10-07T04:17:49.419+0530] {logging_mixin.py:151} INFO - [2023-10-07T04:17:49.419+0530] {dag.py:3696} INFO - Setting next_dagrun for example_trigger_controller_dag to 2021-01-01T00:00:00+00:00, run_after=2021-01-01T00:00:00+00:00
[2023-10-07T04:17:49.438+0530] {processor.py:179} INFO - Processing /home/raj/Downloads/kafka_2.13-3.5.1/airflow-env/lib64/python3.11/site-packages/airflow/example_dags/example_trigger_controller_dag.py took 0.071 seconds
[2023-10-07T04:18:41.398+0530] {processor.py:157} INFO - Started process (PID=19997) to work on /home/raj/Downloads/kafka_2.13-3.5.1/airflow-env/lib64/python3.11/site-packages/airflow/example_dags/example_trigger_controller_dag.py
[2023-10-07T04:18:41.409+0530] {processor.py:829} INFO - Processing file /home/raj/Downloads/kafka_2.13-3.5.1/airflow-env/lib64/python3.11/site-packages/airflow/example_dags/example_trigger_controller_dag.py for tasks to queue
[2023-10-07T04:18:41.411+0530] {logging_mixin.py:151} INFO - [2023-10-07T04:18:41.410+0530] {dagbag.py:539} INFO - Filling up the DagBag from /home/raj/Downloads/kafka_2.13-3.5.1/airflow-env/lib64/python3.11/site-packages/airflow/example_dags/example_trigger_controller_dag.py
[2023-10-07T04:18:41.418+0530] {processor.py:839} INFO - DAG(s) dict_keys(['example_trigger_controller_dag']) retrieved from /home/raj/Downloads/kafka_2.13-3.5.1/airflow-env/lib64/python3.11/site-packages/airflow/example_dags/example_trigger_controller_dag.py
[2023-10-07T04:18:41.450+0530] {logging_mixin.py:151} INFO - [2023-10-07T04:18:41.450+0530] {dag.py:2915} INFO - Sync 1 DAGs
[2023-10-07T04:18:41.471+0530] {logging_mixin.py:151} INFO - [2023-10-07T04:18:41.471+0530] {dag.py:3696} INFO - Setting next_dagrun for example_trigger_controller_dag to 2021-01-01T00:00:00+00:00, run_after=2021-01-01T00:00:00+00:00
[2023-10-07T04:18:41.488+0530] {processor.py:179} INFO - Processing /home/raj/Downloads/kafka_2.13-3.5.1/airflow-env/lib64/python3.11/site-packages/airflow/example_dags/example_trigger_controller_dag.py took 0.096 seconds
[2023-10-07T04:19:35.902+0530] {processor.py:157} INFO - Started process (PID=20052) to work on /home/raj/Downloads/kafka_2.13-3.5.1/airflow-env/lib64/python3.11/site-packages/airflow/example_dags/example_trigger_controller_dag.py
[2023-10-07T04:19:35.914+0530] {processor.py:829} INFO - Processing file /home/raj/Downloads/kafka_2.13-3.5.1/airflow-env/lib64/python3.11/site-packages/airflow/example_dags/example_trigger_controller_dag.py for tasks to queue
[2023-10-07T04:19:35.915+0530] {logging_mixin.py:151} INFO - [2023-10-07T04:19:35.915+0530] {dagbag.py:539} INFO - Filling up the DagBag from /home/raj/Downloads/kafka_2.13-3.5.1/airflow-env/lib64/python3.11/site-packages/airflow/example_dags/example_trigger_controller_dag.py
[2023-10-07T04:19:35.925+0530] {processor.py:839} INFO - DAG(s) dict_keys(['example_trigger_controller_dag']) retrieved from /home/raj/Downloads/kafka_2.13-3.5.1/airflow-env/lib64/python3.11/site-packages/airflow/example_dags/example_trigger_controller_dag.py
[2023-10-07T04:19:35.957+0530] {logging_mixin.py:151} INFO - [2023-10-07T04:19:35.957+0530] {dag.py:2915} INFO - Sync 1 DAGs
[2023-10-07T04:19:35.976+0530] {logging_mixin.py:151} INFO - [2023-10-07T04:19:35.975+0530] {dag.py:3696} INFO - Setting next_dagrun for example_trigger_controller_dag to 2021-01-01T00:00:00+00:00, run_after=2021-01-01T00:00:00+00:00
[2023-10-07T04:19:35.992+0530] {processor.py:179} INFO - Processing /home/raj/Downloads/kafka_2.13-3.5.1/airflow-env/lib64/python3.11/site-packages/airflow/example_dags/example_trigger_controller_dag.py took 0.095 seconds
[2023-10-07T04:20:14.036+0530] {processor.py:157} INFO - Started process (PID=20381) to work on /home/raj/Downloads/kafka_2.13-3.5.1/airflow-env/lib64/python3.11/site-packages/airflow/example_dags/example_trigger_controller_dag.py
[2023-10-07T04:20:14.046+0530] {processor.py:829} INFO - Processing file /home/raj/Downloads/kafka_2.13-3.5.1/airflow-env/lib64/python3.11/site-packages/airflow/example_dags/example_trigger_controller_dag.py for tasks to queue
[2023-10-07T04:20:14.047+0530] {logging_mixin.py:151} INFO - [2023-10-07T04:20:14.047+0530] {dagbag.py:539} INFO - Filling up the DagBag from /home/raj/Downloads/kafka_2.13-3.5.1/airflow-env/lib64/python3.11/site-packages/airflow/example_dags/example_trigger_controller_dag.py
[2023-10-07T04:20:14.052+0530] {processor.py:839} INFO - DAG(s) dict_keys(['example_trigger_controller_dag']) retrieved from /home/raj/Downloads/kafka_2.13-3.5.1/airflow-env/lib64/python3.11/site-packages/airflow/example_dags/example_trigger_controller_dag.py
[2023-10-07T04:20:14.068+0530] {logging_mixin.py:151} INFO - [2023-10-07T04:20:14.068+0530] {dag.py:2915} INFO - Sync 1 DAGs
[2023-10-07T04:20:14.089+0530] {logging_mixin.py:151} INFO - [2023-10-07T04:20:14.089+0530] {dag.py:3696} INFO - Setting next_dagrun for example_trigger_controller_dag to 2021-01-01T00:00:00+00:00, run_after=2021-01-01T00:00:00+00:00
[2023-10-07T04:20:14.110+0530] {processor.py:179} INFO - Processing /home/raj/Downloads/kafka_2.13-3.5.1/airflow-env/lib64/python3.11/site-packages/airflow/example_dags/example_trigger_controller_dag.py took 0.078 seconds
[2023-10-07T04:21:09.185+0530] {processor.py:157} INFO - Started process (PID=20572) to work on /home/raj/Downloads/kafka_2.13-3.5.1/airflow-env/lib64/python3.11/site-packages/airflow/example_dags/example_trigger_controller_dag.py
[2023-10-07T04:21:09.196+0530] {processor.py:829} INFO - Processing file /home/raj/Downloads/kafka_2.13-3.5.1/airflow-env/lib64/python3.11/site-packages/airflow/example_dags/example_trigger_controller_dag.py for tasks to queue
[2023-10-07T04:21:09.198+0530] {logging_mixin.py:151} INFO - [2023-10-07T04:21:09.197+0530] {dagbag.py:539} INFO - Filling up the DagBag from /home/raj/Downloads/kafka_2.13-3.5.1/airflow-env/lib64/python3.11/site-packages/airflow/example_dags/example_trigger_controller_dag.py
[2023-10-07T04:21:09.206+0530] {processor.py:839} INFO - DAG(s) dict_keys(['example_trigger_controller_dag']) retrieved from /home/raj/Downloads/kafka_2.13-3.5.1/airflow-env/lib64/python3.11/site-packages/airflow/example_dags/example_trigger_controller_dag.py
[2023-10-07T04:21:09.237+0530] {logging_mixin.py:151} INFO - [2023-10-07T04:21:09.237+0530] {dag.py:2915} INFO - Sync 1 DAGs
[2023-10-07T04:21:09.257+0530] {logging_mixin.py:151} INFO - [2023-10-07T04:21:09.256+0530] {dag.py:3696} INFO - Setting next_dagrun for example_trigger_controller_dag to 2021-01-01T00:00:00+00:00, run_after=2021-01-01T00:00:00+00:00
[2023-10-07T04:21:09.277+0530] {processor.py:179} INFO - Processing /home/raj/Downloads/kafka_2.13-3.5.1/airflow-env/lib64/python3.11/site-packages/airflow/example_dags/example_trigger_controller_dag.py took 0.098 seconds
[2023-10-07T04:21:58.559+0530] {processor.py:157} INFO - Started process (PID=20734) to work on /home/raj/Downloads/kafka_2.13-3.5.1/airflow-env/lib64/python3.11/site-packages/airflow/example_dags/example_trigger_controller_dag.py
[2023-10-07T04:21:58.570+0530] {processor.py:829} INFO - Processing file /home/raj/Downloads/kafka_2.13-3.5.1/airflow-env/lib64/python3.11/site-packages/airflow/example_dags/example_trigger_controller_dag.py for tasks to queue
[2023-10-07T04:21:58.572+0530] {logging_mixin.py:151} INFO - [2023-10-07T04:21:58.571+0530] {dagbag.py:539} INFO - Filling up the DagBag from /home/raj/Downloads/kafka_2.13-3.5.1/airflow-env/lib64/python3.11/site-packages/airflow/example_dags/example_trigger_controller_dag.py
[2023-10-07T04:21:58.582+0530] {processor.py:839} INFO - DAG(s) dict_keys(['example_trigger_controller_dag']) retrieved from /home/raj/Downloads/kafka_2.13-3.5.1/airflow-env/lib64/python3.11/site-packages/airflow/example_dags/example_trigger_controller_dag.py
[2023-10-07T04:21:58.612+0530] {logging_mixin.py:151} INFO - [2023-10-07T04:21:58.612+0530] {dag.py:2915} INFO - Sync 1 DAGs
[2023-10-07T04:21:58.632+0530] {logging_mixin.py:151} INFO - [2023-10-07T04:21:58.631+0530] {dag.py:3696} INFO - Setting next_dagrun for example_trigger_controller_dag to 2021-01-01T00:00:00+00:00, run_after=2021-01-01T00:00:00+00:00
[2023-10-07T04:21:58.653+0530] {processor.py:179} INFO - Processing /home/raj/Downloads/kafka_2.13-3.5.1/airflow-env/lib64/python3.11/site-packages/airflow/example_dags/example_trigger_controller_dag.py took 0.099 seconds
[2023-10-07T04:22:48.235+0530] {processor.py:157} INFO - Started process (PID=20845) to work on /home/raj/Downloads/kafka_2.13-3.5.1/airflow-env/lib64/python3.11/site-packages/airflow/example_dags/example_trigger_controller_dag.py
[2023-10-07T04:22:48.246+0530] {processor.py:829} INFO - Processing file /home/raj/Downloads/kafka_2.13-3.5.1/airflow-env/lib64/python3.11/site-packages/airflow/example_dags/example_trigger_controller_dag.py for tasks to queue
[2023-10-07T04:22:48.248+0530] {logging_mixin.py:151} INFO - [2023-10-07T04:22:48.247+0530] {dagbag.py:539} INFO - Filling up the DagBag from /home/raj/Downloads/kafka_2.13-3.5.1/airflow-env/lib64/python3.11/site-packages/airflow/example_dags/example_trigger_controller_dag.py
[2023-10-07T04:22:48.256+0530] {processor.py:839} INFO - DAG(s) dict_keys(['example_trigger_controller_dag']) retrieved from /home/raj/Downloads/kafka_2.13-3.5.1/airflow-env/lib64/python3.11/site-packages/airflow/example_dags/example_trigger_controller_dag.py
[2023-10-07T04:22:48.288+0530] {logging_mixin.py:151} INFO - [2023-10-07T04:22:48.288+0530] {dag.py:2915} INFO - Sync 1 DAGs
[2023-10-07T04:22:48.308+0530] {logging_mixin.py:151} INFO - [2023-10-07T04:22:48.308+0530] {dag.py:3696} INFO - Setting next_dagrun for example_trigger_controller_dag to 2021-01-01T00:00:00+00:00, run_after=2021-01-01T00:00:00+00:00
[2023-10-07T04:22:48.328+0530] {processor.py:179} INFO - Processing /home/raj/Downloads/kafka_2.13-3.5.1/airflow-env/lib64/python3.11/site-packages/airflow/example_dags/example_trigger_controller_dag.py took 0.098 seconds
[2023-10-07T04:23:40.372+0530] {processor.py:157} INFO - Started process (PID=20938) to work on /home/raj/Downloads/kafka_2.13-3.5.1/airflow-env/lib64/python3.11/site-packages/airflow/example_dags/example_trigger_controller_dag.py
[2023-10-07T04:23:40.382+0530] {processor.py:829} INFO - Processing file /home/raj/Downloads/kafka_2.13-3.5.1/airflow-env/lib64/python3.11/site-packages/airflow/example_dags/example_trigger_controller_dag.py for tasks to queue
[2023-10-07T04:23:40.383+0530] {logging_mixin.py:151} INFO - [2023-10-07T04:23:40.383+0530] {dagbag.py:539} INFO - Filling up the DagBag from /home/raj/Downloads/kafka_2.13-3.5.1/airflow-env/lib64/python3.11/site-packages/airflow/example_dags/example_trigger_controller_dag.py
[2023-10-07T04:23:40.387+0530] {processor.py:839} INFO - DAG(s) dict_keys(['example_trigger_controller_dag']) retrieved from /home/raj/Downloads/kafka_2.13-3.5.1/airflow-env/lib64/python3.11/site-packages/airflow/example_dags/example_trigger_controller_dag.py
[2023-10-07T04:23:40.403+0530] {logging_mixin.py:151} INFO - [2023-10-07T04:23:40.403+0530] {dag.py:2915} INFO - Sync 1 DAGs
[2023-10-07T04:23:40.422+0530] {logging_mixin.py:151} INFO - [2023-10-07T04:23:40.422+0530] {dag.py:3696} INFO - Setting next_dagrun for example_trigger_controller_dag to 2021-01-01T00:00:00+00:00, run_after=2021-01-01T00:00:00+00:00
[2023-10-07T04:23:40.443+0530] {processor.py:179} INFO - Processing /home/raj/Downloads/kafka_2.13-3.5.1/airflow-env/lib64/python3.11/site-packages/airflow/example_dags/example_trigger_controller_dag.py took 0.074 seconds
[2023-10-07T04:24:31.221+0530] {processor.py:157} INFO - Started process (PID=21065) to work on /home/raj/Downloads/kafka_2.13-3.5.1/airflow-env/lib64/python3.11/site-packages/airflow/example_dags/example_trigger_controller_dag.py
[2023-10-07T04:24:31.232+0530] {processor.py:829} INFO - Processing file /home/raj/Downloads/kafka_2.13-3.5.1/airflow-env/lib64/python3.11/site-packages/airflow/example_dags/example_trigger_controller_dag.py for tasks to queue
[2023-10-07T04:24:31.234+0530] {logging_mixin.py:151} INFO - [2023-10-07T04:24:31.233+0530] {dagbag.py:539} INFO - Filling up the DagBag from /home/raj/Downloads/kafka_2.13-3.5.1/airflow-env/lib64/python3.11/site-packages/airflow/example_dags/example_trigger_controller_dag.py
[2023-10-07T04:24:31.241+0530] {processor.py:839} INFO - DAG(s) dict_keys(['example_trigger_controller_dag']) retrieved from /home/raj/Downloads/kafka_2.13-3.5.1/airflow-env/lib64/python3.11/site-packages/airflow/example_dags/example_trigger_controller_dag.py
[2023-10-07T04:24:31.259+0530] {logging_mixin.py:151} INFO - [2023-10-07T04:24:31.259+0530] {dag.py:2915} INFO - Sync 1 DAGs
[2023-10-07T04:24:31.280+0530] {logging_mixin.py:151} INFO - [2023-10-07T04:24:31.279+0530] {dag.py:3696} INFO - Setting next_dagrun for example_trigger_controller_dag to 2021-01-01T00:00:00+00:00, run_after=2021-01-01T00:00:00+00:00
[2023-10-07T04:24:31.301+0530] {processor.py:179} INFO - Processing /home/raj/Downloads/kafka_2.13-3.5.1/airflow-env/lib64/python3.11/site-packages/airflow/example_dags/example_trigger_controller_dag.py took 0.084 seconds
[2023-10-07T04:25:21.384+0530] {processor.py:157} INFO - Started process (PID=21163) to work on /home/raj/Downloads/kafka_2.13-3.5.1/airflow-env/lib64/python3.11/site-packages/airflow/example_dags/example_trigger_controller_dag.py
[2023-10-07T04:25:21.395+0530] {processor.py:829} INFO - Processing file /home/raj/Downloads/kafka_2.13-3.5.1/airflow-env/lib64/python3.11/site-packages/airflow/example_dags/example_trigger_controller_dag.py for tasks to queue
[2023-10-07T04:25:21.396+0530] {logging_mixin.py:151} INFO - [2023-10-07T04:25:21.395+0530] {dagbag.py:539} INFO - Filling up the DagBag from /home/raj/Downloads/kafka_2.13-3.5.1/airflow-env/lib64/python3.11/site-packages/airflow/example_dags/example_trigger_controller_dag.py
[2023-10-07T04:25:21.401+0530] {processor.py:839} INFO - DAG(s) dict_keys(['example_trigger_controller_dag']) retrieved from /home/raj/Downloads/kafka_2.13-3.5.1/airflow-env/lib64/python3.11/site-packages/airflow/example_dags/example_trigger_controller_dag.py
[2023-10-07T04:25:21.429+0530] {logging_mixin.py:151} INFO - [2023-10-07T04:25:21.428+0530] {dag.py:2915} INFO - Sync 1 DAGs
[2023-10-07T04:25:21.451+0530] {logging_mixin.py:151} INFO - [2023-10-07T04:25:21.450+0530] {dag.py:3696} INFO - Setting next_dagrun for example_trigger_controller_dag to 2021-01-01T00:00:00+00:00, run_after=2021-01-01T00:00:00+00:00
[2023-10-07T04:25:21.471+0530] {processor.py:179} INFO - Processing /home/raj/Downloads/kafka_2.13-3.5.1/airflow-env/lib64/python3.11/site-packages/airflow/example_dags/example_trigger_controller_dag.py took 0.091 seconds
[2023-10-07T04:26:15.710+0530] {processor.py:157} INFO - Started process (PID=21316) to work on /home/raj/Downloads/kafka_2.13-3.5.1/airflow-env/lib64/python3.11/site-packages/airflow/example_dags/example_trigger_controller_dag.py
[2023-10-07T04:26:15.720+0530] {processor.py:829} INFO - Processing file /home/raj/Downloads/kafka_2.13-3.5.1/airflow-env/lib64/python3.11/site-packages/airflow/example_dags/example_trigger_controller_dag.py for tasks to queue
[2023-10-07T04:26:15.721+0530] {logging_mixin.py:151} INFO - [2023-10-07T04:26:15.721+0530] {dagbag.py:539} INFO - Filling up the DagBag from /home/raj/Downloads/kafka_2.13-3.5.1/airflow-env/lib64/python3.11/site-packages/airflow/example_dags/example_trigger_controller_dag.py
[2023-10-07T04:26:15.725+0530] {processor.py:839} INFO - DAG(s) dict_keys(['example_trigger_controller_dag']) retrieved from /home/raj/Downloads/kafka_2.13-3.5.1/airflow-env/lib64/python3.11/site-packages/airflow/example_dags/example_trigger_controller_dag.py
[2023-10-07T04:26:15.739+0530] {logging_mixin.py:151} INFO - [2023-10-07T04:26:15.739+0530] {dag.py:2915} INFO - Sync 1 DAGs
[2023-10-07T04:26:15.758+0530] {logging_mixin.py:151} INFO - [2023-10-07T04:26:15.758+0530] {dag.py:3696} INFO - Setting next_dagrun for example_trigger_controller_dag to 2021-01-01T00:00:00+00:00, run_after=2021-01-01T00:00:00+00:00
[2023-10-07T04:26:15.778+0530] {processor.py:179} INFO - Processing /home/raj/Downloads/kafka_2.13-3.5.1/airflow-env/lib64/python3.11/site-packages/airflow/example_dags/example_trigger_controller_dag.py took 0.074 seconds
[2023-10-07T04:27:02.899+0530] {processor.py:157} INFO - Started process (PID=21441) to work on /home/raj/Downloads/kafka_2.13-3.5.1/airflow-env/lib64/python3.11/site-packages/airflow/example_dags/example_trigger_controller_dag.py
[2023-10-07T04:27:02.900+0530] {processor.py:829} INFO - Processing file /home/raj/Downloads/kafka_2.13-3.5.1/airflow-env/lib64/python3.11/site-packages/airflow/example_dags/example_trigger_controller_dag.py for tasks to queue
[2023-10-07T04:27:02.902+0530] {logging_mixin.py:151} INFO - [2023-10-07T04:27:02.901+0530] {dagbag.py:539} INFO - Filling up the DagBag from /home/raj/Downloads/kafka_2.13-3.5.1/airflow-env/lib64/python3.11/site-packages/airflow/example_dags/example_trigger_controller_dag.py
[2023-10-07T04:27:02.910+0530] {processor.py:839} INFO - DAG(s) dict_keys(['example_trigger_controller_dag']) retrieved from /home/raj/Downloads/kafka_2.13-3.5.1/airflow-env/lib64/python3.11/site-packages/airflow/example_dags/example_trigger_controller_dag.py
[2023-10-07T04:27:02.930+0530] {logging_mixin.py:151} INFO - [2023-10-07T04:27:02.930+0530] {dag.py:2915} INFO - Sync 1 DAGs
[2023-10-07T04:27:02.950+0530] {logging_mixin.py:151} INFO - [2023-10-07T04:27:02.950+0530] {dag.py:3696} INFO - Setting next_dagrun for example_trigger_controller_dag to 2021-01-01T00:00:00+00:00, run_after=2021-01-01T00:00:00+00:00
[2023-10-07T04:27:02.972+0530] {processor.py:179} INFO - Processing /home/raj/Downloads/kafka_2.13-3.5.1/airflow-env/lib64/python3.11/site-packages/airflow/example_dags/example_trigger_controller_dag.py took 0.078 seconds
[2023-10-07T04:27:56.378+0530] {processor.py:157} INFO - Started process (PID=21583) to work on /home/raj/Downloads/kafka_2.13-3.5.1/airflow-env/lib64/python3.11/site-packages/airflow/example_dags/example_trigger_controller_dag.py
[2023-10-07T04:27:56.389+0530] {processor.py:829} INFO - Processing file /home/raj/Downloads/kafka_2.13-3.5.1/airflow-env/lib64/python3.11/site-packages/airflow/example_dags/example_trigger_controller_dag.py for tasks to queue
[2023-10-07T04:27:56.392+0530] {logging_mixin.py:151} INFO - [2023-10-07T04:27:56.391+0530] {dagbag.py:539} INFO - Filling up the DagBag from /home/raj/Downloads/kafka_2.13-3.5.1/airflow-env/lib64/python3.11/site-packages/airflow/example_dags/example_trigger_controller_dag.py
[2023-10-07T04:27:56.403+0530] {processor.py:839} INFO - DAG(s) dict_keys(['example_trigger_controller_dag']) retrieved from /home/raj/Downloads/kafka_2.13-3.5.1/airflow-env/lib64/python3.11/site-packages/airflow/example_dags/example_trigger_controller_dag.py
[2023-10-07T04:27:56.437+0530] {logging_mixin.py:151} INFO - [2023-10-07T04:27:56.436+0530] {dag.py:2915} INFO - Sync 1 DAGs
[2023-10-07T04:27:56.462+0530] {logging_mixin.py:151} INFO - [2023-10-07T04:27:56.462+0530] {dag.py:3696} INFO - Setting next_dagrun for example_trigger_controller_dag to 2021-01-01T00:00:00+00:00, run_after=2021-01-01T00:00:00+00:00
[2023-10-07T04:27:56.487+0530] {processor.py:179} INFO - Processing /home/raj/Downloads/kafka_2.13-3.5.1/airflow-env/lib64/python3.11/site-packages/airflow/example_dags/example_trigger_controller_dag.py took 0.117 seconds
[2023-10-07T04:28:50.368+0530] {processor.py:157} INFO - Started process (PID=21719) to work on /home/raj/Downloads/kafka_2.13-3.5.1/airflow-env/lib64/python3.11/site-packages/airflow/example_dags/example_trigger_controller_dag.py
[2023-10-07T04:28:50.379+0530] {processor.py:829} INFO - Processing file /home/raj/Downloads/kafka_2.13-3.5.1/airflow-env/lib64/python3.11/site-packages/airflow/example_dags/example_trigger_controller_dag.py for tasks to queue
[2023-10-07T04:28:50.381+0530] {logging_mixin.py:151} INFO - [2023-10-07T04:28:50.380+0530] {dagbag.py:539} INFO - Filling up the DagBag from /home/raj/Downloads/kafka_2.13-3.5.1/airflow-env/lib64/python3.11/site-packages/airflow/example_dags/example_trigger_controller_dag.py
[2023-10-07T04:28:50.389+0530] {processor.py:839} INFO - DAG(s) dict_keys(['example_trigger_controller_dag']) retrieved from /home/raj/Downloads/kafka_2.13-3.5.1/airflow-env/lib64/python3.11/site-packages/airflow/example_dags/example_trigger_controller_dag.py
[2023-10-07T04:28:50.423+0530] {logging_mixin.py:151} INFO - [2023-10-07T04:28:50.422+0530] {dag.py:2915} INFO - Sync 1 DAGs
[2023-10-07T04:28:50.444+0530] {logging_mixin.py:151} INFO - [2023-10-07T04:28:50.443+0530] {dag.py:3696} INFO - Setting next_dagrun for example_trigger_controller_dag to 2021-01-01T00:00:00+00:00, run_after=2021-01-01T00:00:00+00:00
[2023-10-07T04:28:50.464+0530] {processor.py:179} INFO - Processing /home/raj/Downloads/kafka_2.13-3.5.1/airflow-env/lib64/python3.11/site-packages/airflow/example_dags/example_trigger_controller_dag.py took 0.102 seconds
[2023-10-07T04:29:38.409+0530] {processor.py:157} INFO - Started process (PID=21798) to work on /home/raj/Downloads/kafka_2.13-3.5.1/airflow-env/lib64/python3.11/site-packages/airflow/example_dags/example_trigger_controller_dag.py
[2023-10-07T04:29:38.421+0530] {processor.py:829} INFO - Processing file /home/raj/Downloads/kafka_2.13-3.5.1/airflow-env/lib64/python3.11/site-packages/airflow/example_dags/example_trigger_controller_dag.py for tasks to queue
[2023-10-07T04:29:38.422+0530] {logging_mixin.py:151} INFO - [2023-10-07T04:29:38.422+0530] {dagbag.py:539} INFO - Filling up the DagBag from /home/raj/Downloads/kafka_2.13-3.5.1/airflow-env/lib64/python3.11/site-packages/airflow/example_dags/example_trigger_controller_dag.py
[2023-10-07T04:29:38.430+0530] {processor.py:839} INFO - DAG(s) dict_keys(['example_trigger_controller_dag']) retrieved from /home/raj/Downloads/kafka_2.13-3.5.1/airflow-env/lib64/python3.11/site-packages/airflow/example_dags/example_trigger_controller_dag.py
[2023-10-07T04:29:38.463+0530] {logging_mixin.py:151} INFO - [2023-10-07T04:29:38.462+0530] {dag.py:2915} INFO - Sync 1 DAGs
[2023-10-07T04:29:38.478+0530] {logging_mixin.py:151} INFO - [2023-10-07T04:29:38.478+0530] {dag.py:3696} INFO - Setting next_dagrun for example_trigger_controller_dag to 2021-01-01T00:00:00+00:00, run_after=2021-01-01T00:00:00+00:00
[2023-10-07T04:29:38.497+0530] {processor.py:179} INFO - Processing /home/raj/Downloads/kafka_2.13-3.5.1/airflow-env/lib64/python3.11/site-packages/airflow/example_dags/example_trigger_controller_dag.py took 0.093 seconds
[2023-10-07T04:40:42.176+0530] {processor.py:157} INFO - Started process (PID=9519) to work on /home/raj/Downloads/kafka_2.13-3.5.1/airflow-env/lib64/python3.11/site-packages/airflow/example_dags/example_trigger_controller_dag.py
[2023-10-07T04:40:42.187+0530] {processor.py:829} INFO - Processing file /home/raj/Downloads/kafka_2.13-3.5.1/airflow-env/lib64/python3.11/site-packages/airflow/example_dags/example_trigger_controller_dag.py for tasks to queue
[2023-10-07T04:40:42.189+0530] {logging_mixin.py:151} INFO - [2023-10-07T04:40:42.188+0530] {dagbag.py:539} INFO - Filling up the DagBag from /home/raj/Downloads/kafka_2.13-3.5.1/airflow-env/lib64/python3.11/site-packages/airflow/example_dags/example_trigger_controller_dag.py
[2023-10-07T04:40:42.198+0530] {processor.py:839} INFO - DAG(s) dict_keys(['example_trigger_controller_dag']) retrieved from /home/raj/Downloads/kafka_2.13-3.5.1/airflow-env/lib64/python3.11/site-packages/airflow/example_dags/example_trigger_controller_dag.py
[2023-10-07T04:40:42.233+0530] {logging_mixin.py:151} INFO - [2023-10-07T04:40:42.233+0530] {dag.py:2915} INFO - Sync 1 DAGs
[2023-10-07T04:40:42.250+0530] {logging_mixin.py:151} INFO - [2023-10-07T04:40:42.250+0530] {dag.py:3696} INFO - Setting next_dagrun for example_trigger_controller_dag to 2021-01-01T00:00:00+00:00, run_after=2021-01-01T00:00:00+00:00
[2023-10-07T04:40:42.268+0530] {processor.py:179} INFO - Processing /home/raj/Downloads/kafka_2.13-3.5.1/airflow-env/lib64/python3.11/site-packages/airflow/example_dags/example_trigger_controller_dag.py took 0.098 seconds
[2023-10-07T04:41:28.129+0530] {processor.py:157} INFO - Started process (PID=10016) to work on /home/raj/Downloads/kafka_2.13-3.5.1/airflow-env/lib64/python3.11/site-packages/airflow/example_dags/example_trigger_controller_dag.py
[2023-10-07T04:41:28.140+0530] {processor.py:829} INFO - Processing file /home/raj/Downloads/kafka_2.13-3.5.1/airflow-env/lib64/python3.11/site-packages/airflow/example_dags/example_trigger_controller_dag.py for tasks to queue
[2023-10-07T04:41:28.141+0530] {logging_mixin.py:151} INFO - [2023-10-07T04:41:28.141+0530] {dagbag.py:539} INFO - Filling up the DagBag from /home/raj/Downloads/kafka_2.13-3.5.1/airflow-env/lib64/python3.11/site-packages/airflow/example_dags/example_trigger_controller_dag.py
[2023-10-07T04:41:28.150+0530] {processor.py:839} INFO - DAG(s) dict_keys(['example_trigger_controller_dag']) retrieved from /home/raj/Downloads/kafka_2.13-3.5.1/airflow-env/lib64/python3.11/site-packages/airflow/example_dags/example_trigger_controller_dag.py
[2023-10-07T04:41:28.180+0530] {logging_mixin.py:151} INFO - [2023-10-07T04:41:28.180+0530] {dag.py:2915} INFO - Sync 1 DAGs
[2023-10-07T04:41:28.197+0530] {logging_mixin.py:151} INFO - [2023-10-07T04:41:28.197+0530] {dag.py:3696} INFO - Setting next_dagrun for example_trigger_controller_dag to 2021-01-01T00:00:00+00:00, run_after=2021-01-01T00:00:00+00:00
[2023-10-07T04:41:28.215+0530] {processor.py:179} INFO - Processing /home/raj/Downloads/kafka_2.13-3.5.1/airflow-env/lib64/python3.11/site-packages/airflow/example_dags/example_trigger_controller_dag.py took 0.092 seconds
[2023-10-07T04:42:16.714+0530] {processor.py:157} INFO - Started process (PID=10185) to work on /home/raj/Downloads/kafka_2.13-3.5.1/airflow-env/lib64/python3.11/site-packages/airflow/example_dags/example_trigger_controller_dag.py
[2023-10-07T04:42:16.725+0530] {processor.py:829} INFO - Processing file /home/raj/Downloads/kafka_2.13-3.5.1/airflow-env/lib64/python3.11/site-packages/airflow/example_dags/example_trigger_controller_dag.py for tasks to queue
[2023-10-07T04:42:16.727+0530] {logging_mixin.py:151} INFO - [2023-10-07T04:42:16.726+0530] {dagbag.py:539} INFO - Filling up the DagBag from /home/raj/Downloads/kafka_2.13-3.5.1/airflow-env/lib64/python3.11/site-packages/airflow/example_dags/example_trigger_controller_dag.py
[2023-10-07T04:42:16.735+0530] {processor.py:839} INFO - DAG(s) dict_keys(['example_trigger_controller_dag']) retrieved from /home/raj/Downloads/kafka_2.13-3.5.1/airflow-env/lib64/python3.11/site-packages/airflow/example_dags/example_trigger_controller_dag.py
[2023-10-07T04:42:16.768+0530] {logging_mixin.py:151} INFO - [2023-10-07T04:42:16.767+0530] {dag.py:2915} INFO - Sync 1 DAGs
[2023-10-07T04:42:16.789+0530] {logging_mixin.py:151} INFO - [2023-10-07T04:42:16.789+0530] {dag.py:3696} INFO - Setting next_dagrun for example_trigger_controller_dag to 2021-01-01T00:00:00+00:00, run_after=2021-01-01T00:00:00+00:00
[2023-10-07T04:42:16.812+0530] {processor.py:179} INFO - Processing /home/raj/Downloads/kafka_2.13-3.5.1/airflow-env/lib64/python3.11/site-packages/airflow/example_dags/example_trigger_controller_dag.py took 0.104 seconds
[2023-10-07T04:43:32.428+0530] {processor.py:157} INFO - Started process (PID=10385) to work on /home/raj/Downloads/kafka_2.13-3.5.1/airflow-env/lib64/python3.11/site-packages/airflow/example_dags/example_trigger_controller_dag.py
[2023-10-07T04:43:32.439+0530] {processor.py:829} INFO - Processing file /home/raj/Downloads/kafka_2.13-3.5.1/airflow-env/lib64/python3.11/site-packages/airflow/example_dags/example_trigger_controller_dag.py for tasks to queue
[2023-10-07T04:43:32.440+0530] {logging_mixin.py:151} INFO - [2023-10-07T04:43:32.439+0530] {dagbag.py:539} INFO - Filling up the DagBag from /home/raj/Downloads/kafka_2.13-3.5.1/airflow-env/lib64/python3.11/site-packages/airflow/example_dags/example_trigger_controller_dag.py
[2023-10-07T04:43:32.445+0530] {processor.py:839} INFO - DAG(s) dict_keys(['example_trigger_controller_dag']) retrieved from /home/raj/Downloads/kafka_2.13-3.5.1/airflow-env/lib64/python3.11/site-packages/airflow/example_dags/example_trigger_controller_dag.py
[2023-10-07T04:43:32.465+0530] {logging_mixin.py:151} INFO - [2023-10-07T04:43:32.464+0530] {dag.py:2915} INFO - Sync 1 DAGs
[2023-10-07T04:43:32.489+0530] {logging_mixin.py:151} INFO - [2023-10-07T04:43:32.489+0530] {dag.py:3696} INFO - Setting next_dagrun for example_trigger_controller_dag to 2021-01-01T00:00:00+00:00, run_after=2021-01-01T00:00:00+00:00
[2023-10-07T04:43:32.511+0530] {processor.py:179} INFO - Processing /home/raj/Downloads/kafka_2.13-3.5.1/airflow-env/lib64/python3.11/site-packages/airflow/example_dags/example_trigger_controller_dag.py took 0.086 seconds
[2023-10-07T04:44:20.120+0530] {processor.py:157} INFO - Started process (PID=10490) to work on /home/raj/Downloads/kafka_2.13-3.5.1/airflow-env/lib64/python3.11/site-packages/airflow/example_dags/example_trigger_controller_dag.py
[2023-10-07T04:44:20.132+0530] {processor.py:829} INFO - Processing file /home/raj/Downloads/kafka_2.13-3.5.1/airflow-env/lib64/python3.11/site-packages/airflow/example_dags/example_trigger_controller_dag.py for tasks to queue
[2023-10-07T04:44:20.133+0530] {logging_mixin.py:151} INFO - [2023-10-07T04:44:20.132+0530] {dagbag.py:539} INFO - Filling up the DagBag from /home/raj/Downloads/kafka_2.13-3.5.1/airflow-env/lib64/python3.11/site-packages/airflow/example_dags/example_trigger_controller_dag.py
[2023-10-07T04:44:20.142+0530] {processor.py:839} INFO - DAG(s) dict_keys(['example_trigger_controller_dag']) retrieved from /home/raj/Downloads/kafka_2.13-3.5.1/airflow-env/lib64/python3.11/site-packages/airflow/example_dags/example_trigger_controller_dag.py
[2023-10-07T04:44:20.174+0530] {logging_mixin.py:151} INFO - [2023-10-07T04:44:20.174+0530] {dag.py:2915} INFO - Sync 1 DAGs
[2023-10-07T04:44:20.195+0530] {logging_mixin.py:151} INFO - [2023-10-07T04:44:20.195+0530] {dag.py:3696} INFO - Setting next_dagrun for example_trigger_controller_dag to 2021-01-01T00:00:00+00:00, run_after=2021-01-01T00:00:00+00:00
[2023-10-07T04:44:20.216+0530] {processor.py:179} INFO - Processing /home/raj/Downloads/kafka_2.13-3.5.1/airflow-env/lib64/python3.11/site-packages/airflow/example_dags/example_trigger_controller_dag.py took 0.101 seconds
[2023-10-07T04:45:08.731+0530] {processor.py:157} INFO - Started process (PID=10637) to work on /home/raj/Downloads/kafka_2.13-3.5.1/airflow-env/lib64/python3.11/site-packages/airflow/example_dags/example_trigger_controller_dag.py
[2023-10-07T04:45:08.742+0530] {processor.py:829} INFO - Processing file /home/raj/Downloads/kafka_2.13-3.5.1/airflow-env/lib64/python3.11/site-packages/airflow/example_dags/example_trigger_controller_dag.py for tasks to queue
[2023-10-07T04:45:08.743+0530] {logging_mixin.py:151} INFO - [2023-10-07T04:45:08.743+0530] {dagbag.py:539} INFO - Filling up the DagBag from /home/raj/Downloads/kafka_2.13-3.5.1/airflow-env/lib64/python3.11/site-packages/airflow/example_dags/example_trigger_controller_dag.py
[2023-10-07T04:45:08.751+0530] {processor.py:839} INFO - DAG(s) dict_keys(['example_trigger_controller_dag']) retrieved from /home/raj/Downloads/kafka_2.13-3.5.1/airflow-env/lib64/python3.11/site-packages/airflow/example_dags/example_trigger_controller_dag.py
[2023-10-07T04:45:08.784+0530] {logging_mixin.py:151} INFO - [2023-10-07T04:45:08.784+0530] {dag.py:2915} INFO - Sync 1 DAGs
[2023-10-07T04:45:08.802+0530] {logging_mixin.py:151} INFO - [2023-10-07T04:45:08.802+0530] {dag.py:3696} INFO - Setting next_dagrun for example_trigger_controller_dag to 2021-01-01T00:00:00+00:00, run_after=2021-01-01T00:00:00+00:00
[2023-10-07T04:45:08.824+0530] {processor.py:179} INFO - Processing /home/raj/Downloads/kafka_2.13-3.5.1/airflow-env/lib64/python3.11/site-packages/airflow/example_dags/example_trigger_controller_dag.py took 0.098 seconds
[2023-10-07T04:45:47.025+0530] {processor.py:157} INFO - Started process (PID=10766) to work on /home/raj/Downloads/kafka_2.13-3.5.1/airflow-env/lib64/python3.11/site-packages/airflow/example_dags/example_trigger_controller_dag.py
[2023-10-07T04:45:47.036+0530] {processor.py:829} INFO - Processing file /home/raj/Downloads/kafka_2.13-3.5.1/airflow-env/lib64/python3.11/site-packages/airflow/example_dags/example_trigger_controller_dag.py for tasks to queue
[2023-10-07T04:45:47.037+0530] {logging_mixin.py:151} INFO - [2023-10-07T04:45:47.037+0530] {dagbag.py:539} INFO - Filling up the DagBag from /home/raj/Downloads/kafka_2.13-3.5.1/airflow-env/lib64/python3.11/site-packages/airflow/example_dags/example_trigger_controller_dag.py
[2023-10-07T04:45:47.042+0530] {processor.py:839} INFO - DAG(s) dict_keys(['example_trigger_controller_dag']) retrieved from /home/raj/Downloads/kafka_2.13-3.5.1/airflow-env/lib64/python3.11/site-packages/airflow/example_dags/example_trigger_controller_dag.py
[2023-10-07T04:45:47.059+0530] {logging_mixin.py:151} INFO - [2023-10-07T04:45:47.059+0530] {dag.py:2915} INFO - Sync 1 DAGs
[2023-10-07T04:45:47.090+0530] {logging_mixin.py:151} INFO - [2023-10-07T04:45:47.089+0530] {dag.py:3696} INFO - Setting next_dagrun for example_trigger_controller_dag to 2021-01-01T00:00:00+00:00, run_after=2021-01-01T00:00:00+00:00
[2023-10-07T04:45:47.121+0530] {processor.py:179} INFO - Processing /home/raj/Downloads/kafka_2.13-3.5.1/airflow-env/lib64/python3.11/site-packages/airflow/example_dags/example_trigger_controller_dag.py took 0.098 seconds
[2023-10-07T04:46:26.979+0530] {processor.py:157} INFO - Started process (PID=10873) to work on /home/raj/Downloads/kafka_2.13-3.5.1/airflow-env/lib64/python3.11/site-packages/airflow/example_dags/example_trigger_controller_dag.py
[2023-10-07T04:46:26.989+0530] {processor.py:829} INFO - Processing file /home/raj/Downloads/kafka_2.13-3.5.1/airflow-env/lib64/python3.11/site-packages/airflow/example_dags/example_trigger_controller_dag.py for tasks to queue
[2023-10-07T04:46:26.990+0530] {logging_mixin.py:151} INFO - [2023-10-07T04:46:26.990+0530] {dagbag.py:539} INFO - Filling up the DagBag from /home/raj/Downloads/kafka_2.13-3.5.1/airflow-env/lib64/python3.11/site-packages/airflow/example_dags/example_trigger_controller_dag.py
[2023-10-07T04:46:26.996+0530] {processor.py:839} INFO - DAG(s) dict_keys(['example_trigger_controller_dag']) retrieved from /home/raj/Downloads/kafka_2.13-3.5.1/airflow-env/lib64/python3.11/site-packages/airflow/example_dags/example_trigger_controller_dag.py
[2023-10-07T04:46:27.013+0530] {logging_mixin.py:151} INFO - [2023-10-07T04:46:27.013+0530] {dag.py:2915} INFO - Sync 1 DAGs
[2023-10-07T04:46:27.033+0530] {logging_mixin.py:151} INFO - [2023-10-07T04:46:27.032+0530] {dag.py:3696} INFO - Setting next_dagrun for example_trigger_controller_dag to 2021-01-01T00:00:00+00:00, run_after=2021-01-01T00:00:00+00:00
[2023-10-07T04:46:27.053+0530] {processor.py:179} INFO - Processing /home/raj/Downloads/kafka_2.13-3.5.1/airflow-env/lib64/python3.11/site-packages/airflow/example_dags/example_trigger_controller_dag.py took 0.077 seconds
[2023-10-07T04:47:20.211+0530] {processor.py:157} INFO - Started process (PID=10971) to work on /home/raj/Downloads/kafka_2.13-3.5.1/airflow-env/lib64/python3.11/site-packages/airflow/example_dags/example_trigger_controller_dag.py
[2023-10-07T04:47:20.222+0530] {processor.py:829} INFO - Processing file /home/raj/Downloads/kafka_2.13-3.5.1/airflow-env/lib64/python3.11/site-packages/airflow/example_dags/example_trigger_controller_dag.py for tasks to queue
[2023-10-07T04:47:20.224+0530] {logging_mixin.py:151} INFO - [2023-10-07T04:47:20.223+0530] {dagbag.py:539} INFO - Filling up the DagBag from /home/raj/Downloads/kafka_2.13-3.5.1/airflow-env/lib64/python3.11/site-packages/airflow/example_dags/example_trigger_controller_dag.py
[2023-10-07T04:47:20.232+0530] {processor.py:839} INFO - DAG(s) dict_keys(['example_trigger_controller_dag']) retrieved from /home/raj/Downloads/kafka_2.13-3.5.1/airflow-env/lib64/python3.11/site-packages/airflow/example_dags/example_trigger_controller_dag.py
[2023-10-07T04:47:20.264+0530] {logging_mixin.py:151} INFO - [2023-10-07T04:47:20.263+0530] {dag.py:2915} INFO - Sync 1 DAGs
[2023-10-07T04:47:20.282+0530] {logging_mixin.py:151} INFO - [2023-10-07T04:47:20.282+0530] {dag.py:3696} INFO - Setting next_dagrun for example_trigger_controller_dag to 2021-01-01T00:00:00+00:00, run_after=2021-01-01T00:00:00+00:00
[2023-10-07T04:47:20.299+0530] {processor.py:179} INFO - Processing /home/raj/Downloads/kafka_2.13-3.5.1/airflow-env/lib64/python3.11/site-packages/airflow/example_dags/example_trigger_controller_dag.py took 0.094 seconds
[2023-10-07T04:48:08.757+0530] {processor.py:157} INFO - Started process (PID=11061) to work on /home/raj/Downloads/kafka_2.13-3.5.1/airflow-env/lib64/python3.11/site-packages/airflow/example_dags/example_trigger_controller_dag.py
[2023-10-07T04:48:08.758+0530] {processor.py:829} INFO - Processing file /home/raj/Downloads/kafka_2.13-3.5.1/airflow-env/lib64/python3.11/site-packages/airflow/example_dags/example_trigger_controller_dag.py for tasks to queue
[2023-10-07T04:48:08.760+0530] {logging_mixin.py:151} INFO - [2023-10-07T04:48:08.759+0530] {dagbag.py:539} INFO - Filling up the DagBag from /home/raj/Downloads/kafka_2.13-3.5.1/airflow-env/lib64/python3.11/site-packages/airflow/example_dags/example_trigger_controller_dag.py
[2023-10-07T04:48:08.764+0530] {processor.py:839} INFO - DAG(s) dict_keys(['example_trigger_controller_dag']) retrieved from /home/raj/Downloads/kafka_2.13-3.5.1/airflow-env/lib64/python3.11/site-packages/airflow/example_dags/example_trigger_controller_dag.py
[2023-10-07T04:48:08.778+0530] {logging_mixin.py:151} INFO - [2023-10-07T04:48:08.778+0530] {dag.py:2915} INFO - Sync 1 DAGs
[2023-10-07T04:48:08.794+0530] {logging_mixin.py:151} INFO - [2023-10-07T04:48:08.793+0530] {dag.py:3696} INFO - Setting next_dagrun for example_trigger_controller_dag to 2021-01-01T00:00:00+00:00, run_after=2021-01-01T00:00:00+00:00
[2023-10-07T04:48:08.813+0530] {processor.py:179} INFO - Processing /home/raj/Downloads/kafka_2.13-3.5.1/airflow-env/lib64/python3.11/site-packages/airflow/example_dags/example_trigger_controller_dag.py took 0.060 seconds
[2023-10-07T04:49:02.807+0530] {processor.py:157} INFO - Started process (PID=11183) to work on /home/raj/Downloads/kafka_2.13-3.5.1/airflow-env/lib64/python3.11/site-packages/airflow/example_dags/example_trigger_controller_dag.py
[2023-10-07T04:49:02.818+0530] {processor.py:829} INFO - Processing file /home/raj/Downloads/kafka_2.13-3.5.1/airflow-env/lib64/python3.11/site-packages/airflow/example_dags/example_trigger_controller_dag.py for tasks to queue
[2023-10-07T04:49:02.820+0530] {logging_mixin.py:151} INFO - [2023-10-07T04:49:02.819+0530] {dagbag.py:539} INFO - Filling up the DagBag from /home/raj/Downloads/kafka_2.13-3.5.1/airflow-env/lib64/python3.11/site-packages/airflow/example_dags/example_trigger_controller_dag.py
[2023-10-07T04:49:02.824+0530] {processor.py:839} INFO - DAG(s) dict_keys(['example_trigger_controller_dag']) retrieved from /home/raj/Downloads/kafka_2.13-3.5.1/airflow-env/lib64/python3.11/site-packages/airflow/example_dags/example_trigger_controller_dag.py
[2023-10-07T04:49:02.839+0530] {logging_mixin.py:151} INFO - [2023-10-07T04:49:02.839+0530] {dag.py:2915} INFO - Sync 1 DAGs
[2023-10-07T04:49:02.858+0530] {logging_mixin.py:151} INFO - [2023-10-07T04:49:02.858+0530] {dag.py:3696} INFO - Setting next_dagrun for example_trigger_controller_dag to 2021-01-01T00:00:00+00:00, run_after=2021-01-01T00:00:00+00:00
[2023-10-07T04:49:02.881+0530] {processor.py:179} INFO - Processing /home/raj/Downloads/kafka_2.13-3.5.1/airflow-env/lib64/python3.11/site-packages/airflow/example_dags/example_trigger_controller_dag.py took 0.076 seconds
[2023-10-07T04:49:41.141+0530] {processor.py:157} INFO - Started process (PID=11255) to work on /home/raj/Downloads/kafka_2.13-3.5.1/airflow-env/lib64/python3.11/site-packages/airflow/example_dags/example_trigger_controller_dag.py
[2023-10-07T04:49:41.143+0530] {processor.py:829} INFO - Processing file /home/raj/Downloads/kafka_2.13-3.5.1/airflow-env/lib64/python3.11/site-packages/airflow/example_dags/example_trigger_controller_dag.py for tasks to queue
[2023-10-07T04:49:41.145+0530] {logging_mixin.py:151} INFO - [2023-10-07T04:49:41.144+0530] {dagbag.py:539} INFO - Filling up the DagBag from /home/raj/Downloads/kafka_2.13-3.5.1/airflow-env/lib64/python3.11/site-packages/airflow/example_dags/example_trigger_controller_dag.py
[2023-10-07T04:49:41.154+0530] {processor.py:839} INFO - DAG(s) dict_keys(['example_trigger_controller_dag']) retrieved from /home/raj/Downloads/kafka_2.13-3.5.1/airflow-env/lib64/python3.11/site-packages/airflow/example_dags/example_trigger_controller_dag.py
[2023-10-07T04:49:41.181+0530] {logging_mixin.py:151} INFO - [2023-10-07T04:49:41.181+0530] {dag.py:2915} INFO - Sync 1 DAGs
[2023-10-07T04:49:41.199+0530] {logging_mixin.py:151} INFO - [2023-10-07T04:49:41.199+0530] {dag.py:3696} INFO - Setting next_dagrun for example_trigger_controller_dag to 2021-01-01T00:00:00+00:00, run_after=2021-01-01T00:00:00+00:00
[2023-10-07T04:49:41.220+0530] {processor.py:179} INFO - Processing /home/raj/Downloads/kafka_2.13-3.5.1/airflow-env/lib64/python3.11/site-packages/airflow/example_dags/example_trigger_controller_dag.py took 0.083 seconds
[2023-10-07T04:50:18.584+0530] {processor.py:157} INFO - Started process (PID=11315) to work on /home/raj/Downloads/kafka_2.13-3.5.1/airflow-env/lib64/python3.11/site-packages/airflow/example_dags/example_trigger_controller_dag.py
[2023-10-07T04:50:18.595+0530] {processor.py:829} INFO - Processing file /home/raj/Downloads/kafka_2.13-3.5.1/airflow-env/lib64/python3.11/site-packages/airflow/example_dags/example_trigger_controller_dag.py for tasks to queue
[2023-10-07T04:50:18.596+0530] {logging_mixin.py:151} INFO - [2023-10-07T04:50:18.596+0530] {dagbag.py:539} INFO - Filling up the DagBag from /home/raj/Downloads/kafka_2.13-3.5.1/airflow-env/lib64/python3.11/site-packages/airflow/example_dags/example_trigger_controller_dag.py
[2023-10-07T04:50:18.605+0530] {processor.py:839} INFO - DAG(s) dict_keys(['example_trigger_controller_dag']) retrieved from /home/raj/Downloads/kafka_2.13-3.5.1/airflow-env/lib64/python3.11/site-packages/airflow/example_dags/example_trigger_controller_dag.py
[2023-10-07T04:50:18.638+0530] {logging_mixin.py:151} INFO - [2023-10-07T04:50:18.638+0530] {dag.py:2915} INFO - Sync 1 DAGs
[2023-10-07T04:50:18.655+0530] {logging_mixin.py:151} INFO - [2023-10-07T04:50:18.655+0530] {dag.py:3696} INFO - Setting next_dagrun for example_trigger_controller_dag to 2021-01-01T00:00:00+00:00, run_after=2021-01-01T00:00:00+00:00
[2023-10-07T04:50:18.673+0530] {processor.py:179} INFO - Processing /home/raj/Downloads/kafka_2.13-3.5.1/airflow-env/lib64/python3.11/site-packages/airflow/example_dags/example_trigger_controller_dag.py took 0.095 seconds
[2023-10-07T04:51:07.537+0530] {processor.py:157} INFO - Started process (PID=11423) to work on /home/raj/Downloads/kafka_2.13-3.5.1/airflow-env/lib64/python3.11/site-packages/airflow/example_dags/example_trigger_controller_dag.py
[2023-10-07T04:51:07.548+0530] {processor.py:829} INFO - Processing file /home/raj/Downloads/kafka_2.13-3.5.1/airflow-env/lib64/python3.11/site-packages/airflow/example_dags/example_trigger_controller_dag.py for tasks to queue
[2023-10-07T04:51:07.550+0530] {logging_mixin.py:151} INFO - [2023-10-07T04:51:07.549+0530] {dagbag.py:539} INFO - Filling up the DagBag from /home/raj/Downloads/kafka_2.13-3.5.1/airflow-env/lib64/python3.11/site-packages/airflow/example_dags/example_trigger_controller_dag.py
[2023-10-07T04:51:07.555+0530] {processor.py:839} INFO - DAG(s) dict_keys(['example_trigger_controller_dag']) retrieved from /home/raj/Downloads/kafka_2.13-3.5.1/airflow-env/lib64/python3.11/site-packages/airflow/example_dags/example_trigger_controller_dag.py
[2023-10-07T04:51:07.568+0530] {logging_mixin.py:151} INFO - [2023-10-07T04:51:07.568+0530] {dag.py:2915} INFO - Sync 1 DAGs
[2023-10-07T04:51:07.585+0530] {logging_mixin.py:151} INFO - [2023-10-07T04:51:07.585+0530] {dag.py:3696} INFO - Setting next_dagrun for example_trigger_controller_dag to 2021-01-01T00:00:00+00:00, run_after=2021-01-01T00:00:00+00:00
[2023-10-07T04:51:07.602+0530] {processor.py:179} INFO - Processing /home/raj/Downloads/kafka_2.13-3.5.1/airflow-env/lib64/python3.11/site-packages/airflow/example_dags/example_trigger_controller_dag.py took 0.070 seconds
[2023-10-07T04:52:01.653+0530] {processor.py:157} INFO - Started process (PID=11505) to work on /home/raj/Downloads/kafka_2.13-3.5.1/airflow-env/lib64/python3.11/site-packages/airflow/example_dags/example_trigger_controller_dag.py
[2023-10-07T04:52:01.664+0530] {processor.py:829} INFO - Processing file /home/raj/Downloads/kafka_2.13-3.5.1/airflow-env/lib64/python3.11/site-packages/airflow/example_dags/example_trigger_controller_dag.py for tasks to queue
[2023-10-07T04:52:01.665+0530] {logging_mixin.py:151} INFO - [2023-10-07T04:52:01.665+0530] {dagbag.py:539} INFO - Filling up the DagBag from /home/raj/Downloads/kafka_2.13-3.5.1/airflow-env/lib64/python3.11/site-packages/airflow/example_dags/example_trigger_controller_dag.py
[2023-10-07T04:52:01.670+0530] {processor.py:839} INFO - DAG(s) dict_keys(['example_trigger_controller_dag']) retrieved from /home/raj/Downloads/kafka_2.13-3.5.1/airflow-env/lib64/python3.11/site-packages/airflow/example_dags/example_trigger_controller_dag.py
[2023-10-07T04:52:01.686+0530] {logging_mixin.py:151} INFO - [2023-10-07T04:52:01.686+0530] {dag.py:2915} INFO - Sync 1 DAGs
[2023-10-07T04:52:01.705+0530] {logging_mixin.py:151} INFO - [2023-10-07T04:52:01.705+0530] {dag.py:3696} INFO - Setting next_dagrun for example_trigger_controller_dag to 2021-01-01T00:00:00+00:00, run_after=2021-01-01T00:00:00+00:00
[2023-10-07T04:52:01.729+0530] {processor.py:179} INFO - Processing /home/raj/Downloads/kafka_2.13-3.5.1/airflow-env/lib64/python3.11/site-packages/airflow/example_dags/example_trigger_controller_dag.py took 0.078 seconds
[2023-10-07T04:52:54.242+0530] {processor.py:157} INFO - Started process (PID=11766) to work on /home/raj/Downloads/kafka_2.13-3.5.1/airflow-env/lib64/python3.11/site-packages/airflow/example_dags/example_trigger_controller_dag.py
[2023-10-07T04:52:54.254+0530] {processor.py:829} INFO - Processing file /home/raj/Downloads/kafka_2.13-3.5.1/airflow-env/lib64/python3.11/site-packages/airflow/example_dags/example_trigger_controller_dag.py for tasks to queue
[2023-10-07T04:52:54.255+0530] {logging_mixin.py:151} INFO - [2023-10-07T04:52:54.254+0530] {dagbag.py:539} INFO - Filling up the DagBag from /home/raj/Downloads/kafka_2.13-3.5.1/airflow-env/lib64/python3.11/site-packages/airflow/example_dags/example_trigger_controller_dag.py
[2023-10-07T04:52:54.264+0530] {processor.py:839} INFO - DAG(s) dict_keys(['example_trigger_controller_dag']) retrieved from /home/raj/Downloads/kafka_2.13-3.5.1/airflow-env/lib64/python3.11/site-packages/airflow/example_dags/example_trigger_controller_dag.py
[2023-10-07T04:52:54.294+0530] {logging_mixin.py:151} INFO - [2023-10-07T04:52:54.294+0530] {dag.py:2915} INFO - Sync 1 DAGs
[2023-10-07T04:52:54.313+0530] {logging_mixin.py:151} INFO - [2023-10-07T04:52:54.313+0530] {dag.py:3696} INFO - Setting next_dagrun for example_trigger_controller_dag to 2021-01-01T00:00:00+00:00, run_after=2021-01-01T00:00:00+00:00
[2023-10-07T04:52:54.330+0530] {processor.py:179} INFO - Processing /home/raj/Downloads/kafka_2.13-3.5.1/airflow-env/lib64/python3.11/site-packages/airflow/example_dags/example_trigger_controller_dag.py took 0.093 seconds
[2023-10-07T04:53:38.846+0530] {processor.py:157} INFO - Started process (PID=11926) to work on /home/raj/Downloads/kafka_2.13-3.5.1/airflow-env/lib64/python3.11/site-packages/airflow/example_dags/example_trigger_controller_dag.py
[2023-10-07T04:53:38.858+0530] {processor.py:829} INFO - Processing file /home/raj/Downloads/kafka_2.13-3.5.1/airflow-env/lib64/python3.11/site-packages/airflow/example_dags/example_trigger_controller_dag.py for tasks to queue
[2023-10-07T04:53:38.859+0530] {logging_mixin.py:151} INFO - [2023-10-07T04:53:38.858+0530] {dagbag.py:539} INFO - Filling up the DagBag from /home/raj/Downloads/kafka_2.13-3.5.1/airflow-env/lib64/python3.11/site-packages/airflow/example_dags/example_trigger_controller_dag.py
[2023-10-07T04:53:38.867+0530] {processor.py:839} INFO - DAG(s) dict_keys(['example_trigger_controller_dag']) retrieved from /home/raj/Downloads/kafka_2.13-3.5.1/airflow-env/lib64/python3.11/site-packages/airflow/example_dags/example_trigger_controller_dag.py
[2023-10-07T04:53:38.899+0530] {logging_mixin.py:151} INFO - [2023-10-07T04:53:38.899+0530] {dag.py:2915} INFO - Sync 1 DAGs
[2023-10-07T04:53:38.917+0530] {logging_mixin.py:151} INFO - [2023-10-07T04:53:38.917+0530] {dag.py:3696} INFO - Setting next_dagrun for example_trigger_controller_dag to 2021-01-01T00:00:00+00:00, run_after=2021-01-01T00:00:00+00:00
[2023-10-07T04:53:38.938+0530] {processor.py:179} INFO - Processing /home/raj/Downloads/kafka_2.13-3.5.1/airflow-env/lib64/python3.11/site-packages/airflow/example_dags/example_trigger_controller_dag.py took 0.097 seconds
[2023-10-07T04:54:28.410+0530] {processor.py:157} INFO - Started process (PID=11997) to work on /home/raj/Downloads/kafka_2.13-3.5.1/airflow-env/lib64/python3.11/site-packages/airflow/example_dags/example_trigger_controller_dag.py
[2023-10-07T04:54:28.421+0530] {processor.py:829} INFO - Processing file /home/raj/Downloads/kafka_2.13-3.5.1/airflow-env/lib64/python3.11/site-packages/airflow/example_dags/example_trigger_controller_dag.py for tasks to queue
[2023-10-07T04:54:28.423+0530] {logging_mixin.py:151} INFO - [2023-10-07T04:54:28.422+0530] {dagbag.py:539} INFO - Filling up the DagBag from /home/raj/Downloads/kafka_2.13-3.5.1/airflow-env/lib64/python3.11/site-packages/airflow/example_dags/example_trigger_controller_dag.py
[2023-10-07T04:54:28.431+0530] {processor.py:839} INFO - DAG(s) dict_keys(['example_trigger_controller_dag']) retrieved from /home/raj/Downloads/kafka_2.13-3.5.1/airflow-env/lib64/python3.11/site-packages/airflow/example_dags/example_trigger_controller_dag.py
[2023-10-07T04:54:28.456+0530] {logging_mixin.py:151} INFO - [2023-10-07T04:54:28.456+0530] {dag.py:2915} INFO - Sync 1 DAGs
[2023-10-07T04:54:28.479+0530] {logging_mixin.py:151} INFO - [2023-10-07T04:54:28.479+0530] {dag.py:3696} INFO - Setting next_dagrun for example_trigger_controller_dag to 2021-01-01T00:00:00+00:00, run_after=2021-01-01T00:00:00+00:00
[2023-10-07T04:54:28.496+0530] {processor.py:179} INFO - Processing /home/raj/Downloads/kafka_2.13-3.5.1/airflow-env/lib64/python3.11/site-packages/airflow/example_dags/example_trigger_controller_dag.py took 0.091 seconds
[2023-10-07T04:55:04.290+0530] {processor.py:157} INFO - Started process (PID=12098) to work on /home/raj/Downloads/kafka_2.13-3.5.1/airflow-env/lib64/python3.11/site-packages/airflow/example_dags/example_trigger_controller_dag.py
[2023-10-07T04:55:04.301+0530] {processor.py:829} INFO - Processing file /home/raj/Downloads/kafka_2.13-3.5.1/airflow-env/lib64/python3.11/site-packages/airflow/example_dags/example_trigger_controller_dag.py for tasks to queue
[2023-10-07T04:55:04.303+0530] {logging_mixin.py:151} INFO - [2023-10-07T04:55:04.302+0530] {dagbag.py:539} INFO - Filling up the DagBag from /home/raj/Downloads/kafka_2.13-3.5.1/airflow-env/lib64/python3.11/site-packages/airflow/example_dags/example_trigger_controller_dag.py
[2023-10-07T04:55:04.310+0530] {processor.py:839} INFO - DAG(s) dict_keys(['example_trigger_controller_dag']) retrieved from /home/raj/Downloads/kafka_2.13-3.5.1/airflow-env/lib64/python3.11/site-packages/airflow/example_dags/example_trigger_controller_dag.py
[2023-10-07T04:55:04.326+0530] {logging_mixin.py:151} INFO - [2023-10-07T04:55:04.326+0530] {dag.py:2915} INFO - Sync 1 DAGs
[2023-10-07T04:55:04.356+0530] {logging_mixin.py:151} INFO - [2023-10-07T04:55:04.356+0530] {dag.py:3696} INFO - Setting next_dagrun for example_trigger_controller_dag to 2021-01-01T00:00:00+00:00, run_after=2021-01-01T00:00:00+00:00
[2023-10-07T04:55:04.377+0530] {processor.py:179} INFO - Processing /home/raj/Downloads/kafka_2.13-3.5.1/airflow-env/lib64/python3.11/site-packages/airflow/example_dags/example_trigger_controller_dag.py took 0.093 seconds
[2023-10-07T04:55:40.252+0530] {processor.py:157} INFO - Started process (PID=12206) to work on /home/raj/Downloads/kafka_2.13-3.5.1/airflow-env/lib64/python3.11/site-packages/airflow/example_dags/example_trigger_controller_dag.py
[2023-10-07T04:55:40.263+0530] {processor.py:829} INFO - Processing file /home/raj/Downloads/kafka_2.13-3.5.1/airflow-env/lib64/python3.11/site-packages/airflow/example_dags/example_trigger_controller_dag.py for tasks to queue
[2023-10-07T04:55:40.265+0530] {logging_mixin.py:151} INFO - [2023-10-07T04:55:40.264+0530] {dagbag.py:539} INFO - Filling up the DagBag from /home/raj/Downloads/kafka_2.13-3.5.1/airflow-env/lib64/python3.11/site-packages/airflow/example_dags/example_trigger_controller_dag.py
[2023-10-07T04:55:40.270+0530] {processor.py:839} INFO - DAG(s) dict_keys(['example_trigger_controller_dag']) retrieved from /home/raj/Downloads/kafka_2.13-3.5.1/airflow-env/lib64/python3.11/site-packages/airflow/example_dags/example_trigger_controller_dag.py
[2023-10-07T04:55:40.290+0530] {logging_mixin.py:151} INFO - [2023-10-07T04:55:40.290+0530] {dag.py:2915} INFO - Sync 1 DAGs
[2023-10-07T04:55:40.315+0530] {logging_mixin.py:151} INFO - [2023-10-07T04:55:40.315+0530] {dag.py:3696} INFO - Setting next_dagrun for example_trigger_controller_dag to 2021-01-01T00:00:00+00:00, run_after=2021-01-01T00:00:00+00:00
[2023-10-07T04:55:40.339+0530] {processor.py:179} INFO - Processing /home/raj/Downloads/kafka_2.13-3.5.1/airflow-env/lib64/python3.11/site-packages/airflow/example_dags/example_trigger_controller_dag.py took 0.091 seconds
[2023-10-07T04:56:26.213+0530] {processor.py:157} INFO - Started process (PID=12272) to work on /home/raj/Downloads/kafka_2.13-3.5.1/airflow-env/lib64/python3.11/site-packages/airflow/example_dags/example_trigger_controller_dag.py
[2023-10-07T04:56:26.224+0530] {processor.py:829} INFO - Processing file /home/raj/Downloads/kafka_2.13-3.5.1/airflow-env/lib64/python3.11/site-packages/airflow/example_dags/example_trigger_controller_dag.py for tasks to queue
[2023-10-07T04:56:26.226+0530] {logging_mixin.py:151} INFO - [2023-10-07T04:56:26.225+0530] {dagbag.py:539} INFO - Filling up the DagBag from /home/raj/Downloads/kafka_2.13-3.5.1/airflow-env/lib64/python3.11/site-packages/airflow/example_dags/example_trigger_controller_dag.py
[2023-10-07T04:56:26.235+0530] {processor.py:839} INFO - DAG(s) dict_keys(['example_trigger_controller_dag']) retrieved from /home/raj/Downloads/kafka_2.13-3.5.1/airflow-env/lib64/python3.11/site-packages/airflow/example_dags/example_trigger_controller_dag.py
[2023-10-07T04:56:26.255+0530] {logging_mixin.py:151} INFO - [2023-10-07T04:56:26.255+0530] {dag.py:2915} INFO - Sync 1 DAGs
[2023-10-07T04:56:26.278+0530] {logging_mixin.py:151} INFO - [2023-10-07T04:56:26.278+0530] {dag.py:3696} INFO - Setting next_dagrun for example_trigger_controller_dag to 2021-01-01T00:00:00+00:00, run_after=2021-01-01T00:00:00+00:00
[2023-10-07T04:56:26.301+0530] {processor.py:179} INFO - Processing /home/raj/Downloads/kafka_2.13-3.5.1/airflow-env/lib64/python3.11/site-packages/airflow/example_dags/example_trigger_controller_dag.py took 0.090 seconds
[2023-10-07T04:57:12.289+0530] {processor.py:157} INFO - Started process (PID=12392) to work on /home/raj/Downloads/kafka_2.13-3.5.1/airflow-env/lib64/python3.11/site-packages/airflow/example_dags/example_trigger_controller_dag.py
[2023-10-07T04:57:12.300+0530] {processor.py:829} INFO - Processing file /home/raj/Downloads/kafka_2.13-3.5.1/airflow-env/lib64/python3.11/site-packages/airflow/example_dags/example_trigger_controller_dag.py for tasks to queue
[2023-10-07T04:57:12.301+0530] {logging_mixin.py:151} INFO - [2023-10-07T04:57:12.301+0530] {dagbag.py:539} INFO - Filling up the DagBag from /home/raj/Downloads/kafka_2.13-3.5.1/airflow-env/lib64/python3.11/site-packages/airflow/example_dags/example_trigger_controller_dag.py
[2023-10-07T04:57:12.309+0530] {processor.py:839} INFO - DAG(s) dict_keys(['example_trigger_controller_dag']) retrieved from /home/raj/Downloads/kafka_2.13-3.5.1/airflow-env/lib64/python3.11/site-packages/airflow/example_dags/example_trigger_controller_dag.py
[2023-10-07T04:57:12.342+0530] {logging_mixin.py:151} INFO - [2023-10-07T04:57:12.341+0530] {dag.py:2915} INFO - Sync 1 DAGs
[2023-10-07T04:57:12.360+0530] {logging_mixin.py:151} INFO - [2023-10-07T04:57:12.360+0530] {dag.py:3696} INFO - Setting next_dagrun for example_trigger_controller_dag to 2021-01-01T00:00:00+00:00, run_after=2021-01-01T00:00:00+00:00
[2023-10-07T04:57:12.380+0530] {processor.py:179} INFO - Processing /home/raj/Downloads/kafka_2.13-3.5.1/airflow-env/lib64/python3.11/site-packages/airflow/example_dags/example_trigger_controller_dag.py took 0.096 seconds
[2023-10-07T04:58:01.703+0530] {processor.py:157} INFO - Started process (PID=12497) to work on /home/raj/Downloads/kafka_2.13-3.5.1/airflow-env/lib64/python3.11/site-packages/airflow/example_dags/example_trigger_controller_dag.py
[2023-10-07T04:58:01.714+0530] {processor.py:829} INFO - Processing file /home/raj/Downloads/kafka_2.13-3.5.1/airflow-env/lib64/python3.11/site-packages/airflow/example_dags/example_trigger_controller_dag.py for tasks to queue
[2023-10-07T04:58:01.716+0530] {logging_mixin.py:151} INFO - [2023-10-07T04:58:01.715+0530] {dagbag.py:539} INFO - Filling up the DagBag from /home/raj/Downloads/kafka_2.13-3.5.1/airflow-env/lib64/python3.11/site-packages/airflow/example_dags/example_trigger_controller_dag.py
[2023-10-07T04:58:01.724+0530] {processor.py:839} INFO - DAG(s) dict_keys(['example_trigger_controller_dag']) retrieved from /home/raj/Downloads/kafka_2.13-3.5.1/airflow-env/lib64/python3.11/site-packages/airflow/example_dags/example_trigger_controller_dag.py
[2023-10-07T04:58:01.754+0530] {logging_mixin.py:151} INFO - [2023-10-07T04:58:01.754+0530] {dag.py:2915} INFO - Sync 1 DAGs
[2023-10-07T04:58:01.774+0530] {logging_mixin.py:151} INFO - [2023-10-07T04:58:01.774+0530] {dag.py:3696} INFO - Setting next_dagrun for example_trigger_controller_dag to 2021-01-01T00:00:00+00:00, run_after=2021-01-01T00:00:00+00:00
[2023-10-07T04:58:01.792+0530] {processor.py:179} INFO - Processing /home/raj/Downloads/kafka_2.13-3.5.1/airflow-env/lib64/python3.11/site-packages/airflow/example_dags/example_trigger_controller_dag.py took 0.093 seconds
[2023-10-07T04:58:53.729+0530] {processor.py:157} INFO - Started process (PID=12626) to work on /home/raj/Downloads/kafka_2.13-3.5.1/airflow-env/lib64/python3.11/site-packages/airflow/example_dags/example_trigger_controller_dag.py
[2023-10-07T04:58:53.740+0530] {processor.py:829} INFO - Processing file /home/raj/Downloads/kafka_2.13-3.5.1/airflow-env/lib64/python3.11/site-packages/airflow/example_dags/example_trigger_controller_dag.py for tasks to queue
[2023-10-07T04:58:53.742+0530] {logging_mixin.py:151} INFO - [2023-10-07T04:58:53.741+0530] {dagbag.py:539} INFO - Filling up the DagBag from /home/raj/Downloads/kafka_2.13-3.5.1/airflow-env/lib64/python3.11/site-packages/airflow/example_dags/example_trigger_controller_dag.py
[2023-10-07T04:58:53.750+0530] {processor.py:839} INFO - DAG(s) dict_keys(['example_trigger_controller_dag']) retrieved from /home/raj/Downloads/kafka_2.13-3.5.1/airflow-env/lib64/python3.11/site-packages/airflow/example_dags/example_trigger_controller_dag.py
[2023-10-07T04:58:53.778+0530] {logging_mixin.py:151} INFO - [2023-10-07T04:58:53.778+0530] {dag.py:2915} INFO - Sync 1 DAGs
[2023-10-07T04:58:53.798+0530] {logging_mixin.py:151} INFO - [2023-10-07T04:58:53.798+0530] {dag.py:3696} INFO - Setting next_dagrun for example_trigger_controller_dag to 2021-01-01T00:00:00+00:00, run_after=2021-01-01T00:00:00+00:00
[2023-10-07T04:58:53.815+0530] {processor.py:179} INFO - Processing /home/raj/Downloads/kafka_2.13-3.5.1/airflow-env/lib64/python3.11/site-packages/airflow/example_dags/example_trigger_controller_dag.py took 0.090 seconds
