[2023-10-07T03:59:48.132+0530] {processor.py:157} INFO - Started process (PID=18036) to work on /home/raj/Downloads/kafka_2.13-3.5.1/airflow-env/lib64/python3.11/site-packages/airflow/example_dags/example_short_circuit_operator.py
[2023-10-07T03:59:48.134+0530] {processor.py:829} INFO - Processing file /home/raj/Downloads/kafka_2.13-3.5.1/airflow-env/lib64/python3.11/site-packages/airflow/example_dags/example_short_circuit_operator.py for tasks to queue
[2023-10-07T03:59:48.135+0530] {logging_mixin.py:151} INFO - [2023-10-07T03:59:48.135+0530] {dagbag.py:539} INFO - Filling up the DagBag from /home/raj/Downloads/kafka_2.13-3.5.1/airflow-env/lib64/python3.11/site-packages/airflow/example_dags/example_short_circuit_operator.py
[2023-10-07T03:59:48.153+0530] {processor.py:839} INFO - DAG(s) dict_keys(['example_short_circuit_operator']) retrieved from /home/raj/Downloads/kafka_2.13-3.5.1/airflow-env/lib64/python3.11/site-packages/airflow/example_dags/example_short_circuit_operator.py
[2023-10-07T03:59:48.278+0530] {logging_mixin.py:151} INFO - [2023-10-07T03:59:48.278+0530] {manager.py:499} INFO - Created Permission View: %s
[2023-10-07T03:59:48.291+0530] {logging_mixin.py:151} INFO - [2023-10-07T03:59:48.291+0530] {manager.py:499} INFO - Created Permission View: %s
[2023-10-07T03:59:48.299+0530] {logging_mixin.py:151} INFO - [2023-10-07T03:59:48.299+0530] {manager.py:499} INFO - Created Permission View: %s
[2023-10-07T03:59:48.300+0530] {logging_mixin.py:151} INFO - [2023-10-07T03:59:48.299+0530] {security.py:708} INFO - Not syncing DAG-level permissions for DAG 'DAG:example_short_circuit_operator' as access control is unset.
[2023-10-07T03:59:48.300+0530] {logging_mixin.py:151} INFO - [2023-10-07T03:59:48.300+0530] {dag.py:2915} INFO - Sync 1 DAGs
[2023-10-07T03:59:48.310+0530] {logging_mixin.py:151} INFO - [2023-10-07T03:59:48.310+0530] {dag.py:2937} INFO - Creating ORM DAG for example_short_circuit_operator
[2023-10-07T03:59:48.322+0530] {logging_mixin.py:151} INFO - [2023-10-07T03:59:48.322+0530] {dag.py:3696} INFO - Setting next_dagrun for example_short_circuit_operator to 2023-10-05T22:29:48.322140+00:00, run_after=2023-10-06T22:29:48.322140+00:00
[2023-10-07T03:59:48.343+0530] {processor.py:179} INFO - Processing /home/raj/Downloads/kafka_2.13-3.5.1/airflow-env/lib64/python3.11/site-packages/airflow/example_dags/example_short_circuit_operator.py took 0.217 seconds
[2023-10-07T04:00:39.330+0530] {processor.py:157} INFO - Started process (PID=18148) to work on /home/raj/Downloads/kafka_2.13-3.5.1/airflow-env/lib64/python3.11/site-packages/airflow/example_dags/example_short_circuit_operator.py
[2023-10-07T04:00:39.331+0530] {processor.py:829} INFO - Processing file /home/raj/Downloads/kafka_2.13-3.5.1/airflow-env/lib64/python3.11/site-packages/airflow/example_dags/example_short_circuit_operator.py for tasks to queue
[2023-10-07T04:00:39.332+0530] {logging_mixin.py:151} INFO - [2023-10-07T04:00:39.331+0530] {dagbag.py:539} INFO - Filling up the DagBag from /home/raj/Downloads/kafka_2.13-3.5.1/airflow-env/lib64/python3.11/site-packages/airflow/example_dags/example_short_circuit_operator.py
[2023-10-07T04:00:39.340+0530] {processor.py:839} INFO - DAG(s) dict_keys(['example_short_circuit_operator']) retrieved from /home/raj/Downloads/kafka_2.13-3.5.1/airflow-env/lib64/python3.11/site-packages/airflow/example_dags/example_short_circuit_operator.py
[2023-10-07T04:00:39.361+0530] {logging_mixin.py:151} INFO - [2023-10-07T04:00:39.361+0530] {dag.py:2915} INFO - Sync 1 DAGs
[2023-10-07T04:00:39.381+0530] {logging_mixin.py:151} INFO - [2023-10-07T04:00:39.381+0530] {dag.py:3696} INFO - Setting next_dagrun for example_short_circuit_operator to 2023-10-05T22:30:39.380887+00:00, run_after=2023-10-06T22:30:39.380887+00:00
[2023-10-07T04:00:39.417+0530] {processor.py:179} INFO - Processing /home/raj/Downloads/kafka_2.13-3.5.1/airflow-env/lib64/python3.11/site-packages/airflow/example_dags/example_short_circuit_operator.py took 0.089 seconds
[2023-10-07T04:01:26.510+0530] {processor.py:157} INFO - Started process (PID=18289) to work on /home/raj/Downloads/kafka_2.13-3.5.1/airflow-env/lib64/python3.11/site-packages/airflow/example_dags/example_short_circuit_operator.py
[2023-10-07T04:01:26.512+0530] {processor.py:829} INFO - Processing file /home/raj/Downloads/kafka_2.13-3.5.1/airflow-env/lib64/python3.11/site-packages/airflow/example_dags/example_short_circuit_operator.py for tasks to queue
[2023-10-07T04:01:26.513+0530] {logging_mixin.py:151} INFO - [2023-10-07T04:01:26.512+0530] {dagbag.py:539} INFO - Filling up the DagBag from /home/raj/Downloads/kafka_2.13-3.5.1/airflow-env/lib64/python3.11/site-packages/airflow/example_dags/example_short_circuit_operator.py
[2023-10-07T04:01:26.528+0530] {processor.py:839} INFO - DAG(s) dict_keys(['example_short_circuit_operator']) retrieved from /home/raj/Downloads/kafka_2.13-3.5.1/airflow-env/lib64/python3.11/site-packages/airflow/example_dags/example_short_circuit_operator.py
[2023-10-07T04:01:26.553+0530] {logging_mixin.py:151} INFO - [2023-10-07T04:01:26.552+0530] {dag.py:2915} INFO - Sync 1 DAGs
[2023-10-07T04:01:26.568+0530] {logging_mixin.py:151} INFO - [2023-10-07T04:01:26.568+0530] {dag.py:3696} INFO - Setting next_dagrun for example_short_circuit_operator to 2023-10-05T22:31:26.568487+00:00, run_after=2023-10-06T22:31:26.568487+00:00
[2023-10-07T04:01:26.609+0530] {processor.py:179} INFO - Processing /home/raj/Downloads/kafka_2.13-3.5.1/airflow-env/lib64/python3.11/site-packages/airflow/example_dags/example_short_circuit_operator.py took 0.103 seconds
[2023-10-07T04:02:15.236+0530] {processor.py:157} INFO - Started process (PID=18402) to work on /home/raj/Downloads/kafka_2.13-3.5.1/airflow-env/lib64/python3.11/site-packages/airflow/example_dags/example_short_circuit_operator.py
[2023-10-07T04:02:15.248+0530] {processor.py:829} INFO - Processing file /home/raj/Downloads/kafka_2.13-3.5.1/airflow-env/lib64/python3.11/site-packages/airflow/example_dags/example_short_circuit_operator.py for tasks to queue
[2023-10-07T04:02:15.250+0530] {logging_mixin.py:151} INFO - [2023-10-07T04:02:15.249+0530] {dagbag.py:539} INFO - Filling up the DagBag from /home/raj/Downloads/kafka_2.13-3.5.1/airflow-env/lib64/python3.11/site-packages/airflow/example_dags/example_short_circuit_operator.py
[2023-10-07T04:02:15.270+0530] {processor.py:839} INFO - DAG(s) dict_keys(['example_short_circuit_operator']) retrieved from /home/raj/Downloads/kafka_2.13-3.5.1/airflow-env/lib64/python3.11/site-packages/airflow/example_dags/example_short_circuit_operator.py
[2023-10-07T04:02:15.299+0530] {logging_mixin.py:151} INFO - [2023-10-07T04:02:15.298+0530] {dag.py:2915} INFO - Sync 1 DAGs
[2023-10-07T04:02:15.314+0530] {logging_mixin.py:151} INFO - [2023-10-07T04:02:15.314+0530] {dag.py:3696} INFO - Setting next_dagrun for example_short_circuit_operator to 2023-10-05T22:32:15.314338+00:00, run_after=2023-10-06T22:32:15.314338+00:00
[2023-10-07T04:02:15.335+0530] {processor.py:179} INFO - Processing /home/raj/Downloads/kafka_2.13-3.5.1/airflow-env/lib64/python3.11/site-packages/airflow/example_dags/example_short_circuit_operator.py took 0.105 seconds
[2023-10-07T04:03:09.274+0530] {processor.py:157} INFO - Started process (PID=18621) to work on /home/raj/Downloads/kafka_2.13-3.5.1/airflow-env/lib64/python3.11/site-packages/airflow/example_dags/example_short_circuit_operator.py
[2023-10-07T04:03:09.276+0530] {processor.py:829} INFO - Processing file /home/raj/Downloads/kafka_2.13-3.5.1/airflow-env/lib64/python3.11/site-packages/airflow/example_dags/example_short_circuit_operator.py for tasks to queue
[2023-10-07T04:03:09.277+0530] {logging_mixin.py:151} INFO - [2023-10-07T04:03:09.276+0530] {dagbag.py:539} INFO - Filling up the DagBag from /home/raj/Downloads/kafka_2.13-3.5.1/airflow-env/lib64/python3.11/site-packages/airflow/example_dags/example_short_circuit_operator.py
[2023-10-07T04:03:09.289+0530] {processor.py:839} INFO - DAG(s) dict_keys(['example_short_circuit_operator']) retrieved from /home/raj/Downloads/kafka_2.13-3.5.1/airflow-env/lib64/python3.11/site-packages/airflow/example_dags/example_short_circuit_operator.py
[2023-10-07T04:03:09.313+0530] {logging_mixin.py:151} INFO - [2023-10-07T04:03:09.313+0530] {dag.py:2915} INFO - Sync 1 DAGs
[2023-10-07T04:03:09.342+0530] {logging_mixin.py:151} INFO - [2023-10-07T04:03:09.341+0530] {dag.py:3696} INFO - Setting next_dagrun for example_short_circuit_operator to 2023-10-05T22:33:09.341673+00:00, run_after=2023-10-06T22:33:09.341673+00:00
[2023-10-07T04:03:09.374+0530] {processor.py:179} INFO - Processing /home/raj/Downloads/kafka_2.13-3.5.1/airflow-env/lib64/python3.11/site-packages/airflow/example_dags/example_short_circuit_operator.py took 0.104 seconds
[2023-10-07T04:03:54.892+0530] {processor.py:157} INFO - Started process (PID=18692) to work on /home/raj/Downloads/kafka_2.13-3.5.1/airflow-env/lib64/python3.11/site-packages/airflow/example_dags/example_short_circuit_operator.py
[2023-10-07T04:03:54.902+0530] {processor.py:829} INFO - Processing file /home/raj/Downloads/kafka_2.13-3.5.1/airflow-env/lib64/python3.11/site-packages/airflow/example_dags/example_short_circuit_operator.py for tasks to queue
[2023-10-07T04:03:54.903+0530] {logging_mixin.py:151} INFO - [2023-10-07T04:03:54.903+0530] {dagbag.py:539} INFO - Filling up the DagBag from /home/raj/Downloads/kafka_2.13-3.5.1/airflow-env/lib64/python3.11/site-packages/airflow/example_dags/example_short_circuit_operator.py
[2023-10-07T04:03:54.917+0530] {processor.py:839} INFO - DAG(s) dict_keys(['example_short_circuit_operator']) retrieved from /home/raj/Downloads/kafka_2.13-3.5.1/airflow-env/lib64/python3.11/site-packages/airflow/example_dags/example_short_circuit_operator.py
[2023-10-07T04:03:54.932+0530] {logging_mixin.py:151} INFO - [2023-10-07T04:03:54.931+0530] {dag.py:2915} INFO - Sync 1 DAGs
[2023-10-07T04:03:54.948+0530] {logging_mixin.py:151} INFO - [2023-10-07T04:03:54.947+0530] {dag.py:3696} INFO - Setting next_dagrun for example_short_circuit_operator to 2023-10-05T22:33:54.947657+00:00, run_after=2023-10-06T22:33:54.947657+00:00
[2023-10-07T04:03:54.969+0530] {processor.py:179} INFO - Processing /home/raj/Downloads/kafka_2.13-3.5.1/airflow-env/lib64/python3.11/site-packages/airflow/example_dags/example_short_circuit_operator.py took 0.080 seconds
[2023-10-07T04:04:43.808+0530] {processor.py:157} INFO - Started process (PID=18786) to work on /home/raj/Downloads/kafka_2.13-3.5.1/airflow-env/lib64/python3.11/site-packages/airflow/example_dags/example_short_circuit_operator.py
[2023-10-07T04:04:43.819+0530] {processor.py:829} INFO - Processing file /home/raj/Downloads/kafka_2.13-3.5.1/airflow-env/lib64/python3.11/site-packages/airflow/example_dags/example_short_circuit_operator.py for tasks to queue
[2023-10-07T04:04:43.821+0530] {logging_mixin.py:151} INFO - [2023-10-07T04:04:43.820+0530] {dagbag.py:539} INFO - Filling up the DagBag from /home/raj/Downloads/kafka_2.13-3.5.1/airflow-env/lib64/python3.11/site-packages/airflow/example_dags/example_short_circuit_operator.py
[2023-10-07T04:04:43.835+0530] {processor.py:839} INFO - DAG(s) dict_keys(['example_short_circuit_operator']) retrieved from /home/raj/Downloads/kafka_2.13-3.5.1/airflow-env/lib64/python3.11/site-packages/airflow/example_dags/example_short_circuit_operator.py
[2023-10-07T04:04:43.864+0530] {logging_mixin.py:151} INFO - [2023-10-07T04:04:43.864+0530] {dag.py:2915} INFO - Sync 1 DAGs
[2023-10-07T04:04:43.883+0530] {logging_mixin.py:151} INFO - [2023-10-07T04:04:43.882+0530] {dag.py:3696} INFO - Setting next_dagrun for example_short_circuit_operator to 2023-10-05T22:34:43.882652+00:00, run_after=2023-10-06T22:34:43.882652+00:00
[2023-10-07T04:04:43.903+0530] {processor.py:179} INFO - Processing /home/raj/Downloads/kafka_2.13-3.5.1/airflow-env/lib64/python3.11/site-packages/airflow/example_dags/example_short_circuit_operator.py took 0.101 seconds
[2023-10-07T04:05:36.171+0530] {processor.py:157} INFO - Started process (PID=18981) to work on /home/raj/Downloads/kafka_2.13-3.5.1/airflow-env/lib64/python3.11/site-packages/airflow/example_dags/example_short_circuit_operator.py
[2023-10-07T04:05:36.182+0530] {processor.py:829} INFO - Processing file /home/raj/Downloads/kafka_2.13-3.5.1/airflow-env/lib64/python3.11/site-packages/airflow/example_dags/example_short_circuit_operator.py for tasks to queue
[2023-10-07T04:05:36.185+0530] {logging_mixin.py:151} INFO - [2023-10-07T04:05:36.184+0530] {dagbag.py:539} INFO - Filling up the DagBag from /home/raj/Downloads/kafka_2.13-3.5.1/airflow-env/lib64/python3.11/site-packages/airflow/example_dags/example_short_circuit_operator.py
[2023-10-07T04:05:36.207+0530] {processor.py:839} INFO - DAG(s) dict_keys(['example_short_circuit_operator']) retrieved from /home/raj/Downloads/kafka_2.13-3.5.1/airflow-env/lib64/python3.11/site-packages/airflow/example_dags/example_short_circuit_operator.py
[2023-10-07T04:05:36.239+0530] {logging_mixin.py:151} INFO - [2023-10-07T04:05:36.239+0530] {dag.py:2915} INFO - Sync 1 DAGs
[2023-10-07T04:05:36.258+0530] {logging_mixin.py:151} INFO - [2023-10-07T04:05:36.258+0530] {dag.py:3696} INFO - Setting next_dagrun for example_short_circuit_operator to 2023-10-05T22:35:36.258324+00:00, run_after=2023-10-06T22:35:36.258324+00:00
[2023-10-07T04:05:36.282+0530] {processor.py:179} INFO - Processing /home/raj/Downloads/kafka_2.13-3.5.1/airflow-env/lib64/python3.11/site-packages/airflow/example_dags/example_short_circuit_operator.py took 0.117 seconds
[2023-10-07T04:06:29.032+0530] {processor.py:157} INFO - Started process (PID=19095) to work on /home/raj/Downloads/kafka_2.13-3.5.1/airflow-env/lib64/python3.11/site-packages/airflow/example_dags/example_short_circuit_operator.py
[2023-10-07T04:06:29.043+0530] {processor.py:829} INFO - Processing file /home/raj/Downloads/kafka_2.13-3.5.1/airflow-env/lib64/python3.11/site-packages/airflow/example_dags/example_short_circuit_operator.py for tasks to queue
[2023-10-07T04:06:29.044+0530] {logging_mixin.py:151} INFO - [2023-10-07T04:06:29.044+0530] {dagbag.py:539} INFO - Filling up the DagBag from /home/raj/Downloads/kafka_2.13-3.5.1/airflow-env/lib64/python3.11/site-packages/airflow/example_dags/example_short_circuit_operator.py
[2023-10-07T04:06:29.055+0530] {processor.py:839} INFO - DAG(s) dict_keys(['example_short_circuit_operator']) retrieved from /home/raj/Downloads/kafka_2.13-3.5.1/airflow-env/lib64/python3.11/site-packages/airflow/example_dags/example_short_circuit_operator.py
[2023-10-07T04:06:29.076+0530] {logging_mixin.py:151} INFO - [2023-10-07T04:06:29.076+0530] {dag.py:2915} INFO - Sync 1 DAGs
[2023-10-07T04:06:29.100+0530] {logging_mixin.py:151} INFO - [2023-10-07T04:06:29.100+0530] {dag.py:3696} INFO - Setting next_dagrun for example_short_circuit_operator to 2023-10-05T22:36:29.100141+00:00, run_after=2023-10-06T22:36:29.100141+00:00
[2023-10-07T04:06:29.129+0530] {processor.py:179} INFO - Processing /home/raj/Downloads/kafka_2.13-3.5.1/airflow-env/lib64/python3.11/site-packages/airflow/example_dags/example_short_circuit_operator.py took 0.102 seconds
[2023-10-07T04:07:26.737+0530] {processor.py:157} INFO - Started process (PID=19200) to work on /home/raj/Downloads/kafka_2.13-3.5.1/airflow-env/lib64/python3.11/site-packages/airflow/example_dags/example_short_circuit_operator.py
[2023-10-07T04:07:26.748+0530] {processor.py:829} INFO - Processing file /home/raj/Downloads/kafka_2.13-3.5.1/airflow-env/lib64/python3.11/site-packages/airflow/example_dags/example_short_circuit_operator.py for tasks to queue
[2023-10-07T04:07:26.749+0530] {logging_mixin.py:151} INFO - [2023-10-07T04:07:26.749+0530] {dagbag.py:539} INFO - Filling up the DagBag from /home/raj/Downloads/kafka_2.13-3.5.1/airflow-env/lib64/python3.11/site-packages/airflow/example_dags/example_short_circuit_operator.py
[2023-10-07T04:07:26.757+0530] {processor.py:839} INFO - DAG(s) dict_keys(['example_short_circuit_operator']) retrieved from /home/raj/Downloads/kafka_2.13-3.5.1/airflow-env/lib64/python3.11/site-packages/airflow/example_dags/example_short_circuit_operator.py
[2023-10-07T04:07:26.774+0530] {logging_mixin.py:151} INFO - [2023-10-07T04:07:26.773+0530] {dag.py:2915} INFO - Sync 1 DAGs
[2023-10-07T04:07:26.791+0530] {logging_mixin.py:151} INFO - [2023-10-07T04:07:26.790+0530] {dag.py:3696} INFO - Setting next_dagrun for example_short_circuit_operator to 2023-10-05T22:37:26.790666+00:00, run_after=2023-10-06T22:37:26.790666+00:00
[2023-10-07T04:07:26.811+0530] {processor.py:179} INFO - Processing /home/raj/Downloads/kafka_2.13-3.5.1/airflow-env/lib64/python3.11/site-packages/airflow/example_dags/example_short_circuit_operator.py took 0.078 seconds
[2023-10-07T04:08:20.107+0530] {processor.py:157} INFO - Started process (PID=19256) to work on /home/raj/Downloads/kafka_2.13-3.5.1/airflow-env/lib64/python3.11/site-packages/airflow/example_dags/example_short_circuit_operator.py
[2023-10-07T04:08:20.118+0530] {processor.py:829} INFO - Processing file /home/raj/Downloads/kafka_2.13-3.5.1/airflow-env/lib64/python3.11/site-packages/airflow/example_dags/example_short_circuit_operator.py for tasks to queue
[2023-10-07T04:08:20.119+0530] {logging_mixin.py:151} INFO - [2023-10-07T04:08:20.118+0530] {dagbag.py:539} INFO - Filling up the DagBag from /home/raj/Downloads/kafka_2.13-3.5.1/airflow-env/lib64/python3.11/site-packages/airflow/example_dags/example_short_circuit_operator.py
[2023-10-07T04:08:20.132+0530] {processor.py:839} INFO - DAG(s) dict_keys(['example_short_circuit_operator']) retrieved from /home/raj/Downloads/kafka_2.13-3.5.1/airflow-env/lib64/python3.11/site-packages/airflow/example_dags/example_short_circuit_operator.py
[2023-10-07T04:08:20.149+0530] {logging_mixin.py:151} INFO - [2023-10-07T04:08:20.149+0530] {dag.py:2915} INFO - Sync 1 DAGs
[2023-10-07T04:08:20.172+0530] {logging_mixin.py:151} INFO - [2023-10-07T04:08:20.171+0530] {dag.py:3696} INFO - Setting next_dagrun for example_short_circuit_operator to 2023-10-05T22:38:20.171716+00:00, run_after=2023-10-06T22:38:20.171716+00:00
[2023-10-07T04:08:20.198+0530] {processor.py:179} INFO - Processing /home/raj/Downloads/kafka_2.13-3.5.1/airflow-env/lib64/python3.11/site-packages/airflow/example_dags/example_short_circuit_operator.py took 0.094 seconds
[2023-10-07T04:09:14.897+0530] {processor.py:157} INFO - Started process (PID=19313) to work on /home/raj/Downloads/kafka_2.13-3.5.1/airflow-env/lib64/python3.11/site-packages/airflow/example_dags/example_short_circuit_operator.py
[2023-10-07T04:09:14.908+0530] {processor.py:829} INFO - Processing file /home/raj/Downloads/kafka_2.13-3.5.1/airflow-env/lib64/python3.11/site-packages/airflow/example_dags/example_short_circuit_operator.py for tasks to queue
[2023-10-07T04:09:14.910+0530] {logging_mixin.py:151} INFO - [2023-10-07T04:09:14.909+0530] {dagbag.py:539} INFO - Filling up the DagBag from /home/raj/Downloads/kafka_2.13-3.5.1/airflow-env/lib64/python3.11/site-packages/airflow/example_dags/example_short_circuit_operator.py
[2023-10-07T04:09:14.926+0530] {processor.py:839} INFO - DAG(s) dict_keys(['example_short_circuit_operator']) retrieved from /home/raj/Downloads/kafka_2.13-3.5.1/airflow-env/lib64/python3.11/site-packages/airflow/example_dags/example_short_circuit_operator.py
[2023-10-07T04:09:14.958+0530] {logging_mixin.py:151} INFO - [2023-10-07T04:09:14.958+0530] {dag.py:2915} INFO - Sync 1 DAGs
[2023-10-07T04:09:14.976+0530] {logging_mixin.py:151} INFO - [2023-10-07T04:09:14.976+0530] {dag.py:3696} INFO - Setting next_dagrun for example_short_circuit_operator to 2023-10-05T22:39:14.976275+00:00, run_after=2023-10-06T22:39:14.976275+00:00
[2023-10-07T04:09:14.997+0530] {processor.py:179} INFO - Processing /home/raj/Downloads/kafka_2.13-3.5.1/airflow-env/lib64/python3.11/site-packages/airflow/example_dags/example_short_circuit_operator.py took 0.105 seconds
[2023-10-07T04:10:03.450+0530] {processor.py:157} INFO - Started process (PID=19362) to work on /home/raj/Downloads/kafka_2.13-3.5.1/airflow-env/lib64/python3.11/site-packages/airflow/example_dags/example_short_circuit_operator.py
[2023-10-07T04:10:03.461+0530] {processor.py:829} INFO - Processing file /home/raj/Downloads/kafka_2.13-3.5.1/airflow-env/lib64/python3.11/site-packages/airflow/example_dags/example_short_circuit_operator.py for tasks to queue
[2023-10-07T04:10:03.462+0530] {logging_mixin.py:151} INFO - [2023-10-07T04:10:03.462+0530] {dagbag.py:539} INFO - Filling up the DagBag from /home/raj/Downloads/kafka_2.13-3.5.1/airflow-env/lib64/python3.11/site-packages/airflow/example_dags/example_short_circuit_operator.py
[2023-10-07T04:10:03.472+0530] {processor.py:839} INFO - DAG(s) dict_keys(['example_short_circuit_operator']) retrieved from /home/raj/Downloads/kafka_2.13-3.5.1/airflow-env/lib64/python3.11/site-packages/airflow/example_dags/example_short_circuit_operator.py
[2023-10-07T04:10:03.492+0530] {logging_mixin.py:151} INFO - [2023-10-07T04:10:03.491+0530] {dag.py:2915} INFO - Sync 1 DAGs
[2023-10-07T04:10:03.513+0530] {logging_mixin.py:151} INFO - [2023-10-07T04:10:03.513+0530] {dag.py:3696} INFO - Setting next_dagrun for example_short_circuit_operator to 2023-10-05T22:40:03.513003+00:00, run_after=2023-10-06T22:40:03.513003+00:00
[2023-10-07T04:10:03.535+0530] {processor.py:179} INFO - Processing /home/raj/Downloads/kafka_2.13-3.5.1/airflow-env/lib64/python3.11/site-packages/airflow/example_dags/example_short_circuit_operator.py took 0.089 seconds
[2023-10-07T04:10:53.178+0530] {processor.py:157} INFO - Started process (PID=19429) to work on /home/raj/Downloads/kafka_2.13-3.5.1/airflow-env/lib64/python3.11/site-packages/airflow/example_dags/example_short_circuit_operator.py
[2023-10-07T04:10:53.189+0530] {processor.py:829} INFO - Processing file /home/raj/Downloads/kafka_2.13-3.5.1/airflow-env/lib64/python3.11/site-packages/airflow/example_dags/example_short_circuit_operator.py for tasks to queue
[2023-10-07T04:10:53.191+0530] {logging_mixin.py:151} INFO - [2023-10-07T04:10:53.190+0530] {dagbag.py:539} INFO - Filling up the DagBag from /home/raj/Downloads/kafka_2.13-3.5.1/airflow-env/lib64/python3.11/site-packages/airflow/example_dags/example_short_circuit_operator.py
[2023-10-07T04:10:53.203+0530] {processor.py:839} INFO - DAG(s) dict_keys(['example_short_circuit_operator']) retrieved from /home/raj/Downloads/kafka_2.13-3.5.1/airflow-env/lib64/python3.11/site-packages/airflow/example_dags/example_short_circuit_operator.py
[2023-10-07T04:10:53.218+0530] {logging_mixin.py:151} INFO - [2023-10-07T04:10:53.218+0530] {dag.py:2915} INFO - Sync 1 DAGs
[2023-10-07T04:10:53.237+0530] {logging_mixin.py:151} INFO - [2023-10-07T04:10:53.237+0530] {dag.py:3696} INFO - Setting next_dagrun for example_short_circuit_operator to 2023-10-05T22:40:53.236807+00:00, run_after=2023-10-06T22:40:53.236807+00:00
[2023-10-07T04:10:53.254+0530] {processor.py:179} INFO - Processing /home/raj/Downloads/kafka_2.13-3.5.1/airflow-env/lib64/python3.11/site-packages/airflow/example_dags/example_short_circuit_operator.py took 0.081 seconds
[2023-10-07T04:11:47.306+0530] {processor.py:157} INFO - Started process (PID=19496) to work on /home/raj/Downloads/kafka_2.13-3.5.1/airflow-env/lib64/python3.11/site-packages/airflow/example_dags/example_short_circuit_operator.py
[2023-10-07T04:11:47.307+0530] {processor.py:829} INFO - Processing file /home/raj/Downloads/kafka_2.13-3.5.1/airflow-env/lib64/python3.11/site-packages/airflow/example_dags/example_short_circuit_operator.py for tasks to queue
[2023-10-07T04:11:47.309+0530] {logging_mixin.py:151} INFO - [2023-10-07T04:11:47.308+0530] {dagbag.py:539} INFO - Filling up the DagBag from /home/raj/Downloads/kafka_2.13-3.5.1/airflow-env/lib64/python3.11/site-packages/airflow/example_dags/example_short_circuit_operator.py
[2023-10-07T04:11:47.327+0530] {processor.py:839} INFO - DAG(s) dict_keys(['example_short_circuit_operator']) retrieved from /home/raj/Downloads/kafka_2.13-3.5.1/airflow-env/lib64/python3.11/site-packages/airflow/example_dags/example_short_circuit_operator.py
[2023-10-07T04:11:47.352+0530] {logging_mixin.py:151} INFO - [2023-10-07T04:11:47.352+0530] {dag.py:2915} INFO - Sync 1 DAGs
[2023-10-07T04:11:47.371+0530] {logging_mixin.py:151} INFO - [2023-10-07T04:11:47.371+0530] {dag.py:3696} INFO - Setting next_dagrun for example_short_circuit_operator to 2023-10-05T22:41:47.371258+00:00, run_after=2023-10-06T22:41:47.371258+00:00
[2023-10-07T04:11:47.393+0530] {processor.py:179} INFO - Processing /home/raj/Downloads/kafka_2.13-3.5.1/airflow-env/lib64/python3.11/site-packages/airflow/example_dags/example_short_circuit_operator.py took 0.093 seconds
[2023-10-07T04:12:42.481+0530] {processor.py:157} INFO - Started process (PID=19566) to work on /home/raj/Downloads/kafka_2.13-3.5.1/airflow-env/lib64/python3.11/site-packages/airflow/example_dags/example_short_circuit_operator.py
[2023-10-07T04:12:42.492+0530] {processor.py:829} INFO - Processing file /home/raj/Downloads/kafka_2.13-3.5.1/airflow-env/lib64/python3.11/site-packages/airflow/example_dags/example_short_circuit_operator.py for tasks to queue
[2023-10-07T04:12:42.494+0530] {logging_mixin.py:151} INFO - [2023-10-07T04:12:42.493+0530] {dagbag.py:539} INFO - Filling up the DagBag from /home/raj/Downloads/kafka_2.13-3.5.1/airflow-env/lib64/python3.11/site-packages/airflow/example_dags/example_short_circuit_operator.py
[2023-10-07T04:12:42.511+0530] {processor.py:839} INFO - DAG(s) dict_keys(['example_short_circuit_operator']) retrieved from /home/raj/Downloads/kafka_2.13-3.5.1/airflow-env/lib64/python3.11/site-packages/airflow/example_dags/example_short_circuit_operator.py
[2023-10-07T04:12:42.543+0530] {logging_mixin.py:151} INFO - [2023-10-07T04:12:42.542+0530] {dag.py:2915} INFO - Sync 1 DAGs
[2023-10-07T04:12:42.559+0530] {logging_mixin.py:151} INFO - [2023-10-07T04:12:42.558+0530] {dag.py:3696} INFO - Setting next_dagrun for example_short_circuit_operator to 2023-10-05T22:42:42.558634+00:00, run_after=2023-10-06T22:42:42.558634+00:00
[2023-10-07T04:12:42.578+0530] {processor.py:179} INFO - Processing /home/raj/Downloads/kafka_2.13-3.5.1/airflow-env/lib64/python3.11/site-packages/airflow/example_dags/example_short_circuit_operator.py took 0.103 seconds
[2023-10-07T04:13:34.817+0530] {processor.py:157} INFO - Started process (PID=19620) to work on /home/raj/Downloads/kafka_2.13-3.5.1/airflow-env/lib64/python3.11/site-packages/airflow/example_dags/example_short_circuit_operator.py
[2023-10-07T04:13:34.828+0530] {processor.py:829} INFO - Processing file /home/raj/Downloads/kafka_2.13-3.5.1/airflow-env/lib64/python3.11/site-packages/airflow/example_dags/example_short_circuit_operator.py for tasks to queue
[2023-10-07T04:13:34.830+0530] {logging_mixin.py:151} INFO - [2023-10-07T04:13:34.829+0530] {dagbag.py:539} INFO - Filling up the DagBag from /home/raj/Downloads/kafka_2.13-3.5.1/airflow-env/lib64/python3.11/site-packages/airflow/example_dags/example_short_circuit_operator.py
[2023-10-07T04:13:34.847+0530] {processor.py:839} INFO - DAG(s) dict_keys(['example_short_circuit_operator']) retrieved from /home/raj/Downloads/kafka_2.13-3.5.1/airflow-env/lib64/python3.11/site-packages/airflow/example_dags/example_short_circuit_operator.py
[2023-10-07T04:13:34.878+0530] {logging_mixin.py:151} INFO - [2023-10-07T04:13:34.878+0530] {dag.py:2915} INFO - Sync 1 DAGs
[2023-10-07T04:13:34.893+0530] {logging_mixin.py:151} INFO - [2023-10-07T04:13:34.893+0530] {dag.py:3696} INFO - Setting next_dagrun for example_short_circuit_operator to 2023-10-05T22:43:34.893438+00:00, run_after=2023-10-06T22:43:34.893438+00:00
[2023-10-07T04:13:34.913+0530] {processor.py:179} INFO - Processing /home/raj/Downloads/kafka_2.13-3.5.1/airflow-env/lib64/python3.11/site-packages/airflow/example_dags/example_short_circuit_operator.py took 0.102 seconds
[2023-10-07T04:14:25.069+0530] {processor.py:157} INFO - Started process (PID=19672) to work on /home/raj/Downloads/kafka_2.13-3.5.1/airflow-env/lib64/python3.11/site-packages/airflow/example_dags/example_short_circuit_operator.py
[2023-10-07T04:14:25.081+0530] {processor.py:829} INFO - Processing file /home/raj/Downloads/kafka_2.13-3.5.1/airflow-env/lib64/python3.11/site-packages/airflow/example_dags/example_short_circuit_operator.py for tasks to queue
[2023-10-07T04:14:25.082+0530] {logging_mixin.py:151} INFO - [2023-10-07T04:14:25.082+0530] {dagbag.py:539} INFO - Filling up the DagBag from /home/raj/Downloads/kafka_2.13-3.5.1/airflow-env/lib64/python3.11/site-packages/airflow/example_dags/example_short_circuit_operator.py
[2023-10-07T04:14:25.099+0530] {processor.py:839} INFO - DAG(s) dict_keys(['example_short_circuit_operator']) retrieved from /home/raj/Downloads/kafka_2.13-3.5.1/airflow-env/lib64/python3.11/site-packages/airflow/example_dags/example_short_circuit_operator.py
[2023-10-07T04:14:25.129+0530] {logging_mixin.py:151} INFO - [2023-10-07T04:14:25.129+0530] {dag.py:2915} INFO - Sync 1 DAGs
[2023-10-07T04:14:25.144+0530] {logging_mixin.py:151} INFO - [2023-10-07T04:14:25.144+0530] {dag.py:3696} INFO - Setting next_dagrun for example_short_circuit_operator to 2023-10-05T22:44:25.144238+00:00, run_after=2023-10-06T22:44:25.144238+00:00
[2023-10-07T04:14:25.161+0530] {processor.py:179} INFO - Processing /home/raj/Downloads/kafka_2.13-3.5.1/airflow-env/lib64/python3.11/site-packages/airflow/example_dags/example_short_circuit_operator.py took 0.097 seconds
[2023-10-07T04:15:15.582+0530] {processor.py:157} INFO - Started process (PID=19761) to work on /home/raj/Downloads/kafka_2.13-3.5.1/airflow-env/lib64/python3.11/site-packages/airflow/example_dags/example_short_circuit_operator.py
[2023-10-07T04:15:15.583+0530] {processor.py:829} INFO - Processing file /home/raj/Downloads/kafka_2.13-3.5.1/airflow-env/lib64/python3.11/site-packages/airflow/example_dags/example_short_circuit_operator.py for tasks to queue
[2023-10-07T04:15:15.585+0530] {logging_mixin.py:151} INFO - [2023-10-07T04:15:15.584+0530] {dagbag.py:539} INFO - Filling up the DagBag from /home/raj/Downloads/kafka_2.13-3.5.1/airflow-env/lib64/python3.11/site-packages/airflow/example_dags/example_short_circuit_operator.py
[2023-10-07T04:15:15.594+0530] {processor.py:839} INFO - DAG(s) dict_keys(['example_short_circuit_operator']) retrieved from /home/raj/Downloads/kafka_2.13-3.5.1/airflow-env/lib64/python3.11/site-packages/airflow/example_dags/example_short_circuit_operator.py
[2023-10-07T04:15:15.615+0530] {logging_mixin.py:151} INFO - [2023-10-07T04:15:15.615+0530] {dag.py:2915} INFO - Sync 1 DAGs
[2023-10-07T04:15:15.635+0530] {logging_mixin.py:151} INFO - [2023-10-07T04:15:15.635+0530] {dag.py:3696} INFO - Setting next_dagrun for example_short_circuit_operator to 2023-10-05T22:45:15.635065+00:00, run_after=2023-10-06T22:45:15.635065+00:00
[2023-10-07T04:15:15.659+0530] {processor.py:179} INFO - Processing /home/raj/Downloads/kafka_2.13-3.5.1/airflow-env/lib64/python3.11/site-packages/airflow/example_dags/example_short_circuit_operator.py took 0.080 seconds
[2023-10-07T04:16:04.962+0530] {processor.py:157} INFO - Started process (PID=19832) to work on /home/raj/Downloads/kafka_2.13-3.5.1/airflow-env/lib64/python3.11/site-packages/airflow/example_dags/example_short_circuit_operator.py
[2023-10-07T04:16:04.973+0530] {processor.py:829} INFO - Processing file /home/raj/Downloads/kafka_2.13-3.5.1/airflow-env/lib64/python3.11/site-packages/airflow/example_dags/example_short_circuit_operator.py for tasks to queue
[2023-10-07T04:16:04.975+0530] {logging_mixin.py:151} INFO - [2023-10-07T04:16:04.974+0530] {dagbag.py:539} INFO - Filling up the DagBag from /home/raj/Downloads/kafka_2.13-3.5.1/airflow-env/lib64/python3.11/site-packages/airflow/example_dags/example_short_circuit_operator.py
[2023-10-07T04:16:04.992+0530] {processor.py:839} INFO - DAG(s) dict_keys(['example_short_circuit_operator']) retrieved from /home/raj/Downloads/kafka_2.13-3.5.1/airflow-env/lib64/python3.11/site-packages/airflow/example_dags/example_short_circuit_operator.py
[2023-10-07T04:16:05.022+0530] {logging_mixin.py:151} INFO - [2023-10-07T04:16:05.022+0530] {dag.py:2915} INFO - Sync 1 DAGs
[2023-10-07T04:16:05.040+0530] {logging_mixin.py:151} INFO - [2023-10-07T04:16:05.039+0530] {dag.py:3696} INFO - Setting next_dagrun for example_short_circuit_operator to 2023-10-05T22:46:05.039669+00:00, run_after=2023-10-06T22:46:05.039669+00:00
[2023-10-07T04:16:05.057+0530] {processor.py:179} INFO - Processing /home/raj/Downloads/kafka_2.13-3.5.1/airflow-env/lib64/python3.11/site-packages/airflow/example_dags/example_short_circuit_operator.py took 0.099 seconds
[2023-10-07T04:17:00.027+0530] {processor.py:157} INFO - Started process (PID=19889) to work on /home/raj/Downloads/kafka_2.13-3.5.1/airflow-env/lib64/python3.11/site-packages/airflow/example_dags/example_short_circuit_operator.py
[2023-10-07T04:17:00.039+0530] {processor.py:829} INFO - Processing file /home/raj/Downloads/kafka_2.13-3.5.1/airflow-env/lib64/python3.11/site-packages/airflow/example_dags/example_short_circuit_operator.py for tasks to queue
[2023-10-07T04:17:00.040+0530] {logging_mixin.py:151} INFO - [2023-10-07T04:17:00.040+0530] {dagbag.py:539} INFO - Filling up the DagBag from /home/raj/Downloads/kafka_2.13-3.5.1/airflow-env/lib64/python3.11/site-packages/airflow/example_dags/example_short_circuit_operator.py
[2023-10-07T04:17:00.057+0530] {processor.py:839} INFO - DAG(s) dict_keys(['example_short_circuit_operator']) retrieved from /home/raj/Downloads/kafka_2.13-3.5.1/airflow-env/lib64/python3.11/site-packages/airflow/example_dags/example_short_circuit_operator.py
[2023-10-07T04:17:00.086+0530] {logging_mixin.py:151} INFO - [2023-10-07T04:17:00.086+0530] {dag.py:2915} INFO - Sync 1 DAGs
[2023-10-07T04:17:00.102+0530] {logging_mixin.py:151} INFO - [2023-10-07T04:17:00.101+0530] {dag.py:3696} INFO - Setting next_dagrun for example_short_circuit_operator to 2023-10-05T22:47:00.101787+00:00, run_after=2023-10-06T22:47:00.101787+00:00
[2023-10-07T04:17:00.119+0530] {processor.py:179} INFO - Processing /home/raj/Downloads/kafka_2.13-3.5.1/airflow-env/lib64/python3.11/site-packages/airflow/example_dags/example_short_circuit_operator.py took 0.098 seconds
[2023-10-07T04:17:50.525+0530] {processor.py:157} INFO - Started process (PID=19944) to work on /home/raj/Downloads/kafka_2.13-3.5.1/airflow-env/lib64/python3.11/site-packages/airflow/example_dags/example_short_circuit_operator.py
[2023-10-07T04:17:50.536+0530] {processor.py:829} INFO - Processing file /home/raj/Downloads/kafka_2.13-3.5.1/airflow-env/lib64/python3.11/site-packages/airflow/example_dags/example_short_circuit_operator.py for tasks to queue
[2023-10-07T04:17:50.538+0530] {logging_mixin.py:151} INFO - [2023-10-07T04:17:50.537+0530] {dagbag.py:539} INFO - Filling up the DagBag from /home/raj/Downloads/kafka_2.13-3.5.1/airflow-env/lib64/python3.11/site-packages/airflow/example_dags/example_short_circuit_operator.py
[2023-10-07T04:17:50.546+0530] {processor.py:839} INFO - DAG(s) dict_keys(['example_short_circuit_operator']) retrieved from /home/raj/Downloads/kafka_2.13-3.5.1/airflow-env/lib64/python3.11/site-packages/airflow/example_dags/example_short_circuit_operator.py
[2023-10-07T04:17:50.564+0530] {logging_mixin.py:151} INFO - [2023-10-07T04:17:50.564+0530] {dag.py:2915} INFO - Sync 1 DAGs
[2023-10-07T04:17:50.583+0530] {logging_mixin.py:151} INFO - [2023-10-07T04:17:50.583+0530] {dag.py:3696} INFO - Setting next_dagrun for example_short_circuit_operator to 2023-10-05T22:47:50.583194+00:00, run_after=2023-10-06T22:47:50.583194+00:00
[2023-10-07T04:17:50.604+0530] {processor.py:179} INFO - Processing /home/raj/Downloads/kafka_2.13-3.5.1/airflow-env/lib64/python3.11/site-packages/airflow/example_dags/example_short_circuit_operator.py took 0.082 seconds
[2023-10-07T04:18:42.658+0530] {processor.py:157} INFO - Started process (PID=19998) to work on /home/raj/Downloads/kafka_2.13-3.5.1/airflow-env/lib64/python3.11/site-packages/airflow/example_dags/example_short_circuit_operator.py
[2023-10-07T04:18:42.659+0530] {processor.py:829} INFO - Processing file /home/raj/Downloads/kafka_2.13-3.5.1/airflow-env/lib64/python3.11/site-packages/airflow/example_dags/example_short_circuit_operator.py for tasks to queue
[2023-10-07T04:18:42.661+0530] {logging_mixin.py:151} INFO - [2023-10-07T04:18:42.660+0530] {dagbag.py:539} INFO - Filling up the DagBag from /home/raj/Downloads/kafka_2.13-3.5.1/airflow-env/lib64/python3.11/site-packages/airflow/example_dags/example_short_circuit_operator.py
[2023-10-07T04:18:42.678+0530] {processor.py:839} INFO - DAG(s) dict_keys(['example_short_circuit_operator']) retrieved from /home/raj/Downloads/kafka_2.13-3.5.1/airflow-env/lib64/python3.11/site-packages/airflow/example_dags/example_short_circuit_operator.py
[2023-10-07T04:18:42.701+0530] {logging_mixin.py:151} INFO - [2023-10-07T04:18:42.701+0530] {dag.py:2915} INFO - Sync 1 DAGs
[2023-10-07T04:18:42.719+0530] {logging_mixin.py:151} INFO - [2023-10-07T04:18:42.719+0530] {dag.py:3696} INFO - Setting next_dagrun for example_short_circuit_operator to 2023-10-05T22:48:42.718935+00:00, run_after=2023-10-06T22:48:42.718935+00:00
[2023-10-07T04:18:42.738+0530] {processor.py:179} INFO - Processing /home/raj/Downloads/kafka_2.13-3.5.1/airflow-env/lib64/python3.11/site-packages/airflow/example_dags/example_short_circuit_operator.py took 0.086 seconds
[2023-10-07T04:19:37.188+0530] {processor.py:157} INFO - Started process (PID=20053) to work on /home/raj/Downloads/kafka_2.13-3.5.1/airflow-env/lib64/python3.11/site-packages/airflow/example_dags/example_short_circuit_operator.py
[2023-10-07T04:19:37.200+0530] {processor.py:829} INFO - Processing file /home/raj/Downloads/kafka_2.13-3.5.1/airflow-env/lib64/python3.11/site-packages/airflow/example_dags/example_short_circuit_operator.py for tasks to queue
[2023-10-07T04:19:37.201+0530] {logging_mixin.py:151} INFO - [2023-10-07T04:19:37.201+0530] {dagbag.py:539} INFO - Filling up the DagBag from /home/raj/Downloads/kafka_2.13-3.5.1/airflow-env/lib64/python3.11/site-packages/airflow/example_dags/example_short_circuit_operator.py
[2023-10-07T04:19:37.219+0530] {processor.py:839} INFO - DAG(s) dict_keys(['example_short_circuit_operator']) retrieved from /home/raj/Downloads/kafka_2.13-3.5.1/airflow-env/lib64/python3.11/site-packages/airflow/example_dags/example_short_circuit_operator.py
[2023-10-07T04:19:37.250+0530] {logging_mixin.py:151} INFO - [2023-10-07T04:19:37.249+0530] {dag.py:2915} INFO - Sync 1 DAGs
[2023-10-07T04:19:37.265+0530] {logging_mixin.py:151} INFO - [2023-10-07T04:19:37.265+0530] {dag.py:3696} INFO - Setting next_dagrun for example_short_circuit_operator to 2023-10-05T22:49:37.265110+00:00, run_after=2023-10-06T22:49:37.265110+00:00
[2023-10-07T04:19:37.283+0530] {processor.py:179} INFO - Processing /home/raj/Downloads/kafka_2.13-3.5.1/airflow-env/lib64/python3.11/site-packages/airflow/example_dags/example_short_circuit_operator.py took 0.100 seconds
[2023-10-07T04:20:31.780+0530] {processor.py:157} INFO - Started process (PID=20404) to work on /home/raj/Downloads/kafka_2.13-3.5.1/airflow-env/lib64/python3.11/site-packages/airflow/example_dags/example_short_circuit_operator.py
[2023-10-07T04:20:31.792+0530] {processor.py:829} INFO - Processing file /home/raj/Downloads/kafka_2.13-3.5.1/airflow-env/lib64/python3.11/site-packages/airflow/example_dags/example_short_circuit_operator.py for tasks to queue
[2023-10-07T04:20:31.793+0530] {logging_mixin.py:151} INFO - [2023-10-07T04:20:31.792+0530] {dagbag.py:539} INFO - Filling up the DagBag from /home/raj/Downloads/kafka_2.13-3.5.1/airflow-env/lib64/python3.11/site-packages/airflow/example_dags/example_short_circuit_operator.py
[2023-10-07T04:20:31.811+0530] {processor.py:839} INFO - DAG(s) dict_keys(['example_short_circuit_operator']) retrieved from /home/raj/Downloads/kafka_2.13-3.5.1/airflow-env/lib64/python3.11/site-packages/airflow/example_dags/example_short_circuit_operator.py
[2023-10-07T04:20:31.842+0530] {logging_mixin.py:151} INFO - [2023-10-07T04:20:31.842+0530] {dag.py:2915} INFO - Sync 1 DAGs
[2023-10-07T04:20:31.861+0530] {logging_mixin.py:151} INFO - [2023-10-07T04:20:31.861+0530] {dag.py:3696} INFO - Setting next_dagrun for example_short_circuit_operator to 2023-10-05T22:50:31.861187+00:00, run_after=2023-10-06T22:50:31.861187+00:00
[2023-10-07T04:20:31.883+0530] {processor.py:179} INFO - Processing /home/raj/Downloads/kafka_2.13-3.5.1/airflow-env/lib64/python3.11/site-packages/airflow/example_dags/example_short_circuit_operator.py took 0.108 seconds
[2023-10-07T04:21:26.276+0530] {processor.py:157} INFO - Started process (PID=20594) to work on /home/raj/Downloads/kafka_2.13-3.5.1/airflow-env/lib64/python3.11/site-packages/airflow/example_dags/example_short_circuit_operator.py
[2023-10-07T04:21:26.288+0530] {processor.py:829} INFO - Processing file /home/raj/Downloads/kafka_2.13-3.5.1/airflow-env/lib64/python3.11/site-packages/airflow/example_dags/example_short_circuit_operator.py for tasks to queue
[2023-10-07T04:21:26.290+0530] {logging_mixin.py:151} INFO - [2023-10-07T04:21:26.289+0530] {dagbag.py:539} INFO - Filling up the DagBag from /home/raj/Downloads/kafka_2.13-3.5.1/airflow-env/lib64/python3.11/site-packages/airflow/example_dags/example_short_circuit_operator.py
[2023-10-07T04:21:26.298+0530] {processor.py:839} INFO - DAG(s) dict_keys(['example_short_circuit_operator']) retrieved from /home/raj/Downloads/kafka_2.13-3.5.1/airflow-env/lib64/python3.11/site-packages/airflow/example_dags/example_short_circuit_operator.py
[2023-10-07T04:21:26.314+0530] {logging_mixin.py:151} INFO - [2023-10-07T04:21:26.314+0530] {dag.py:2915} INFO - Sync 1 DAGs
[2023-10-07T04:21:26.332+0530] {logging_mixin.py:151} INFO - [2023-10-07T04:21:26.332+0530] {dag.py:3696} INFO - Setting next_dagrun for example_short_circuit_operator to 2023-10-05T22:51:26.332029+00:00, run_after=2023-10-06T22:51:26.332029+00:00
[2023-10-07T04:21:26.353+0530] {processor.py:179} INFO - Processing /home/raj/Downloads/kafka_2.13-3.5.1/airflow-env/lib64/python3.11/site-packages/airflow/example_dags/example_short_circuit_operator.py took 0.082 seconds
[2023-10-07T04:22:15.303+0530] {processor.py:157} INFO - Started process (PID=20774) to work on /home/raj/Downloads/kafka_2.13-3.5.1/airflow-env/lib64/python3.11/site-packages/airflow/example_dags/example_short_circuit_operator.py
[2023-10-07T04:22:15.315+0530] {processor.py:829} INFO - Processing file /home/raj/Downloads/kafka_2.13-3.5.1/airflow-env/lib64/python3.11/site-packages/airflow/example_dags/example_short_circuit_operator.py for tasks to queue
[2023-10-07T04:22:15.317+0530] {logging_mixin.py:151} INFO - [2023-10-07T04:22:15.316+0530] {dagbag.py:539} INFO - Filling up the DagBag from /home/raj/Downloads/kafka_2.13-3.5.1/airflow-env/lib64/python3.11/site-packages/airflow/example_dags/example_short_circuit_operator.py
[2023-10-07T04:22:15.336+0530] {processor.py:839} INFO - DAG(s) dict_keys(['example_short_circuit_operator']) retrieved from /home/raj/Downloads/kafka_2.13-3.5.1/airflow-env/lib64/python3.11/site-packages/airflow/example_dags/example_short_circuit_operator.py
[2023-10-07T04:22:15.367+0530] {logging_mixin.py:151} INFO - [2023-10-07T04:22:15.367+0530] {dag.py:2915} INFO - Sync 1 DAGs
[2023-10-07T04:22:15.392+0530] {logging_mixin.py:151} INFO - [2023-10-07T04:22:15.392+0530] {dag.py:3696} INFO - Setting next_dagrun for example_short_circuit_operator to 2023-10-05T22:52:15.391811+00:00, run_after=2023-10-06T22:52:15.391811+00:00
[2023-10-07T04:22:15.413+0530] {processor.py:179} INFO - Processing /home/raj/Downloads/kafka_2.13-3.5.1/airflow-env/lib64/python3.11/site-packages/airflow/example_dags/example_short_circuit_operator.py took 0.116 seconds
[2023-10-07T04:23:07.500+0530] {processor.py:157} INFO - Started process (PID=20868) to work on /home/raj/Downloads/kafka_2.13-3.5.1/airflow-env/lib64/python3.11/site-packages/airflow/example_dags/example_short_circuit_operator.py
[2023-10-07T04:23:07.512+0530] {processor.py:829} INFO - Processing file /home/raj/Downloads/kafka_2.13-3.5.1/airflow-env/lib64/python3.11/site-packages/airflow/example_dags/example_short_circuit_operator.py for tasks to queue
[2023-10-07T04:23:07.514+0530] {logging_mixin.py:151} INFO - [2023-10-07T04:23:07.513+0530] {dagbag.py:539} INFO - Filling up the DagBag from /home/raj/Downloads/kafka_2.13-3.5.1/airflow-env/lib64/python3.11/site-packages/airflow/example_dags/example_short_circuit_operator.py
[2023-10-07T04:23:07.533+0530] {processor.py:839} INFO - DAG(s) dict_keys(['example_short_circuit_operator']) retrieved from /home/raj/Downloads/kafka_2.13-3.5.1/airflow-env/lib64/python3.11/site-packages/airflow/example_dags/example_short_circuit_operator.py
[2023-10-07T04:23:07.564+0530] {logging_mixin.py:151} INFO - [2023-10-07T04:23:07.564+0530] {dag.py:2915} INFO - Sync 1 DAGs
[2023-10-07T04:23:07.584+0530] {logging_mixin.py:151} INFO - [2023-10-07T04:23:07.584+0530] {dag.py:3696} INFO - Setting next_dagrun for example_short_circuit_operator to 2023-10-05T22:53:07.584094+00:00, run_after=2023-10-06T22:53:07.584094+00:00
[2023-10-07T04:23:07.605+0530] {processor.py:179} INFO - Processing /home/raj/Downloads/kafka_2.13-3.5.1/airflow-env/lib64/python3.11/site-packages/airflow/example_dags/example_short_circuit_operator.py took 0.112 seconds
[2023-10-07T04:23:58.325+0530] {processor.py:157} INFO - Started process (PID=20979) to work on /home/raj/Downloads/kafka_2.13-3.5.1/airflow-env/lib64/python3.11/site-packages/airflow/example_dags/example_short_circuit_operator.py
[2023-10-07T04:23:58.337+0530] {processor.py:829} INFO - Processing file /home/raj/Downloads/kafka_2.13-3.5.1/airflow-env/lib64/python3.11/site-packages/airflow/example_dags/example_short_circuit_operator.py for tasks to queue
[2023-10-07T04:23:58.338+0530] {logging_mixin.py:151} INFO - [2023-10-07T04:23:58.338+0530] {dagbag.py:539} INFO - Filling up the DagBag from /home/raj/Downloads/kafka_2.13-3.5.1/airflow-env/lib64/python3.11/site-packages/airflow/example_dags/example_short_circuit_operator.py
[2023-10-07T04:23:58.347+0530] {processor.py:839} INFO - DAG(s) dict_keys(['example_short_circuit_operator']) retrieved from /home/raj/Downloads/kafka_2.13-3.5.1/airflow-env/lib64/python3.11/site-packages/airflow/example_dags/example_short_circuit_operator.py
[2023-10-07T04:23:58.369+0530] {logging_mixin.py:151} INFO - [2023-10-07T04:23:58.368+0530] {dag.py:2915} INFO - Sync 1 DAGs
[2023-10-07T04:23:58.389+0530] {logging_mixin.py:151} INFO - [2023-10-07T04:23:58.389+0530] {dag.py:3696} INFO - Setting next_dagrun for example_short_circuit_operator to 2023-10-05T22:53:58.388803+00:00, run_after=2023-10-06T22:53:58.388803+00:00
[2023-10-07T04:23:58.413+0530] {processor.py:179} INFO - Processing /home/raj/Downloads/kafka_2.13-3.5.1/airflow-env/lib64/python3.11/site-packages/airflow/example_dags/example_short_circuit_operator.py took 0.093 seconds
[2023-10-07T04:24:47.472+0530] {processor.py:157} INFO - Started process (PID=21095) to work on /home/raj/Downloads/kafka_2.13-3.5.1/airflow-env/lib64/python3.11/site-packages/airflow/example_dags/example_short_circuit_operator.py
[2023-10-07T04:24:47.483+0530] {processor.py:829} INFO - Processing file /home/raj/Downloads/kafka_2.13-3.5.1/airflow-env/lib64/python3.11/site-packages/airflow/example_dags/example_short_circuit_operator.py for tasks to queue
[2023-10-07T04:24:47.486+0530] {logging_mixin.py:151} INFO - [2023-10-07T04:24:47.485+0530] {dagbag.py:539} INFO - Filling up the DagBag from /home/raj/Downloads/kafka_2.13-3.5.1/airflow-env/lib64/python3.11/site-packages/airflow/example_dags/example_short_circuit_operator.py
[2023-10-07T04:24:47.504+0530] {processor.py:839} INFO - DAG(s) dict_keys(['example_short_circuit_operator']) retrieved from /home/raj/Downloads/kafka_2.13-3.5.1/airflow-env/lib64/python3.11/site-packages/airflow/example_dags/example_short_circuit_operator.py
[2023-10-07T04:24:47.534+0530] {logging_mixin.py:151} INFO - [2023-10-07T04:24:47.534+0530] {dag.py:2915} INFO - Sync 1 DAGs
[2023-10-07T04:24:47.555+0530] {logging_mixin.py:151} INFO - [2023-10-07T04:24:47.555+0530] {dag.py:3696} INFO - Setting next_dagrun for example_short_circuit_operator to 2023-10-05T22:54:47.554914+00:00, run_after=2023-10-06T22:54:47.554914+00:00
[2023-10-07T04:24:47.577+0530] {processor.py:179} INFO - Processing /home/raj/Downloads/kafka_2.13-3.5.1/airflow-env/lib64/python3.11/site-packages/airflow/example_dags/example_short_circuit_operator.py took 0.111 seconds
[2023-10-07T04:25:39.338+0530] {processor.py:157} INFO - Started process (PID=21182) to work on /home/raj/Downloads/kafka_2.13-3.5.1/airflow-env/lib64/python3.11/site-packages/airflow/example_dags/example_short_circuit_operator.py
[2023-10-07T04:25:39.350+0530] {processor.py:829} INFO - Processing file /home/raj/Downloads/kafka_2.13-3.5.1/airflow-env/lib64/python3.11/site-packages/airflow/example_dags/example_short_circuit_operator.py for tasks to queue
[2023-10-07T04:25:39.351+0530] {logging_mixin.py:151} INFO - [2023-10-07T04:25:39.350+0530] {dagbag.py:539} INFO - Filling up the DagBag from /home/raj/Downloads/kafka_2.13-3.5.1/airflow-env/lib64/python3.11/site-packages/airflow/example_dags/example_short_circuit_operator.py
[2023-10-07T04:25:39.369+0530] {processor.py:839} INFO - DAG(s) dict_keys(['example_short_circuit_operator']) retrieved from /home/raj/Downloads/kafka_2.13-3.5.1/airflow-env/lib64/python3.11/site-packages/airflow/example_dags/example_short_circuit_operator.py
[2023-10-07T04:25:39.400+0530] {logging_mixin.py:151} INFO - [2023-10-07T04:25:39.400+0530] {dag.py:2915} INFO - Sync 1 DAGs
[2023-10-07T04:25:39.417+0530] {logging_mixin.py:151} INFO - [2023-10-07T04:25:39.416+0530] {dag.py:3696} INFO - Setting next_dagrun for example_short_circuit_operator to 2023-10-05T22:55:39.416778+00:00, run_after=2023-10-06T22:55:39.416778+00:00
[2023-10-07T04:25:39.437+0530] {processor.py:179} INFO - Processing /home/raj/Downloads/kafka_2.13-3.5.1/airflow-env/lib64/python3.11/site-packages/airflow/example_dags/example_short_circuit_operator.py took 0.104 seconds
[2023-10-07T04:26:32.941+0530] {processor.py:157} INFO - Started process (PID=21357) to work on /home/raj/Downloads/kafka_2.13-3.5.1/airflow-env/lib64/python3.11/site-packages/airflow/example_dags/example_short_circuit_operator.py
[2023-10-07T04:26:32.942+0530] {processor.py:829} INFO - Processing file /home/raj/Downloads/kafka_2.13-3.5.1/airflow-env/lib64/python3.11/site-packages/airflow/example_dags/example_short_circuit_operator.py for tasks to queue
[2023-10-07T04:26:32.943+0530] {logging_mixin.py:151} INFO - [2023-10-07T04:26:32.942+0530] {dagbag.py:539} INFO - Filling up the DagBag from /home/raj/Downloads/kafka_2.13-3.5.1/airflow-env/lib64/python3.11/site-packages/airflow/example_dags/example_short_circuit_operator.py
[2023-10-07T04:26:32.951+0530] {processor.py:839} INFO - DAG(s) dict_keys(['example_short_circuit_operator']) retrieved from /home/raj/Downloads/kafka_2.13-3.5.1/airflow-env/lib64/python3.11/site-packages/airflow/example_dags/example_short_circuit_operator.py
[2023-10-07T04:26:32.977+0530] {logging_mixin.py:151} INFO - [2023-10-07T04:26:32.976+0530] {dag.py:2915} INFO - Sync 1 DAGs
[2023-10-07T04:26:32.998+0530] {logging_mixin.py:151} INFO - [2023-10-07T04:26:32.998+0530] {dag.py:3696} INFO - Setting next_dagrun for example_short_circuit_operator to 2023-10-05T22:56:32.997883+00:00, run_after=2023-10-06T22:56:32.997883+00:00
[2023-10-07T04:26:33.025+0530] {processor.py:179} INFO - Processing /home/raj/Downloads/kafka_2.13-3.5.1/airflow-env/lib64/python3.11/site-packages/airflow/example_dags/example_short_circuit_operator.py took 0.087 seconds
[2023-10-07T04:27:21.662+0530] {processor.py:157} INFO - Started process (PID=21540) to work on /home/raj/Downloads/kafka_2.13-3.5.1/airflow-env/lib64/python3.11/site-packages/airflow/example_dags/example_short_circuit_operator.py
[2023-10-07T04:27:21.673+0530] {processor.py:829} INFO - Processing file /home/raj/Downloads/kafka_2.13-3.5.1/airflow-env/lib64/python3.11/site-packages/airflow/example_dags/example_short_circuit_operator.py for tasks to queue
[2023-10-07T04:27:21.675+0530] {logging_mixin.py:151} INFO - [2023-10-07T04:27:21.674+0530] {dagbag.py:539} INFO - Filling up the DagBag from /home/raj/Downloads/kafka_2.13-3.5.1/airflow-env/lib64/python3.11/site-packages/airflow/example_dags/example_short_circuit_operator.py
[2023-10-07T04:27:21.692+0530] {processor.py:839} INFO - DAG(s) dict_keys(['example_short_circuit_operator']) retrieved from /home/raj/Downloads/kafka_2.13-3.5.1/airflow-env/lib64/python3.11/site-packages/airflow/example_dags/example_short_circuit_operator.py
[2023-10-07T04:27:21.722+0530] {logging_mixin.py:151} INFO - [2023-10-07T04:27:21.722+0530] {dag.py:2915} INFO - Sync 1 DAGs
[2023-10-07T04:27:21.737+0530] {logging_mixin.py:151} INFO - [2023-10-07T04:27:21.737+0530] {dag.py:3696} INFO - Setting next_dagrun for example_short_circuit_operator to 2023-10-05T22:57:21.737609+00:00, run_after=2023-10-06T22:57:21.737609+00:00
[2023-10-07T04:27:21.758+0530] {processor.py:179} INFO - Processing /home/raj/Downloads/kafka_2.13-3.5.1/airflow-env/lib64/python3.11/site-packages/airflow/example_dags/example_short_circuit_operator.py took 0.102 seconds
[2023-10-07T04:28:15.819+0530] {processor.py:157} INFO - Started process (PID=21605) to work on /home/raj/Downloads/kafka_2.13-3.5.1/airflow-env/lib64/python3.11/site-packages/airflow/example_dags/example_short_circuit_operator.py
[2023-10-07T04:28:15.830+0530] {processor.py:829} INFO - Processing file /home/raj/Downloads/kafka_2.13-3.5.1/airflow-env/lib64/python3.11/site-packages/airflow/example_dags/example_short_circuit_operator.py for tasks to queue
[2023-10-07T04:28:15.832+0530] {logging_mixin.py:151} INFO - [2023-10-07T04:28:15.831+0530] {dagbag.py:539} INFO - Filling up the DagBag from /home/raj/Downloads/kafka_2.13-3.5.1/airflow-env/lib64/python3.11/site-packages/airflow/example_dags/example_short_circuit_operator.py
[2023-10-07T04:28:15.853+0530] {processor.py:839} INFO - DAG(s) dict_keys(['example_short_circuit_operator']) retrieved from /home/raj/Downloads/kafka_2.13-3.5.1/airflow-env/lib64/python3.11/site-packages/airflow/example_dags/example_short_circuit_operator.py
[2023-10-07T04:28:15.884+0530] {logging_mixin.py:151} INFO - [2023-10-07T04:28:15.883+0530] {dag.py:2915} INFO - Sync 1 DAGs
[2023-10-07T04:28:15.901+0530] {logging_mixin.py:151} INFO - [2023-10-07T04:28:15.901+0530] {dag.py:3696} INFO - Setting next_dagrun for example_short_circuit_operator to 2023-10-05T22:58:15.901558+00:00, run_after=2023-10-06T22:58:15.901558+00:00
[2023-10-07T04:28:15.923+0530] {processor.py:179} INFO - Processing /home/raj/Downloads/kafka_2.13-3.5.1/airflow-env/lib64/python3.11/site-packages/airflow/example_dags/example_short_circuit_operator.py took 0.110 seconds
[2023-10-07T04:29:08.265+0530] {processor.py:157} INFO - Started process (PID=21739) to work on /home/raj/Downloads/kafka_2.13-3.5.1/airflow-env/lib64/python3.11/site-packages/airflow/example_dags/example_short_circuit_operator.py
[2023-10-07T04:29:08.276+0530] {processor.py:829} INFO - Processing file /home/raj/Downloads/kafka_2.13-3.5.1/airflow-env/lib64/python3.11/site-packages/airflow/example_dags/example_short_circuit_operator.py for tasks to queue
[2023-10-07T04:29:08.278+0530] {logging_mixin.py:151} INFO - [2023-10-07T04:29:08.277+0530] {dagbag.py:539} INFO - Filling up the DagBag from /home/raj/Downloads/kafka_2.13-3.5.1/airflow-env/lib64/python3.11/site-packages/airflow/example_dags/example_short_circuit_operator.py
[2023-10-07T04:29:08.296+0530] {processor.py:839} INFO - DAG(s) dict_keys(['example_short_circuit_operator']) retrieved from /home/raj/Downloads/kafka_2.13-3.5.1/airflow-env/lib64/python3.11/site-packages/airflow/example_dags/example_short_circuit_operator.py
[2023-10-07T04:29:08.326+0530] {logging_mixin.py:151} INFO - [2023-10-07T04:29:08.326+0530] {dag.py:2915} INFO - Sync 1 DAGs
[2023-10-07T04:29:08.342+0530] {logging_mixin.py:151} INFO - [2023-10-07T04:29:08.342+0530] {dag.py:3696} INFO - Setting next_dagrun for example_short_circuit_operator to 2023-10-05T22:59:08.342437+00:00, run_after=2023-10-06T22:59:08.342437+00:00
[2023-10-07T04:29:08.362+0530] {processor.py:179} INFO - Processing /home/raj/Downloads/kafka_2.13-3.5.1/airflow-env/lib64/python3.11/site-packages/airflow/example_dags/example_short_circuit_operator.py took 0.102 seconds
[2023-10-07T04:40:47.364+0530] {processor.py:157} INFO - Started process (PID=9636) to work on /home/raj/Downloads/kafka_2.13-3.5.1/airflow-env/lib64/python3.11/site-packages/airflow/example_dags/example_short_circuit_operator.py
[2023-10-07T04:40:47.375+0530] {processor.py:829} INFO - Processing file /home/raj/Downloads/kafka_2.13-3.5.1/airflow-env/lib64/python3.11/site-packages/airflow/example_dags/example_short_circuit_operator.py for tasks to queue
[2023-10-07T04:40:47.376+0530] {logging_mixin.py:151} INFO - [2023-10-07T04:40:47.376+0530] {dagbag.py:539} INFO - Filling up the DagBag from /home/raj/Downloads/kafka_2.13-3.5.1/airflow-env/lib64/python3.11/site-packages/airflow/example_dags/example_short_circuit_operator.py
[2023-10-07T04:40:47.391+0530] {processor.py:839} INFO - DAG(s) dict_keys(['example_short_circuit_operator']) retrieved from /home/raj/Downloads/kafka_2.13-3.5.1/airflow-env/lib64/python3.11/site-packages/airflow/example_dags/example_short_circuit_operator.py
[2023-10-07T04:40:47.424+0530] {logging_mixin.py:151} INFO - [2023-10-07T04:40:47.424+0530] {dag.py:2915} INFO - Sync 1 DAGs
[2023-10-07T04:40:47.441+0530] {logging_mixin.py:151} INFO - [2023-10-07T04:40:47.441+0530] {dag.py:3696} INFO - Setting next_dagrun for example_short_circuit_operator to 2023-10-05T23:10:47.441417+00:00, run_after=2023-10-06T23:10:47.441417+00:00
[2023-10-07T04:40:47.461+0530] {processor.py:179} INFO - Processing /home/raj/Downloads/kafka_2.13-3.5.1/airflow-env/lib64/python3.11/site-packages/airflow/example_dags/example_short_circuit_operator.py took 0.102 seconds
[2023-10-07T04:41:34.121+0530] {processor.py:157} INFO - Started process (PID=10021) to work on /home/raj/Downloads/kafka_2.13-3.5.1/airflow-env/lib64/python3.11/site-packages/airflow/example_dags/example_short_circuit_operator.py
[2023-10-07T04:41:34.132+0530] {processor.py:829} INFO - Processing file /home/raj/Downloads/kafka_2.13-3.5.1/airflow-env/lib64/python3.11/site-packages/airflow/example_dags/example_short_circuit_operator.py for tasks to queue
[2023-10-07T04:41:34.134+0530] {logging_mixin.py:151} INFO - [2023-10-07T04:41:34.133+0530] {dagbag.py:539} INFO - Filling up the DagBag from /home/raj/Downloads/kafka_2.13-3.5.1/airflow-env/lib64/python3.11/site-packages/airflow/example_dags/example_short_circuit_operator.py
[2023-10-07T04:41:34.150+0530] {processor.py:839} INFO - DAG(s) dict_keys(['example_short_circuit_operator']) retrieved from /home/raj/Downloads/kafka_2.13-3.5.1/airflow-env/lib64/python3.11/site-packages/airflow/example_dags/example_short_circuit_operator.py
[2023-10-07T04:41:34.182+0530] {logging_mixin.py:151} INFO - [2023-10-07T04:41:34.182+0530] {dag.py:2915} INFO - Sync 1 DAGs
[2023-10-07T04:41:34.197+0530] {logging_mixin.py:151} INFO - [2023-10-07T04:41:34.197+0530] {dag.py:3696} INFO - Setting next_dagrun for example_short_circuit_operator to 2023-10-05T23:11:34.197206+00:00, run_after=2023-10-06T23:11:34.197206+00:00
[2023-10-07T04:41:34.215+0530] {processor.py:179} INFO - Processing /home/raj/Downloads/kafka_2.13-3.5.1/airflow-env/lib64/python3.11/site-packages/airflow/example_dags/example_short_circuit_operator.py took 0.099 seconds
[2023-10-07T04:42:21.997+0530] {processor.py:157} INFO - Started process (PID=10190) to work on /home/raj/Downloads/kafka_2.13-3.5.1/airflow-env/lib64/python3.11/site-packages/airflow/example_dags/example_short_circuit_operator.py
[2023-10-07T04:42:22.008+0530] {processor.py:829} INFO - Processing file /home/raj/Downloads/kafka_2.13-3.5.1/airflow-env/lib64/python3.11/site-packages/airflow/example_dags/example_short_circuit_operator.py for tasks to queue
[2023-10-07T04:42:22.010+0530] {logging_mixin.py:151} INFO - [2023-10-07T04:42:22.009+0530] {dagbag.py:539} INFO - Filling up the DagBag from /home/raj/Downloads/kafka_2.13-3.5.1/airflow-env/lib64/python3.11/site-packages/airflow/example_dags/example_short_circuit_operator.py
[2023-10-07T04:42:22.026+0530] {processor.py:839} INFO - DAG(s) dict_keys(['example_short_circuit_operator']) retrieved from /home/raj/Downloads/kafka_2.13-3.5.1/airflow-env/lib64/python3.11/site-packages/airflow/example_dags/example_short_circuit_operator.py
[2023-10-07T04:42:22.057+0530] {logging_mixin.py:151} INFO - [2023-10-07T04:42:22.056+0530] {dag.py:2915} INFO - Sync 1 DAGs
[2023-10-07T04:42:22.072+0530] {logging_mixin.py:151} INFO - [2023-10-07T04:42:22.071+0530] {dag.py:3696} INFO - Setting next_dagrun for example_short_circuit_operator to 2023-10-05T23:12:22.071799+00:00, run_after=2023-10-06T23:12:22.071799+00:00
[2023-10-07T04:42:22.089+0530] {processor.py:179} INFO - Processing /home/raj/Downloads/kafka_2.13-3.5.1/airflow-env/lib64/python3.11/site-packages/airflow/example_dags/example_short_circuit_operator.py took 0.097 seconds
[2023-10-07T04:43:37.542+0530] {processor.py:157} INFO - Started process (PID=10390) to work on /home/raj/Downloads/kafka_2.13-3.5.1/airflow-env/lib64/python3.11/site-packages/airflow/example_dags/example_short_circuit_operator.py
[2023-10-07T04:43:37.552+0530] {processor.py:829} INFO - Processing file /home/raj/Downloads/kafka_2.13-3.5.1/airflow-env/lib64/python3.11/site-packages/airflow/example_dags/example_short_circuit_operator.py for tasks to queue
[2023-10-07T04:43:37.553+0530] {logging_mixin.py:151} INFO - [2023-10-07T04:43:37.553+0530] {dagbag.py:539} INFO - Filling up the DagBag from /home/raj/Downloads/kafka_2.13-3.5.1/airflow-env/lib64/python3.11/site-packages/airflow/example_dags/example_short_circuit_operator.py
[2023-10-07T04:43:37.562+0530] {processor.py:839} INFO - DAG(s) dict_keys(['example_short_circuit_operator']) retrieved from /home/raj/Downloads/kafka_2.13-3.5.1/airflow-env/lib64/python3.11/site-packages/airflow/example_dags/example_short_circuit_operator.py
[2023-10-07T04:43:37.583+0530] {logging_mixin.py:151} INFO - [2023-10-07T04:43:37.582+0530] {dag.py:2915} INFO - Sync 1 DAGs
[2023-10-07T04:43:37.605+0530] {logging_mixin.py:151} INFO - [2023-10-07T04:43:37.605+0530] {dag.py:3696} INFO - Setting next_dagrun for example_short_circuit_operator to 2023-10-05T23:13:37.604902+00:00, run_after=2023-10-06T23:13:37.604902+00:00
[2023-10-07T04:43:37.625+0530] {processor.py:179} INFO - Processing /home/raj/Downloads/kafka_2.13-3.5.1/airflow-env/lib64/python3.11/site-packages/airflow/example_dags/example_short_circuit_operator.py took 0.086 seconds
[2023-10-07T04:44:25.410+0530] {processor.py:157} INFO - Started process (PID=10496) to work on /home/raj/Downloads/kafka_2.13-3.5.1/airflow-env/lib64/python3.11/site-packages/airflow/example_dags/example_short_circuit_operator.py
[2023-10-07T04:44:25.421+0530] {processor.py:829} INFO - Processing file /home/raj/Downloads/kafka_2.13-3.5.1/airflow-env/lib64/python3.11/site-packages/airflow/example_dags/example_short_circuit_operator.py for tasks to queue
[2023-10-07T04:44:25.423+0530] {logging_mixin.py:151} INFO - [2023-10-07T04:44:25.422+0530] {dagbag.py:539} INFO - Filling up the DagBag from /home/raj/Downloads/kafka_2.13-3.5.1/airflow-env/lib64/python3.11/site-packages/airflow/example_dags/example_short_circuit_operator.py
[2023-10-07T04:44:25.440+0530] {processor.py:839} INFO - DAG(s) dict_keys(['example_short_circuit_operator']) retrieved from /home/raj/Downloads/kafka_2.13-3.5.1/airflow-env/lib64/python3.11/site-packages/airflow/example_dags/example_short_circuit_operator.py
[2023-10-07T04:44:25.472+0530] {logging_mixin.py:151} INFO - [2023-10-07T04:44:25.472+0530] {dag.py:2915} INFO - Sync 1 DAGs
[2023-10-07T04:44:25.487+0530] {logging_mixin.py:151} INFO - [2023-10-07T04:44:25.487+0530] {dag.py:3696} INFO - Setting next_dagrun for example_short_circuit_operator to 2023-10-05T23:14:25.487235+00:00, run_after=2023-10-06T23:14:25.487235+00:00
[2023-10-07T04:44:25.507+0530] {processor.py:179} INFO - Processing /home/raj/Downloads/kafka_2.13-3.5.1/airflow-env/lib64/python3.11/site-packages/airflow/example_dags/example_short_circuit_operator.py took 0.102 seconds
[2023-10-07T04:45:14.673+0530] {processor.py:157} INFO - Started process (PID=10653) to work on /home/raj/Downloads/kafka_2.13-3.5.1/airflow-env/lib64/python3.11/site-packages/airflow/example_dags/example_short_circuit_operator.py
[2023-10-07T04:45:14.674+0530] {processor.py:829} INFO - Processing file /home/raj/Downloads/kafka_2.13-3.5.1/airflow-env/lib64/python3.11/site-packages/airflow/example_dags/example_short_circuit_operator.py for tasks to queue
[2023-10-07T04:45:14.676+0530] {logging_mixin.py:151} INFO - [2023-10-07T04:45:14.675+0530] {dagbag.py:539} INFO - Filling up the DagBag from /home/raj/Downloads/kafka_2.13-3.5.1/airflow-env/lib64/python3.11/site-packages/airflow/example_dags/example_short_circuit_operator.py
[2023-10-07T04:45:14.694+0530] {processor.py:839} INFO - DAG(s) dict_keys(['example_short_circuit_operator']) retrieved from /home/raj/Downloads/kafka_2.13-3.5.1/airflow-env/lib64/python3.11/site-packages/airflow/example_dags/example_short_circuit_operator.py
[2023-10-07T04:45:14.718+0530] {logging_mixin.py:151} INFO - [2023-10-07T04:45:14.718+0530] {dag.py:2915} INFO - Sync 1 DAGs
[2023-10-07T04:45:14.736+0530] {logging_mixin.py:151} INFO - [2023-10-07T04:45:14.736+0530] {dag.py:3696} INFO - Setting next_dagrun for example_short_circuit_operator to 2023-10-05T23:15:14.736188+00:00, run_after=2023-10-06T23:15:14.736188+00:00
[2023-10-07T04:45:14.755+0530] {processor.py:179} INFO - Processing /home/raj/Downloads/kafka_2.13-3.5.1/airflow-env/lib64/python3.11/site-packages/airflow/example_dags/example_short_circuit_operator.py took 0.087 seconds
[2023-10-07T04:46:10.937+0530] {processor.py:157} INFO - Started process (PID=10850) to work on /home/raj/Downloads/kafka_2.13-3.5.1/airflow-env/lib64/python3.11/site-packages/airflow/example_dags/example_short_circuit_operator.py
[2023-10-07T04:46:10.948+0530] {processor.py:829} INFO - Processing file /home/raj/Downloads/kafka_2.13-3.5.1/airflow-env/lib64/python3.11/site-packages/airflow/example_dags/example_short_circuit_operator.py for tasks to queue
[2023-10-07T04:46:10.949+0530] {logging_mixin.py:151} INFO - [2023-10-07T04:46:10.949+0530] {dagbag.py:539} INFO - Filling up the DagBag from /home/raj/Downloads/kafka_2.13-3.5.1/airflow-env/lib64/python3.11/site-packages/airflow/example_dags/example_short_circuit_operator.py
[2023-10-07T04:46:10.962+0530] {processor.py:839} INFO - DAG(s) dict_keys(['example_short_circuit_operator']) retrieved from /home/raj/Downloads/kafka_2.13-3.5.1/airflow-env/lib64/python3.11/site-packages/airflow/example_dags/example_short_circuit_operator.py
[2023-10-07T04:46:10.987+0530] {logging_mixin.py:151} INFO - [2023-10-07T04:46:10.986+0530] {dag.py:2915} INFO - Sync 1 DAGs
[2023-10-07T04:46:11.010+0530] {logging_mixin.py:151} INFO - [2023-10-07T04:46:11.010+0530] {dag.py:3696} INFO - Setting next_dagrun for example_short_circuit_operator to 2023-10-05T23:16:11.010071+00:00, run_after=2023-10-06T23:16:11.010071+00:00
[2023-10-07T04:46:11.037+0530] {processor.py:179} INFO - Processing /home/raj/Downloads/kafka_2.13-3.5.1/airflow-env/lib64/python3.11/site-packages/airflow/example_dags/example_short_circuit_operator.py took 0.103 seconds
[2023-10-07T04:47:06.294+0530] {processor.py:157} INFO - Started process (PID=10957) to work on /home/raj/Downloads/kafka_2.13-3.5.1/airflow-env/lib64/python3.11/site-packages/airflow/example_dags/example_short_circuit_operator.py
[2023-10-07T04:47:06.305+0530] {processor.py:829} INFO - Processing file /home/raj/Downloads/kafka_2.13-3.5.1/airflow-env/lib64/python3.11/site-packages/airflow/example_dags/example_short_circuit_operator.py for tasks to queue
[2023-10-07T04:47:06.306+0530] {logging_mixin.py:151} INFO - [2023-10-07T04:47:06.305+0530] {dagbag.py:539} INFO - Filling up the DagBag from /home/raj/Downloads/kafka_2.13-3.5.1/airflow-env/lib64/python3.11/site-packages/airflow/example_dags/example_short_circuit_operator.py
[2023-10-07T04:47:06.315+0530] {processor.py:839} INFO - DAG(s) dict_keys(['example_short_circuit_operator']) retrieved from /home/raj/Downloads/kafka_2.13-3.5.1/airflow-env/lib64/python3.11/site-packages/airflow/example_dags/example_short_circuit_operator.py
[2023-10-07T04:47:06.333+0530] {logging_mixin.py:151} INFO - [2023-10-07T04:47:06.333+0530] {dag.py:2915} INFO - Sync 1 DAGs
[2023-10-07T04:47:06.352+0530] {logging_mixin.py:151} INFO - [2023-10-07T04:47:06.352+0530] {dag.py:3696} INFO - Setting next_dagrun for example_short_circuit_operator to 2023-10-05T23:17:06.352387+00:00, run_after=2023-10-06T23:17:06.352387+00:00
[2023-10-07T04:47:06.374+0530] {processor.py:179} INFO - Processing /home/raj/Downloads/kafka_2.13-3.5.1/airflow-env/lib64/python3.11/site-packages/airflow/example_dags/example_short_circuit_operator.py took 0.083 seconds
[2023-10-07T04:47:54.307+0530] {processor.py:157} INFO - Started process (PID=11040) to work on /home/raj/Downloads/kafka_2.13-3.5.1/airflow-env/lib64/python3.11/site-packages/airflow/example_dags/example_short_circuit_operator.py
[2023-10-07T04:47:54.317+0530] {processor.py:829} INFO - Processing file /home/raj/Downloads/kafka_2.13-3.5.1/airflow-env/lib64/python3.11/site-packages/airflow/example_dags/example_short_circuit_operator.py for tasks to queue
[2023-10-07T04:47:54.318+0530] {logging_mixin.py:151} INFO - [2023-10-07T04:47:54.318+0530] {dagbag.py:539} INFO - Filling up the DagBag from /home/raj/Downloads/kafka_2.13-3.5.1/airflow-env/lib64/python3.11/site-packages/airflow/example_dags/example_short_circuit_operator.py
[2023-10-07T04:47:54.332+0530] {processor.py:839} INFO - DAG(s) dict_keys(['example_short_circuit_operator']) retrieved from /home/raj/Downloads/kafka_2.13-3.5.1/airflow-env/lib64/python3.11/site-packages/airflow/example_dags/example_short_circuit_operator.py
[2023-10-07T04:47:54.348+0530] {logging_mixin.py:151} INFO - [2023-10-07T04:47:54.348+0530] {dag.py:2915} INFO - Sync 1 DAGs
[2023-10-07T04:47:54.368+0530] {logging_mixin.py:151} INFO - [2023-10-07T04:47:54.368+0530] {dag.py:3696} INFO - Setting next_dagrun for example_short_circuit_operator to 2023-10-05T23:17:54.368247+00:00, run_after=2023-10-06T23:17:54.368247+00:00
[2023-10-07T04:47:54.393+0530] {processor.py:179} INFO - Processing /home/raj/Downloads/kafka_2.13-3.5.1/airflow-env/lib64/python3.11/site-packages/airflow/example_dags/example_short_circuit_operator.py took 0.089 seconds
[2023-10-07T04:48:49.211+0530] {processor.py:157} INFO - Started process (PID=11148) to work on /home/raj/Downloads/kafka_2.13-3.5.1/airflow-env/lib64/python3.11/site-packages/airflow/example_dags/example_short_circuit_operator.py
[2023-10-07T04:48:49.222+0530] {processor.py:829} INFO - Processing file /home/raj/Downloads/kafka_2.13-3.5.1/airflow-env/lib64/python3.11/site-packages/airflow/example_dags/example_short_circuit_operator.py for tasks to queue
[2023-10-07T04:48:49.223+0530] {logging_mixin.py:151} INFO - [2023-10-07T04:48:49.223+0530] {dagbag.py:539} INFO - Filling up the DagBag from /home/raj/Downloads/kafka_2.13-3.5.1/airflow-env/lib64/python3.11/site-packages/airflow/example_dags/example_short_circuit_operator.py
[2023-10-07T04:48:49.241+0530] {processor.py:839} INFO - DAG(s) dict_keys(['example_short_circuit_operator']) retrieved from /home/raj/Downloads/kafka_2.13-3.5.1/airflow-env/lib64/python3.11/site-packages/airflow/example_dags/example_short_circuit_operator.py
[2023-10-07T04:48:49.256+0530] {logging_mixin.py:151} INFO - [2023-10-07T04:48:49.256+0530] {dag.py:2915} INFO - Sync 1 DAGs
[2023-10-07T04:48:49.272+0530] {logging_mixin.py:151} INFO - [2023-10-07T04:48:49.272+0530] {dag.py:3696} INFO - Setting next_dagrun for example_short_circuit_operator to 2023-10-05T23:18:49.272133+00:00, run_after=2023-10-06T23:18:49.272133+00:00
[2023-10-07T04:48:49.289+0530] {processor.py:179} INFO - Processing /home/raj/Downloads/kafka_2.13-3.5.1/airflow-env/lib64/python3.11/site-packages/airflow/example_dags/example_short_circuit_operator.py took 0.083 seconds
[2023-10-07T04:49:43.612+0530] {processor.py:157} INFO - Started process (PID=11258) to work on /home/raj/Downloads/kafka_2.13-3.5.1/airflow-env/lib64/python3.11/site-packages/airflow/example_dags/example_short_circuit_operator.py
[2023-10-07T04:49:43.614+0530] {processor.py:829} INFO - Processing file /home/raj/Downloads/kafka_2.13-3.5.1/airflow-env/lib64/python3.11/site-packages/airflow/example_dags/example_short_circuit_operator.py for tasks to queue
[2023-10-07T04:49:43.615+0530] {logging_mixin.py:151} INFO - [2023-10-07T04:49:43.614+0530] {dagbag.py:539} INFO - Filling up the DagBag from /home/raj/Downloads/kafka_2.13-3.5.1/airflow-env/lib64/python3.11/site-packages/airflow/example_dags/example_short_circuit_operator.py
[2023-10-07T04:49:43.626+0530] {processor.py:839} INFO - DAG(s) dict_keys(['example_short_circuit_operator']) retrieved from /home/raj/Downloads/kafka_2.13-3.5.1/airflow-env/lib64/python3.11/site-packages/airflow/example_dags/example_short_circuit_operator.py
[2023-10-07T04:49:43.643+0530] {logging_mixin.py:151} INFO - [2023-10-07T04:49:43.643+0530] {dag.py:2915} INFO - Sync 1 DAGs
[2023-10-07T04:49:43.667+0530] {logging_mixin.py:151} INFO - [2023-10-07T04:49:43.667+0530] {dag.py:3696} INFO - Setting next_dagrun for example_short_circuit_operator to 2023-10-05T23:19:43.667433+00:00, run_after=2023-10-06T23:19:43.667433+00:00
[2023-10-07T04:49:43.691+0530] {processor.py:179} INFO - Processing /home/raj/Downloads/kafka_2.13-3.5.1/airflow-env/lib64/python3.11/site-packages/airflow/example_dags/example_short_circuit_operator.py took 0.084 seconds
[2023-10-07T04:50:38.865+0530] {processor.py:157} INFO - Started process (PID=11353) to work on /home/raj/Downloads/kafka_2.13-3.5.1/airflow-env/lib64/python3.11/site-packages/airflow/example_dags/example_short_circuit_operator.py
[2023-10-07T04:50:38.867+0530] {processor.py:829} INFO - Processing file /home/raj/Downloads/kafka_2.13-3.5.1/airflow-env/lib64/python3.11/site-packages/airflow/example_dags/example_short_circuit_operator.py for tasks to queue
[2023-10-07T04:50:38.868+0530] {logging_mixin.py:151} INFO - [2023-10-07T04:50:38.867+0530] {dagbag.py:539} INFO - Filling up the DagBag from /home/raj/Downloads/kafka_2.13-3.5.1/airflow-env/lib64/python3.11/site-packages/airflow/example_dags/example_short_circuit_operator.py
[2023-10-07T04:50:38.887+0530] {processor.py:839} INFO - DAG(s) dict_keys(['example_short_circuit_operator']) retrieved from /home/raj/Downloads/kafka_2.13-3.5.1/airflow-env/lib64/python3.11/site-packages/airflow/example_dags/example_short_circuit_operator.py
[2023-10-07T04:50:38.910+0530] {logging_mixin.py:151} INFO - [2023-10-07T04:50:38.910+0530] {dag.py:2915} INFO - Sync 1 DAGs
[2023-10-07T04:50:38.926+0530] {logging_mixin.py:151} INFO - [2023-10-07T04:50:38.926+0530] {dag.py:3696} INFO - Setting next_dagrun for example_short_circuit_operator to 2023-10-05T23:20:38.925944+00:00, run_after=2023-10-06T23:20:38.925944+00:00
[2023-10-07T04:50:38.943+0530] {processor.py:179} INFO - Processing /home/raj/Downloads/kafka_2.13-3.5.1/airflow-env/lib64/python3.11/site-packages/airflow/example_dags/example_short_circuit_operator.py took 0.084 seconds
[2023-10-07T04:51:27.146+0530] {processor.py:157} INFO - Started process (PID=11442) to work on /home/raj/Downloads/kafka_2.13-3.5.1/airflow-env/lib64/python3.11/site-packages/airflow/example_dags/example_short_circuit_operator.py
[2023-10-07T04:51:27.157+0530] {processor.py:829} INFO - Processing file /home/raj/Downloads/kafka_2.13-3.5.1/airflow-env/lib64/python3.11/site-packages/airflow/example_dags/example_short_circuit_operator.py for tasks to queue
[2023-10-07T04:51:27.158+0530] {logging_mixin.py:151} INFO - [2023-10-07T04:51:27.157+0530] {dagbag.py:539} INFO - Filling up the DagBag from /home/raj/Downloads/kafka_2.13-3.5.1/airflow-env/lib64/python3.11/site-packages/airflow/example_dags/example_short_circuit_operator.py
[2023-10-07T04:51:27.172+0530] {processor.py:839} INFO - DAG(s) dict_keys(['example_short_circuit_operator']) retrieved from /home/raj/Downloads/kafka_2.13-3.5.1/airflow-env/lib64/python3.11/site-packages/airflow/example_dags/example_short_circuit_operator.py
[2023-10-07T04:51:27.193+0530] {logging_mixin.py:151} INFO - [2023-10-07T04:51:27.193+0530] {dag.py:2915} INFO - Sync 1 DAGs
[2023-10-07T04:51:27.209+0530] {logging_mixin.py:151} INFO - [2023-10-07T04:51:27.209+0530] {dag.py:3696} INFO - Setting next_dagrun for example_short_circuit_operator to 2023-10-05T23:21:27.209125+00:00, run_after=2023-10-06T23:21:27.209125+00:00
[2023-10-07T04:51:27.229+0530] {processor.py:179} INFO - Processing /home/raj/Downloads/kafka_2.13-3.5.1/airflow-env/lib64/python3.11/site-packages/airflow/example_dags/example_short_circuit_operator.py took 0.086 seconds
[2023-10-07T04:52:22.625+0530] {processor.py:157} INFO - Started process (PID=11722) to work on /home/raj/Downloads/kafka_2.13-3.5.1/airflow-env/lib64/python3.11/site-packages/airflow/example_dags/example_short_circuit_operator.py
[2023-10-07T04:52:22.636+0530] {processor.py:829} INFO - Processing file /home/raj/Downloads/kafka_2.13-3.5.1/airflow-env/lib64/python3.11/site-packages/airflow/example_dags/example_short_circuit_operator.py for tasks to queue
[2023-10-07T04:52:22.638+0530] {logging_mixin.py:151} INFO - [2023-10-07T04:52:22.637+0530] {dagbag.py:539} INFO - Filling up the DagBag from /home/raj/Downloads/kafka_2.13-3.5.1/airflow-env/lib64/python3.11/site-packages/airflow/example_dags/example_short_circuit_operator.py
[2023-10-07T04:52:22.655+0530] {processor.py:839} INFO - DAG(s) dict_keys(['example_short_circuit_operator']) retrieved from /home/raj/Downloads/kafka_2.13-3.5.1/airflow-env/lib64/python3.11/site-packages/airflow/example_dags/example_short_circuit_operator.py
[2023-10-07T04:52:22.688+0530] {logging_mixin.py:151} INFO - [2023-10-07T04:52:22.687+0530] {dag.py:2915} INFO - Sync 1 DAGs
[2023-10-07T04:52:22.703+0530] {logging_mixin.py:151} INFO - [2023-10-07T04:52:22.703+0530] {dag.py:3696} INFO - Setting next_dagrun for example_short_circuit_operator to 2023-10-05T23:22:22.702991+00:00, run_after=2023-10-06T23:22:22.702991+00:00
[2023-10-07T04:52:22.720+0530] {processor.py:179} INFO - Processing /home/raj/Downloads/kafka_2.13-3.5.1/airflow-env/lib64/python3.11/site-packages/airflow/example_dags/example_short_circuit_operator.py took 0.100 seconds
[2023-10-07T04:53:15.720+0530] {processor.py:157} INFO - Started process (PID=11867) to work on /home/raj/Downloads/kafka_2.13-3.5.1/airflow-env/lib64/python3.11/site-packages/airflow/example_dags/example_short_circuit_operator.py
[2023-10-07T04:53:15.730+0530] {processor.py:829} INFO - Processing file /home/raj/Downloads/kafka_2.13-3.5.1/airflow-env/lib64/python3.11/site-packages/airflow/example_dags/example_short_circuit_operator.py for tasks to queue
[2023-10-07T04:53:15.731+0530] {logging_mixin.py:151} INFO - [2023-10-07T04:53:15.731+0530] {dagbag.py:539} INFO - Filling up the DagBag from /home/raj/Downloads/kafka_2.13-3.5.1/airflow-env/lib64/python3.11/site-packages/airflow/example_dags/example_short_circuit_operator.py
[2023-10-07T04:53:15.742+0530] {processor.py:839} INFO - DAG(s) dict_keys(['example_short_circuit_operator']) retrieved from /home/raj/Downloads/kafka_2.13-3.5.1/airflow-env/lib64/python3.11/site-packages/airflow/example_dags/example_short_circuit_operator.py
[2023-10-07T04:53:15.760+0530] {logging_mixin.py:151} INFO - [2023-10-07T04:53:15.760+0530] {dag.py:2915} INFO - Sync 1 DAGs
[2023-10-07T04:53:15.781+0530] {logging_mixin.py:151} INFO - [2023-10-07T04:53:15.781+0530] {dag.py:3696} INFO - Setting next_dagrun for example_short_circuit_operator to 2023-10-05T23:23:15.781467+00:00, run_after=2023-10-06T23:23:15.781467+00:00
[2023-10-07T04:53:15.807+0530] {processor.py:179} INFO - Processing /home/raj/Downloads/kafka_2.13-3.5.1/airflow-env/lib64/python3.11/site-packages/airflow/example_dags/example_short_circuit_operator.py took 0.091 seconds
[2023-10-07T04:53:59.263+0530] {processor.py:157} INFO - Started process (PID=11963) to work on /home/raj/Downloads/kafka_2.13-3.5.1/airflow-env/lib64/python3.11/site-packages/airflow/example_dags/example_short_circuit_operator.py
[2023-10-07T04:53:59.274+0530] {processor.py:829} INFO - Processing file /home/raj/Downloads/kafka_2.13-3.5.1/airflow-env/lib64/python3.11/site-packages/airflow/example_dags/example_short_circuit_operator.py for tasks to queue
[2023-10-07T04:53:59.275+0530] {logging_mixin.py:151} INFO - [2023-10-07T04:53:59.275+0530] {dagbag.py:539} INFO - Filling up the DagBag from /home/raj/Downloads/kafka_2.13-3.5.1/airflow-env/lib64/python3.11/site-packages/airflow/example_dags/example_short_circuit_operator.py
[2023-10-07T04:53:59.293+0530] {processor.py:839} INFO - DAG(s) dict_keys(['example_short_circuit_operator']) retrieved from /home/raj/Downloads/kafka_2.13-3.5.1/airflow-env/lib64/python3.11/site-packages/airflow/example_dags/example_short_circuit_operator.py
[2023-10-07T04:53:59.325+0530] {logging_mixin.py:151} INFO - [2023-10-07T04:53:59.325+0530] {dag.py:2915} INFO - Sync 1 DAGs
[2023-10-07T04:53:59.341+0530] {logging_mixin.py:151} INFO - [2023-10-07T04:53:59.340+0530] {dag.py:3696} INFO - Setting next_dagrun for example_short_circuit_operator to 2023-10-05T23:23:59.340729+00:00, run_after=2023-10-06T23:23:59.340729+00:00
[2023-10-07T04:53:59.361+0530] {processor.py:179} INFO - Processing /home/raj/Downloads/kafka_2.13-3.5.1/airflow-env/lib64/python3.11/site-packages/airflow/example_dags/example_short_circuit_operator.py took 0.103 seconds
[2023-10-07T04:54:52.630+0530] {processor.py:157} INFO - Started process (PID=12079) to work on /home/raj/Downloads/kafka_2.13-3.5.1/airflow-env/lib64/python3.11/site-packages/airflow/example_dags/example_short_circuit_operator.py
[2023-10-07T04:54:52.641+0530] {processor.py:829} INFO - Processing file /home/raj/Downloads/kafka_2.13-3.5.1/airflow-env/lib64/python3.11/site-packages/airflow/example_dags/example_short_circuit_operator.py for tasks to queue
[2023-10-07T04:54:52.643+0530] {logging_mixin.py:151} INFO - [2023-10-07T04:54:52.642+0530] {dagbag.py:539} INFO - Filling up the DagBag from /home/raj/Downloads/kafka_2.13-3.5.1/airflow-env/lib64/python3.11/site-packages/airflow/example_dags/example_short_circuit_operator.py
[2023-10-07T04:54:52.653+0530] {processor.py:839} INFO - DAG(s) dict_keys(['example_short_circuit_operator']) retrieved from /home/raj/Downloads/kafka_2.13-3.5.1/airflow-env/lib64/python3.11/site-packages/airflow/example_dags/example_short_circuit_operator.py
[2023-10-07T04:54:52.672+0530] {logging_mixin.py:151} INFO - [2023-10-07T04:54:52.672+0530] {dag.py:2915} INFO - Sync 1 DAGs
[2023-10-07T04:54:52.693+0530] {logging_mixin.py:151} INFO - [2023-10-07T04:54:52.693+0530] {dag.py:3696} INFO - Setting next_dagrun for example_short_circuit_operator to 2023-10-05T23:24:52.692811+00:00, run_after=2023-10-06T23:24:52.692811+00:00
[2023-10-07T04:54:52.717+0530] {processor.py:179} INFO - Processing /home/raj/Downloads/kafka_2.13-3.5.1/airflow-env/lib64/python3.11/site-packages/airflow/example_dags/example_short_circuit_operator.py took 0.089 seconds
[2023-10-07T04:55:45.370+0530] {processor.py:157} INFO - Started process (PID=12211) to work on /home/raj/Downloads/kafka_2.13-3.5.1/airflow-env/lib64/python3.11/site-packages/airflow/example_dags/example_short_circuit_operator.py
[2023-10-07T04:55:45.381+0530] {processor.py:829} INFO - Processing file /home/raj/Downloads/kafka_2.13-3.5.1/airflow-env/lib64/python3.11/site-packages/airflow/example_dags/example_short_circuit_operator.py for tasks to queue
[2023-10-07T04:55:45.383+0530] {logging_mixin.py:151} INFO - [2023-10-07T04:55:45.382+0530] {dagbag.py:539} INFO - Filling up the DagBag from /home/raj/Downloads/kafka_2.13-3.5.1/airflow-env/lib64/python3.11/site-packages/airflow/example_dags/example_short_circuit_operator.py
[2023-10-07T04:55:45.403+0530] {processor.py:839} INFO - DAG(s) dict_keys(['example_short_circuit_operator']) retrieved from /home/raj/Downloads/kafka_2.13-3.5.1/airflow-env/lib64/python3.11/site-packages/airflow/example_dags/example_short_circuit_operator.py
[2023-10-07T04:55:45.431+0530] {logging_mixin.py:151} INFO - [2023-10-07T04:55:45.430+0530] {dag.py:2915} INFO - Sync 1 DAGs
[2023-10-07T04:55:45.448+0530] {logging_mixin.py:151} INFO - [2023-10-07T04:55:45.448+0530] {dag.py:3696} INFO - Setting next_dagrun for example_short_circuit_operator to 2023-10-05T23:25:45.448371+00:00, run_after=2023-10-06T23:25:45.448371+00:00
[2023-10-07T04:55:45.467+0530] {processor.py:179} INFO - Processing /home/raj/Downloads/kafka_2.13-3.5.1/airflow-env/lib64/python3.11/site-packages/airflow/example_dags/example_short_circuit_operator.py took 0.102 seconds
[2023-10-07T04:56:31.521+0530] {processor.py:157} INFO - Started process (PID=12277) to work on /home/raj/Downloads/kafka_2.13-3.5.1/airflow-env/lib64/python3.11/site-packages/airflow/example_dags/example_short_circuit_operator.py
[2023-10-07T04:56:31.531+0530] {processor.py:829} INFO - Processing file /home/raj/Downloads/kafka_2.13-3.5.1/airflow-env/lib64/python3.11/site-packages/airflow/example_dags/example_short_circuit_operator.py for tasks to queue
[2023-10-07T04:56:31.533+0530] {logging_mixin.py:151} INFO - [2023-10-07T04:56:31.532+0530] {dagbag.py:539} INFO - Filling up the DagBag from /home/raj/Downloads/kafka_2.13-3.5.1/airflow-env/lib64/python3.11/site-packages/airflow/example_dags/example_short_circuit_operator.py
[2023-10-07T04:56:31.547+0530] {processor.py:839} INFO - DAG(s) dict_keys(['example_short_circuit_operator']) retrieved from /home/raj/Downloads/kafka_2.13-3.5.1/airflow-env/lib64/python3.11/site-packages/airflow/example_dags/example_short_circuit_operator.py
[2023-10-07T04:56:31.564+0530] {logging_mixin.py:151} INFO - [2023-10-07T04:56:31.564+0530] {dag.py:2915} INFO - Sync 1 DAGs
[2023-10-07T04:56:31.584+0530] {logging_mixin.py:151} INFO - [2023-10-07T04:56:31.584+0530] {dag.py:3696} INFO - Setting next_dagrun for example_short_circuit_operator to 2023-10-05T23:26:31.584325+00:00, run_after=2023-10-06T23:26:31.584325+00:00
[2023-10-07T04:56:31.609+0530] {processor.py:179} INFO - Processing /home/raj/Downloads/kafka_2.13-3.5.1/airflow-env/lib64/python3.11/site-packages/airflow/example_dags/example_short_circuit_operator.py took 0.091 seconds
[2023-10-07T04:57:18.352+0530] {processor.py:157} INFO - Started process (PID=12422) to work on /home/raj/Downloads/kafka_2.13-3.5.1/airflow-env/lib64/python3.11/site-packages/airflow/example_dags/example_short_circuit_operator.py
[2023-10-07T04:57:18.362+0530] {processor.py:829} INFO - Processing file /home/raj/Downloads/kafka_2.13-3.5.1/airflow-env/lib64/python3.11/site-packages/airflow/example_dags/example_short_circuit_operator.py for tasks to queue
[2023-10-07T04:57:18.363+0530] {logging_mixin.py:151} INFO - [2023-10-07T04:57:18.363+0530] {dagbag.py:539} INFO - Filling up the DagBag from /home/raj/Downloads/kafka_2.13-3.5.1/airflow-env/lib64/python3.11/site-packages/airflow/example_dags/example_short_circuit_operator.py
[2023-10-07T04:57:18.371+0530] {processor.py:839} INFO - DAG(s) dict_keys(['example_short_circuit_operator']) retrieved from /home/raj/Downloads/kafka_2.13-3.5.1/airflow-env/lib64/python3.11/site-packages/airflow/example_dags/example_short_circuit_operator.py
[2023-10-07T04:57:18.389+0530] {logging_mixin.py:151} INFO - [2023-10-07T04:57:18.388+0530] {dag.py:2915} INFO - Sync 1 DAGs
[2023-10-07T04:57:18.405+0530] {logging_mixin.py:151} INFO - [2023-10-07T04:57:18.404+0530] {dag.py:3696} INFO - Setting next_dagrun for example_short_circuit_operator to 2023-10-05T23:27:18.404791+00:00, run_after=2023-10-06T23:27:18.404791+00:00
[2023-10-07T04:57:18.424+0530] {processor.py:179} INFO - Processing /home/raj/Downloads/kafka_2.13-3.5.1/airflow-env/lib64/python3.11/site-packages/airflow/example_dags/example_short_circuit_operator.py took 0.076 seconds
[2023-10-07T04:58:06.861+0530] {processor.py:157} INFO - Started process (PID=12502) to work on /home/raj/Downloads/kafka_2.13-3.5.1/airflow-env/lib64/python3.11/site-packages/airflow/example_dags/example_short_circuit_operator.py
[2023-10-07T04:58:06.872+0530] {processor.py:829} INFO - Processing file /home/raj/Downloads/kafka_2.13-3.5.1/airflow-env/lib64/python3.11/site-packages/airflow/example_dags/example_short_circuit_operator.py for tasks to queue
[2023-10-07T04:58:06.874+0530] {logging_mixin.py:151} INFO - [2023-10-07T04:58:06.873+0530] {dagbag.py:539} INFO - Filling up the DagBag from /home/raj/Downloads/kafka_2.13-3.5.1/airflow-env/lib64/python3.11/site-packages/airflow/example_dags/example_short_circuit_operator.py
[2023-10-07T04:58:06.890+0530] {processor.py:839} INFO - DAG(s) dict_keys(['example_short_circuit_operator']) retrieved from /home/raj/Downloads/kafka_2.13-3.5.1/airflow-env/lib64/python3.11/site-packages/airflow/example_dags/example_short_circuit_operator.py
[2023-10-07T04:58:06.922+0530] {logging_mixin.py:151} INFO - [2023-10-07T04:58:06.922+0530] {dag.py:2915} INFO - Sync 1 DAGs
[2023-10-07T04:58:06.941+0530] {logging_mixin.py:151} INFO - [2023-10-07T04:58:06.940+0530] {dag.py:3696} INFO - Setting next_dagrun for example_short_circuit_operator to 2023-10-05T23:28:06.940679+00:00, run_after=2023-10-06T23:28:06.940679+00:00
[2023-10-07T04:58:06.963+0530] {processor.py:179} INFO - Processing /home/raj/Downloads/kafka_2.13-3.5.1/airflow-env/lib64/python3.11/site-packages/airflow/example_dags/example_short_circuit_operator.py took 0.107 seconds
[2023-10-07T04:58:58.702+0530] {processor.py:157} INFO - Started process (PID=12639) to work on /home/raj/Downloads/kafka_2.13-3.5.1/airflow-env/lib64/python3.11/site-packages/airflow/example_dags/example_short_circuit_operator.py
[2023-10-07T04:58:58.713+0530] {processor.py:829} INFO - Processing file /home/raj/Downloads/kafka_2.13-3.5.1/airflow-env/lib64/python3.11/site-packages/airflow/example_dags/example_short_circuit_operator.py for tasks to queue
[2023-10-07T04:58:58.715+0530] {logging_mixin.py:151} INFO - [2023-10-07T04:58:58.714+0530] {dagbag.py:539} INFO - Filling up the DagBag from /home/raj/Downloads/kafka_2.13-3.5.1/airflow-env/lib64/python3.11/site-packages/airflow/example_dags/example_short_circuit_operator.py
[2023-10-07T04:58:58.736+0530] {processor.py:839} INFO - DAG(s) dict_keys(['example_short_circuit_operator']) retrieved from /home/raj/Downloads/kafka_2.13-3.5.1/airflow-env/lib64/python3.11/site-packages/airflow/example_dags/example_short_circuit_operator.py
[2023-10-07T04:58:58.767+0530] {logging_mixin.py:151} INFO - [2023-10-07T04:58:58.766+0530] {dag.py:2915} INFO - Sync 1 DAGs
[2023-10-07T04:58:58.787+0530] {logging_mixin.py:151} INFO - [2023-10-07T04:58:58.786+0530] {dag.py:3696} INFO - Setting next_dagrun for example_short_circuit_operator to 2023-10-05T23:28:58.786648+00:00, run_after=2023-10-06T23:28:58.786648+00:00
[2023-10-07T04:58:58.812+0530] {processor.py:179} INFO - Processing /home/raj/Downloads/kafka_2.13-3.5.1/airflow-env/lib64/python3.11/site-packages/airflow/example_dags/example_short_circuit_operator.py took 0.116 seconds
