[2023-10-07T03:59:55.696+0530] {processor.py:157} INFO - Started process (PID=18042) to work on /home/raj/Downloads/kafka_2.13-3.5.1/airflow-env/lib64/python3.11/site-packages/airflow/example_dags/example_python_operator.py
[2023-10-07T03:59:55.697+0530] {processor.py:829} INFO - Processing file /home/raj/Downloads/kafka_2.13-3.5.1/airflow-env/lib64/python3.11/site-packages/airflow/example_dags/example_python_operator.py for tasks to queue
[2023-10-07T03:59:55.699+0530] {logging_mixin.py:151} INFO - [2023-10-07T03:59:55.698+0530] {dagbag.py:539} INFO - Filling up the DagBag from /home/raj/Downloads/kafka_2.13-3.5.1/airflow-env/lib64/python3.11/site-packages/airflow/example_dags/example_python_operator.py
[2023-10-07T03:59:55.718+0530] {logging_mixin.py:151} INFO - [2023-10-07T03:59:55.717+0530] {example_python_operator.py:89} WARNING - The virtalenv_python example task requires virtualenv, please install it.
[2023-10-07T03:59:55.719+0530] {processor.py:839} INFO - DAG(s) dict_keys(['example_python_operator']) retrieved from /home/raj/Downloads/kafka_2.13-3.5.1/airflow-env/lib64/python3.11/site-packages/airflow/example_dags/example_python_operator.py
[2023-10-07T03:59:55.846+0530] {logging_mixin.py:151} INFO - [2023-10-07T03:59:55.846+0530] {manager.py:499} INFO - Created Permission View: %s
[2023-10-07T03:59:55.861+0530] {logging_mixin.py:151} INFO - [2023-10-07T03:59:55.860+0530] {manager.py:499} INFO - Created Permission View: %s
[2023-10-07T03:59:55.870+0530] {logging_mixin.py:151} INFO - [2023-10-07T03:59:55.870+0530] {manager.py:499} INFO - Created Permission View: %s
[2023-10-07T03:59:55.871+0530] {logging_mixin.py:151} INFO - [2023-10-07T03:59:55.870+0530] {security.py:708} INFO - Not syncing DAG-level permissions for DAG 'DAG:example_python_operator' as access control is unset.
[2023-10-07T03:59:55.871+0530] {logging_mixin.py:151} INFO - [2023-10-07T03:59:55.871+0530] {dag.py:2915} INFO - Sync 1 DAGs
[2023-10-07T03:59:55.883+0530] {logging_mixin.py:151} INFO - [2023-10-07T03:59:55.883+0530] {dag.py:2937} INFO - Creating ORM DAG for example_python_operator
[2023-10-07T03:59:55.884+0530] {logging_mixin.py:151} INFO - [2023-10-07T03:59:55.884+0530] {dag.py:3696} INFO - Setting next_dagrun for example_python_operator to None, run_after=None
[2023-10-07T03:59:55.908+0530] {processor.py:179} INFO - Processing /home/raj/Downloads/kafka_2.13-3.5.1/airflow-env/lib64/python3.11/site-packages/airflow/example_dags/example_python_operator.py took 0.219 seconds
[2023-10-07T04:00:46.375+0530] {processor.py:157} INFO - Started process (PID=18154) to work on /home/raj/Downloads/kafka_2.13-3.5.1/airflow-env/lib64/python3.11/site-packages/airflow/example_dags/example_python_operator.py
[2023-10-07T04:00:46.376+0530] {processor.py:829} INFO - Processing file /home/raj/Downloads/kafka_2.13-3.5.1/airflow-env/lib64/python3.11/site-packages/airflow/example_dags/example_python_operator.py for tasks to queue
[2023-10-07T04:00:46.378+0530] {logging_mixin.py:151} INFO - [2023-10-07T04:00:46.377+0530] {dagbag.py:539} INFO - Filling up the DagBag from /home/raj/Downloads/kafka_2.13-3.5.1/airflow-env/lib64/python3.11/site-packages/airflow/example_dags/example_python_operator.py
[2023-10-07T04:00:46.395+0530] {logging_mixin.py:151} INFO - [2023-10-07T04:00:46.395+0530] {example_python_operator.py:89} WARNING - The virtalenv_python example task requires virtualenv, please install it.
[2023-10-07T04:00:46.396+0530] {processor.py:839} INFO - DAG(s) dict_keys(['example_python_operator']) retrieved from /home/raj/Downloads/kafka_2.13-3.5.1/airflow-env/lib64/python3.11/site-packages/airflow/example_dags/example_python_operator.py
[2023-10-07T04:00:46.416+0530] {logging_mixin.py:151} INFO - [2023-10-07T04:00:46.416+0530] {dag.py:2915} INFO - Sync 1 DAGs
[2023-10-07T04:00:46.431+0530] {logging_mixin.py:151} INFO - [2023-10-07T04:00:46.431+0530] {dag.py:3696} INFO - Setting next_dagrun for example_python_operator to None, run_after=None
[2023-10-07T04:00:46.465+0530] {processor.py:179} INFO - Processing /home/raj/Downloads/kafka_2.13-3.5.1/airflow-env/lib64/python3.11/site-packages/airflow/example_dags/example_python_operator.py took 0.094 seconds
[2023-10-07T04:01:34.451+0530] {processor.py:157} INFO - Started process (PID=18302) to work on /home/raj/Downloads/kafka_2.13-3.5.1/airflow-env/lib64/python3.11/site-packages/airflow/example_dags/example_python_operator.py
[2023-10-07T04:01:34.462+0530] {processor.py:829} INFO - Processing file /home/raj/Downloads/kafka_2.13-3.5.1/airflow-env/lib64/python3.11/site-packages/airflow/example_dags/example_python_operator.py for tasks to queue
[2023-10-07T04:01:34.464+0530] {logging_mixin.py:151} INFO - [2023-10-07T04:01:34.463+0530] {dagbag.py:539} INFO - Filling up the DagBag from /home/raj/Downloads/kafka_2.13-3.5.1/airflow-env/lib64/python3.11/site-packages/airflow/example_dags/example_python_operator.py
[2023-10-07T04:01:34.472+0530] {logging_mixin.py:151} INFO - [2023-10-07T04:01:34.472+0530] {example_python_operator.py:89} WARNING - The virtalenv_python example task requires virtualenv, please install it.
[2023-10-07T04:01:34.472+0530] {processor.py:839} INFO - DAG(s) dict_keys(['example_python_operator']) retrieved from /home/raj/Downloads/kafka_2.13-3.5.1/airflow-env/lib64/python3.11/site-packages/airflow/example_dags/example_python_operator.py
[2023-10-07T04:01:34.488+0530] {logging_mixin.py:151} INFO - [2023-10-07T04:01:34.488+0530] {dag.py:2915} INFO - Sync 1 DAGs
[2023-10-07T04:01:34.498+0530] {logging_mixin.py:151} INFO - [2023-10-07T04:01:34.497+0530] {dag.py:3696} INFO - Setting next_dagrun for example_python_operator to None, run_after=None
[2023-10-07T04:01:34.516+0530] {processor.py:179} INFO - Processing /home/raj/Downloads/kafka_2.13-3.5.1/airflow-env/lib64/python3.11/site-packages/airflow/example_dags/example_python_operator.py took 0.070 seconds
[2023-10-07T04:02:22.420+0530] {processor.py:157} INFO - Started process (PID=18409) to work on /home/raj/Downloads/kafka_2.13-3.5.1/airflow-env/lib64/python3.11/site-packages/airflow/example_dags/example_python_operator.py
[2023-10-07T04:02:22.431+0530] {processor.py:829} INFO - Processing file /home/raj/Downloads/kafka_2.13-3.5.1/airflow-env/lib64/python3.11/site-packages/airflow/example_dags/example_python_operator.py for tasks to queue
[2023-10-07T04:02:22.433+0530] {logging_mixin.py:151} INFO - [2023-10-07T04:02:22.432+0530] {dagbag.py:539} INFO - Filling up the DagBag from /home/raj/Downloads/kafka_2.13-3.5.1/airflow-env/lib64/python3.11/site-packages/airflow/example_dags/example_python_operator.py
[2023-10-07T04:02:22.441+0530] {logging_mixin.py:151} INFO - [2023-10-07T04:02:22.440+0530] {example_python_operator.py:89} WARNING - The virtalenv_python example task requires virtualenv, please install it.
[2023-10-07T04:02:22.441+0530] {processor.py:839} INFO - DAG(s) dict_keys(['example_python_operator']) retrieved from /home/raj/Downloads/kafka_2.13-3.5.1/airflow-env/lib64/python3.11/site-packages/airflow/example_dags/example_python_operator.py
[2023-10-07T04:02:22.456+0530] {logging_mixin.py:151} INFO - [2023-10-07T04:02:22.456+0530] {dag.py:2915} INFO - Sync 1 DAGs
[2023-10-07T04:02:22.467+0530] {logging_mixin.py:151} INFO - [2023-10-07T04:02:22.467+0530] {dag.py:3696} INFO - Setting next_dagrun for example_python_operator to None, run_after=None
[2023-10-07T04:02:22.485+0530] {processor.py:179} INFO - Processing /home/raj/Downloads/kafka_2.13-3.5.1/airflow-env/lib64/python3.11/site-packages/airflow/example_dags/example_python_operator.py took 0.070 seconds
[2023-10-07T04:03:15.835+0530] {processor.py:157} INFO - Started process (PID=18637) to work on /home/raj/Downloads/kafka_2.13-3.5.1/airflow-env/lib64/python3.11/site-packages/airflow/example_dags/example_python_operator.py
[2023-10-07T04:03:15.836+0530] {processor.py:829} INFO - Processing file /home/raj/Downloads/kafka_2.13-3.5.1/airflow-env/lib64/python3.11/site-packages/airflow/example_dags/example_python_operator.py for tasks to queue
[2023-10-07T04:03:15.838+0530] {logging_mixin.py:151} INFO - [2023-10-07T04:03:15.837+0530] {dagbag.py:539} INFO - Filling up the DagBag from /home/raj/Downloads/kafka_2.13-3.5.1/airflow-env/lib64/python3.11/site-packages/airflow/example_dags/example_python_operator.py
[2023-10-07T04:03:15.854+0530] {logging_mixin.py:151} INFO - [2023-10-07T04:03:15.854+0530] {example_python_operator.py:89} WARNING - The virtalenv_python example task requires virtualenv, please install it.
[2023-10-07T04:03:15.855+0530] {processor.py:839} INFO - DAG(s) dict_keys(['example_python_operator']) retrieved from /home/raj/Downloads/kafka_2.13-3.5.1/airflow-env/lib64/python3.11/site-packages/airflow/example_dags/example_python_operator.py
[2023-10-07T04:03:15.877+0530] {logging_mixin.py:151} INFO - [2023-10-07T04:03:15.877+0530] {dag.py:2915} INFO - Sync 1 DAGs
[2023-10-07T04:03:15.888+0530] {logging_mixin.py:151} INFO - [2023-10-07T04:03:15.887+0530] {dag.py:3696} INFO - Setting next_dagrun for example_python_operator to None, run_after=None
[2023-10-07T04:03:15.910+0530] {processor.py:179} INFO - Processing /home/raj/Downloads/kafka_2.13-3.5.1/airflow-env/lib64/python3.11/site-packages/airflow/example_dags/example_python_operator.py took 0.081 seconds
[2023-10-07T04:04:01.456+0530] {processor.py:157} INFO - Started process (PID=18698) to work on /home/raj/Downloads/kafka_2.13-3.5.1/airflow-env/lib64/python3.11/site-packages/airflow/example_dags/example_python_operator.py
[2023-10-07T04:04:01.468+0530] {processor.py:829} INFO - Processing file /home/raj/Downloads/kafka_2.13-3.5.1/airflow-env/lib64/python3.11/site-packages/airflow/example_dags/example_python_operator.py for tasks to queue
[2023-10-07T04:04:01.469+0530] {logging_mixin.py:151} INFO - [2023-10-07T04:04:01.469+0530] {dagbag.py:539} INFO - Filling up the DagBag from /home/raj/Downloads/kafka_2.13-3.5.1/airflow-env/lib64/python3.11/site-packages/airflow/example_dags/example_python_operator.py
[2023-10-07T04:04:01.478+0530] {logging_mixin.py:151} INFO - [2023-10-07T04:04:01.477+0530] {example_python_operator.py:89} WARNING - The virtalenv_python example task requires virtualenv, please install it.
[2023-10-07T04:04:01.478+0530] {processor.py:839} INFO - DAG(s) dict_keys(['example_python_operator']) retrieved from /home/raj/Downloads/kafka_2.13-3.5.1/airflow-env/lib64/python3.11/site-packages/airflow/example_dags/example_python_operator.py
[2023-10-07T04:04:01.492+0530] {logging_mixin.py:151} INFO - [2023-10-07T04:04:01.492+0530] {dag.py:2915} INFO - Sync 1 DAGs
[2023-10-07T04:04:01.501+0530] {logging_mixin.py:151} INFO - [2023-10-07T04:04:01.501+0530] {dag.py:3696} INFO - Setting next_dagrun for example_python_operator to None, run_after=None
[2023-10-07T04:04:01.519+0530] {processor.py:179} INFO - Processing /home/raj/Downloads/kafka_2.13-3.5.1/airflow-env/lib64/python3.11/site-packages/airflow/example_dags/example_python_operator.py took 0.068 seconds
[2023-10-07T04:04:50.921+0530] {processor.py:157} INFO - Started process (PID=18864) to work on /home/raj/Downloads/kafka_2.13-3.5.1/airflow-env/lib64/python3.11/site-packages/airflow/example_dags/example_python_operator.py
[2023-10-07T04:04:50.932+0530] {processor.py:829} INFO - Processing file /home/raj/Downloads/kafka_2.13-3.5.1/airflow-env/lib64/python3.11/site-packages/airflow/example_dags/example_python_operator.py for tasks to queue
[2023-10-07T04:04:50.934+0530] {logging_mixin.py:151} INFO - [2023-10-07T04:04:50.933+0530] {dagbag.py:539} INFO - Filling up the DagBag from /home/raj/Downloads/kafka_2.13-3.5.1/airflow-env/lib64/python3.11/site-packages/airflow/example_dags/example_python_operator.py
[2023-10-07T04:04:50.951+0530] {logging_mixin.py:151} INFO - [2023-10-07T04:04:50.950+0530] {example_python_operator.py:89} WARNING - The virtalenv_python example task requires virtualenv, please install it.
[2023-10-07T04:04:50.952+0530] {processor.py:839} INFO - DAG(s) dict_keys(['example_python_operator']) retrieved from /home/raj/Downloads/kafka_2.13-3.5.1/airflow-env/lib64/python3.11/site-packages/airflow/example_dags/example_python_operator.py
[2023-10-07T04:04:50.982+0530] {logging_mixin.py:151} INFO - [2023-10-07T04:04:50.982+0530] {dag.py:2915} INFO - Sync 1 DAGs
[2023-10-07T04:04:50.993+0530] {logging_mixin.py:151} INFO - [2023-10-07T04:04:50.993+0530] {dag.py:3696} INFO - Setting next_dagrun for example_python_operator to None, run_after=None
[2023-10-07T04:04:51.013+0530] {processor.py:179} INFO - Processing /home/raj/Downloads/kafka_2.13-3.5.1/airflow-env/lib64/python3.11/site-packages/airflow/example_dags/example_python_operator.py took 0.097 seconds
[2023-10-07T04:05:43.174+0530] {processor.py:157} INFO - Started process (PID=18991) to work on /home/raj/Downloads/kafka_2.13-3.5.1/airflow-env/lib64/python3.11/site-packages/airflow/example_dags/example_python_operator.py
[2023-10-07T04:05:43.185+0530] {processor.py:829} INFO - Processing file /home/raj/Downloads/kafka_2.13-3.5.1/airflow-env/lib64/python3.11/site-packages/airflow/example_dags/example_python_operator.py for tasks to queue
[2023-10-07T04:05:43.187+0530] {logging_mixin.py:151} INFO - [2023-10-07T04:05:43.186+0530] {dagbag.py:539} INFO - Filling up the DagBag from /home/raj/Downloads/kafka_2.13-3.5.1/airflow-env/lib64/python3.11/site-packages/airflow/example_dags/example_python_operator.py
[2023-10-07T04:05:43.203+0530] {logging_mixin.py:151} INFO - [2023-10-07T04:05:43.203+0530] {example_python_operator.py:89} WARNING - The virtalenv_python example task requires virtualenv, please install it.
[2023-10-07T04:05:43.205+0530] {processor.py:839} INFO - DAG(s) dict_keys(['example_python_operator']) retrieved from /home/raj/Downloads/kafka_2.13-3.5.1/airflow-env/lib64/python3.11/site-packages/airflow/example_dags/example_python_operator.py
[2023-10-07T04:05:43.236+0530] {logging_mixin.py:151} INFO - [2023-10-07T04:05:43.236+0530] {dag.py:2915} INFO - Sync 1 DAGs
[2023-10-07T04:05:43.247+0530] {logging_mixin.py:151} INFO - [2023-10-07T04:05:43.247+0530] {dag.py:3696} INFO - Setting next_dagrun for example_python_operator to None, run_after=None
[2023-10-07T04:05:43.265+0530] {processor.py:179} INFO - Processing /home/raj/Downloads/kafka_2.13-3.5.1/airflow-env/lib64/python3.11/site-packages/airflow/example_dags/example_python_operator.py took 0.096 seconds
[2023-10-07T04:06:36.068+0530] {processor.py:157} INFO - Started process (PID=19140) to work on /home/raj/Downloads/kafka_2.13-3.5.1/airflow-env/lib64/python3.11/site-packages/airflow/example_dags/example_python_operator.py
[2023-10-07T04:06:36.079+0530] {processor.py:829} INFO - Processing file /home/raj/Downloads/kafka_2.13-3.5.1/airflow-env/lib64/python3.11/site-packages/airflow/example_dags/example_python_operator.py for tasks to queue
[2023-10-07T04:06:36.080+0530] {logging_mixin.py:151} INFO - [2023-10-07T04:06:36.079+0530] {dagbag.py:539} INFO - Filling up the DagBag from /home/raj/Downloads/kafka_2.13-3.5.1/airflow-env/lib64/python3.11/site-packages/airflow/example_dags/example_python_operator.py
[2023-10-07T04:06:36.093+0530] {logging_mixin.py:151} INFO - [2023-10-07T04:06:36.093+0530] {example_python_operator.py:89} WARNING - The virtalenv_python example task requires virtualenv, please install it.
[2023-10-07T04:06:36.094+0530] {processor.py:839} INFO - DAG(s) dict_keys(['example_python_operator']) retrieved from /home/raj/Downloads/kafka_2.13-3.5.1/airflow-env/lib64/python3.11/site-packages/airflow/example_dags/example_python_operator.py
[2023-10-07T04:06:36.119+0530] {logging_mixin.py:151} INFO - [2023-10-07T04:06:36.119+0530] {dag.py:2915} INFO - Sync 1 DAGs
[2023-10-07T04:06:36.139+0530] {logging_mixin.py:151} INFO - [2023-10-07T04:06:36.139+0530] {dag.py:3696} INFO - Setting next_dagrun for example_python_operator to None, run_after=None
[2023-10-07T04:06:36.170+0530] {processor.py:179} INFO - Processing /home/raj/Downloads/kafka_2.13-3.5.1/airflow-env/lib64/python3.11/site-packages/airflow/example_dags/example_python_operator.py took 0.106 seconds
[2023-10-07T04:07:32.215+0530] {processor.py:157} INFO - Started process (PID=19206) to work on /home/raj/Downloads/kafka_2.13-3.5.1/airflow-env/lib64/python3.11/site-packages/airflow/example_dags/example_python_operator.py
[2023-10-07T04:07:32.226+0530] {processor.py:829} INFO - Processing file /home/raj/Downloads/kafka_2.13-3.5.1/airflow-env/lib64/python3.11/site-packages/airflow/example_dags/example_python_operator.py for tasks to queue
[2023-10-07T04:07:32.228+0530] {logging_mixin.py:151} INFO - [2023-10-07T04:07:32.227+0530] {dagbag.py:539} INFO - Filling up the DagBag from /home/raj/Downloads/kafka_2.13-3.5.1/airflow-env/lib64/python3.11/site-packages/airflow/example_dags/example_python_operator.py
[2023-10-07T04:07:32.239+0530] {logging_mixin.py:151} INFO - [2023-10-07T04:07:32.239+0530] {example_python_operator.py:89} WARNING - The virtalenv_python example task requires virtualenv, please install it.
[2023-10-07T04:07:32.239+0530] {processor.py:839} INFO - DAG(s) dict_keys(['example_python_operator']) retrieved from /home/raj/Downloads/kafka_2.13-3.5.1/airflow-env/lib64/python3.11/site-packages/airflow/example_dags/example_python_operator.py
[2023-10-07T04:07:32.255+0530] {logging_mixin.py:151} INFO - [2023-10-07T04:07:32.254+0530] {dag.py:2915} INFO - Sync 1 DAGs
[2023-10-07T04:07:32.265+0530] {logging_mixin.py:151} INFO - [2023-10-07T04:07:32.265+0530] {dag.py:3696} INFO - Setting next_dagrun for example_python_operator to None, run_after=None
[2023-10-07T04:07:32.287+0530] {processor.py:179} INFO - Processing /home/raj/Downloads/kafka_2.13-3.5.1/airflow-env/lib64/python3.11/site-packages/airflow/example_dags/example_python_operator.py took 0.074 seconds
[2023-10-07T04:08:26.768+0530] {processor.py:157} INFO - Started process (PID=19262) to work on /home/raj/Downloads/kafka_2.13-3.5.1/airflow-env/lib64/python3.11/site-packages/airflow/example_dags/example_python_operator.py
[2023-10-07T04:08:26.779+0530] {processor.py:829} INFO - Processing file /home/raj/Downloads/kafka_2.13-3.5.1/airflow-env/lib64/python3.11/site-packages/airflow/example_dags/example_python_operator.py for tasks to queue
[2023-10-07T04:08:26.781+0530] {logging_mixin.py:151} INFO - [2023-10-07T04:08:26.780+0530] {dagbag.py:539} INFO - Filling up the DagBag from /home/raj/Downloads/kafka_2.13-3.5.1/airflow-env/lib64/python3.11/site-packages/airflow/example_dags/example_python_operator.py
[2023-10-07T04:08:26.797+0530] {logging_mixin.py:151} INFO - [2023-10-07T04:08:26.797+0530] {example_python_operator.py:89} WARNING - The virtalenv_python example task requires virtualenv, please install it.
[2023-10-07T04:08:26.799+0530] {processor.py:839} INFO - DAG(s) dict_keys(['example_python_operator']) retrieved from /home/raj/Downloads/kafka_2.13-3.5.1/airflow-env/lib64/python3.11/site-packages/airflow/example_dags/example_python_operator.py
[2023-10-07T04:08:26.828+0530] {logging_mixin.py:151} INFO - [2023-10-07T04:08:26.828+0530] {dag.py:2915} INFO - Sync 1 DAGs
[2023-10-07T04:08:26.839+0530] {logging_mixin.py:151} INFO - [2023-10-07T04:08:26.839+0530] {dag.py:3696} INFO - Setting next_dagrun for example_python_operator to None, run_after=None
[2023-10-07T04:08:26.859+0530] {processor.py:179} INFO - Processing /home/raj/Downloads/kafka_2.13-3.5.1/airflow-env/lib64/python3.11/site-packages/airflow/example_dags/example_python_operator.py took 0.095 seconds
[2023-10-07T04:09:20.779+0530] {processor.py:157} INFO - Started process (PID=19319) to work on /home/raj/Downloads/kafka_2.13-3.5.1/airflow-env/lib64/python3.11/site-packages/airflow/example_dags/example_python_operator.py
[2023-10-07T04:09:20.790+0530] {processor.py:829} INFO - Processing file /home/raj/Downloads/kafka_2.13-3.5.1/airflow-env/lib64/python3.11/site-packages/airflow/example_dags/example_python_operator.py for tasks to queue
[2023-10-07T04:09:20.792+0530] {logging_mixin.py:151} INFO - [2023-10-07T04:09:20.791+0530] {dagbag.py:539} INFO - Filling up the DagBag from /home/raj/Downloads/kafka_2.13-3.5.1/airflow-env/lib64/python3.11/site-packages/airflow/example_dags/example_python_operator.py
[2023-10-07T04:09:20.806+0530] {logging_mixin.py:151} INFO - [2023-10-07T04:09:20.806+0530] {example_python_operator.py:89} WARNING - The virtalenv_python example task requires virtualenv, please install it.
[2023-10-07T04:09:20.807+0530] {processor.py:839} INFO - DAG(s) dict_keys(['example_python_operator']) retrieved from /home/raj/Downloads/kafka_2.13-3.5.1/airflow-env/lib64/python3.11/site-packages/airflow/example_dags/example_python_operator.py
[2023-10-07T04:09:20.838+0530] {logging_mixin.py:151} INFO - [2023-10-07T04:09:20.838+0530] {dag.py:2915} INFO - Sync 1 DAGs
[2023-10-07T04:09:20.848+0530] {logging_mixin.py:151} INFO - [2023-10-07T04:09:20.848+0530] {dag.py:3696} INFO - Setting next_dagrun for example_python_operator to None, run_after=None
[2023-10-07T04:09:20.871+0530] {processor.py:179} INFO - Processing /home/raj/Downloads/kafka_2.13-3.5.1/airflow-env/lib64/python3.11/site-packages/airflow/example_dags/example_python_operator.py took 0.096 seconds
[2023-10-07T04:10:09.726+0530] {processor.py:157} INFO - Started process (PID=19370) to work on /home/raj/Downloads/kafka_2.13-3.5.1/airflow-env/lib64/python3.11/site-packages/airflow/example_dags/example_python_operator.py
[2023-10-07T04:10:09.737+0530] {processor.py:829} INFO - Processing file /home/raj/Downloads/kafka_2.13-3.5.1/airflow-env/lib64/python3.11/site-packages/airflow/example_dags/example_python_operator.py for tasks to queue
[2023-10-07T04:10:09.739+0530] {logging_mixin.py:151} INFO - [2023-10-07T04:10:09.738+0530] {dagbag.py:539} INFO - Filling up the DagBag from /home/raj/Downloads/kafka_2.13-3.5.1/airflow-env/lib64/python3.11/site-packages/airflow/example_dags/example_python_operator.py
[2023-10-07T04:10:09.757+0530] {logging_mixin.py:151} INFO - [2023-10-07T04:10:09.757+0530] {example_python_operator.py:89} WARNING - The virtalenv_python example task requires virtualenv, please install it.
[2023-10-07T04:10:09.758+0530] {processor.py:839} INFO - DAG(s) dict_keys(['example_python_operator']) retrieved from /home/raj/Downloads/kafka_2.13-3.5.1/airflow-env/lib64/python3.11/site-packages/airflow/example_dags/example_python_operator.py
[2023-10-07T04:10:09.787+0530] {logging_mixin.py:151} INFO - [2023-10-07T04:10:09.786+0530] {dag.py:2915} INFO - Sync 1 DAGs
[2023-10-07T04:10:09.796+0530] {logging_mixin.py:151} INFO - [2023-10-07T04:10:09.796+0530] {dag.py:3696} INFO - Setting next_dagrun for example_python_operator to None, run_after=None
[2023-10-07T04:10:09.814+0530] {processor.py:179} INFO - Processing /home/raj/Downloads/kafka_2.13-3.5.1/airflow-env/lib64/python3.11/site-packages/airflow/example_dags/example_python_operator.py took 0.093 seconds
[2023-10-07T04:11:00.176+0530] {processor.py:157} INFO - Started process (PID=19437) to work on /home/raj/Downloads/kafka_2.13-3.5.1/airflow-env/lib64/python3.11/site-packages/airflow/example_dags/example_python_operator.py
[2023-10-07T04:11:00.188+0530] {processor.py:829} INFO - Processing file /home/raj/Downloads/kafka_2.13-3.5.1/airflow-env/lib64/python3.11/site-packages/airflow/example_dags/example_python_operator.py for tasks to queue
[2023-10-07T04:11:00.190+0530] {logging_mixin.py:151} INFO - [2023-10-07T04:11:00.189+0530] {dagbag.py:539} INFO - Filling up the DagBag from /home/raj/Downloads/kafka_2.13-3.5.1/airflow-env/lib64/python3.11/site-packages/airflow/example_dags/example_python_operator.py
[2023-10-07T04:11:00.213+0530] {logging_mixin.py:151} INFO - [2023-10-07T04:11:00.213+0530] {example_python_operator.py:89} WARNING - The virtalenv_python example task requires virtualenv, please install it.
[2023-10-07T04:11:00.215+0530] {processor.py:839} INFO - DAG(s) dict_keys(['example_python_operator']) retrieved from /home/raj/Downloads/kafka_2.13-3.5.1/airflow-env/lib64/python3.11/site-packages/airflow/example_dags/example_python_operator.py
[2023-10-07T04:11:00.242+0530] {logging_mixin.py:151} INFO - [2023-10-07T04:11:00.242+0530] {dag.py:2915} INFO - Sync 1 DAGs
[2023-10-07T04:11:00.253+0530] {logging_mixin.py:151} INFO - [2023-10-07T04:11:00.253+0530] {dag.py:3696} INFO - Setting next_dagrun for example_python_operator to None, run_after=None
[2023-10-07T04:11:00.273+0530] {processor.py:179} INFO - Processing /home/raj/Downloads/kafka_2.13-3.5.1/airflow-env/lib64/python3.11/site-packages/airflow/example_dags/example_python_operator.py took 0.102 seconds
[2023-10-07T04:11:52.735+0530] {processor.py:157} INFO - Started process (PID=19514) to work on /home/raj/Downloads/kafka_2.13-3.5.1/airflow-env/lib64/python3.11/site-packages/airflow/example_dags/example_python_operator.py
[2023-10-07T04:11:52.746+0530] {processor.py:829} INFO - Processing file /home/raj/Downloads/kafka_2.13-3.5.1/airflow-env/lib64/python3.11/site-packages/airflow/example_dags/example_python_operator.py for tasks to queue
[2023-10-07T04:11:52.747+0530] {logging_mixin.py:151} INFO - [2023-10-07T04:11:52.747+0530] {dagbag.py:539} INFO - Filling up the DagBag from /home/raj/Downloads/kafka_2.13-3.5.1/airflow-env/lib64/python3.11/site-packages/airflow/example_dags/example_python_operator.py
[2023-10-07T04:11:52.766+0530] {logging_mixin.py:151} INFO - [2023-10-07T04:11:52.765+0530] {example_python_operator.py:89} WARNING - The virtalenv_python example task requires virtualenv, please install it.
[2023-10-07T04:11:52.767+0530] {processor.py:839} INFO - DAG(s) dict_keys(['example_python_operator']) retrieved from /home/raj/Downloads/kafka_2.13-3.5.1/airflow-env/lib64/python3.11/site-packages/airflow/example_dags/example_python_operator.py
[2023-10-07T04:11:52.797+0530] {logging_mixin.py:151} INFO - [2023-10-07T04:11:52.796+0530] {dag.py:2915} INFO - Sync 1 DAGs
[2023-10-07T04:11:52.808+0530] {logging_mixin.py:151} INFO - [2023-10-07T04:11:52.808+0530] {dag.py:3696} INFO - Setting next_dagrun for example_python_operator to None, run_after=None
[2023-10-07T04:11:52.829+0530] {processor.py:179} INFO - Processing /home/raj/Downloads/kafka_2.13-3.5.1/airflow-env/lib64/python3.11/site-packages/airflow/example_dags/example_python_operator.py took 0.098 seconds
[2023-10-07T04:12:49.877+0530] {processor.py:157} INFO - Started process (PID=19572) to work on /home/raj/Downloads/kafka_2.13-3.5.1/airflow-env/lib64/python3.11/site-packages/airflow/example_dags/example_python_operator.py
[2023-10-07T04:12:49.889+0530] {processor.py:829} INFO - Processing file /home/raj/Downloads/kafka_2.13-3.5.1/airflow-env/lib64/python3.11/site-packages/airflow/example_dags/example_python_operator.py for tasks to queue
[2023-10-07T04:12:49.890+0530] {logging_mixin.py:151} INFO - [2023-10-07T04:12:49.890+0530] {dagbag.py:539} INFO - Filling up the DagBag from /home/raj/Downloads/kafka_2.13-3.5.1/airflow-env/lib64/python3.11/site-packages/airflow/example_dags/example_python_operator.py
[2023-10-07T04:12:49.907+0530] {logging_mixin.py:151} INFO - [2023-10-07T04:12:49.907+0530] {example_python_operator.py:89} WARNING - The virtalenv_python example task requires virtualenv, please install it.
[2023-10-07T04:12:49.908+0530] {processor.py:839} INFO - DAG(s) dict_keys(['example_python_operator']) retrieved from /home/raj/Downloads/kafka_2.13-3.5.1/airflow-env/lib64/python3.11/site-packages/airflow/example_dags/example_python_operator.py
[2023-10-07T04:12:49.931+0530] {logging_mixin.py:151} INFO - [2023-10-07T04:12:49.931+0530] {dag.py:2915} INFO - Sync 1 DAGs
[2023-10-07T04:12:49.942+0530] {logging_mixin.py:151} INFO - [2023-10-07T04:12:49.942+0530] {dag.py:3696} INFO - Setting next_dagrun for example_python_operator to None, run_after=None
[2023-10-07T04:12:49.964+0530] {processor.py:179} INFO - Processing /home/raj/Downloads/kafka_2.13-3.5.1/airflow-env/lib64/python3.11/site-packages/airflow/example_dags/example_python_operator.py took 0.091 seconds
[2023-10-07T04:13:41.901+0530] {processor.py:157} INFO - Started process (PID=19626) to work on /home/raj/Downloads/kafka_2.13-3.5.1/airflow-env/lib64/python3.11/site-packages/airflow/example_dags/example_python_operator.py
[2023-10-07T04:13:41.912+0530] {processor.py:829} INFO - Processing file /home/raj/Downloads/kafka_2.13-3.5.1/airflow-env/lib64/python3.11/site-packages/airflow/example_dags/example_python_operator.py for tasks to queue
[2023-10-07T04:13:41.914+0530] {logging_mixin.py:151} INFO - [2023-10-07T04:13:41.914+0530] {dagbag.py:539} INFO - Filling up the DagBag from /home/raj/Downloads/kafka_2.13-3.5.1/airflow-env/lib64/python3.11/site-packages/airflow/example_dags/example_python_operator.py
[2023-10-07T04:13:41.931+0530] {logging_mixin.py:151} INFO - [2023-10-07T04:13:41.930+0530] {example_python_operator.py:89} WARNING - The virtalenv_python example task requires virtualenv, please install it.
[2023-10-07T04:13:41.931+0530] {processor.py:839} INFO - DAG(s) dict_keys(['example_python_operator']) retrieved from /home/raj/Downloads/kafka_2.13-3.5.1/airflow-env/lib64/python3.11/site-packages/airflow/example_dags/example_python_operator.py
[2023-10-07T04:13:41.945+0530] {logging_mixin.py:151} INFO - [2023-10-07T04:13:41.945+0530] {dag.py:2915} INFO - Sync 1 DAGs
[2023-10-07T04:13:41.955+0530] {logging_mixin.py:151} INFO - [2023-10-07T04:13:41.955+0530] {dag.py:3696} INFO - Setting next_dagrun for example_python_operator to None, run_after=None
[2023-10-07T04:13:41.973+0530] {processor.py:179} INFO - Processing /home/raj/Downloads/kafka_2.13-3.5.1/airflow-env/lib64/python3.11/site-packages/airflow/example_dags/example_python_operator.py took 0.077 seconds
[2023-10-07T04:14:30.701+0530] {processor.py:157} INFO - Started process (PID=19678) to work on /home/raj/Downloads/kafka_2.13-3.5.1/airflow-env/lib64/python3.11/site-packages/airflow/example_dags/example_python_operator.py
[2023-10-07T04:14:30.712+0530] {processor.py:829} INFO - Processing file /home/raj/Downloads/kafka_2.13-3.5.1/airflow-env/lib64/python3.11/site-packages/airflow/example_dags/example_python_operator.py for tasks to queue
[2023-10-07T04:14:30.713+0530] {logging_mixin.py:151} INFO - [2023-10-07T04:14:30.713+0530] {dagbag.py:539} INFO - Filling up the DagBag from /home/raj/Downloads/kafka_2.13-3.5.1/airflow-env/lib64/python3.11/site-packages/airflow/example_dags/example_python_operator.py
[2023-10-07T04:14:30.721+0530] {logging_mixin.py:151} INFO - [2023-10-07T04:14:30.721+0530] {example_python_operator.py:89} WARNING - The virtalenv_python example task requires virtualenv, please install it.
[2023-10-07T04:14:30.721+0530] {processor.py:839} INFO - DAG(s) dict_keys(['example_python_operator']) retrieved from /home/raj/Downloads/kafka_2.13-3.5.1/airflow-env/lib64/python3.11/site-packages/airflow/example_dags/example_python_operator.py
[2023-10-07T04:14:30.737+0530] {logging_mixin.py:151} INFO - [2023-10-07T04:14:30.737+0530] {dag.py:2915} INFO - Sync 1 DAGs
[2023-10-07T04:14:30.748+0530] {logging_mixin.py:151} INFO - [2023-10-07T04:14:30.748+0530] {dag.py:3696} INFO - Setting next_dagrun for example_python_operator to None, run_after=None
[2023-10-07T04:14:30.771+0530] {processor.py:179} INFO - Processing /home/raj/Downloads/kafka_2.13-3.5.1/airflow-env/lib64/python3.11/site-packages/airflow/example_dags/example_python_operator.py took 0.075 seconds
[2023-10-07T04:15:21.054+0530] {processor.py:157} INFO - Started process (PID=19779) to work on /home/raj/Downloads/kafka_2.13-3.5.1/airflow-env/lib64/python3.11/site-packages/airflow/example_dags/example_python_operator.py
[2023-10-07T04:15:21.065+0530] {processor.py:829} INFO - Processing file /home/raj/Downloads/kafka_2.13-3.5.1/airflow-env/lib64/python3.11/site-packages/airflow/example_dags/example_python_operator.py for tasks to queue
[2023-10-07T04:15:21.066+0530] {logging_mixin.py:151} INFO - [2023-10-07T04:15:21.066+0530] {dagbag.py:539} INFO - Filling up the DagBag from /home/raj/Downloads/kafka_2.13-3.5.1/airflow-env/lib64/python3.11/site-packages/airflow/example_dags/example_python_operator.py
[2023-10-07T04:15:21.075+0530] {logging_mixin.py:151} INFO - [2023-10-07T04:15:21.075+0530] {example_python_operator.py:89} WARNING - The virtalenv_python example task requires virtualenv, please install it.
[2023-10-07T04:15:21.075+0530] {processor.py:839} INFO - DAG(s) dict_keys(['example_python_operator']) retrieved from /home/raj/Downloads/kafka_2.13-3.5.1/airflow-env/lib64/python3.11/site-packages/airflow/example_dags/example_python_operator.py
[2023-10-07T04:15:21.095+0530] {logging_mixin.py:151} INFO - [2023-10-07T04:15:21.095+0530] {dag.py:2915} INFO - Sync 1 DAGs
[2023-10-07T04:15:21.106+0530] {logging_mixin.py:151} INFO - [2023-10-07T04:15:21.106+0530] {dag.py:3696} INFO - Setting next_dagrun for example_python_operator to None, run_after=None
[2023-10-07T04:15:21.128+0530] {processor.py:179} INFO - Processing /home/raj/Downloads/kafka_2.13-3.5.1/airflow-env/lib64/python3.11/site-packages/airflow/example_dags/example_python_operator.py took 0.080 seconds
[2023-10-07T04:16:11.443+0530] {processor.py:157} INFO - Started process (PID=19841) to work on /home/raj/Downloads/kafka_2.13-3.5.1/airflow-env/lib64/python3.11/site-packages/airflow/example_dags/example_python_operator.py
[2023-10-07T04:16:11.454+0530] {processor.py:829} INFO - Processing file /home/raj/Downloads/kafka_2.13-3.5.1/airflow-env/lib64/python3.11/site-packages/airflow/example_dags/example_python_operator.py for tasks to queue
[2023-10-07T04:16:11.456+0530] {logging_mixin.py:151} INFO - [2023-10-07T04:16:11.455+0530] {dagbag.py:539} INFO - Filling up the DagBag from /home/raj/Downloads/kafka_2.13-3.5.1/airflow-env/lib64/python3.11/site-packages/airflow/example_dags/example_python_operator.py
[2023-10-07T04:16:11.463+0530] {logging_mixin.py:151} INFO - [2023-10-07T04:16:11.463+0530] {example_python_operator.py:89} WARNING - The virtalenv_python example task requires virtualenv, please install it.
[2023-10-07T04:16:11.464+0530] {processor.py:839} INFO - DAG(s) dict_keys(['example_python_operator']) retrieved from /home/raj/Downloads/kafka_2.13-3.5.1/airflow-env/lib64/python3.11/site-packages/airflow/example_dags/example_python_operator.py
[2023-10-07T04:16:11.478+0530] {logging_mixin.py:151} INFO - [2023-10-07T04:16:11.478+0530] {dag.py:2915} INFO - Sync 1 DAGs
[2023-10-07T04:16:11.487+0530] {logging_mixin.py:151} INFO - [2023-10-07T04:16:11.487+0530] {dag.py:3696} INFO - Setting next_dagrun for example_python_operator to None, run_after=None
[2023-10-07T04:16:11.504+0530] {processor.py:179} INFO - Processing /home/raj/Downloads/kafka_2.13-3.5.1/airflow-env/lib64/python3.11/site-packages/airflow/example_dags/example_python_operator.py took 0.066 seconds
[2023-10-07T04:17:06.460+0530] {processor.py:157} INFO - Started process (PID=19896) to work on /home/raj/Downloads/kafka_2.13-3.5.1/airflow-env/lib64/python3.11/site-packages/airflow/example_dags/example_python_operator.py
[2023-10-07T04:17:06.471+0530] {processor.py:829} INFO - Processing file /home/raj/Downloads/kafka_2.13-3.5.1/airflow-env/lib64/python3.11/site-packages/airflow/example_dags/example_python_operator.py for tasks to queue
[2023-10-07T04:17:06.473+0530] {logging_mixin.py:151} INFO - [2023-10-07T04:17:06.472+0530] {dagbag.py:539} INFO - Filling up the DagBag from /home/raj/Downloads/kafka_2.13-3.5.1/airflow-env/lib64/python3.11/site-packages/airflow/example_dags/example_python_operator.py
[2023-10-07T04:17:06.489+0530] {logging_mixin.py:151} INFO - [2023-10-07T04:17:06.489+0530] {example_python_operator.py:89} WARNING - The virtalenv_python example task requires virtualenv, please install it.
[2023-10-07T04:17:06.490+0530] {processor.py:839} INFO - DAG(s) dict_keys(['example_python_operator']) retrieved from /home/raj/Downloads/kafka_2.13-3.5.1/airflow-env/lib64/python3.11/site-packages/airflow/example_dags/example_python_operator.py
[2023-10-07T04:17:06.519+0530] {logging_mixin.py:151} INFO - [2023-10-07T04:17:06.519+0530] {dag.py:2915} INFO - Sync 1 DAGs
[2023-10-07T04:17:06.529+0530] {logging_mixin.py:151} INFO - [2023-10-07T04:17:06.528+0530] {dag.py:3696} INFO - Setting next_dagrun for example_python_operator to None, run_after=None
[2023-10-07T04:17:06.549+0530] {processor.py:179} INFO - Processing /home/raj/Downloads/kafka_2.13-3.5.1/airflow-env/lib64/python3.11/site-packages/airflow/example_dags/example_python_operator.py took 0.094 seconds
[2023-10-07T04:17:56.870+0530] {processor.py:157} INFO - Started process (PID=19950) to work on /home/raj/Downloads/kafka_2.13-3.5.1/airflow-env/lib64/python3.11/site-packages/airflow/example_dags/example_python_operator.py
[2023-10-07T04:17:56.881+0530] {processor.py:829} INFO - Processing file /home/raj/Downloads/kafka_2.13-3.5.1/airflow-env/lib64/python3.11/site-packages/airflow/example_dags/example_python_operator.py for tasks to queue
[2023-10-07T04:17:56.883+0530] {logging_mixin.py:151} INFO - [2023-10-07T04:17:56.882+0530] {dagbag.py:539} INFO - Filling up the DagBag from /home/raj/Downloads/kafka_2.13-3.5.1/airflow-env/lib64/python3.11/site-packages/airflow/example_dags/example_python_operator.py
[2023-10-07T04:17:56.901+0530] {logging_mixin.py:151} INFO - [2023-10-07T04:17:56.900+0530] {example_python_operator.py:89} WARNING - The virtalenv_python example task requires virtualenv, please install it.
[2023-10-07T04:17:56.902+0530] {processor.py:839} INFO - DAG(s) dict_keys(['example_python_operator']) retrieved from /home/raj/Downloads/kafka_2.13-3.5.1/airflow-env/lib64/python3.11/site-packages/airflow/example_dags/example_python_operator.py
[2023-10-07T04:17:56.929+0530] {logging_mixin.py:151} INFO - [2023-10-07T04:17:56.928+0530] {dag.py:2915} INFO - Sync 1 DAGs
[2023-10-07T04:17:56.941+0530] {logging_mixin.py:151} INFO - [2023-10-07T04:17:56.940+0530] {dag.py:3696} INFO - Setting next_dagrun for example_python_operator to None, run_after=None
[2023-10-07T04:17:56.966+0530] {processor.py:179} INFO - Processing /home/raj/Downloads/kafka_2.13-3.5.1/airflow-env/lib64/python3.11/site-packages/airflow/example_dags/example_python_operator.py took 0.102 seconds
[2023-10-07T04:18:48.818+0530] {processor.py:157} INFO - Started process (PID=20004) to work on /home/raj/Downloads/kafka_2.13-3.5.1/airflow-env/lib64/python3.11/site-packages/airflow/example_dags/example_python_operator.py
[2023-10-07T04:18:48.829+0530] {processor.py:829} INFO - Processing file /home/raj/Downloads/kafka_2.13-3.5.1/airflow-env/lib64/python3.11/site-packages/airflow/example_dags/example_python_operator.py for tasks to queue
[2023-10-07T04:18:48.831+0530] {logging_mixin.py:151} INFO - [2023-10-07T04:18:48.830+0530] {dagbag.py:539} INFO - Filling up the DagBag from /home/raj/Downloads/kafka_2.13-3.5.1/airflow-env/lib64/python3.11/site-packages/airflow/example_dags/example_python_operator.py
[2023-10-07T04:18:48.848+0530] {logging_mixin.py:151} INFO - [2023-10-07T04:18:48.847+0530] {example_python_operator.py:89} WARNING - The virtalenv_python example task requires virtualenv, please install it.
[2023-10-07T04:18:48.849+0530] {processor.py:839} INFO - DAG(s) dict_keys(['example_python_operator']) retrieved from /home/raj/Downloads/kafka_2.13-3.5.1/airflow-env/lib64/python3.11/site-packages/airflow/example_dags/example_python_operator.py
[2023-10-07T04:18:48.877+0530] {logging_mixin.py:151} INFO - [2023-10-07T04:18:48.877+0530] {dag.py:2915} INFO - Sync 1 DAGs
[2023-10-07T04:18:48.886+0530] {logging_mixin.py:151} INFO - [2023-10-07T04:18:48.886+0530] {dag.py:3696} INFO - Setting next_dagrun for example_python_operator to None, run_after=None
[2023-10-07T04:18:48.907+0530] {processor.py:179} INFO - Processing /home/raj/Downloads/kafka_2.13-3.5.1/airflow-env/lib64/python3.11/site-packages/airflow/example_dags/example_python_operator.py took 0.094 seconds
[2023-10-07T04:19:43.634+0530] {processor.py:157} INFO - Started process (PID=20059) to work on /home/raj/Downloads/kafka_2.13-3.5.1/airflow-env/lib64/python3.11/site-packages/airflow/example_dags/example_python_operator.py
[2023-10-07T04:19:43.645+0530] {processor.py:829} INFO - Processing file /home/raj/Downloads/kafka_2.13-3.5.1/airflow-env/lib64/python3.11/site-packages/airflow/example_dags/example_python_operator.py for tasks to queue
[2023-10-07T04:19:43.646+0530] {logging_mixin.py:151} INFO - [2023-10-07T04:19:43.646+0530] {dagbag.py:539} INFO - Filling up the DagBag from /home/raj/Downloads/kafka_2.13-3.5.1/airflow-env/lib64/python3.11/site-packages/airflow/example_dags/example_python_operator.py
[2023-10-07T04:19:43.664+0530] {logging_mixin.py:151} INFO - [2023-10-07T04:19:43.663+0530] {example_python_operator.py:89} WARNING - The virtalenv_python example task requires virtualenv, please install it.
[2023-10-07T04:19:43.665+0530] {processor.py:839} INFO - DAG(s) dict_keys(['example_python_operator']) retrieved from /home/raj/Downloads/kafka_2.13-3.5.1/airflow-env/lib64/python3.11/site-packages/airflow/example_dags/example_python_operator.py
[2023-10-07T04:19:43.697+0530] {logging_mixin.py:151} INFO - [2023-10-07T04:19:43.697+0530] {dag.py:2915} INFO - Sync 1 DAGs
[2023-10-07T04:19:43.708+0530] {logging_mixin.py:151} INFO - [2023-10-07T04:19:43.708+0530] {dag.py:3696} INFO - Setting next_dagrun for example_python_operator to None, run_after=None
[2023-10-07T04:19:43.729+0530] {processor.py:179} INFO - Processing /home/raj/Downloads/kafka_2.13-3.5.1/airflow-env/lib64/python3.11/site-packages/airflow/example_dags/example_python_operator.py took 0.100 seconds
[2023-10-07T04:20:39.323+0530] {processor.py:157} INFO - Started process (PID=20427) to work on /home/raj/Downloads/kafka_2.13-3.5.1/airflow-env/lib64/python3.11/site-packages/airflow/example_dags/example_python_operator.py
[2023-10-07T04:20:39.334+0530] {processor.py:829} INFO - Processing file /home/raj/Downloads/kafka_2.13-3.5.1/airflow-env/lib64/python3.11/site-packages/airflow/example_dags/example_python_operator.py for tasks to queue
[2023-10-07T04:20:39.335+0530] {logging_mixin.py:151} INFO - [2023-10-07T04:20:39.334+0530] {dagbag.py:539} INFO - Filling up the DagBag from /home/raj/Downloads/kafka_2.13-3.5.1/airflow-env/lib64/python3.11/site-packages/airflow/example_dags/example_python_operator.py
[2023-10-07T04:20:39.342+0530] {logging_mixin.py:151} INFO - [2023-10-07T04:20:39.342+0530] {example_python_operator.py:89} WARNING - The virtalenv_python example task requires virtualenv, please install it.
[2023-10-07T04:20:39.342+0530] {processor.py:839} INFO - DAG(s) dict_keys(['example_python_operator']) retrieved from /home/raj/Downloads/kafka_2.13-3.5.1/airflow-env/lib64/python3.11/site-packages/airflow/example_dags/example_python_operator.py
[2023-10-07T04:20:39.357+0530] {logging_mixin.py:151} INFO - [2023-10-07T04:20:39.357+0530] {dag.py:2915} INFO - Sync 1 DAGs
[2023-10-07T04:20:39.367+0530] {logging_mixin.py:151} INFO - [2023-10-07T04:20:39.367+0530] {dag.py:3696} INFO - Setting next_dagrun for example_python_operator to None, run_after=None
[2023-10-07T04:20:39.388+0530] {processor.py:179} INFO - Processing /home/raj/Downloads/kafka_2.13-3.5.1/airflow-env/lib64/python3.11/site-packages/airflow/example_dags/example_python_operator.py took 0.070 seconds
[2023-10-07T04:21:32.037+0530] {processor.py:157} INFO - Started process (PID=20618) to work on /home/raj/Downloads/kafka_2.13-3.5.1/airflow-env/lib64/python3.11/site-packages/airflow/example_dags/example_python_operator.py
[2023-10-07T04:21:32.039+0530] {processor.py:829} INFO - Processing file /home/raj/Downloads/kafka_2.13-3.5.1/airflow-env/lib64/python3.11/site-packages/airflow/example_dags/example_python_operator.py for tasks to queue
[2023-10-07T04:21:32.040+0530] {logging_mixin.py:151} INFO - [2023-10-07T04:21:32.040+0530] {dagbag.py:539} INFO - Filling up the DagBag from /home/raj/Downloads/kafka_2.13-3.5.1/airflow-env/lib64/python3.11/site-packages/airflow/example_dags/example_python_operator.py
[2023-10-07T04:21:32.053+0530] {logging_mixin.py:151} INFO - [2023-10-07T04:21:32.052+0530] {example_python_operator.py:89} WARNING - The virtalenv_python example task requires virtualenv, please install it.
[2023-10-07T04:21:32.053+0530] {processor.py:839} INFO - DAG(s) dict_keys(['example_python_operator']) retrieved from /home/raj/Downloads/kafka_2.13-3.5.1/airflow-env/lib64/python3.11/site-packages/airflow/example_dags/example_python_operator.py
[2023-10-07T04:21:32.075+0530] {logging_mixin.py:151} INFO - [2023-10-07T04:21:32.075+0530] {dag.py:2915} INFO - Sync 1 DAGs
[2023-10-07T04:21:32.093+0530] {logging_mixin.py:151} INFO - [2023-10-07T04:21:32.093+0530] {dag.py:3696} INFO - Setting next_dagrun for example_python_operator to None, run_after=None
[2023-10-07T04:21:32.125+0530] {processor.py:179} INFO - Processing /home/raj/Downloads/kafka_2.13-3.5.1/airflow-env/lib64/python3.11/site-packages/airflow/example_dags/example_python_operator.py took 0.090 seconds
[2023-10-07T04:22:22.165+0530] {processor.py:157} INFO - Started process (PID=20780) to work on /home/raj/Downloads/kafka_2.13-3.5.1/airflow-env/lib64/python3.11/site-packages/airflow/example_dags/example_python_operator.py
[2023-10-07T04:22:22.175+0530] {processor.py:829} INFO - Processing file /home/raj/Downloads/kafka_2.13-3.5.1/airflow-env/lib64/python3.11/site-packages/airflow/example_dags/example_python_operator.py for tasks to queue
[2023-10-07T04:22:22.177+0530] {logging_mixin.py:151} INFO - [2023-10-07T04:22:22.176+0530] {dagbag.py:539} INFO - Filling up the DagBag from /home/raj/Downloads/kafka_2.13-3.5.1/airflow-env/lib64/python3.11/site-packages/airflow/example_dags/example_python_operator.py
[2023-10-07T04:22:22.193+0530] {logging_mixin.py:151} INFO - [2023-10-07T04:22:22.192+0530] {example_python_operator.py:89} WARNING - The virtalenv_python example task requires virtualenv, please install it.
[2023-10-07T04:22:22.193+0530] {processor.py:839} INFO - DAG(s) dict_keys(['example_python_operator']) retrieved from /home/raj/Downloads/kafka_2.13-3.5.1/airflow-env/lib64/python3.11/site-packages/airflow/example_dags/example_python_operator.py
[2023-10-07T04:22:22.214+0530] {logging_mixin.py:151} INFO - [2023-10-07T04:22:22.213+0530] {dag.py:2915} INFO - Sync 1 DAGs
[2023-10-07T04:22:22.226+0530] {logging_mixin.py:151} INFO - [2023-10-07T04:22:22.226+0530] {dag.py:3696} INFO - Setting next_dagrun for example_python_operator to None, run_after=None
[2023-10-07T04:22:22.249+0530] {processor.py:179} INFO - Processing /home/raj/Downloads/kafka_2.13-3.5.1/airflow-env/lib64/python3.11/site-packages/airflow/example_dags/example_python_operator.py took 0.088 seconds
[2023-10-07T04:23:14.085+0530] {processor.py:157} INFO - Started process (PID=20881) to work on /home/raj/Downloads/kafka_2.13-3.5.1/airflow-env/lib64/python3.11/site-packages/airflow/example_dags/example_python_operator.py
[2023-10-07T04:23:14.087+0530] {processor.py:829} INFO - Processing file /home/raj/Downloads/kafka_2.13-3.5.1/airflow-env/lib64/python3.11/site-packages/airflow/example_dags/example_python_operator.py for tasks to queue
[2023-10-07T04:23:14.089+0530] {logging_mixin.py:151} INFO - [2023-10-07T04:23:14.088+0530] {dagbag.py:539} INFO - Filling up the DagBag from /home/raj/Downloads/kafka_2.13-3.5.1/airflow-env/lib64/python3.11/site-packages/airflow/example_dags/example_python_operator.py
[2023-10-07T04:23:14.104+0530] {logging_mixin.py:151} INFO - [2023-10-07T04:23:14.103+0530] {example_python_operator.py:89} WARNING - The virtalenv_python example task requires virtualenv, please install it.
[2023-10-07T04:23:14.105+0530] {processor.py:839} INFO - DAG(s) dict_keys(['example_python_operator']) retrieved from /home/raj/Downloads/kafka_2.13-3.5.1/airflow-env/lib64/python3.11/site-packages/airflow/example_dags/example_python_operator.py
[2023-10-07T04:23:14.127+0530] {logging_mixin.py:151} INFO - [2023-10-07T04:23:14.127+0530] {dag.py:2915} INFO - Sync 1 DAGs
[2023-10-07T04:23:14.137+0530] {logging_mixin.py:151} INFO - [2023-10-07T04:23:14.137+0530] {dag.py:3696} INFO - Setting next_dagrun for example_python_operator to None, run_after=None
[2023-10-07T04:23:14.157+0530] {processor.py:179} INFO - Processing /home/raj/Downloads/kafka_2.13-3.5.1/airflow-env/lib64/python3.11/site-packages/airflow/example_dags/example_python_operator.py took 0.076 seconds
[2023-10-07T04:24:04.505+0530] {processor.py:157} INFO - Started process (PID=20987) to work on /home/raj/Downloads/kafka_2.13-3.5.1/airflow-env/lib64/python3.11/site-packages/airflow/example_dags/example_python_operator.py
[2023-10-07T04:24:04.516+0530] {processor.py:829} INFO - Processing file /home/raj/Downloads/kafka_2.13-3.5.1/airflow-env/lib64/python3.11/site-packages/airflow/example_dags/example_python_operator.py for tasks to queue
[2023-10-07T04:24:04.518+0530] {logging_mixin.py:151} INFO - [2023-10-07T04:24:04.517+0530] {dagbag.py:539} INFO - Filling up the DagBag from /home/raj/Downloads/kafka_2.13-3.5.1/airflow-env/lib64/python3.11/site-packages/airflow/example_dags/example_python_operator.py
[2023-10-07T04:24:04.530+0530] {logging_mixin.py:151} INFO - [2023-10-07T04:24:04.529+0530] {example_python_operator.py:89} WARNING - The virtalenv_python example task requires virtualenv, please install it.
[2023-10-07T04:24:04.530+0530] {processor.py:839} INFO - DAG(s) dict_keys(['example_python_operator']) retrieved from /home/raj/Downloads/kafka_2.13-3.5.1/airflow-env/lib64/python3.11/site-packages/airflow/example_dags/example_python_operator.py
[2023-10-07T04:24:04.547+0530] {logging_mixin.py:151} INFO - [2023-10-07T04:24:04.547+0530] {dag.py:2915} INFO - Sync 1 DAGs
[2023-10-07T04:24:04.558+0530] {logging_mixin.py:151} INFO - [2023-10-07T04:24:04.557+0530] {dag.py:3696} INFO - Setting next_dagrun for example_python_operator to None, run_after=None
[2023-10-07T04:24:04.587+0530] {processor.py:179} INFO - Processing /home/raj/Downloads/kafka_2.13-3.5.1/airflow-env/lib64/python3.11/site-packages/airflow/example_dags/example_python_operator.py took 0.086 seconds
[2023-10-07T04:24:54.387+0530] {processor.py:157} INFO - Started process (PID=21101) to work on /home/raj/Downloads/kafka_2.13-3.5.1/airflow-env/lib64/python3.11/site-packages/airflow/example_dags/example_python_operator.py
[2023-10-07T04:24:54.398+0530] {processor.py:829} INFO - Processing file /home/raj/Downloads/kafka_2.13-3.5.1/airflow-env/lib64/python3.11/site-packages/airflow/example_dags/example_python_operator.py for tasks to queue
[2023-10-07T04:24:54.400+0530] {logging_mixin.py:151} INFO - [2023-10-07T04:24:54.399+0530] {dagbag.py:539} INFO - Filling up the DagBag from /home/raj/Downloads/kafka_2.13-3.5.1/airflow-env/lib64/python3.11/site-packages/airflow/example_dags/example_python_operator.py
[2023-10-07T04:24:54.411+0530] {logging_mixin.py:151} INFO - [2023-10-07T04:24:54.410+0530] {example_python_operator.py:89} WARNING - The virtalenv_python example task requires virtualenv, please install it.
[2023-10-07T04:24:54.411+0530] {processor.py:839} INFO - DAG(s) dict_keys(['example_python_operator']) retrieved from /home/raj/Downloads/kafka_2.13-3.5.1/airflow-env/lib64/python3.11/site-packages/airflow/example_dags/example_python_operator.py
[2023-10-07T04:24:54.430+0530] {logging_mixin.py:151} INFO - [2023-10-07T04:24:54.430+0530] {dag.py:2915} INFO - Sync 1 DAGs
[2023-10-07T04:24:54.442+0530] {logging_mixin.py:151} INFO - [2023-10-07T04:24:54.442+0530] {dag.py:3696} INFO - Setting next_dagrun for example_python_operator to None, run_after=None
[2023-10-07T04:24:54.466+0530] {processor.py:179} INFO - Processing /home/raj/Downloads/kafka_2.13-3.5.1/airflow-env/lib64/python3.11/site-packages/airflow/example_dags/example_python_operator.py took 0.085 seconds
[2023-10-07T04:25:46.109+0530] {processor.py:157} INFO - Started process (PID=21189) to work on /home/raj/Downloads/kafka_2.13-3.5.1/airflow-env/lib64/python3.11/site-packages/airflow/example_dags/example_python_operator.py
[2023-10-07T04:25:46.120+0530] {processor.py:829} INFO - Processing file /home/raj/Downloads/kafka_2.13-3.5.1/airflow-env/lib64/python3.11/site-packages/airflow/example_dags/example_python_operator.py for tasks to queue
[2023-10-07T04:25:46.121+0530] {logging_mixin.py:151} INFO - [2023-10-07T04:25:46.121+0530] {dagbag.py:539} INFO - Filling up the DagBag from /home/raj/Downloads/kafka_2.13-3.5.1/airflow-env/lib64/python3.11/site-packages/airflow/example_dags/example_python_operator.py
[2023-10-07T04:25:46.140+0530] {logging_mixin.py:151} INFO - [2023-10-07T04:25:46.139+0530] {example_python_operator.py:89} WARNING - The virtalenv_python example task requires virtualenv, please install it.
[2023-10-07T04:25:46.141+0530] {processor.py:839} INFO - DAG(s) dict_keys(['example_python_operator']) retrieved from /home/raj/Downloads/kafka_2.13-3.5.1/airflow-env/lib64/python3.11/site-packages/airflow/example_dags/example_python_operator.py
[2023-10-07T04:25:46.170+0530] {logging_mixin.py:151} INFO - [2023-10-07T04:25:46.169+0530] {dag.py:2915} INFO - Sync 1 DAGs
[2023-10-07T04:25:46.179+0530] {logging_mixin.py:151} INFO - [2023-10-07T04:25:46.179+0530] {dag.py:3696} INFO - Setting next_dagrun for example_python_operator to None, run_after=None
[2023-10-07T04:25:46.197+0530] {processor.py:179} INFO - Processing /home/raj/Downloads/kafka_2.13-3.5.1/airflow-env/lib64/python3.11/site-packages/airflow/example_dags/example_python_operator.py took 0.094 seconds
[2023-10-07T04:26:37.925+0530] {processor.py:157} INFO - Started process (PID=21407) to work on /home/raj/Downloads/kafka_2.13-3.5.1/airflow-env/lib64/python3.11/site-packages/airflow/example_dags/example_python_operator.py
[2023-10-07T04:26:37.926+0530] {processor.py:829} INFO - Processing file /home/raj/Downloads/kafka_2.13-3.5.1/airflow-env/lib64/python3.11/site-packages/airflow/example_dags/example_python_operator.py for tasks to queue
[2023-10-07T04:26:37.927+0530] {logging_mixin.py:151} INFO - [2023-10-07T04:26:37.926+0530] {dagbag.py:539} INFO - Filling up the DagBag from /home/raj/Downloads/kafka_2.13-3.5.1/airflow-env/lib64/python3.11/site-packages/airflow/example_dags/example_python_operator.py
[2023-10-07T04:26:37.941+0530] {logging_mixin.py:151} INFO - [2023-10-07T04:26:37.940+0530] {example_python_operator.py:89} WARNING - The virtalenv_python example task requires virtualenv, please install it.
[2023-10-07T04:26:37.941+0530] {processor.py:839} INFO - DAG(s) dict_keys(['example_python_operator']) retrieved from /home/raj/Downloads/kafka_2.13-3.5.1/airflow-env/lib64/python3.11/site-packages/airflow/example_dags/example_python_operator.py
[2023-10-07T04:26:37.968+0530] {logging_mixin.py:151} INFO - [2023-10-07T04:26:37.967+0530] {dag.py:2915} INFO - Sync 1 DAGs
[2023-10-07T04:26:37.987+0530] {logging_mixin.py:151} INFO - [2023-10-07T04:26:37.987+0530] {dag.py:3696} INFO - Setting next_dagrun for example_python_operator to None, run_after=None
[2023-10-07T04:26:38.016+0530] {processor.py:179} INFO - Processing /home/raj/Downloads/kafka_2.13-3.5.1/airflow-env/lib64/python3.11/site-packages/airflow/example_dags/example_python_operator.py took 0.094 seconds
[2023-10-07T04:27:28.799+0530] {processor.py:157} INFO - Started process (PID=21548) to work on /home/raj/Downloads/kafka_2.13-3.5.1/airflow-env/lib64/python3.11/site-packages/airflow/example_dags/example_python_operator.py
[2023-10-07T04:27:28.810+0530] {processor.py:829} INFO - Processing file /home/raj/Downloads/kafka_2.13-3.5.1/airflow-env/lib64/python3.11/site-packages/airflow/example_dags/example_python_operator.py for tasks to queue
[2023-10-07T04:27:28.811+0530] {logging_mixin.py:151} INFO - [2023-10-07T04:27:28.811+0530] {dagbag.py:539} INFO - Filling up the DagBag from /home/raj/Downloads/kafka_2.13-3.5.1/airflow-env/lib64/python3.11/site-packages/airflow/example_dags/example_python_operator.py
[2023-10-07T04:27:28.827+0530] {logging_mixin.py:151} INFO - [2023-10-07T04:27:28.826+0530] {example_python_operator.py:89} WARNING - The virtalenv_python example task requires virtualenv, please install it.
[2023-10-07T04:27:28.827+0530] {processor.py:839} INFO - DAG(s) dict_keys(['example_python_operator']) retrieved from /home/raj/Downloads/kafka_2.13-3.5.1/airflow-env/lib64/python3.11/site-packages/airflow/example_dags/example_python_operator.py
[2023-10-07T04:27:28.848+0530] {logging_mixin.py:151} INFO - [2023-10-07T04:27:28.848+0530] {dag.py:2915} INFO - Sync 1 DAGs
[2023-10-07T04:27:28.863+0530] {logging_mixin.py:151} INFO - [2023-10-07T04:27:28.863+0530] {dag.py:3696} INFO - Setting next_dagrun for example_python_operator to None, run_after=None
[2023-10-07T04:27:28.881+0530] {processor.py:179} INFO - Processing /home/raj/Downloads/kafka_2.13-3.5.1/airflow-env/lib64/python3.11/site-packages/airflow/example_dags/example_python_operator.py took 0.088 seconds
[2023-10-07T04:28:22.491+0530] {processor.py:157} INFO - Started process (PID=21630) to work on /home/raj/Downloads/kafka_2.13-3.5.1/airflow-env/lib64/python3.11/site-packages/airflow/example_dags/example_python_operator.py
[2023-10-07T04:28:22.502+0530] {processor.py:829} INFO - Processing file /home/raj/Downloads/kafka_2.13-3.5.1/airflow-env/lib64/python3.11/site-packages/airflow/example_dags/example_python_operator.py for tasks to queue
[2023-10-07T04:28:22.503+0530] {logging_mixin.py:151} INFO - [2023-10-07T04:28:22.502+0530] {dagbag.py:539} INFO - Filling up the DagBag from /home/raj/Downloads/kafka_2.13-3.5.1/airflow-env/lib64/python3.11/site-packages/airflow/example_dags/example_python_operator.py
[2023-10-07T04:28:22.512+0530] {logging_mixin.py:151} INFO - [2023-10-07T04:28:22.511+0530] {example_python_operator.py:89} WARNING - The virtalenv_python example task requires virtualenv, please install it.
[2023-10-07T04:28:22.512+0530] {processor.py:839} INFO - DAG(s) dict_keys(['example_python_operator']) retrieved from /home/raj/Downloads/kafka_2.13-3.5.1/airflow-env/lib64/python3.11/site-packages/airflow/example_dags/example_python_operator.py
[2023-10-07T04:28:22.529+0530] {logging_mixin.py:151} INFO - [2023-10-07T04:28:22.528+0530] {dag.py:2915} INFO - Sync 1 DAGs
[2023-10-07T04:28:22.540+0530] {logging_mixin.py:151} INFO - [2023-10-07T04:28:22.540+0530] {dag.py:3696} INFO - Setting next_dagrun for example_python_operator to None, run_after=None
[2023-10-07T04:28:22.561+0530] {processor.py:179} INFO - Processing /home/raj/Downloads/kafka_2.13-3.5.1/airflow-env/lib64/python3.11/site-packages/airflow/example_dags/example_python_operator.py took 0.074 seconds
[2023-10-07T04:29:14.619+0530] {processor.py:157} INFO - Started process (PID=21745) to work on /home/raj/Downloads/kafka_2.13-3.5.1/airflow-env/lib64/python3.11/site-packages/airflow/example_dags/example_python_operator.py
[2023-10-07T04:29:14.630+0530] {processor.py:829} INFO - Processing file /home/raj/Downloads/kafka_2.13-3.5.1/airflow-env/lib64/python3.11/site-packages/airflow/example_dags/example_python_operator.py for tasks to queue
[2023-10-07T04:29:14.632+0530] {logging_mixin.py:151} INFO - [2023-10-07T04:29:14.631+0530] {dagbag.py:539} INFO - Filling up the DagBag from /home/raj/Downloads/kafka_2.13-3.5.1/airflow-env/lib64/python3.11/site-packages/airflow/example_dags/example_python_operator.py
[2023-10-07T04:29:14.650+0530] {logging_mixin.py:151} INFO - [2023-10-07T04:29:14.649+0530] {example_python_operator.py:89} WARNING - The virtalenv_python example task requires virtualenv, please install it.
[2023-10-07T04:29:14.651+0530] {processor.py:839} INFO - DAG(s) dict_keys(['example_python_operator']) retrieved from /home/raj/Downloads/kafka_2.13-3.5.1/airflow-env/lib64/python3.11/site-packages/airflow/example_dags/example_python_operator.py
[2023-10-07T04:29:14.680+0530] {logging_mixin.py:151} INFO - [2023-10-07T04:29:14.680+0530] {dag.py:2915} INFO - Sync 1 DAGs
[2023-10-07T04:29:14.689+0530] {logging_mixin.py:151} INFO - [2023-10-07T04:29:14.689+0530] {dag.py:3696} INFO - Setting next_dagrun for example_python_operator to None, run_after=None
[2023-10-07T04:29:14.707+0530] {processor.py:179} INFO - Processing /home/raj/Downloads/kafka_2.13-3.5.1/airflow-env/lib64/python3.11/site-packages/airflow/example_dags/example_python_operator.py took 0.094 seconds
[2023-10-07T04:40:53.039+0530] {processor.py:157} INFO - Started process (PID=9849) to work on /home/raj/Downloads/kafka_2.13-3.5.1/airflow-env/lib64/python3.11/site-packages/airflow/example_dags/example_python_operator.py
[2023-10-07T04:40:53.040+0530] {processor.py:829} INFO - Processing file /home/raj/Downloads/kafka_2.13-3.5.1/airflow-env/lib64/python3.11/site-packages/airflow/example_dags/example_python_operator.py for tasks to queue
[2023-10-07T04:40:53.041+0530] {logging_mixin.py:151} INFO - [2023-10-07T04:40:53.041+0530] {dagbag.py:539} INFO - Filling up the DagBag from /home/raj/Downloads/kafka_2.13-3.5.1/airflow-env/lib64/python3.11/site-packages/airflow/example_dags/example_python_operator.py
[2023-10-07T04:40:53.050+0530] {logging_mixin.py:151} INFO - [2023-10-07T04:40:53.050+0530] {example_python_operator.py:89} WARNING - The virtalenv_python example task requires virtualenv, please install it.
[2023-10-07T04:40:53.051+0530] {processor.py:839} INFO - DAG(s) dict_keys(['example_python_operator']) retrieved from /home/raj/Downloads/kafka_2.13-3.5.1/airflow-env/lib64/python3.11/site-packages/airflow/example_dags/example_python_operator.py
[2023-10-07T04:40:53.076+0530] {logging_mixin.py:151} INFO - [2023-10-07T04:40:53.076+0530] {dag.py:2915} INFO - Sync 1 DAGs
[2023-10-07T04:40:53.091+0530] {logging_mixin.py:151} INFO - [2023-10-07T04:40:53.091+0530] {dag.py:3696} INFO - Setting next_dagrun for example_python_operator to None, run_after=None
[2023-10-07T04:40:53.120+0530] {processor.py:179} INFO - Processing /home/raj/Downloads/kafka_2.13-3.5.1/airflow-env/lib64/python3.11/site-packages/airflow/example_dags/example_python_operator.py took 0.084 seconds
[2023-10-07T04:41:40.677+0530] {processor.py:157} INFO - Started process (PID=10027) to work on /home/raj/Downloads/kafka_2.13-3.5.1/airflow-env/lib64/python3.11/site-packages/airflow/example_dags/example_python_operator.py
[2023-10-07T04:41:40.688+0530] {processor.py:829} INFO - Processing file /home/raj/Downloads/kafka_2.13-3.5.1/airflow-env/lib64/python3.11/site-packages/airflow/example_dags/example_python_operator.py for tasks to queue
[2023-10-07T04:41:40.690+0530] {logging_mixin.py:151} INFO - [2023-10-07T04:41:40.689+0530] {dagbag.py:539} INFO - Filling up the DagBag from /home/raj/Downloads/kafka_2.13-3.5.1/airflow-env/lib64/python3.11/site-packages/airflow/example_dags/example_python_operator.py
[2023-10-07T04:41:40.698+0530] {logging_mixin.py:151} INFO - [2023-10-07T04:41:40.698+0530] {example_python_operator.py:89} WARNING - The virtalenv_python example task requires virtualenv, please install it.
[2023-10-07T04:41:40.699+0530] {processor.py:839} INFO - DAG(s) dict_keys(['example_python_operator']) retrieved from /home/raj/Downloads/kafka_2.13-3.5.1/airflow-env/lib64/python3.11/site-packages/airflow/example_dags/example_python_operator.py
[2023-10-07T04:41:40.712+0530] {logging_mixin.py:151} INFO - [2023-10-07T04:41:40.712+0530] {dag.py:2915} INFO - Sync 1 DAGs
[2023-10-07T04:41:40.722+0530] {logging_mixin.py:151} INFO - [2023-10-07T04:41:40.722+0530] {dag.py:3696} INFO - Setting next_dagrun for example_python_operator to None, run_after=None
[2023-10-07T04:41:40.739+0530] {processor.py:179} INFO - Processing /home/raj/Downloads/kafka_2.13-3.5.1/airflow-env/lib64/python3.11/site-packages/airflow/example_dags/example_python_operator.py took 0.067 seconds
[2023-10-07T04:42:32.459+0530] {processor.py:157} INFO - Started process (PID=10202) to work on /home/raj/Downloads/kafka_2.13-3.5.1/airflow-env/lib64/python3.11/site-packages/airflow/example_dags/example_python_operator.py
[2023-10-07T04:42:32.470+0530] {processor.py:829} INFO - Processing file /home/raj/Downloads/kafka_2.13-3.5.1/airflow-env/lib64/python3.11/site-packages/airflow/example_dags/example_python_operator.py for tasks to queue
[2023-10-07T04:42:32.471+0530] {logging_mixin.py:151} INFO - [2023-10-07T04:42:32.470+0530] {dagbag.py:539} INFO - Filling up the DagBag from /home/raj/Downloads/kafka_2.13-3.5.1/airflow-env/lib64/python3.11/site-packages/airflow/example_dags/example_python_operator.py
[2023-10-07T04:42:32.478+0530] {logging_mixin.py:151} INFO - [2023-10-07T04:42:32.477+0530] {example_python_operator.py:89} WARNING - The virtalenv_python example task requires virtualenv, please install it.
[2023-10-07T04:42:32.478+0530] {processor.py:839} INFO - DAG(s) dict_keys(['example_python_operator']) retrieved from /home/raj/Downloads/kafka_2.13-3.5.1/airflow-env/lib64/python3.11/site-packages/airflow/example_dags/example_python_operator.py
[2023-10-07T04:42:32.497+0530] {logging_mixin.py:151} INFO - [2023-10-07T04:42:32.497+0530] {dag.py:2915} INFO - Sync 1 DAGs
[2023-10-07T04:42:32.507+0530] {logging_mixin.py:151} INFO - [2023-10-07T04:42:32.507+0530] {dag.py:3696} INFO - Setting next_dagrun for example_python_operator to None, run_after=None
[2023-10-07T04:42:32.536+0530] {processor.py:179} INFO - Processing /home/raj/Downloads/kafka_2.13-3.5.1/airflow-env/lib64/python3.11/site-packages/airflow/example_dags/example_python_operator.py took 0.079 seconds
[2023-10-07T04:43:43.505+0530] {processor.py:157} INFO - Started process (PID=10396) to work on /home/raj/Downloads/kafka_2.13-3.5.1/airflow-env/lib64/python3.11/site-packages/airflow/example_dags/example_python_operator.py
[2023-10-07T04:43:43.517+0530] {processor.py:829} INFO - Processing file /home/raj/Downloads/kafka_2.13-3.5.1/airflow-env/lib64/python3.11/site-packages/airflow/example_dags/example_python_operator.py for tasks to queue
[2023-10-07T04:43:43.518+0530] {logging_mixin.py:151} INFO - [2023-10-07T04:43:43.518+0530] {dagbag.py:539} INFO - Filling up the DagBag from /home/raj/Downloads/kafka_2.13-3.5.1/airflow-env/lib64/python3.11/site-packages/airflow/example_dags/example_python_operator.py
[2023-10-07T04:43:43.535+0530] {logging_mixin.py:151} INFO - [2023-10-07T04:43:43.534+0530] {example_python_operator.py:89} WARNING - The virtalenv_python example task requires virtualenv, please install it.
[2023-10-07T04:43:43.536+0530] {processor.py:839} INFO - DAG(s) dict_keys(['example_python_operator']) retrieved from /home/raj/Downloads/kafka_2.13-3.5.1/airflow-env/lib64/python3.11/site-packages/airflow/example_dags/example_python_operator.py
[2023-10-07T04:43:43.568+0530] {logging_mixin.py:151} INFO - [2023-10-07T04:43:43.568+0530] {dag.py:2915} INFO - Sync 1 DAGs
[2023-10-07T04:43:43.580+0530] {logging_mixin.py:151} INFO - [2023-10-07T04:43:43.580+0530] {dag.py:3696} INFO - Setting next_dagrun for example_python_operator to None, run_after=None
[2023-10-07T04:43:43.601+0530] {processor.py:179} INFO - Processing /home/raj/Downloads/kafka_2.13-3.5.1/airflow-env/lib64/python3.11/site-packages/airflow/example_dags/example_python_operator.py took 0.101 seconds
[2023-10-07T04:44:33.023+0530] {processor.py:157} INFO - Started process (PID=10505) to work on /home/raj/Downloads/kafka_2.13-3.5.1/airflow-env/lib64/python3.11/site-packages/airflow/example_dags/example_python_operator.py
[2023-10-07T04:44:33.034+0530] {processor.py:829} INFO - Processing file /home/raj/Downloads/kafka_2.13-3.5.1/airflow-env/lib64/python3.11/site-packages/airflow/example_dags/example_python_operator.py for tasks to queue
[2023-10-07T04:44:33.036+0530] {logging_mixin.py:151} INFO - [2023-10-07T04:44:33.035+0530] {dagbag.py:539} INFO - Filling up the DagBag from /home/raj/Downloads/kafka_2.13-3.5.1/airflow-env/lib64/python3.11/site-packages/airflow/example_dags/example_python_operator.py
[2023-10-07T04:44:33.044+0530] {logging_mixin.py:151} INFO - [2023-10-07T04:44:33.044+0530] {example_python_operator.py:89} WARNING - The virtalenv_python example task requires virtualenv, please install it.
[2023-10-07T04:44:33.044+0530] {processor.py:839} INFO - DAG(s) dict_keys(['example_python_operator']) retrieved from /home/raj/Downloads/kafka_2.13-3.5.1/airflow-env/lib64/python3.11/site-packages/airflow/example_dags/example_python_operator.py
[2023-10-07T04:44:33.060+0530] {logging_mixin.py:151} INFO - [2023-10-07T04:44:33.060+0530] {dag.py:2915} INFO - Sync 1 DAGs
[2023-10-07T04:44:33.070+0530] {logging_mixin.py:151} INFO - [2023-10-07T04:44:33.069+0530] {dag.py:3696} INFO - Setting next_dagrun for example_python_operator to None, run_after=None
[2023-10-07T04:44:33.089+0530] {processor.py:179} INFO - Processing /home/raj/Downloads/kafka_2.13-3.5.1/airflow-env/lib64/python3.11/site-packages/airflow/example_dags/example_python_operator.py took 0.072 seconds
[2023-10-07T04:45:27.911+0530] {processor.py:157} INFO - Started process (PID=10668) to work on /home/raj/Downloads/kafka_2.13-3.5.1/airflow-env/lib64/python3.11/site-packages/airflow/example_dags/example_python_operator.py
[2023-10-07T04:45:27.921+0530] {processor.py:829} INFO - Processing file /home/raj/Downloads/kafka_2.13-3.5.1/airflow-env/lib64/python3.11/site-packages/airflow/example_dags/example_python_operator.py for tasks to queue
[2023-10-07T04:45:27.922+0530] {logging_mixin.py:151} INFO - [2023-10-07T04:45:27.922+0530] {dagbag.py:539} INFO - Filling up the DagBag from /home/raj/Downloads/kafka_2.13-3.5.1/airflow-env/lib64/python3.11/site-packages/airflow/example_dags/example_python_operator.py
[2023-10-07T04:45:27.930+0530] {logging_mixin.py:151} INFO - [2023-10-07T04:45:27.930+0530] {example_python_operator.py:89} WARNING - The virtalenv_python example task requires virtualenv, please install it.
[2023-10-07T04:45:27.931+0530] {processor.py:839} INFO - DAG(s) dict_keys(['example_python_operator']) retrieved from /home/raj/Downloads/kafka_2.13-3.5.1/airflow-env/lib64/python3.11/site-packages/airflow/example_dags/example_python_operator.py
[2023-10-07T04:45:27.949+0530] {logging_mixin.py:151} INFO - [2023-10-07T04:45:27.948+0530] {dag.py:2915} INFO - Sync 1 DAGs
[2023-10-07T04:45:27.960+0530] {logging_mixin.py:151} INFO - [2023-10-07T04:45:27.960+0530] {dag.py:3696} INFO - Setting next_dagrun for example_python_operator to None, run_after=None
[2023-10-07T04:45:27.985+0530] {processor.py:179} INFO - Processing /home/raj/Downloads/kafka_2.13-3.5.1/airflow-env/lib64/python3.11/site-packages/airflow/example_dags/example_python_operator.py took 0.080 seconds
[2023-10-07T04:46:17.724+0530] {processor.py:157} INFO - Started process (PID=10860) to work on /home/raj/Downloads/kafka_2.13-3.5.1/airflow-env/lib64/python3.11/site-packages/airflow/example_dags/example_python_operator.py
[2023-10-07T04:46:17.734+0530] {processor.py:829} INFO - Processing file /home/raj/Downloads/kafka_2.13-3.5.1/airflow-env/lib64/python3.11/site-packages/airflow/example_dags/example_python_operator.py for tasks to queue
[2023-10-07T04:46:17.735+0530] {logging_mixin.py:151} INFO - [2023-10-07T04:46:17.735+0530] {dagbag.py:539} INFO - Filling up the DagBag from /home/raj/Downloads/kafka_2.13-3.5.1/airflow-env/lib64/python3.11/site-packages/airflow/example_dags/example_python_operator.py
[2023-10-07T04:46:17.745+0530] {logging_mixin.py:151} INFO - [2023-10-07T04:46:17.744+0530] {example_python_operator.py:89} WARNING - The virtalenv_python example task requires virtualenv, please install it.
[2023-10-07T04:46:17.745+0530] {processor.py:839} INFO - DAG(s) dict_keys(['example_python_operator']) retrieved from /home/raj/Downloads/kafka_2.13-3.5.1/airflow-env/lib64/python3.11/site-packages/airflow/example_dags/example_python_operator.py
[2023-10-07T04:46:17.765+0530] {logging_mixin.py:151} INFO - [2023-10-07T04:46:17.765+0530] {dag.py:2915} INFO - Sync 1 DAGs
[2023-10-07T04:46:17.777+0530] {logging_mixin.py:151} INFO - [2023-10-07T04:46:17.777+0530] {dag.py:3696} INFO - Setting next_dagrun for example_python_operator to None, run_after=None
[2023-10-07T04:46:17.797+0530] {processor.py:179} INFO - Processing /home/raj/Downloads/kafka_2.13-3.5.1/airflow-env/lib64/python3.11/site-packages/airflow/example_dags/example_python_operator.py took 0.077 seconds
[2023-10-07T04:47:12.713+0530] {processor.py:157} INFO - Started process (PID=10963) to work on /home/raj/Downloads/kafka_2.13-3.5.1/airflow-env/lib64/python3.11/site-packages/airflow/example_dags/example_python_operator.py
[2023-10-07T04:47:12.725+0530] {processor.py:829} INFO - Processing file /home/raj/Downloads/kafka_2.13-3.5.1/airflow-env/lib64/python3.11/site-packages/airflow/example_dags/example_python_operator.py for tasks to queue
[2023-10-07T04:47:12.727+0530] {logging_mixin.py:151} INFO - [2023-10-07T04:47:12.726+0530] {dagbag.py:539} INFO - Filling up the DagBag from /home/raj/Downloads/kafka_2.13-3.5.1/airflow-env/lib64/python3.11/site-packages/airflow/example_dags/example_python_operator.py
[2023-10-07T04:47:12.749+0530] {logging_mixin.py:151} INFO - [2023-10-07T04:47:12.749+0530] {example_python_operator.py:89} WARNING - The virtalenv_python example task requires virtualenv, please install it.
[2023-10-07T04:47:12.751+0530] {processor.py:839} INFO - DAG(s) dict_keys(['example_python_operator']) retrieved from /home/raj/Downloads/kafka_2.13-3.5.1/airflow-env/lib64/python3.11/site-packages/airflow/example_dags/example_python_operator.py
[2023-10-07T04:47:12.779+0530] {logging_mixin.py:151} INFO - [2023-10-07T04:47:12.779+0530] {dag.py:2915} INFO - Sync 1 DAGs
[2023-10-07T04:47:12.790+0530] {logging_mixin.py:151} INFO - [2023-10-07T04:47:12.790+0530] {dag.py:3696} INFO - Setting next_dagrun for example_python_operator to None, run_after=None
[2023-10-07T04:47:12.810+0530] {processor.py:179} INFO - Processing /home/raj/Downloads/kafka_2.13-3.5.1/airflow-env/lib64/python3.11/site-packages/airflow/example_dags/example_python_operator.py took 0.104 seconds
[2023-10-07T04:48:00.838+0530] {processor.py:157} INFO - Started process (PID=11049) to work on /home/raj/Downloads/kafka_2.13-3.5.1/airflow-env/lib64/python3.11/site-packages/airflow/example_dags/example_python_operator.py
[2023-10-07T04:48:00.849+0530] {processor.py:829} INFO - Processing file /home/raj/Downloads/kafka_2.13-3.5.1/airflow-env/lib64/python3.11/site-packages/airflow/example_dags/example_python_operator.py for tasks to queue
[2023-10-07T04:48:00.850+0530] {logging_mixin.py:151} INFO - [2023-10-07T04:48:00.850+0530] {dagbag.py:539} INFO - Filling up the DagBag from /home/raj/Downloads/kafka_2.13-3.5.1/airflow-env/lib64/python3.11/site-packages/airflow/example_dags/example_python_operator.py
[2023-10-07T04:48:00.866+0530] {logging_mixin.py:151} INFO - [2023-10-07T04:48:00.866+0530] {example_python_operator.py:89} WARNING - The virtalenv_python example task requires virtualenv, please install it.
[2023-10-07T04:48:00.867+0530] {processor.py:839} INFO - DAG(s) dict_keys(['example_python_operator']) retrieved from /home/raj/Downloads/kafka_2.13-3.5.1/airflow-env/lib64/python3.11/site-packages/airflow/example_dags/example_python_operator.py
[2023-10-07T04:48:00.896+0530] {logging_mixin.py:151} INFO - [2023-10-07T04:48:00.896+0530] {dag.py:2915} INFO - Sync 1 DAGs
[2023-10-07T04:48:00.905+0530] {logging_mixin.py:151} INFO - [2023-10-07T04:48:00.905+0530] {dag.py:3696} INFO - Setting next_dagrun for example_python_operator to None, run_after=None
[2023-10-07T04:48:00.924+0530] {processor.py:179} INFO - Processing /home/raj/Downloads/kafka_2.13-3.5.1/airflow-env/lib64/python3.11/site-packages/airflow/example_dags/example_python_operator.py took 0.092 seconds
[2023-10-07T04:48:55.079+0530] {processor.py:157} INFO - Started process (PID=11168) to work on /home/raj/Downloads/kafka_2.13-3.5.1/airflow-env/lib64/python3.11/site-packages/airflow/example_dags/example_python_operator.py
[2023-10-07T04:48:55.090+0530] {processor.py:829} INFO - Processing file /home/raj/Downloads/kafka_2.13-3.5.1/airflow-env/lib64/python3.11/site-packages/airflow/example_dags/example_python_operator.py for tasks to queue
[2023-10-07T04:48:55.091+0530] {logging_mixin.py:151} INFO - [2023-10-07T04:48:55.091+0530] {dagbag.py:539} INFO - Filling up the DagBag from /home/raj/Downloads/kafka_2.13-3.5.1/airflow-env/lib64/python3.11/site-packages/airflow/example_dags/example_python_operator.py
[2023-10-07T04:48:55.108+0530] {logging_mixin.py:151} INFO - [2023-10-07T04:48:55.108+0530] {example_python_operator.py:89} WARNING - The virtalenv_python example task requires virtualenv, please install it.
[2023-10-07T04:48:55.109+0530] {processor.py:839} INFO - DAG(s) dict_keys(['example_python_operator']) retrieved from /home/raj/Downloads/kafka_2.13-3.5.1/airflow-env/lib64/python3.11/site-packages/airflow/example_dags/example_python_operator.py
[2023-10-07T04:48:55.142+0530] {logging_mixin.py:151} INFO - [2023-10-07T04:48:55.141+0530] {dag.py:2915} INFO - Sync 1 DAGs
[2023-10-07T04:48:55.151+0530] {logging_mixin.py:151} INFO - [2023-10-07T04:48:55.151+0530] {dag.py:3696} INFO - Setting next_dagrun for example_python_operator to None, run_after=None
[2023-10-07T04:48:55.168+0530] {processor.py:179} INFO - Processing /home/raj/Downloads/kafka_2.13-3.5.1/airflow-env/lib64/python3.11/site-packages/airflow/example_dags/example_python_operator.py took 0.091 seconds
[2023-10-07T04:49:50.402+0530] {processor.py:157} INFO - Started process (PID=11264) to work on /home/raj/Downloads/kafka_2.13-3.5.1/airflow-env/lib64/python3.11/site-packages/airflow/example_dags/example_python_operator.py
[2023-10-07T04:49:50.403+0530] {processor.py:829} INFO - Processing file /home/raj/Downloads/kafka_2.13-3.5.1/airflow-env/lib64/python3.11/site-packages/airflow/example_dags/example_python_operator.py for tasks to queue
[2023-10-07T04:49:50.405+0530] {logging_mixin.py:151} INFO - [2023-10-07T04:49:50.404+0530] {dagbag.py:539} INFO - Filling up the DagBag from /home/raj/Downloads/kafka_2.13-3.5.1/airflow-env/lib64/python3.11/site-packages/airflow/example_dags/example_python_operator.py
[2023-10-07T04:49:50.414+0530] {logging_mixin.py:151} INFO - [2023-10-07T04:49:50.414+0530] {example_python_operator.py:89} WARNING - The virtalenv_python example task requires virtualenv, please install it.
[2023-10-07T04:49:50.415+0530] {processor.py:839} INFO - DAG(s) dict_keys(['example_python_operator']) retrieved from /home/raj/Downloads/kafka_2.13-3.5.1/airflow-env/lib64/python3.11/site-packages/airflow/example_dags/example_python_operator.py
[2023-10-07T04:49:50.432+0530] {logging_mixin.py:151} INFO - [2023-10-07T04:49:50.432+0530] {dag.py:2915} INFO - Sync 1 DAGs
[2023-10-07T04:49:50.445+0530] {logging_mixin.py:151} INFO - [2023-10-07T04:49:50.445+0530] {dag.py:3696} INFO - Setting next_dagrun for example_python_operator to None, run_after=None
[2023-10-07T04:49:50.469+0530] {processor.py:179} INFO - Processing /home/raj/Downloads/kafka_2.13-3.5.1/airflow-env/lib64/python3.11/site-packages/airflow/example_dags/example_python_operator.py took 0.069 seconds
[2023-10-07T04:50:44.306+0530] {processor.py:157} INFO - Started process (PID=11360) to work on /home/raj/Downloads/kafka_2.13-3.5.1/airflow-env/lib64/python3.11/site-packages/airflow/example_dags/example_python_operator.py
[2023-10-07T04:50:44.317+0530] {processor.py:829} INFO - Processing file /home/raj/Downloads/kafka_2.13-3.5.1/airflow-env/lib64/python3.11/site-packages/airflow/example_dags/example_python_operator.py for tasks to queue
[2023-10-07T04:50:44.319+0530] {logging_mixin.py:151} INFO - [2023-10-07T04:50:44.318+0530] {dagbag.py:539} INFO - Filling up the DagBag from /home/raj/Downloads/kafka_2.13-3.5.1/airflow-env/lib64/python3.11/site-packages/airflow/example_dags/example_python_operator.py
[2023-10-07T04:50:44.335+0530] {logging_mixin.py:151} INFO - [2023-10-07T04:50:44.335+0530] {example_python_operator.py:89} WARNING - The virtalenv_python example task requires virtualenv, please install it.
[2023-10-07T04:50:44.336+0530] {processor.py:839} INFO - DAG(s) dict_keys(['example_python_operator']) retrieved from /home/raj/Downloads/kafka_2.13-3.5.1/airflow-env/lib64/python3.11/site-packages/airflow/example_dags/example_python_operator.py
[2023-10-07T04:50:44.366+0530] {logging_mixin.py:151} INFO - [2023-10-07T04:50:44.366+0530] {dag.py:2915} INFO - Sync 1 DAGs
[2023-10-07T04:50:44.377+0530] {logging_mixin.py:151} INFO - [2023-10-07T04:50:44.377+0530] {dag.py:3696} INFO - Setting next_dagrun for example_python_operator to None, run_after=None
[2023-10-07T04:50:44.397+0530] {processor.py:179} INFO - Processing /home/raj/Downloads/kafka_2.13-3.5.1/airflow-env/lib64/python3.11/site-packages/airflow/example_dags/example_python_operator.py took 0.095 seconds
[2023-10-07T04:51:33.608+0530] {processor.py:157} INFO - Started process (PID=11454) to work on /home/raj/Downloads/kafka_2.13-3.5.1/airflow-env/lib64/python3.11/site-packages/airflow/example_dags/example_python_operator.py
[2023-10-07T04:51:33.609+0530] {processor.py:829} INFO - Processing file /home/raj/Downloads/kafka_2.13-3.5.1/airflow-env/lib64/python3.11/site-packages/airflow/example_dags/example_python_operator.py for tasks to queue
[2023-10-07T04:51:33.611+0530] {logging_mixin.py:151} INFO - [2023-10-07T04:51:33.610+0530] {dagbag.py:539} INFO - Filling up the DagBag from /home/raj/Downloads/kafka_2.13-3.5.1/airflow-env/lib64/python3.11/site-packages/airflow/example_dags/example_python_operator.py
[2023-10-07T04:51:33.618+0530] {logging_mixin.py:151} INFO - [2023-10-07T04:51:33.618+0530] {example_python_operator.py:89} WARNING - The virtalenv_python example task requires virtualenv, please install it.
[2023-10-07T04:51:33.619+0530] {processor.py:839} INFO - DAG(s) dict_keys(['example_python_operator']) retrieved from /home/raj/Downloads/kafka_2.13-3.5.1/airflow-env/lib64/python3.11/site-packages/airflow/example_dags/example_python_operator.py
[2023-10-07T04:51:33.634+0530] {logging_mixin.py:151} INFO - [2023-10-07T04:51:33.633+0530] {dag.py:2915} INFO - Sync 1 DAGs
[2023-10-07T04:51:33.643+0530] {logging_mixin.py:151} INFO - [2023-10-07T04:51:33.643+0530] {dag.py:3696} INFO - Setting next_dagrun for example_python_operator to None, run_after=None
[2023-10-07T04:51:33.661+0530] {processor.py:179} INFO - Processing /home/raj/Downloads/kafka_2.13-3.5.1/airflow-env/lib64/python3.11/site-packages/airflow/example_dags/example_python_operator.py took 0.059 seconds
[2023-10-07T04:52:29.074+0530] {processor.py:157} INFO - Started process (PID=11735) to work on /home/raj/Downloads/kafka_2.13-3.5.1/airflow-env/lib64/python3.11/site-packages/airflow/example_dags/example_python_operator.py
[2023-10-07T04:52:29.086+0530] {processor.py:829} INFO - Processing file /home/raj/Downloads/kafka_2.13-3.5.1/airflow-env/lib64/python3.11/site-packages/airflow/example_dags/example_python_operator.py for tasks to queue
[2023-10-07T04:52:29.087+0530] {logging_mixin.py:151} INFO - [2023-10-07T04:52:29.086+0530] {dagbag.py:539} INFO - Filling up the DagBag from /home/raj/Downloads/kafka_2.13-3.5.1/airflow-env/lib64/python3.11/site-packages/airflow/example_dags/example_python_operator.py
[2023-10-07T04:52:29.103+0530] {logging_mixin.py:151} INFO - [2023-10-07T04:52:29.103+0530] {example_python_operator.py:89} WARNING - The virtalenv_python example task requires virtualenv, please install it.
[2023-10-07T04:52:29.104+0530] {processor.py:839} INFO - DAG(s) dict_keys(['example_python_operator']) retrieved from /home/raj/Downloads/kafka_2.13-3.5.1/airflow-env/lib64/python3.11/site-packages/airflow/example_dags/example_python_operator.py
[2023-10-07T04:52:29.135+0530] {logging_mixin.py:151} INFO - [2023-10-07T04:52:29.135+0530] {dag.py:2915} INFO - Sync 1 DAGs
[2023-10-07T04:52:29.147+0530] {logging_mixin.py:151} INFO - [2023-10-07T04:52:29.146+0530] {dag.py:3696} INFO - Setting next_dagrun for example_python_operator to None, run_after=None
[2023-10-07T04:52:29.167+0530] {processor.py:179} INFO - Processing /home/raj/Downloads/kafka_2.13-3.5.1/airflow-env/lib64/python3.11/site-packages/airflow/example_dags/example_python_operator.py took 0.098 seconds
[2023-10-07T04:53:20.455+0530] {processor.py:157} INFO - Started process (PID=11886) to work on /home/raj/Downloads/kafka_2.13-3.5.1/airflow-env/lib64/python3.11/site-packages/airflow/example_dags/example_python_operator.py
[2023-10-07T04:53:20.456+0530] {processor.py:829} INFO - Processing file /home/raj/Downloads/kafka_2.13-3.5.1/airflow-env/lib64/python3.11/site-packages/airflow/example_dags/example_python_operator.py for tasks to queue
[2023-10-07T04:53:20.458+0530] {logging_mixin.py:151} INFO - [2023-10-07T04:53:20.457+0530] {dagbag.py:539} INFO - Filling up the DagBag from /home/raj/Downloads/kafka_2.13-3.5.1/airflow-env/lib64/python3.11/site-packages/airflow/example_dags/example_python_operator.py
[2023-10-07T04:53:20.469+0530] {logging_mixin.py:151} INFO - [2023-10-07T04:53:20.469+0530] {example_python_operator.py:89} WARNING - The virtalenv_python example task requires virtualenv, please install it.
[2023-10-07T04:53:20.469+0530] {processor.py:839} INFO - DAG(s) dict_keys(['example_python_operator']) retrieved from /home/raj/Downloads/kafka_2.13-3.5.1/airflow-env/lib64/python3.11/site-packages/airflow/example_dags/example_python_operator.py
[2023-10-07T04:53:20.485+0530] {logging_mixin.py:151} INFO - [2023-10-07T04:53:20.485+0530] {dag.py:2915} INFO - Sync 1 DAGs
[2023-10-07T04:53:20.495+0530] {logging_mixin.py:151} INFO - [2023-10-07T04:53:20.495+0530] {dag.py:3696} INFO - Setting next_dagrun for example_python_operator to None, run_after=None
[2023-10-07T04:53:20.516+0530] {processor.py:179} INFO - Processing /home/raj/Downloads/kafka_2.13-3.5.1/airflow-env/lib64/python3.11/site-packages/airflow/example_dags/example_python_operator.py took 0.065 seconds
[2023-10-07T04:54:11.298+0530] {processor.py:157} INFO - Started process (PID=11976) to work on /home/raj/Downloads/kafka_2.13-3.5.1/airflow-env/lib64/python3.11/site-packages/airflow/example_dags/example_python_operator.py
[2023-10-07T04:54:11.309+0530] {processor.py:829} INFO - Processing file /home/raj/Downloads/kafka_2.13-3.5.1/airflow-env/lib64/python3.11/site-packages/airflow/example_dags/example_python_operator.py for tasks to queue
[2023-10-07T04:54:11.311+0530] {logging_mixin.py:151} INFO - [2023-10-07T04:54:11.310+0530] {dagbag.py:539} INFO - Filling up the DagBag from /home/raj/Downloads/kafka_2.13-3.5.1/airflow-env/lib64/python3.11/site-packages/airflow/example_dags/example_python_operator.py
[2023-10-07T04:54:11.327+0530] {logging_mixin.py:151} INFO - [2023-10-07T04:54:11.327+0530] {example_python_operator.py:89} WARNING - The virtalenv_python example task requires virtualenv, please install it.
[2023-10-07T04:54:11.328+0530] {processor.py:839} INFO - DAG(s) dict_keys(['example_python_operator']) retrieved from /home/raj/Downloads/kafka_2.13-3.5.1/airflow-env/lib64/python3.11/site-packages/airflow/example_dags/example_python_operator.py
[2023-10-07T04:54:11.358+0530] {logging_mixin.py:151} INFO - [2023-10-07T04:54:11.358+0530] {dag.py:2915} INFO - Sync 1 DAGs
[2023-10-07T04:54:11.367+0530] {logging_mixin.py:151} INFO - [2023-10-07T04:54:11.367+0530] {dag.py:3696} INFO - Setting next_dagrun for example_python_operator to None, run_after=None
[2023-10-07T04:54:11.390+0530] {processor.py:179} INFO - Processing /home/raj/Downloads/kafka_2.13-3.5.1/airflow-env/lib64/python3.11/site-packages/airflow/example_dags/example_python_operator.py took 0.097 seconds
[2023-10-07T04:55:05.872+0530] {processor.py:157} INFO - Started process (PID=12100) to work on /home/raj/Downloads/kafka_2.13-3.5.1/airflow-env/lib64/python3.11/site-packages/airflow/example_dags/example_python_operator.py
[2023-10-07T04:55:05.883+0530] {processor.py:829} INFO - Processing file /home/raj/Downloads/kafka_2.13-3.5.1/airflow-env/lib64/python3.11/site-packages/airflow/example_dags/example_python_operator.py for tasks to queue
[2023-10-07T04:55:05.885+0530] {logging_mixin.py:151} INFO - [2023-10-07T04:55:05.884+0530] {dagbag.py:539} INFO - Filling up the DagBag from /home/raj/Downloads/kafka_2.13-3.5.1/airflow-env/lib64/python3.11/site-packages/airflow/example_dags/example_python_operator.py
[2023-10-07T04:55:05.902+0530] {logging_mixin.py:151} INFO - [2023-10-07T04:55:05.902+0530] {example_python_operator.py:89} WARNING - The virtalenv_python example task requires virtualenv, please install it.
[2023-10-07T04:55:05.903+0530] {processor.py:839} INFO - DAG(s) dict_keys(['example_python_operator']) retrieved from /home/raj/Downloads/kafka_2.13-3.5.1/airflow-env/lib64/python3.11/site-packages/airflow/example_dags/example_python_operator.py
[2023-10-07T04:55:05.918+0530] {logging_mixin.py:151} INFO - [2023-10-07T04:55:05.918+0530] {dag.py:2915} INFO - Sync 1 DAGs
[2023-10-07T04:55:05.936+0530] {logging_mixin.py:151} INFO - [2023-10-07T04:55:05.935+0530] {dag.py:3696} INFO - Setting next_dagrun for example_python_operator to None, run_after=None
[2023-10-07T04:55:05.952+0530] {processor.py:179} INFO - Processing /home/raj/Downloads/kafka_2.13-3.5.1/airflow-env/lib64/python3.11/site-packages/airflow/example_dags/example_python_operator.py took 0.085 seconds
[2023-10-07T04:55:52.413+0530] {processor.py:157} INFO - Started process (PID=12217) to work on /home/raj/Downloads/kafka_2.13-3.5.1/airflow-env/lib64/python3.11/site-packages/airflow/example_dags/example_python_operator.py
[2023-10-07T04:55:52.424+0530] {processor.py:829} INFO - Processing file /home/raj/Downloads/kafka_2.13-3.5.1/airflow-env/lib64/python3.11/site-packages/airflow/example_dags/example_python_operator.py for tasks to queue
[2023-10-07T04:55:52.426+0530] {logging_mixin.py:151} INFO - [2023-10-07T04:55:52.425+0530] {dagbag.py:539} INFO - Filling up the DagBag from /home/raj/Downloads/kafka_2.13-3.5.1/airflow-env/lib64/python3.11/site-packages/airflow/example_dags/example_python_operator.py
[2023-10-07T04:55:52.437+0530] {logging_mixin.py:151} INFO - [2023-10-07T04:55:52.437+0530] {example_python_operator.py:89} WARNING - The virtalenv_python example task requires virtualenv, please install it.
[2023-10-07T04:55:52.437+0530] {processor.py:839} INFO - DAG(s) dict_keys(['example_python_operator']) retrieved from /home/raj/Downloads/kafka_2.13-3.5.1/airflow-env/lib64/python3.11/site-packages/airflow/example_dags/example_python_operator.py
[2023-10-07T04:55:52.457+0530] {logging_mixin.py:151} INFO - [2023-10-07T04:55:52.457+0530] {dag.py:2915} INFO - Sync 1 DAGs
[2023-10-07T04:55:52.473+0530] {logging_mixin.py:151} INFO - [2023-10-07T04:55:52.473+0530] {dag.py:3696} INFO - Setting next_dagrun for example_python_operator to None, run_after=None
[2023-10-07T04:55:52.496+0530] {processor.py:179} INFO - Processing /home/raj/Downloads/kafka_2.13-3.5.1/airflow-env/lib64/python3.11/site-packages/airflow/example_dags/example_python_operator.py took 0.090 seconds
[2023-10-07T04:56:37.628+0530] {processor.py:157} INFO - Started process (PID=12283) to work on /home/raj/Downloads/kafka_2.13-3.5.1/airflow-env/lib64/python3.11/site-packages/airflow/example_dags/example_python_operator.py
[2023-10-07T04:56:37.638+0530] {processor.py:829} INFO - Processing file /home/raj/Downloads/kafka_2.13-3.5.1/airflow-env/lib64/python3.11/site-packages/airflow/example_dags/example_python_operator.py for tasks to queue
[2023-10-07T04:56:37.639+0530] {logging_mixin.py:151} INFO - [2023-10-07T04:56:37.639+0530] {dagbag.py:539} INFO - Filling up the DagBag from /home/raj/Downloads/kafka_2.13-3.5.1/airflow-env/lib64/python3.11/site-packages/airflow/example_dags/example_python_operator.py
[2023-10-07T04:56:37.648+0530] {logging_mixin.py:151} INFO - [2023-10-07T04:56:37.648+0530] {example_python_operator.py:89} WARNING - The virtalenv_python example task requires virtualenv, please install it.
[2023-10-07T04:56:37.649+0530] {processor.py:839} INFO - DAG(s) dict_keys(['example_python_operator']) retrieved from /home/raj/Downloads/kafka_2.13-3.5.1/airflow-env/lib64/python3.11/site-packages/airflow/example_dags/example_python_operator.py
[2023-10-07T04:56:37.671+0530] {logging_mixin.py:151} INFO - [2023-10-07T04:56:37.671+0530] {dag.py:2915} INFO - Sync 1 DAGs
[2023-10-07T04:56:37.685+0530] {logging_mixin.py:151} INFO - [2023-10-07T04:56:37.684+0530] {dag.py:3696} INFO - Setting next_dagrun for example_python_operator to None, run_after=None
[2023-10-07T04:56:37.709+0530] {processor.py:179} INFO - Processing /home/raj/Downloads/kafka_2.13-3.5.1/airflow-env/lib64/python3.11/site-packages/airflow/example_dags/example_python_operator.py took 0.085 seconds
[2023-10-07T04:57:27.353+0530] {processor.py:157} INFO - Started process (PID=12432) to work on /home/raj/Downloads/kafka_2.13-3.5.1/airflow-env/lib64/python3.11/site-packages/airflow/example_dags/example_python_operator.py
[2023-10-07T04:57:27.365+0530] {processor.py:829} INFO - Processing file /home/raj/Downloads/kafka_2.13-3.5.1/airflow-env/lib64/python3.11/site-packages/airflow/example_dags/example_python_operator.py for tasks to queue
[2023-10-07T04:57:27.366+0530] {logging_mixin.py:151} INFO - [2023-10-07T04:57:27.366+0530] {dagbag.py:539} INFO - Filling up the DagBag from /home/raj/Downloads/kafka_2.13-3.5.1/airflow-env/lib64/python3.11/site-packages/airflow/example_dags/example_python_operator.py
[2023-10-07T04:57:27.383+0530] {logging_mixin.py:151} INFO - [2023-10-07T04:57:27.382+0530] {example_python_operator.py:89} WARNING - The virtalenv_python example task requires virtualenv, please install it.
[2023-10-07T04:57:27.384+0530] {processor.py:839} INFO - DAG(s) dict_keys(['example_python_operator']) retrieved from /home/raj/Downloads/kafka_2.13-3.5.1/airflow-env/lib64/python3.11/site-packages/airflow/example_dags/example_python_operator.py
[2023-10-07T04:57:27.413+0530] {logging_mixin.py:151} INFO - [2023-10-07T04:57:27.413+0530] {dag.py:2915} INFO - Sync 1 DAGs
[2023-10-07T04:57:27.423+0530] {logging_mixin.py:151} INFO - [2023-10-07T04:57:27.423+0530] {dag.py:3696} INFO - Setting next_dagrun for example_python_operator to None, run_after=None
[2023-10-07T04:57:27.440+0530] {processor.py:179} INFO - Processing /home/raj/Downloads/kafka_2.13-3.5.1/airflow-env/lib64/python3.11/site-packages/airflow/example_dags/example_python_operator.py took 0.092 seconds
[2023-10-07T04:58:18.408+0530] {processor.py:157} INFO - Started process (PID=12519) to work on /home/raj/Downloads/kafka_2.13-3.5.1/airflow-env/lib64/python3.11/site-packages/airflow/example_dags/example_python_operator.py
[2023-10-07T04:58:18.420+0530] {processor.py:829} INFO - Processing file /home/raj/Downloads/kafka_2.13-3.5.1/airflow-env/lib64/python3.11/site-packages/airflow/example_dags/example_python_operator.py for tasks to queue
[2023-10-07T04:58:18.421+0530] {logging_mixin.py:151} INFO - [2023-10-07T04:58:18.421+0530] {dagbag.py:539} INFO - Filling up the DagBag from /home/raj/Downloads/kafka_2.13-3.5.1/airflow-env/lib64/python3.11/site-packages/airflow/example_dags/example_python_operator.py
[2023-10-07T04:58:18.438+0530] {logging_mixin.py:151} INFO - [2023-10-07T04:58:18.438+0530] {example_python_operator.py:89} WARNING - The virtalenv_python example task requires virtualenv, please install it.
[2023-10-07T04:58:18.439+0530] {processor.py:839} INFO - DAG(s) dict_keys(['example_python_operator']) retrieved from /home/raj/Downloads/kafka_2.13-3.5.1/airflow-env/lib64/python3.11/site-packages/airflow/example_dags/example_python_operator.py
[2023-10-07T04:58:18.465+0530] {logging_mixin.py:151} INFO - [2023-10-07T04:58:18.465+0530] {dag.py:2915} INFO - Sync 1 DAGs
[2023-10-07T04:58:18.476+0530] {logging_mixin.py:151} INFO - [2023-10-07T04:58:18.476+0530] {dag.py:3696} INFO - Setting next_dagrun for example_python_operator to None, run_after=None
[2023-10-07T04:58:18.494+0530] {processor.py:179} INFO - Processing /home/raj/Downloads/kafka_2.13-3.5.1/airflow-env/lib64/python3.11/site-packages/airflow/example_dags/example_python_operator.py took 0.091 seconds
[2023-10-07T04:59:09.053+0530] {processor.py:157} INFO - Started process (PID=12660) to work on /home/raj/Downloads/kafka_2.13-3.5.1/airflow-env/lib64/python3.11/site-packages/airflow/example_dags/example_python_operator.py
[2023-10-07T04:59:09.064+0530] {processor.py:829} INFO - Processing file /home/raj/Downloads/kafka_2.13-3.5.1/airflow-env/lib64/python3.11/site-packages/airflow/example_dags/example_python_operator.py for tasks to queue
[2023-10-07T04:59:09.065+0530] {logging_mixin.py:151} INFO - [2023-10-07T04:59:09.065+0530] {dagbag.py:539} INFO - Filling up the DagBag from /home/raj/Downloads/kafka_2.13-3.5.1/airflow-env/lib64/python3.11/site-packages/airflow/example_dags/example_python_operator.py
[2023-10-07T04:59:09.081+0530] {logging_mixin.py:151} INFO - [2023-10-07T04:59:09.080+0530] {example_python_operator.py:89} WARNING - The virtalenv_python example task requires virtualenv, please install it.
[2023-10-07T04:59:09.081+0530] {processor.py:839} INFO - DAG(s) dict_keys(['example_python_operator']) retrieved from /home/raj/Downloads/kafka_2.13-3.5.1/airflow-env/lib64/python3.11/site-packages/airflow/example_dags/example_python_operator.py
[2023-10-07T04:59:09.099+0530] {logging_mixin.py:151} INFO - [2023-10-07T04:59:09.099+0530] {dag.py:2915} INFO - Sync 1 DAGs
[2023-10-07T04:59:09.111+0530] {logging_mixin.py:151} INFO - [2023-10-07T04:59:09.111+0530] {dag.py:3696} INFO - Setting next_dagrun for example_python_operator to None, run_after=None
[2023-10-07T04:59:09.133+0530] {processor.py:179} INFO - Processing /home/raj/Downloads/kafka_2.13-3.5.1/airflow-env/lib64/python3.11/site-packages/airflow/example_dags/example_python_operator.py took 0.083 seconds
