[2023-10-07T04:00:08.553+0530] {processor.py:157} INFO - Started process (PID=18117) to work on /home/raj/Downloads/kafka_2.13-3.5.1/airflow-env/lib64/python3.11/site-packages/airflow/example_dags/example_dag_decorator.py
[2023-10-07T04:00:08.554+0530] {processor.py:829} INFO - Processing file /home/raj/Downloads/kafka_2.13-3.5.1/airflow-env/lib64/python3.11/site-packages/airflow/example_dags/example_dag_decorator.py for tasks to queue
[2023-10-07T04:00:08.554+0530] {logging_mixin.py:151} INFO - [2023-10-07T04:00:08.554+0530] {dagbag.py:539} INFO - Filling up the DagBag from /home/raj/Downloads/kafka_2.13-3.5.1/airflow-env/lib64/python3.11/site-packages/airflow/example_dags/example_dag_decorator.py
[2023-10-07T04:00:08.565+0530] {processor.py:839} INFO - DAG(s) dict_keys(['example_dag_decorator']) retrieved from /home/raj/Downloads/kafka_2.13-3.5.1/airflow-env/lib64/python3.11/site-packages/airflow/example_dags/example_dag_decorator.py
[2023-10-07T04:00:08.681+0530] {logging_mixin.py:151} INFO - [2023-10-07T04:00:08.680+0530] {manager.py:499} INFO - Created Permission View: %s
[2023-10-07T04:00:08.692+0530] {logging_mixin.py:151} INFO - [2023-10-07T04:00:08.692+0530] {manager.py:499} INFO - Created Permission View: %s
[2023-10-07T04:00:08.700+0530] {logging_mixin.py:151} INFO - [2023-10-07T04:00:08.700+0530] {manager.py:499} INFO - Created Permission View: %s
[2023-10-07T04:00:08.701+0530] {logging_mixin.py:151} INFO - [2023-10-07T04:00:08.701+0530] {security.py:708} INFO - Not syncing DAG-level permissions for DAG 'DAG:example_dag_decorator' as access control is unset.
[2023-10-07T04:00:08.701+0530] {logging_mixin.py:151} INFO - [2023-10-07T04:00:08.701+0530] {dag.py:2915} INFO - Sync 1 DAGs
[2023-10-07T04:00:08.711+0530] {logging_mixin.py:151} INFO - [2023-10-07T04:00:08.711+0530] {dag.py:2937} INFO - Creating ORM DAG for example_dag_decorator
[2023-10-07T04:00:08.711+0530] {logging_mixin.py:151} INFO - [2023-10-07T04:00:08.711+0530] {dag.py:3696} INFO - Setting next_dagrun for example_dag_decorator to None, run_after=None
[2023-10-07T04:00:08.731+0530] {processor.py:179} INFO - Processing /home/raj/Downloads/kafka_2.13-3.5.1/airflow-env/lib64/python3.11/site-packages/airflow/example_dags/example_dag_decorator.py took 0.181 seconds
[2023-10-07T04:00:56.533+0530] {processor.py:157} INFO - Started process (PID=18192) to work on /home/raj/Downloads/kafka_2.13-3.5.1/airflow-env/lib64/python3.11/site-packages/airflow/example_dags/example_dag_decorator.py
[2023-10-07T04:00:56.533+0530] {processor.py:829} INFO - Processing file /home/raj/Downloads/kafka_2.13-3.5.1/airflow-env/lib64/python3.11/site-packages/airflow/example_dags/example_dag_decorator.py for tasks to queue
[2023-10-07T04:00:56.534+0530] {logging_mixin.py:151} INFO - [2023-10-07T04:00:56.534+0530] {dagbag.py:539} INFO - Filling up the DagBag from /home/raj/Downloads/kafka_2.13-3.5.1/airflow-env/lib64/python3.11/site-packages/airflow/example_dags/example_dag_decorator.py
[2023-10-07T04:00:56.550+0530] {processor.py:839} INFO - DAG(s) dict_keys(['example_dag_decorator']) retrieved from /home/raj/Downloads/kafka_2.13-3.5.1/airflow-env/lib64/python3.11/site-packages/airflow/example_dags/example_dag_decorator.py
[2023-10-07T04:00:56.694+0530] {logging_mixin.py:151} INFO - [2023-10-07T04:00:56.694+0530] {security.py:708} INFO - Not syncing DAG-level permissions for DAG 'DAG:example_dag_decorator' as access control is unset.
[2023-10-07T04:00:56.695+0530] {logging_mixin.py:151} INFO - [2023-10-07T04:00:56.695+0530] {dag.py:2915} INFO - Sync 1 DAGs
[2023-10-07T04:00:56.711+0530] {logging_mixin.py:151} INFO - [2023-10-07T04:00:56.711+0530] {dag.py:3696} INFO - Setting next_dagrun for example_dag_decorator to None, run_after=None
[2023-10-07T04:00:56.752+0530] {processor.py:179} INFO - Processing /home/raj/Downloads/kafka_2.13-3.5.1/airflow-env/lib64/python3.11/site-packages/airflow/example_dags/example_dag_decorator.py took 0.222 seconds
[2023-10-07T04:01:44.815+0530] {processor.py:157} INFO - Started process (PID=18317) to work on /home/raj/Downloads/kafka_2.13-3.5.1/airflow-env/lib64/python3.11/site-packages/airflow/example_dags/example_dag_decorator.py
[2023-10-07T04:01:44.816+0530] {processor.py:829} INFO - Processing file /home/raj/Downloads/kafka_2.13-3.5.1/airflow-env/lib64/python3.11/site-packages/airflow/example_dags/example_dag_decorator.py for tasks to queue
[2023-10-07T04:01:44.818+0530] {logging_mixin.py:151} INFO - [2023-10-07T04:01:44.817+0530] {dagbag.py:539} INFO - Filling up the DagBag from /home/raj/Downloads/kafka_2.13-3.5.1/airflow-env/lib64/python3.11/site-packages/airflow/example_dags/example_dag_decorator.py
[2023-10-07T04:01:44.843+0530] {processor.py:839} INFO - DAG(s) dict_keys(['example_dag_decorator']) retrieved from /home/raj/Downloads/kafka_2.13-3.5.1/airflow-env/lib64/python3.11/site-packages/airflow/example_dags/example_dag_decorator.py
[2023-10-07T04:01:44.928+0530] {logging_mixin.py:151} INFO - [2023-10-07T04:01:44.927+0530] {security.py:708} INFO - Not syncing DAG-level permissions for DAG 'DAG:example_dag_decorator' as access control is unset.
[2023-10-07T04:01:44.928+0530] {logging_mixin.py:151} INFO - [2023-10-07T04:01:44.928+0530] {dag.py:2915} INFO - Sync 1 DAGs
[2023-10-07T04:01:44.939+0530] {logging_mixin.py:151} INFO - [2023-10-07T04:01:44.939+0530] {dag.py:3696} INFO - Setting next_dagrun for example_dag_decorator to None, run_after=None
[2023-10-07T04:01:44.970+0530] {processor.py:179} INFO - Processing /home/raj/Downloads/kafka_2.13-3.5.1/airflow-env/lib64/python3.11/site-packages/airflow/example_dags/example_dag_decorator.py took 0.161 seconds
[2023-10-07T04:02:40.272+0530] {processor.py:157} INFO - Started process (PID=18435) to work on /home/raj/Downloads/kafka_2.13-3.5.1/airflow-env/lib64/python3.11/site-packages/airflow/example_dags/example_dag_decorator.py
[2023-10-07T04:02:40.283+0530] {processor.py:829} INFO - Processing file /home/raj/Downloads/kafka_2.13-3.5.1/airflow-env/lib64/python3.11/site-packages/airflow/example_dags/example_dag_decorator.py for tasks to queue
[2023-10-07T04:02:40.285+0530] {logging_mixin.py:151} INFO - [2023-10-07T04:02:40.284+0530] {dagbag.py:539} INFO - Filling up the DagBag from /home/raj/Downloads/kafka_2.13-3.5.1/airflow-env/lib64/python3.11/site-packages/airflow/example_dags/example_dag_decorator.py
[2023-10-07T04:02:40.308+0530] {processor.py:839} INFO - DAG(s) dict_keys(['example_dag_decorator']) retrieved from /home/raj/Downloads/kafka_2.13-3.5.1/airflow-env/lib64/python3.11/site-packages/airflow/example_dags/example_dag_decorator.py
[2023-10-07T04:02:40.335+0530] {logging_mixin.py:151} INFO - [2023-10-07T04:02:40.334+0530] {dag.py:2915} INFO - Sync 1 DAGs
[2023-10-07T04:02:40.344+0530] {logging_mixin.py:151} INFO - [2023-10-07T04:02:40.343+0530] {dag.py:3696} INFO - Setting next_dagrun for example_dag_decorator to None, run_after=None
[2023-10-07T04:02:40.362+0530] {processor.py:179} INFO - Processing /home/raj/Downloads/kafka_2.13-3.5.1/airflow-env/lib64/python3.11/site-packages/airflow/example_dags/example_dag_decorator.py took 0.096 seconds
[2023-10-07T04:03:29.615+0530] {processor.py:157} INFO - Started process (PID=18664) to work on /home/raj/Downloads/kafka_2.13-3.5.1/airflow-env/lib64/python3.11/site-packages/airflow/example_dags/example_dag_decorator.py
[2023-10-07T04:03:29.616+0530] {processor.py:829} INFO - Processing file /home/raj/Downloads/kafka_2.13-3.5.1/airflow-env/lib64/python3.11/site-packages/airflow/example_dags/example_dag_decorator.py for tasks to queue
[2023-10-07T04:03:29.617+0530] {logging_mixin.py:151} INFO - [2023-10-07T04:03:29.616+0530] {dagbag.py:539} INFO - Filling up the DagBag from /home/raj/Downloads/kafka_2.13-3.5.1/airflow-env/lib64/python3.11/site-packages/airflow/example_dags/example_dag_decorator.py
[2023-10-07T04:03:29.631+0530] {processor.py:839} INFO - DAG(s) dict_keys(['example_dag_decorator']) retrieved from /home/raj/Downloads/kafka_2.13-3.5.1/airflow-env/lib64/python3.11/site-packages/airflow/example_dags/example_dag_decorator.py
[2023-10-07T04:03:29.748+0530] {logging_mixin.py:151} INFO - [2023-10-07T04:03:29.748+0530] {security.py:708} INFO - Not syncing DAG-level permissions for DAG 'DAG:example_dag_decorator' as access control is unset.
[2023-10-07T04:03:29.748+0530] {logging_mixin.py:151} INFO - [2023-10-07T04:03:29.748+0530] {dag.py:2915} INFO - Sync 1 DAGs
[2023-10-07T04:03:29.761+0530] {logging_mixin.py:151} INFO - [2023-10-07T04:03:29.760+0530] {dag.py:3696} INFO - Setting next_dagrun for example_dag_decorator to None, run_after=None
[2023-10-07T04:03:29.789+0530] {processor.py:179} INFO - Processing /home/raj/Downloads/kafka_2.13-3.5.1/airflow-env/lib64/python3.11/site-packages/airflow/example_dags/example_dag_decorator.py took 0.177 seconds
[2023-10-07T04:04:16.895+0530] {processor.py:157} INFO - Started process (PID=18729) to work on /home/raj/Downloads/kafka_2.13-3.5.1/airflow-env/lib64/python3.11/site-packages/airflow/example_dags/example_dag_decorator.py
[2023-10-07T04:04:16.906+0530] {processor.py:829} INFO - Processing file /home/raj/Downloads/kafka_2.13-3.5.1/airflow-env/lib64/python3.11/site-packages/airflow/example_dags/example_dag_decorator.py for tasks to queue
[2023-10-07T04:04:16.906+0530] {logging_mixin.py:151} INFO - [2023-10-07T04:04:16.906+0530] {dagbag.py:539} INFO - Filling up the DagBag from /home/raj/Downloads/kafka_2.13-3.5.1/airflow-env/lib64/python3.11/site-packages/airflow/example_dags/example_dag_decorator.py
[2023-10-07T04:04:16.916+0530] {processor.py:839} INFO - DAG(s) dict_keys(['example_dag_decorator']) retrieved from /home/raj/Downloads/kafka_2.13-3.5.1/airflow-env/lib64/python3.11/site-packages/airflow/example_dags/example_dag_decorator.py
[2023-10-07T04:04:16.995+0530] {logging_mixin.py:151} INFO - [2023-10-07T04:04:16.994+0530] {security.py:708} INFO - Not syncing DAG-level permissions for DAG 'DAG:example_dag_decorator' as access control is unset.
[2023-10-07T04:04:16.995+0530] {logging_mixin.py:151} INFO - [2023-10-07T04:04:16.995+0530] {dag.py:2915} INFO - Sync 1 DAGs
[2023-10-07T04:04:17.003+0530] {logging_mixin.py:151} INFO - [2023-10-07T04:04:17.003+0530] {dag.py:3696} INFO - Setting next_dagrun for example_dag_decorator to None, run_after=None
[2023-10-07T04:04:17.024+0530] {processor.py:179} INFO - Processing /home/raj/Downloads/kafka_2.13-3.5.1/airflow-env/lib64/python3.11/site-packages/airflow/example_dags/example_dag_decorator.py took 0.135 seconds
[2023-10-07T04:05:06.789+0530] {processor.py:157} INFO - Started process (PID=18906) to work on /home/raj/Downloads/kafka_2.13-3.5.1/airflow-env/lib64/python3.11/site-packages/airflow/example_dags/example_dag_decorator.py
[2023-10-07T04:05:06.800+0530] {processor.py:829} INFO - Processing file /home/raj/Downloads/kafka_2.13-3.5.1/airflow-env/lib64/python3.11/site-packages/airflow/example_dags/example_dag_decorator.py for tasks to queue
[2023-10-07T04:05:06.802+0530] {logging_mixin.py:151} INFO - [2023-10-07T04:05:06.801+0530] {dagbag.py:539} INFO - Filling up the DagBag from /home/raj/Downloads/kafka_2.13-3.5.1/airflow-env/lib64/python3.11/site-packages/airflow/example_dags/example_dag_decorator.py
[2023-10-07T04:05:06.812+0530] {processor.py:839} INFO - DAG(s) dict_keys(['example_dag_decorator']) retrieved from /home/raj/Downloads/kafka_2.13-3.5.1/airflow-env/lib64/python3.11/site-packages/airflow/example_dags/example_dag_decorator.py
[2023-10-07T04:05:06.900+0530] {logging_mixin.py:151} INFO - [2023-10-07T04:05:06.900+0530] {security.py:708} INFO - Not syncing DAG-level permissions for DAG 'DAG:example_dag_decorator' as access control is unset.
[2023-10-07T04:05:06.900+0530] {logging_mixin.py:151} INFO - [2023-10-07T04:05:06.900+0530] {dag.py:2915} INFO - Sync 1 DAGs
[2023-10-07T04:05:06.909+0530] {logging_mixin.py:151} INFO - [2023-10-07T04:05:06.909+0530] {dag.py:3696} INFO - Setting next_dagrun for example_dag_decorator to None, run_after=None
[2023-10-07T04:05:06.941+0530] {processor.py:179} INFO - Processing /home/raj/Downloads/kafka_2.13-3.5.1/airflow-env/lib64/python3.11/site-packages/airflow/example_dags/example_dag_decorator.py took 0.157 seconds
[2023-10-07T04:05:58.780+0530] {processor.py:157} INFO - Started process (PID=19007) to work on /home/raj/Downloads/kafka_2.13-3.5.1/airflow-env/lib64/python3.11/site-packages/airflow/example_dags/example_dag_decorator.py
[2023-10-07T04:05:58.791+0530] {processor.py:829} INFO - Processing file /home/raj/Downloads/kafka_2.13-3.5.1/airflow-env/lib64/python3.11/site-packages/airflow/example_dags/example_dag_decorator.py for tasks to queue
[2023-10-07T04:05:58.793+0530] {logging_mixin.py:151} INFO - [2023-10-07T04:05:58.792+0530] {dagbag.py:539} INFO - Filling up the DagBag from /home/raj/Downloads/kafka_2.13-3.5.1/airflow-env/lib64/python3.11/site-packages/airflow/example_dags/example_dag_decorator.py
[2023-10-07T04:05:58.816+0530] {processor.py:839} INFO - DAG(s) dict_keys(['example_dag_decorator']) retrieved from /home/raj/Downloads/kafka_2.13-3.5.1/airflow-env/lib64/python3.11/site-packages/airflow/example_dags/example_dag_decorator.py
[2023-10-07T04:05:58.911+0530] {logging_mixin.py:151} INFO - [2023-10-07T04:05:58.911+0530] {security.py:708} INFO - Not syncing DAG-level permissions for DAG 'DAG:example_dag_decorator' as access control is unset.
[2023-10-07T04:05:58.912+0530] {logging_mixin.py:151} INFO - [2023-10-07T04:05:58.911+0530] {dag.py:2915} INFO - Sync 1 DAGs
[2023-10-07T04:05:58.919+0530] {logging_mixin.py:151} INFO - [2023-10-07T04:05:58.919+0530] {dag.py:3696} INFO - Setting next_dagrun for example_dag_decorator to None, run_after=None
[2023-10-07T04:05:58.950+0530] {processor.py:179} INFO - Processing /home/raj/Downloads/kafka_2.13-3.5.1/airflow-env/lib64/python3.11/site-packages/airflow/example_dags/example_dag_decorator.py took 0.175 seconds
[2023-10-07T04:06:54.480+0530] {processor.py:157} INFO - Started process (PID=19163) to work on /home/raj/Downloads/kafka_2.13-3.5.1/airflow-env/lib64/python3.11/site-packages/airflow/example_dags/example_dag_decorator.py
[2023-10-07T04:06:54.482+0530] {processor.py:829} INFO - Processing file /home/raj/Downloads/kafka_2.13-3.5.1/airflow-env/lib64/python3.11/site-packages/airflow/example_dags/example_dag_decorator.py for tasks to queue
[2023-10-07T04:06:54.484+0530] {logging_mixin.py:151} INFO - [2023-10-07T04:06:54.483+0530] {dagbag.py:539} INFO - Filling up the DagBag from /home/raj/Downloads/kafka_2.13-3.5.1/airflow-env/lib64/python3.11/site-packages/airflow/example_dags/example_dag_decorator.py
[2023-10-07T04:06:54.507+0530] {processor.py:839} INFO - DAG(s) dict_keys(['example_dag_decorator']) retrieved from /home/raj/Downloads/kafka_2.13-3.5.1/airflow-env/lib64/python3.11/site-packages/airflow/example_dags/example_dag_decorator.py
[2023-10-07T04:06:54.591+0530] {logging_mixin.py:151} INFO - [2023-10-07T04:06:54.591+0530] {security.py:708} INFO - Not syncing DAG-level permissions for DAG 'DAG:example_dag_decorator' as access control is unset.
[2023-10-07T04:06:54.591+0530] {logging_mixin.py:151} INFO - [2023-10-07T04:06:54.591+0530] {dag.py:2915} INFO - Sync 1 DAGs
[2023-10-07T04:06:54.599+0530] {logging_mixin.py:151} INFO - [2023-10-07T04:06:54.599+0530] {dag.py:3696} INFO - Setting next_dagrun for example_dag_decorator to None, run_after=None
[2023-10-07T04:06:54.629+0530] {processor.py:179} INFO - Processing /home/raj/Downloads/kafka_2.13-3.5.1/airflow-env/lib64/python3.11/site-packages/airflow/example_dags/example_dag_decorator.py took 0.154 seconds
[2023-10-07T04:07:50.847+0530] {processor.py:157} INFO - Started process (PID=19224) to work on /home/raj/Downloads/kafka_2.13-3.5.1/airflow-env/lib64/python3.11/site-packages/airflow/example_dags/example_dag_decorator.py
[2023-10-07T04:07:50.858+0530] {processor.py:829} INFO - Processing file /home/raj/Downloads/kafka_2.13-3.5.1/airflow-env/lib64/python3.11/site-packages/airflow/example_dags/example_dag_decorator.py for tasks to queue
[2023-10-07T04:07:50.860+0530] {logging_mixin.py:151} INFO - [2023-10-07T04:07:50.859+0530] {dagbag.py:539} INFO - Filling up the DagBag from /home/raj/Downloads/kafka_2.13-3.5.1/airflow-env/lib64/python3.11/site-packages/airflow/example_dags/example_dag_decorator.py
[2023-10-07T04:07:50.877+0530] {processor.py:839} INFO - DAG(s) dict_keys(['example_dag_decorator']) retrieved from /home/raj/Downloads/kafka_2.13-3.5.1/airflow-env/lib64/python3.11/site-packages/airflow/example_dags/example_dag_decorator.py
[2023-10-07T04:07:50.977+0530] {logging_mixin.py:151} INFO - [2023-10-07T04:07:50.977+0530] {security.py:708} INFO - Not syncing DAG-level permissions for DAG 'DAG:example_dag_decorator' as access control is unset.
[2023-10-07T04:07:50.978+0530] {logging_mixin.py:151} INFO - [2023-10-07T04:07:50.978+0530] {dag.py:2915} INFO - Sync 1 DAGs
[2023-10-07T04:07:50.988+0530] {logging_mixin.py:151} INFO - [2023-10-07T04:07:50.988+0530] {dag.py:3696} INFO - Setting next_dagrun for example_dag_decorator to None, run_after=None
[2023-10-07T04:07:51.025+0530] {processor.py:179} INFO - Processing /home/raj/Downloads/kafka_2.13-3.5.1/airflow-env/lib64/python3.11/site-packages/airflow/example_dags/example_dag_decorator.py took 0.180 seconds
[2023-10-07T04:08:44.759+0530] {processor.py:157} INFO - Started process (PID=19279) to work on /home/raj/Downloads/kafka_2.13-3.5.1/airflow-env/lib64/python3.11/site-packages/airflow/example_dags/example_dag_decorator.py
[2023-10-07T04:08:44.769+0530] {processor.py:829} INFO - Processing file /home/raj/Downloads/kafka_2.13-3.5.1/airflow-env/lib64/python3.11/site-packages/airflow/example_dags/example_dag_decorator.py for tasks to queue
[2023-10-07T04:08:44.770+0530] {logging_mixin.py:151} INFO - [2023-10-07T04:08:44.770+0530] {dagbag.py:539} INFO - Filling up the DagBag from /home/raj/Downloads/kafka_2.13-3.5.1/airflow-env/lib64/python3.11/site-packages/airflow/example_dags/example_dag_decorator.py
[2023-10-07T04:08:44.781+0530] {processor.py:839} INFO - DAG(s) dict_keys(['example_dag_decorator']) retrieved from /home/raj/Downloads/kafka_2.13-3.5.1/airflow-env/lib64/python3.11/site-packages/airflow/example_dags/example_dag_decorator.py
[2023-10-07T04:08:44.887+0530] {logging_mixin.py:151} INFO - [2023-10-07T04:08:44.887+0530] {security.py:708} INFO - Not syncing DAG-level permissions for DAG 'DAG:example_dag_decorator' as access control is unset.
[2023-10-07T04:08:44.888+0530] {logging_mixin.py:151} INFO - [2023-10-07T04:08:44.887+0530] {dag.py:2915} INFO - Sync 1 DAGs
[2023-10-07T04:08:44.897+0530] {logging_mixin.py:151} INFO - [2023-10-07T04:08:44.897+0530] {dag.py:3696} INFO - Setting next_dagrun for example_dag_decorator to None, run_after=None
[2023-10-07T04:08:44.933+0530] {processor.py:179} INFO - Processing /home/raj/Downloads/kafka_2.13-3.5.1/airflow-env/lib64/python3.11/site-packages/airflow/example_dags/example_dag_decorator.py took 0.177 seconds
[2023-10-07T04:09:37.396+0530] {processor.py:157} INFO - Started process (PID=19336) to work on /home/raj/Downloads/kafka_2.13-3.5.1/airflow-env/lib64/python3.11/site-packages/airflow/example_dags/example_dag_decorator.py
[2023-10-07T04:09:37.408+0530] {processor.py:829} INFO - Processing file /home/raj/Downloads/kafka_2.13-3.5.1/airflow-env/lib64/python3.11/site-packages/airflow/example_dags/example_dag_decorator.py for tasks to queue
[2023-10-07T04:09:37.409+0530] {logging_mixin.py:151} INFO - [2023-10-07T04:09:37.408+0530] {dagbag.py:539} INFO - Filling up the DagBag from /home/raj/Downloads/kafka_2.13-3.5.1/airflow-env/lib64/python3.11/site-packages/airflow/example_dags/example_dag_decorator.py
[2023-10-07T04:09:37.419+0530] {processor.py:839} INFO - DAG(s) dict_keys(['example_dag_decorator']) retrieved from /home/raj/Downloads/kafka_2.13-3.5.1/airflow-env/lib64/python3.11/site-packages/airflow/example_dags/example_dag_decorator.py
[2023-10-07T04:09:37.497+0530] {logging_mixin.py:151} INFO - [2023-10-07T04:09:37.496+0530] {security.py:708} INFO - Not syncing DAG-level permissions for DAG 'DAG:example_dag_decorator' as access control is unset.
[2023-10-07T04:09:37.497+0530] {logging_mixin.py:151} INFO - [2023-10-07T04:09:37.497+0530] {dag.py:2915} INFO - Sync 1 DAGs
[2023-10-07T04:09:37.505+0530] {logging_mixin.py:151} INFO - [2023-10-07T04:09:37.505+0530] {dag.py:3696} INFO - Setting next_dagrun for example_dag_decorator to None, run_after=None
[2023-10-07T04:09:37.528+0530] {processor.py:179} INFO - Processing /home/raj/Downloads/kafka_2.13-3.5.1/airflow-env/lib64/python3.11/site-packages/airflow/example_dags/example_dag_decorator.py took 0.137 seconds
[2023-10-07T04:10:26.885+0530] {processor.py:157} INFO - Started process (PID=19397) to work on /home/raj/Downloads/kafka_2.13-3.5.1/airflow-env/lib64/python3.11/site-packages/airflow/example_dags/example_dag_decorator.py
[2023-10-07T04:10:26.896+0530] {processor.py:829} INFO - Processing file /home/raj/Downloads/kafka_2.13-3.5.1/airflow-env/lib64/python3.11/site-packages/airflow/example_dags/example_dag_decorator.py for tasks to queue
[2023-10-07T04:10:26.898+0530] {logging_mixin.py:151} INFO - [2023-10-07T04:10:26.897+0530] {dagbag.py:539} INFO - Filling up the DagBag from /home/raj/Downloads/kafka_2.13-3.5.1/airflow-env/lib64/python3.11/site-packages/airflow/example_dags/example_dag_decorator.py
[2023-10-07T04:10:26.918+0530] {processor.py:839} INFO - DAG(s) dict_keys(['example_dag_decorator']) retrieved from /home/raj/Downloads/kafka_2.13-3.5.1/airflow-env/lib64/python3.11/site-packages/airflow/example_dags/example_dag_decorator.py
[2023-10-07T04:10:27.018+0530] {logging_mixin.py:151} INFO - [2023-10-07T04:10:27.018+0530] {security.py:708} INFO - Not syncing DAG-level permissions for DAG 'DAG:example_dag_decorator' as access control is unset.
[2023-10-07T04:10:27.018+0530] {logging_mixin.py:151} INFO - [2023-10-07T04:10:27.018+0530] {dag.py:2915} INFO - Sync 1 DAGs
[2023-10-07T04:10:27.030+0530] {logging_mixin.py:151} INFO - [2023-10-07T04:10:27.030+0530] {dag.py:3696} INFO - Setting next_dagrun for example_dag_decorator to None, run_after=None
[2023-10-07T04:10:27.064+0530] {processor.py:179} INFO - Processing /home/raj/Downloads/kafka_2.13-3.5.1/airflow-env/lib64/python3.11/site-packages/airflow/example_dags/example_dag_decorator.py took 0.184 seconds
[2023-10-07T04:11:18.739+0530] {processor.py:157} INFO - Started process (PID=19461) to work on /home/raj/Downloads/kafka_2.13-3.5.1/airflow-env/lib64/python3.11/site-packages/airflow/example_dags/example_dag_decorator.py
[2023-10-07T04:11:18.740+0530] {processor.py:829} INFO - Processing file /home/raj/Downloads/kafka_2.13-3.5.1/airflow-env/lib64/python3.11/site-packages/airflow/example_dags/example_dag_decorator.py for tasks to queue
[2023-10-07T04:11:18.742+0530] {logging_mixin.py:151} INFO - [2023-10-07T04:11:18.741+0530] {dagbag.py:539} INFO - Filling up the DagBag from /home/raj/Downloads/kafka_2.13-3.5.1/airflow-env/lib64/python3.11/site-packages/airflow/example_dags/example_dag_decorator.py
[2023-10-07T04:11:18.764+0530] {processor.py:839} INFO - DAG(s) dict_keys(['example_dag_decorator']) retrieved from /home/raj/Downloads/kafka_2.13-3.5.1/airflow-env/lib64/python3.11/site-packages/airflow/example_dags/example_dag_decorator.py
[2023-10-07T04:11:18.855+0530] {logging_mixin.py:151} INFO - [2023-10-07T04:11:18.854+0530] {security.py:708} INFO - Not syncing DAG-level permissions for DAG 'DAG:example_dag_decorator' as access control is unset.
[2023-10-07T04:11:18.855+0530] {logging_mixin.py:151} INFO - [2023-10-07T04:11:18.855+0530] {dag.py:2915} INFO - Sync 1 DAGs
[2023-10-07T04:11:18.864+0530] {logging_mixin.py:151} INFO - [2023-10-07T04:11:18.864+0530] {dag.py:3696} INFO - Setting next_dagrun for example_dag_decorator to None, run_after=None
[2023-10-07T04:11:18.894+0530] {processor.py:179} INFO - Processing /home/raj/Downloads/kafka_2.13-3.5.1/airflow-env/lib64/python3.11/site-packages/airflow/example_dags/example_dag_decorator.py took 0.161 seconds
[2023-10-07T04:12:11.020+0530] {processor.py:157} INFO - Started process (PID=19536) to work on /home/raj/Downloads/kafka_2.13-3.5.1/airflow-env/lib64/python3.11/site-packages/airflow/example_dags/example_dag_decorator.py
[2023-10-07T04:12:11.031+0530] {processor.py:829} INFO - Processing file /home/raj/Downloads/kafka_2.13-3.5.1/airflow-env/lib64/python3.11/site-packages/airflow/example_dags/example_dag_decorator.py for tasks to queue
[2023-10-07T04:12:11.033+0530] {logging_mixin.py:151} INFO - [2023-10-07T04:12:11.032+0530] {dagbag.py:539} INFO - Filling up the DagBag from /home/raj/Downloads/kafka_2.13-3.5.1/airflow-env/lib64/python3.11/site-packages/airflow/example_dags/example_dag_decorator.py
[2023-10-07T04:12:11.055+0530] {processor.py:839} INFO - DAG(s) dict_keys(['example_dag_decorator']) retrieved from /home/raj/Downloads/kafka_2.13-3.5.1/airflow-env/lib64/python3.11/site-packages/airflow/example_dags/example_dag_decorator.py
[2023-10-07T04:12:11.146+0530] {logging_mixin.py:151} INFO - [2023-10-07T04:12:11.145+0530] {security.py:708} INFO - Not syncing DAG-level permissions for DAG 'DAG:example_dag_decorator' as access control is unset.
[2023-10-07T04:12:11.146+0530] {logging_mixin.py:151} INFO - [2023-10-07T04:12:11.146+0530] {dag.py:2915} INFO - Sync 1 DAGs
[2023-10-07T04:12:11.153+0530] {logging_mixin.py:151} INFO - [2023-10-07T04:12:11.153+0530] {dag.py:3696} INFO - Setting next_dagrun for example_dag_decorator to None, run_after=None
[2023-10-07T04:12:11.182+0530] {processor.py:179} INFO - Processing /home/raj/Downloads/kafka_2.13-3.5.1/airflow-env/lib64/python3.11/site-packages/airflow/example_dags/example_dag_decorator.py took 0.168 seconds
[2023-10-07T04:13:08.218+0530] {processor.py:157} INFO - Started process (PID=19593) to work on /home/raj/Downloads/kafka_2.13-3.5.1/airflow-env/lib64/python3.11/site-packages/airflow/example_dags/example_dag_decorator.py
[2023-10-07T04:13:08.229+0530] {processor.py:829} INFO - Processing file /home/raj/Downloads/kafka_2.13-3.5.1/airflow-env/lib64/python3.11/site-packages/airflow/example_dags/example_dag_decorator.py for tasks to queue
[2023-10-07T04:13:08.230+0530] {logging_mixin.py:151} INFO - [2023-10-07T04:13:08.230+0530] {dagbag.py:539} INFO - Filling up the DagBag from /home/raj/Downloads/kafka_2.13-3.5.1/airflow-env/lib64/python3.11/site-packages/airflow/example_dags/example_dag_decorator.py
[2023-10-07T04:13:08.244+0530] {processor.py:839} INFO - DAG(s) dict_keys(['example_dag_decorator']) retrieved from /home/raj/Downloads/kafka_2.13-3.5.1/airflow-env/lib64/python3.11/site-packages/airflow/example_dags/example_dag_decorator.py
[2023-10-07T04:13:08.328+0530] {logging_mixin.py:151} INFO - [2023-10-07T04:13:08.328+0530] {security.py:708} INFO - Not syncing DAG-level permissions for DAG 'DAG:example_dag_decorator' as access control is unset.
[2023-10-07T04:13:08.329+0530] {logging_mixin.py:151} INFO - [2023-10-07T04:13:08.328+0530] {dag.py:2915} INFO - Sync 1 DAGs
[2023-10-07T04:13:08.337+0530] {logging_mixin.py:151} INFO - [2023-10-07T04:13:08.337+0530] {dag.py:3696} INFO - Setting next_dagrun for example_dag_decorator to None, run_after=None
[2023-10-07T04:13:08.369+0530] {processor.py:179} INFO - Processing /home/raj/Downloads/kafka_2.13-3.5.1/airflow-env/lib64/python3.11/site-packages/airflow/example_dags/example_dag_decorator.py took 0.154 seconds
[2023-10-07T04:13:57.765+0530] {processor.py:157} INFO - Started process (PID=19644) to work on /home/raj/Downloads/kafka_2.13-3.5.1/airflow-env/lib64/python3.11/site-packages/airflow/example_dags/example_dag_decorator.py
[2023-10-07T04:13:57.777+0530] {processor.py:829} INFO - Processing file /home/raj/Downloads/kafka_2.13-3.5.1/airflow-env/lib64/python3.11/site-packages/airflow/example_dags/example_dag_decorator.py for tasks to queue
[2023-10-07T04:13:57.778+0530] {logging_mixin.py:151} INFO - [2023-10-07T04:13:57.777+0530] {dagbag.py:539} INFO - Filling up the DagBag from /home/raj/Downloads/kafka_2.13-3.5.1/airflow-env/lib64/python3.11/site-packages/airflow/example_dags/example_dag_decorator.py
[2023-10-07T04:13:57.789+0530] {processor.py:839} INFO - DAG(s) dict_keys(['example_dag_decorator']) retrieved from /home/raj/Downloads/kafka_2.13-3.5.1/airflow-env/lib64/python3.11/site-packages/airflow/example_dags/example_dag_decorator.py
[2023-10-07T04:13:57.872+0530] {logging_mixin.py:151} INFO - [2023-10-07T04:13:57.872+0530] {security.py:708} INFO - Not syncing DAG-level permissions for DAG 'DAG:example_dag_decorator' as access control is unset.
[2023-10-07T04:13:57.872+0530] {logging_mixin.py:151} INFO - [2023-10-07T04:13:57.872+0530] {dag.py:2915} INFO - Sync 1 DAGs
[2023-10-07T04:13:57.882+0530] {logging_mixin.py:151} INFO - [2023-10-07T04:13:57.881+0530] {dag.py:3696} INFO - Setting next_dagrun for example_dag_decorator to None, run_after=None
[2023-10-07T04:13:57.912+0530] {processor.py:179} INFO - Processing /home/raj/Downloads/kafka_2.13-3.5.1/airflow-env/lib64/python3.11/site-packages/airflow/example_dags/example_dag_decorator.py took 0.152 seconds
[2023-10-07T04:14:49.708+0530] {processor.py:157} INFO - Started process (PID=19696) to work on /home/raj/Downloads/kafka_2.13-3.5.1/airflow-env/lib64/python3.11/site-packages/airflow/example_dags/example_dag_decorator.py
[2023-10-07T04:14:49.720+0530] {processor.py:829} INFO - Processing file /home/raj/Downloads/kafka_2.13-3.5.1/airflow-env/lib64/python3.11/site-packages/airflow/example_dags/example_dag_decorator.py for tasks to queue
[2023-10-07T04:14:49.721+0530] {logging_mixin.py:151} INFO - [2023-10-07T04:14:49.721+0530] {dagbag.py:539} INFO - Filling up the DagBag from /home/raj/Downloads/kafka_2.13-3.5.1/airflow-env/lib64/python3.11/site-packages/airflow/example_dags/example_dag_decorator.py
[2023-10-07T04:14:49.748+0530] {processor.py:839} INFO - DAG(s) dict_keys(['example_dag_decorator']) retrieved from /home/raj/Downloads/kafka_2.13-3.5.1/airflow-env/lib64/python3.11/site-packages/airflow/example_dags/example_dag_decorator.py
[2023-10-07T04:14:49.841+0530] {logging_mixin.py:151} INFO - [2023-10-07T04:14:49.841+0530] {security.py:708} INFO - Not syncing DAG-level permissions for DAG 'DAG:example_dag_decorator' as access control is unset.
[2023-10-07T04:14:49.841+0530] {logging_mixin.py:151} INFO - [2023-10-07T04:14:49.841+0530] {dag.py:2915} INFO - Sync 1 DAGs
[2023-10-07T04:14:49.849+0530] {logging_mixin.py:151} INFO - [2023-10-07T04:14:49.849+0530] {dag.py:3696} INFO - Setting next_dagrun for example_dag_decorator to None, run_after=None
[2023-10-07T04:14:49.879+0530] {processor.py:179} INFO - Processing /home/raj/Downloads/kafka_2.13-3.5.1/airflow-env/lib64/python3.11/site-packages/airflow/example_dags/example_dag_decorator.py took 0.177 seconds
[2023-10-07T04:15:40.370+0530] {processor.py:157} INFO - Started process (PID=19798) to work on /home/raj/Downloads/kafka_2.13-3.5.1/airflow-env/lib64/python3.11/site-packages/airflow/example_dags/example_dag_decorator.py
[2023-10-07T04:15:40.381+0530] {processor.py:829} INFO - Processing file /home/raj/Downloads/kafka_2.13-3.5.1/airflow-env/lib64/python3.11/site-packages/airflow/example_dags/example_dag_decorator.py for tasks to queue
[2023-10-07T04:15:40.382+0530] {logging_mixin.py:151} INFO - [2023-10-07T04:15:40.382+0530] {dagbag.py:539} INFO - Filling up the DagBag from /home/raj/Downloads/kafka_2.13-3.5.1/airflow-env/lib64/python3.11/site-packages/airflow/example_dags/example_dag_decorator.py
[2023-10-07T04:15:40.405+0530] {processor.py:839} INFO - DAG(s) dict_keys(['example_dag_decorator']) retrieved from /home/raj/Downloads/kafka_2.13-3.5.1/airflow-env/lib64/python3.11/site-packages/airflow/example_dags/example_dag_decorator.py
[2023-10-07T04:15:40.496+0530] {logging_mixin.py:151} INFO - [2023-10-07T04:15:40.496+0530] {security.py:708} INFO - Not syncing DAG-level permissions for DAG 'DAG:example_dag_decorator' as access control is unset.
[2023-10-07T04:15:40.496+0530] {logging_mixin.py:151} INFO - [2023-10-07T04:15:40.496+0530] {dag.py:2915} INFO - Sync 1 DAGs
[2023-10-07T04:15:40.504+0530] {logging_mixin.py:151} INFO - [2023-10-07T04:15:40.504+0530] {dag.py:3696} INFO - Setting next_dagrun for example_dag_decorator to None, run_after=None
[2023-10-07T04:15:40.534+0530] {processor.py:179} INFO - Processing /home/raj/Downloads/kafka_2.13-3.5.1/airflow-env/lib64/python3.11/site-packages/airflow/example_dags/example_dag_decorator.py took 0.170 seconds
[2023-10-07T04:16:31.038+0530] {processor.py:157} INFO - Started process (PID=19860) to work on /home/raj/Downloads/kafka_2.13-3.5.1/airflow-env/lib64/python3.11/site-packages/airflow/example_dags/example_dag_decorator.py
[2023-10-07T04:16:31.049+0530] {processor.py:829} INFO - Processing file /home/raj/Downloads/kafka_2.13-3.5.1/airflow-env/lib64/python3.11/site-packages/airflow/example_dags/example_dag_decorator.py for tasks to queue
[2023-10-07T04:16:31.051+0530] {logging_mixin.py:151} INFO - [2023-10-07T04:16:31.050+0530] {dagbag.py:539} INFO - Filling up the DagBag from /home/raj/Downloads/kafka_2.13-3.5.1/airflow-env/lib64/python3.11/site-packages/airflow/example_dags/example_dag_decorator.py
[2023-10-07T04:16:31.075+0530] {processor.py:839} INFO - DAG(s) dict_keys(['example_dag_decorator']) retrieved from /home/raj/Downloads/kafka_2.13-3.5.1/airflow-env/lib64/python3.11/site-packages/airflow/example_dags/example_dag_decorator.py
[2023-10-07T04:16:31.164+0530] {logging_mixin.py:151} INFO - [2023-10-07T04:16:31.164+0530] {security.py:708} INFO - Not syncing DAG-level permissions for DAG 'DAG:example_dag_decorator' as access control is unset.
[2023-10-07T04:16:31.164+0530] {logging_mixin.py:151} INFO - [2023-10-07T04:16:31.164+0530] {dag.py:2915} INFO - Sync 1 DAGs
[2023-10-07T04:16:31.172+0530] {logging_mixin.py:151} INFO - [2023-10-07T04:16:31.172+0530] {dag.py:3696} INFO - Setting next_dagrun for example_dag_decorator to None, run_after=None
[2023-10-07T04:16:31.201+0530] {processor.py:179} INFO - Processing /home/raj/Downloads/kafka_2.13-3.5.1/airflow-env/lib64/python3.11/site-packages/airflow/example_dags/example_dag_decorator.py took 0.168 seconds
[2023-10-07T04:17:24.509+0530] {processor.py:157} INFO - Started process (PID=19917) to work on /home/raj/Downloads/kafka_2.13-3.5.1/airflow-env/lib64/python3.11/site-packages/airflow/example_dags/example_dag_decorator.py
[2023-10-07T04:17:24.520+0530] {processor.py:829} INFO - Processing file /home/raj/Downloads/kafka_2.13-3.5.1/airflow-env/lib64/python3.11/site-packages/airflow/example_dags/example_dag_decorator.py for tasks to queue
[2023-10-07T04:17:24.521+0530] {logging_mixin.py:151} INFO - [2023-10-07T04:17:24.521+0530] {dagbag.py:539} INFO - Filling up the DagBag from /home/raj/Downloads/kafka_2.13-3.5.1/airflow-env/lib64/python3.11/site-packages/airflow/example_dags/example_dag_decorator.py
[2023-10-07T04:17:24.544+0530] {processor.py:839} INFO - DAG(s) dict_keys(['example_dag_decorator']) retrieved from /home/raj/Downloads/kafka_2.13-3.5.1/airflow-env/lib64/python3.11/site-packages/airflow/example_dags/example_dag_decorator.py
[2023-10-07T04:17:24.633+0530] {logging_mixin.py:151} INFO - [2023-10-07T04:17:24.633+0530] {security.py:708} INFO - Not syncing DAG-level permissions for DAG 'DAG:example_dag_decorator' as access control is unset.
[2023-10-07T04:17:24.634+0530] {logging_mixin.py:151} INFO - [2023-10-07T04:17:24.634+0530] {dag.py:2915} INFO - Sync 1 DAGs
[2023-10-07T04:17:24.642+0530] {logging_mixin.py:151} INFO - [2023-10-07T04:17:24.642+0530] {dag.py:3696} INFO - Setting next_dagrun for example_dag_decorator to None, run_after=None
[2023-10-07T04:17:24.672+0530] {processor.py:179} INFO - Processing /home/raj/Downloads/kafka_2.13-3.5.1/airflow-env/lib64/python3.11/site-packages/airflow/example_dags/example_dag_decorator.py took 0.169 seconds
[2023-10-07T04:18:13.959+0530] {processor.py:157} INFO - Started process (PID=19970) to work on /home/raj/Downloads/kafka_2.13-3.5.1/airflow-env/lib64/python3.11/site-packages/airflow/example_dags/example_dag_decorator.py
[2023-10-07T04:18:13.971+0530] {processor.py:829} INFO - Processing file /home/raj/Downloads/kafka_2.13-3.5.1/airflow-env/lib64/python3.11/site-packages/airflow/example_dags/example_dag_decorator.py for tasks to queue
[2023-10-07T04:18:13.973+0530] {logging_mixin.py:151} INFO - [2023-10-07T04:18:13.972+0530] {dagbag.py:539} INFO - Filling up the DagBag from /home/raj/Downloads/kafka_2.13-3.5.1/airflow-env/lib64/python3.11/site-packages/airflow/example_dags/example_dag_decorator.py
[2023-10-07T04:18:14.000+0530] {processor.py:839} INFO - DAG(s) dict_keys(['example_dag_decorator']) retrieved from /home/raj/Downloads/kafka_2.13-3.5.1/airflow-env/lib64/python3.11/site-packages/airflow/example_dags/example_dag_decorator.py
[2023-10-07T04:18:14.116+0530] {logging_mixin.py:151} INFO - [2023-10-07T04:18:14.116+0530] {security.py:708} INFO - Not syncing DAG-level permissions for DAG 'DAG:example_dag_decorator' as access control is unset.
[2023-10-07T04:18:14.117+0530] {logging_mixin.py:151} INFO - [2023-10-07T04:18:14.117+0530] {dag.py:2915} INFO - Sync 1 DAGs
[2023-10-07T04:18:14.127+0530] {logging_mixin.py:151} INFO - [2023-10-07T04:18:14.127+0530] {dag.py:3696} INFO - Setting next_dagrun for example_dag_decorator to None, run_after=None
[2023-10-07T04:18:14.159+0530] {processor.py:179} INFO - Processing /home/raj/Downloads/kafka_2.13-3.5.1/airflow-env/lib64/python3.11/site-packages/airflow/example_dags/example_dag_decorator.py took 0.206 seconds
[2023-10-07T04:19:07.149+0530] {processor.py:157} INFO - Started process (PID=20022) to work on /home/raj/Downloads/kafka_2.13-3.5.1/airflow-env/lib64/python3.11/site-packages/airflow/example_dags/example_dag_decorator.py
[2023-10-07T04:19:07.160+0530] {processor.py:829} INFO - Processing file /home/raj/Downloads/kafka_2.13-3.5.1/airflow-env/lib64/python3.11/site-packages/airflow/example_dags/example_dag_decorator.py for tasks to queue
[2023-10-07T04:19:07.162+0530] {logging_mixin.py:151} INFO - [2023-10-07T04:19:07.161+0530] {dagbag.py:539} INFO - Filling up the DagBag from /home/raj/Downloads/kafka_2.13-3.5.1/airflow-env/lib64/python3.11/site-packages/airflow/example_dags/example_dag_decorator.py
[2023-10-07T04:19:07.185+0530] {processor.py:839} INFO - DAG(s) dict_keys(['example_dag_decorator']) retrieved from /home/raj/Downloads/kafka_2.13-3.5.1/airflow-env/lib64/python3.11/site-packages/airflow/example_dags/example_dag_decorator.py
[2023-10-07T04:19:07.276+0530] {logging_mixin.py:151} INFO - [2023-10-07T04:19:07.276+0530] {security.py:708} INFO - Not syncing DAG-level permissions for DAG 'DAG:example_dag_decorator' as access control is unset.
[2023-10-07T04:19:07.276+0530] {logging_mixin.py:151} INFO - [2023-10-07T04:19:07.276+0530] {dag.py:2915} INFO - Sync 1 DAGs
[2023-10-07T04:19:07.284+0530] {logging_mixin.py:151} INFO - [2023-10-07T04:19:07.284+0530] {dag.py:3696} INFO - Setting next_dagrun for example_dag_decorator to None, run_after=None
[2023-10-07T04:19:07.314+0530] {processor.py:179} INFO - Processing /home/raj/Downloads/kafka_2.13-3.5.1/airflow-env/lib64/python3.11/site-packages/airflow/example_dags/example_dag_decorator.py took 0.170 seconds
[2023-10-07T04:20:03.167+0530] {processor.py:157} INFO - Started process (PID=20143) to work on /home/raj/Downloads/kafka_2.13-3.5.1/airflow-env/lib64/python3.11/site-packages/airflow/example_dags/example_dag_decorator.py
[2023-10-07T04:20:03.168+0530] {processor.py:829} INFO - Processing file /home/raj/Downloads/kafka_2.13-3.5.1/airflow-env/lib64/python3.11/site-packages/airflow/example_dags/example_dag_decorator.py for tasks to queue
[2023-10-07T04:20:03.169+0530] {logging_mixin.py:151} INFO - [2023-10-07T04:20:03.168+0530] {dagbag.py:539} INFO - Filling up the DagBag from /home/raj/Downloads/kafka_2.13-3.5.1/airflow-env/lib64/python3.11/site-packages/airflow/example_dags/example_dag_decorator.py
[2023-10-07T04:20:03.183+0530] {processor.py:839} INFO - DAG(s) dict_keys(['example_dag_decorator']) retrieved from /home/raj/Downloads/kafka_2.13-3.5.1/airflow-env/lib64/python3.11/site-packages/airflow/example_dags/example_dag_decorator.py
[2023-10-07T04:20:03.318+0530] {logging_mixin.py:151} INFO - [2023-10-07T04:20:03.318+0530] {security.py:708} INFO - Not syncing DAG-level permissions for DAG 'DAG:example_dag_decorator' as access control is unset.
[2023-10-07T04:20:03.318+0530] {logging_mixin.py:151} INFO - [2023-10-07T04:20:03.318+0530] {dag.py:2915} INFO - Sync 1 DAGs
[2023-10-07T04:20:03.328+0530] {logging_mixin.py:151} INFO - [2023-10-07T04:20:03.328+0530] {dag.py:3696} INFO - Setting next_dagrun for example_dag_decorator to None, run_after=None
[2023-10-07T04:20:03.355+0530] {processor.py:179} INFO - Processing /home/raj/Downloads/kafka_2.13-3.5.1/airflow-env/lib64/python3.11/site-packages/airflow/example_dags/example_dag_decorator.py took 0.192 seconds
[2023-10-07T04:20:59.081+0530] {processor.py:157} INFO - Started process (PID=20533) to work on /home/raj/Downloads/kafka_2.13-3.5.1/airflow-env/lib64/python3.11/site-packages/airflow/example_dags/example_dag_decorator.py
[2023-10-07T04:20:59.082+0530] {processor.py:829} INFO - Processing file /home/raj/Downloads/kafka_2.13-3.5.1/airflow-env/lib64/python3.11/site-packages/airflow/example_dags/example_dag_decorator.py for tasks to queue
[2023-10-07T04:20:59.083+0530] {logging_mixin.py:151} INFO - [2023-10-07T04:20:59.082+0530] {dagbag.py:539} INFO - Filling up the DagBag from /home/raj/Downloads/kafka_2.13-3.5.1/airflow-env/lib64/python3.11/site-packages/airflow/example_dags/example_dag_decorator.py
[2023-10-07T04:20:59.098+0530] {processor.py:839} INFO - DAG(s) dict_keys(['example_dag_decorator']) retrieved from /home/raj/Downloads/kafka_2.13-3.5.1/airflow-env/lib64/python3.11/site-packages/airflow/example_dags/example_dag_decorator.py
[2023-10-07T04:20:59.221+0530] {logging_mixin.py:151} INFO - [2023-10-07T04:20:59.220+0530] {security.py:708} INFO - Not syncing DAG-level permissions for DAG 'DAG:example_dag_decorator' as access control is unset.
[2023-10-07T04:20:59.221+0530] {logging_mixin.py:151} INFO - [2023-10-07T04:20:59.221+0530] {dag.py:2915} INFO - Sync 1 DAGs
[2023-10-07T04:20:59.235+0530] {logging_mixin.py:151} INFO - [2023-10-07T04:20:59.235+0530] {dag.py:3696} INFO - Setting next_dagrun for example_dag_decorator to None, run_after=None
[2023-10-07T04:20:59.278+0530] {processor.py:179} INFO - Processing /home/raj/Downloads/kafka_2.13-3.5.1/airflow-env/lib64/python3.11/site-packages/airflow/example_dags/example_dag_decorator.py took 0.201 seconds
[2023-10-07T04:21:49.586+0530] {processor.py:157} INFO - Started process (PID=20699) to work on /home/raj/Downloads/kafka_2.13-3.5.1/airflow-env/lib64/python3.11/site-packages/airflow/example_dags/example_dag_decorator.py
[2023-10-07T04:21:49.597+0530] {processor.py:829} INFO - Processing file /home/raj/Downloads/kafka_2.13-3.5.1/airflow-env/lib64/python3.11/site-packages/airflow/example_dags/example_dag_decorator.py for tasks to queue
[2023-10-07T04:21:49.599+0530] {logging_mixin.py:151} INFO - [2023-10-07T04:21:49.598+0530] {dagbag.py:539} INFO - Filling up the DagBag from /home/raj/Downloads/kafka_2.13-3.5.1/airflow-env/lib64/python3.11/site-packages/airflow/example_dags/example_dag_decorator.py
[2023-10-07T04:21:49.614+0530] {processor.py:839} INFO - DAG(s) dict_keys(['example_dag_decorator']) retrieved from /home/raj/Downloads/kafka_2.13-3.5.1/airflow-env/lib64/python3.11/site-packages/airflow/example_dags/example_dag_decorator.py
[2023-10-07T04:21:49.732+0530] {logging_mixin.py:151} INFO - [2023-10-07T04:21:49.732+0530] {security.py:708} INFO - Not syncing DAG-level permissions for DAG 'DAG:example_dag_decorator' as access control is unset.
[2023-10-07T04:21:49.732+0530] {logging_mixin.py:151} INFO - [2023-10-07T04:21:49.732+0530] {dag.py:2915} INFO - Sync 1 DAGs
[2023-10-07T04:21:49.744+0530] {logging_mixin.py:151} INFO - [2023-10-07T04:21:49.743+0530] {dag.py:3696} INFO - Setting next_dagrun for example_dag_decorator to None, run_after=None
[2023-10-07T04:21:49.777+0530] {processor.py:179} INFO - Processing /home/raj/Downloads/kafka_2.13-3.5.1/airflow-env/lib64/python3.11/site-packages/airflow/example_dags/example_dag_decorator.py took 0.195 seconds
[2023-10-07T04:22:39.079+0530] {processor.py:157} INFO - Started process (PID=20809) to work on /home/raj/Downloads/kafka_2.13-3.5.1/airflow-env/lib64/python3.11/site-packages/airflow/example_dags/example_dag_decorator.py
[2023-10-07T04:22:39.090+0530] {processor.py:829} INFO - Processing file /home/raj/Downloads/kafka_2.13-3.5.1/airflow-env/lib64/python3.11/site-packages/airflow/example_dags/example_dag_decorator.py for tasks to queue
[2023-10-07T04:22:39.092+0530] {logging_mixin.py:151} INFO - [2023-10-07T04:22:39.091+0530] {dagbag.py:539} INFO - Filling up the DagBag from /home/raj/Downloads/kafka_2.13-3.5.1/airflow-env/lib64/python3.11/site-packages/airflow/example_dags/example_dag_decorator.py
[2023-10-07T04:22:39.104+0530] {processor.py:839} INFO - DAG(s) dict_keys(['example_dag_decorator']) retrieved from /home/raj/Downloads/kafka_2.13-3.5.1/airflow-env/lib64/python3.11/site-packages/airflow/example_dags/example_dag_decorator.py
[2023-10-07T04:22:39.208+0530] {logging_mixin.py:151} INFO - [2023-10-07T04:22:39.208+0530] {security.py:708} INFO - Not syncing DAG-level permissions for DAG 'DAG:example_dag_decorator' as access control is unset.
[2023-10-07T04:22:39.208+0530] {logging_mixin.py:151} INFO - [2023-10-07T04:22:39.208+0530] {dag.py:2915} INFO - Sync 1 DAGs
[2023-10-07T04:22:39.218+0530] {logging_mixin.py:151} INFO - [2023-10-07T04:22:39.217+0530] {dag.py:3696} INFO - Setting next_dagrun for example_dag_decorator to None, run_after=None
[2023-10-07T04:22:39.240+0530] {processor.py:179} INFO - Processing /home/raj/Downloads/kafka_2.13-3.5.1/airflow-env/lib64/python3.11/site-packages/airflow/example_dags/example_dag_decorator.py took 0.166 seconds
[2023-10-07T04:23:32.454+0530] {processor.py:157} INFO - Started process (PID=20929) to work on /home/raj/Downloads/kafka_2.13-3.5.1/airflow-env/lib64/python3.11/site-packages/airflow/example_dags/example_dag_decorator.py
[2023-10-07T04:23:32.466+0530] {processor.py:829} INFO - Processing file /home/raj/Downloads/kafka_2.13-3.5.1/airflow-env/lib64/python3.11/site-packages/airflow/example_dags/example_dag_decorator.py for tasks to queue
[2023-10-07T04:23:32.468+0530] {logging_mixin.py:151} INFO - [2023-10-07T04:23:32.467+0530] {dagbag.py:539} INFO - Filling up the DagBag from /home/raj/Downloads/kafka_2.13-3.5.1/airflow-env/lib64/python3.11/site-packages/airflow/example_dags/example_dag_decorator.py
[2023-10-07T04:23:32.483+0530] {processor.py:839} INFO - DAG(s) dict_keys(['example_dag_decorator']) retrieved from /home/raj/Downloads/kafka_2.13-3.5.1/airflow-env/lib64/python3.11/site-packages/airflow/example_dags/example_dag_decorator.py
[2023-10-07T04:23:32.583+0530] {logging_mixin.py:151} INFO - [2023-10-07T04:23:32.583+0530] {security.py:708} INFO - Not syncing DAG-level permissions for DAG 'DAG:example_dag_decorator' as access control is unset.
[2023-10-07T04:23:32.583+0530] {logging_mixin.py:151} INFO - [2023-10-07T04:23:32.583+0530] {dag.py:2915} INFO - Sync 1 DAGs
[2023-10-07T04:23:32.594+0530] {logging_mixin.py:151} INFO - [2023-10-07T04:23:32.594+0530] {dag.py:3696} INFO - Setting next_dagrun for example_dag_decorator to None, run_after=None
[2023-10-07T04:23:32.628+0530] {processor.py:179} INFO - Processing /home/raj/Downloads/kafka_2.13-3.5.1/airflow-env/lib64/python3.11/site-packages/airflow/example_dags/example_dag_decorator.py took 0.177 seconds
[2023-10-07T04:24:21.822+0530] {processor.py:157} INFO - Started process (PID=21055) to work on /home/raj/Downloads/kafka_2.13-3.5.1/airflow-env/lib64/python3.11/site-packages/airflow/example_dags/example_dag_decorator.py
[2023-10-07T04:24:21.824+0530] {processor.py:829} INFO - Processing file /home/raj/Downloads/kafka_2.13-3.5.1/airflow-env/lib64/python3.11/site-packages/airflow/example_dags/example_dag_decorator.py for tasks to queue
[2023-10-07T04:24:21.826+0530] {logging_mixin.py:151} INFO - [2023-10-07T04:24:21.825+0530] {dagbag.py:539} INFO - Filling up the DagBag from /home/raj/Downloads/kafka_2.13-3.5.1/airflow-env/lib64/python3.11/site-packages/airflow/example_dags/example_dag_decorator.py
[2023-10-07T04:24:21.843+0530] {processor.py:839} INFO - DAG(s) dict_keys(['example_dag_decorator']) retrieved from /home/raj/Downloads/kafka_2.13-3.5.1/airflow-env/lib64/python3.11/site-packages/airflow/example_dags/example_dag_decorator.py
[2023-10-07T04:24:21.945+0530] {logging_mixin.py:151} INFO - [2023-10-07T04:24:21.944+0530] {security.py:708} INFO - Not syncing DAG-level permissions for DAG 'DAG:example_dag_decorator' as access control is unset.
[2023-10-07T04:24:21.945+0530] {logging_mixin.py:151} INFO - [2023-10-07T04:24:21.945+0530] {dag.py:2915} INFO - Sync 1 DAGs
[2023-10-07T04:24:21.958+0530] {logging_mixin.py:151} INFO - [2023-10-07T04:24:21.957+0530] {dag.py:3696} INFO - Setting next_dagrun for example_dag_decorator to None, run_after=None
[2023-10-07T04:24:21.982+0530] {processor.py:179} INFO - Processing /home/raj/Downloads/kafka_2.13-3.5.1/airflow-env/lib64/python3.11/site-packages/airflow/example_dags/example_dag_decorator.py took 0.167 seconds
[2023-10-07T04:25:12.282+0530] {processor.py:157} INFO - Started process (PID=21141) to work on /home/raj/Downloads/kafka_2.13-3.5.1/airflow-env/lib64/python3.11/site-packages/airflow/example_dags/example_dag_decorator.py
[2023-10-07T04:25:12.293+0530] {processor.py:829} INFO - Processing file /home/raj/Downloads/kafka_2.13-3.5.1/airflow-env/lib64/python3.11/site-packages/airflow/example_dags/example_dag_decorator.py for tasks to queue
[2023-10-07T04:25:12.296+0530] {logging_mixin.py:151} INFO - [2023-10-07T04:25:12.294+0530] {dagbag.py:539} INFO - Filling up the DagBag from /home/raj/Downloads/kafka_2.13-3.5.1/airflow-env/lib64/python3.11/site-packages/airflow/example_dags/example_dag_decorator.py
[2023-10-07T04:25:12.322+0530] {processor.py:839} INFO - DAG(s) dict_keys(['example_dag_decorator']) retrieved from /home/raj/Downloads/kafka_2.13-3.5.1/airflow-env/lib64/python3.11/site-packages/airflow/example_dags/example_dag_decorator.py
[2023-10-07T04:25:12.457+0530] {logging_mixin.py:151} INFO - [2023-10-07T04:25:12.457+0530] {security.py:708} INFO - Not syncing DAG-level permissions for DAG 'DAG:example_dag_decorator' as access control is unset.
[2023-10-07T04:25:12.458+0530] {logging_mixin.py:151} INFO - [2023-10-07T04:25:12.458+0530] {dag.py:2915} INFO - Sync 1 DAGs
[2023-10-07T04:25:12.470+0530] {logging_mixin.py:151} INFO - [2023-10-07T04:25:12.469+0530] {dag.py:3696} INFO - Setting next_dagrun for example_dag_decorator to None, run_after=None
[2023-10-07T04:25:12.511+0530] {processor.py:179} INFO - Processing /home/raj/Downloads/kafka_2.13-3.5.1/airflow-env/lib64/python3.11/site-packages/airflow/example_dags/example_dag_decorator.py took 0.236 seconds
[2023-10-07T04:26:04.602+0530] {processor.py:157} INFO - Started process (PID=21268) to work on /home/raj/Downloads/kafka_2.13-3.5.1/airflow-env/lib64/python3.11/site-packages/airflow/example_dags/example_dag_decorator.py
[2023-10-07T04:26:04.613+0530] {processor.py:829} INFO - Processing file /home/raj/Downloads/kafka_2.13-3.5.1/airflow-env/lib64/python3.11/site-packages/airflow/example_dags/example_dag_decorator.py for tasks to queue
[2023-10-07T04:26:04.614+0530] {logging_mixin.py:151} INFO - [2023-10-07T04:26:04.614+0530] {dagbag.py:539} INFO - Filling up the DagBag from /home/raj/Downloads/kafka_2.13-3.5.1/airflow-env/lib64/python3.11/site-packages/airflow/example_dags/example_dag_decorator.py
[2023-10-07T04:26:04.639+0530] {processor.py:839} INFO - DAG(s) dict_keys(['example_dag_decorator']) retrieved from /home/raj/Downloads/kafka_2.13-3.5.1/airflow-env/lib64/python3.11/site-packages/airflow/example_dags/example_dag_decorator.py
[2023-10-07T04:26:04.738+0530] {logging_mixin.py:151} INFO - [2023-10-07T04:26:04.737+0530] {security.py:708} INFO - Not syncing DAG-level permissions for DAG 'DAG:example_dag_decorator' as access control is unset.
[2023-10-07T04:26:04.738+0530] {logging_mixin.py:151} INFO - [2023-10-07T04:26:04.738+0530] {dag.py:2915} INFO - Sync 1 DAGs
[2023-10-07T04:26:04.747+0530] {logging_mixin.py:151} INFO - [2023-10-07T04:26:04.746+0530] {dag.py:3696} INFO - Setting next_dagrun for example_dag_decorator to None, run_after=None
[2023-10-07T04:26:04.782+0530] {processor.py:179} INFO - Processing /home/raj/Downloads/kafka_2.13-3.5.1/airflow-env/lib64/python3.11/site-packages/airflow/example_dags/example_dag_decorator.py took 0.186 seconds
[2023-10-07T04:26:54.988+0530] {processor.py:157} INFO - Started process (PID=21425) to work on /home/raj/Downloads/kafka_2.13-3.5.1/airflow-env/lib64/python3.11/site-packages/airflow/example_dags/example_dag_decorator.py
[2023-10-07T04:26:54.999+0530] {processor.py:829} INFO - Processing file /home/raj/Downloads/kafka_2.13-3.5.1/airflow-env/lib64/python3.11/site-packages/airflow/example_dags/example_dag_decorator.py for tasks to queue
[2023-10-07T04:26:55.000+0530] {logging_mixin.py:151} INFO - [2023-10-07T04:26:55.000+0530] {dagbag.py:539} INFO - Filling up the DagBag from /home/raj/Downloads/kafka_2.13-3.5.1/airflow-env/lib64/python3.11/site-packages/airflow/example_dags/example_dag_decorator.py
[2023-10-07T04:26:55.021+0530] {processor.py:839} INFO - DAG(s) dict_keys(['example_dag_decorator']) retrieved from /home/raj/Downloads/kafka_2.13-3.5.1/airflow-env/lib64/python3.11/site-packages/airflow/example_dags/example_dag_decorator.py
[2023-10-07T04:26:55.118+0530] {logging_mixin.py:151} INFO - [2023-10-07T04:26:55.118+0530] {security.py:708} INFO - Not syncing DAG-level permissions for DAG 'DAG:example_dag_decorator' as access control is unset.
[2023-10-07T04:26:55.119+0530] {logging_mixin.py:151} INFO - [2023-10-07T04:26:55.119+0530] {dag.py:2915} INFO - Sync 1 DAGs
[2023-10-07T04:26:55.127+0530] {logging_mixin.py:151} INFO - [2023-10-07T04:26:55.127+0530] {dag.py:3696} INFO - Setting next_dagrun for example_dag_decorator to None, run_after=None
[2023-10-07T04:26:55.158+0530] {processor.py:179} INFO - Processing /home/raj/Downloads/kafka_2.13-3.5.1/airflow-env/lib64/python3.11/site-packages/airflow/example_dags/example_dag_decorator.py took 0.176 seconds
[2023-10-07T04:27:48.401+0530] {processor.py:157} INFO - Started process (PID=21574) to work on /home/raj/Downloads/kafka_2.13-3.5.1/airflow-env/lib64/python3.11/site-packages/airflow/example_dags/example_dag_decorator.py
[2023-10-07T04:27:48.413+0530] {processor.py:829} INFO - Processing file /home/raj/Downloads/kafka_2.13-3.5.1/airflow-env/lib64/python3.11/site-packages/airflow/example_dags/example_dag_decorator.py for tasks to queue
[2023-10-07T04:27:48.415+0530] {logging_mixin.py:151} INFO - [2023-10-07T04:27:48.414+0530] {dagbag.py:539} INFO - Filling up the DagBag from /home/raj/Downloads/kafka_2.13-3.5.1/airflow-env/lib64/python3.11/site-packages/airflow/example_dags/example_dag_decorator.py
[2023-10-07T04:27:48.437+0530] {processor.py:839} INFO - DAG(s) dict_keys(['example_dag_decorator']) retrieved from /home/raj/Downloads/kafka_2.13-3.5.1/airflow-env/lib64/python3.11/site-packages/airflow/example_dags/example_dag_decorator.py
[2023-10-07T04:27:48.560+0530] {logging_mixin.py:151} INFO - [2023-10-07T04:27:48.560+0530] {security.py:708} INFO - Not syncing DAG-level permissions for DAG 'DAG:example_dag_decorator' as access control is unset.
[2023-10-07T04:27:48.560+0530] {logging_mixin.py:151} INFO - [2023-10-07T04:27:48.560+0530] {dag.py:2915} INFO - Sync 1 DAGs
[2023-10-07T04:27:48.571+0530] {logging_mixin.py:151} INFO - [2023-10-07T04:27:48.571+0530] {dag.py:3696} INFO - Setting next_dagrun for example_dag_decorator to None, run_after=None
[2023-10-07T04:27:48.609+0530] {processor.py:179} INFO - Processing /home/raj/Downloads/kafka_2.13-3.5.1/airflow-env/lib64/python3.11/site-packages/airflow/example_dags/example_dag_decorator.py took 0.214 seconds
[2023-10-07T04:28:41.549+0530] {processor.py:157} INFO - Started process (PID=21710) to work on /home/raj/Downloads/kafka_2.13-3.5.1/airflow-env/lib64/python3.11/site-packages/airflow/example_dags/example_dag_decorator.py
[2023-10-07T04:28:41.561+0530] {processor.py:829} INFO - Processing file /home/raj/Downloads/kafka_2.13-3.5.1/airflow-env/lib64/python3.11/site-packages/airflow/example_dags/example_dag_decorator.py for tasks to queue
[2023-10-07T04:28:41.562+0530] {logging_mixin.py:151} INFO - [2023-10-07T04:28:41.561+0530] {dagbag.py:539} INFO - Filling up the DagBag from /home/raj/Downloads/kafka_2.13-3.5.1/airflow-env/lib64/python3.11/site-packages/airflow/example_dags/example_dag_decorator.py
[2023-10-07T04:28:41.584+0530] {processor.py:839} INFO - DAG(s) dict_keys(['example_dag_decorator']) retrieved from /home/raj/Downloads/kafka_2.13-3.5.1/airflow-env/lib64/python3.11/site-packages/airflow/example_dags/example_dag_decorator.py
[2023-10-07T04:28:41.681+0530] {logging_mixin.py:151} INFO - [2023-10-07T04:28:41.681+0530] {security.py:708} INFO - Not syncing DAG-level permissions for DAG 'DAG:example_dag_decorator' as access control is unset.
[2023-10-07T04:28:41.681+0530] {logging_mixin.py:151} INFO - [2023-10-07T04:28:41.681+0530] {dag.py:2915} INFO - Sync 1 DAGs
[2023-10-07T04:28:41.690+0530] {logging_mixin.py:151} INFO - [2023-10-07T04:28:41.690+0530] {dag.py:3696} INFO - Setting next_dagrun for example_dag_decorator to None, run_after=None
[2023-10-07T04:28:41.723+0530] {processor.py:179} INFO - Processing /home/raj/Downloads/kafka_2.13-3.5.1/airflow-env/lib64/python3.11/site-packages/airflow/example_dags/example_dag_decorator.py took 0.179 seconds
[2023-10-07T04:29:31.448+0530] {processor.py:157} INFO - Started process (PID=21791) to work on /home/raj/Downloads/kafka_2.13-3.5.1/airflow-env/lib64/python3.11/site-packages/airflow/example_dags/example_dag_decorator.py
[2023-10-07T04:29:31.460+0530] {processor.py:829} INFO - Processing file /home/raj/Downloads/kafka_2.13-3.5.1/airflow-env/lib64/python3.11/site-packages/airflow/example_dags/example_dag_decorator.py for tasks to queue
[2023-10-07T04:29:31.461+0530] {logging_mixin.py:151} INFO - [2023-10-07T04:29:31.460+0530] {dagbag.py:539} INFO - Filling up the DagBag from /home/raj/Downloads/kafka_2.13-3.5.1/airflow-env/lib64/python3.11/site-packages/airflow/example_dags/example_dag_decorator.py
[2023-10-07T04:29:31.476+0530] {processor.py:839} INFO - DAG(s) dict_keys(['example_dag_decorator']) retrieved from /home/raj/Downloads/kafka_2.13-3.5.1/airflow-env/lib64/python3.11/site-packages/airflow/example_dags/example_dag_decorator.py
[2023-10-07T04:29:31.564+0530] {logging_mixin.py:151} INFO - [2023-10-07T04:29:31.563+0530] {security.py:708} INFO - Not syncing DAG-level permissions for DAG 'DAG:example_dag_decorator' as access control is unset.
[2023-10-07T04:29:31.564+0530] {logging_mixin.py:151} INFO - [2023-10-07T04:29:31.564+0530] {dag.py:2915} INFO - Sync 1 DAGs
[2023-10-07T04:29:31.575+0530] {logging_mixin.py:151} INFO - [2023-10-07T04:29:31.574+0530] {dag.py:3696} INFO - Setting next_dagrun for example_dag_decorator to None, run_after=None
[2023-10-07T04:29:31.608+0530] {processor.py:179} INFO - Processing /home/raj/Downloads/kafka_2.13-3.5.1/airflow-env/lib64/python3.11/site-packages/airflow/example_dags/example_dag_decorator.py took 0.165 seconds
[2023-10-07T04:41:02.765+0530] {processor.py:157} INFO - Started process (PID=9943) to work on /home/raj/Downloads/kafka_2.13-3.5.1/airflow-env/lib64/python3.11/site-packages/airflow/example_dags/example_dag_decorator.py
[2023-10-07T04:41:02.766+0530] {processor.py:829} INFO - Processing file /home/raj/Downloads/kafka_2.13-3.5.1/airflow-env/lib64/python3.11/site-packages/airflow/example_dags/example_dag_decorator.py for tasks to queue
[2023-10-07T04:41:02.767+0530] {logging_mixin.py:151} INFO - [2023-10-07T04:41:02.767+0530] {dagbag.py:539} INFO - Filling up the DagBag from /home/raj/Downloads/kafka_2.13-3.5.1/airflow-env/lib64/python3.11/site-packages/airflow/example_dags/example_dag_decorator.py
[2023-10-07T04:41:02.778+0530] {processor.py:839} INFO - DAG(s) dict_keys(['example_dag_decorator']) retrieved from /home/raj/Downloads/kafka_2.13-3.5.1/airflow-env/lib64/python3.11/site-packages/airflow/example_dags/example_dag_decorator.py
[2023-10-07T04:41:02.859+0530] {logging_mixin.py:151} INFO - [2023-10-07T04:41:02.859+0530] {security.py:708} INFO - Not syncing DAG-level permissions for DAG 'DAG:example_dag_decorator' as access control is unset.
[2023-10-07T04:41:02.860+0530] {logging_mixin.py:151} INFO - [2023-10-07T04:41:02.859+0530] {dag.py:2915} INFO - Sync 1 DAGs
[2023-10-07T04:41:02.867+0530] {logging_mixin.py:151} INFO - [2023-10-07T04:41:02.867+0530] {dag.py:3696} INFO - Setting next_dagrun for example_dag_decorator to None, run_after=None
[2023-10-07T04:41:02.887+0530] {processor.py:179} INFO - Processing /home/raj/Downloads/kafka_2.13-3.5.1/airflow-env/lib64/python3.11/site-packages/airflow/example_dags/example_dag_decorator.py took 0.124 seconds
[2023-10-07T04:41:56.185+0530] {processor.py:157} INFO - Started process (PID=10062) to work on /home/raj/Downloads/kafka_2.13-3.5.1/airflow-env/lib64/python3.11/site-packages/airflow/example_dags/example_dag_decorator.py
[2023-10-07T04:41:56.197+0530] {processor.py:829} INFO - Processing file /home/raj/Downloads/kafka_2.13-3.5.1/airflow-env/lib64/python3.11/site-packages/airflow/example_dags/example_dag_decorator.py for tasks to queue
[2023-10-07T04:41:56.198+0530] {logging_mixin.py:151} INFO - [2023-10-07T04:41:56.198+0530] {dagbag.py:539} INFO - Filling up the DagBag from /home/raj/Downloads/kafka_2.13-3.5.1/airflow-env/lib64/python3.11/site-packages/airflow/example_dags/example_dag_decorator.py
[2023-10-07T04:41:56.221+0530] {processor.py:839} INFO - DAG(s) dict_keys(['example_dag_decorator']) retrieved from /home/raj/Downloads/kafka_2.13-3.5.1/airflow-env/lib64/python3.11/site-packages/airflow/example_dags/example_dag_decorator.py
[2023-10-07T04:41:56.313+0530] {logging_mixin.py:151} INFO - [2023-10-07T04:41:56.313+0530] {security.py:708} INFO - Not syncing DAG-level permissions for DAG 'DAG:example_dag_decorator' as access control is unset.
[2023-10-07T04:41:56.313+0530] {logging_mixin.py:151} INFO - [2023-10-07T04:41:56.313+0530] {dag.py:2915} INFO - Sync 1 DAGs
[2023-10-07T04:41:56.324+0530] {logging_mixin.py:151} INFO - [2023-10-07T04:41:56.324+0530] {dag.py:3696} INFO - Setting next_dagrun for example_dag_decorator to None, run_after=None
[2023-10-07T04:41:56.354+0530] {processor.py:179} INFO - Processing /home/raj/Downloads/kafka_2.13-3.5.1/airflow-env/lib64/python3.11/site-packages/airflow/example_dags/example_dag_decorator.py took 0.175 seconds
[2023-10-07T04:42:48.102+0530] {processor.py:157} INFO - Started process (PID=10225) to work on /home/raj/Downloads/kafka_2.13-3.5.1/airflow-env/lib64/python3.11/site-packages/airflow/example_dags/example_dag_decorator.py
[2023-10-07T04:42:48.103+0530] {processor.py:829} INFO - Processing file /home/raj/Downloads/kafka_2.13-3.5.1/airflow-env/lib64/python3.11/site-packages/airflow/example_dags/example_dag_decorator.py for tasks to queue
[2023-10-07T04:42:48.103+0530] {logging_mixin.py:151} INFO - [2023-10-07T04:42:48.103+0530] {dagbag.py:539} INFO - Filling up the DagBag from /home/raj/Downloads/kafka_2.13-3.5.1/airflow-env/lib64/python3.11/site-packages/airflow/example_dags/example_dag_decorator.py
[2023-10-07T04:42:48.114+0530] {processor.py:839} INFO - DAG(s) dict_keys(['example_dag_decorator']) retrieved from /home/raj/Downloads/kafka_2.13-3.5.1/airflow-env/lib64/python3.11/site-packages/airflow/example_dags/example_dag_decorator.py
[2023-10-07T04:42:48.211+0530] {logging_mixin.py:151} INFO - [2023-10-07T04:42:48.210+0530] {security.py:708} INFO - Not syncing DAG-level permissions for DAG 'DAG:example_dag_decorator' as access control is unset.
[2023-10-07T04:42:48.211+0530] {logging_mixin.py:151} INFO - [2023-10-07T04:42:48.211+0530] {dag.py:2915} INFO - Sync 1 DAGs
[2023-10-07T04:42:48.221+0530] {logging_mixin.py:151} INFO - [2023-10-07T04:42:48.220+0530] {dag.py:3696} INFO - Setting next_dagrun for example_dag_decorator to None, run_after=None
[2023-10-07T04:42:48.251+0530] {processor.py:179} INFO - Processing /home/raj/Downloads/kafka_2.13-3.5.1/airflow-env/lib64/python3.11/site-packages/airflow/example_dags/example_dag_decorator.py took 0.153 seconds
[2023-10-07T04:43:53.950+0530] {processor.py:157} INFO - Started process (PID=10412) to work on /home/raj/Downloads/kafka_2.13-3.5.1/airflow-env/lib64/python3.11/site-packages/airflow/example_dags/example_dag_decorator.py
[2023-10-07T04:43:53.961+0530] {processor.py:829} INFO - Processing file /home/raj/Downloads/kafka_2.13-3.5.1/airflow-env/lib64/python3.11/site-packages/airflow/example_dags/example_dag_decorator.py for tasks to queue
[2023-10-07T04:43:53.963+0530] {logging_mixin.py:151} INFO - [2023-10-07T04:43:53.963+0530] {dagbag.py:539} INFO - Filling up the DagBag from /home/raj/Downloads/kafka_2.13-3.5.1/airflow-env/lib64/python3.11/site-packages/airflow/example_dags/example_dag_decorator.py
[2023-10-07T04:43:53.974+0530] {processor.py:839} INFO - DAG(s) dict_keys(['example_dag_decorator']) retrieved from /home/raj/Downloads/kafka_2.13-3.5.1/airflow-env/lib64/python3.11/site-packages/airflow/example_dags/example_dag_decorator.py
[2023-10-07T04:43:54.064+0530] {logging_mixin.py:151} INFO - [2023-10-07T04:43:54.063+0530] {security.py:708} INFO - Not syncing DAG-level permissions for DAG 'DAG:example_dag_decorator' as access control is unset.
[2023-10-07T04:43:54.064+0530] {logging_mixin.py:151} INFO - [2023-10-07T04:43:54.064+0530] {dag.py:2915} INFO - Sync 1 DAGs
[2023-10-07T04:43:54.073+0530] {logging_mixin.py:151} INFO - [2023-10-07T04:43:54.073+0530] {dag.py:3696} INFO - Setting next_dagrun for example_dag_decorator to None, run_after=None
[2023-10-07T04:43:54.104+0530] {processor.py:179} INFO - Processing /home/raj/Downloads/kafka_2.13-3.5.1/airflow-env/lib64/python3.11/site-packages/airflow/example_dags/example_dag_decorator.py took 0.160 seconds
[2023-10-07T04:44:43.114+0530] {processor.py:157} INFO - Started process (PID=10523) to work on /home/raj/Downloads/kafka_2.13-3.5.1/airflow-env/lib64/python3.11/site-packages/airflow/example_dags/example_dag_decorator.py
[2023-10-07T04:44:43.115+0530] {processor.py:829} INFO - Processing file /home/raj/Downloads/kafka_2.13-3.5.1/airflow-env/lib64/python3.11/site-packages/airflow/example_dags/example_dag_decorator.py for tasks to queue
[2023-10-07T04:44:43.117+0530] {logging_mixin.py:151} INFO - [2023-10-07T04:44:43.116+0530] {dagbag.py:539} INFO - Filling up the DagBag from /home/raj/Downloads/kafka_2.13-3.5.1/airflow-env/lib64/python3.11/site-packages/airflow/example_dags/example_dag_decorator.py
[2023-10-07T04:44:43.142+0530] {processor.py:839} INFO - DAG(s) dict_keys(['example_dag_decorator']) retrieved from /home/raj/Downloads/kafka_2.13-3.5.1/airflow-env/lib64/python3.11/site-packages/airflow/example_dags/example_dag_decorator.py
[2023-10-07T04:44:43.247+0530] {logging_mixin.py:151} INFO - [2023-10-07T04:44:43.247+0530] {security.py:708} INFO - Not syncing DAG-level permissions for DAG 'DAG:example_dag_decorator' as access control is unset.
[2023-10-07T04:44:43.247+0530] {logging_mixin.py:151} INFO - [2023-10-07T04:44:43.247+0530] {dag.py:2915} INFO - Sync 1 DAGs
[2023-10-07T04:44:43.258+0530] {logging_mixin.py:151} INFO - [2023-10-07T04:44:43.257+0530] {dag.py:3696} INFO - Setting next_dagrun for example_dag_decorator to None, run_after=None
[2023-10-07T04:44:43.280+0530] {processor.py:179} INFO - Processing /home/raj/Downloads/kafka_2.13-3.5.1/airflow-env/lib64/python3.11/site-packages/airflow/example_dags/example_dag_decorator.py took 0.172 seconds
[2023-10-07T04:45:38.225+0530] {processor.py:157} INFO - Started process (PID=10678) to work on /home/raj/Downloads/kafka_2.13-3.5.1/airflow-env/lib64/python3.11/site-packages/airflow/example_dags/example_dag_decorator.py
[2023-10-07T04:45:38.236+0530] {processor.py:829} INFO - Processing file /home/raj/Downloads/kafka_2.13-3.5.1/airflow-env/lib64/python3.11/site-packages/airflow/example_dags/example_dag_decorator.py for tasks to queue
[2023-10-07T04:45:38.238+0530] {logging_mixin.py:151} INFO - [2023-10-07T04:45:38.237+0530] {dagbag.py:539} INFO - Filling up the DagBag from /home/raj/Downloads/kafka_2.13-3.5.1/airflow-env/lib64/python3.11/site-packages/airflow/example_dags/example_dag_decorator.py
[2023-10-07T04:45:38.260+0530] {processor.py:839} INFO - DAG(s) dict_keys(['example_dag_decorator']) retrieved from /home/raj/Downloads/kafka_2.13-3.5.1/airflow-env/lib64/python3.11/site-packages/airflow/example_dags/example_dag_decorator.py
[2023-10-07T04:45:38.363+0530] {logging_mixin.py:151} INFO - [2023-10-07T04:45:38.363+0530] {security.py:708} INFO - Not syncing DAG-level permissions for DAG 'DAG:example_dag_decorator' as access control is unset.
[2023-10-07T04:45:38.363+0530] {logging_mixin.py:151} INFO - [2023-10-07T04:45:38.363+0530] {dag.py:2915} INFO - Sync 1 DAGs
[2023-10-07T04:45:38.373+0530] {logging_mixin.py:151} INFO - [2023-10-07T04:45:38.372+0530] {dag.py:3696} INFO - Setting next_dagrun for example_dag_decorator to None, run_after=None
[2023-10-07T04:45:38.404+0530] {processor.py:179} INFO - Processing /home/raj/Downloads/kafka_2.13-3.5.1/airflow-env/lib64/python3.11/site-packages/airflow/example_dags/example_dag_decorator.py took 0.184 seconds
[2023-10-07T04:46:36.250+0530] {processor.py:157} INFO - Started process (PID=10882) to work on /home/raj/Downloads/kafka_2.13-3.5.1/airflow-env/lib64/python3.11/site-packages/airflow/example_dags/example_dag_decorator.py
[2023-10-07T04:46:36.261+0530] {processor.py:829} INFO - Processing file /home/raj/Downloads/kafka_2.13-3.5.1/airflow-env/lib64/python3.11/site-packages/airflow/example_dags/example_dag_decorator.py for tasks to queue
[2023-10-07T04:46:36.262+0530] {logging_mixin.py:151} INFO - [2023-10-07T04:46:36.262+0530] {dagbag.py:539} INFO - Filling up the DagBag from /home/raj/Downloads/kafka_2.13-3.5.1/airflow-env/lib64/python3.11/site-packages/airflow/example_dags/example_dag_decorator.py
[2023-10-07T04:46:36.285+0530] {processor.py:839} INFO - DAG(s) dict_keys(['example_dag_decorator']) retrieved from /home/raj/Downloads/kafka_2.13-3.5.1/airflow-env/lib64/python3.11/site-packages/airflow/example_dags/example_dag_decorator.py
[2023-10-07T04:46:36.372+0530] {logging_mixin.py:151} INFO - [2023-10-07T04:46:36.372+0530] {security.py:708} INFO - Not syncing DAG-level permissions for DAG 'DAG:example_dag_decorator' as access control is unset.
[2023-10-07T04:46:36.372+0530] {logging_mixin.py:151} INFO - [2023-10-07T04:46:36.372+0530] {dag.py:2915} INFO - Sync 1 DAGs
[2023-10-07T04:46:36.380+0530] {logging_mixin.py:151} INFO - [2023-10-07T04:46:36.380+0530] {dag.py:3696} INFO - Setting next_dagrun for example_dag_decorator to None, run_after=None
[2023-10-07T04:46:36.409+0530] {processor.py:179} INFO - Processing /home/raj/Downloads/kafka_2.13-3.5.1/airflow-env/lib64/python3.11/site-packages/airflow/example_dags/example_dag_decorator.py took 0.164 seconds
[2023-10-07T04:47:28.227+0530] {processor.py:157} INFO - Started process (PID=10980) to work on /home/raj/Downloads/kafka_2.13-3.5.1/airflow-env/lib64/python3.11/site-packages/airflow/example_dags/example_dag_decorator.py
[2023-10-07T04:47:28.239+0530] {processor.py:829} INFO - Processing file /home/raj/Downloads/kafka_2.13-3.5.1/airflow-env/lib64/python3.11/site-packages/airflow/example_dags/example_dag_decorator.py for tasks to queue
[2023-10-07T04:47:28.241+0530] {logging_mixin.py:151} INFO - [2023-10-07T04:47:28.240+0530] {dagbag.py:539} INFO - Filling up the DagBag from /home/raj/Downloads/kafka_2.13-3.5.1/airflow-env/lib64/python3.11/site-packages/airflow/example_dags/example_dag_decorator.py
[2023-10-07T04:47:28.257+0530] {processor.py:839} INFO - DAG(s) dict_keys(['example_dag_decorator']) retrieved from /home/raj/Downloads/kafka_2.13-3.5.1/airflow-env/lib64/python3.11/site-packages/airflow/example_dags/example_dag_decorator.py
[2023-10-07T04:47:28.364+0530] {logging_mixin.py:151} INFO - [2023-10-07T04:47:28.364+0530] {security.py:708} INFO - Not syncing DAG-level permissions for DAG 'DAG:example_dag_decorator' as access control is unset.
[2023-10-07T04:47:28.365+0530] {logging_mixin.py:151} INFO - [2023-10-07T04:47:28.364+0530] {dag.py:2915} INFO - Sync 1 DAGs
[2023-10-07T04:47:28.376+0530] {logging_mixin.py:151} INFO - [2023-10-07T04:47:28.375+0530] {dag.py:3696} INFO - Setting next_dagrun for example_dag_decorator to None, run_after=None
[2023-10-07T04:47:28.406+0530] {processor.py:179} INFO - Processing /home/raj/Downloads/kafka_2.13-3.5.1/airflow-env/lib64/python3.11/site-packages/airflow/example_dags/example_dag_decorator.py took 0.183 seconds
[2023-10-07T04:48:18.059+0530] {processor.py:157} INFO - Started process (PID=11083) to work on /home/raj/Downloads/kafka_2.13-3.5.1/airflow-env/lib64/python3.11/site-packages/airflow/example_dags/example_dag_decorator.py
[2023-10-07T04:48:18.071+0530] {processor.py:829} INFO - Processing file /home/raj/Downloads/kafka_2.13-3.5.1/airflow-env/lib64/python3.11/site-packages/airflow/example_dags/example_dag_decorator.py for tasks to queue
[2023-10-07T04:48:18.072+0530] {logging_mixin.py:151} INFO - [2023-10-07T04:48:18.072+0530] {dagbag.py:539} INFO - Filling up the DagBag from /home/raj/Downloads/kafka_2.13-3.5.1/airflow-env/lib64/python3.11/site-packages/airflow/example_dags/example_dag_decorator.py
[2023-10-07T04:48:18.086+0530] {processor.py:839} INFO - DAG(s) dict_keys(['example_dag_decorator']) retrieved from /home/raj/Downloads/kafka_2.13-3.5.1/airflow-env/lib64/python3.11/site-packages/airflow/example_dags/example_dag_decorator.py
[2023-10-07T04:48:18.182+0530] {logging_mixin.py:151} INFO - [2023-10-07T04:48:18.182+0530] {security.py:708} INFO - Not syncing DAG-level permissions for DAG 'DAG:example_dag_decorator' as access control is unset.
[2023-10-07T04:48:18.183+0530] {logging_mixin.py:151} INFO - [2023-10-07T04:48:18.183+0530] {dag.py:2915} INFO - Sync 1 DAGs
[2023-10-07T04:48:18.192+0530] {logging_mixin.py:151} INFO - [2023-10-07T04:48:18.192+0530] {dag.py:3696} INFO - Setting next_dagrun for example_dag_decorator to None, run_after=None
[2023-10-07T04:48:18.226+0530] {processor.py:179} INFO - Processing /home/raj/Downloads/kafka_2.13-3.5.1/airflow-env/lib64/python3.11/site-packages/airflow/example_dags/example_dag_decorator.py took 0.173 seconds
[2023-10-07T04:49:12.953+0530] {processor.py:157} INFO - Started process (PID=11213) to work on /home/raj/Downloads/kafka_2.13-3.5.1/airflow-env/lib64/python3.11/site-packages/airflow/example_dags/example_dag_decorator.py
[2023-10-07T04:49:12.964+0530] {processor.py:829} INFO - Processing file /home/raj/Downloads/kafka_2.13-3.5.1/airflow-env/lib64/python3.11/site-packages/airflow/example_dags/example_dag_decorator.py for tasks to queue
[2023-10-07T04:49:12.965+0530] {logging_mixin.py:151} INFO - [2023-10-07T04:49:12.965+0530] {dagbag.py:539} INFO - Filling up the DagBag from /home/raj/Downloads/kafka_2.13-3.5.1/airflow-env/lib64/python3.11/site-packages/airflow/example_dags/example_dag_decorator.py
[2023-10-07T04:49:12.985+0530] {processor.py:839} INFO - DAG(s) dict_keys(['example_dag_decorator']) retrieved from /home/raj/Downloads/kafka_2.13-3.5.1/airflow-env/lib64/python3.11/site-packages/airflow/example_dags/example_dag_decorator.py
[2023-10-07T04:49:13.082+0530] {logging_mixin.py:151} INFO - [2023-10-07T04:49:13.082+0530] {security.py:708} INFO - Not syncing DAG-level permissions for DAG 'DAG:example_dag_decorator' as access control is unset.
[2023-10-07T04:49:13.082+0530] {logging_mixin.py:151} INFO - [2023-10-07T04:49:13.082+0530] {dag.py:2915} INFO - Sync 1 DAGs
[2023-10-07T04:49:13.095+0530] {logging_mixin.py:151} INFO - [2023-10-07T04:49:13.094+0530] {dag.py:3696} INFO - Setting next_dagrun for example_dag_decorator to None, run_after=None
[2023-10-07T04:49:13.132+0530] {processor.py:179} INFO - Processing /home/raj/Downloads/kafka_2.13-3.5.1/airflow-env/lib64/python3.11/site-packages/airflow/example_dags/example_dag_decorator.py took 0.185 seconds
[2023-10-07T04:50:08.974+0530] {processor.py:157} INFO - Started process (PID=11297) to work on /home/raj/Downloads/kafka_2.13-3.5.1/airflow-env/lib64/python3.11/site-packages/airflow/example_dags/example_dag_decorator.py
[2023-10-07T04:50:08.976+0530] {processor.py:829} INFO - Processing file /home/raj/Downloads/kafka_2.13-3.5.1/airflow-env/lib64/python3.11/site-packages/airflow/example_dags/example_dag_decorator.py for tasks to queue
[2023-10-07T04:50:08.977+0530] {logging_mixin.py:151} INFO - [2023-10-07T04:50:08.977+0530] {dagbag.py:539} INFO - Filling up the DagBag from /home/raj/Downloads/kafka_2.13-3.5.1/airflow-env/lib64/python3.11/site-packages/airflow/example_dags/example_dag_decorator.py
[2023-10-07T04:50:08.999+0530] {processor.py:839} INFO - DAG(s) dict_keys(['example_dag_decorator']) retrieved from /home/raj/Downloads/kafka_2.13-3.5.1/airflow-env/lib64/python3.11/site-packages/airflow/example_dags/example_dag_decorator.py
[2023-10-07T04:50:09.080+0530] {logging_mixin.py:151} INFO - [2023-10-07T04:50:09.080+0530] {security.py:708} INFO - Not syncing DAG-level permissions for DAG 'DAG:example_dag_decorator' as access control is unset.
[2023-10-07T04:50:09.081+0530] {logging_mixin.py:151} INFO - [2023-10-07T04:50:09.081+0530] {dag.py:2915} INFO - Sync 1 DAGs
[2023-10-07T04:50:09.091+0530] {logging_mixin.py:151} INFO - [2023-10-07T04:50:09.090+0530] {dag.py:3696} INFO - Setting next_dagrun for example_dag_decorator to None, run_after=None
[2023-10-07T04:50:09.111+0530] {processor.py:179} INFO - Processing /home/raj/Downloads/kafka_2.13-3.5.1/airflow-env/lib64/python3.11/site-packages/airflow/example_dags/example_dag_decorator.py took 0.141 seconds
[2023-10-07T04:51:00.816+0530] {processor.py:157} INFO - Started process (PID=11416) to work on /home/raj/Downloads/kafka_2.13-3.5.1/airflow-env/lib64/python3.11/site-packages/airflow/example_dags/example_dag_decorator.py
[2023-10-07T04:51:00.827+0530] {processor.py:829} INFO - Processing file /home/raj/Downloads/kafka_2.13-3.5.1/airflow-env/lib64/python3.11/site-packages/airflow/example_dags/example_dag_decorator.py for tasks to queue
[2023-10-07T04:51:00.830+0530] {logging_mixin.py:151} INFO - [2023-10-07T04:51:00.829+0530] {dagbag.py:539} INFO - Filling up the DagBag from /home/raj/Downloads/kafka_2.13-3.5.1/airflow-env/lib64/python3.11/site-packages/airflow/example_dags/example_dag_decorator.py
[2023-10-07T04:51:00.856+0530] {processor.py:839} INFO - DAG(s) dict_keys(['example_dag_decorator']) retrieved from /home/raj/Downloads/kafka_2.13-3.5.1/airflow-env/lib64/python3.11/site-packages/airflow/example_dags/example_dag_decorator.py
[2023-10-07T04:51:00.951+0530] {logging_mixin.py:151} INFO - [2023-10-07T04:51:00.951+0530] {security.py:708} INFO - Not syncing DAG-level permissions for DAG 'DAG:example_dag_decorator' as access control is unset.
[2023-10-07T04:51:00.951+0530] {logging_mixin.py:151} INFO - [2023-10-07T04:51:00.951+0530] {dag.py:2915} INFO - Sync 1 DAGs
[2023-10-07T04:51:00.961+0530] {logging_mixin.py:151} INFO - [2023-10-07T04:51:00.960+0530] {dag.py:3696} INFO - Setting next_dagrun for example_dag_decorator to None, run_after=None
[2023-10-07T04:51:00.994+0530] {processor.py:179} INFO - Processing /home/raj/Downloads/kafka_2.13-3.5.1/airflow-env/lib64/python3.11/site-packages/airflow/example_dags/example_dag_decorator.py took 0.183 seconds
[2023-10-07T04:51:51.616+0530] {processor.py:157} INFO - Started process (PID=11484) to work on /home/raj/Downloads/kafka_2.13-3.5.1/airflow-env/lib64/python3.11/site-packages/airflow/example_dags/example_dag_decorator.py
[2023-10-07T04:51:51.617+0530] {processor.py:829} INFO - Processing file /home/raj/Downloads/kafka_2.13-3.5.1/airflow-env/lib64/python3.11/site-packages/airflow/example_dags/example_dag_decorator.py for tasks to queue
[2023-10-07T04:51:51.619+0530] {logging_mixin.py:151} INFO - [2023-10-07T04:51:51.618+0530] {dagbag.py:539} INFO - Filling up the DagBag from /home/raj/Downloads/kafka_2.13-3.5.1/airflow-env/lib64/python3.11/site-packages/airflow/example_dags/example_dag_decorator.py
[2023-10-07T04:51:51.640+0530] {processor.py:839} INFO - DAG(s) dict_keys(['example_dag_decorator']) retrieved from /home/raj/Downloads/kafka_2.13-3.5.1/airflow-env/lib64/python3.11/site-packages/airflow/example_dags/example_dag_decorator.py
[2023-10-07T04:51:51.728+0530] {logging_mixin.py:151} INFO - [2023-10-07T04:51:51.727+0530] {security.py:708} INFO - Not syncing DAG-level permissions for DAG 'DAG:example_dag_decorator' as access control is unset.
[2023-10-07T04:51:51.728+0530] {logging_mixin.py:151} INFO - [2023-10-07T04:51:51.728+0530] {dag.py:2915} INFO - Sync 1 DAGs
[2023-10-07T04:51:51.737+0530] {logging_mixin.py:151} INFO - [2023-10-07T04:51:51.737+0530] {dag.py:3696} INFO - Setting next_dagrun for example_dag_decorator to None, run_after=None
[2023-10-07T04:51:51.769+0530] {processor.py:179} INFO - Processing /home/raj/Downloads/kafka_2.13-3.5.1/airflow-env/lib64/python3.11/site-packages/airflow/example_dags/example_dag_decorator.py took 0.158 seconds
[2023-10-07T04:52:45.861+0530] {processor.py:157} INFO - Started process (PID=11752) to work on /home/raj/Downloads/kafka_2.13-3.5.1/airflow-env/lib64/python3.11/site-packages/airflow/example_dags/example_dag_decorator.py
[2023-10-07T04:52:45.872+0530] {processor.py:829} INFO - Processing file /home/raj/Downloads/kafka_2.13-3.5.1/airflow-env/lib64/python3.11/site-packages/airflow/example_dags/example_dag_decorator.py for tasks to queue
[2023-10-07T04:52:45.873+0530] {logging_mixin.py:151} INFO - [2023-10-07T04:52:45.873+0530] {dagbag.py:539} INFO - Filling up the DagBag from /home/raj/Downloads/kafka_2.13-3.5.1/airflow-env/lib64/python3.11/site-packages/airflow/example_dags/example_dag_decorator.py
[2023-10-07T04:52:45.896+0530] {processor.py:839} INFO - DAG(s) dict_keys(['example_dag_decorator']) retrieved from /home/raj/Downloads/kafka_2.13-3.5.1/airflow-env/lib64/python3.11/site-packages/airflow/example_dags/example_dag_decorator.py
[2023-10-07T04:52:45.982+0530] {logging_mixin.py:151} INFO - [2023-10-07T04:52:45.982+0530] {security.py:708} INFO - Not syncing DAG-level permissions for DAG 'DAG:example_dag_decorator' as access control is unset.
[2023-10-07T04:52:45.982+0530] {logging_mixin.py:151} INFO - [2023-10-07T04:52:45.982+0530] {dag.py:2915} INFO - Sync 1 DAGs
[2023-10-07T04:52:45.992+0530] {logging_mixin.py:151} INFO - [2023-10-07T04:52:45.991+0530] {dag.py:3696} INFO - Setting next_dagrun for example_dag_decorator to None, run_after=None
[2023-10-07T04:52:46.021+0530] {processor.py:179} INFO - Processing /home/raj/Downloads/kafka_2.13-3.5.1/airflow-env/lib64/python3.11/site-packages/airflow/example_dags/example_dag_decorator.py took 0.165 seconds
[2023-10-07T04:53:34.745+0530] {processor.py:157} INFO - Started process (PID=11911) to work on /home/raj/Downloads/kafka_2.13-3.5.1/airflow-env/lib64/python3.11/site-packages/airflow/example_dags/example_dag_decorator.py
[2023-10-07T04:53:34.756+0530] {processor.py:829} INFO - Processing file /home/raj/Downloads/kafka_2.13-3.5.1/airflow-env/lib64/python3.11/site-packages/airflow/example_dags/example_dag_decorator.py for tasks to queue
[2023-10-07T04:53:34.757+0530] {logging_mixin.py:151} INFO - [2023-10-07T04:53:34.757+0530] {dagbag.py:539} INFO - Filling up the DagBag from /home/raj/Downloads/kafka_2.13-3.5.1/airflow-env/lib64/python3.11/site-packages/airflow/example_dags/example_dag_decorator.py
[2023-10-07T04:53:34.770+0530] {processor.py:839} INFO - DAG(s) dict_keys(['example_dag_decorator']) retrieved from /home/raj/Downloads/kafka_2.13-3.5.1/airflow-env/lib64/python3.11/site-packages/airflow/example_dags/example_dag_decorator.py
[2023-10-07T04:53:34.852+0530] {logging_mixin.py:151} INFO - [2023-10-07T04:53:34.851+0530] {security.py:708} INFO - Not syncing DAG-level permissions for DAG 'DAG:example_dag_decorator' as access control is unset.
[2023-10-07T04:53:34.852+0530] {logging_mixin.py:151} INFO - [2023-10-07T04:53:34.852+0530] {dag.py:2915} INFO - Sync 1 DAGs
[2023-10-07T04:53:34.861+0530] {logging_mixin.py:151} INFO - [2023-10-07T04:53:34.861+0530] {dag.py:3696} INFO - Setting next_dagrun for example_dag_decorator to None, run_after=None
[2023-10-07T04:53:34.895+0530] {processor.py:179} INFO - Processing /home/raj/Downloads/kafka_2.13-3.5.1/airflow-env/lib64/python3.11/site-packages/airflow/example_dags/example_dag_decorator.py took 0.153 seconds
[2023-10-07T04:54:20.612+0530] {processor.py:157} INFO - Started process (PID=11986) to work on /home/raj/Downloads/kafka_2.13-3.5.1/airflow-env/lib64/python3.11/site-packages/airflow/example_dags/example_dag_decorator.py
[2023-10-07T04:54:20.623+0530] {processor.py:829} INFO - Processing file /home/raj/Downloads/kafka_2.13-3.5.1/airflow-env/lib64/python3.11/site-packages/airflow/example_dags/example_dag_decorator.py for tasks to queue
[2023-10-07T04:54:20.625+0530] {logging_mixin.py:151} INFO - [2023-10-07T04:54:20.624+0530] {dagbag.py:539} INFO - Filling up the DagBag from /home/raj/Downloads/kafka_2.13-3.5.1/airflow-env/lib64/python3.11/site-packages/airflow/example_dags/example_dag_decorator.py
[2023-10-07T04:54:20.642+0530] {processor.py:839} INFO - DAG(s) dict_keys(['example_dag_decorator']) retrieved from /home/raj/Downloads/kafka_2.13-3.5.1/airflow-env/lib64/python3.11/site-packages/airflow/example_dags/example_dag_decorator.py
[2023-10-07T04:54:20.718+0530] {logging_mixin.py:151} INFO - [2023-10-07T04:54:20.718+0530] {security.py:708} INFO - Not syncing DAG-level permissions for DAG 'DAG:example_dag_decorator' as access control is unset.
[2023-10-07T04:54:20.718+0530] {logging_mixin.py:151} INFO - [2023-10-07T04:54:20.718+0530] {dag.py:2915} INFO - Sync 1 DAGs
[2023-10-07T04:54:20.728+0530] {logging_mixin.py:151} INFO - [2023-10-07T04:54:20.727+0530] {dag.py:3696} INFO - Setting next_dagrun for example_dag_decorator to None, run_after=None
[2023-10-07T04:54:20.758+0530] {processor.py:179} INFO - Processing /home/raj/Downloads/kafka_2.13-3.5.1/airflow-env/lib64/python3.11/site-packages/airflow/example_dags/example_dag_decorator.py took 0.152 seconds
[2023-10-07T04:56:01.570+0530] {processor.py:157} INFO - Started process (PID=12233) to work on /home/raj/Downloads/kafka_2.13-3.5.1/airflow-env/lib64/python3.11/site-packages/airflow/example_dags/example_dag_decorator.py
[2023-10-07T04:56:01.582+0530] {processor.py:829} INFO - Processing file /home/raj/Downloads/kafka_2.13-3.5.1/airflow-env/lib64/python3.11/site-packages/airflow/example_dags/example_dag_decorator.py for tasks to queue
[2023-10-07T04:56:01.583+0530] {logging_mixin.py:151} INFO - [2023-10-07T04:56:01.582+0530] {dagbag.py:539} INFO - Filling up the DagBag from /home/raj/Downloads/kafka_2.13-3.5.1/airflow-env/lib64/python3.11/site-packages/airflow/example_dags/example_dag_decorator.py
[2023-10-07T04:56:01.605+0530] {processor.py:839} INFO - DAG(s) dict_keys(['example_dag_decorator']) retrieved from /home/raj/Downloads/kafka_2.13-3.5.1/airflow-env/lib64/python3.11/site-packages/airflow/example_dags/example_dag_decorator.py
[2023-10-07T04:56:01.710+0530] {logging_mixin.py:151} INFO - [2023-10-07T04:56:01.709+0530] {security.py:708} INFO - Not syncing DAG-level permissions for DAG 'DAG:example_dag_decorator' as access control is unset.
[2023-10-07T04:56:01.710+0530] {logging_mixin.py:151} INFO - [2023-10-07T04:56:01.710+0530] {dag.py:2915} INFO - Sync 1 DAGs
[2023-10-07T04:56:01.719+0530] {logging_mixin.py:151} INFO - [2023-10-07T04:56:01.719+0530] {dag.py:3696} INFO - Setting next_dagrun for example_dag_decorator to None, run_after=None
[2023-10-07T04:56:01.749+0530] {processor.py:179} INFO - Processing /home/raj/Downloads/kafka_2.13-3.5.1/airflow-env/lib64/python3.11/site-packages/airflow/example_dags/example_dag_decorator.py took 0.185 seconds
[2023-10-07T04:56:52.288+0530] {processor.py:157} INFO - Started process (PID=12311) to work on /home/raj/Downloads/kafka_2.13-3.5.1/airflow-env/lib64/python3.11/site-packages/airflow/example_dags/example_dag_decorator.py
[2023-10-07T04:56:52.299+0530] {processor.py:829} INFO - Processing file /home/raj/Downloads/kafka_2.13-3.5.1/airflow-env/lib64/python3.11/site-packages/airflow/example_dags/example_dag_decorator.py for tasks to queue
[2023-10-07T04:56:52.300+0530] {logging_mixin.py:151} INFO - [2023-10-07T04:56:52.299+0530] {dagbag.py:539} INFO - Filling up the DagBag from /home/raj/Downloads/kafka_2.13-3.5.1/airflow-env/lib64/python3.11/site-packages/airflow/example_dags/example_dag_decorator.py
[2023-10-07T04:56:52.311+0530] {processor.py:839} INFO - DAG(s) dict_keys(['example_dag_decorator']) retrieved from /home/raj/Downloads/kafka_2.13-3.5.1/airflow-env/lib64/python3.11/site-packages/airflow/example_dags/example_dag_decorator.py
[2023-10-07T04:56:52.411+0530] {logging_mixin.py:151} INFO - [2023-10-07T04:56:52.410+0530] {security.py:708} INFO - Not syncing DAG-level permissions for DAG 'DAG:example_dag_decorator' as access control is unset.
[2023-10-07T04:56:52.411+0530] {logging_mixin.py:151} INFO - [2023-10-07T04:56:52.411+0530] {dag.py:2915} INFO - Sync 1 DAGs
[2023-10-07T04:56:52.422+0530] {logging_mixin.py:151} INFO - [2023-10-07T04:56:52.422+0530] {dag.py:3696} INFO - Setting next_dagrun for example_dag_decorator to None, run_after=None
[2023-10-07T04:56:52.457+0530] {processor.py:179} INFO - Processing /home/raj/Downloads/kafka_2.13-3.5.1/airflow-env/lib64/python3.11/site-packages/airflow/example_dags/example_dag_decorator.py took 0.171 seconds
[2023-10-07T04:57:40.826+0530] {processor.py:157} INFO - Started process (PID=12466) to work on /home/raj/Downloads/kafka_2.13-3.5.1/airflow-env/lib64/python3.11/site-packages/airflow/example_dags/example_dag_decorator.py
[2023-10-07T04:57:40.837+0530] {processor.py:829} INFO - Processing file /home/raj/Downloads/kafka_2.13-3.5.1/airflow-env/lib64/python3.11/site-packages/airflow/example_dags/example_dag_decorator.py for tasks to queue
[2023-10-07T04:57:40.839+0530] {logging_mixin.py:151} INFO - [2023-10-07T04:57:40.838+0530] {dagbag.py:539} INFO - Filling up the DagBag from /home/raj/Downloads/kafka_2.13-3.5.1/airflow-env/lib64/python3.11/site-packages/airflow/example_dags/example_dag_decorator.py
[2023-10-07T04:57:40.862+0530] {processor.py:839} INFO - DAG(s) dict_keys(['example_dag_decorator']) retrieved from /home/raj/Downloads/kafka_2.13-3.5.1/airflow-env/lib64/python3.11/site-packages/airflow/example_dags/example_dag_decorator.py
[2023-10-07T04:57:40.956+0530] {logging_mixin.py:151} INFO - [2023-10-07T04:57:40.956+0530] {security.py:708} INFO - Not syncing DAG-level permissions for DAG 'DAG:example_dag_decorator' as access control is unset.
[2023-10-07T04:57:40.957+0530] {logging_mixin.py:151} INFO - [2023-10-07T04:57:40.956+0530] {dag.py:2915} INFO - Sync 1 DAGs
[2023-10-07T04:57:40.965+0530] {logging_mixin.py:151} INFO - [2023-10-07T04:57:40.965+0530] {dag.py:3696} INFO - Setting next_dagrun for example_dag_decorator to None, run_after=None
[2023-10-07T04:57:40.996+0530] {processor.py:179} INFO - Processing /home/raj/Downloads/kafka_2.13-3.5.1/airflow-env/lib64/python3.11/site-packages/airflow/example_dags/example_dag_decorator.py took 0.175 seconds
[2023-10-07T04:58:34.038+0530] {processor.py:157} INFO - Started process (PID=12539) to work on /home/raj/Downloads/kafka_2.13-3.5.1/airflow-env/lib64/python3.11/site-packages/airflow/example_dags/example_dag_decorator.py
[2023-10-07T04:58:34.049+0530] {processor.py:829} INFO - Processing file /home/raj/Downloads/kafka_2.13-3.5.1/airflow-env/lib64/python3.11/site-packages/airflow/example_dags/example_dag_decorator.py for tasks to queue
[2023-10-07T04:58:34.050+0530] {logging_mixin.py:151} INFO - [2023-10-07T04:58:34.050+0530] {dagbag.py:539} INFO - Filling up the DagBag from /home/raj/Downloads/kafka_2.13-3.5.1/airflow-env/lib64/python3.11/site-packages/airflow/example_dags/example_dag_decorator.py
[2023-10-07T04:58:34.065+0530] {processor.py:839} INFO - DAG(s) dict_keys(['example_dag_decorator']) retrieved from /home/raj/Downloads/kafka_2.13-3.5.1/airflow-env/lib64/python3.11/site-packages/airflow/example_dags/example_dag_decorator.py
[2023-10-07T04:58:34.153+0530] {logging_mixin.py:151} INFO - [2023-10-07T04:58:34.153+0530] {security.py:708} INFO - Not syncing DAG-level permissions for DAG 'DAG:example_dag_decorator' as access control is unset.
[2023-10-07T04:58:34.153+0530] {logging_mixin.py:151} INFO - [2023-10-07T04:58:34.153+0530] {dag.py:2915} INFO - Sync 1 DAGs
[2023-10-07T04:58:34.162+0530] {logging_mixin.py:151} INFO - [2023-10-07T04:58:34.162+0530] {dag.py:3696} INFO - Setting next_dagrun for example_dag_decorator to None, run_after=None
[2023-10-07T04:58:34.194+0530] {processor.py:179} INFO - Processing /home/raj/Downloads/kafka_2.13-3.5.1/airflow-env/lib64/python3.11/site-packages/airflow/example_dags/example_dag_decorator.py took 0.161 seconds
