[2023-10-07T04:00:12.662+0530] {processor.py:157} INFO - Started process (PID=18120) to work on /home/raj/Downloads/kafka_2.13-3.5.1/airflow-env/lib64/python3.11/site-packages/airflow/example_dags/example_dynamic_task_mapping_with_no_taskflow_operators.py
[2023-10-07T04:00:12.664+0530] {processor.py:829} INFO - Processing file /home/raj/Downloads/kafka_2.13-3.5.1/airflow-env/lib64/python3.11/site-packages/airflow/example_dags/example_dynamic_task_mapping_with_no_taskflow_operators.py for tasks to queue
[2023-10-07T04:00:12.665+0530] {logging_mixin.py:151} INFO - [2023-10-07T04:00:12.664+0530] {dagbag.py:539} INFO - Filling up the DagBag from /home/raj/Downloads/kafka_2.13-3.5.1/airflow-env/lib64/python3.11/site-packages/airflow/example_dags/example_dynamic_task_mapping_with_no_taskflow_operators.py
[2023-10-07T04:00:12.674+0530] {processor.py:839} INFO - DAG(s) dict_keys(['example_dynamic_task_mapping_with_no_taskflow_operators']) retrieved from /home/raj/Downloads/kafka_2.13-3.5.1/airflow-env/lib64/python3.11/site-packages/airflow/example_dags/example_dynamic_task_mapping_with_no_taskflow_operators.py
[2023-10-07T04:00:12.796+0530] {logging_mixin.py:151} INFO - [2023-10-07T04:00:12.795+0530] {manager.py:499} INFO - Created Permission View: %s
[2023-10-07T04:00:12.808+0530] {logging_mixin.py:151} INFO - [2023-10-07T04:00:12.808+0530] {manager.py:499} INFO - Created Permission View: %s
[2023-10-07T04:00:12.818+0530] {logging_mixin.py:151} INFO - [2023-10-07T04:00:12.818+0530] {manager.py:499} INFO - Created Permission View: %s
[2023-10-07T04:00:12.818+0530] {logging_mixin.py:151} INFO - [2023-10-07T04:00:12.818+0530] {security.py:708} INFO - Not syncing DAG-level permissions for DAG 'DAG:example_dynamic_task_mapping_with_no_taskflow_operators' as access control is unset.
[2023-10-07T04:00:12.818+0530] {logging_mixin.py:151} INFO - [2023-10-07T04:00:12.818+0530] {dag.py:2915} INFO - Sync 1 DAGs
[2023-10-07T04:00:12.829+0530] {logging_mixin.py:151} INFO - [2023-10-07T04:00:12.829+0530] {dag.py:2937} INFO - Creating ORM DAG for example_dynamic_task_mapping_with_no_taskflow_operators
[2023-10-07T04:00:12.839+0530] {logging_mixin.py:151} INFO - [2023-10-07T04:00:12.839+0530] {dag.py:3696} INFO - Setting next_dagrun for example_dynamic_task_mapping_with_no_taskflow_operators to 2023-10-05T22:30:12.838818+00:00, run_after=2023-10-06T22:30:12.838818+00:00
[2023-10-07T04:00:12.860+0530] {processor.py:179} INFO - Processing /home/raj/Downloads/kafka_2.13-3.5.1/airflow-env/lib64/python3.11/site-packages/airflow/example_dags/example_dynamic_task_mapping_with_no_taskflow_operators.py took 0.201 seconds
[2023-10-07T04:01:07.423+0530] {processor.py:157} INFO - Started process (PID=18266) to work on /home/raj/Downloads/kafka_2.13-3.5.1/airflow-env/lib64/python3.11/site-packages/airflow/example_dags/example_dynamic_task_mapping_with_no_taskflow_operators.py
[2023-10-07T04:01:07.425+0530] {processor.py:829} INFO - Processing file /home/raj/Downloads/kafka_2.13-3.5.1/airflow-env/lib64/python3.11/site-packages/airflow/example_dags/example_dynamic_task_mapping_with_no_taskflow_operators.py for tasks to queue
[2023-10-07T04:01:07.426+0530] {logging_mixin.py:151} INFO - [2023-10-07T04:01:07.425+0530] {dagbag.py:539} INFO - Filling up the DagBag from /home/raj/Downloads/kafka_2.13-3.5.1/airflow-env/lib64/python3.11/site-packages/airflow/example_dags/example_dynamic_task_mapping_with_no_taskflow_operators.py
[2023-10-07T04:01:07.442+0530] {processor.py:839} INFO - DAG(s) dict_keys(['example_dynamic_task_mapping_with_no_taskflow_operators']) retrieved from /home/raj/Downloads/kafka_2.13-3.5.1/airflow-env/lib64/python3.11/site-packages/airflow/example_dags/example_dynamic_task_mapping_with_no_taskflow_operators.py
[2023-10-07T04:01:07.462+0530] {logging_mixin.py:151} INFO - [2023-10-07T04:01:07.462+0530] {dag.py:2915} INFO - Sync 1 DAGs
[2023-10-07T04:01:07.479+0530] {logging_mixin.py:151} INFO - [2023-10-07T04:01:07.478+0530] {dag.py:3696} INFO - Setting next_dagrun for example_dynamic_task_mapping_with_no_taskflow_operators to 2023-10-05T22:31:07.478720+00:00, run_after=2023-10-06T22:31:07.478720+00:00
[2023-10-07T04:01:07.508+0530] {processor.py:179} INFO - Processing /home/raj/Downloads/kafka_2.13-3.5.1/airflow-env/lib64/python3.11/site-packages/airflow/example_dags/example_dynamic_task_mapping_with_no_taskflow_operators.py took 0.090 seconds
[2023-10-07T04:01:57.694+0530] {processor.py:157} INFO - Started process (PID=18357) to work on /home/raj/Downloads/kafka_2.13-3.5.1/airflow-env/lib64/python3.11/site-packages/airflow/example_dags/example_dynamic_task_mapping_with_no_taskflow_operators.py
[2023-10-07T04:01:57.705+0530] {processor.py:829} INFO - Processing file /home/raj/Downloads/kafka_2.13-3.5.1/airflow-env/lib64/python3.11/site-packages/airflow/example_dags/example_dynamic_task_mapping_with_no_taskflow_operators.py for tasks to queue
[2023-10-07T04:01:57.707+0530] {logging_mixin.py:151} INFO - [2023-10-07T04:01:57.706+0530] {dagbag.py:539} INFO - Filling up the DagBag from /home/raj/Downloads/kafka_2.13-3.5.1/airflow-env/lib64/python3.11/site-packages/airflow/example_dags/example_dynamic_task_mapping_with_no_taskflow_operators.py
[2023-10-07T04:01:57.721+0530] {processor.py:839} INFO - DAG(s) dict_keys(['example_dynamic_task_mapping_with_no_taskflow_operators']) retrieved from /home/raj/Downloads/kafka_2.13-3.5.1/airflow-env/lib64/python3.11/site-packages/airflow/example_dags/example_dynamic_task_mapping_with_no_taskflow_operators.py
[2023-10-07T04:01:57.751+0530] {logging_mixin.py:151} INFO - [2023-10-07T04:01:57.750+0530] {dag.py:2915} INFO - Sync 1 DAGs
[2023-10-07T04:01:57.767+0530] {logging_mixin.py:151} INFO - [2023-10-07T04:01:57.766+0530] {dag.py:3696} INFO - Setting next_dagrun for example_dynamic_task_mapping_with_no_taskflow_operators to 2023-10-05T22:31:57.766649+00:00, run_after=2023-10-06T22:31:57.766649+00:00
[2023-10-07T04:01:57.786+0530] {processor.py:179} INFO - Processing /home/raj/Downloads/kafka_2.13-3.5.1/airflow-env/lib64/python3.11/site-packages/airflow/example_dags/example_dynamic_task_mapping_with_no_taskflow_operators.py took 0.098 seconds
[2023-10-07T04:02:51.355+0530] {processor.py:157} INFO - Started process (PID=18492) to work on /home/raj/Downloads/kafka_2.13-3.5.1/airflow-env/lib64/python3.11/site-packages/airflow/example_dags/example_dynamic_task_mapping_with_no_taskflow_operators.py
[2023-10-07T04:02:51.366+0530] {processor.py:829} INFO - Processing file /home/raj/Downloads/kafka_2.13-3.5.1/airflow-env/lib64/python3.11/site-packages/airflow/example_dags/example_dynamic_task_mapping_with_no_taskflow_operators.py for tasks to queue
[2023-10-07T04:02:51.367+0530] {logging_mixin.py:151} INFO - [2023-10-07T04:02:51.367+0530] {dagbag.py:539} INFO - Filling up the DagBag from /home/raj/Downloads/kafka_2.13-3.5.1/airflow-env/lib64/python3.11/site-packages/airflow/example_dags/example_dynamic_task_mapping_with_no_taskflow_operators.py
[2023-10-07T04:02:51.382+0530] {processor.py:839} INFO - DAG(s) dict_keys(['example_dynamic_task_mapping_with_no_taskflow_operators']) retrieved from /home/raj/Downloads/kafka_2.13-3.5.1/airflow-env/lib64/python3.11/site-packages/airflow/example_dags/example_dynamic_task_mapping_with_no_taskflow_operators.py
[2023-10-07T04:02:51.400+0530] {logging_mixin.py:151} INFO - [2023-10-07T04:02:51.400+0530] {dag.py:2915} INFO - Sync 1 DAGs
[2023-10-07T04:02:51.419+0530] {logging_mixin.py:151} INFO - [2023-10-07T04:02:51.419+0530] {dag.py:3696} INFO - Setting next_dagrun for example_dynamic_task_mapping_with_no_taskflow_operators to 2023-10-05T22:32:51.418928+00:00, run_after=2023-10-06T22:32:51.418928+00:00
[2023-10-07T04:02:51.445+0530] {processor.py:179} INFO - Processing /home/raj/Downloads/kafka_2.13-3.5.1/airflow-env/lib64/python3.11/site-packages/airflow/example_dags/example_dynamic_task_mapping_with_no_taskflow_operators.py took 0.092 seconds
[2023-10-07T04:03:40.303+0530] {processor.py:157} INFO - Started process (PID=18675) to work on /home/raj/Downloads/kafka_2.13-3.5.1/airflow-env/lib64/python3.11/site-packages/airflow/example_dags/example_dynamic_task_mapping_with_no_taskflow_operators.py
[2023-10-07T04:03:40.314+0530] {processor.py:829} INFO - Processing file /home/raj/Downloads/kafka_2.13-3.5.1/airflow-env/lib64/python3.11/site-packages/airflow/example_dags/example_dynamic_task_mapping_with_no_taskflow_operators.py for tasks to queue
[2023-10-07T04:03:40.316+0530] {logging_mixin.py:151} INFO - [2023-10-07T04:03:40.315+0530] {dagbag.py:539} INFO - Filling up the DagBag from /home/raj/Downloads/kafka_2.13-3.5.1/airflow-env/lib64/python3.11/site-packages/airflow/example_dags/example_dynamic_task_mapping_with_no_taskflow_operators.py
[2023-10-07T04:03:40.330+0530] {processor.py:839} INFO - DAG(s) dict_keys(['example_dynamic_task_mapping_with_no_taskflow_operators']) retrieved from /home/raj/Downloads/kafka_2.13-3.5.1/airflow-env/lib64/python3.11/site-packages/airflow/example_dags/example_dynamic_task_mapping_with_no_taskflow_operators.py
[2023-10-07T04:03:40.358+0530] {logging_mixin.py:151} INFO - [2023-10-07T04:03:40.358+0530] {dag.py:2915} INFO - Sync 1 DAGs
[2023-10-07T04:03:40.375+0530] {logging_mixin.py:151} INFO - [2023-10-07T04:03:40.375+0530] {dag.py:3696} INFO - Setting next_dagrun for example_dynamic_task_mapping_with_no_taskflow_operators to 2023-10-05T22:33:40.375413+00:00, run_after=2023-10-06T22:33:40.375413+00:00
[2023-10-07T04:03:40.393+0530] {processor.py:179} INFO - Processing /home/raj/Downloads/kafka_2.13-3.5.1/airflow-env/lib64/python3.11/site-packages/airflow/example_dags/example_dynamic_task_mapping_with_no_taskflow_operators.py took 0.095 seconds
[2023-10-07T04:04:28.614+0530] {processor.py:157} INFO - Started process (PID=18745) to work on /home/raj/Downloads/kafka_2.13-3.5.1/airflow-env/lib64/python3.11/site-packages/airflow/example_dags/example_dynamic_task_mapping_with_no_taskflow_operators.py
[2023-10-07T04:04:28.625+0530] {processor.py:829} INFO - Processing file /home/raj/Downloads/kafka_2.13-3.5.1/airflow-env/lib64/python3.11/site-packages/airflow/example_dags/example_dynamic_task_mapping_with_no_taskflow_operators.py for tasks to queue
[2023-10-07T04:04:28.627+0530] {logging_mixin.py:151} INFO - [2023-10-07T04:04:28.626+0530] {dagbag.py:539} INFO - Filling up the DagBag from /home/raj/Downloads/kafka_2.13-3.5.1/airflow-env/lib64/python3.11/site-packages/airflow/example_dags/example_dynamic_task_mapping_with_no_taskflow_operators.py
[2023-10-07T04:04:28.641+0530] {processor.py:839} INFO - DAG(s) dict_keys(['example_dynamic_task_mapping_with_no_taskflow_operators']) retrieved from /home/raj/Downloads/kafka_2.13-3.5.1/airflow-env/lib64/python3.11/site-packages/airflow/example_dags/example_dynamic_task_mapping_with_no_taskflow_operators.py
[2023-10-07T04:04:28.669+0530] {logging_mixin.py:151} INFO - [2023-10-07T04:04:28.669+0530] {dag.py:2915} INFO - Sync 1 DAGs
[2023-10-07T04:04:28.685+0530] {logging_mixin.py:151} INFO - [2023-10-07T04:04:28.685+0530] {dag.py:3696} INFO - Setting next_dagrun for example_dynamic_task_mapping_with_no_taskflow_operators to 2023-10-05T22:34:28.685516+00:00, run_after=2023-10-06T22:34:28.685516+00:00
[2023-10-07T04:04:28.703+0530] {processor.py:179} INFO - Processing /home/raj/Downloads/kafka_2.13-3.5.1/airflow-env/lib64/python3.11/site-packages/airflow/example_dags/example_dynamic_task_mapping_with_no_taskflow_operators.py took 0.095 seconds
[2023-10-07T04:05:20.094+0530] {processor.py:157} INFO - Started process (PID=18960) to work on /home/raj/Downloads/kafka_2.13-3.5.1/airflow-env/lib64/python3.11/site-packages/airflow/example_dags/example_dynamic_task_mapping_with_no_taskflow_operators.py
[2023-10-07T04:05:20.105+0530] {processor.py:829} INFO - Processing file /home/raj/Downloads/kafka_2.13-3.5.1/airflow-env/lib64/python3.11/site-packages/airflow/example_dags/example_dynamic_task_mapping_with_no_taskflow_operators.py for tasks to queue
[2023-10-07T04:05:20.107+0530] {logging_mixin.py:151} INFO - [2023-10-07T04:05:20.106+0530] {dagbag.py:539} INFO - Filling up the DagBag from /home/raj/Downloads/kafka_2.13-3.5.1/airflow-env/lib64/python3.11/site-packages/airflow/example_dags/example_dynamic_task_mapping_with_no_taskflow_operators.py
[2023-10-07T04:05:20.123+0530] {processor.py:839} INFO - DAG(s) dict_keys(['example_dynamic_task_mapping_with_no_taskflow_operators']) retrieved from /home/raj/Downloads/kafka_2.13-3.5.1/airflow-env/lib64/python3.11/site-packages/airflow/example_dags/example_dynamic_task_mapping_with_no_taskflow_operators.py
[2023-10-07T04:05:20.152+0530] {logging_mixin.py:151} INFO - [2023-10-07T04:05:20.151+0530] {dag.py:2915} INFO - Sync 1 DAGs
[2023-10-07T04:05:20.170+0530] {logging_mixin.py:151} INFO - [2023-10-07T04:05:20.170+0530] {dag.py:3696} INFO - Setting next_dagrun for example_dynamic_task_mapping_with_no_taskflow_operators to 2023-10-05T22:35:20.170136+00:00, run_after=2023-10-06T22:35:20.170136+00:00
[2023-10-07T04:05:20.191+0530] {processor.py:179} INFO - Processing /home/raj/Downloads/kafka_2.13-3.5.1/airflow-env/lib64/python3.11/site-packages/airflow/example_dags/example_dynamic_task_mapping_with_no_taskflow_operators.py took 0.102 seconds
[2023-10-07T04:06:11.533+0530] {processor.py:157} INFO - Started process (PID=19030) to work on /home/raj/Downloads/kafka_2.13-3.5.1/airflow-env/lib64/python3.11/site-packages/airflow/example_dags/example_dynamic_task_mapping_with_no_taskflow_operators.py
[2023-10-07T04:06:11.545+0530] {processor.py:829} INFO - Processing file /home/raj/Downloads/kafka_2.13-3.5.1/airflow-env/lib64/python3.11/site-packages/airflow/example_dags/example_dynamic_task_mapping_with_no_taskflow_operators.py for tasks to queue
[2023-10-07T04:06:11.546+0530] {logging_mixin.py:151} INFO - [2023-10-07T04:06:11.546+0530] {dagbag.py:539} INFO - Filling up the DagBag from /home/raj/Downloads/kafka_2.13-3.5.1/airflow-env/lib64/python3.11/site-packages/airflow/example_dags/example_dynamic_task_mapping_with_no_taskflow_operators.py
[2023-10-07T04:06:11.561+0530] {processor.py:839} INFO - DAG(s) dict_keys(['example_dynamic_task_mapping_with_no_taskflow_operators']) retrieved from /home/raj/Downloads/kafka_2.13-3.5.1/airflow-env/lib64/python3.11/site-packages/airflow/example_dags/example_dynamic_task_mapping_with_no_taskflow_operators.py
[2023-10-07T04:06:11.590+0530] {logging_mixin.py:151} INFO - [2023-10-07T04:06:11.589+0530] {dag.py:2915} INFO - Sync 1 DAGs
[2023-10-07T04:06:11.606+0530] {logging_mixin.py:151} INFO - [2023-10-07T04:06:11.606+0530] {dag.py:3696} INFO - Setting next_dagrun for example_dynamic_task_mapping_with_no_taskflow_operators to 2023-10-05T22:36:11.606519+00:00, run_after=2023-10-06T22:36:11.606519+00:00
[2023-10-07T04:06:11.627+0530] {processor.py:179} INFO - Processing /home/raj/Downloads/kafka_2.13-3.5.1/airflow-env/lib64/python3.11/site-packages/airflow/example_dags/example_dynamic_task_mapping_with_no_taskflow_operators.py took 0.098 seconds
[2023-10-07T04:07:07.785+0530] {processor.py:157} INFO - Started process (PID=19181) to work on /home/raj/Downloads/kafka_2.13-3.5.1/airflow-env/lib64/python3.11/site-packages/airflow/example_dags/example_dynamic_task_mapping_with_no_taskflow_operators.py
[2023-10-07T04:07:07.796+0530] {processor.py:829} INFO - Processing file /home/raj/Downloads/kafka_2.13-3.5.1/airflow-env/lib64/python3.11/site-packages/airflow/example_dags/example_dynamic_task_mapping_with_no_taskflow_operators.py for tasks to queue
[2023-10-07T04:07:07.797+0530] {logging_mixin.py:151} INFO - [2023-10-07T04:07:07.797+0530] {dagbag.py:539} INFO - Filling up the DagBag from /home/raj/Downloads/kafka_2.13-3.5.1/airflow-env/lib64/python3.11/site-packages/airflow/example_dags/example_dynamic_task_mapping_with_no_taskflow_operators.py
[2023-10-07T04:07:07.804+0530] {processor.py:839} INFO - DAG(s) dict_keys(['example_dynamic_task_mapping_with_no_taskflow_operators']) retrieved from /home/raj/Downloads/kafka_2.13-3.5.1/airflow-env/lib64/python3.11/site-packages/airflow/example_dags/example_dynamic_task_mapping_with_no_taskflow_operators.py
[2023-10-07T04:07:07.822+0530] {logging_mixin.py:151} INFO - [2023-10-07T04:07:07.822+0530] {dag.py:2915} INFO - Sync 1 DAGs
[2023-10-07T04:07:07.840+0530] {logging_mixin.py:151} INFO - [2023-10-07T04:07:07.840+0530] {dag.py:3696} INFO - Setting next_dagrun for example_dynamic_task_mapping_with_no_taskflow_operators to 2023-10-05T22:37:07.840063+00:00, run_after=2023-10-06T22:37:07.840063+00:00
[2023-10-07T04:07:07.859+0530] {processor.py:179} INFO - Processing /home/raj/Downloads/kafka_2.13-3.5.1/airflow-env/lib64/python3.11/site-packages/airflow/example_dags/example_dynamic_task_mapping_with_no_taskflow_operators.py took 0.079 seconds
[2023-10-07T04:08:03.381+0530] {processor.py:157} INFO - Started process (PID=19236) to work on /home/raj/Downloads/kafka_2.13-3.5.1/airflow-env/lib64/python3.11/site-packages/airflow/example_dags/example_dynamic_task_mapping_with_no_taskflow_operators.py
[2023-10-07T04:08:03.392+0530] {processor.py:829} INFO - Processing file /home/raj/Downloads/kafka_2.13-3.5.1/airflow-env/lib64/python3.11/site-packages/airflow/example_dags/example_dynamic_task_mapping_with_no_taskflow_operators.py for tasks to queue
[2023-10-07T04:08:03.392+0530] {logging_mixin.py:151} INFO - [2023-10-07T04:08:03.392+0530] {dagbag.py:539} INFO - Filling up the DagBag from /home/raj/Downloads/kafka_2.13-3.5.1/airflow-env/lib64/python3.11/site-packages/airflow/example_dags/example_dynamic_task_mapping_with_no_taskflow_operators.py
[2023-10-07T04:08:03.401+0530] {processor.py:839} INFO - DAG(s) dict_keys(['example_dynamic_task_mapping_with_no_taskflow_operators']) retrieved from /home/raj/Downloads/kafka_2.13-3.5.1/airflow-env/lib64/python3.11/site-packages/airflow/example_dags/example_dynamic_task_mapping_with_no_taskflow_operators.py
[2023-10-07T04:08:03.417+0530] {logging_mixin.py:151} INFO - [2023-10-07T04:08:03.416+0530] {dag.py:2915} INFO - Sync 1 DAGs
[2023-10-07T04:08:03.437+0530] {logging_mixin.py:151} INFO - [2023-10-07T04:08:03.437+0530] {dag.py:3696} INFO - Setting next_dagrun for example_dynamic_task_mapping_with_no_taskflow_operators to 2023-10-05T22:38:03.437186+00:00, run_after=2023-10-06T22:38:03.437186+00:00
[2023-10-07T04:08:03.459+0530] {processor.py:179} INFO - Processing /home/raj/Downloads/kafka_2.13-3.5.1/airflow-env/lib64/python3.11/site-packages/airflow/example_dags/example_dynamic_task_mapping_with_no_taskflow_operators.py took 0.081 seconds
[2023-10-07T04:08:56.975+0530] {processor.py:157} INFO - Started process (PID=19292) to work on /home/raj/Downloads/kafka_2.13-3.5.1/airflow-env/lib64/python3.11/site-packages/airflow/example_dags/example_dynamic_task_mapping_with_no_taskflow_operators.py
[2023-10-07T04:08:56.986+0530] {processor.py:829} INFO - Processing file /home/raj/Downloads/kafka_2.13-3.5.1/airflow-env/lib64/python3.11/site-packages/airflow/example_dags/example_dynamic_task_mapping_with_no_taskflow_operators.py for tasks to queue
[2023-10-07T04:08:56.987+0530] {logging_mixin.py:151} INFO - [2023-10-07T04:08:56.987+0530] {dagbag.py:539} INFO - Filling up the DagBag from /home/raj/Downloads/kafka_2.13-3.5.1/airflow-env/lib64/python3.11/site-packages/airflow/example_dags/example_dynamic_task_mapping_with_no_taskflow_operators.py
[2023-10-07T04:08:56.996+0530] {processor.py:839} INFO - DAG(s) dict_keys(['example_dynamic_task_mapping_with_no_taskflow_operators']) retrieved from /home/raj/Downloads/kafka_2.13-3.5.1/airflow-env/lib64/python3.11/site-packages/airflow/example_dags/example_dynamic_task_mapping_with_no_taskflow_operators.py
[2023-10-07T04:08:57.019+0530] {logging_mixin.py:151} INFO - [2023-10-07T04:08:57.019+0530] {dag.py:2915} INFO - Sync 1 DAGs
[2023-10-07T04:08:57.046+0530] {logging_mixin.py:151} INFO - [2023-10-07T04:08:57.046+0530] {dag.py:3696} INFO - Setting next_dagrun for example_dynamic_task_mapping_with_no_taskflow_operators to 2023-10-05T22:38:57.046310+00:00, run_after=2023-10-06T22:38:57.046310+00:00
[2023-10-07T04:08:57.073+0530] {processor.py:179} INFO - Processing /home/raj/Downloads/kafka_2.13-3.5.1/airflow-env/lib64/python3.11/site-packages/airflow/example_dags/example_dynamic_task_mapping_with_no_taskflow_operators.py took 0.101 seconds
[2023-10-07T04:09:48.992+0530] {processor.py:157} INFO - Started process (PID=19347) to work on /home/raj/Downloads/kafka_2.13-3.5.1/airflow-env/lib64/python3.11/site-packages/airflow/example_dags/example_dynamic_task_mapping_with_no_taskflow_operators.py
[2023-10-07T04:09:49.004+0530] {processor.py:829} INFO - Processing file /home/raj/Downloads/kafka_2.13-3.5.1/airflow-env/lib64/python3.11/site-packages/airflow/example_dags/example_dynamic_task_mapping_with_no_taskflow_operators.py for tasks to queue
[2023-10-07T04:09:49.005+0530] {logging_mixin.py:151} INFO - [2023-10-07T04:09:49.005+0530] {dagbag.py:539} INFO - Filling up the DagBag from /home/raj/Downloads/kafka_2.13-3.5.1/airflow-env/lib64/python3.11/site-packages/airflow/example_dags/example_dynamic_task_mapping_with_no_taskflow_operators.py
[2023-10-07T04:09:49.020+0530] {processor.py:839} INFO - DAG(s) dict_keys(['example_dynamic_task_mapping_with_no_taskflow_operators']) retrieved from /home/raj/Downloads/kafka_2.13-3.5.1/airflow-env/lib64/python3.11/site-packages/airflow/example_dags/example_dynamic_task_mapping_with_no_taskflow_operators.py
[2023-10-07T04:09:49.035+0530] {logging_mixin.py:151} INFO - [2023-10-07T04:09:49.034+0530] {dag.py:2915} INFO - Sync 1 DAGs
[2023-10-07T04:09:49.051+0530] {logging_mixin.py:151} INFO - [2023-10-07T04:09:49.051+0530] {dag.py:3696} INFO - Setting next_dagrun for example_dynamic_task_mapping_with_no_taskflow_operators to 2023-10-05T22:39:49.051533+00:00, run_after=2023-10-06T22:39:49.051533+00:00
[2023-10-07T04:09:49.070+0530] {processor.py:179} INFO - Processing /home/raj/Downloads/kafka_2.13-3.5.1/airflow-env/lib64/python3.11/site-packages/airflow/example_dags/example_dynamic_task_mapping_with_no_taskflow_operators.py took 0.083 seconds
[2023-10-07T04:10:37.904+0530] {processor.py:157} INFO - Started process (PID=19409) to work on /home/raj/Downloads/kafka_2.13-3.5.1/airflow-env/lib64/python3.11/site-packages/airflow/example_dags/example_dynamic_task_mapping_with_no_taskflow_operators.py
[2023-10-07T04:10:37.916+0530] {processor.py:829} INFO - Processing file /home/raj/Downloads/kafka_2.13-3.5.1/airflow-env/lib64/python3.11/site-packages/airflow/example_dags/example_dynamic_task_mapping_with_no_taskflow_operators.py for tasks to queue
[2023-10-07T04:10:37.917+0530] {logging_mixin.py:151} INFO - [2023-10-07T04:10:37.917+0530] {dagbag.py:539} INFO - Filling up the DagBag from /home/raj/Downloads/kafka_2.13-3.5.1/airflow-env/lib64/python3.11/site-packages/airflow/example_dags/example_dynamic_task_mapping_with_no_taskflow_operators.py
[2023-10-07T04:10:37.930+0530] {processor.py:839} INFO - DAG(s) dict_keys(['example_dynamic_task_mapping_with_no_taskflow_operators']) retrieved from /home/raj/Downloads/kafka_2.13-3.5.1/airflow-env/lib64/python3.11/site-packages/airflow/example_dags/example_dynamic_task_mapping_with_no_taskflow_operators.py
[2023-10-07T04:10:37.943+0530] {logging_mixin.py:151} INFO - [2023-10-07T04:10:37.943+0530] {dag.py:2915} INFO - Sync 1 DAGs
[2023-10-07T04:10:37.960+0530] {logging_mixin.py:151} INFO - [2023-10-07T04:10:37.960+0530] {dag.py:3696} INFO - Setting next_dagrun for example_dynamic_task_mapping_with_no_taskflow_operators to 2023-10-05T22:40:37.960364+00:00, run_after=2023-10-06T22:40:37.960364+00:00
[2023-10-07T04:10:37.983+0530] {processor.py:179} INFO - Processing /home/raj/Downloads/kafka_2.13-3.5.1/airflow-env/lib64/python3.11/site-packages/airflow/example_dags/example_dynamic_task_mapping_with_no_taskflow_operators.py took 0.084 seconds
[2023-10-07T04:11:30.853+0530] {processor.py:157} INFO - Started process (PID=19473) to work on /home/raj/Downloads/kafka_2.13-3.5.1/airflow-env/lib64/python3.11/site-packages/airflow/example_dags/example_dynamic_task_mapping_with_no_taskflow_operators.py
[2023-10-07T04:11:30.865+0530] {processor.py:829} INFO - Processing file /home/raj/Downloads/kafka_2.13-3.5.1/airflow-env/lib64/python3.11/site-packages/airflow/example_dags/example_dynamic_task_mapping_with_no_taskflow_operators.py for tasks to queue
[2023-10-07T04:11:30.866+0530] {logging_mixin.py:151} INFO - [2023-10-07T04:11:30.866+0530] {dagbag.py:539} INFO - Filling up the DagBag from /home/raj/Downloads/kafka_2.13-3.5.1/airflow-env/lib64/python3.11/site-packages/airflow/example_dags/example_dynamic_task_mapping_with_no_taskflow_operators.py
[2023-10-07T04:11:30.881+0530] {processor.py:839} INFO - DAG(s) dict_keys(['example_dynamic_task_mapping_with_no_taskflow_operators']) retrieved from /home/raj/Downloads/kafka_2.13-3.5.1/airflow-env/lib64/python3.11/site-packages/airflow/example_dags/example_dynamic_task_mapping_with_no_taskflow_operators.py
[2023-10-07T04:11:30.910+0530] {logging_mixin.py:151} INFO - [2023-10-07T04:11:30.909+0530] {dag.py:2915} INFO - Sync 1 DAGs
[2023-10-07T04:11:30.925+0530] {logging_mixin.py:151} INFO - [2023-10-07T04:11:30.925+0530] {dag.py:3696} INFO - Setting next_dagrun for example_dynamic_task_mapping_with_no_taskflow_operators to 2023-10-05T22:41:30.925363+00:00, run_after=2023-10-06T22:41:30.925363+00:00
[2023-10-07T04:11:30.947+0530] {processor.py:179} INFO - Processing /home/raj/Downloads/kafka_2.13-3.5.1/airflow-env/lib64/python3.11/site-packages/airflow/example_dags/example_dynamic_task_mapping_with_no_taskflow_operators.py took 0.099 seconds
[2023-10-07T04:12:24.120+0530] {processor.py:157} INFO - Started process (PID=19549) to work on /home/raj/Downloads/kafka_2.13-3.5.1/airflow-env/lib64/python3.11/site-packages/airflow/example_dags/example_dynamic_task_mapping_with_no_taskflow_operators.py
[2023-10-07T04:12:24.131+0530] {processor.py:829} INFO - Processing file /home/raj/Downloads/kafka_2.13-3.5.1/airflow-env/lib64/python3.11/site-packages/airflow/example_dags/example_dynamic_task_mapping_with_no_taskflow_operators.py for tasks to queue
[2023-10-07T04:12:24.133+0530] {logging_mixin.py:151} INFO - [2023-10-07T04:12:24.132+0530] {dagbag.py:539} INFO - Filling up the DagBag from /home/raj/Downloads/kafka_2.13-3.5.1/airflow-env/lib64/python3.11/site-packages/airflow/example_dags/example_dynamic_task_mapping_with_no_taskflow_operators.py
[2023-10-07T04:12:24.145+0530] {processor.py:839} INFO - DAG(s) dict_keys(['example_dynamic_task_mapping_with_no_taskflow_operators']) retrieved from /home/raj/Downloads/kafka_2.13-3.5.1/airflow-env/lib64/python3.11/site-packages/airflow/example_dags/example_dynamic_task_mapping_with_no_taskflow_operators.py
[2023-10-07T04:12:24.157+0530] {logging_mixin.py:151} INFO - [2023-10-07T04:12:24.156+0530] {dag.py:2915} INFO - Sync 1 DAGs
[2023-10-07T04:12:24.172+0530] {logging_mixin.py:151} INFO - [2023-10-07T04:12:24.172+0530] {dag.py:3696} INFO - Setting next_dagrun for example_dynamic_task_mapping_with_no_taskflow_operators to 2023-10-05T22:42:24.172004+00:00, run_after=2023-10-06T22:42:24.172004+00:00
[2023-10-07T04:12:24.191+0530] {processor.py:179} INFO - Processing /home/raj/Downloads/kafka_2.13-3.5.1/airflow-env/lib64/python3.11/site-packages/airflow/example_dags/example_dynamic_task_mapping_with_no_taskflow_operators.py took 0.076 seconds
[2023-10-07T04:13:19.854+0530] {processor.py:157} INFO - Started process (PID=19604) to work on /home/raj/Downloads/kafka_2.13-3.5.1/airflow-env/lib64/python3.11/site-packages/airflow/example_dags/example_dynamic_task_mapping_with_no_taskflow_operators.py
[2023-10-07T04:13:19.865+0530] {processor.py:829} INFO - Processing file /home/raj/Downloads/kafka_2.13-3.5.1/airflow-env/lib64/python3.11/site-packages/airflow/example_dags/example_dynamic_task_mapping_with_no_taskflow_operators.py for tasks to queue
[2023-10-07T04:13:19.867+0530] {logging_mixin.py:151} INFO - [2023-10-07T04:13:19.866+0530] {dagbag.py:539} INFO - Filling up the DagBag from /home/raj/Downloads/kafka_2.13-3.5.1/airflow-env/lib64/python3.11/site-packages/airflow/example_dags/example_dynamic_task_mapping_with_no_taskflow_operators.py
[2023-10-07T04:13:19.874+0530] {processor.py:839} INFO - DAG(s) dict_keys(['example_dynamic_task_mapping_with_no_taskflow_operators']) retrieved from /home/raj/Downloads/kafka_2.13-3.5.1/airflow-env/lib64/python3.11/site-packages/airflow/example_dags/example_dynamic_task_mapping_with_no_taskflow_operators.py
[2023-10-07T04:13:19.888+0530] {logging_mixin.py:151} INFO - [2023-10-07T04:13:19.888+0530] {dag.py:2915} INFO - Sync 1 DAGs
[2023-10-07T04:13:19.907+0530] {logging_mixin.py:151} INFO - [2023-10-07T04:13:19.907+0530] {dag.py:3696} INFO - Setting next_dagrun for example_dynamic_task_mapping_with_no_taskflow_operators to 2023-10-05T22:43:19.907278+00:00, run_after=2023-10-06T22:43:19.907278+00:00
[2023-10-07T04:13:19.928+0530] {processor.py:179} INFO - Processing /home/raj/Downloads/kafka_2.13-3.5.1/airflow-env/lib64/python3.11/site-packages/airflow/example_dags/example_dynamic_task_mapping_with_no_taskflow_operators.py took 0.078 seconds
[2023-10-07T04:14:09.807+0530] {processor.py:157} INFO - Started process (PID=19657) to work on /home/raj/Downloads/kafka_2.13-3.5.1/airflow-env/lib64/python3.11/site-packages/airflow/example_dags/example_dynamic_task_mapping_with_no_taskflow_operators.py
[2023-10-07T04:14:09.818+0530] {processor.py:829} INFO - Processing file /home/raj/Downloads/kafka_2.13-3.5.1/airflow-env/lib64/python3.11/site-packages/airflow/example_dags/example_dynamic_task_mapping_with_no_taskflow_operators.py for tasks to queue
[2023-10-07T04:14:09.819+0530] {logging_mixin.py:151} INFO - [2023-10-07T04:14:09.819+0530] {dagbag.py:539} INFO - Filling up the DagBag from /home/raj/Downloads/kafka_2.13-3.5.1/airflow-env/lib64/python3.11/site-packages/airflow/example_dags/example_dynamic_task_mapping_with_no_taskflow_operators.py
[2023-10-07T04:14:09.836+0530] {processor.py:839} INFO - DAG(s) dict_keys(['example_dynamic_task_mapping_with_no_taskflow_operators']) retrieved from /home/raj/Downloads/kafka_2.13-3.5.1/airflow-env/lib64/python3.11/site-packages/airflow/example_dags/example_dynamic_task_mapping_with_no_taskflow_operators.py
[2023-10-07T04:14:09.864+0530] {logging_mixin.py:151} INFO - [2023-10-07T04:14:09.864+0530] {dag.py:2915} INFO - Sync 1 DAGs
[2023-10-07T04:14:09.880+0530] {logging_mixin.py:151} INFO - [2023-10-07T04:14:09.879+0530] {dag.py:3696} INFO - Setting next_dagrun for example_dynamic_task_mapping_with_no_taskflow_operators to 2023-10-05T22:44:09.879627+00:00, run_after=2023-10-06T22:44:09.879627+00:00
[2023-10-07T04:14:09.899+0530] {processor.py:179} INFO - Processing /home/raj/Downloads/kafka_2.13-3.5.1/airflow-env/lib64/python3.11/site-packages/airflow/example_dags/example_dynamic_task_mapping_with_no_taskflow_operators.py took 0.097 seconds
[2023-10-07T04:15:00.144+0530] {processor.py:157} INFO - Started process (PID=19722) to work on /home/raj/Downloads/kafka_2.13-3.5.1/airflow-env/lib64/python3.11/site-packages/airflow/example_dags/example_dynamic_task_mapping_with_no_taskflow_operators.py
[2023-10-07T04:15:00.155+0530] {processor.py:829} INFO - Processing file /home/raj/Downloads/kafka_2.13-3.5.1/airflow-env/lib64/python3.11/site-packages/airflow/example_dags/example_dynamic_task_mapping_with_no_taskflow_operators.py for tasks to queue
[2023-10-07T04:15:00.157+0530] {logging_mixin.py:151} INFO - [2023-10-07T04:15:00.156+0530] {dagbag.py:539} INFO - Filling up the DagBag from /home/raj/Downloads/kafka_2.13-3.5.1/airflow-env/lib64/python3.11/site-packages/airflow/example_dags/example_dynamic_task_mapping_with_no_taskflow_operators.py
[2023-10-07T04:15:00.172+0530] {processor.py:839} INFO - DAG(s) dict_keys(['example_dynamic_task_mapping_with_no_taskflow_operators']) retrieved from /home/raj/Downloads/kafka_2.13-3.5.1/airflow-env/lib64/python3.11/site-packages/airflow/example_dags/example_dynamic_task_mapping_with_no_taskflow_operators.py
[2023-10-07T04:15:00.201+0530] {logging_mixin.py:151} INFO - [2023-10-07T04:15:00.200+0530] {dag.py:2915} INFO - Sync 1 DAGs
[2023-10-07T04:15:00.217+0530] {logging_mixin.py:151} INFO - [2023-10-07T04:15:00.217+0530] {dag.py:3696} INFO - Setting next_dagrun for example_dynamic_task_mapping_with_no_taskflow_operators to 2023-10-05T22:45:00.217395+00:00, run_after=2023-10-06T22:45:00.217395+00:00
[2023-10-07T04:15:00.237+0530] {processor.py:179} INFO - Processing /home/raj/Downloads/kafka_2.13-3.5.1/airflow-env/lib64/python3.11/site-packages/airflow/example_dags/example_dynamic_task_mapping_with_no_taskflow_operators.py took 0.099 seconds
[2023-10-07T04:15:50.837+0530] {processor.py:157} INFO - Started process (PID=19813) to work on /home/raj/Downloads/kafka_2.13-3.5.1/airflow-env/lib64/python3.11/site-packages/airflow/example_dags/example_dynamic_task_mapping_with_no_taskflow_operators.py
[2023-10-07T04:15:50.848+0530] {processor.py:829} INFO - Processing file /home/raj/Downloads/kafka_2.13-3.5.1/airflow-env/lib64/python3.11/site-packages/airflow/example_dags/example_dynamic_task_mapping_with_no_taskflow_operators.py for tasks to queue
[2023-10-07T04:15:50.850+0530] {logging_mixin.py:151} INFO - [2023-10-07T04:15:50.849+0530] {dagbag.py:539} INFO - Filling up the DagBag from /home/raj/Downloads/kafka_2.13-3.5.1/airflow-env/lib64/python3.11/site-packages/airflow/example_dags/example_dynamic_task_mapping_with_no_taskflow_operators.py
[2023-10-07T04:15:50.861+0530] {processor.py:839} INFO - DAG(s) dict_keys(['example_dynamic_task_mapping_with_no_taskflow_operators']) retrieved from /home/raj/Downloads/kafka_2.13-3.5.1/airflow-env/lib64/python3.11/site-packages/airflow/example_dags/example_dynamic_task_mapping_with_no_taskflow_operators.py
[2023-10-07T04:15:50.876+0530] {logging_mixin.py:151} INFO - [2023-10-07T04:15:50.875+0530] {dag.py:2915} INFO - Sync 1 DAGs
[2023-10-07T04:15:50.895+0530] {logging_mixin.py:151} INFO - [2023-10-07T04:15:50.895+0530] {dag.py:3696} INFO - Setting next_dagrun for example_dynamic_task_mapping_with_no_taskflow_operators to 2023-10-05T22:45:50.894972+00:00, run_after=2023-10-06T22:45:50.894972+00:00
[2023-10-07T04:15:50.915+0530] {processor.py:179} INFO - Processing /home/raj/Downloads/kafka_2.13-3.5.1/airflow-env/lib64/python3.11/site-packages/airflow/example_dags/example_dynamic_task_mapping_with_no_taskflow_operators.py took 0.081 seconds
[2023-10-07T04:16:44.414+0530] {processor.py:157} INFO - Started process (PID=19873) to work on /home/raj/Downloads/kafka_2.13-3.5.1/airflow-env/lib64/python3.11/site-packages/airflow/example_dags/example_dynamic_task_mapping_with_no_taskflow_operators.py
[2023-10-07T04:16:44.425+0530] {processor.py:829} INFO - Processing file /home/raj/Downloads/kafka_2.13-3.5.1/airflow-env/lib64/python3.11/site-packages/airflow/example_dags/example_dynamic_task_mapping_with_no_taskflow_operators.py for tasks to queue
[2023-10-07T04:16:44.427+0530] {logging_mixin.py:151} INFO - [2023-10-07T04:16:44.426+0530] {dagbag.py:539} INFO - Filling up the DagBag from /home/raj/Downloads/kafka_2.13-3.5.1/airflow-env/lib64/python3.11/site-packages/airflow/example_dags/example_dynamic_task_mapping_with_no_taskflow_operators.py
[2023-10-07T04:16:44.440+0530] {processor.py:839} INFO - DAG(s) dict_keys(['example_dynamic_task_mapping_with_no_taskflow_operators']) retrieved from /home/raj/Downloads/kafka_2.13-3.5.1/airflow-env/lib64/python3.11/site-packages/airflow/example_dags/example_dynamic_task_mapping_with_no_taskflow_operators.py
[2023-10-07T04:16:44.467+0530] {logging_mixin.py:151} INFO - [2023-10-07T04:16:44.467+0530] {dag.py:2915} INFO - Sync 1 DAGs
[2023-10-07T04:16:44.487+0530] {logging_mixin.py:151} INFO - [2023-10-07T04:16:44.487+0530] {dag.py:3696} INFO - Setting next_dagrun for example_dynamic_task_mapping_with_no_taskflow_operators to 2023-10-05T22:46:44.487101+00:00, run_after=2023-10-06T22:46:44.487101+00:00
[2023-10-07T04:16:44.507+0530] {processor.py:179} INFO - Processing /home/raj/Downloads/kafka_2.13-3.5.1/airflow-env/lib64/python3.11/site-packages/airflow/example_dags/example_dynamic_task_mapping_with_no_taskflow_operators.py took 0.095 seconds
[2023-10-07T04:17:34.780+0530] {processor.py:157} INFO - Started process (PID=19929) to work on /home/raj/Downloads/kafka_2.13-3.5.1/airflow-env/lib64/python3.11/site-packages/airflow/example_dags/example_dynamic_task_mapping_with_no_taskflow_operators.py
[2023-10-07T04:17:34.792+0530] {processor.py:829} INFO - Processing file /home/raj/Downloads/kafka_2.13-3.5.1/airflow-env/lib64/python3.11/site-packages/airflow/example_dags/example_dynamic_task_mapping_with_no_taskflow_operators.py for tasks to queue
[2023-10-07T04:17:34.793+0530] {logging_mixin.py:151} INFO - [2023-10-07T04:17:34.793+0530] {dagbag.py:539} INFO - Filling up the DagBag from /home/raj/Downloads/kafka_2.13-3.5.1/airflow-env/lib64/python3.11/site-packages/airflow/example_dags/example_dynamic_task_mapping_with_no_taskflow_operators.py
[2023-10-07T04:17:34.803+0530] {processor.py:839} INFO - DAG(s) dict_keys(['example_dynamic_task_mapping_with_no_taskflow_operators']) retrieved from /home/raj/Downloads/kafka_2.13-3.5.1/airflow-env/lib64/python3.11/site-packages/airflow/example_dags/example_dynamic_task_mapping_with_no_taskflow_operators.py
[2023-10-07T04:17:34.824+0530] {logging_mixin.py:151} INFO - [2023-10-07T04:17:34.823+0530] {dag.py:2915} INFO - Sync 1 DAGs
[2023-10-07T04:17:34.848+0530] {logging_mixin.py:151} INFO - [2023-10-07T04:17:34.848+0530] {dag.py:3696} INFO - Setting next_dagrun for example_dynamic_task_mapping_with_no_taskflow_operators to 2023-10-05T22:47:34.847781+00:00, run_after=2023-10-06T22:47:34.847781+00:00
[2023-10-07T04:17:34.866+0530] {processor.py:179} INFO - Processing /home/raj/Downloads/kafka_2.13-3.5.1/airflow-env/lib64/python3.11/site-packages/airflow/example_dags/example_dynamic_task_mapping_with_no_taskflow_operators.py took 0.091 seconds
[2023-10-07T04:18:26.656+0530] {processor.py:157} INFO - Started process (PID=19982) to work on /home/raj/Downloads/kafka_2.13-3.5.1/airflow-env/lib64/python3.11/site-packages/airflow/example_dags/example_dynamic_task_mapping_with_no_taskflow_operators.py
[2023-10-07T04:18:26.658+0530] {processor.py:829} INFO - Processing file /home/raj/Downloads/kafka_2.13-3.5.1/airflow-env/lib64/python3.11/site-packages/airflow/example_dags/example_dynamic_task_mapping_with_no_taskflow_operators.py for tasks to queue
[2023-10-07T04:18:26.660+0530] {logging_mixin.py:151} INFO - [2023-10-07T04:18:26.659+0530] {dagbag.py:539} INFO - Filling up the DagBag from /home/raj/Downloads/kafka_2.13-3.5.1/airflow-env/lib64/python3.11/site-packages/airflow/example_dags/example_dynamic_task_mapping_with_no_taskflow_operators.py
[2023-10-07T04:18:26.675+0530] {processor.py:839} INFO - DAG(s) dict_keys(['example_dynamic_task_mapping_with_no_taskflow_operators']) retrieved from /home/raj/Downloads/kafka_2.13-3.5.1/airflow-env/lib64/python3.11/site-packages/airflow/example_dags/example_dynamic_task_mapping_with_no_taskflow_operators.py
[2023-10-07T04:18:26.696+0530] {logging_mixin.py:151} INFO - [2023-10-07T04:18:26.696+0530] {dag.py:2915} INFO - Sync 1 DAGs
[2023-10-07T04:18:26.713+0530] {logging_mixin.py:151} INFO - [2023-10-07T04:18:26.712+0530] {dag.py:3696} INFO - Setting next_dagrun for example_dynamic_task_mapping_with_no_taskflow_operators to 2023-10-05T22:48:26.712775+00:00, run_after=2023-10-06T22:48:26.712775+00:00
[2023-10-07T04:18:26.733+0530] {processor.py:179} INFO - Processing /home/raj/Downloads/kafka_2.13-3.5.1/airflow-env/lib64/python3.11/site-packages/airflow/example_dags/example_dynamic_task_mapping_with_no_taskflow_operators.py took 0.081 seconds
[2023-10-07T04:19:19.861+0530] {processor.py:157} INFO - Started process (PID=20036) to work on /home/raj/Downloads/kafka_2.13-3.5.1/airflow-env/lib64/python3.11/site-packages/airflow/example_dags/example_dynamic_task_mapping_with_no_taskflow_operators.py
[2023-10-07T04:19:19.872+0530] {processor.py:829} INFO - Processing file /home/raj/Downloads/kafka_2.13-3.5.1/airflow-env/lib64/python3.11/site-packages/airflow/example_dags/example_dynamic_task_mapping_with_no_taskflow_operators.py for tasks to queue
[2023-10-07T04:19:19.874+0530] {logging_mixin.py:151} INFO - [2023-10-07T04:19:19.873+0530] {dagbag.py:539} INFO - Filling up the DagBag from /home/raj/Downloads/kafka_2.13-3.5.1/airflow-env/lib64/python3.11/site-packages/airflow/example_dags/example_dynamic_task_mapping_with_no_taskflow_operators.py
[2023-10-07T04:19:19.889+0530] {processor.py:839} INFO - DAG(s) dict_keys(['example_dynamic_task_mapping_with_no_taskflow_operators']) retrieved from /home/raj/Downloads/kafka_2.13-3.5.1/airflow-env/lib64/python3.11/site-packages/airflow/example_dags/example_dynamic_task_mapping_with_no_taskflow_operators.py
[2023-10-07T04:19:19.917+0530] {logging_mixin.py:151} INFO - [2023-10-07T04:19:19.917+0530] {dag.py:2915} INFO - Sync 1 DAGs
[2023-10-07T04:19:19.934+0530] {logging_mixin.py:151} INFO - [2023-10-07T04:19:19.934+0530] {dag.py:3696} INFO - Setting next_dagrun for example_dynamic_task_mapping_with_no_taskflow_operators to 2023-10-05T22:49:19.934373+00:00, run_after=2023-10-06T22:49:19.934373+00:00
[2023-10-07T04:19:19.957+0530] {processor.py:179} INFO - Processing /home/raj/Downloads/kafka_2.13-3.5.1/airflow-env/lib64/python3.11/site-packages/airflow/example_dags/example_dynamic_task_mapping_with_no_taskflow_operators.py took 0.101 seconds
[2023-10-07T04:20:16.472+0530] {processor.py:157} INFO - Started process (PID=20386) to work on /home/raj/Downloads/kafka_2.13-3.5.1/airflow-env/lib64/python3.11/site-packages/airflow/example_dags/example_dynamic_task_mapping_with_no_taskflow_operators.py
[2023-10-07T04:20:16.482+0530] {processor.py:829} INFO - Processing file /home/raj/Downloads/kafka_2.13-3.5.1/airflow-env/lib64/python3.11/site-packages/airflow/example_dags/example_dynamic_task_mapping_with_no_taskflow_operators.py for tasks to queue
[2023-10-07T04:20:16.483+0530] {logging_mixin.py:151} INFO - [2023-10-07T04:20:16.483+0530] {dagbag.py:539} INFO - Filling up the DagBag from /home/raj/Downloads/kafka_2.13-3.5.1/airflow-env/lib64/python3.11/site-packages/airflow/example_dags/example_dynamic_task_mapping_with_no_taskflow_operators.py
[2023-10-07T04:20:16.491+0530] {processor.py:839} INFO - DAG(s) dict_keys(['example_dynamic_task_mapping_with_no_taskflow_operators']) retrieved from /home/raj/Downloads/kafka_2.13-3.5.1/airflow-env/lib64/python3.11/site-packages/airflow/example_dags/example_dynamic_task_mapping_with_no_taskflow_operators.py
[2023-10-07T04:20:16.503+0530] {logging_mixin.py:151} INFO - [2023-10-07T04:20:16.503+0530] {dag.py:2915} INFO - Sync 1 DAGs
[2023-10-07T04:20:16.519+0530] {logging_mixin.py:151} INFO - [2023-10-07T04:20:16.519+0530] {dag.py:3696} INFO - Setting next_dagrun for example_dynamic_task_mapping_with_no_taskflow_operators to 2023-10-05T22:50:16.519394+00:00, run_after=2023-10-06T22:50:16.519394+00:00
[2023-10-07T04:20:16.539+0530] {processor.py:179} INFO - Processing /home/raj/Downloads/kafka_2.13-3.5.1/airflow-env/lib64/python3.11/site-packages/airflow/example_dags/example_dynamic_task_mapping_with_no_taskflow_operators.py took 0.072 seconds
[2023-10-07T04:21:11.945+0530] {processor.py:157} INFO - Started process (PID=20575) to work on /home/raj/Downloads/kafka_2.13-3.5.1/airflow-env/lib64/python3.11/site-packages/airflow/example_dags/example_dynamic_task_mapping_with_no_taskflow_operators.py
[2023-10-07T04:21:11.956+0530] {processor.py:829} INFO - Processing file /home/raj/Downloads/kafka_2.13-3.5.1/airflow-env/lib64/python3.11/site-packages/airflow/example_dags/example_dynamic_task_mapping_with_no_taskflow_operators.py for tasks to queue
[2023-10-07T04:21:11.957+0530] {logging_mixin.py:151} INFO - [2023-10-07T04:21:11.957+0530] {dagbag.py:539} INFO - Filling up the DagBag from /home/raj/Downloads/kafka_2.13-3.5.1/airflow-env/lib64/python3.11/site-packages/airflow/example_dags/example_dynamic_task_mapping_with_no_taskflow_operators.py
[2023-10-07T04:21:11.965+0530] {processor.py:839} INFO - DAG(s) dict_keys(['example_dynamic_task_mapping_with_no_taskflow_operators']) retrieved from /home/raj/Downloads/kafka_2.13-3.5.1/airflow-env/lib64/python3.11/site-packages/airflow/example_dags/example_dynamic_task_mapping_with_no_taskflow_operators.py
[2023-10-07T04:21:11.980+0530] {logging_mixin.py:151} INFO - [2023-10-07T04:21:11.980+0530] {dag.py:2915} INFO - Sync 1 DAGs
[2023-10-07T04:21:12.005+0530] {logging_mixin.py:151} INFO - [2023-10-07T04:21:12.005+0530] {dag.py:3696} INFO - Setting next_dagrun for example_dynamic_task_mapping_with_no_taskflow_operators to 2023-10-05T22:51:12.005148+00:00, run_after=2023-10-06T22:51:12.005148+00:00
[2023-10-07T04:21:12.029+0530] {processor.py:179} INFO - Processing /home/raj/Downloads/kafka_2.13-3.5.1/airflow-env/lib64/python3.11/site-packages/airflow/example_dags/example_dynamic_task_mapping_with_no_taskflow_operators.py took 0.089 seconds
[2023-10-07T04:22:01.354+0530] {processor.py:157} INFO - Started process (PID=20745) to work on /home/raj/Downloads/kafka_2.13-3.5.1/airflow-env/lib64/python3.11/site-packages/airflow/example_dags/example_dynamic_task_mapping_with_no_taskflow_operators.py
[2023-10-07T04:22:01.365+0530] {processor.py:829} INFO - Processing file /home/raj/Downloads/kafka_2.13-3.5.1/airflow-env/lib64/python3.11/site-packages/airflow/example_dags/example_dynamic_task_mapping_with_no_taskflow_operators.py for tasks to queue
[2023-10-07T04:22:01.365+0530] {logging_mixin.py:151} INFO - [2023-10-07T04:22:01.365+0530] {dagbag.py:539} INFO - Filling up the DagBag from /home/raj/Downloads/kafka_2.13-3.5.1/airflow-env/lib64/python3.11/site-packages/airflow/example_dags/example_dynamic_task_mapping_with_no_taskflow_operators.py
[2023-10-07T04:22:01.373+0530] {processor.py:839} INFO - DAG(s) dict_keys(['example_dynamic_task_mapping_with_no_taskflow_operators']) retrieved from /home/raj/Downloads/kafka_2.13-3.5.1/airflow-env/lib64/python3.11/site-packages/airflow/example_dags/example_dynamic_task_mapping_with_no_taskflow_operators.py
[2023-10-07T04:22:01.388+0530] {logging_mixin.py:151} INFO - [2023-10-07T04:22:01.388+0530] {dag.py:2915} INFO - Sync 1 DAGs
[2023-10-07T04:22:01.408+0530] {logging_mixin.py:151} INFO - [2023-10-07T04:22:01.407+0530] {dag.py:3696} INFO - Setting next_dagrun for example_dynamic_task_mapping_with_no_taskflow_operators to 2023-10-05T22:52:01.407684+00:00, run_after=2023-10-06T22:52:01.407684+00:00
[2023-10-07T04:22:01.430+0530] {processor.py:179} INFO - Processing /home/raj/Downloads/kafka_2.13-3.5.1/airflow-env/lib64/python3.11/site-packages/airflow/example_dags/example_dynamic_task_mapping_with_no_taskflow_operators.py took 0.079 seconds
[2023-10-07T04:22:51.952+0530] {processor.py:157} INFO - Started process (PID=20848) to work on /home/raj/Downloads/kafka_2.13-3.5.1/airflow-env/lib64/python3.11/site-packages/airflow/example_dags/example_dynamic_task_mapping_with_no_taskflow_operators.py
[2023-10-07T04:22:51.963+0530] {processor.py:829} INFO - Processing file /home/raj/Downloads/kafka_2.13-3.5.1/airflow-env/lib64/python3.11/site-packages/airflow/example_dags/example_dynamic_task_mapping_with_no_taskflow_operators.py for tasks to queue
[2023-10-07T04:22:51.965+0530] {logging_mixin.py:151} INFO - [2023-10-07T04:22:51.964+0530] {dagbag.py:539} INFO - Filling up the DagBag from /home/raj/Downloads/kafka_2.13-3.5.1/airflow-env/lib64/python3.11/site-packages/airflow/example_dags/example_dynamic_task_mapping_with_no_taskflow_operators.py
[2023-10-07T04:22:51.980+0530] {processor.py:839} INFO - DAG(s) dict_keys(['example_dynamic_task_mapping_with_no_taskflow_operators']) retrieved from /home/raj/Downloads/kafka_2.13-3.5.1/airflow-env/lib64/python3.11/site-packages/airflow/example_dags/example_dynamic_task_mapping_with_no_taskflow_operators.py
[2023-10-07T04:22:52.011+0530] {logging_mixin.py:151} INFO - [2023-10-07T04:22:52.010+0530] {dag.py:2915} INFO - Sync 1 DAGs
[2023-10-07T04:22:52.029+0530] {logging_mixin.py:151} INFO - [2023-10-07T04:22:52.029+0530] {dag.py:3696} INFO - Setting next_dagrun for example_dynamic_task_mapping_with_no_taskflow_operators to 2023-10-05T22:52:52.028925+00:00, run_after=2023-10-06T22:52:52.028925+00:00
[2023-10-07T04:22:52.049+0530] {processor.py:179} INFO - Processing /home/raj/Downloads/kafka_2.13-3.5.1/airflow-env/lib64/python3.11/site-packages/airflow/example_dags/example_dynamic_task_mapping_with_no_taskflow_operators.py took 0.103 seconds
[2023-10-07T04:23:43.967+0530] {processor.py:157} INFO - Started process (PID=20950) to work on /home/raj/Downloads/kafka_2.13-3.5.1/airflow-env/lib64/python3.11/site-packages/airflow/example_dags/example_dynamic_task_mapping_with_no_taskflow_operators.py
[2023-10-07T04:23:43.978+0530] {processor.py:829} INFO - Processing file /home/raj/Downloads/kafka_2.13-3.5.1/airflow-env/lib64/python3.11/site-packages/airflow/example_dags/example_dynamic_task_mapping_with_no_taskflow_operators.py for tasks to queue
[2023-10-07T04:23:43.979+0530] {logging_mixin.py:151} INFO - [2023-10-07T04:23:43.978+0530] {dagbag.py:539} INFO - Filling up the DagBag from /home/raj/Downloads/kafka_2.13-3.5.1/airflow-env/lib64/python3.11/site-packages/airflow/example_dags/example_dynamic_task_mapping_with_no_taskflow_operators.py
[2023-10-07T04:23:43.991+0530] {processor.py:839} INFO - DAG(s) dict_keys(['example_dynamic_task_mapping_with_no_taskflow_operators']) retrieved from /home/raj/Downloads/kafka_2.13-3.5.1/airflow-env/lib64/python3.11/site-packages/airflow/example_dags/example_dynamic_task_mapping_with_no_taskflow_operators.py
[2023-10-07T04:23:44.015+0530] {logging_mixin.py:151} INFO - [2023-10-07T04:23:44.015+0530] {dag.py:2915} INFO - Sync 1 DAGs
[2023-10-07T04:23:44.038+0530] {logging_mixin.py:151} INFO - [2023-10-07T04:23:44.038+0530] {dag.py:3696} INFO - Setting next_dagrun for example_dynamic_task_mapping_with_no_taskflow_operators to 2023-10-05T22:53:44.038366+00:00, run_after=2023-10-06T22:53:44.038366+00:00
[2023-10-07T04:23:44.065+0530] {processor.py:179} INFO - Processing /home/raj/Downloads/kafka_2.13-3.5.1/airflow-env/lib64/python3.11/site-packages/airflow/example_dags/example_dynamic_task_mapping_with_no_taskflow_operators.py took 0.100 seconds
[2023-10-07T04:24:33.978+0530] {processor.py:157} INFO - Started process (PID=21068) to work on /home/raj/Downloads/kafka_2.13-3.5.1/airflow-env/lib64/python3.11/site-packages/airflow/example_dags/example_dynamic_task_mapping_with_no_taskflow_operators.py
[2023-10-07T04:24:33.989+0530] {processor.py:829} INFO - Processing file /home/raj/Downloads/kafka_2.13-3.5.1/airflow-env/lib64/python3.11/site-packages/airflow/example_dags/example_dynamic_task_mapping_with_no_taskflow_operators.py for tasks to queue
[2023-10-07T04:24:33.991+0530] {logging_mixin.py:151} INFO - [2023-10-07T04:24:33.990+0530] {dagbag.py:539} INFO - Filling up the DagBag from /home/raj/Downloads/kafka_2.13-3.5.1/airflow-env/lib64/python3.11/site-packages/airflow/example_dags/example_dynamic_task_mapping_with_no_taskflow_operators.py
[2023-10-07T04:24:34.006+0530] {processor.py:839} INFO - DAG(s) dict_keys(['example_dynamic_task_mapping_with_no_taskflow_operators']) retrieved from /home/raj/Downloads/kafka_2.13-3.5.1/airflow-env/lib64/python3.11/site-packages/airflow/example_dags/example_dynamic_task_mapping_with_no_taskflow_operators.py
[2023-10-07T04:24:34.030+0530] {logging_mixin.py:151} INFO - [2023-10-07T04:24:34.030+0530] {dag.py:2915} INFO - Sync 1 DAGs
[2023-10-07T04:24:34.048+0530] {logging_mixin.py:151} INFO - [2023-10-07T04:24:34.048+0530] {dag.py:3696} INFO - Setting next_dagrun for example_dynamic_task_mapping_with_no_taskflow_operators to 2023-10-05T22:54:34.048509+00:00, run_after=2023-10-06T22:54:34.048509+00:00
[2023-10-07T04:24:34.070+0530] {processor.py:179} INFO - Processing /home/raj/Downloads/kafka_2.13-3.5.1/airflow-env/lib64/python3.11/site-packages/airflow/example_dags/example_dynamic_task_mapping_with_no_taskflow_operators.py took 0.097 seconds
[2023-10-07T04:25:24.235+0530] {processor.py:157} INFO - Started process (PID=21166) to work on /home/raj/Downloads/kafka_2.13-3.5.1/airflow-env/lib64/python3.11/site-packages/airflow/example_dags/example_dynamic_task_mapping_with_no_taskflow_operators.py
[2023-10-07T04:25:24.247+0530] {processor.py:829} INFO - Processing file /home/raj/Downloads/kafka_2.13-3.5.1/airflow-env/lib64/python3.11/site-packages/airflow/example_dags/example_dynamic_task_mapping_with_no_taskflow_operators.py for tasks to queue
[2023-10-07T04:25:24.248+0530] {logging_mixin.py:151} INFO - [2023-10-07T04:25:24.248+0530] {dagbag.py:539} INFO - Filling up the DagBag from /home/raj/Downloads/kafka_2.13-3.5.1/airflow-env/lib64/python3.11/site-packages/airflow/example_dags/example_dynamic_task_mapping_with_no_taskflow_operators.py
[2023-10-07T04:25:24.263+0530] {processor.py:839} INFO - DAG(s) dict_keys(['example_dynamic_task_mapping_with_no_taskflow_operators']) retrieved from /home/raj/Downloads/kafka_2.13-3.5.1/airflow-env/lib64/python3.11/site-packages/airflow/example_dags/example_dynamic_task_mapping_with_no_taskflow_operators.py
[2023-10-07T04:25:24.291+0530] {logging_mixin.py:151} INFO - [2023-10-07T04:25:24.291+0530] {dag.py:2915} INFO - Sync 1 DAGs
[2023-10-07T04:25:24.307+0530] {logging_mixin.py:151} INFO - [2023-10-07T04:25:24.306+0530] {dag.py:3696} INFO - Setting next_dagrun for example_dynamic_task_mapping_with_no_taskflow_operators to 2023-10-05T22:55:24.306681+00:00, run_after=2023-10-06T22:55:24.306681+00:00
[2023-10-07T04:25:24.324+0530] {processor.py:179} INFO - Processing /home/raj/Downloads/kafka_2.13-3.5.1/airflow-env/lib64/python3.11/site-packages/airflow/example_dags/example_dynamic_task_mapping_with_no_taskflow_operators.py took 0.095 seconds
[2023-10-07T04:26:17.655+0530] {processor.py:157} INFO - Started process (PID=21322) to work on /home/raj/Downloads/kafka_2.13-3.5.1/airflow-env/lib64/python3.11/site-packages/airflow/example_dags/example_dynamic_task_mapping_with_no_taskflow_operators.py
[2023-10-07T04:26:17.672+0530] {processor.py:829} INFO - Processing file /home/raj/Downloads/kafka_2.13-3.5.1/airflow-env/lib64/python3.11/site-packages/airflow/example_dags/example_dynamic_task_mapping_with_no_taskflow_operators.py for tasks to queue
[2023-10-07T04:26:17.675+0530] {logging_mixin.py:151} INFO - [2023-10-07T04:26:17.674+0530] {dagbag.py:539} INFO - Filling up the DagBag from /home/raj/Downloads/kafka_2.13-3.5.1/airflow-env/lib64/python3.11/site-packages/airflow/example_dags/example_dynamic_task_mapping_with_no_taskflow_operators.py
[2023-10-07T04:26:17.691+0530] {processor.py:839} INFO - DAG(s) dict_keys(['example_dynamic_task_mapping_with_no_taskflow_operators']) retrieved from /home/raj/Downloads/kafka_2.13-3.5.1/airflow-env/lib64/python3.11/site-packages/airflow/example_dags/example_dynamic_task_mapping_with_no_taskflow_operators.py
[2023-10-07T04:26:17.711+0530] {logging_mixin.py:151} INFO - [2023-10-07T04:26:17.710+0530] {dag.py:2915} INFO - Sync 1 DAGs
[2023-10-07T04:26:17.733+0530] {logging_mixin.py:151} INFO - [2023-10-07T04:26:17.733+0530] {dag.py:3696} INFO - Setting next_dagrun for example_dynamic_task_mapping_with_no_taskflow_operators to 2023-10-05T22:56:17.733014+00:00, run_after=2023-10-06T22:56:17.733014+00:00
[2023-10-07T04:26:17.756+0530] {processor.py:179} INFO - Processing /home/raj/Downloads/kafka_2.13-3.5.1/airflow-env/lib64/python3.11/site-packages/airflow/example_dags/example_dynamic_task_mapping_with_no_taskflow_operators.py took 0.106 seconds
[2023-10-07T04:27:06.363+0530] {processor.py:157} INFO - Started process (PID=21449) to work on /home/raj/Downloads/kafka_2.13-3.5.1/airflow-env/lib64/python3.11/site-packages/airflow/example_dags/example_dynamic_task_mapping_with_no_taskflow_operators.py
[2023-10-07T04:27:06.374+0530] {processor.py:829} INFO - Processing file /home/raj/Downloads/kafka_2.13-3.5.1/airflow-env/lib64/python3.11/site-packages/airflow/example_dags/example_dynamic_task_mapping_with_no_taskflow_operators.py for tasks to queue
[2023-10-07T04:27:06.375+0530] {logging_mixin.py:151} INFO - [2023-10-07T04:27:06.375+0530] {dagbag.py:539} INFO - Filling up the DagBag from /home/raj/Downloads/kafka_2.13-3.5.1/airflow-env/lib64/python3.11/site-packages/airflow/example_dags/example_dynamic_task_mapping_with_no_taskflow_operators.py
[2023-10-07T04:27:06.384+0530] {processor.py:839} INFO - DAG(s) dict_keys(['example_dynamic_task_mapping_with_no_taskflow_operators']) retrieved from /home/raj/Downloads/kafka_2.13-3.5.1/airflow-env/lib64/python3.11/site-packages/airflow/example_dags/example_dynamic_task_mapping_with_no_taskflow_operators.py
[2023-10-07T04:27:06.402+0530] {logging_mixin.py:151} INFO - [2023-10-07T04:27:06.401+0530] {dag.py:2915} INFO - Sync 1 DAGs
[2023-10-07T04:27:06.426+0530] {logging_mixin.py:151} INFO - [2023-10-07T04:27:06.426+0530] {dag.py:3696} INFO - Setting next_dagrun for example_dynamic_task_mapping_with_no_taskflow_operators to 2023-10-05T22:57:06.426485+00:00, run_after=2023-10-06T22:57:06.426485+00:00
[2023-10-07T04:27:06.450+0530] {processor.py:179} INFO - Processing /home/raj/Downloads/kafka_2.13-3.5.1/airflow-env/lib64/python3.11/site-packages/airflow/example_dags/example_dynamic_task_mapping_with_no_taskflow_operators.py took 0.092 seconds
[2023-10-07T04:27:59.495+0530] {processor.py:157} INFO - Started process (PID=21586) to work on /home/raj/Downloads/kafka_2.13-3.5.1/airflow-env/lib64/python3.11/site-packages/airflow/example_dags/example_dynamic_task_mapping_with_no_taskflow_operators.py
[2023-10-07T04:27:59.506+0530] {processor.py:829} INFO - Processing file /home/raj/Downloads/kafka_2.13-3.5.1/airflow-env/lib64/python3.11/site-packages/airflow/example_dags/example_dynamic_task_mapping_with_no_taskflow_operators.py for tasks to queue
[2023-10-07T04:27:59.508+0530] {logging_mixin.py:151} INFO - [2023-10-07T04:27:59.507+0530] {dagbag.py:539} INFO - Filling up the DagBag from /home/raj/Downloads/kafka_2.13-3.5.1/airflow-env/lib64/python3.11/site-packages/airflow/example_dags/example_dynamic_task_mapping_with_no_taskflow_operators.py
[2023-10-07T04:27:59.516+0530] {processor.py:839} INFO - DAG(s) dict_keys(['example_dynamic_task_mapping_with_no_taskflow_operators']) retrieved from /home/raj/Downloads/kafka_2.13-3.5.1/airflow-env/lib64/python3.11/site-packages/airflow/example_dags/example_dynamic_task_mapping_with_no_taskflow_operators.py
[2023-10-07T04:27:59.532+0530] {logging_mixin.py:151} INFO - [2023-10-07T04:27:59.532+0530] {dag.py:2915} INFO - Sync 1 DAGs
[2023-10-07T04:27:59.557+0530] {logging_mixin.py:151} INFO - [2023-10-07T04:27:59.557+0530] {dag.py:3696} INFO - Setting next_dagrun for example_dynamic_task_mapping_with_no_taskflow_operators to 2023-10-05T22:57:59.557327+00:00, run_after=2023-10-06T22:57:59.557327+00:00
[2023-10-07T04:27:59.584+0530] {processor.py:179} INFO - Processing /home/raj/Downloads/kafka_2.13-3.5.1/airflow-env/lib64/python3.11/site-packages/airflow/example_dags/example_dynamic_task_mapping_with_no_taskflow_operators.py took 0.096 seconds
[2023-10-07T04:28:53.834+0530] {processor.py:157} INFO - Started process (PID=21722) to work on /home/raj/Downloads/kafka_2.13-3.5.1/airflow-env/lib64/python3.11/site-packages/airflow/example_dags/example_dynamic_task_mapping_with_no_taskflow_operators.py
[2023-10-07T04:28:53.845+0530] {processor.py:829} INFO - Processing file /home/raj/Downloads/kafka_2.13-3.5.1/airflow-env/lib64/python3.11/site-packages/airflow/example_dags/example_dynamic_task_mapping_with_no_taskflow_operators.py for tasks to queue
[2023-10-07T04:28:53.845+0530] {logging_mixin.py:151} INFO - [2023-10-07T04:28:53.845+0530] {dagbag.py:539} INFO - Filling up the DagBag from /home/raj/Downloads/kafka_2.13-3.5.1/airflow-env/lib64/python3.11/site-packages/airflow/example_dags/example_dynamic_task_mapping_with_no_taskflow_operators.py
[2023-10-07T04:28:53.852+0530] {processor.py:839} INFO - DAG(s) dict_keys(['example_dynamic_task_mapping_with_no_taskflow_operators']) retrieved from /home/raj/Downloads/kafka_2.13-3.5.1/airflow-env/lib64/python3.11/site-packages/airflow/example_dags/example_dynamic_task_mapping_with_no_taskflow_operators.py
[2023-10-07T04:28:53.864+0530] {logging_mixin.py:151} INFO - [2023-10-07T04:28:53.864+0530] {dag.py:2915} INFO - Sync 1 DAGs
[2023-10-07T04:28:53.880+0530] {logging_mixin.py:151} INFO - [2023-10-07T04:28:53.880+0530] {dag.py:3696} INFO - Setting next_dagrun for example_dynamic_task_mapping_with_no_taskflow_operators to 2023-10-05T22:58:53.879838+00:00, run_after=2023-10-06T22:58:53.879838+00:00
[2023-10-07T04:28:53.899+0530] {processor.py:179} INFO - Processing /home/raj/Downloads/kafka_2.13-3.5.1/airflow-env/lib64/python3.11/site-packages/airflow/example_dags/example_dynamic_task_mapping_with_no_taskflow_operators.py took 0.067 seconds
[2023-10-07T04:29:41.696+0530] {processor.py:157} INFO - Started process (PID=21801) to work on /home/raj/Downloads/kafka_2.13-3.5.1/airflow-env/lib64/python3.11/site-packages/airflow/example_dags/example_dynamic_task_mapping_with_no_taskflow_operators.py
[2023-10-07T04:29:41.707+0530] {processor.py:829} INFO - Processing file /home/raj/Downloads/kafka_2.13-3.5.1/airflow-env/lib64/python3.11/site-packages/airflow/example_dags/example_dynamic_task_mapping_with_no_taskflow_operators.py for tasks to queue
[2023-10-07T04:29:41.709+0530] {logging_mixin.py:151} INFO - [2023-10-07T04:29:41.708+0530] {dagbag.py:539} INFO - Filling up the DagBag from /home/raj/Downloads/kafka_2.13-3.5.1/airflow-env/lib64/python3.11/site-packages/airflow/example_dags/example_dynamic_task_mapping_with_no_taskflow_operators.py
[2023-10-07T04:29:41.722+0530] {processor.py:839} INFO - DAG(s) dict_keys(['example_dynamic_task_mapping_with_no_taskflow_operators']) retrieved from /home/raj/Downloads/kafka_2.13-3.5.1/airflow-env/lib64/python3.11/site-packages/airflow/example_dags/example_dynamic_task_mapping_with_no_taskflow_operators.py
[2023-10-07T04:29:41.740+0530] {logging_mixin.py:151} INFO - [2023-10-07T04:29:41.739+0530] {dag.py:2915} INFO - Sync 1 DAGs
[2023-10-07T04:29:41.758+0530] {logging_mixin.py:151} INFO - [2023-10-07T04:29:41.758+0530] {dag.py:3696} INFO - Setting next_dagrun for example_dynamic_task_mapping_with_no_taskflow_operators to 2023-10-05T22:59:41.758443+00:00, run_after=2023-10-06T22:59:41.758443+00:00
[2023-10-07T04:29:41.776+0530] {processor.py:179} INFO - Processing /home/raj/Downloads/kafka_2.13-3.5.1/airflow-env/lib64/python3.11/site-packages/airflow/example_dags/example_dynamic_task_mapping_with_no_taskflow_operators.py took 0.086 seconds
[2023-10-07T04:41:05.641+0530] {processor.py:157} INFO - Started process (PID=9946) to work on /home/raj/Downloads/kafka_2.13-3.5.1/airflow-env/lib64/python3.11/site-packages/airflow/example_dags/example_dynamic_task_mapping_with_no_taskflow_operators.py
[2023-10-07T04:41:05.643+0530] {processor.py:829} INFO - Processing file /home/raj/Downloads/kafka_2.13-3.5.1/airflow-env/lib64/python3.11/site-packages/airflow/example_dags/example_dynamic_task_mapping_with_no_taskflow_operators.py for tasks to queue
[2023-10-07T04:41:05.644+0530] {logging_mixin.py:151} INFO - [2023-10-07T04:41:05.643+0530] {dagbag.py:539} INFO - Filling up the DagBag from /home/raj/Downloads/kafka_2.13-3.5.1/airflow-env/lib64/python3.11/site-packages/airflow/example_dags/example_dynamic_task_mapping_with_no_taskflow_operators.py
[2023-10-07T04:41:05.658+0530] {processor.py:839} INFO - DAG(s) dict_keys(['example_dynamic_task_mapping_with_no_taskflow_operators']) retrieved from /home/raj/Downloads/kafka_2.13-3.5.1/airflow-env/lib64/python3.11/site-packages/airflow/example_dags/example_dynamic_task_mapping_with_no_taskflow_operators.py
[2023-10-07T04:41:05.681+0530] {logging_mixin.py:151} INFO - [2023-10-07T04:41:05.681+0530] {dag.py:2915} INFO - Sync 1 DAGs
[2023-10-07T04:41:05.697+0530] {logging_mixin.py:151} INFO - [2023-10-07T04:41:05.697+0530] {dag.py:3696} INFO - Setting next_dagrun for example_dynamic_task_mapping_with_no_taskflow_operators to 2023-10-05T23:11:05.696947+00:00, run_after=2023-10-06T23:11:05.696947+00:00
[2023-10-07T04:41:05.716+0530] {processor.py:179} INFO - Processing /home/raj/Downloads/kafka_2.13-3.5.1/airflow-env/lib64/python3.11/site-packages/airflow/example_dags/example_dynamic_task_mapping_with_no_taskflow_operators.py took 0.079 seconds
[2023-10-07T04:41:58.821+0530] {processor.py:157} INFO - Started process (PID=10070) to work on /home/raj/Downloads/kafka_2.13-3.5.1/airflow-env/lib64/python3.11/site-packages/airflow/example_dags/example_dynamic_task_mapping_with_no_taskflow_operators.py
[2023-10-07T04:41:58.833+0530] {processor.py:829} INFO - Processing file /home/raj/Downloads/kafka_2.13-3.5.1/airflow-env/lib64/python3.11/site-packages/airflow/example_dags/example_dynamic_task_mapping_with_no_taskflow_operators.py for tasks to queue
[2023-10-07T04:41:58.834+0530] {logging_mixin.py:151} INFO - [2023-10-07T04:41:58.834+0530] {dagbag.py:539} INFO - Filling up the DagBag from /home/raj/Downloads/kafka_2.13-3.5.1/airflow-env/lib64/python3.11/site-packages/airflow/example_dags/example_dynamic_task_mapping_with_no_taskflow_operators.py
[2023-10-07T04:41:58.850+0530] {processor.py:839} INFO - DAG(s) dict_keys(['example_dynamic_task_mapping_with_no_taskflow_operators']) retrieved from /home/raj/Downloads/kafka_2.13-3.5.1/airflow-env/lib64/python3.11/site-packages/airflow/example_dags/example_dynamic_task_mapping_with_no_taskflow_operators.py
[2023-10-07T04:41:58.879+0530] {logging_mixin.py:151} INFO - [2023-10-07T04:41:58.879+0530] {dag.py:2915} INFO - Sync 1 DAGs
[2023-10-07T04:41:58.898+0530] {logging_mixin.py:151} INFO - [2023-10-07T04:41:58.897+0530] {dag.py:3696} INFO - Setting next_dagrun for example_dynamic_task_mapping_with_no_taskflow_operators to 2023-10-05T23:11:58.897650+00:00, run_after=2023-10-06T23:11:58.897650+00:00
[2023-10-07T04:41:58.921+0530] {processor.py:179} INFO - Processing /home/raj/Downloads/kafka_2.13-3.5.1/airflow-env/lib64/python3.11/site-packages/airflow/example_dags/example_dynamic_task_mapping_with_no_taskflow_operators.py took 0.106 seconds
[2023-10-07T04:42:50.953+0530] {processor.py:157} INFO - Started process (PID=10233) to work on /home/raj/Downloads/kafka_2.13-3.5.1/airflow-env/lib64/python3.11/site-packages/airflow/example_dags/example_dynamic_task_mapping_with_no_taskflow_operators.py
[2023-10-07T04:42:50.964+0530] {processor.py:829} INFO - Processing file /home/raj/Downloads/kafka_2.13-3.5.1/airflow-env/lib64/python3.11/site-packages/airflow/example_dags/example_dynamic_task_mapping_with_no_taskflow_operators.py for tasks to queue
[2023-10-07T04:42:50.965+0530] {logging_mixin.py:151} INFO - [2023-10-07T04:42:50.964+0530] {dagbag.py:539} INFO - Filling up the DagBag from /home/raj/Downloads/kafka_2.13-3.5.1/airflow-env/lib64/python3.11/site-packages/airflow/example_dags/example_dynamic_task_mapping_with_no_taskflow_operators.py
[2023-10-07T04:42:50.981+0530] {processor.py:839} INFO - DAG(s) dict_keys(['example_dynamic_task_mapping_with_no_taskflow_operators']) retrieved from /home/raj/Downloads/kafka_2.13-3.5.1/airflow-env/lib64/python3.11/site-packages/airflow/example_dags/example_dynamic_task_mapping_with_no_taskflow_operators.py
[2023-10-07T04:42:51.006+0530] {logging_mixin.py:151} INFO - [2023-10-07T04:42:51.006+0530] {dag.py:2915} INFO - Sync 1 DAGs
[2023-10-07T04:42:51.024+0530] {logging_mixin.py:151} INFO - [2023-10-07T04:42:51.024+0530] {dag.py:3696} INFO - Setting next_dagrun for example_dynamic_task_mapping_with_no_taskflow_operators to 2023-10-05T23:12:51.024548+00:00, run_after=2023-10-06T23:12:51.024548+00:00
[2023-10-07T04:42:51.046+0530] {processor.py:179} INFO - Processing /home/raj/Downloads/kafka_2.13-3.5.1/airflow-env/lib64/python3.11/site-packages/airflow/example_dags/example_dynamic_task_mapping_with_no_taskflow_operators.py took 0.098 seconds
[2023-10-07T04:43:57.738+0530] {processor.py:157} INFO - Started process (PID=10419) to work on /home/raj/Downloads/kafka_2.13-3.5.1/airflow-env/lib64/python3.11/site-packages/airflow/example_dags/example_dynamic_task_mapping_with_no_taskflow_operators.py
[2023-10-07T04:43:57.749+0530] {processor.py:829} INFO - Processing file /home/raj/Downloads/kafka_2.13-3.5.1/airflow-env/lib64/python3.11/site-packages/airflow/example_dags/example_dynamic_task_mapping_with_no_taskflow_operators.py for tasks to queue
[2023-10-07T04:43:57.751+0530] {logging_mixin.py:151} INFO - [2023-10-07T04:43:57.750+0530] {dagbag.py:539} INFO - Filling up the DagBag from /home/raj/Downloads/kafka_2.13-3.5.1/airflow-env/lib64/python3.11/site-packages/airflow/example_dags/example_dynamic_task_mapping_with_no_taskflow_operators.py
[2023-10-07T04:43:57.765+0530] {processor.py:839} INFO - DAG(s) dict_keys(['example_dynamic_task_mapping_with_no_taskflow_operators']) retrieved from /home/raj/Downloads/kafka_2.13-3.5.1/airflow-env/lib64/python3.11/site-packages/airflow/example_dags/example_dynamic_task_mapping_with_no_taskflow_operators.py
[2023-10-07T04:43:57.793+0530] {logging_mixin.py:151} INFO - [2023-10-07T04:43:57.792+0530] {dag.py:2915} INFO - Sync 1 DAGs
[2023-10-07T04:43:57.810+0530] {logging_mixin.py:151} INFO - [2023-10-07T04:43:57.810+0530] {dag.py:3696} INFO - Setting next_dagrun for example_dynamic_task_mapping_with_no_taskflow_operators to 2023-10-05T23:13:57.810527+00:00, run_after=2023-10-06T23:13:57.810527+00:00
[2023-10-07T04:43:57.828+0530] {processor.py:179} INFO - Processing /home/raj/Downloads/kafka_2.13-3.5.1/airflow-env/lib64/python3.11/site-packages/airflow/example_dags/example_dynamic_task_mapping_with_no_taskflow_operators.py took 0.095 seconds
[2023-10-07T04:44:54.927+0530] {processor.py:157} INFO - Started process (PID=10614) to work on /home/raj/Downloads/kafka_2.13-3.5.1/airflow-env/lib64/python3.11/site-packages/airflow/example_dags/example_dynamic_task_mapping_with_no_taskflow_operators.py
[2023-10-07T04:44:54.937+0530] {processor.py:829} INFO - Processing file /home/raj/Downloads/kafka_2.13-3.5.1/airflow-env/lib64/python3.11/site-packages/airflow/example_dags/example_dynamic_task_mapping_with_no_taskflow_operators.py for tasks to queue
[2023-10-07T04:44:54.939+0530] {logging_mixin.py:151} INFO - [2023-10-07T04:44:54.938+0530] {dagbag.py:539} INFO - Filling up the DagBag from /home/raj/Downloads/kafka_2.13-3.5.1/airflow-env/lib64/python3.11/site-packages/airflow/example_dags/example_dynamic_task_mapping_with_no_taskflow_operators.py
[2023-10-07T04:44:54.947+0530] {processor.py:839} INFO - DAG(s) dict_keys(['example_dynamic_task_mapping_with_no_taskflow_operators']) retrieved from /home/raj/Downloads/kafka_2.13-3.5.1/airflow-env/lib64/python3.11/site-packages/airflow/example_dags/example_dynamic_task_mapping_with_no_taskflow_operators.py
[2023-10-07T04:44:54.962+0530] {logging_mixin.py:151} INFO - [2023-10-07T04:44:54.962+0530] {dag.py:2915} INFO - Sync 1 DAGs
[2023-10-07T04:44:54.986+0530] {logging_mixin.py:151} INFO - [2023-10-07T04:44:54.986+0530] {dag.py:3696} INFO - Setting next_dagrun for example_dynamic_task_mapping_with_no_taskflow_operators to 2023-10-05T23:14:54.986184+00:00, run_after=2023-10-06T23:14:54.986184+00:00
[2023-10-07T04:44:55.013+0530] {processor.py:179} INFO - Processing /home/raj/Downloads/kafka_2.13-3.5.1/airflow-env/lib64/python3.11/site-packages/airflow/example_dags/example_dynamic_task_mapping_with_no_taskflow_operators.py took 0.090 seconds
[2023-10-07T04:45:50.535+0530] {processor.py:157} INFO - Started process (PID=10769) to work on /home/raj/Downloads/kafka_2.13-3.5.1/airflow-env/lib64/python3.11/site-packages/airflow/example_dags/example_dynamic_task_mapping_with_no_taskflow_operators.py
[2023-10-07T04:45:50.546+0530] {processor.py:829} INFO - Processing file /home/raj/Downloads/kafka_2.13-3.5.1/airflow-env/lib64/python3.11/site-packages/airflow/example_dags/example_dynamic_task_mapping_with_no_taskflow_operators.py for tasks to queue
[2023-10-07T04:45:50.547+0530] {logging_mixin.py:151} INFO - [2023-10-07T04:45:50.546+0530] {dagbag.py:539} INFO - Filling up the DagBag from /home/raj/Downloads/kafka_2.13-3.5.1/airflow-env/lib64/python3.11/site-packages/airflow/example_dags/example_dynamic_task_mapping_with_no_taskflow_operators.py
[2023-10-07T04:45:50.554+0530] {processor.py:839} INFO - DAG(s) dict_keys(['example_dynamic_task_mapping_with_no_taskflow_operators']) retrieved from /home/raj/Downloads/kafka_2.13-3.5.1/airflow-env/lib64/python3.11/site-packages/airflow/example_dags/example_dynamic_task_mapping_with_no_taskflow_operators.py
[2023-10-07T04:45:50.566+0530] {logging_mixin.py:151} INFO - [2023-10-07T04:45:50.566+0530] {dag.py:2915} INFO - Sync 1 DAGs
[2023-10-07T04:45:50.584+0530] {logging_mixin.py:151} INFO - [2023-10-07T04:45:50.584+0530] {dag.py:3696} INFO - Setting next_dagrun for example_dynamic_task_mapping_with_no_taskflow_operators to 2023-10-05T23:15:50.584141+00:00, run_after=2023-10-06T23:15:50.584141+00:00
[2023-10-07T04:45:50.606+0530] {processor.py:179} INFO - Processing /home/raj/Downloads/kafka_2.13-3.5.1/airflow-env/lib64/python3.11/site-packages/airflow/example_dags/example_dynamic_task_mapping_with_no_taskflow_operators.py took 0.076 seconds
[2023-10-07T04:46:49.014+0530] {processor.py:157} INFO - Started process (PID=10897) to work on /home/raj/Downloads/kafka_2.13-3.5.1/airflow-env/lib64/python3.11/site-packages/airflow/example_dags/example_dynamic_task_mapping_with_no_taskflow_operators.py
[2023-10-07T04:46:49.026+0530] {processor.py:829} INFO - Processing file /home/raj/Downloads/kafka_2.13-3.5.1/airflow-env/lib64/python3.11/site-packages/airflow/example_dags/example_dynamic_task_mapping_with_no_taskflow_operators.py for tasks to queue
[2023-10-07T04:46:49.027+0530] {logging_mixin.py:151} INFO - [2023-10-07T04:46:49.026+0530] {dagbag.py:539} INFO - Filling up the DagBag from /home/raj/Downloads/kafka_2.13-3.5.1/airflow-env/lib64/python3.11/site-packages/airflow/example_dags/example_dynamic_task_mapping_with_no_taskflow_operators.py
[2023-10-07T04:46:49.038+0530] {processor.py:839} INFO - DAG(s) dict_keys(['example_dynamic_task_mapping_with_no_taskflow_operators']) retrieved from /home/raj/Downloads/kafka_2.13-3.5.1/airflow-env/lib64/python3.11/site-packages/airflow/example_dags/example_dynamic_task_mapping_with_no_taskflow_operators.py
[2023-10-07T04:46:49.059+0530] {logging_mixin.py:151} INFO - [2023-10-07T04:46:49.059+0530] {dag.py:2915} INFO - Sync 1 DAGs
[2023-10-07T04:46:49.089+0530] {logging_mixin.py:151} INFO - [2023-10-07T04:46:49.089+0530] {dag.py:3696} INFO - Setting next_dagrun for example_dynamic_task_mapping_with_no_taskflow_operators to 2023-10-05T23:16:49.088856+00:00, run_after=2023-10-06T23:16:49.088856+00:00
[2023-10-07T04:46:49.117+0530] {processor.py:179} INFO - Processing /home/raj/Downloads/kafka_2.13-3.5.1/airflow-env/lib64/python3.11/site-packages/airflow/example_dags/example_dynamic_task_mapping_with_no_taskflow_operators.py took 0.110 seconds
[2023-10-07T04:47:38.578+0530] {processor.py:157} INFO - Started process (PID=10990) to work on /home/raj/Downloads/kafka_2.13-3.5.1/airflow-env/lib64/python3.11/site-packages/airflow/example_dags/example_dynamic_task_mapping_with_no_taskflow_operators.py
[2023-10-07T04:47:38.580+0530] {processor.py:829} INFO - Processing file /home/raj/Downloads/kafka_2.13-3.5.1/airflow-env/lib64/python3.11/site-packages/airflow/example_dags/example_dynamic_task_mapping_with_no_taskflow_operators.py for tasks to queue
[2023-10-07T04:47:38.582+0530] {logging_mixin.py:151} INFO - [2023-10-07T04:47:38.581+0530] {dagbag.py:539} INFO - Filling up the DagBag from /home/raj/Downloads/kafka_2.13-3.5.1/airflow-env/lib64/python3.11/site-packages/airflow/example_dags/example_dynamic_task_mapping_with_no_taskflow_operators.py
[2023-10-07T04:47:38.596+0530] {processor.py:839} INFO - DAG(s) dict_keys(['example_dynamic_task_mapping_with_no_taskflow_operators']) retrieved from /home/raj/Downloads/kafka_2.13-3.5.1/airflow-env/lib64/python3.11/site-packages/airflow/example_dags/example_dynamic_task_mapping_with_no_taskflow_operators.py
[2023-10-07T04:47:38.609+0530] {logging_mixin.py:151} INFO - [2023-10-07T04:47:38.609+0530] {dag.py:2915} INFO - Sync 1 DAGs
[2023-10-07T04:47:38.626+0530] {logging_mixin.py:151} INFO - [2023-10-07T04:47:38.626+0530] {dag.py:3696} INFO - Setting next_dagrun for example_dynamic_task_mapping_with_no_taskflow_operators to 2023-10-05T23:17:38.625848+00:00, run_after=2023-10-06T23:17:38.625848+00:00
[2023-10-07T04:47:38.646+0530] {processor.py:179} INFO - Processing /home/raj/Downloads/kafka_2.13-3.5.1/airflow-env/lib64/python3.11/site-packages/airflow/example_dags/example_dynamic_task_mapping_with_no_taskflow_operators.py took 0.073 seconds
[2023-10-07T04:48:29.662+0530] {processor.py:157} INFO - Started process (PID=11096) to work on /home/raj/Downloads/kafka_2.13-3.5.1/airflow-env/lib64/python3.11/site-packages/airflow/example_dags/example_dynamic_task_mapping_with_no_taskflow_operators.py
[2023-10-07T04:48:29.673+0530] {processor.py:829} INFO - Processing file /home/raj/Downloads/kafka_2.13-3.5.1/airflow-env/lib64/python3.11/site-packages/airflow/example_dags/example_dynamic_task_mapping_with_no_taskflow_operators.py for tasks to queue
[2023-10-07T04:48:29.675+0530] {logging_mixin.py:151} INFO - [2023-10-07T04:48:29.674+0530] {dagbag.py:539} INFO - Filling up the DagBag from /home/raj/Downloads/kafka_2.13-3.5.1/airflow-env/lib64/python3.11/site-packages/airflow/example_dags/example_dynamic_task_mapping_with_no_taskflow_operators.py
[2023-10-07T04:48:29.690+0530] {processor.py:839} INFO - DAG(s) dict_keys(['example_dynamic_task_mapping_with_no_taskflow_operators']) retrieved from /home/raj/Downloads/kafka_2.13-3.5.1/airflow-env/lib64/python3.11/site-packages/airflow/example_dags/example_dynamic_task_mapping_with_no_taskflow_operators.py
[2023-10-07T04:48:29.720+0530] {logging_mixin.py:151} INFO - [2023-10-07T04:48:29.720+0530] {dag.py:2915} INFO - Sync 1 DAGs
[2023-10-07T04:48:29.742+0530] {logging_mixin.py:151} INFO - [2023-10-07T04:48:29.742+0530] {dag.py:3696} INFO - Setting next_dagrun for example_dynamic_task_mapping_with_no_taskflow_operators to 2023-10-05T23:18:29.742530+00:00, run_after=2023-10-06T23:18:29.742530+00:00
[2023-10-07T04:48:29.764+0530] {processor.py:179} INFO - Processing /home/raj/Downloads/kafka_2.13-3.5.1/airflow-env/lib64/python3.11/site-packages/airflow/example_dags/example_dynamic_task_mapping_with_no_taskflow_operators.py took 0.108 seconds
[2023-10-07T04:49:24.484+0530] {processor.py:157} INFO - Started process (PID=11225) to work on /home/raj/Downloads/kafka_2.13-3.5.1/airflow-env/lib64/python3.11/site-packages/airflow/example_dags/example_dynamic_task_mapping_with_no_taskflow_operators.py
[2023-10-07T04:49:24.495+0530] {processor.py:829} INFO - Processing file /home/raj/Downloads/kafka_2.13-3.5.1/airflow-env/lib64/python3.11/site-packages/airflow/example_dags/example_dynamic_task_mapping_with_no_taskflow_operators.py for tasks to queue
[2023-10-07T04:49:24.497+0530] {logging_mixin.py:151} INFO - [2023-10-07T04:49:24.496+0530] {dagbag.py:539} INFO - Filling up the DagBag from /home/raj/Downloads/kafka_2.13-3.5.1/airflow-env/lib64/python3.11/site-packages/airflow/example_dags/example_dynamic_task_mapping_with_no_taskflow_operators.py
[2023-10-07T04:49:24.512+0530] {processor.py:839} INFO - DAG(s) dict_keys(['example_dynamic_task_mapping_with_no_taskflow_operators']) retrieved from /home/raj/Downloads/kafka_2.13-3.5.1/airflow-env/lib64/python3.11/site-packages/airflow/example_dags/example_dynamic_task_mapping_with_no_taskflow_operators.py
[2023-10-07T04:49:24.539+0530] {logging_mixin.py:151} INFO - [2023-10-07T04:49:24.539+0530] {dag.py:2915} INFO - Sync 1 DAGs
[2023-10-07T04:49:24.556+0530] {logging_mixin.py:151} INFO - [2023-10-07T04:49:24.555+0530] {dag.py:3696} INFO - Setting next_dagrun for example_dynamic_task_mapping_with_no_taskflow_operators to 2023-10-05T23:19:24.555713+00:00, run_after=2023-10-06T23:19:24.555713+00:00
[2023-10-07T04:49:24.573+0530] {processor.py:179} INFO - Processing /home/raj/Downloads/kafka_2.13-3.5.1/airflow-env/lib64/python3.11/site-packages/airflow/example_dags/example_dynamic_task_mapping_with_no_taskflow_operators.py took 0.095 seconds
[2023-10-07T04:50:21.979+0530] {processor.py:157} INFO - Started process (PID=11318) to work on /home/raj/Downloads/kafka_2.13-3.5.1/airflow-env/lib64/python3.11/site-packages/airflow/example_dags/example_dynamic_task_mapping_with_no_taskflow_operators.py
[2023-10-07T04:50:21.990+0530] {processor.py:829} INFO - Processing file /home/raj/Downloads/kafka_2.13-3.5.1/airflow-env/lib64/python3.11/site-packages/airflow/example_dags/example_dynamic_task_mapping_with_no_taskflow_operators.py for tasks to queue
[2023-10-07T04:50:21.993+0530] {logging_mixin.py:151} INFO - [2023-10-07T04:50:21.992+0530] {dagbag.py:539} INFO - Filling up the DagBag from /home/raj/Downloads/kafka_2.13-3.5.1/airflow-env/lib64/python3.11/site-packages/airflow/example_dags/example_dynamic_task_mapping_with_no_taskflow_operators.py
[2023-10-07T04:50:22.008+0530] {processor.py:839} INFO - DAG(s) dict_keys(['example_dynamic_task_mapping_with_no_taskflow_operators']) retrieved from /home/raj/Downloads/kafka_2.13-3.5.1/airflow-env/lib64/python3.11/site-packages/airflow/example_dags/example_dynamic_task_mapping_with_no_taskflow_operators.py
[2023-10-07T04:50:22.023+0530] {logging_mixin.py:151} INFO - [2023-10-07T04:50:22.023+0530] {dag.py:2915} INFO - Sync 1 DAGs
[2023-10-07T04:50:22.038+0530] {logging_mixin.py:151} INFO - [2023-10-07T04:50:22.038+0530] {dag.py:3696} INFO - Setting next_dagrun for example_dynamic_task_mapping_with_no_taskflow_operators to 2023-10-05T23:20:22.038432+00:00, run_after=2023-10-06T23:20:22.038432+00:00
[2023-10-07T04:50:22.055+0530] {processor.py:179} INFO - Processing /home/raj/Downloads/kafka_2.13-3.5.1/airflow-env/lib64/python3.11/site-packages/airflow/example_dags/example_dynamic_task_mapping_with_no_taskflow_operators.py took 0.081 seconds
[2023-10-07T04:51:10.451+0530] {processor.py:157} INFO - Started process (PID=11426) to work on /home/raj/Downloads/kafka_2.13-3.5.1/airflow-env/lib64/python3.11/site-packages/airflow/example_dags/example_dynamic_task_mapping_with_no_taskflow_operators.py
[2023-10-07T04:51:10.461+0530] {processor.py:829} INFO - Processing file /home/raj/Downloads/kafka_2.13-3.5.1/airflow-env/lib64/python3.11/site-packages/airflow/example_dags/example_dynamic_task_mapping_with_no_taskflow_operators.py for tasks to queue
[2023-10-07T04:51:10.462+0530] {logging_mixin.py:151} INFO - [2023-10-07T04:51:10.462+0530] {dagbag.py:539} INFO - Filling up the DagBag from /home/raj/Downloads/kafka_2.13-3.5.1/airflow-env/lib64/python3.11/site-packages/airflow/example_dags/example_dynamic_task_mapping_with_no_taskflow_operators.py
[2023-10-07T04:51:10.469+0530] {processor.py:839} INFO - DAG(s) dict_keys(['example_dynamic_task_mapping_with_no_taskflow_operators']) retrieved from /home/raj/Downloads/kafka_2.13-3.5.1/airflow-env/lib64/python3.11/site-packages/airflow/example_dags/example_dynamic_task_mapping_with_no_taskflow_operators.py
[2023-10-07T04:51:10.483+0530] {logging_mixin.py:151} INFO - [2023-10-07T04:51:10.483+0530] {dag.py:2915} INFO - Sync 1 DAGs
[2023-10-07T04:51:10.503+0530] {logging_mixin.py:151} INFO - [2023-10-07T04:51:10.503+0530] {dag.py:3696} INFO - Setting next_dagrun for example_dynamic_task_mapping_with_no_taskflow_operators to 2023-10-05T23:21:10.502798+00:00, run_after=2023-10-06T23:21:10.502798+00:00
[2023-10-07T04:51:10.523+0530] {processor.py:179} INFO - Processing /home/raj/Downloads/kafka_2.13-3.5.1/airflow-env/lib64/python3.11/site-packages/airflow/example_dags/example_dynamic_task_mapping_with_no_taskflow_operators.py took 0.077 seconds
[2023-10-07T04:52:04.386+0530] {processor.py:157} INFO - Started process (PID=11625) to work on /home/raj/Downloads/kafka_2.13-3.5.1/airflow-env/lib64/python3.11/site-packages/airflow/example_dags/example_dynamic_task_mapping_with_no_taskflow_operators.py
[2023-10-07T04:52:04.387+0530] {processor.py:829} INFO - Processing file /home/raj/Downloads/kafka_2.13-3.5.1/airflow-env/lib64/python3.11/site-packages/airflow/example_dags/example_dynamic_task_mapping_with_no_taskflow_operators.py for tasks to queue
[2023-10-07T04:52:04.388+0530] {logging_mixin.py:151} INFO - [2023-10-07T04:52:04.387+0530] {dagbag.py:539} INFO - Filling up the DagBag from /home/raj/Downloads/kafka_2.13-3.5.1/airflow-env/lib64/python3.11/site-packages/airflow/example_dags/example_dynamic_task_mapping_with_no_taskflow_operators.py
[2023-10-07T04:52:04.396+0530] {processor.py:839} INFO - DAG(s) dict_keys(['example_dynamic_task_mapping_with_no_taskflow_operators']) retrieved from /home/raj/Downloads/kafka_2.13-3.5.1/airflow-env/lib64/python3.11/site-packages/airflow/example_dags/example_dynamic_task_mapping_with_no_taskflow_operators.py
[2023-10-07T04:52:04.413+0530] {logging_mixin.py:151} INFO - [2023-10-07T04:52:04.413+0530] {dag.py:2915} INFO - Sync 1 DAGs
[2023-10-07T04:52:04.438+0530] {logging_mixin.py:151} INFO - [2023-10-07T04:52:04.438+0530] {dag.py:3696} INFO - Setting next_dagrun for example_dynamic_task_mapping_with_no_taskflow_operators to 2023-10-05T23:22:04.438249+00:00, run_after=2023-10-06T23:22:04.438249+00:00
[2023-10-07T04:52:04.465+0530] {processor.py:179} INFO - Processing /home/raj/Downloads/kafka_2.13-3.5.1/airflow-env/lib64/python3.11/site-packages/airflow/example_dags/example_dynamic_task_mapping_with_no_taskflow_operators.py took 0.083 seconds
[2023-10-07T04:52:57.036+0530] {processor.py:157} INFO - Started process (PID=11771) to work on /home/raj/Downloads/kafka_2.13-3.5.1/airflow-env/lib64/python3.11/site-packages/airflow/example_dags/example_dynamic_task_mapping_with_no_taskflow_operators.py
[2023-10-07T04:52:57.038+0530] {processor.py:829} INFO - Processing file /home/raj/Downloads/kafka_2.13-3.5.1/airflow-env/lib64/python3.11/site-packages/airflow/example_dags/example_dynamic_task_mapping_with_no_taskflow_operators.py for tasks to queue
[2023-10-07T04:52:57.039+0530] {logging_mixin.py:151} INFO - [2023-10-07T04:52:57.039+0530] {dagbag.py:539} INFO - Filling up the DagBag from /home/raj/Downloads/kafka_2.13-3.5.1/airflow-env/lib64/python3.11/site-packages/airflow/example_dags/example_dynamic_task_mapping_with_no_taskflow_operators.py
[2023-10-07T04:52:57.053+0530] {processor.py:839} INFO - DAG(s) dict_keys(['example_dynamic_task_mapping_with_no_taskflow_operators']) retrieved from /home/raj/Downloads/kafka_2.13-3.5.1/airflow-env/lib64/python3.11/site-packages/airflow/example_dags/example_dynamic_task_mapping_with_no_taskflow_operators.py
[2023-10-07T04:52:57.076+0530] {logging_mixin.py:151} INFO - [2023-10-07T04:52:57.076+0530] {dag.py:2915} INFO - Sync 1 DAGs
[2023-10-07T04:52:57.092+0530] {logging_mixin.py:151} INFO - [2023-10-07T04:52:57.092+0530] {dag.py:3696} INFO - Setting next_dagrun for example_dynamic_task_mapping_with_no_taskflow_operators to 2023-10-05T23:22:57.092654+00:00, run_after=2023-10-06T23:22:57.092654+00:00
[2023-10-07T04:52:57.109+0530] {processor.py:179} INFO - Processing /home/raj/Downloads/kafka_2.13-3.5.1/airflow-env/lib64/python3.11/site-packages/airflow/example_dags/example_dynamic_task_mapping_with_no_taskflow_operators.py took 0.078 seconds
[2023-10-07T04:53:41.576+0530] {processor.py:157} INFO - Started process (PID=11929) to work on /home/raj/Downloads/kafka_2.13-3.5.1/airflow-env/lib64/python3.11/site-packages/airflow/example_dags/example_dynamic_task_mapping_with_no_taskflow_operators.py
[2023-10-07T04:53:41.586+0530] {processor.py:829} INFO - Processing file /home/raj/Downloads/kafka_2.13-3.5.1/airflow-env/lib64/python3.11/site-packages/airflow/example_dags/example_dynamic_task_mapping_with_no_taskflow_operators.py for tasks to queue
[2023-10-07T04:53:41.587+0530] {logging_mixin.py:151} INFO - [2023-10-07T04:53:41.587+0530] {dagbag.py:539} INFO - Filling up the DagBag from /home/raj/Downloads/kafka_2.13-3.5.1/airflow-env/lib64/python3.11/site-packages/airflow/example_dags/example_dynamic_task_mapping_with_no_taskflow_operators.py
[2023-10-07T04:53:41.594+0530] {processor.py:839} INFO - DAG(s) dict_keys(['example_dynamic_task_mapping_with_no_taskflow_operators']) retrieved from /home/raj/Downloads/kafka_2.13-3.5.1/airflow-env/lib64/python3.11/site-packages/airflow/example_dags/example_dynamic_task_mapping_with_no_taskflow_operators.py
[2023-10-07T04:53:41.608+0530] {logging_mixin.py:151} INFO - [2023-10-07T04:53:41.608+0530] {dag.py:2915} INFO - Sync 1 DAGs
[2023-10-07T04:53:41.627+0530] {logging_mixin.py:151} INFO - [2023-10-07T04:53:41.627+0530] {dag.py:3696} INFO - Setting next_dagrun for example_dynamic_task_mapping_with_no_taskflow_operators to 2023-10-05T23:23:41.627158+00:00, run_after=2023-10-06T23:23:41.627158+00:00
[2023-10-07T04:53:41.649+0530] {processor.py:179} INFO - Processing /home/raj/Downloads/kafka_2.13-3.5.1/airflow-env/lib64/python3.11/site-packages/airflow/example_dags/example_dynamic_task_mapping_with_no_taskflow_operators.py took 0.076 seconds
[2023-10-07T04:54:31.107+0530] {processor.py:157} INFO - Started process (PID=12004) to work on /home/raj/Downloads/kafka_2.13-3.5.1/airflow-env/lib64/python3.11/site-packages/airflow/example_dags/example_dynamic_task_mapping_with_no_taskflow_operators.py
[2023-10-07T04:54:31.117+0530] {processor.py:829} INFO - Processing file /home/raj/Downloads/kafka_2.13-3.5.1/airflow-env/lib64/python3.11/site-packages/airflow/example_dags/example_dynamic_task_mapping_with_no_taskflow_operators.py for tasks to queue
[2023-10-07T04:54:31.119+0530] {logging_mixin.py:151} INFO - [2023-10-07T04:54:31.118+0530] {dagbag.py:539} INFO - Filling up the DagBag from /home/raj/Downloads/kafka_2.13-3.5.1/airflow-env/lib64/python3.11/site-packages/airflow/example_dags/example_dynamic_task_mapping_with_no_taskflow_operators.py
[2023-10-07T04:54:31.129+0530] {processor.py:839} INFO - DAG(s) dict_keys(['example_dynamic_task_mapping_with_no_taskflow_operators']) retrieved from /home/raj/Downloads/kafka_2.13-3.5.1/airflow-env/lib64/python3.11/site-packages/airflow/example_dags/example_dynamic_task_mapping_with_no_taskflow_operators.py
[2023-10-07T04:54:31.151+0530] {logging_mixin.py:151} INFO - [2023-10-07T04:54:31.150+0530] {dag.py:2915} INFO - Sync 1 DAGs
[2023-10-07T04:54:31.183+0530] {logging_mixin.py:151} INFO - [2023-10-07T04:54:31.183+0530] {dag.py:3696} INFO - Setting next_dagrun for example_dynamic_task_mapping_with_no_taskflow_operators to 2023-10-05T23:24:31.182852+00:00, run_after=2023-10-06T23:24:31.182852+00:00
[2023-10-07T04:54:31.205+0530] {processor.py:179} INFO - Processing /home/raj/Downloads/kafka_2.13-3.5.1/airflow-env/lib64/python3.11/site-packages/airflow/example_dags/example_dynamic_task_mapping_with_no_taskflow_operators.py took 0.102 seconds
[2023-10-07T04:56:05.267+0530] {processor.py:157} INFO - Started process (PID=12241) to work on /home/raj/Downloads/kafka_2.13-3.5.1/airflow-env/lib64/python3.11/site-packages/airflow/example_dags/example_dynamic_task_mapping_with_no_taskflow_operators.py
[2023-10-07T04:56:05.278+0530] {processor.py:829} INFO - Processing file /home/raj/Downloads/kafka_2.13-3.5.1/airflow-env/lib64/python3.11/site-packages/airflow/example_dags/example_dynamic_task_mapping_with_no_taskflow_operators.py for tasks to queue
[2023-10-07T04:56:05.279+0530] {logging_mixin.py:151} INFO - [2023-10-07T04:56:05.278+0530] {dagbag.py:539} INFO - Filling up the DagBag from /home/raj/Downloads/kafka_2.13-3.5.1/airflow-env/lib64/python3.11/site-packages/airflow/example_dags/example_dynamic_task_mapping_with_no_taskflow_operators.py
[2023-10-07T04:56:05.286+0530] {processor.py:839} INFO - DAG(s) dict_keys(['example_dynamic_task_mapping_with_no_taskflow_operators']) retrieved from /home/raj/Downloads/kafka_2.13-3.5.1/airflow-env/lib64/python3.11/site-packages/airflow/example_dags/example_dynamic_task_mapping_with_no_taskflow_operators.py
[2023-10-07T04:56:05.301+0530] {logging_mixin.py:151} INFO - [2023-10-07T04:56:05.301+0530] {dag.py:2915} INFO - Sync 1 DAGs
[2023-10-07T04:56:05.319+0530] {logging_mixin.py:151} INFO - [2023-10-07T04:56:05.319+0530] {dag.py:3696} INFO - Setting next_dagrun for example_dynamic_task_mapping_with_no_taskflow_operators to 2023-10-05T23:26:05.319122+00:00, run_after=2023-10-06T23:26:05.319122+00:00
[2023-10-07T04:56:05.340+0530] {processor.py:179} INFO - Processing /home/raj/Downloads/kafka_2.13-3.5.1/airflow-env/lib64/python3.11/site-packages/airflow/example_dags/example_dynamic_task_mapping_with_no_taskflow_operators.py took 0.075 seconds
[2023-10-07T04:56:55.245+0530] {processor.py:157} INFO - Started process (PID=12315) to work on /home/raj/Downloads/kafka_2.13-3.5.1/airflow-env/lib64/python3.11/site-packages/airflow/example_dags/example_dynamic_task_mapping_with_no_taskflow_operators.py
[2023-10-07T04:56:55.256+0530] {processor.py:829} INFO - Processing file /home/raj/Downloads/kafka_2.13-3.5.1/airflow-env/lib64/python3.11/site-packages/airflow/example_dags/example_dynamic_task_mapping_with_no_taskflow_operators.py for tasks to queue
[2023-10-07T04:56:55.258+0530] {logging_mixin.py:151} INFO - [2023-10-07T04:56:55.257+0530] {dagbag.py:539} INFO - Filling up the DagBag from /home/raj/Downloads/kafka_2.13-3.5.1/airflow-env/lib64/python3.11/site-packages/airflow/example_dags/example_dynamic_task_mapping_with_no_taskflow_operators.py
[2023-10-07T04:56:55.270+0530] {processor.py:839} INFO - DAG(s) dict_keys(['example_dynamic_task_mapping_with_no_taskflow_operators']) retrieved from /home/raj/Downloads/kafka_2.13-3.5.1/airflow-env/lib64/python3.11/site-packages/airflow/example_dags/example_dynamic_task_mapping_with_no_taskflow_operators.py
[2023-10-07T04:56:55.290+0530] {logging_mixin.py:151} INFO - [2023-10-07T04:56:55.289+0530] {dag.py:2915} INFO - Sync 1 DAGs
[2023-10-07T04:56:55.317+0530] {logging_mixin.py:151} INFO - [2023-10-07T04:56:55.317+0530] {dag.py:3696} INFO - Setting next_dagrun for example_dynamic_task_mapping_with_no_taskflow_operators to 2023-10-05T23:26:55.317447+00:00, run_after=2023-10-06T23:26:55.317447+00:00
[2023-10-07T04:56:55.344+0530] {processor.py:179} INFO - Processing /home/raj/Downloads/kafka_2.13-3.5.1/airflow-env/lib64/python3.11/site-packages/airflow/example_dags/example_dynamic_task_mapping_with_no_taskflow_operators.py took 0.105 seconds
[2023-10-07T04:57:44.001+0530] {processor.py:157} INFO - Started process (PID=12469) to work on /home/raj/Downloads/kafka_2.13-3.5.1/airflow-env/lib64/python3.11/site-packages/airflow/example_dags/example_dynamic_task_mapping_with_no_taskflow_operators.py
[2023-10-07T04:57:44.002+0530] {processor.py:829} INFO - Processing file /home/raj/Downloads/kafka_2.13-3.5.1/airflow-env/lib64/python3.11/site-packages/airflow/example_dags/example_dynamic_task_mapping_with_no_taskflow_operators.py for tasks to queue
[2023-10-07T04:57:44.004+0530] {logging_mixin.py:151} INFO - [2023-10-07T04:57:44.003+0530] {dagbag.py:539} INFO - Filling up the DagBag from /home/raj/Downloads/kafka_2.13-3.5.1/airflow-env/lib64/python3.11/site-packages/airflow/example_dags/example_dynamic_task_mapping_with_no_taskflow_operators.py
[2023-10-07T04:57:44.020+0530] {processor.py:839} INFO - DAG(s) dict_keys(['example_dynamic_task_mapping_with_no_taskflow_operators']) retrieved from /home/raj/Downloads/kafka_2.13-3.5.1/airflow-env/lib64/python3.11/site-packages/airflow/example_dags/example_dynamic_task_mapping_with_no_taskflow_operators.py
[2023-10-07T04:57:44.042+0530] {logging_mixin.py:151} INFO - [2023-10-07T04:57:44.041+0530] {dag.py:2915} INFO - Sync 1 DAGs
[2023-10-07T04:57:44.057+0530] {logging_mixin.py:151} INFO - [2023-10-07T04:57:44.057+0530] {dag.py:3696} INFO - Setting next_dagrun for example_dynamic_task_mapping_with_no_taskflow_operators to 2023-10-05T23:27:44.057415+00:00, run_after=2023-10-06T23:27:44.057415+00:00
[2023-10-07T04:57:44.083+0530] {processor.py:179} INFO - Processing /home/raj/Downloads/kafka_2.13-3.5.1/airflow-env/lib64/python3.11/site-packages/airflow/example_dags/example_dynamic_task_mapping_with_no_taskflow_operators.py took 0.088 seconds
[2023-10-07T04:58:37.695+0530] {processor.py:157} INFO - Started process (PID=12542) to work on /home/raj/Downloads/kafka_2.13-3.5.1/airflow-env/lib64/python3.11/site-packages/airflow/example_dags/example_dynamic_task_mapping_with_no_taskflow_operators.py
[2023-10-07T04:58:37.706+0530] {processor.py:829} INFO - Processing file /home/raj/Downloads/kafka_2.13-3.5.1/airflow-env/lib64/python3.11/site-packages/airflow/example_dags/example_dynamic_task_mapping_with_no_taskflow_operators.py for tasks to queue
[2023-10-07T04:58:37.708+0530] {logging_mixin.py:151} INFO - [2023-10-07T04:58:37.707+0530] {dagbag.py:539} INFO - Filling up the DagBag from /home/raj/Downloads/kafka_2.13-3.5.1/airflow-env/lib64/python3.11/site-packages/airflow/example_dags/example_dynamic_task_mapping_with_no_taskflow_operators.py
[2023-10-07T04:58:37.715+0530] {processor.py:839} INFO - DAG(s) dict_keys(['example_dynamic_task_mapping_with_no_taskflow_operators']) retrieved from /home/raj/Downloads/kafka_2.13-3.5.1/airflow-env/lib64/python3.11/site-packages/airflow/example_dags/example_dynamic_task_mapping_with_no_taskflow_operators.py
[2023-10-07T04:58:37.728+0530] {logging_mixin.py:151} INFO - [2023-10-07T04:58:37.728+0530] {dag.py:2915} INFO - Sync 1 DAGs
[2023-10-07T04:58:37.744+0530] {logging_mixin.py:151} INFO - [2023-10-07T04:58:37.743+0530] {dag.py:3696} INFO - Setting next_dagrun for example_dynamic_task_mapping_with_no_taskflow_operators to 2023-10-05T23:28:37.743688+00:00, run_after=2023-10-06T23:28:37.743688+00:00
[2023-10-07T04:58:37.761+0530] {processor.py:179} INFO - Processing /home/raj/Downloads/kafka_2.13-3.5.1/airflow-env/lib64/python3.11/site-packages/airflow/example_dags/example_dynamic_task_mapping_with_no_taskflow_operators.py took 0.072 seconds
