[2023-10-07T04:00:05.958+0530] {processor.py:157} INFO - Started process (PID=18113) to work on /home/raj/Downloads/kafka_2.13-3.5.1/airflow-env/lib64/python3.11/site-packages/airflow/example_dags/example_nested_branch_dag.py
[2023-10-07T04:00:05.959+0530] {processor.py:829} INFO - Processing file /home/raj/Downloads/kafka_2.13-3.5.1/airflow-env/lib64/python3.11/site-packages/airflow/example_dags/example_nested_branch_dag.py for tasks to queue
[2023-10-07T04:00:05.961+0530] {logging_mixin.py:151} INFO - [2023-10-07T04:00:05.960+0530] {dagbag.py:539} INFO - Filling up the DagBag from /home/raj/Downloads/kafka_2.13-3.5.1/airflow-env/lib64/python3.11/site-packages/airflow/example_dags/example_nested_branch_dag.py
[2023-10-07T04:00:05.980+0530] {processor.py:839} INFO - DAG(s) dict_keys(['example_nested_branch_dag']) retrieved from /home/raj/Downloads/kafka_2.13-3.5.1/airflow-env/lib64/python3.11/site-packages/airflow/example_dags/example_nested_branch_dag.py
[2023-10-07T04:00:06.090+0530] {logging_mixin.py:151} INFO - [2023-10-07T04:00:06.090+0530] {manager.py:499} INFO - Created Permission View: %s
[2023-10-07T04:00:06.103+0530] {logging_mixin.py:151} INFO - [2023-10-07T04:00:06.102+0530] {manager.py:499} INFO - Created Permission View: %s
[2023-10-07T04:00:06.112+0530] {logging_mixin.py:151} INFO - [2023-10-07T04:00:06.112+0530] {manager.py:499} INFO - Created Permission View: %s
[2023-10-07T04:00:06.113+0530] {logging_mixin.py:151} INFO - [2023-10-07T04:00:06.113+0530] {security.py:708} INFO - Not syncing DAG-level permissions for DAG 'DAG:example_nested_branch_dag' as access control is unset.
[2023-10-07T04:00:06.113+0530] {logging_mixin.py:151} INFO - [2023-10-07T04:00:06.113+0530] {dag.py:2915} INFO - Sync 1 DAGs
[2023-10-07T04:00:06.126+0530] {logging_mixin.py:151} INFO - [2023-10-07T04:00:06.126+0530] {dag.py:2937} INFO - Creating ORM DAG for example_nested_branch_dag
[2023-10-07T04:00:06.136+0530] {logging_mixin.py:151} INFO - [2023-10-07T04:00:06.136+0530] {dag.py:3696} INFO - Setting next_dagrun for example_nested_branch_dag to 2023-10-05T00:00:00+00:00, run_after=2023-10-06T00:00:00+00:00
[2023-10-07T04:00:06.160+0530] {processor.py:179} INFO - Processing /home/raj/Downloads/kafka_2.13-3.5.1/airflow-env/lib64/python3.11/site-packages/airflow/example_dags/example_nested_branch_dag.py took 0.207 seconds
[2023-10-07T04:00:54.141+0530] {processor.py:157} INFO - Started process (PID=18163) to work on /home/raj/Downloads/kafka_2.13-3.5.1/airflow-env/lib64/python3.11/site-packages/airflow/example_dags/example_nested_branch_dag.py
[2023-10-07T04:00:54.143+0530] {processor.py:829} INFO - Processing file /home/raj/Downloads/kafka_2.13-3.5.1/airflow-env/lib64/python3.11/site-packages/airflow/example_dags/example_nested_branch_dag.py for tasks to queue
[2023-10-07T04:00:54.145+0530] {logging_mixin.py:151} INFO - [2023-10-07T04:00:54.144+0530] {dagbag.py:539} INFO - Filling up the DagBag from /home/raj/Downloads/kafka_2.13-3.5.1/airflow-env/lib64/python3.11/site-packages/airflow/example_dags/example_nested_branch_dag.py
[2023-10-07T04:00:54.166+0530] {processor.py:839} INFO - DAG(s) dict_keys(['example_nested_branch_dag']) retrieved from /home/raj/Downloads/kafka_2.13-3.5.1/airflow-env/lib64/python3.11/site-packages/airflow/example_dags/example_nested_branch_dag.py
[2023-10-07T04:00:54.184+0530] {logging_mixin.py:151} INFO - [2023-10-07T04:00:54.183+0530] {dag.py:2915} INFO - Sync 1 DAGs
[2023-10-07T04:00:54.208+0530] {logging_mixin.py:151} INFO - [2023-10-07T04:00:54.208+0530] {dag.py:3696} INFO - Setting next_dagrun for example_nested_branch_dag to 2023-10-05T00:00:00+00:00, run_after=2023-10-06T00:00:00+00:00
[2023-10-07T04:00:54.242+0530] {processor.py:179} INFO - Processing /home/raj/Downloads/kafka_2.13-3.5.1/airflow-env/lib64/python3.11/site-packages/airflow/example_dags/example_nested_branch_dag.py took 0.107 seconds
[2023-10-07T04:01:42.852+0530] {processor.py:157} INFO - Started process (PID=18310) to work on /home/raj/Downloads/kafka_2.13-3.5.1/airflow-env/lib64/python3.11/site-packages/airflow/example_dags/example_nested_branch_dag.py
[2023-10-07T04:01:42.853+0530] {processor.py:829} INFO - Processing file /home/raj/Downloads/kafka_2.13-3.5.1/airflow-env/lib64/python3.11/site-packages/airflow/example_dags/example_nested_branch_dag.py for tasks to queue
[2023-10-07T04:01:42.855+0530] {logging_mixin.py:151} INFO - [2023-10-07T04:01:42.854+0530] {dagbag.py:539} INFO - Filling up the DagBag from /home/raj/Downloads/kafka_2.13-3.5.1/airflow-env/lib64/python3.11/site-packages/airflow/example_dags/example_nested_branch_dag.py
[2023-10-07T04:01:42.875+0530] {processor.py:839} INFO - DAG(s) dict_keys(['example_nested_branch_dag']) retrieved from /home/raj/Downloads/kafka_2.13-3.5.1/airflow-env/lib64/python3.11/site-packages/airflow/example_dags/example_nested_branch_dag.py
[2023-10-07T04:01:42.896+0530] {logging_mixin.py:151} INFO - [2023-10-07T04:01:42.896+0530] {dag.py:2915} INFO - Sync 1 DAGs
[2023-10-07T04:01:42.913+0530] {logging_mixin.py:151} INFO - [2023-10-07T04:01:42.912+0530] {dag.py:3696} INFO - Setting next_dagrun for example_nested_branch_dag to 2023-10-05T00:00:00+00:00, run_after=2023-10-06T00:00:00+00:00
[2023-10-07T04:01:42.944+0530] {processor.py:179} INFO - Processing /home/raj/Downloads/kafka_2.13-3.5.1/airflow-env/lib64/python3.11/site-packages/airflow/example_dags/example_nested_branch_dag.py took 0.097 seconds
[2023-10-07T04:02:37.945+0530] {processor.py:157} INFO - Started process (PID=18433) to work on /home/raj/Downloads/kafka_2.13-3.5.1/airflow-env/lib64/python3.11/site-packages/airflow/example_dags/example_nested_branch_dag.py
[2023-10-07T04:02:37.946+0530] {processor.py:829} INFO - Processing file /home/raj/Downloads/kafka_2.13-3.5.1/airflow-env/lib64/python3.11/site-packages/airflow/example_dags/example_nested_branch_dag.py for tasks to queue
[2023-10-07T04:02:37.946+0530] {logging_mixin.py:151} INFO - [2023-10-07T04:02:37.946+0530] {dagbag.py:539} INFO - Filling up the DagBag from /home/raj/Downloads/kafka_2.13-3.5.1/airflow-env/lib64/python3.11/site-packages/airflow/example_dags/example_nested_branch_dag.py
[2023-10-07T04:02:37.958+0530] {processor.py:839} INFO - DAG(s) dict_keys(['example_nested_branch_dag']) retrieved from /home/raj/Downloads/kafka_2.13-3.5.1/airflow-env/lib64/python3.11/site-packages/airflow/example_dags/example_nested_branch_dag.py
[2023-10-07T04:02:37.989+0530] {logging_mixin.py:151} INFO - [2023-10-07T04:02:37.989+0530] {dag.py:2915} INFO - Sync 1 DAGs
[2023-10-07T04:02:38.006+0530] {logging_mixin.py:151} INFO - [2023-10-07T04:02:38.006+0530] {dag.py:3696} INFO - Setting next_dagrun for example_nested_branch_dag to 2023-10-05T00:00:00+00:00, run_after=2023-10-06T00:00:00+00:00
[2023-10-07T04:02:38.023+0530] {processor.py:179} INFO - Processing /home/raj/Downloads/kafka_2.13-3.5.1/airflow-env/lib64/python3.11/site-packages/airflow/example_dags/example_nested_branch_dag.py took 0.081 seconds
[2023-10-07T04:03:28.049+0530] {processor.py:157} INFO - Started process (PID=18660) to work on /home/raj/Downloads/kafka_2.13-3.5.1/airflow-env/lib64/python3.11/site-packages/airflow/example_dags/example_nested_branch_dag.py
[2023-10-07T04:03:28.060+0530] {processor.py:829} INFO - Processing file /home/raj/Downloads/kafka_2.13-3.5.1/airflow-env/lib64/python3.11/site-packages/airflow/example_dags/example_nested_branch_dag.py for tasks to queue
[2023-10-07T04:03:28.062+0530] {logging_mixin.py:151} INFO - [2023-10-07T04:03:28.061+0530] {dagbag.py:539} INFO - Filling up the DagBag from /home/raj/Downloads/kafka_2.13-3.5.1/airflow-env/lib64/python3.11/site-packages/airflow/example_dags/example_nested_branch_dag.py
[2023-10-07T04:03:28.080+0530] {processor.py:839} INFO - DAG(s) dict_keys(['example_nested_branch_dag']) retrieved from /home/raj/Downloads/kafka_2.13-3.5.1/airflow-env/lib64/python3.11/site-packages/airflow/example_dags/example_nested_branch_dag.py
[2023-10-07T04:03:28.094+0530] {logging_mixin.py:151} INFO - [2023-10-07T04:03:28.094+0530] {dag.py:2915} INFO - Sync 1 DAGs
[2023-10-07T04:03:28.112+0530] {logging_mixin.py:151} INFO - [2023-10-07T04:03:28.111+0530] {dag.py:3696} INFO - Setting next_dagrun for example_nested_branch_dag to 2023-10-05T00:00:00+00:00, run_after=2023-10-06T00:00:00+00:00
[2023-10-07T04:03:28.133+0530] {processor.py:179} INFO - Processing /home/raj/Downloads/kafka_2.13-3.5.1/airflow-env/lib64/python3.11/site-packages/airflow/example_dags/example_nested_branch_dag.py took 0.090 seconds
[2023-10-07T04:04:14.516+0530] {processor.py:157} INFO - Started process (PID=18727) to work on /home/raj/Downloads/kafka_2.13-3.5.1/airflow-env/lib64/python3.11/site-packages/airflow/example_dags/example_nested_branch_dag.py
[2023-10-07T04:04:14.527+0530] {processor.py:829} INFO - Processing file /home/raj/Downloads/kafka_2.13-3.5.1/airflow-env/lib64/python3.11/site-packages/airflow/example_dags/example_nested_branch_dag.py for tasks to queue
[2023-10-07T04:04:14.529+0530] {logging_mixin.py:151} INFO - [2023-10-07T04:04:14.528+0530] {dagbag.py:539} INFO - Filling up the DagBag from /home/raj/Downloads/kafka_2.13-3.5.1/airflow-env/lib64/python3.11/site-packages/airflow/example_dags/example_nested_branch_dag.py
[2023-10-07T04:04:14.550+0530] {processor.py:839} INFO - DAG(s) dict_keys(['example_nested_branch_dag']) retrieved from /home/raj/Downloads/kafka_2.13-3.5.1/airflow-env/lib64/python3.11/site-packages/airflow/example_dags/example_nested_branch_dag.py
[2023-10-07T04:04:14.577+0530] {logging_mixin.py:151} INFO - [2023-10-07T04:04:14.576+0530] {dag.py:2915} INFO - Sync 1 DAGs
[2023-10-07T04:04:14.594+0530] {logging_mixin.py:151} INFO - [2023-10-07T04:04:14.594+0530] {dag.py:3696} INFO - Setting next_dagrun for example_nested_branch_dag to 2023-10-05T00:00:00+00:00, run_after=2023-10-06T00:00:00+00:00
[2023-10-07T04:04:14.612+0530] {processor.py:179} INFO - Processing /home/raj/Downloads/kafka_2.13-3.5.1/airflow-env/lib64/python3.11/site-packages/airflow/example_dags/example_nested_branch_dag.py took 0.101 seconds
[2023-10-07T04:05:04.326+0530] {processor.py:157} INFO - Started process (PID=18904) to work on /home/raj/Downloads/kafka_2.13-3.5.1/airflow-env/lib64/python3.11/site-packages/airflow/example_dags/example_nested_branch_dag.py
[2023-10-07T04:05:04.328+0530] {processor.py:829} INFO - Processing file /home/raj/Downloads/kafka_2.13-3.5.1/airflow-env/lib64/python3.11/site-packages/airflow/example_dags/example_nested_branch_dag.py for tasks to queue
[2023-10-07T04:05:04.329+0530] {logging_mixin.py:151} INFO - [2023-10-07T04:05:04.329+0530] {dagbag.py:539} INFO - Filling up the DagBag from /home/raj/Downloads/kafka_2.13-3.5.1/airflow-env/lib64/python3.11/site-packages/airflow/example_dags/example_nested_branch_dag.py
[2023-10-07T04:05:04.351+0530] {processor.py:839} INFO - DAG(s) dict_keys(['example_nested_branch_dag']) retrieved from /home/raj/Downloads/kafka_2.13-3.5.1/airflow-env/lib64/python3.11/site-packages/airflow/example_dags/example_nested_branch_dag.py
[2023-10-07T04:05:04.374+0530] {logging_mixin.py:151} INFO - [2023-10-07T04:05:04.374+0530] {dag.py:2915} INFO - Sync 1 DAGs
[2023-10-07T04:05:04.394+0530] {logging_mixin.py:151} INFO - [2023-10-07T04:05:04.394+0530] {dag.py:3696} INFO - Setting next_dagrun for example_nested_branch_dag to 2023-10-05T00:00:00+00:00, run_after=2023-10-06T00:00:00+00:00
[2023-10-07T04:05:04.418+0530] {processor.py:179} INFO - Processing /home/raj/Downloads/kafka_2.13-3.5.1/airflow-env/lib64/python3.11/site-packages/airflow/example_dags/example_nested_branch_dag.py took 0.097 seconds
[2023-10-07T04:05:56.509+0530] {processor.py:157} INFO - Started process (PID=19005) to work on /home/raj/Downloads/kafka_2.13-3.5.1/airflow-env/lib64/python3.11/site-packages/airflow/example_dags/example_nested_branch_dag.py
[2023-10-07T04:05:56.520+0530] {processor.py:829} INFO - Processing file /home/raj/Downloads/kafka_2.13-3.5.1/airflow-env/lib64/python3.11/site-packages/airflow/example_dags/example_nested_branch_dag.py for tasks to queue
[2023-10-07T04:05:56.522+0530] {logging_mixin.py:151} INFO - [2023-10-07T04:05:56.521+0530] {dagbag.py:539} INFO - Filling up the DagBag from /home/raj/Downloads/kafka_2.13-3.5.1/airflow-env/lib64/python3.11/site-packages/airflow/example_dags/example_nested_branch_dag.py
[2023-10-07T04:05:56.543+0530] {processor.py:839} INFO - DAG(s) dict_keys(['example_nested_branch_dag']) retrieved from /home/raj/Downloads/kafka_2.13-3.5.1/airflow-env/lib64/python3.11/site-packages/airflow/example_dags/example_nested_branch_dag.py
[2023-10-07T04:05:56.571+0530] {logging_mixin.py:151} INFO - [2023-10-07T04:05:56.571+0530] {dag.py:2915} INFO - Sync 1 DAGs
[2023-10-07T04:05:56.587+0530] {logging_mixin.py:151} INFO - [2023-10-07T04:05:56.587+0530] {dag.py:3696} INFO - Setting next_dagrun for example_nested_branch_dag to 2023-10-05T00:00:00+00:00, run_after=2023-10-06T00:00:00+00:00
[2023-10-07T04:05:56.607+0530] {processor.py:179} INFO - Processing /home/raj/Downloads/kafka_2.13-3.5.1/airflow-env/lib64/python3.11/site-packages/airflow/example_dags/example_nested_branch_dag.py took 0.104 seconds
[2023-10-07T04:06:51.952+0530] {processor.py:157} INFO - Started process (PID=19161) to work on /home/raj/Downloads/kafka_2.13-3.5.1/airflow-env/lib64/python3.11/site-packages/airflow/example_dags/example_nested_branch_dag.py
[2023-10-07T04:06:51.963+0530] {processor.py:829} INFO - Processing file /home/raj/Downloads/kafka_2.13-3.5.1/airflow-env/lib64/python3.11/site-packages/airflow/example_dags/example_nested_branch_dag.py for tasks to queue
[2023-10-07T04:06:51.965+0530] {logging_mixin.py:151} INFO - [2023-10-07T04:06:51.964+0530] {dagbag.py:539} INFO - Filling up the DagBag from /home/raj/Downloads/kafka_2.13-3.5.1/airflow-env/lib64/python3.11/site-packages/airflow/example_dags/example_nested_branch_dag.py
[2023-10-07T04:06:51.986+0530] {processor.py:839} INFO - DAG(s) dict_keys(['example_nested_branch_dag']) retrieved from /home/raj/Downloads/kafka_2.13-3.5.1/airflow-env/lib64/python3.11/site-packages/airflow/example_dags/example_nested_branch_dag.py
[2023-10-07T04:06:52.015+0530] {logging_mixin.py:151} INFO - [2023-10-07T04:06:52.015+0530] {dag.py:2915} INFO - Sync 1 DAGs
[2023-10-07T04:06:52.032+0530] {logging_mixin.py:151} INFO - [2023-10-07T04:06:52.032+0530] {dag.py:3696} INFO - Setting next_dagrun for example_nested_branch_dag to 2023-10-05T00:00:00+00:00, run_after=2023-10-06T00:00:00+00:00
[2023-10-07T04:06:52.052+0530] {processor.py:179} INFO - Processing /home/raj/Downloads/kafka_2.13-3.5.1/airflow-env/lib64/python3.11/site-packages/airflow/example_dags/example_nested_branch_dag.py took 0.105 seconds
[2023-10-07T04:07:48.916+0530] {processor.py:157} INFO - Started process (PID=19222) to work on /home/raj/Downloads/kafka_2.13-3.5.1/airflow-env/lib64/python3.11/site-packages/airflow/example_dags/example_nested_branch_dag.py
[2023-10-07T04:07:48.927+0530] {processor.py:829} INFO - Processing file /home/raj/Downloads/kafka_2.13-3.5.1/airflow-env/lib64/python3.11/site-packages/airflow/example_dags/example_nested_branch_dag.py for tasks to queue
[2023-10-07T04:07:48.929+0530] {logging_mixin.py:151} INFO - [2023-10-07T04:07:48.928+0530] {dagbag.py:539} INFO - Filling up the DagBag from /home/raj/Downloads/kafka_2.13-3.5.1/airflow-env/lib64/python3.11/site-packages/airflow/example_dags/example_nested_branch_dag.py
[2023-10-07T04:07:48.952+0530] {processor.py:839} INFO - DAG(s) dict_keys(['example_nested_branch_dag']) retrieved from /home/raj/Downloads/kafka_2.13-3.5.1/airflow-env/lib64/python3.11/site-packages/airflow/example_dags/example_nested_branch_dag.py
[2023-10-07T04:07:48.980+0530] {logging_mixin.py:151} INFO - [2023-10-07T04:07:48.979+0530] {dag.py:2915} INFO - Sync 1 DAGs
[2023-10-07T04:07:49.002+0530] {logging_mixin.py:151} INFO - [2023-10-07T04:07:49.002+0530] {dag.py:3696} INFO - Setting next_dagrun for example_nested_branch_dag to 2023-10-05T00:00:00+00:00, run_after=2023-10-06T00:00:00+00:00
[2023-10-07T04:07:49.022+0530] {processor.py:179} INFO - Processing /home/raj/Downloads/kafka_2.13-3.5.1/airflow-env/lib64/python3.11/site-packages/airflow/example_dags/example_nested_branch_dag.py took 0.111 seconds
[2023-10-07T04:08:42.450+0530] {processor.py:157} INFO - Started process (PID=19277) to work on /home/raj/Downloads/kafka_2.13-3.5.1/airflow-env/lib64/python3.11/site-packages/airflow/example_dags/example_nested_branch_dag.py
[2023-10-07T04:08:42.452+0530] {processor.py:829} INFO - Processing file /home/raj/Downloads/kafka_2.13-3.5.1/airflow-env/lib64/python3.11/site-packages/airflow/example_dags/example_nested_branch_dag.py for tasks to queue
[2023-10-07T04:08:42.453+0530] {logging_mixin.py:151} INFO - [2023-10-07T04:08:42.453+0530] {dagbag.py:539} INFO - Filling up the DagBag from /home/raj/Downloads/kafka_2.13-3.5.1/airflow-env/lib64/python3.11/site-packages/airflow/example_dags/example_nested_branch_dag.py
[2023-10-07T04:08:42.474+0530] {processor.py:839} INFO - DAG(s) dict_keys(['example_nested_branch_dag']) retrieved from /home/raj/Downloads/kafka_2.13-3.5.1/airflow-env/lib64/python3.11/site-packages/airflow/example_dags/example_nested_branch_dag.py
[2023-10-07T04:08:42.493+0530] {logging_mixin.py:151} INFO - [2023-10-07T04:08:42.493+0530] {dag.py:2915} INFO - Sync 1 DAGs
[2023-10-07T04:08:42.512+0530] {logging_mixin.py:151} INFO - [2023-10-07T04:08:42.512+0530] {dag.py:3696} INFO - Setting next_dagrun for example_nested_branch_dag to 2023-10-05T00:00:00+00:00, run_after=2023-10-06T00:00:00+00:00
[2023-10-07T04:08:42.530+0530] {processor.py:179} INFO - Processing /home/raj/Downloads/kafka_2.13-3.5.1/airflow-env/lib64/python3.11/site-packages/airflow/example_dags/example_nested_branch_dag.py took 0.085 seconds
[2023-10-07T04:09:35.788+0530] {processor.py:157} INFO - Started process (PID=19334) to work on /home/raj/Downloads/kafka_2.13-3.5.1/airflow-env/lib64/python3.11/site-packages/airflow/example_dags/example_nested_branch_dag.py
[2023-10-07T04:09:35.799+0530] {processor.py:829} INFO - Processing file /home/raj/Downloads/kafka_2.13-3.5.1/airflow-env/lib64/python3.11/site-packages/airflow/example_dags/example_nested_branch_dag.py for tasks to queue
[2023-10-07T04:09:35.801+0530] {logging_mixin.py:151} INFO - [2023-10-07T04:09:35.800+0530] {dagbag.py:539} INFO - Filling up the DagBag from /home/raj/Downloads/kafka_2.13-3.5.1/airflow-env/lib64/python3.11/site-packages/airflow/example_dags/example_nested_branch_dag.py
[2023-10-07T04:09:35.821+0530] {processor.py:839} INFO - DAG(s) dict_keys(['example_nested_branch_dag']) retrieved from /home/raj/Downloads/kafka_2.13-3.5.1/airflow-env/lib64/python3.11/site-packages/airflow/example_dags/example_nested_branch_dag.py
[2023-10-07T04:09:35.850+0530] {logging_mixin.py:151} INFO - [2023-10-07T04:09:35.850+0530] {dag.py:2915} INFO - Sync 1 DAGs
[2023-10-07T04:09:35.866+0530] {logging_mixin.py:151} INFO - [2023-10-07T04:09:35.866+0530] {dag.py:3696} INFO - Setting next_dagrun for example_nested_branch_dag to 2023-10-05T00:00:00+00:00, run_after=2023-10-06T00:00:00+00:00
[2023-10-07T04:09:35.884+0530] {processor.py:179} INFO - Processing /home/raj/Downloads/kafka_2.13-3.5.1/airflow-env/lib64/python3.11/site-packages/airflow/example_dags/example_nested_branch_dag.py took 0.101 seconds
[2023-10-07T04:10:24.465+0530] {processor.py:157} INFO - Started process (PID=19394) to work on /home/raj/Downloads/kafka_2.13-3.5.1/airflow-env/lib64/python3.11/site-packages/airflow/example_dags/example_nested_branch_dag.py
[2023-10-07T04:10:24.470+0530] {processor.py:829} INFO - Processing file /home/raj/Downloads/kafka_2.13-3.5.1/airflow-env/lib64/python3.11/site-packages/airflow/example_dags/example_nested_branch_dag.py for tasks to queue
[2023-10-07T04:10:24.472+0530] {logging_mixin.py:151} INFO - [2023-10-07T04:10:24.471+0530] {dagbag.py:539} INFO - Filling up the DagBag from /home/raj/Downloads/kafka_2.13-3.5.1/airflow-env/lib64/python3.11/site-packages/airflow/example_dags/example_nested_branch_dag.py
[2023-10-07T04:10:24.494+0530] {processor.py:839} INFO - DAG(s) dict_keys(['example_nested_branch_dag']) retrieved from /home/raj/Downloads/kafka_2.13-3.5.1/airflow-env/lib64/python3.11/site-packages/airflow/example_dags/example_nested_branch_dag.py
[2023-10-07T04:10:24.517+0530] {logging_mixin.py:151} INFO - [2023-10-07T04:10:24.517+0530] {dag.py:2915} INFO - Sync 1 DAGs
[2023-10-07T04:10:24.536+0530] {logging_mixin.py:151} INFO - [2023-10-07T04:10:24.536+0530] {dag.py:3696} INFO - Setting next_dagrun for example_nested_branch_dag to 2023-10-05T00:00:00+00:00, run_after=2023-10-06T00:00:00+00:00
[2023-10-07T04:10:24.553+0530] {processor.py:179} INFO - Processing /home/raj/Downloads/kafka_2.13-3.5.1/airflow-env/lib64/python3.11/site-packages/airflow/example_dags/example_nested_branch_dag.py took 0.093 seconds
[2023-10-07T04:11:16.295+0530] {processor.py:157} INFO - Started process (PID=19458) to work on /home/raj/Downloads/kafka_2.13-3.5.1/airflow-env/lib64/python3.11/site-packages/airflow/example_dags/example_nested_branch_dag.py
[2023-10-07T04:11:16.306+0530] {processor.py:829} INFO - Processing file /home/raj/Downloads/kafka_2.13-3.5.1/airflow-env/lib64/python3.11/site-packages/airflow/example_dags/example_nested_branch_dag.py for tasks to queue
[2023-10-07T04:11:16.308+0530] {logging_mixin.py:151} INFO - [2023-10-07T04:11:16.307+0530] {dagbag.py:539} INFO - Filling up the DagBag from /home/raj/Downloads/kafka_2.13-3.5.1/airflow-env/lib64/python3.11/site-packages/airflow/example_dags/example_nested_branch_dag.py
[2023-10-07T04:11:16.329+0530] {processor.py:839} INFO - DAG(s) dict_keys(['example_nested_branch_dag']) retrieved from /home/raj/Downloads/kafka_2.13-3.5.1/airflow-env/lib64/python3.11/site-packages/airflow/example_dags/example_nested_branch_dag.py
[2023-10-07T04:11:16.357+0530] {logging_mixin.py:151} INFO - [2023-10-07T04:11:16.357+0530] {dag.py:2915} INFO - Sync 1 DAGs
[2023-10-07T04:11:16.373+0530] {logging_mixin.py:151} INFO - [2023-10-07T04:11:16.373+0530] {dag.py:3696} INFO - Setting next_dagrun for example_nested_branch_dag to 2023-10-05T00:00:00+00:00, run_after=2023-10-06T00:00:00+00:00
[2023-10-07T04:11:16.392+0530] {processor.py:179} INFO - Processing /home/raj/Downloads/kafka_2.13-3.5.1/airflow-env/lib64/python3.11/site-packages/airflow/example_dags/example_nested_branch_dag.py took 0.103 seconds
[2023-10-07T04:12:08.475+0530] {processor.py:157} INFO - Started process (PID=19534) to work on /home/raj/Downloads/kafka_2.13-3.5.1/airflow-env/lib64/python3.11/site-packages/airflow/example_dags/example_nested_branch_dag.py
[2023-10-07T04:12:08.486+0530] {processor.py:829} INFO - Processing file /home/raj/Downloads/kafka_2.13-3.5.1/airflow-env/lib64/python3.11/site-packages/airflow/example_dags/example_nested_branch_dag.py for tasks to queue
[2023-10-07T04:12:08.488+0530] {logging_mixin.py:151} INFO - [2023-10-07T04:12:08.487+0530] {dagbag.py:539} INFO - Filling up the DagBag from /home/raj/Downloads/kafka_2.13-3.5.1/airflow-env/lib64/python3.11/site-packages/airflow/example_dags/example_nested_branch_dag.py
[2023-10-07T04:12:08.512+0530] {processor.py:839} INFO - DAG(s) dict_keys(['example_nested_branch_dag']) retrieved from /home/raj/Downloads/kafka_2.13-3.5.1/airflow-env/lib64/python3.11/site-packages/airflow/example_dags/example_nested_branch_dag.py
[2023-10-07T04:12:08.540+0530] {logging_mixin.py:151} INFO - [2023-10-07T04:12:08.540+0530] {dag.py:2915} INFO - Sync 1 DAGs
[2023-10-07T04:12:08.562+0530] {logging_mixin.py:151} INFO - [2023-10-07T04:12:08.562+0530] {dag.py:3696} INFO - Setting next_dagrun for example_nested_branch_dag to 2023-10-05T00:00:00+00:00, run_after=2023-10-06T00:00:00+00:00
[2023-10-07T04:12:08.584+0530] {processor.py:179} INFO - Processing /home/raj/Downloads/kafka_2.13-3.5.1/airflow-env/lib64/python3.11/site-packages/airflow/example_dags/example_nested_branch_dag.py took 0.114 seconds
[2023-10-07T04:13:05.691+0530] {processor.py:157} INFO - Started process (PID=19589) to work on /home/raj/Downloads/kafka_2.13-3.5.1/airflow-env/lib64/python3.11/site-packages/airflow/example_dags/example_nested_branch_dag.py
[2023-10-07T04:13:05.702+0530] {processor.py:829} INFO - Processing file /home/raj/Downloads/kafka_2.13-3.5.1/airflow-env/lib64/python3.11/site-packages/airflow/example_dags/example_nested_branch_dag.py for tasks to queue
[2023-10-07T04:13:05.704+0530] {logging_mixin.py:151} INFO - [2023-10-07T04:13:05.703+0530] {dagbag.py:539} INFO - Filling up the DagBag from /home/raj/Downloads/kafka_2.13-3.5.1/airflow-env/lib64/python3.11/site-packages/airflow/example_dags/example_nested_branch_dag.py
[2023-10-07T04:13:05.727+0530] {processor.py:839} INFO - DAG(s) dict_keys(['example_nested_branch_dag']) retrieved from /home/raj/Downloads/kafka_2.13-3.5.1/airflow-env/lib64/python3.11/site-packages/airflow/example_dags/example_nested_branch_dag.py
[2023-10-07T04:13:05.754+0530] {logging_mixin.py:151} INFO - [2023-10-07T04:13:05.753+0530] {dag.py:2915} INFO - Sync 1 DAGs
[2023-10-07T04:13:05.771+0530] {logging_mixin.py:151} INFO - [2023-10-07T04:13:05.771+0530] {dag.py:3696} INFO - Setting next_dagrun for example_nested_branch_dag to 2023-10-05T00:00:00+00:00, run_after=2023-10-06T00:00:00+00:00
[2023-10-07T04:13:05.788+0530] {processor.py:179} INFO - Processing /home/raj/Downloads/kafka_2.13-3.5.1/airflow-env/lib64/python3.11/site-packages/airflow/example_dags/example_nested_branch_dag.py took 0.103 seconds
[2023-10-07T04:13:55.806+0530] {processor.py:157} INFO - Started process (PID=19642) to work on /home/raj/Downloads/kafka_2.13-3.5.1/airflow-env/lib64/python3.11/site-packages/airflow/example_dags/example_nested_branch_dag.py
[2023-10-07T04:13:55.816+0530] {processor.py:829} INFO - Processing file /home/raj/Downloads/kafka_2.13-3.5.1/airflow-env/lib64/python3.11/site-packages/airflow/example_dags/example_nested_branch_dag.py for tasks to queue
[2023-10-07T04:13:55.817+0530] {logging_mixin.py:151} INFO - [2023-10-07T04:13:55.817+0530] {dagbag.py:539} INFO - Filling up the DagBag from /home/raj/Downloads/kafka_2.13-3.5.1/airflow-env/lib64/python3.11/site-packages/airflow/example_dags/example_nested_branch_dag.py
[2023-10-07T04:13:55.827+0530] {processor.py:839} INFO - DAG(s) dict_keys(['example_nested_branch_dag']) retrieved from /home/raj/Downloads/kafka_2.13-3.5.1/airflow-env/lib64/python3.11/site-packages/airflow/example_dags/example_nested_branch_dag.py
[2023-10-07T04:13:55.845+0530] {logging_mixin.py:151} INFO - [2023-10-07T04:13:55.844+0530] {dag.py:2915} INFO - Sync 1 DAGs
[2023-10-07T04:13:55.863+0530] {logging_mixin.py:151} INFO - [2023-10-07T04:13:55.863+0530] {dag.py:3696} INFO - Setting next_dagrun for example_nested_branch_dag to 2023-10-05T00:00:00+00:00, run_after=2023-10-06T00:00:00+00:00
[2023-10-07T04:13:55.884+0530] {processor.py:179} INFO - Processing /home/raj/Downloads/kafka_2.13-3.5.1/airflow-env/lib64/python3.11/site-packages/airflow/example_dags/example_nested_branch_dag.py took 0.080 seconds
[2023-10-07T04:14:47.415+0530] {processor.py:157} INFO - Started process (PID=19694) to work on /home/raj/Downloads/kafka_2.13-3.5.1/airflow-env/lib64/python3.11/site-packages/airflow/example_dags/example_nested_branch_dag.py
[2023-10-07T04:14:47.426+0530] {processor.py:829} INFO - Processing file /home/raj/Downloads/kafka_2.13-3.5.1/airflow-env/lib64/python3.11/site-packages/airflow/example_dags/example_nested_branch_dag.py for tasks to queue
[2023-10-07T04:14:47.427+0530] {logging_mixin.py:151} INFO - [2023-10-07T04:14:47.427+0530] {dagbag.py:539} INFO - Filling up the DagBag from /home/raj/Downloads/kafka_2.13-3.5.1/airflow-env/lib64/python3.11/site-packages/airflow/example_dags/example_nested_branch_dag.py
[2023-10-07T04:14:47.448+0530] {processor.py:839} INFO - DAG(s) dict_keys(['example_nested_branch_dag']) retrieved from /home/raj/Downloads/kafka_2.13-3.5.1/airflow-env/lib64/python3.11/site-packages/airflow/example_dags/example_nested_branch_dag.py
[2023-10-07T04:14:47.476+0530] {logging_mixin.py:151} INFO - [2023-10-07T04:14:47.476+0530] {dag.py:2915} INFO - Sync 1 DAGs
[2023-10-07T04:14:47.493+0530] {logging_mixin.py:151} INFO - [2023-10-07T04:14:47.493+0530] {dag.py:3696} INFO - Setting next_dagrun for example_nested_branch_dag to 2023-10-05T00:00:00+00:00, run_after=2023-10-06T00:00:00+00:00
[2023-10-07T04:14:47.511+0530] {processor.py:179} INFO - Processing /home/raj/Downloads/kafka_2.13-3.5.1/airflow-env/lib64/python3.11/site-packages/airflow/example_dags/example_nested_branch_dag.py took 0.102 seconds
[2023-10-07T04:15:37.854+0530] {processor.py:157} INFO - Started process (PID=19796) to work on /home/raj/Downloads/kafka_2.13-3.5.1/airflow-env/lib64/python3.11/site-packages/airflow/example_dags/example_nested_branch_dag.py
[2023-10-07T04:15:37.865+0530] {processor.py:829} INFO - Processing file /home/raj/Downloads/kafka_2.13-3.5.1/airflow-env/lib64/python3.11/site-packages/airflow/example_dags/example_nested_branch_dag.py for tasks to queue
[2023-10-07T04:15:37.866+0530] {logging_mixin.py:151} INFO - [2023-10-07T04:15:37.866+0530] {dagbag.py:539} INFO - Filling up the DagBag from /home/raj/Downloads/kafka_2.13-3.5.1/airflow-env/lib64/python3.11/site-packages/airflow/example_dags/example_nested_branch_dag.py
[2023-10-07T04:15:37.884+0530] {processor.py:839} INFO - DAG(s) dict_keys(['example_nested_branch_dag']) retrieved from /home/raj/Downloads/kafka_2.13-3.5.1/airflow-env/lib64/python3.11/site-packages/airflow/example_dags/example_nested_branch_dag.py
[2023-10-07T04:15:37.912+0530] {logging_mixin.py:151} INFO - [2023-10-07T04:15:37.912+0530] {dag.py:2915} INFO - Sync 1 DAGs
[2023-10-07T04:15:37.931+0530] {logging_mixin.py:151} INFO - [2023-10-07T04:15:37.931+0530] {dag.py:3696} INFO - Setting next_dagrun for example_nested_branch_dag to 2023-10-05T00:00:00+00:00, run_after=2023-10-06T00:00:00+00:00
[2023-10-07T04:15:37.952+0530] {processor.py:179} INFO - Processing /home/raj/Downloads/kafka_2.13-3.5.1/airflow-env/lib64/python3.11/site-packages/airflow/example_dags/example_nested_branch_dag.py took 0.103 seconds
[2023-10-07T04:16:28.783+0530] {processor.py:157} INFO - Started process (PID=19858) to work on /home/raj/Downloads/kafka_2.13-3.5.1/airflow-env/lib64/python3.11/site-packages/airflow/example_dags/example_nested_branch_dag.py
[2023-10-07T04:16:28.794+0530] {processor.py:829} INFO - Processing file /home/raj/Downloads/kafka_2.13-3.5.1/airflow-env/lib64/python3.11/site-packages/airflow/example_dags/example_nested_branch_dag.py for tasks to queue
[2023-10-07T04:16:28.796+0530] {logging_mixin.py:151} INFO - [2023-10-07T04:16:28.795+0530] {dagbag.py:539} INFO - Filling up the DagBag from /home/raj/Downloads/kafka_2.13-3.5.1/airflow-env/lib64/python3.11/site-packages/airflow/example_dags/example_nested_branch_dag.py
[2023-10-07T04:16:28.817+0530] {processor.py:839} INFO - DAG(s) dict_keys(['example_nested_branch_dag']) retrieved from /home/raj/Downloads/kafka_2.13-3.5.1/airflow-env/lib64/python3.11/site-packages/airflow/example_dags/example_nested_branch_dag.py
[2023-10-07T04:16:28.847+0530] {logging_mixin.py:151} INFO - [2023-10-07T04:16:28.847+0530] {dag.py:2915} INFO - Sync 1 DAGs
[2023-10-07T04:16:28.866+0530] {logging_mixin.py:151} INFO - [2023-10-07T04:16:28.866+0530] {dag.py:3696} INFO - Setting next_dagrun for example_nested_branch_dag to 2023-10-05T00:00:00+00:00, run_after=2023-10-06T00:00:00+00:00
[2023-10-07T04:16:28.883+0530] {processor.py:179} INFO - Processing /home/raj/Downloads/kafka_2.13-3.5.1/airflow-env/lib64/python3.11/site-packages/airflow/example_dags/example_nested_branch_dag.py took 0.105 seconds
[2023-10-07T04:17:21.991+0530] {processor.py:157} INFO - Started process (PID=19915) to work on /home/raj/Downloads/kafka_2.13-3.5.1/airflow-env/lib64/python3.11/site-packages/airflow/example_dags/example_nested_branch_dag.py
[2023-10-07T04:17:22.002+0530] {processor.py:829} INFO - Processing file /home/raj/Downloads/kafka_2.13-3.5.1/airflow-env/lib64/python3.11/site-packages/airflow/example_dags/example_nested_branch_dag.py for tasks to queue
[2023-10-07T04:17:22.004+0530] {logging_mixin.py:151} INFO - [2023-10-07T04:17:22.003+0530] {dagbag.py:539} INFO - Filling up the DagBag from /home/raj/Downloads/kafka_2.13-3.5.1/airflow-env/lib64/python3.11/site-packages/airflow/example_dags/example_nested_branch_dag.py
[2023-10-07T04:17:22.025+0530] {processor.py:839} INFO - DAG(s) dict_keys(['example_nested_branch_dag']) retrieved from /home/raj/Downloads/kafka_2.13-3.5.1/airflow-env/lib64/python3.11/site-packages/airflow/example_dags/example_nested_branch_dag.py
[2023-10-07T04:17:22.053+0530] {logging_mixin.py:151} INFO - [2023-10-07T04:17:22.053+0530] {dag.py:2915} INFO - Sync 1 DAGs
[2023-10-07T04:17:22.070+0530] {logging_mixin.py:151} INFO - [2023-10-07T04:17:22.069+0530] {dag.py:3696} INFO - Setting next_dagrun for example_nested_branch_dag to 2023-10-05T00:00:00+00:00, run_after=2023-10-06T00:00:00+00:00
[2023-10-07T04:17:22.090+0530] {processor.py:179} INFO - Processing /home/raj/Downloads/kafka_2.13-3.5.1/airflow-env/lib64/python3.11/site-packages/airflow/example_dags/example_nested_branch_dag.py took 0.105 seconds
[2023-10-07T04:18:12.495+0530] {processor.py:157} INFO - Started process (PID=19968) to work on /home/raj/Downloads/kafka_2.13-3.5.1/airflow-env/lib64/python3.11/site-packages/airflow/example_dags/example_nested_branch_dag.py
[2023-10-07T04:18:12.506+0530] {processor.py:829} INFO - Processing file /home/raj/Downloads/kafka_2.13-3.5.1/airflow-env/lib64/python3.11/site-packages/airflow/example_dags/example_nested_branch_dag.py for tasks to queue
[2023-10-07T04:18:12.508+0530] {logging_mixin.py:151} INFO - [2023-10-07T04:18:12.507+0530] {dagbag.py:539} INFO - Filling up the DagBag from /home/raj/Downloads/kafka_2.13-3.5.1/airflow-env/lib64/python3.11/site-packages/airflow/example_dags/example_nested_branch_dag.py
[2023-10-07T04:18:12.528+0530] {processor.py:839} INFO - DAG(s) dict_keys(['example_nested_branch_dag']) retrieved from /home/raj/Downloads/kafka_2.13-3.5.1/airflow-env/lib64/python3.11/site-packages/airflow/example_dags/example_nested_branch_dag.py
[2023-10-07T04:18:12.556+0530] {logging_mixin.py:151} INFO - [2023-10-07T04:18:12.556+0530] {dag.py:2915} INFO - Sync 1 DAGs
[2023-10-07T04:18:12.572+0530] {logging_mixin.py:151} INFO - [2023-10-07T04:18:12.572+0530] {dag.py:3696} INFO - Setting next_dagrun for example_nested_branch_dag to 2023-10-05T00:00:00+00:00, run_after=2023-10-06T00:00:00+00:00
[2023-10-07T04:18:12.590+0530] {processor.py:179} INFO - Processing /home/raj/Downloads/kafka_2.13-3.5.1/airflow-env/lib64/python3.11/site-packages/airflow/example_dags/example_nested_branch_dag.py took 0.100 seconds
[2023-10-07T04:19:04.606+0530] {processor.py:157} INFO - Started process (PID=20020) to work on /home/raj/Downloads/kafka_2.13-3.5.1/airflow-env/lib64/python3.11/site-packages/airflow/example_dags/example_nested_branch_dag.py
[2023-10-07T04:19:04.617+0530] {processor.py:829} INFO - Processing file /home/raj/Downloads/kafka_2.13-3.5.1/airflow-env/lib64/python3.11/site-packages/airflow/example_dags/example_nested_branch_dag.py for tasks to queue
[2023-10-07T04:19:04.618+0530] {logging_mixin.py:151} INFO - [2023-10-07T04:19:04.618+0530] {dagbag.py:539} INFO - Filling up the DagBag from /home/raj/Downloads/kafka_2.13-3.5.1/airflow-env/lib64/python3.11/site-packages/airflow/example_dags/example_nested_branch_dag.py
[2023-10-07T04:19:04.639+0530] {processor.py:839} INFO - DAG(s) dict_keys(['example_nested_branch_dag']) retrieved from /home/raj/Downloads/kafka_2.13-3.5.1/airflow-env/lib64/python3.11/site-packages/airflow/example_dags/example_nested_branch_dag.py
[2023-10-07T04:19:04.667+0530] {logging_mixin.py:151} INFO - [2023-10-07T04:19:04.667+0530] {dag.py:2915} INFO - Sync 1 DAGs
[2023-10-07T04:19:04.684+0530] {logging_mixin.py:151} INFO - [2023-10-07T04:19:04.684+0530] {dag.py:3696} INFO - Setting next_dagrun for example_nested_branch_dag to 2023-10-05T00:00:00+00:00, run_after=2023-10-06T00:00:00+00:00
[2023-10-07T04:19:04.702+0530] {processor.py:179} INFO - Processing /home/raj/Downloads/kafka_2.13-3.5.1/airflow-env/lib64/python3.11/site-packages/airflow/example_dags/example_nested_branch_dag.py took 0.101 seconds
[2023-10-07T04:20:00.715+0530] {processor.py:157} INFO - Started process (PID=20129) to work on /home/raj/Downloads/kafka_2.13-3.5.1/airflow-env/lib64/python3.11/site-packages/airflow/example_dags/example_nested_branch_dag.py
[2023-10-07T04:20:00.716+0530] {processor.py:829} INFO - Processing file /home/raj/Downloads/kafka_2.13-3.5.1/airflow-env/lib64/python3.11/site-packages/airflow/example_dags/example_nested_branch_dag.py for tasks to queue
[2023-10-07T04:20:00.717+0530] {logging_mixin.py:151} INFO - [2023-10-07T04:20:00.717+0530] {dagbag.py:539} INFO - Filling up the DagBag from /home/raj/Downloads/kafka_2.13-3.5.1/airflow-env/lib64/python3.11/site-packages/airflow/example_dags/example_nested_branch_dag.py
[2023-10-07T04:20:00.726+0530] {processor.py:839} INFO - DAG(s) dict_keys(['example_nested_branch_dag']) retrieved from /home/raj/Downloads/kafka_2.13-3.5.1/airflow-env/lib64/python3.11/site-packages/airflow/example_dags/example_nested_branch_dag.py
[2023-10-07T04:20:00.741+0530] {logging_mixin.py:151} INFO - [2023-10-07T04:20:00.741+0530] {dag.py:2915} INFO - Sync 1 DAGs
[2023-10-07T04:20:00.758+0530] {logging_mixin.py:151} INFO - [2023-10-07T04:20:00.758+0530] {dag.py:3696} INFO - Setting next_dagrun for example_nested_branch_dag to 2023-10-05T00:00:00+00:00, run_after=2023-10-06T00:00:00+00:00
[2023-10-07T04:20:00.777+0530] {processor.py:179} INFO - Processing /home/raj/Downloads/kafka_2.13-3.5.1/airflow-env/lib64/python3.11/site-packages/airflow/example_dags/example_nested_branch_dag.py took 0.064 seconds
[2023-10-07T04:20:57.513+0530] {processor.py:157} INFO - Started process (PID=20462) to work on /home/raj/Downloads/kafka_2.13-3.5.1/airflow-env/lib64/python3.11/site-packages/airflow/example_dags/example_nested_branch_dag.py
[2023-10-07T04:20:57.524+0530] {processor.py:829} INFO - Processing file /home/raj/Downloads/kafka_2.13-3.5.1/airflow-env/lib64/python3.11/site-packages/airflow/example_dags/example_nested_branch_dag.py for tasks to queue
[2023-10-07T04:20:57.525+0530] {logging_mixin.py:151} INFO - [2023-10-07T04:20:57.525+0530] {dagbag.py:539} INFO - Filling up the DagBag from /home/raj/Downloads/kafka_2.13-3.5.1/airflow-env/lib64/python3.11/site-packages/airflow/example_dags/example_nested_branch_dag.py
[2023-10-07T04:20:57.545+0530] {processor.py:839} INFO - DAG(s) dict_keys(['example_nested_branch_dag']) retrieved from /home/raj/Downloads/kafka_2.13-3.5.1/airflow-env/lib64/python3.11/site-packages/airflow/example_dags/example_nested_branch_dag.py
[2023-10-07T04:20:57.566+0530] {logging_mixin.py:151} INFO - [2023-10-07T04:20:57.565+0530] {dag.py:2915} INFO - Sync 1 DAGs
[2023-10-07T04:20:57.583+0530] {logging_mixin.py:151} INFO - [2023-10-07T04:20:57.583+0530] {dag.py:3696} INFO - Setting next_dagrun for example_nested_branch_dag to 2023-10-05T00:00:00+00:00, run_after=2023-10-06T00:00:00+00:00
[2023-10-07T04:20:57.603+0530] {processor.py:179} INFO - Processing /home/raj/Downloads/kafka_2.13-3.5.1/airflow-env/lib64/python3.11/site-packages/airflow/example_dags/example_nested_branch_dag.py took 0.095 seconds
[2023-10-07T04:21:47.154+0530] {processor.py:157} INFO - Started process (PID=20683) to work on /home/raj/Downloads/kafka_2.13-3.5.1/airflow-env/lib64/python3.11/site-packages/airflow/example_dags/example_nested_branch_dag.py
[2023-10-07T04:21:47.164+0530] {processor.py:829} INFO - Processing file /home/raj/Downloads/kafka_2.13-3.5.1/airflow-env/lib64/python3.11/site-packages/airflow/example_dags/example_nested_branch_dag.py for tasks to queue
[2023-10-07T04:21:47.166+0530] {logging_mixin.py:151} INFO - [2023-10-07T04:21:47.165+0530] {dagbag.py:539} INFO - Filling up the DagBag from /home/raj/Downloads/kafka_2.13-3.5.1/airflow-env/lib64/python3.11/site-packages/airflow/example_dags/example_nested_branch_dag.py
[2023-10-07T04:21:47.180+0530] {processor.py:839} INFO - DAG(s) dict_keys(['example_nested_branch_dag']) retrieved from /home/raj/Downloads/kafka_2.13-3.5.1/airflow-env/lib64/python3.11/site-packages/airflow/example_dags/example_nested_branch_dag.py
[2023-10-07T04:21:47.204+0530] {logging_mixin.py:151} INFO - [2023-10-07T04:21:47.204+0530] {dag.py:2915} INFO - Sync 1 DAGs
[2023-10-07T04:21:47.234+0530] {logging_mixin.py:151} INFO - [2023-10-07T04:21:47.234+0530] {dag.py:3696} INFO - Setting next_dagrun for example_nested_branch_dag to 2023-10-05T00:00:00+00:00, run_after=2023-10-06T00:00:00+00:00
[2023-10-07T04:21:47.263+0530] {processor.py:179} INFO - Processing /home/raj/Downloads/kafka_2.13-3.5.1/airflow-env/lib64/python3.11/site-packages/airflow/example_dags/example_nested_branch_dag.py took 0.112 seconds
[2023-10-07T04:22:36.901+0530] {processor.py:157} INFO - Started process (PID=20798) to work on /home/raj/Downloads/kafka_2.13-3.5.1/airflow-env/lib64/python3.11/site-packages/airflow/example_dags/example_nested_branch_dag.py
[2023-10-07T04:22:36.912+0530] {processor.py:829} INFO - Processing file /home/raj/Downloads/kafka_2.13-3.5.1/airflow-env/lib64/python3.11/site-packages/airflow/example_dags/example_nested_branch_dag.py for tasks to queue
[2023-10-07T04:22:36.914+0530] {logging_mixin.py:151} INFO - [2023-10-07T04:22:36.913+0530] {dagbag.py:539} INFO - Filling up the DagBag from /home/raj/Downloads/kafka_2.13-3.5.1/airflow-env/lib64/python3.11/site-packages/airflow/example_dags/example_nested_branch_dag.py
[2023-10-07T04:22:36.935+0530] {processor.py:839} INFO - DAG(s) dict_keys(['example_nested_branch_dag']) retrieved from /home/raj/Downloads/kafka_2.13-3.5.1/airflow-env/lib64/python3.11/site-packages/airflow/example_dags/example_nested_branch_dag.py
[2023-10-07T04:22:36.964+0530] {logging_mixin.py:151} INFO - [2023-10-07T04:22:36.963+0530] {dag.py:2915} INFO - Sync 1 DAGs
[2023-10-07T04:22:36.985+0530] {logging_mixin.py:151} INFO - [2023-10-07T04:22:36.984+0530] {dag.py:3696} INFO - Setting next_dagrun for example_nested_branch_dag to 2023-10-05T00:00:00+00:00, run_after=2023-10-06T00:00:00+00:00
[2023-10-07T04:22:37.005+0530] {processor.py:179} INFO - Processing /home/raj/Downloads/kafka_2.13-3.5.1/airflow-env/lib64/python3.11/site-packages/airflow/example_dags/example_nested_branch_dag.py took 0.110 seconds
[2023-10-07T04:23:31.190+0530] {processor.py:157} INFO - Started process (PID=20926) to work on /home/raj/Downloads/kafka_2.13-3.5.1/airflow-env/lib64/python3.11/site-packages/airflow/example_dags/example_nested_branch_dag.py
[2023-10-07T04:23:31.201+0530] {processor.py:829} INFO - Processing file /home/raj/Downloads/kafka_2.13-3.5.1/airflow-env/lib64/python3.11/site-packages/airflow/example_dags/example_nested_branch_dag.py for tasks to queue
[2023-10-07T04:23:31.202+0530] {logging_mixin.py:151} INFO - [2023-10-07T04:23:31.201+0530] {dagbag.py:539} INFO - Filling up the DagBag from /home/raj/Downloads/kafka_2.13-3.5.1/airflow-env/lib64/python3.11/site-packages/airflow/example_dags/example_nested_branch_dag.py
[2023-10-07T04:23:31.212+0530] {processor.py:839} INFO - DAG(s) dict_keys(['example_nested_branch_dag']) retrieved from /home/raj/Downloads/kafka_2.13-3.5.1/airflow-env/lib64/python3.11/site-packages/airflow/example_dags/example_nested_branch_dag.py
[2023-10-07T04:23:31.230+0530] {logging_mixin.py:151} INFO - [2023-10-07T04:23:31.229+0530] {dag.py:2915} INFO - Sync 1 DAGs
[2023-10-07T04:23:31.252+0530] {logging_mixin.py:151} INFO - [2023-10-07T04:23:31.251+0530] {dag.py:3696} INFO - Setting next_dagrun for example_nested_branch_dag to 2023-10-05T00:00:00+00:00, run_after=2023-10-06T00:00:00+00:00
[2023-10-07T04:23:31.276+0530] {processor.py:179} INFO - Processing /home/raj/Downloads/kafka_2.13-3.5.1/airflow-env/lib64/python3.11/site-packages/airflow/example_dags/example_nested_branch_dag.py took 0.089 seconds
[2023-10-07T04:24:19.560+0530] {processor.py:157} INFO - Started process (PID=21050) to work on /home/raj/Downloads/kafka_2.13-3.5.1/airflow-env/lib64/python3.11/site-packages/airflow/example_dags/example_nested_branch_dag.py
[2023-10-07T04:24:19.570+0530] {processor.py:829} INFO - Processing file /home/raj/Downloads/kafka_2.13-3.5.1/airflow-env/lib64/python3.11/site-packages/airflow/example_dags/example_nested_branch_dag.py for tasks to queue
[2023-10-07T04:24:19.571+0530] {logging_mixin.py:151} INFO - [2023-10-07T04:24:19.571+0530] {dagbag.py:539} INFO - Filling up the DagBag from /home/raj/Downloads/kafka_2.13-3.5.1/airflow-env/lib64/python3.11/site-packages/airflow/example_dags/example_nested_branch_dag.py
[2023-10-07T04:24:19.583+0530] {processor.py:839} INFO - DAG(s) dict_keys(['example_nested_branch_dag']) retrieved from /home/raj/Downloads/kafka_2.13-3.5.1/airflow-env/lib64/python3.11/site-packages/airflow/example_dags/example_nested_branch_dag.py
[2023-10-07T04:24:19.603+0530] {logging_mixin.py:151} INFO - [2023-10-07T04:24:19.603+0530] {dag.py:2915} INFO - Sync 1 DAGs
[2023-10-07T04:24:19.632+0530] {logging_mixin.py:151} INFO - [2023-10-07T04:24:19.632+0530] {dag.py:3696} INFO - Setting next_dagrun for example_nested_branch_dag to 2023-10-05T00:00:00+00:00, run_after=2023-10-06T00:00:00+00:00
[2023-10-07T04:24:19.661+0530] {processor.py:179} INFO - Processing /home/raj/Downloads/kafka_2.13-3.5.1/airflow-env/lib64/python3.11/site-packages/airflow/example_dags/example_nested_branch_dag.py took 0.104 seconds
[2023-10-07T04:25:09.948+0530] {processor.py:157} INFO - Started process (PID=21138) to work on /home/raj/Downloads/kafka_2.13-3.5.1/airflow-env/lib64/python3.11/site-packages/airflow/example_dags/example_nested_branch_dag.py
[2023-10-07T04:25:09.959+0530] {processor.py:829} INFO - Processing file /home/raj/Downloads/kafka_2.13-3.5.1/airflow-env/lib64/python3.11/site-packages/airflow/example_dags/example_nested_branch_dag.py for tasks to queue
[2023-10-07T04:25:09.960+0530] {logging_mixin.py:151} INFO - [2023-10-07T04:25:09.960+0530] {dagbag.py:539} INFO - Filling up the DagBag from /home/raj/Downloads/kafka_2.13-3.5.1/airflow-env/lib64/python3.11/site-packages/airflow/example_dags/example_nested_branch_dag.py
[2023-10-07T04:25:09.972+0530] {processor.py:839} INFO - DAG(s) dict_keys(['example_nested_branch_dag']) retrieved from /home/raj/Downloads/kafka_2.13-3.5.1/airflow-env/lib64/python3.11/site-packages/airflow/example_dags/example_nested_branch_dag.py
[2023-10-07T04:25:09.991+0530] {logging_mixin.py:151} INFO - [2023-10-07T04:25:09.991+0530] {dag.py:2915} INFO - Sync 1 DAGs
[2023-10-07T04:25:10.014+0530] {logging_mixin.py:151} INFO - [2023-10-07T04:25:10.014+0530] {dag.py:3696} INFO - Setting next_dagrun for example_nested_branch_dag to 2023-10-05T00:00:00+00:00, run_after=2023-10-06T00:00:00+00:00
[2023-10-07T04:25:10.039+0530] {processor.py:179} INFO - Processing /home/raj/Downloads/kafka_2.13-3.5.1/airflow-env/lib64/python3.11/site-packages/airflow/example_dags/example_nested_branch_dag.py took 0.094 seconds
[2023-10-07T04:26:02.886+0530] {processor.py:157} INFO - Started process (PID=21263) to work on /home/raj/Downloads/kafka_2.13-3.5.1/airflow-env/lib64/python3.11/site-packages/airflow/example_dags/example_nested_branch_dag.py
[2023-10-07T04:26:02.897+0530] {processor.py:829} INFO - Processing file /home/raj/Downloads/kafka_2.13-3.5.1/airflow-env/lib64/python3.11/site-packages/airflow/example_dags/example_nested_branch_dag.py for tasks to queue
[2023-10-07T04:26:02.898+0530] {logging_mixin.py:151} INFO - [2023-10-07T04:26:02.898+0530] {dagbag.py:539} INFO - Filling up the DagBag from /home/raj/Downloads/kafka_2.13-3.5.1/airflow-env/lib64/python3.11/site-packages/airflow/example_dags/example_nested_branch_dag.py
[2023-10-07T04:26:02.920+0530] {processor.py:839} INFO - DAG(s) dict_keys(['example_nested_branch_dag']) retrieved from /home/raj/Downloads/kafka_2.13-3.5.1/airflow-env/lib64/python3.11/site-packages/airflow/example_dags/example_nested_branch_dag.py
[2023-10-07T04:26:02.947+0530] {logging_mixin.py:151} INFO - [2023-10-07T04:26:02.947+0530] {dag.py:2915} INFO - Sync 1 DAGs
[2023-10-07T04:26:02.966+0530] {logging_mixin.py:151} INFO - [2023-10-07T04:26:02.966+0530] {dag.py:3696} INFO - Setting next_dagrun for example_nested_branch_dag to 2023-10-05T00:00:00+00:00, run_after=2023-10-06T00:00:00+00:00
[2023-10-07T04:26:02.984+0530] {processor.py:179} INFO - Processing /home/raj/Downloads/kafka_2.13-3.5.1/airflow-env/lib64/python3.11/site-packages/airflow/example_dags/example_nested_branch_dag.py took 0.104 seconds
[2023-10-07T04:26:52.554+0530] {processor.py:157} INFO - Started process (PID=21423) to work on /home/raj/Downloads/kafka_2.13-3.5.1/airflow-env/lib64/python3.11/site-packages/airflow/example_dags/example_nested_branch_dag.py
[2023-10-07T04:26:52.555+0530] {processor.py:829} INFO - Processing file /home/raj/Downloads/kafka_2.13-3.5.1/airflow-env/lib64/python3.11/site-packages/airflow/example_dags/example_nested_branch_dag.py for tasks to queue
[2023-10-07T04:26:52.556+0530] {logging_mixin.py:151} INFO - [2023-10-07T04:26:52.556+0530] {dagbag.py:539} INFO - Filling up the DagBag from /home/raj/Downloads/kafka_2.13-3.5.1/airflow-env/lib64/python3.11/site-packages/airflow/example_dags/example_nested_branch_dag.py
[2023-10-07T04:26:52.566+0530] {processor.py:839} INFO - DAG(s) dict_keys(['example_nested_branch_dag']) retrieved from /home/raj/Downloads/kafka_2.13-3.5.1/airflow-env/lib64/python3.11/site-packages/airflow/example_dags/example_nested_branch_dag.py
[2023-10-07T04:26:52.582+0530] {logging_mixin.py:151} INFO - [2023-10-07T04:26:52.582+0530] {dag.py:2915} INFO - Sync 1 DAGs
[2023-10-07T04:26:52.601+0530] {logging_mixin.py:151} INFO - [2023-10-07T04:26:52.601+0530] {dag.py:3696} INFO - Setting next_dagrun for example_nested_branch_dag to 2023-10-05T00:00:00+00:00, run_after=2023-10-06T00:00:00+00:00
[2023-10-07T04:26:52.619+0530] {processor.py:179} INFO - Processing /home/raj/Downloads/kafka_2.13-3.5.1/airflow-env/lib64/python3.11/site-packages/airflow/example_dags/example_nested_branch_dag.py took 0.067 seconds
[2023-10-07T04:27:45.886+0530] {processor.py:157} INFO - Started process (PID=21572) to work on /home/raj/Downloads/kafka_2.13-3.5.1/airflow-env/lib64/python3.11/site-packages/airflow/example_dags/example_nested_branch_dag.py
[2023-10-07T04:27:45.898+0530] {processor.py:829} INFO - Processing file /home/raj/Downloads/kafka_2.13-3.5.1/airflow-env/lib64/python3.11/site-packages/airflow/example_dags/example_nested_branch_dag.py for tasks to queue
[2023-10-07T04:27:45.899+0530] {logging_mixin.py:151} INFO - [2023-10-07T04:27:45.899+0530] {dagbag.py:539} INFO - Filling up the DagBag from /home/raj/Downloads/kafka_2.13-3.5.1/airflow-env/lib64/python3.11/site-packages/airflow/example_dags/example_nested_branch_dag.py
[2023-10-07T04:27:45.920+0530] {processor.py:839} INFO - DAG(s) dict_keys(['example_nested_branch_dag']) retrieved from /home/raj/Downloads/kafka_2.13-3.5.1/airflow-env/lib64/python3.11/site-packages/airflow/example_dags/example_nested_branch_dag.py
[2023-10-07T04:27:45.948+0530] {logging_mixin.py:151} INFO - [2023-10-07T04:27:45.948+0530] {dag.py:2915} INFO - Sync 1 DAGs
[2023-10-07T04:27:45.966+0530] {logging_mixin.py:151} INFO - [2023-10-07T04:27:45.966+0530] {dag.py:3696} INFO - Setting next_dagrun for example_nested_branch_dag to 2023-10-05T00:00:00+00:00, run_after=2023-10-06T00:00:00+00:00
[2023-10-07T04:27:45.984+0530] {processor.py:179} INFO - Processing /home/raj/Downloads/kafka_2.13-3.5.1/airflow-env/lib64/python3.11/site-packages/airflow/example_dags/example_nested_branch_dag.py took 0.104 seconds
[2023-10-07T04:28:39.285+0530] {processor.py:157} INFO - Started process (PID=21707) to work on /home/raj/Downloads/kafka_2.13-3.5.1/airflow-env/lib64/python3.11/site-packages/airflow/example_dags/example_nested_branch_dag.py
[2023-10-07T04:28:39.296+0530] {processor.py:829} INFO - Processing file /home/raj/Downloads/kafka_2.13-3.5.1/airflow-env/lib64/python3.11/site-packages/airflow/example_dags/example_nested_branch_dag.py for tasks to queue
[2023-10-07T04:28:39.298+0530] {logging_mixin.py:151} INFO - [2023-10-07T04:28:39.297+0530] {dagbag.py:539} INFO - Filling up the DagBag from /home/raj/Downloads/kafka_2.13-3.5.1/airflow-env/lib64/python3.11/site-packages/airflow/example_dags/example_nested_branch_dag.py
[2023-10-07T04:28:39.319+0530] {processor.py:839} INFO - DAG(s) dict_keys(['example_nested_branch_dag']) retrieved from /home/raj/Downloads/kafka_2.13-3.5.1/airflow-env/lib64/python3.11/site-packages/airflow/example_dags/example_nested_branch_dag.py
[2023-10-07T04:28:39.346+0530] {logging_mixin.py:151} INFO - [2023-10-07T04:28:39.346+0530] {dag.py:2915} INFO - Sync 1 DAGs
[2023-10-07T04:28:39.363+0530] {logging_mixin.py:151} INFO - [2023-10-07T04:28:39.363+0530] {dag.py:3696} INFO - Setting next_dagrun for example_nested_branch_dag to 2023-10-05T00:00:00+00:00, run_after=2023-10-06T00:00:00+00:00
[2023-10-07T04:28:39.381+0530] {processor.py:179} INFO - Processing /home/raj/Downloads/kafka_2.13-3.5.1/airflow-env/lib64/python3.11/site-packages/airflow/example_dags/example_nested_branch_dag.py took 0.102 seconds
[2023-10-07T04:29:30.127+0530] {processor.py:157} INFO - Started process (PID=21789) to work on /home/raj/Downloads/kafka_2.13-3.5.1/airflow-env/lib64/python3.11/site-packages/airflow/example_dags/example_nested_branch_dag.py
[2023-10-07T04:29:30.138+0530] {processor.py:829} INFO - Processing file /home/raj/Downloads/kafka_2.13-3.5.1/airflow-env/lib64/python3.11/site-packages/airflow/example_dags/example_nested_branch_dag.py for tasks to queue
[2023-10-07T04:29:30.140+0530] {logging_mixin.py:151} INFO - [2023-10-07T04:29:30.139+0530] {dagbag.py:539} INFO - Filling up the DagBag from /home/raj/Downloads/kafka_2.13-3.5.1/airflow-env/lib64/python3.11/site-packages/airflow/example_dags/example_nested_branch_dag.py
[2023-10-07T04:29:30.161+0530] {processor.py:839} INFO - DAG(s) dict_keys(['example_nested_branch_dag']) retrieved from /home/raj/Downloads/kafka_2.13-3.5.1/airflow-env/lib64/python3.11/site-packages/airflow/example_dags/example_nested_branch_dag.py
[2023-10-07T04:29:30.179+0530] {logging_mixin.py:151} INFO - [2023-10-07T04:29:30.179+0530] {dag.py:2915} INFO - Sync 1 DAGs
[2023-10-07T04:29:30.197+0530] {logging_mixin.py:151} INFO - [2023-10-07T04:29:30.196+0530] {dag.py:3696} INFO - Setting next_dagrun for example_nested_branch_dag to 2023-10-05T00:00:00+00:00, run_after=2023-10-06T00:00:00+00:00
[2023-10-07T04:29:30.215+0530] {processor.py:179} INFO - Processing /home/raj/Downloads/kafka_2.13-3.5.1/airflow-env/lib64/python3.11/site-packages/airflow/example_dags/example_nested_branch_dag.py took 0.093 seconds
[2023-10-07T04:41:00.487+0530] {processor.py:157} INFO - Started process (PID=9941) to work on /home/raj/Downloads/kafka_2.13-3.5.1/airflow-env/lib64/python3.11/site-packages/airflow/example_dags/example_nested_branch_dag.py
[2023-10-07T04:41:00.488+0530] {processor.py:829} INFO - Processing file /home/raj/Downloads/kafka_2.13-3.5.1/airflow-env/lib64/python3.11/site-packages/airflow/example_dags/example_nested_branch_dag.py for tasks to queue
[2023-10-07T04:41:00.488+0530] {logging_mixin.py:151} INFO - [2023-10-07T04:41:00.488+0530] {dagbag.py:539} INFO - Filling up the DagBag from /home/raj/Downloads/kafka_2.13-3.5.1/airflow-env/lib64/python3.11/site-packages/airflow/example_dags/example_nested_branch_dag.py
[2023-10-07T04:41:00.507+0530] {processor.py:839} INFO - DAG(s) dict_keys(['example_nested_branch_dag']) retrieved from /home/raj/Downloads/kafka_2.13-3.5.1/airflow-env/lib64/python3.11/site-packages/airflow/example_dags/example_nested_branch_dag.py
[2023-10-07T04:41:00.529+0530] {logging_mixin.py:151} INFO - [2023-10-07T04:41:00.529+0530] {dag.py:2915} INFO - Sync 1 DAGs
[2023-10-07T04:41:00.549+0530] {logging_mixin.py:151} INFO - [2023-10-07T04:41:00.549+0530] {dag.py:3696} INFO - Setting next_dagrun for example_nested_branch_dag to 2023-10-05T00:00:00+00:00, run_after=2023-10-06T00:00:00+00:00
[2023-10-07T04:41:00.570+0530] {processor.py:179} INFO - Processing /home/raj/Downloads/kafka_2.13-3.5.1/airflow-env/lib64/python3.11/site-packages/airflow/example_dags/example_nested_branch_dag.py took 0.086 seconds
[2023-10-07T04:41:48.548+0530] {processor.py:157} INFO - Started process (PID=10043) to work on /home/raj/Downloads/kafka_2.13-3.5.1/airflow-env/lib64/python3.11/site-packages/airflow/example_dags/example_nested_branch_dag.py
[2023-10-07T04:41:48.559+0530] {processor.py:829} INFO - Processing file /home/raj/Downloads/kafka_2.13-3.5.1/airflow-env/lib64/python3.11/site-packages/airflow/example_dags/example_nested_branch_dag.py for tasks to queue
[2023-10-07T04:41:48.561+0530] {logging_mixin.py:151} INFO - [2023-10-07T04:41:48.560+0530] {dagbag.py:539} INFO - Filling up the DagBag from /home/raj/Downloads/kafka_2.13-3.5.1/airflow-env/lib64/python3.11/site-packages/airflow/example_dags/example_nested_branch_dag.py
[2023-10-07T04:41:48.582+0530] {processor.py:839} INFO - DAG(s) dict_keys(['example_nested_branch_dag']) retrieved from /home/raj/Downloads/kafka_2.13-3.5.1/airflow-env/lib64/python3.11/site-packages/airflow/example_dags/example_nested_branch_dag.py
[2023-10-07T04:41:48.612+0530] {logging_mixin.py:151} INFO - [2023-10-07T04:41:48.612+0530] {dag.py:2915} INFO - Sync 1 DAGs
[2023-10-07T04:41:48.634+0530] {logging_mixin.py:151} INFO - [2023-10-07T04:41:48.634+0530] {dag.py:3696} INFO - Setting next_dagrun for example_nested_branch_dag to 2023-10-05T00:00:00+00:00, run_after=2023-10-06T00:00:00+00:00
[2023-10-07T04:41:48.654+0530] {processor.py:179} INFO - Processing /home/raj/Downloads/kafka_2.13-3.5.1/airflow-env/lib64/python3.11/site-packages/airflow/example_dags/example_nested_branch_dag.py took 0.112 seconds
[2023-10-07T04:42:40.787+0530] {processor.py:157} INFO - Started process (PID=10214) to work on /home/raj/Downloads/kafka_2.13-3.5.1/airflow-env/lib64/python3.11/site-packages/airflow/example_dags/example_nested_branch_dag.py
[2023-10-07T04:42:40.798+0530] {processor.py:829} INFO - Processing file /home/raj/Downloads/kafka_2.13-3.5.1/airflow-env/lib64/python3.11/site-packages/airflow/example_dags/example_nested_branch_dag.py for tasks to queue
[2023-10-07T04:42:40.799+0530] {logging_mixin.py:151} INFO - [2023-10-07T04:42:40.798+0530] {dagbag.py:539} INFO - Filling up the DagBag from /home/raj/Downloads/kafka_2.13-3.5.1/airflow-env/lib64/python3.11/site-packages/airflow/example_dags/example_nested_branch_dag.py
[2023-10-07T04:42:40.810+0530] {processor.py:839} INFO - DAG(s) dict_keys(['example_nested_branch_dag']) retrieved from /home/raj/Downloads/kafka_2.13-3.5.1/airflow-env/lib64/python3.11/site-packages/airflow/example_dags/example_nested_branch_dag.py
[2023-10-07T04:42:40.828+0530] {logging_mixin.py:151} INFO - [2023-10-07T04:42:40.828+0530] {dag.py:2915} INFO - Sync 1 DAGs
[2023-10-07T04:42:40.851+0530] {logging_mixin.py:151} INFO - [2023-10-07T04:42:40.851+0530] {dag.py:3696} INFO - Setting next_dagrun for example_nested_branch_dag to 2023-10-05T00:00:00+00:00, run_after=2023-10-06T00:00:00+00:00
[2023-10-07T04:42:40.873+0530] {processor.py:179} INFO - Processing /home/raj/Downloads/kafka_2.13-3.5.1/airflow-env/lib64/python3.11/site-packages/airflow/example_dags/example_nested_branch_dag.py took 0.089 seconds
[2023-10-07T04:43:52.281+0530] {processor.py:157} INFO - Started process (PID=10407) to work on /home/raj/Downloads/kafka_2.13-3.5.1/airflow-env/lib64/python3.11/site-packages/airflow/example_dags/example_nested_branch_dag.py
[2023-10-07T04:43:52.282+0530] {processor.py:829} INFO - Processing file /home/raj/Downloads/kafka_2.13-3.5.1/airflow-env/lib64/python3.11/site-packages/airflow/example_dags/example_nested_branch_dag.py for tasks to queue
[2023-10-07T04:43:52.282+0530] {logging_mixin.py:151} INFO - [2023-10-07T04:43:52.282+0530] {dagbag.py:539} INFO - Filling up the DagBag from /home/raj/Downloads/kafka_2.13-3.5.1/airflow-env/lib64/python3.11/site-packages/airflow/example_dags/example_nested_branch_dag.py
[2023-10-07T04:43:52.292+0530] {processor.py:839} INFO - DAG(s) dict_keys(['example_nested_branch_dag']) retrieved from /home/raj/Downloads/kafka_2.13-3.5.1/airflow-env/lib64/python3.11/site-packages/airflow/example_dags/example_nested_branch_dag.py
[2023-10-07T04:43:52.309+0530] {logging_mixin.py:151} INFO - [2023-10-07T04:43:52.309+0530] {dag.py:2915} INFO - Sync 1 DAGs
[2023-10-07T04:43:52.332+0530] {logging_mixin.py:151} INFO - [2023-10-07T04:43:52.332+0530] {dag.py:3696} INFO - Setting next_dagrun for example_nested_branch_dag to 2023-10-05T00:00:00+00:00, run_after=2023-10-06T00:00:00+00:00
[2023-10-07T04:43:52.352+0530] {processor.py:179} INFO - Processing /home/raj/Downloads/kafka_2.13-3.5.1/airflow-env/lib64/python3.11/site-packages/airflow/example_dags/example_nested_branch_dag.py took 0.073 seconds
[2023-10-07T04:44:40.663+0530] {processor.py:157} INFO - Started process (PID=10515) to work on /home/raj/Downloads/kafka_2.13-3.5.1/airflow-env/lib64/python3.11/site-packages/airflow/example_dags/example_nested_branch_dag.py
[2023-10-07T04:44:40.674+0530] {processor.py:829} INFO - Processing file /home/raj/Downloads/kafka_2.13-3.5.1/airflow-env/lib64/python3.11/site-packages/airflow/example_dags/example_nested_branch_dag.py for tasks to queue
[2023-10-07T04:44:40.676+0530] {logging_mixin.py:151} INFO - [2023-10-07T04:44:40.675+0530] {dagbag.py:539} INFO - Filling up the DagBag from /home/raj/Downloads/kafka_2.13-3.5.1/airflow-env/lib64/python3.11/site-packages/airflow/example_dags/example_nested_branch_dag.py
[2023-10-07T04:44:40.696+0530] {processor.py:839} INFO - DAG(s) dict_keys(['example_nested_branch_dag']) retrieved from /home/raj/Downloads/kafka_2.13-3.5.1/airflow-env/lib64/python3.11/site-packages/airflow/example_dags/example_nested_branch_dag.py
[2023-10-07T04:44:40.720+0530] {logging_mixin.py:151} INFO - [2023-10-07T04:44:40.720+0530] {dag.py:2915} INFO - Sync 1 DAGs
[2023-10-07T04:44:40.740+0530] {logging_mixin.py:151} INFO - [2023-10-07T04:44:40.740+0530] {dag.py:3696} INFO - Setting next_dagrun for example_nested_branch_dag to 2023-10-05T00:00:00+00:00, run_after=2023-10-06T00:00:00+00:00
[2023-10-07T04:44:40.758+0530] {processor.py:179} INFO - Processing /home/raj/Downloads/kafka_2.13-3.5.1/airflow-env/lib64/python3.11/site-packages/airflow/example_dags/example_nested_branch_dag.py took 0.100 seconds
[2023-10-07T04:45:36.428+0530] {processor.py:157} INFO - Started process (PID=10676) to work on /home/raj/Downloads/kafka_2.13-3.5.1/airflow-env/lib64/python3.11/site-packages/airflow/example_dags/example_nested_branch_dag.py
[2023-10-07T04:45:36.439+0530] {processor.py:829} INFO - Processing file /home/raj/Downloads/kafka_2.13-3.5.1/airflow-env/lib64/python3.11/site-packages/airflow/example_dags/example_nested_branch_dag.py for tasks to queue
[2023-10-07T04:45:36.440+0530] {logging_mixin.py:151} INFO - [2023-10-07T04:45:36.440+0530] {dagbag.py:539} INFO - Filling up the DagBag from /home/raj/Downloads/kafka_2.13-3.5.1/airflow-env/lib64/python3.11/site-packages/airflow/example_dags/example_nested_branch_dag.py
[2023-10-07T04:45:36.458+0530] {processor.py:839} INFO - DAG(s) dict_keys(['example_nested_branch_dag']) retrieved from /home/raj/Downloads/kafka_2.13-3.5.1/airflow-env/lib64/python3.11/site-packages/airflow/example_dags/example_nested_branch_dag.py
[2023-10-07T04:45:36.473+0530] {logging_mixin.py:151} INFO - [2023-10-07T04:45:36.472+0530] {dag.py:2915} INFO - Sync 1 DAGs
[2023-10-07T04:45:36.489+0530] {logging_mixin.py:151} INFO - [2023-10-07T04:45:36.489+0530] {dag.py:3696} INFO - Setting next_dagrun for example_nested_branch_dag to 2023-10-05T00:00:00+00:00, run_after=2023-10-06T00:00:00+00:00
[2023-10-07T04:45:36.512+0530] {processor.py:179} INFO - Processing /home/raj/Downloads/kafka_2.13-3.5.1/airflow-env/lib64/python3.11/site-packages/airflow/example_dags/example_nested_branch_dag.py took 0.086 seconds
[2023-10-07T04:46:34.535+0530] {processor.py:157} INFO - Started process (PID=10880) to work on /home/raj/Downloads/kafka_2.13-3.5.1/airflow-env/lib64/python3.11/site-packages/airflow/example_dags/example_nested_branch_dag.py
[2023-10-07T04:46:34.537+0530] {processor.py:829} INFO - Processing file /home/raj/Downloads/kafka_2.13-3.5.1/airflow-env/lib64/python3.11/site-packages/airflow/example_dags/example_nested_branch_dag.py for tasks to queue
[2023-10-07T04:46:34.538+0530] {logging_mixin.py:151} INFO - [2023-10-07T04:46:34.537+0530] {dagbag.py:539} INFO - Filling up the DagBag from /home/raj/Downloads/kafka_2.13-3.5.1/airflow-env/lib64/python3.11/site-packages/airflow/example_dags/example_nested_branch_dag.py
[2023-10-07T04:46:34.547+0530] {processor.py:839} INFO - DAG(s) dict_keys(['example_nested_branch_dag']) retrieved from /home/raj/Downloads/kafka_2.13-3.5.1/airflow-env/lib64/python3.11/site-packages/airflow/example_dags/example_nested_branch_dag.py
[2023-10-07T04:46:34.562+0530] {logging_mixin.py:151} INFO - [2023-10-07T04:46:34.562+0530] {dag.py:2915} INFO - Sync 1 DAGs
[2023-10-07T04:46:34.578+0530] {logging_mixin.py:151} INFO - [2023-10-07T04:46:34.578+0530] {dag.py:3696} INFO - Setting next_dagrun for example_nested_branch_dag to 2023-10-05T00:00:00+00:00, run_after=2023-10-06T00:00:00+00:00
[2023-10-07T04:46:34.596+0530] {processor.py:179} INFO - Processing /home/raj/Downloads/kafka_2.13-3.5.1/airflow-env/lib64/python3.11/site-packages/airflow/example_dags/example_nested_branch_dag.py took 0.066 seconds
[2023-10-07T04:47:26.646+0530] {processor.py:157} INFO - Started process (PID=10978) to work on /home/raj/Downloads/kafka_2.13-3.5.1/airflow-env/lib64/python3.11/site-packages/airflow/example_dags/example_nested_branch_dag.py
[2023-10-07T04:47:26.657+0530] {processor.py:829} INFO - Processing file /home/raj/Downloads/kafka_2.13-3.5.1/airflow-env/lib64/python3.11/site-packages/airflow/example_dags/example_nested_branch_dag.py for tasks to queue
[2023-10-07T04:47:26.659+0530] {logging_mixin.py:151} INFO - [2023-10-07T04:47:26.658+0530] {dagbag.py:539} INFO - Filling up the DagBag from /home/raj/Downloads/kafka_2.13-3.5.1/airflow-env/lib64/python3.11/site-packages/airflow/example_dags/example_nested_branch_dag.py
[2023-10-07T04:47:26.679+0530] {processor.py:839} INFO - DAG(s) dict_keys(['example_nested_branch_dag']) retrieved from /home/raj/Downloads/kafka_2.13-3.5.1/airflow-env/lib64/python3.11/site-packages/airflow/example_dags/example_nested_branch_dag.py
[2023-10-07T04:47:26.706+0530] {logging_mixin.py:151} INFO - [2023-10-07T04:47:26.706+0530] {dag.py:2915} INFO - Sync 1 DAGs
[2023-10-07T04:47:26.724+0530] {logging_mixin.py:151} INFO - [2023-10-07T04:47:26.724+0530] {dag.py:3696} INFO - Setting next_dagrun for example_nested_branch_dag to 2023-10-05T00:00:00+00:00, run_after=2023-10-06T00:00:00+00:00
[2023-10-07T04:47:26.743+0530] {processor.py:179} INFO - Processing /home/raj/Downloads/kafka_2.13-3.5.1/airflow-env/lib64/python3.11/site-packages/airflow/example_dags/example_nested_branch_dag.py took 0.102 seconds
[2023-10-07T04:48:16.267+0530] {processor.py:157} INFO - Started process (PID=11081) to work on /home/raj/Downloads/kafka_2.13-3.5.1/airflow-env/lib64/python3.11/site-packages/airflow/example_dags/example_nested_branch_dag.py
[2023-10-07T04:48:16.277+0530] {processor.py:829} INFO - Processing file /home/raj/Downloads/kafka_2.13-3.5.1/airflow-env/lib64/python3.11/site-packages/airflow/example_dags/example_nested_branch_dag.py for tasks to queue
[2023-10-07T04:48:16.278+0530] {logging_mixin.py:151} INFO - [2023-10-07T04:48:16.278+0530] {dagbag.py:539} INFO - Filling up the DagBag from /home/raj/Downloads/kafka_2.13-3.5.1/airflow-env/lib64/python3.11/site-packages/airflow/example_dags/example_nested_branch_dag.py
[2023-10-07T04:48:16.290+0530] {processor.py:839} INFO - DAG(s) dict_keys(['example_nested_branch_dag']) retrieved from /home/raj/Downloads/kafka_2.13-3.5.1/airflow-env/lib64/python3.11/site-packages/airflow/example_dags/example_nested_branch_dag.py
[2023-10-07T04:48:16.310+0530] {logging_mixin.py:151} INFO - [2023-10-07T04:48:16.310+0530] {dag.py:2915} INFO - Sync 1 DAGs
[2023-10-07T04:48:16.335+0530] {logging_mixin.py:151} INFO - [2023-10-07T04:48:16.334+0530] {dag.py:3696} INFO - Setting next_dagrun for example_nested_branch_dag to 2023-10-05T00:00:00+00:00, run_after=2023-10-06T00:00:00+00:00
[2023-10-07T04:48:16.359+0530] {processor.py:179} INFO - Processing /home/raj/Downloads/kafka_2.13-3.5.1/airflow-env/lib64/python3.11/site-packages/airflow/example_dags/example_nested_branch_dag.py took 0.095 seconds
[2023-10-07T04:49:11.389+0530] {processor.py:157} INFO - Started process (PID=11211) to work on /home/raj/Downloads/kafka_2.13-3.5.1/airflow-env/lib64/python3.11/site-packages/airflow/example_dags/example_nested_branch_dag.py
[2023-10-07T04:49:11.400+0530] {processor.py:829} INFO - Processing file /home/raj/Downloads/kafka_2.13-3.5.1/airflow-env/lib64/python3.11/site-packages/airflow/example_dags/example_nested_branch_dag.py for tasks to queue
[2023-10-07T04:49:11.401+0530] {logging_mixin.py:151} INFO - [2023-10-07T04:49:11.401+0530] {dagbag.py:539} INFO - Filling up the DagBag from /home/raj/Downloads/kafka_2.13-3.5.1/airflow-env/lib64/python3.11/site-packages/airflow/example_dags/example_nested_branch_dag.py
[2023-10-07T04:49:11.410+0530] {processor.py:839} INFO - DAG(s) dict_keys(['example_nested_branch_dag']) retrieved from /home/raj/Downloads/kafka_2.13-3.5.1/airflow-env/lib64/python3.11/site-packages/airflow/example_dags/example_nested_branch_dag.py
[2023-10-07T04:49:11.426+0530] {logging_mixin.py:151} INFO - [2023-10-07T04:49:11.425+0530] {dag.py:2915} INFO - Sync 1 DAGs
[2023-10-07T04:49:11.448+0530] {logging_mixin.py:151} INFO - [2023-10-07T04:49:11.448+0530] {dag.py:3696} INFO - Setting next_dagrun for example_nested_branch_dag to 2023-10-05T00:00:00+00:00, run_after=2023-10-06T00:00:00+00:00
[2023-10-07T04:49:11.468+0530] {processor.py:179} INFO - Processing /home/raj/Downloads/kafka_2.13-3.5.1/airflow-env/lib64/python3.11/site-packages/airflow/example_dags/example_nested_branch_dag.py took 0.085 seconds
[2023-10-07T04:50:07.258+0530] {processor.py:157} INFO - Started process (PID=11291) to work on /home/raj/Downloads/kafka_2.13-3.5.1/airflow-env/lib64/python3.11/site-packages/airflow/example_dags/example_nested_branch_dag.py
[2023-10-07T04:50:07.269+0530] {processor.py:829} INFO - Processing file /home/raj/Downloads/kafka_2.13-3.5.1/airflow-env/lib64/python3.11/site-packages/airflow/example_dags/example_nested_branch_dag.py for tasks to queue
[2023-10-07T04:50:07.270+0530] {logging_mixin.py:151} INFO - [2023-10-07T04:50:07.270+0530] {dagbag.py:539} INFO - Filling up the DagBag from /home/raj/Downloads/kafka_2.13-3.5.1/airflow-env/lib64/python3.11/site-packages/airflow/example_dags/example_nested_branch_dag.py
[2023-10-07T04:50:07.278+0530] {processor.py:839} INFO - DAG(s) dict_keys(['example_nested_branch_dag']) retrieved from /home/raj/Downloads/kafka_2.13-3.5.1/airflow-env/lib64/python3.11/site-packages/airflow/example_dags/example_nested_branch_dag.py
[2023-10-07T04:50:07.292+0530] {logging_mixin.py:151} INFO - [2023-10-07T04:50:07.292+0530] {dag.py:2915} INFO - Sync 1 DAGs
[2023-10-07T04:50:07.309+0530] {logging_mixin.py:151} INFO - [2023-10-07T04:50:07.309+0530] {dag.py:3696} INFO - Setting next_dagrun for example_nested_branch_dag to 2023-10-05T00:00:00+00:00, run_after=2023-10-06T00:00:00+00:00
[2023-10-07T04:50:07.326+0530] {processor.py:179} INFO - Processing /home/raj/Downloads/kafka_2.13-3.5.1/airflow-env/lib64/python3.11/site-packages/airflow/example_dags/example_nested_branch_dag.py took 0.073 seconds
[2023-10-07T04:50:58.277+0530] {processor.py:157} INFO - Started process (PID=11411) to work on /home/raj/Downloads/kafka_2.13-3.5.1/airflow-env/lib64/python3.11/site-packages/airflow/example_dags/example_nested_branch_dag.py
[2023-10-07T04:50:58.289+0530] {processor.py:829} INFO - Processing file /home/raj/Downloads/kafka_2.13-3.5.1/airflow-env/lib64/python3.11/site-packages/airflow/example_dags/example_nested_branch_dag.py for tasks to queue
[2023-10-07T04:50:58.290+0530] {logging_mixin.py:151} INFO - [2023-10-07T04:50:58.289+0530] {dagbag.py:539} INFO - Filling up the DagBag from /home/raj/Downloads/kafka_2.13-3.5.1/airflow-env/lib64/python3.11/site-packages/airflow/example_dags/example_nested_branch_dag.py
[2023-10-07T04:50:58.310+0530] {processor.py:839} INFO - DAG(s) dict_keys(['example_nested_branch_dag']) retrieved from /home/raj/Downloads/kafka_2.13-3.5.1/airflow-env/lib64/python3.11/site-packages/airflow/example_dags/example_nested_branch_dag.py
[2023-10-07T04:50:58.339+0530] {logging_mixin.py:151} INFO - [2023-10-07T04:50:58.339+0530] {dag.py:2915} INFO - Sync 1 DAGs
[2023-10-07T04:50:58.355+0530] {logging_mixin.py:151} INFO - [2023-10-07T04:50:58.355+0530] {dag.py:3696} INFO - Setting next_dagrun for example_nested_branch_dag to 2023-10-05T00:00:00+00:00, run_after=2023-10-06T00:00:00+00:00
[2023-10-07T04:50:58.372+0530] {processor.py:179} INFO - Processing /home/raj/Downloads/kafka_2.13-3.5.1/airflow-env/lib64/python3.11/site-packages/airflow/example_dags/example_nested_branch_dag.py took 0.101 seconds
[2023-10-07T04:51:49.095+0530] {processor.py:157} INFO - Started process (PID=11473) to work on /home/raj/Downloads/kafka_2.13-3.5.1/airflow-env/lib64/python3.11/site-packages/airflow/example_dags/example_nested_branch_dag.py
[2023-10-07T04:51:49.106+0530] {processor.py:829} INFO - Processing file /home/raj/Downloads/kafka_2.13-3.5.1/airflow-env/lib64/python3.11/site-packages/airflow/example_dags/example_nested_branch_dag.py for tasks to queue
[2023-10-07T04:51:49.108+0530] {logging_mixin.py:151} INFO - [2023-10-07T04:51:49.107+0530] {dagbag.py:539} INFO - Filling up the DagBag from /home/raj/Downloads/kafka_2.13-3.5.1/airflow-env/lib64/python3.11/site-packages/airflow/example_dags/example_nested_branch_dag.py
[2023-10-07T04:51:49.129+0530] {processor.py:839} INFO - DAG(s) dict_keys(['example_nested_branch_dag']) retrieved from /home/raj/Downloads/kafka_2.13-3.5.1/airflow-env/lib64/python3.11/site-packages/airflow/example_dags/example_nested_branch_dag.py
[2023-10-07T04:51:49.157+0530] {logging_mixin.py:151} INFO - [2023-10-07T04:51:49.157+0530] {dag.py:2915} INFO - Sync 1 DAGs
[2023-10-07T04:51:49.175+0530] {logging_mixin.py:151} INFO - [2023-10-07T04:51:49.175+0530] {dag.py:3696} INFO - Setting next_dagrun for example_nested_branch_dag to 2023-10-05T00:00:00+00:00, run_after=2023-10-06T00:00:00+00:00
[2023-10-07T04:51:49.191+0530] {processor.py:179} INFO - Processing /home/raj/Downloads/kafka_2.13-3.5.1/airflow-env/lib64/python3.11/site-packages/airflow/example_dags/example_nested_branch_dag.py took 0.102 seconds
[2023-10-07T04:52:44.244+0530] {processor.py:157} INFO - Started process (PID=11750) to work on /home/raj/Downloads/kafka_2.13-3.5.1/airflow-env/lib64/python3.11/site-packages/airflow/example_dags/example_nested_branch_dag.py
[2023-10-07T04:52:44.255+0530] {processor.py:829} INFO - Processing file /home/raj/Downloads/kafka_2.13-3.5.1/airflow-env/lib64/python3.11/site-packages/airflow/example_dags/example_nested_branch_dag.py for tasks to queue
[2023-10-07T04:52:44.257+0530] {logging_mixin.py:151} INFO - [2023-10-07T04:52:44.256+0530] {dagbag.py:539} INFO - Filling up the DagBag from /home/raj/Downloads/kafka_2.13-3.5.1/airflow-env/lib64/python3.11/site-packages/airflow/example_dags/example_nested_branch_dag.py
[2023-10-07T04:52:44.278+0530] {processor.py:839} INFO - DAG(s) dict_keys(['example_nested_branch_dag']) retrieved from /home/raj/Downloads/kafka_2.13-3.5.1/airflow-env/lib64/python3.11/site-packages/airflow/example_dags/example_nested_branch_dag.py
[2023-10-07T04:52:44.308+0530] {logging_mixin.py:151} INFO - [2023-10-07T04:52:44.308+0530] {dag.py:2915} INFO - Sync 1 DAGs
[2023-10-07T04:52:44.325+0530] {logging_mixin.py:151} INFO - [2023-10-07T04:52:44.325+0530] {dag.py:3696} INFO - Setting next_dagrun for example_nested_branch_dag to 2023-10-05T00:00:00+00:00, run_after=2023-10-06T00:00:00+00:00
[2023-10-07T04:52:44.342+0530] {processor.py:179} INFO - Processing /home/raj/Downloads/kafka_2.13-3.5.1/airflow-env/lib64/python3.11/site-packages/airflow/example_dags/example_nested_branch_dag.py took 0.103 seconds
[2023-10-07T04:53:32.412+0530] {processor.py:157} INFO - Started process (PID=11908) to work on /home/raj/Downloads/kafka_2.13-3.5.1/airflow-env/lib64/python3.11/site-packages/airflow/example_dags/example_nested_branch_dag.py
[2023-10-07T04:53:32.414+0530] {processor.py:829} INFO - Processing file /home/raj/Downloads/kafka_2.13-3.5.1/airflow-env/lib64/python3.11/site-packages/airflow/example_dags/example_nested_branch_dag.py for tasks to queue
[2023-10-07T04:53:32.415+0530] {logging_mixin.py:151} INFO - [2023-10-07T04:53:32.414+0530] {dagbag.py:539} INFO - Filling up the DagBag from /home/raj/Downloads/kafka_2.13-3.5.1/airflow-env/lib64/python3.11/site-packages/airflow/example_dags/example_nested_branch_dag.py
[2023-10-07T04:53:32.436+0530] {processor.py:839} INFO - DAG(s) dict_keys(['example_nested_branch_dag']) retrieved from /home/raj/Downloads/kafka_2.13-3.5.1/airflow-env/lib64/python3.11/site-packages/airflow/example_dags/example_nested_branch_dag.py
[2023-10-07T04:53:32.456+0530] {logging_mixin.py:151} INFO - [2023-10-07T04:53:32.456+0530] {dag.py:2915} INFO - Sync 1 DAGs
[2023-10-07T04:53:32.473+0530] {logging_mixin.py:151} INFO - [2023-10-07T04:53:32.473+0530] {dag.py:3696} INFO - Setting next_dagrun for example_nested_branch_dag to 2023-10-05T00:00:00+00:00, run_after=2023-10-06T00:00:00+00:00
[2023-10-07T04:53:32.491+0530] {processor.py:179} INFO - Processing /home/raj/Downloads/kafka_2.13-3.5.1/airflow-env/lib64/python3.11/site-packages/airflow/example_dags/example_nested_branch_dag.py took 0.084 seconds
[2023-10-07T04:54:18.529+0530] {processor.py:157} INFO - Started process (PID=11984) to work on /home/raj/Downloads/kafka_2.13-3.5.1/airflow-env/lib64/python3.11/site-packages/airflow/example_dags/example_nested_branch_dag.py
[2023-10-07T04:54:18.539+0530] {processor.py:829} INFO - Processing file /home/raj/Downloads/kafka_2.13-3.5.1/airflow-env/lib64/python3.11/site-packages/airflow/example_dags/example_nested_branch_dag.py for tasks to queue
[2023-10-07T04:54:18.540+0530] {logging_mixin.py:151} INFO - [2023-10-07T04:54:18.540+0530] {dagbag.py:539} INFO - Filling up the DagBag from /home/raj/Downloads/kafka_2.13-3.5.1/airflow-env/lib64/python3.11/site-packages/airflow/example_dags/example_nested_branch_dag.py
[2023-10-07T04:54:18.551+0530] {processor.py:839} INFO - DAG(s) dict_keys(['example_nested_branch_dag']) retrieved from /home/raj/Downloads/kafka_2.13-3.5.1/airflow-env/lib64/python3.11/site-packages/airflow/example_dags/example_nested_branch_dag.py
[2023-10-07T04:54:18.566+0530] {logging_mixin.py:151} INFO - [2023-10-07T04:54:18.566+0530] {dag.py:2915} INFO - Sync 1 DAGs
[2023-10-07T04:54:18.585+0530] {logging_mixin.py:151} INFO - [2023-10-07T04:54:18.585+0530] {dag.py:3696} INFO - Setting next_dagrun for example_nested_branch_dag to 2023-10-05T00:00:00+00:00, run_after=2023-10-06T00:00:00+00:00
[2023-10-07T04:54:18.609+0530] {processor.py:179} INFO - Processing /home/raj/Downloads/kafka_2.13-3.5.1/airflow-env/lib64/python3.11/site-packages/airflow/example_dags/example_nested_branch_dag.py took 0.084 seconds
[2023-10-07T04:55:59.904+0530] {processor.py:157} INFO - Started process (PID=12231) to work on /home/raj/Downloads/kafka_2.13-3.5.1/airflow-env/lib64/python3.11/site-packages/airflow/example_dags/example_nested_branch_dag.py
[2023-10-07T04:55:59.915+0530] {processor.py:829} INFO - Processing file /home/raj/Downloads/kafka_2.13-3.5.1/airflow-env/lib64/python3.11/site-packages/airflow/example_dags/example_nested_branch_dag.py for tasks to queue
[2023-10-07T04:55:59.917+0530] {logging_mixin.py:151} INFO - [2023-10-07T04:55:59.916+0530] {dagbag.py:539} INFO - Filling up the DagBag from /home/raj/Downloads/kafka_2.13-3.5.1/airflow-env/lib64/python3.11/site-packages/airflow/example_dags/example_nested_branch_dag.py
[2023-10-07T04:55:59.940+0530] {processor.py:839} INFO - DAG(s) dict_keys(['example_nested_branch_dag']) retrieved from /home/raj/Downloads/kafka_2.13-3.5.1/airflow-env/lib64/python3.11/site-packages/airflow/example_dags/example_nested_branch_dag.py
[2023-10-07T04:55:59.958+0530] {logging_mixin.py:151} INFO - [2023-10-07T04:55:59.958+0530] {dag.py:2915} INFO - Sync 1 DAGs
[2023-10-07T04:55:59.981+0530] {logging_mixin.py:151} INFO - [2023-10-07T04:55:59.981+0530] {dag.py:3696} INFO - Setting next_dagrun for example_nested_branch_dag to 2023-10-05T00:00:00+00:00, run_after=2023-10-06T00:00:00+00:00
[2023-10-07T04:56:00.003+0530] {processor.py:179} INFO - Processing /home/raj/Downloads/kafka_2.13-3.5.1/airflow-env/lib64/python3.11/site-packages/airflow/example_dags/example_nested_branch_dag.py took 0.105 seconds
[2023-10-07T04:56:45.979+0530] {processor.py:157} INFO - Started process (PID=12293) to work on /home/raj/Downloads/kafka_2.13-3.5.1/airflow-env/lib64/python3.11/site-packages/airflow/example_dags/example_nested_branch_dag.py
[2023-10-07T04:56:45.990+0530] {processor.py:829} INFO - Processing file /home/raj/Downloads/kafka_2.13-3.5.1/airflow-env/lib64/python3.11/site-packages/airflow/example_dags/example_nested_branch_dag.py for tasks to queue
[2023-10-07T04:56:45.991+0530] {logging_mixin.py:151} INFO - [2023-10-07T04:56:45.990+0530] {dagbag.py:539} INFO - Filling up the DagBag from /home/raj/Downloads/kafka_2.13-3.5.1/airflow-env/lib64/python3.11/site-packages/airflow/example_dags/example_nested_branch_dag.py
[2023-10-07T04:56:46.002+0530] {processor.py:839} INFO - DAG(s) dict_keys(['example_nested_branch_dag']) retrieved from /home/raj/Downloads/kafka_2.13-3.5.1/airflow-env/lib64/python3.11/site-packages/airflow/example_dags/example_nested_branch_dag.py
[2023-10-07T04:56:46.026+0530] {logging_mixin.py:151} INFO - [2023-10-07T04:56:46.026+0530] {dag.py:2915} INFO - Sync 1 DAGs
[2023-10-07T04:56:46.062+0530] {logging_mixin.py:151} INFO - [2023-10-07T04:56:46.062+0530] {dag.py:3696} INFO - Setting next_dagrun for example_nested_branch_dag to 2023-10-05T00:00:00+00:00, run_after=2023-10-06T00:00:00+00:00
[2023-10-07T04:56:46.097+0530] {processor.py:179} INFO - Processing /home/raj/Downloads/kafka_2.13-3.5.1/airflow-env/lib64/python3.11/site-packages/airflow/example_dags/example_nested_branch_dag.py took 0.121 seconds
[2023-10-07T04:57:35.548+0530] {processor.py:157} INFO - Started process (PID=12440) to work on /home/raj/Downloads/kafka_2.13-3.5.1/airflow-env/lib64/python3.11/site-packages/airflow/example_dags/example_nested_branch_dag.py
[2023-10-07T04:57:35.559+0530] {processor.py:829} INFO - Processing file /home/raj/Downloads/kafka_2.13-3.5.1/airflow-env/lib64/python3.11/site-packages/airflow/example_dags/example_nested_branch_dag.py for tasks to queue
[2023-10-07T04:57:35.560+0530] {logging_mixin.py:151} INFO - [2023-10-07T04:57:35.560+0530] {dagbag.py:539} INFO - Filling up the DagBag from /home/raj/Downloads/kafka_2.13-3.5.1/airflow-env/lib64/python3.11/site-packages/airflow/example_dags/example_nested_branch_dag.py
[2023-10-07T04:57:35.580+0530] {processor.py:839} INFO - DAG(s) dict_keys(['example_nested_branch_dag']) retrieved from /home/raj/Downloads/kafka_2.13-3.5.1/airflow-env/lib64/python3.11/site-packages/airflow/example_dags/example_nested_branch_dag.py
[2023-10-07T04:57:35.610+0530] {logging_mixin.py:151} INFO - [2023-10-07T04:57:35.610+0530] {dag.py:2915} INFO - Sync 1 DAGs
[2023-10-07T04:57:35.627+0530] {logging_mixin.py:151} INFO - [2023-10-07T04:57:35.627+0530] {dag.py:3696} INFO - Setting next_dagrun for example_nested_branch_dag to 2023-10-05T00:00:00+00:00, run_after=2023-10-06T00:00:00+00:00
[2023-10-07T04:57:35.645+0530] {processor.py:179} INFO - Processing /home/raj/Downloads/kafka_2.13-3.5.1/airflow-env/lib64/python3.11/site-packages/airflow/example_dags/example_nested_branch_dag.py took 0.102 seconds
[2023-10-07T04:58:26.820+0530] {processor.py:157} INFO - Started process (PID=12531) to work on /home/raj/Downloads/kafka_2.13-3.5.1/airflow-env/lib64/python3.11/site-packages/airflow/example_dags/example_nested_branch_dag.py
[2023-10-07T04:58:26.822+0530] {processor.py:829} INFO - Processing file /home/raj/Downloads/kafka_2.13-3.5.1/airflow-env/lib64/python3.11/site-packages/airflow/example_dags/example_nested_branch_dag.py for tasks to queue
[2023-10-07T04:58:26.824+0530] {logging_mixin.py:151} INFO - [2023-10-07T04:58:26.823+0530] {dagbag.py:539} INFO - Filling up the DagBag from /home/raj/Downloads/kafka_2.13-3.5.1/airflow-env/lib64/python3.11/site-packages/airflow/example_dags/example_nested_branch_dag.py
[2023-10-07T04:58:26.846+0530] {processor.py:839} INFO - DAG(s) dict_keys(['example_nested_branch_dag']) retrieved from /home/raj/Downloads/kafka_2.13-3.5.1/airflow-env/lib64/python3.11/site-packages/airflow/example_dags/example_nested_branch_dag.py
[2023-10-07T04:58:26.866+0530] {logging_mixin.py:151} INFO - [2023-10-07T04:58:26.866+0530] {dag.py:2915} INFO - Sync 1 DAGs
[2023-10-07T04:58:26.886+0530] {logging_mixin.py:151} INFO - [2023-10-07T04:58:26.886+0530] {dag.py:3696} INFO - Setting next_dagrun for example_nested_branch_dag to 2023-10-05T00:00:00+00:00, run_after=2023-10-06T00:00:00+00:00
[2023-10-07T04:58:26.906+0530] {processor.py:179} INFO - Processing /home/raj/Downloads/kafka_2.13-3.5.1/airflow-env/lib64/python3.11/site-packages/airflow/example_dags/example_nested_branch_dag.py took 0.091 seconds
[2023-10-07T04:59:16.549+0530] {processor.py:157} INFO - Started process (PID=12673) to work on /home/raj/Downloads/kafka_2.13-3.5.1/airflow-env/lib64/python3.11/site-packages/airflow/example_dags/example_nested_branch_dag.py
[2023-10-07T04:59:16.560+0530] {processor.py:829} INFO - Processing file /home/raj/Downloads/kafka_2.13-3.5.1/airflow-env/lib64/python3.11/site-packages/airflow/example_dags/example_nested_branch_dag.py for tasks to queue
[2023-10-07T04:59:16.561+0530] {logging_mixin.py:151} INFO - [2023-10-07T04:59:16.560+0530] {dagbag.py:539} INFO - Filling up the DagBag from /home/raj/Downloads/kafka_2.13-3.5.1/airflow-env/lib64/python3.11/site-packages/airflow/example_dags/example_nested_branch_dag.py
[2023-10-07T04:59:16.597+0530] {processor.py:839} INFO - DAG(s) dict_keys(['example_nested_branch_dag']) retrieved from /home/raj/Downloads/kafka_2.13-3.5.1/airflow-env/lib64/python3.11/site-packages/airflow/example_dags/example_nested_branch_dag.py
[2023-10-07T04:59:16.636+0530] {logging_mixin.py:151} INFO - [2023-10-07T04:59:16.636+0530] {dag.py:2915} INFO - Sync 1 DAGs
[2023-10-07T04:59:16.713+0530] {logging_mixin.py:151} INFO - [2023-10-07T04:59:16.713+0530] {dag.py:3696} INFO - Setting next_dagrun for example_nested_branch_dag to 2023-10-05T00:00:00+00:00, run_after=2023-10-06T00:00:00+00:00
[2023-10-07T04:59:16.838+0530] {processor.py:179} INFO - Processing /home/raj/Downloads/kafka_2.13-3.5.1/airflow-env/lib64/python3.11/site-packages/airflow/example_dags/example_nested_branch_dag.py took 0.293 seconds
