[2023-10-07T03:59:43.680+0530] {processor.py:157} INFO - Started process (PID=17992) to work on /home/raj/Downloads/kafka_2.13-3.5.1/airflow-env/lib64/python3.11/site-packages/airflow/example_dags/example_trigger_target_dag.py
[2023-10-07T03:59:43.681+0530] {processor.py:829} INFO - Processing file /home/raj/Downloads/kafka_2.13-3.5.1/airflow-env/lib64/python3.11/site-packages/airflow/example_dags/example_trigger_target_dag.py for tasks to queue
[2023-10-07T03:59:43.683+0530] {logging_mixin.py:151} INFO - [2023-10-07T03:59:43.682+0530] {dagbag.py:539} INFO - Filling up the DagBag from /home/raj/Downloads/kafka_2.13-3.5.1/airflow-env/lib64/python3.11/site-packages/airflow/example_dags/example_trigger_target_dag.py
[2023-10-07T03:59:43.694+0530] {processor.py:839} INFO - DAG(s) dict_keys(['example_trigger_target_dag']) retrieved from /home/raj/Downloads/kafka_2.13-3.5.1/airflow-env/lib64/python3.11/site-packages/airflow/example_dags/example_trigger_target_dag.py
[2023-10-07T03:59:43.810+0530] {logging_mixin.py:151} INFO - [2023-10-07T03:59:43.809+0530] {manager.py:499} INFO - Created Permission View: %s
[2023-10-07T03:59:43.821+0530] {logging_mixin.py:151} INFO - [2023-10-07T03:59:43.821+0530] {manager.py:499} INFO - Created Permission View: %s
[2023-10-07T03:59:43.830+0530] {logging_mixin.py:151} INFO - [2023-10-07T03:59:43.830+0530] {manager.py:499} INFO - Created Permission View: %s
[2023-10-07T03:59:43.830+0530] {logging_mixin.py:151} INFO - [2023-10-07T03:59:43.830+0530] {security.py:708} INFO - Not syncing DAG-level permissions for DAG 'DAG:example_trigger_target_dag' as access control is unset.
[2023-10-07T03:59:43.831+0530] {logging_mixin.py:151} INFO - [2023-10-07T03:59:43.831+0530] {dag.py:2915} INFO - Sync 1 DAGs
[2023-10-07T03:59:43.842+0530] {logging_mixin.py:151} INFO - [2023-10-07T03:59:43.842+0530] {dag.py:2937} INFO - Creating ORM DAG for example_trigger_target_dag
[2023-10-07T03:59:43.843+0530] {logging_mixin.py:151} INFO - [2023-10-07T03:59:43.843+0530] {dag.py:3696} INFO - Setting next_dagrun for example_trigger_target_dag to None, run_after=None
[2023-10-07T03:59:43.865+0530] {processor.py:179} INFO - Processing /home/raj/Downloads/kafka_2.13-3.5.1/airflow-env/lib64/python3.11/site-packages/airflow/example_dags/example_trigger_target_dag.py took 0.191 seconds
[2023-10-07T04:00:35.968+0530] {processor.py:157} INFO - Started process (PID=18144) to work on /home/raj/Downloads/kafka_2.13-3.5.1/airflow-env/lib64/python3.11/site-packages/airflow/example_dags/example_trigger_target_dag.py
[2023-10-07T04:00:35.969+0530] {processor.py:829} INFO - Processing file /home/raj/Downloads/kafka_2.13-3.5.1/airflow-env/lib64/python3.11/site-packages/airflow/example_dags/example_trigger_target_dag.py for tasks to queue
[2023-10-07T04:00:35.970+0530] {logging_mixin.py:151} INFO - [2023-10-07T04:00:35.970+0530] {dagbag.py:539} INFO - Filling up the DagBag from /home/raj/Downloads/kafka_2.13-3.5.1/airflow-env/lib64/python3.11/site-packages/airflow/example_dags/example_trigger_target_dag.py
[2023-10-07T04:00:35.977+0530] {processor.py:839} INFO - DAG(s) dict_keys(['example_trigger_target_dag']) retrieved from /home/raj/Downloads/kafka_2.13-3.5.1/airflow-env/lib64/python3.11/site-packages/airflow/example_dags/example_trigger_target_dag.py
[2023-10-07T04:00:35.995+0530] {logging_mixin.py:151} INFO - [2023-10-07T04:00:35.995+0530] {dag.py:2915} INFO - Sync 1 DAGs
[2023-10-07T04:00:36.009+0530] {logging_mixin.py:151} INFO - [2023-10-07T04:00:36.009+0530] {dag.py:3696} INFO - Setting next_dagrun for example_trigger_target_dag to None, run_after=None
[2023-10-07T04:00:36.046+0530] {processor.py:179} INFO - Processing /home/raj/Downloads/kafka_2.13-3.5.1/airflow-env/lib64/python3.11/site-packages/airflow/example_dags/example_trigger_target_dag.py took 0.081 seconds
[2023-10-07T04:01:22.425+0530] {processor.py:157} INFO - Started process (PID=18285) to work on /home/raj/Downloads/kafka_2.13-3.5.1/airflow-env/lib64/python3.11/site-packages/airflow/example_dags/example_trigger_target_dag.py
[2023-10-07T04:01:22.427+0530] {processor.py:829} INFO - Processing file /home/raj/Downloads/kafka_2.13-3.5.1/airflow-env/lib64/python3.11/site-packages/airflow/example_dags/example_trigger_target_dag.py for tasks to queue
[2023-10-07T04:01:22.429+0530] {logging_mixin.py:151} INFO - [2023-10-07T04:01:22.428+0530] {dagbag.py:539} INFO - Filling up the DagBag from /home/raj/Downloads/kafka_2.13-3.5.1/airflow-env/lib64/python3.11/site-packages/airflow/example_dags/example_trigger_target_dag.py
[2023-10-07T04:01:22.442+0530] {processor.py:839} INFO - DAG(s) dict_keys(['example_trigger_target_dag']) retrieved from /home/raj/Downloads/kafka_2.13-3.5.1/airflow-env/lib64/python3.11/site-packages/airflow/example_dags/example_trigger_target_dag.py
[2023-10-07T04:01:22.467+0530] {logging_mixin.py:151} INFO - [2023-10-07T04:01:22.467+0530] {dag.py:2915} INFO - Sync 1 DAGs
[2023-10-07T04:01:22.481+0530] {logging_mixin.py:151} INFO - [2023-10-07T04:01:22.481+0530] {dag.py:3696} INFO - Setting next_dagrun for example_trigger_target_dag to None, run_after=None
[2023-10-07T04:01:22.507+0530] {processor.py:179} INFO - Processing /home/raj/Downloads/kafka_2.13-3.5.1/airflow-env/lib64/python3.11/site-packages/airflow/example_dags/example_trigger_target_dag.py took 0.087 seconds
[2023-10-07T04:02:12.292+0530] {processor.py:157} INFO - Started process (PID=18390) to work on /home/raj/Downloads/kafka_2.13-3.5.1/airflow-env/lib64/python3.11/site-packages/airflow/example_dags/example_trigger_target_dag.py
[2023-10-07T04:02:12.302+0530] {processor.py:829} INFO - Processing file /home/raj/Downloads/kafka_2.13-3.5.1/airflow-env/lib64/python3.11/site-packages/airflow/example_dags/example_trigger_target_dag.py for tasks to queue
[2023-10-07T04:02:12.303+0530] {logging_mixin.py:151} INFO - [2023-10-07T04:02:12.303+0530] {dagbag.py:539} INFO - Filling up the DagBag from /home/raj/Downloads/kafka_2.13-3.5.1/airflow-env/lib64/python3.11/site-packages/airflow/example_dags/example_trigger_target_dag.py
[2023-10-07T04:02:12.309+0530] {processor.py:839} INFO - DAG(s) dict_keys(['example_trigger_target_dag']) retrieved from /home/raj/Downloads/kafka_2.13-3.5.1/airflow-env/lib64/python3.11/site-packages/airflow/example_dags/example_trigger_target_dag.py
[2023-10-07T04:02:12.325+0530] {logging_mixin.py:151} INFO - [2023-10-07T04:02:12.325+0530] {dag.py:2915} INFO - Sync 1 DAGs
[2023-10-07T04:02:12.337+0530] {logging_mixin.py:151} INFO - [2023-10-07T04:02:12.337+0530] {dag.py:3696} INFO - Setting next_dagrun for example_trigger_target_dag to None, run_after=None
[2023-10-07T04:02:12.359+0530] {processor.py:179} INFO - Processing /home/raj/Downloads/kafka_2.13-3.5.1/airflow-env/lib64/python3.11/site-packages/airflow/example_dags/example_trigger_target_dag.py took 0.070 seconds
[2023-10-07T04:02:51.014+0530] {processor.py:157} INFO - Started process (PID=18491) to work on /home/raj/Downloads/kafka_2.13-3.5.1/airflow-env/lib64/python3.11/site-packages/airflow/example_dags/example_trigger_target_dag.py
[2023-10-07T04:02:51.025+0530] {processor.py:829} INFO - Processing file /home/raj/Downloads/kafka_2.13-3.5.1/airflow-env/lib64/python3.11/site-packages/airflow/example_dags/example_trigger_target_dag.py for tasks to queue
[2023-10-07T04:02:51.027+0530] {logging_mixin.py:151} INFO - [2023-10-07T04:02:51.026+0530] {dagbag.py:539} INFO - Filling up the DagBag from /home/raj/Downloads/kafka_2.13-3.5.1/airflow-env/lib64/python3.11/site-packages/airflow/example_dags/example_trigger_target_dag.py
[2023-10-07T04:02:51.042+0530] {processor.py:839} INFO - DAG(s) dict_keys(['example_trigger_target_dag']) retrieved from /home/raj/Downloads/kafka_2.13-3.5.1/airflow-env/lib64/python3.11/site-packages/airflow/example_dags/example_trigger_target_dag.py
[2023-10-07T04:02:51.071+0530] {logging_mixin.py:151} INFO - [2023-10-07T04:02:51.071+0530] {dag.py:2915} INFO - Sync 1 DAGs
[2023-10-07T04:02:51.081+0530] {logging_mixin.py:151} INFO - [2023-10-07T04:02:51.081+0530] {dag.py:3696} INFO - Setting next_dagrun for example_trigger_target_dag to None, run_after=None
[2023-10-07T04:02:51.102+0530] {processor.py:179} INFO - Processing /home/raj/Downloads/kafka_2.13-3.5.1/airflow-env/lib64/python3.11/site-packages/airflow/example_dags/example_trigger_target_dag.py took 0.094 seconds
[2023-10-07T04:03:39.155+0530] {processor.py:157} INFO - Started process (PID=18674) to work on /home/raj/Downloads/kafka_2.13-3.5.1/airflow-env/lib64/python3.11/site-packages/airflow/example_dags/example_trigger_target_dag.py
[2023-10-07T04:03:39.166+0530] {processor.py:829} INFO - Processing file /home/raj/Downloads/kafka_2.13-3.5.1/airflow-env/lib64/python3.11/site-packages/airflow/example_dags/example_trigger_target_dag.py for tasks to queue
[2023-10-07T04:03:39.167+0530] {logging_mixin.py:151} INFO - [2023-10-07T04:03:39.167+0530] {dagbag.py:539} INFO - Filling up the DagBag from /home/raj/Downloads/kafka_2.13-3.5.1/airflow-env/lib64/python3.11/site-packages/airflow/example_dags/example_trigger_target_dag.py
[2023-10-07T04:03:39.173+0530] {processor.py:839} INFO - DAG(s) dict_keys(['example_trigger_target_dag']) retrieved from /home/raj/Downloads/kafka_2.13-3.5.1/airflow-env/lib64/python3.11/site-packages/airflow/example_dags/example_trigger_target_dag.py
[2023-10-07T04:03:39.187+0530] {logging_mixin.py:151} INFO - [2023-10-07T04:03:39.187+0530] {dag.py:2915} INFO - Sync 1 DAGs
[2023-10-07T04:03:39.196+0530] {logging_mixin.py:151} INFO - [2023-10-07T04:03:39.196+0530] {dag.py:3696} INFO - Setting next_dagrun for example_trigger_target_dag to None, run_after=None
[2023-10-07T04:03:39.214+0530] {processor.py:179} INFO - Processing /home/raj/Downloads/kafka_2.13-3.5.1/airflow-env/lib64/python3.11/site-packages/airflow/example_dags/example_trigger_target_dag.py took 0.064 seconds
[2023-10-07T04:04:28.006+0530] {processor.py:157} INFO - Started process (PID=18744) to work on /home/raj/Downloads/kafka_2.13-3.5.1/airflow-env/lib64/python3.11/site-packages/airflow/example_dags/example_trigger_target_dag.py
[2023-10-07T04:04:28.017+0530] {processor.py:829} INFO - Processing file /home/raj/Downloads/kafka_2.13-3.5.1/airflow-env/lib64/python3.11/site-packages/airflow/example_dags/example_trigger_target_dag.py for tasks to queue
[2023-10-07T04:04:28.019+0530] {logging_mixin.py:151} INFO - [2023-10-07T04:04:28.018+0530] {dagbag.py:539} INFO - Filling up the DagBag from /home/raj/Downloads/kafka_2.13-3.5.1/airflow-env/lib64/python3.11/site-packages/airflow/example_dags/example_trigger_target_dag.py
[2023-10-07T04:04:28.029+0530] {processor.py:839} INFO - DAG(s) dict_keys(['example_trigger_target_dag']) retrieved from /home/raj/Downloads/kafka_2.13-3.5.1/airflow-env/lib64/python3.11/site-packages/airflow/example_dags/example_trigger_target_dag.py
[2023-10-07T04:04:28.060+0530] {logging_mixin.py:151} INFO - [2023-10-07T04:04:28.060+0530] {dag.py:2915} INFO - Sync 1 DAGs
[2023-10-07T04:04:28.070+0530] {logging_mixin.py:151} INFO - [2023-10-07T04:04:28.070+0530] {dag.py:3696} INFO - Setting next_dagrun for example_trigger_target_dag to None, run_after=None
[2023-10-07T04:04:28.090+0530] {processor.py:179} INFO - Processing /home/raj/Downloads/kafka_2.13-3.5.1/airflow-env/lib64/python3.11/site-packages/airflow/example_dags/example_trigger_target_dag.py took 0.090 seconds
[2023-10-07T04:05:18.828+0530] {processor.py:157} INFO - Started process (PID=18959) to work on /home/raj/Downloads/kafka_2.13-3.5.1/airflow-env/lib64/python3.11/site-packages/airflow/example_dags/example_trigger_target_dag.py
[2023-10-07T04:05:18.839+0530] {processor.py:829} INFO - Processing file /home/raj/Downloads/kafka_2.13-3.5.1/airflow-env/lib64/python3.11/site-packages/airflow/example_dags/example_trigger_target_dag.py for tasks to queue
[2023-10-07T04:05:18.841+0530] {logging_mixin.py:151} INFO - [2023-10-07T04:05:18.840+0530] {dagbag.py:539} INFO - Filling up the DagBag from /home/raj/Downloads/kafka_2.13-3.5.1/airflow-env/lib64/python3.11/site-packages/airflow/example_dags/example_trigger_target_dag.py
[2023-10-07T04:05:18.854+0530] {processor.py:839} INFO - DAG(s) dict_keys(['example_trigger_target_dag']) retrieved from /home/raj/Downloads/kafka_2.13-3.5.1/airflow-env/lib64/python3.11/site-packages/airflow/example_dags/example_trigger_target_dag.py
[2023-10-07T04:05:18.886+0530] {logging_mixin.py:151} INFO - [2023-10-07T04:05:18.886+0530] {dag.py:2915} INFO - Sync 1 DAGs
[2023-10-07T04:05:18.897+0530] {logging_mixin.py:151} INFO - [2023-10-07T04:05:18.897+0530] {dag.py:3696} INFO - Setting next_dagrun for example_trigger_target_dag to None, run_after=None
[2023-10-07T04:05:18.920+0530] {processor.py:179} INFO - Processing /home/raj/Downloads/kafka_2.13-3.5.1/airflow-env/lib64/python3.11/site-packages/airflow/example_dags/example_trigger_target_dag.py took 0.097 seconds
[2023-10-07T04:06:10.374+0530] {processor.py:157} INFO - Started process (PID=19029) to work on /home/raj/Downloads/kafka_2.13-3.5.1/airflow-env/lib64/python3.11/site-packages/airflow/example_dags/example_trigger_target_dag.py
[2023-10-07T04:06:10.385+0530] {processor.py:829} INFO - Processing file /home/raj/Downloads/kafka_2.13-3.5.1/airflow-env/lib64/python3.11/site-packages/airflow/example_dags/example_trigger_target_dag.py for tasks to queue
[2023-10-07T04:06:10.386+0530] {logging_mixin.py:151} INFO - [2023-10-07T04:06:10.386+0530] {dagbag.py:539} INFO - Filling up the DagBag from /home/raj/Downloads/kafka_2.13-3.5.1/airflow-env/lib64/python3.11/site-packages/airflow/example_dags/example_trigger_target_dag.py
[2023-10-07T04:06:10.392+0530] {processor.py:839} INFO - DAG(s) dict_keys(['example_trigger_target_dag']) retrieved from /home/raj/Downloads/kafka_2.13-3.5.1/airflow-env/lib64/python3.11/site-packages/airflow/example_dags/example_trigger_target_dag.py
[2023-10-07T04:06:10.406+0530] {logging_mixin.py:151} INFO - [2023-10-07T04:06:10.406+0530] {dag.py:2915} INFO - Sync 1 DAGs
[2023-10-07T04:06:10.415+0530] {logging_mixin.py:151} INFO - [2023-10-07T04:06:10.415+0530] {dag.py:3696} INFO - Setting next_dagrun for example_trigger_target_dag to None, run_after=None
[2023-10-07T04:06:10.434+0530] {processor.py:179} INFO - Processing /home/raj/Downloads/kafka_2.13-3.5.1/airflow-env/lib64/python3.11/site-packages/airflow/example_dags/example_trigger_target_dag.py took 0.066 seconds
[2023-10-07T04:07:05.471+0530] {processor.py:157} INFO - Started process (PID=19178) to work on /home/raj/Downloads/kafka_2.13-3.5.1/airflow-env/lib64/python3.11/site-packages/airflow/example_dags/example_trigger_target_dag.py
[2023-10-07T04:07:05.482+0530] {processor.py:829} INFO - Processing file /home/raj/Downloads/kafka_2.13-3.5.1/airflow-env/lib64/python3.11/site-packages/airflow/example_dags/example_trigger_target_dag.py for tasks to queue
[2023-10-07T04:07:05.483+0530] {logging_mixin.py:151} INFO - [2023-10-07T04:07:05.483+0530] {dagbag.py:539} INFO - Filling up the DagBag from /home/raj/Downloads/kafka_2.13-3.5.1/airflow-env/lib64/python3.11/site-packages/airflow/example_dags/example_trigger_target_dag.py
[2023-10-07T04:07:05.489+0530] {processor.py:839} INFO - DAG(s) dict_keys(['example_trigger_target_dag']) retrieved from /home/raj/Downloads/kafka_2.13-3.5.1/airflow-env/lib64/python3.11/site-packages/airflow/example_dags/example_trigger_target_dag.py
[2023-10-07T04:07:05.504+0530] {logging_mixin.py:151} INFO - [2023-10-07T04:07:05.504+0530] {dag.py:2915} INFO - Sync 1 DAGs
[2023-10-07T04:07:05.513+0530] {logging_mixin.py:151} INFO - [2023-10-07T04:07:05.513+0530] {dag.py:3696} INFO - Setting next_dagrun for example_trigger_target_dag to None, run_after=None
[2023-10-07T04:07:05.533+0530] {processor.py:179} INFO - Processing /home/raj/Downloads/kafka_2.13-3.5.1/airflow-env/lib64/python3.11/site-packages/airflow/example_dags/example_trigger_target_dag.py took 0.068 seconds
[2023-10-07T04:07:42.563+0530] {processor.py:157} INFO - Started process (PID=19216) to work on /home/raj/Downloads/kafka_2.13-3.5.1/airflow-env/lib64/python3.11/site-packages/airflow/example_dags/example_trigger_target_dag.py
[2023-10-07T04:07:42.564+0530] {processor.py:829} INFO - Processing file /home/raj/Downloads/kafka_2.13-3.5.1/airflow-env/lib64/python3.11/site-packages/airflow/example_dags/example_trigger_target_dag.py for tasks to queue
[2023-10-07T04:07:42.566+0530] {logging_mixin.py:151} INFO - [2023-10-07T04:07:42.565+0530] {dagbag.py:539} INFO - Filling up the DagBag from /home/raj/Downloads/kafka_2.13-3.5.1/airflow-env/lib64/python3.11/site-packages/airflow/example_dags/example_trigger_target_dag.py
[2023-10-07T04:07:42.577+0530] {processor.py:839} INFO - DAG(s) dict_keys(['example_trigger_target_dag']) retrieved from /home/raj/Downloads/kafka_2.13-3.5.1/airflow-env/lib64/python3.11/site-packages/airflow/example_dags/example_trigger_target_dag.py
[2023-10-07T04:07:42.601+0530] {logging_mixin.py:151} INFO - [2023-10-07T04:07:42.601+0530] {dag.py:2915} INFO - Sync 1 DAGs
[2023-10-07T04:07:42.611+0530] {logging_mixin.py:151} INFO - [2023-10-07T04:07:42.611+0530] {dag.py:3696} INFO - Setting next_dagrun for example_trigger_target_dag to None, run_after=None
[2023-10-07T04:07:42.629+0530] {processor.py:179} INFO - Processing /home/raj/Downloads/kafka_2.13-3.5.1/airflow-env/lib64/python3.11/site-packages/airflow/example_dags/example_trigger_target_dag.py took 0.071 seconds
[2023-10-07T04:08:35.269+0530] {processor.py:157} INFO - Started process (PID=19271) to work on /home/raj/Downloads/kafka_2.13-3.5.1/airflow-env/lib64/python3.11/site-packages/airflow/example_dags/example_trigger_target_dag.py
[2023-10-07T04:08:35.281+0530] {processor.py:829} INFO - Processing file /home/raj/Downloads/kafka_2.13-3.5.1/airflow-env/lib64/python3.11/site-packages/airflow/example_dags/example_trigger_target_dag.py for tasks to queue
[2023-10-07T04:08:35.282+0530] {logging_mixin.py:151} INFO - [2023-10-07T04:08:35.282+0530] {dagbag.py:539} INFO - Filling up the DagBag from /home/raj/Downloads/kafka_2.13-3.5.1/airflow-env/lib64/python3.11/site-packages/airflow/example_dags/example_trigger_target_dag.py
[2023-10-07T04:08:35.294+0530] {processor.py:839} INFO - DAG(s) dict_keys(['example_trigger_target_dag']) retrieved from /home/raj/Downloads/kafka_2.13-3.5.1/airflow-env/lib64/python3.11/site-packages/airflow/example_dags/example_trigger_target_dag.py
[2023-10-07T04:08:35.326+0530] {logging_mixin.py:151} INFO - [2023-10-07T04:08:35.325+0530] {dag.py:2915} INFO - Sync 1 DAGs
[2023-10-07T04:08:35.337+0530] {logging_mixin.py:151} INFO - [2023-10-07T04:08:35.336+0530] {dag.py:3696} INFO - Setting next_dagrun for example_trigger_target_dag to None, run_after=None
[2023-10-07T04:08:35.358+0530] {processor.py:179} INFO - Processing /home/raj/Downloads/kafka_2.13-3.5.1/airflow-env/lib64/python3.11/site-packages/airflow/example_dags/example_trigger_target_dag.py took 0.094 seconds
[2023-10-07T04:09:12.490+0530] {processor.py:157} INFO - Started process (PID=19311) to work on /home/raj/Downloads/kafka_2.13-3.5.1/airflow-env/lib64/python3.11/site-packages/airflow/example_dags/example_trigger_target_dag.py
[2023-10-07T04:09:12.492+0530] {processor.py:829} INFO - Processing file /home/raj/Downloads/kafka_2.13-3.5.1/airflow-env/lib64/python3.11/site-packages/airflow/example_dags/example_trigger_target_dag.py for tasks to queue
[2023-10-07T04:09:12.494+0530] {logging_mixin.py:151} INFO - [2023-10-07T04:09:12.493+0530] {dagbag.py:539} INFO - Filling up the DagBag from /home/raj/Downloads/kafka_2.13-3.5.1/airflow-env/lib64/python3.11/site-packages/airflow/example_dags/example_trigger_target_dag.py
[2023-10-07T04:09:12.505+0530] {processor.py:839} INFO - DAG(s) dict_keys(['example_trigger_target_dag']) retrieved from /home/raj/Downloads/kafka_2.13-3.5.1/airflow-env/lib64/python3.11/site-packages/airflow/example_dags/example_trigger_target_dag.py
[2023-10-07T04:09:12.530+0530] {logging_mixin.py:151} INFO - [2023-10-07T04:09:12.530+0530] {dag.py:2915} INFO - Sync 1 DAGs
[2023-10-07T04:09:12.541+0530] {logging_mixin.py:151} INFO - [2023-10-07T04:09:12.541+0530] {dag.py:3696} INFO - Setting next_dagrun for example_trigger_target_dag to None, run_after=None
[2023-10-07T04:09:12.559+0530] {processor.py:179} INFO - Processing /home/raj/Downloads/kafka_2.13-3.5.1/airflow-env/lib64/python3.11/site-packages/airflow/example_dags/example_trigger_target_dag.py took 0.074 seconds
[2023-10-07T04:10:01.887+0530] {processor.py:157} INFO - Started process (PID=19360) to work on /home/raj/Downloads/kafka_2.13-3.5.1/airflow-env/lib64/python3.11/site-packages/airflow/example_dags/example_trigger_target_dag.py
[2023-10-07T04:10:01.898+0530] {processor.py:829} INFO - Processing file /home/raj/Downloads/kafka_2.13-3.5.1/airflow-env/lib64/python3.11/site-packages/airflow/example_dags/example_trigger_target_dag.py for tasks to queue
[2023-10-07T04:10:01.899+0530] {logging_mixin.py:151} INFO - [2023-10-07T04:10:01.898+0530] {dagbag.py:539} INFO - Filling up the DagBag from /home/raj/Downloads/kafka_2.13-3.5.1/airflow-env/lib64/python3.11/site-packages/airflow/example_dags/example_trigger_target_dag.py
[2023-10-07T04:10:01.910+0530] {processor.py:839} INFO - DAG(s) dict_keys(['example_trigger_target_dag']) retrieved from /home/raj/Downloads/kafka_2.13-3.5.1/airflow-env/lib64/python3.11/site-packages/airflow/example_dags/example_trigger_target_dag.py
[2023-10-07T04:10:01.939+0530] {logging_mixin.py:151} INFO - [2023-10-07T04:10:01.939+0530] {dag.py:2915} INFO - Sync 1 DAGs
[2023-10-07T04:10:01.952+0530] {logging_mixin.py:151} INFO - [2023-10-07T04:10:01.952+0530] {dag.py:3696} INFO - Setting next_dagrun for example_trigger_target_dag to None, run_after=None
[2023-10-07T04:10:01.976+0530] {processor.py:179} INFO - Processing /home/raj/Downloads/kafka_2.13-3.5.1/airflow-env/lib64/python3.11/site-packages/airflow/example_dags/example_trigger_target_dag.py took 0.092 seconds
[2023-10-07T04:10:51.507+0530] {processor.py:157} INFO - Started process (PID=19427) to work on /home/raj/Downloads/kafka_2.13-3.5.1/airflow-env/lib64/python3.11/site-packages/airflow/example_dags/example_trigger_target_dag.py
[2023-10-07T04:10:51.518+0530] {processor.py:829} INFO - Processing file /home/raj/Downloads/kafka_2.13-3.5.1/airflow-env/lib64/python3.11/site-packages/airflow/example_dags/example_trigger_target_dag.py for tasks to queue
[2023-10-07T04:10:51.519+0530] {logging_mixin.py:151} INFO - [2023-10-07T04:10:51.519+0530] {dagbag.py:539} INFO - Filling up the DagBag from /home/raj/Downloads/kafka_2.13-3.5.1/airflow-env/lib64/python3.11/site-packages/airflow/example_dags/example_trigger_target_dag.py
[2023-10-07T04:10:51.526+0530] {processor.py:839} INFO - DAG(s) dict_keys(['example_trigger_target_dag']) retrieved from /home/raj/Downloads/kafka_2.13-3.5.1/airflow-env/lib64/python3.11/site-packages/airflow/example_dags/example_trigger_target_dag.py
[2023-10-07T04:10:51.542+0530] {logging_mixin.py:151} INFO - [2023-10-07T04:10:51.542+0530] {dag.py:2915} INFO - Sync 1 DAGs
[2023-10-07T04:10:51.554+0530] {logging_mixin.py:151} INFO - [2023-10-07T04:10:51.553+0530] {dag.py:3696} INFO - Setting next_dagrun for example_trigger_target_dag to None, run_after=None
[2023-10-07T04:10:51.576+0530] {processor.py:179} INFO - Processing /home/raj/Downloads/kafka_2.13-3.5.1/airflow-env/lib64/python3.11/site-packages/airflow/example_dags/example_trigger_target_dag.py took 0.072 seconds
[2023-10-07T04:11:44.794+0530] {processor.py:157} INFO - Started process (PID=19487) to work on /home/raj/Downloads/kafka_2.13-3.5.1/airflow-env/lib64/python3.11/site-packages/airflow/example_dags/example_trigger_target_dag.py
[2023-10-07T04:11:44.805+0530] {processor.py:829} INFO - Processing file /home/raj/Downloads/kafka_2.13-3.5.1/airflow-env/lib64/python3.11/site-packages/airflow/example_dags/example_trigger_target_dag.py for tasks to queue
[2023-10-07T04:11:44.807+0530] {logging_mixin.py:151} INFO - [2023-10-07T04:11:44.806+0530] {dagbag.py:539} INFO - Filling up the DagBag from /home/raj/Downloads/kafka_2.13-3.5.1/airflow-env/lib64/python3.11/site-packages/airflow/example_dags/example_trigger_target_dag.py
[2023-10-07T04:11:44.819+0530] {processor.py:839} INFO - DAG(s) dict_keys(['example_trigger_target_dag']) retrieved from /home/raj/Downloads/kafka_2.13-3.5.1/airflow-env/lib64/python3.11/site-packages/airflow/example_dags/example_trigger_target_dag.py
[2023-10-07T04:11:44.853+0530] {logging_mixin.py:151} INFO - [2023-10-07T04:11:44.852+0530] {dag.py:2915} INFO - Sync 1 DAGs
[2023-10-07T04:11:44.865+0530] {logging_mixin.py:151} INFO - [2023-10-07T04:11:44.864+0530] {dag.py:3696} INFO - Setting next_dagrun for example_trigger_target_dag to None, run_after=None
[2023-10-07T04:11:44.891+0530] {processor.py:179} INFO - Processing /home/raj/Downloads/kafka_2.13-3.5.1/airflow-env/lib64/python3.11/site-packages/airflow/example_dags/example_trigger_target_dag.py took 0.102 seconds
[2023-10-07T04:12:40.910+0530] {processor.py:157} INFO - Started process (PID=19564) to work on /home/raj/Downloads/kafka_2.13-3.5.1/airflow-env/lib64/python3.11/site-packages/airflow/example_dags/example_trigger_target_dag.py
[2023-10-07T04:12:40.920+0530] {processor.py:829} INFO - Processing file /home/raj/Downloads/kafka_2.13-3.5.1/airflow-env/lib64/python3.11/site-packages/airflow/example_dags/example_trigger_target_dag.py for tasks to queue
[2023-10-07T04:12:40.922+0530] {logging_mixin.py:151} INFO - [2023-10-07T04:12:40.921+0530] {dagbag.py:539} INFO - Filling up the DagBag from /home/raj/Downloads/kafka_2.13-3.5.1/airflow-env/lib64/python3.11/site-packages/airflow/example_dags/example_trigger_target_dag.py
[2023-10-07T04:12:40.933+0530] {processor.py:839} INFO - DAG(s) dict_keys(['example_trigger_target_dag']) retrieved from /home/raj/Downloads/kafka_2.13-3.5.1/airflow-env/lib64/python3.11/site-packages/airflow/example_dags/example_trigger_target_dag.py
[2023-10-07T04:12:40.964+0530] {logging_mixin.py:151} INFO - [2023-10-07T04:12:40.964+0530] {dag.py:2915} INFO - Sync 1 DAGs
[2023-10-07T04:12:40.974+0530] {logging_mixin.py:151} INFO - [2023-10-07T04:12:40.974+0530] {dag.py:3696} INFO - Setting next_dagrun for example_trigger_target_dag to None, run_after=None
[2023-10-07T04:12:40.998+0530] {processor.py:179} INFO - Processing /home/raj/Downloads/kafka_2.13-3.5.1/airflow-env/lib64/python3.11/site-packages/airflow/example_dags/example_trigger_target_dag.py took 0.094 seconds
[2023-10-07T04:13:33.079+0530] {processor.py:157} INFO - Started process (PID=19618) to work on /home/raj/Downloads/kafka_2.13-3.5.1/airflow-env/lib64/python3.11/site-packages/airflow/example_dags/example_trigger_target_dag.py
[2023-10-07T04:13:33.090+0530] {processor.py:829} INFO - Processing file /home/raj/Downloads/kafka_2.13-3.5.1/airflow-env/lib64/python3.11/site-packages/airflow/example_dags/example_trigger_target_dag.py for tasks to queue
[2023-10-07T04:13:33.093+0530] {logging_mixin.py:151} INFO - [2023-10-07T04:13:33.092+0530] {dagbag.py:539} INFO - Filling up the DagBag from /home/raj/Downloads/kafka_2.13-3.5.1/airflow-env/lib64/python3.11/site-packages/airflow/example_dags/example_trigger_target_dag.py
[2023-10-07T04:13:33.105+0530] {processor.py:839} INFO - DAG(s) dict_keys(['example_trigger_target_dag']) retrieved from /home/raj/Downloads/kafka_2.13-3.5.1/airflow-env/lib64/python3.11/site-packages/airflow/example_dags/example_trigger_target_dag.py
[2023-10-07T04:13:33.138+0530] {logging_mixin.py:151} INFO - [2023-10-07T04:13:33.138+0530] {dag.py:2915} INFO - Sync 1 DAGs
[2023-10-07T04:13:33.149+0530] {logging_mixin.py:151} INFO - [2023-10-07T04:13:33.149+0530] {dag.py:3696} INFO - Setting next_dagrun for example_trigger_target_dag to None, run_after=None
[2023-10-07T04:13:33.170+0530] {processor.py:179} INFO - Processing /home/raj/Downloads/kafka_2.13-3.5.1/airflow-env/lib64/python3.11/site-packages/airflow/example_dags/example_trigger_target_dag.py took 0.097 seconds
[2023-10-07T04:14:23.578+0530] {processor.py:157} INFO - Started process (PID=19670) to work on /home/raj/Downloads/kafka_2.13-3.5.1/airflow-env/lib64/python3.11/site-packages/airflow/example_dags/example_trigger_target_dag.py
[2023-10-07T04:14:23.589+0530] {processor.py:829} INFO - Processing file /home/raj/Downloads/kafka_2.13-3.5.1/airflow-env/lib64/python3.11/site-packages/airflow/example_dags/example_trigger_target_dag.py for tasks to queue
[2023-10-07T04:14:23.591+0530] {logging_mixin.py:151} INFO - [2023-10-07T04:14:23.590+0530] {dagbag.py:539} INFO - Filling up the DagBag from /home/raj/Downloads/kafka_2.13-3.5.1/airflow-env/lib64/python3.11/site-packages/airflow/example_dags/example_trigger_target_dag.py
[2023-10-07T04:14:23.596+0530] {processor.py:839} INFO - DAG(s) dict_keys(['example_trigger_target_dag']) retrieved from /home/raj/Downloads/kafka_2.13-3.5.1/airflow-env/lib64/python3.11/site-packages/airflow/example_dags/example_trigger_target_dag.py
[2023-10-07T04:14:23.611+0530] {logging_mixin.py:151} INFO - [2023-10-07T04:14:23.611+0530] {dag.py:2915} INFO - Sync 1 DAGs
[2023-10-07T04:14:23.621+0530] {logging_mixin.py:151} INFO - [2023-10-07T04:14:23.621+0530] {dag.py:3696} INFO - Setting next_dagrun for example_trigger_target_dag to None, run_after=None
[2023-10-07T04:14:23.639+0530] {processor.py:179} INFO - Processing /home/raj/Downloads/kafka_2.13-3.5.1/airflow-env/lib64/python3.11/site-packages/airflow/example_dags/example_trigger_target_dag.py took 0.067 seconds
[2023-10-07T04:15:14.094+0530] {processor.py:157} INFO - Started process (PID=19753) to work on /home/raj/Downloads/kafka_2.13-3.5.1/airflow-env/lib64/python3.11/site-packages/airflow/example_dags/example_trigger_target_dag.py
[2023-10-07T04:15:14.105+0530] {processor.py:829} INFO - Processing file /home/raj/Downloads/kafka_2.13-3.5.1/airflow-env/lib64/python3.11/site-packages/airflow/example_dags/example_trigger_target_dag.py for tasks to queue
[2023-10-07T04:15:14.106+0530] {logging_mixin.py:151} INFO - [2023-10-07T04:15:14.106+0530] {dagbag.py:539} INFO - Filling up the DagBag from /home/raj/Downloads/kafka_2.13-3.5.1/airflow-env/lib64/python3.11/site-packages/airflow/example_dags/example_trigger_target_dag.py
[2023-10-07T04:15:14.112+0530] {processor.py:839} INFO - DAG(s) dict_keys(['example_trigger_target_dag']) retrieved from /home/raj/Downloads/kafka_2.13-3.5.1/airflow-env/lib64/python3.11/site-packages/airflow/example_dags/example_trigger_target_dag.py
[2023-10-07T04:15:14.129+0530] {logging_mixin.py:151} INFO - [2023-10-07T04:15:14.129+0530] {dag.py:2915} INFO - Sync 1 DAGs
[2023-10-07T04:15:14.140+0530] {logging_mixin.py:151} INFO - [2023-10-07T04:15:14.140+0530] {dag.py:3696} INFO - Setting next_dagrun for example_trigger_target_dag to None, run_after=None
[2023-10-07T04:15:14.164+0530] {processor.py:179} INFO - Processing /home/raj/Downloads/kafka_2.13-3.5.1/airflow-env/lib64/python3.11/site-packages/airflow/example_dags/example_trigger_target_dag.py took 0.076 seconds
[2023-10-07T04:16:02.638+0530] {processor.py:157} INFO - Started process (PID=19827) to work on /home/raj/Downloads/kafka_2.13-3.5.1/airflow-env/lib64/python3.11/site-packages/airflow/example_dags/example_trigger_target_dag.py
[2023-10-07T04:16:02.649+0530] {processor.py:829} INFO - Processing file /home/raj/Downloads/kafka_2.13-3.5.1/airflow-env/lib64/python3.11/site-packages/airflow/example_dags/example_trigger_target_dag.py for tasks to queue
[2023-10-07T04:16:02.649+0530] {logging_mixin.py:151} INFO - [2023-10-07T04:16:02.649+0530] {dagbag.py:539} INFO - Filling up the DagBag from /home/raj/Downloads/kafka_2.13-3.5.1/airflow-env/lib64/python3.11/site-packages/airflow/example_dags/example_trigger_target_dag.py
[2023-10-07T04:16:02.655+0530] {processor.py:839} INFO - DAG(s) dict_keys(['example_trigger_target_dag']) retrieved from /home/raj/Downloads/kafka_2.13-3.5.1/airflow-env/lib64/python3.11/site-packages/airflow/example_dags/example_trigger_target_dag.py
[2023-10-07T04:16:02.671+0530] {logging_mixin.py:151} INFO - [2023-10-07T04:16:02.671+0530] {dag.py:2915} INFO - Sync 1 DAGs
[2023-10-07T04:16:02.682+0530] {logging_mixin.py:151} INFO - [2023-10-07T04:16:02.682+0530] {dag.py:3696} INFO - Setting next_dagrun for example_trigger_target_dag to None, run_after=None
[2023-10-07T04:16:02.703+0530] {processor.py:179} INFO - Processing /home/raj/Downloads/kafka_2.13-3.5.1/airflow-env/lib64/python3.11/site-packages/airflow/example_dags/example_trigger_target_dag.py took 0.070 seconds
[2023-10-07T04:16:41.675+0530] {processor.py:157} INFO - Started process (PID=19870) to work on /home/raj/Downloads/kafka_2.13-3.5.1/airflow-env/lib64/python3.11/site-packages/airflow/example_dags/example_trigger_target_dag.py
[2023-10-07T04:16:41.686+0530] {processor.py:829} INFO - Processing file /home/raj/Downloads/kafka_2.13-3.5.1/airflow-env/lib64/python3.11/site-packages/airflow/example_dags/example_trigger_target_dag.py for tasks to queue
[2023-10-07T04:16:41.688+0530] {logging_mixin.py:151} INFO - [2023-10-07T04:16:41.687+0530] {dagbag.py:539} INFO - Filling up the DagBag from /home/raj/Downloads/kafka_2.13-3.5.1/airflow-env/lib64/python3.11/site-packages/airflow/example_dags/example_trigger_target_dag.py
[2023-10-07T04:16:41.702+0530] {processor.py:839} INFO - DAG(s) dict_keys(['example_trigger_target_dag']) retrieved from /home/raj/Downloads/kafka_2.13-3.5.1/airflow-env/lib64/python3.11/site-packages/airflow/example_dags/example_trigger_target_dag.py
[2023-10-07T04:16:41.717+0530] {logging_mixin.py:151} INFO - [2023-10-07T04:16:41.717+0530] {dag.py:2915} INFO - Sync 1 DAGs
[2023-10-07T04:16:41.726+0530] {logging_mixin.py:151} INFO - [2023-10-07T04:16:41.726+0530] {dag.py:3696} INFO - Setting next_dagrun for example_trigger_target_dag to None, run_after=None
[2023-10-07T04:16:41.743+0530] {processor.py:179} INFO - Processing /home/raj/Downloads/kafka_2.13-3.5.1/airflow-env/lib64/python3.11/site-packages/airflow/example_dags/example_trigger_target_dag.py took 0.073 seconds
[2023-10-07T04:17:31.307+0530] {processor.py:157} INFO - Started process (PID=19926) to work on /home/raj/Downloads/kafka_2.13-3.5.1/airflow-env/lib64/python3.11/site-packages/airflow/example_dags/example_trigger_target_dag.py
[2023-10-07T04:17:31.318+0530] {processor.py:829} INFO - Processing file /home/raj/Downloads/kafka_2.13-3.5.1/airflow-env/lib64/python3.11/site-packages/airflow/example_dags/example_trigger_target_dag.py for tasks to queue
[2023-10-07T04:17:31.320+0530] {logging_mixin.py:151} INFO - [2023-10-07T04:17:31.319+0530] {dagbag.py:539} INFO - Filling up the DagBag from /home/raj/Downloads/kafka_2.13-3.5.1/airflow-env/lib64/python3.11/site-packages/airflow/example_dags/example_trigger_target_dag.py
[2023-10-07T04:17:31.331+0530] {processor.py:839} INFO - DAG(s) dict_keys(['example_trigger_target_dag']) retrieved from /home/raj/Downloads/kafka_2.13-3.5.1/airflow-env/lib64/python3.11/site-packages/airflow/example_dags/example_trigger_target_dag.py
[2023-10-07T04:17:31.362+0530] {logging_mixin.py:151} INFO - [2023-10-07T04:17:31.362+0530] {dag.py:2915} INFO - Sync 1 DAGs
[2023-10-07T04:17:31.373+0530] {logging_mixin.py:151} INFO - [2023-10-07T04:17:31.373+0530] {dag.py:3696} INFO - Setting next_dagrun for example_trigger_target_dag to None, run_after=None
[2023-10-07T04:17:31.390+0530] {processor.py:179} INFO - Processing /home/raj/Downloads/kafka_2.13-3.5.1/airflow-env/lib64/python3.11/site-packages/airflow/example_dags/example_trigger_target_dag.py took 0.088 seconds
[2023-10-07T04:18:22.966+0530] {processor.py:157} INFO - Started process (PID=19979) to work on /home/raj/Downloads/kafka_2.13-3.5.1/airflow-env/lib64/python3.11/site-packages/airflow/example_dags/example_trigger_target_dag.py
[2023-10-07T04:18:22.978+0530] {processor.py:829} INFO - Processing file /home/raj/Downloads/kafka_2.13-3.5.1/airflow-env/lib64/python3.11/site-packages/airflow/example_dags/example_trigger_target_dag.py for tasks to queue
[2023-10-07T04:18:22.980+0530] {logging_mixin.py:151} INFO - [2023-10-07T04:18:22.979+0530] {dagbag.py:539} INFO - Filling up the DagBag from /home/raj/Downloads/kafka_2.13-3.5.1/airflow-env/lib64/python3.11/site-packages/airflow/example_dags/example_trigger_target_dag.py
[2023-10-07T04:18:22.991+0530] {processor.py:839} INFO - DAG(s) dict_keys(['example_trigger_target_dag']) retrieved from /home/raj/Downloads/kafka_2.13-3.5.1/airflow-env/lib64/python3.11/site-packages/airflow/example_dags/example_trigger_target_dag.py
[2023-10-07T04:18:23.006+0530] {logging_mixin.py:151} INFO - [2023-10-07T04:18:23.006+0530] {dag.py:2915} INFO - Sync 1 DAGs
[2023-10-07T04:18:23.015+0530] {logging_mixin.py:151} INFO - [2023-10-07T04:18:23.015+0530] {dag.py:3696} INFO - Setting next_dagrun for example_trigger_target_dag to None, run_after=None
[2023-10-07T04:18:23.032+0530] {processor.py:179} INFO - Processing /home/raj/Downloads/kafka_2.13-3.5.1/airflow-env/lib64/python3.11/site-packages/airflow/example_dags/example_trigger_target_dag.py took 0.072 seconds
[2023-10-07T04:19:16.353+0530] {processor.py:157} INFO - Started process (PID=20033) to work on /home/raj/Downloads/kafka_2.13-3.5.1/airflow-env/lib64/python3.11/site-packages/airflow/example_dags/example_trigger_target_dag.py
[2023-10-07T04:19:16.364+0530] {processor.py:829} INFO - Processing file /home/raj/Downloads/kafka_2.13-3.5.1/airflow-env/lib64/python3.11/site-packages/airflow/example_dags/example_trigger_target_dag.py for tasks to queue
[2023-10-07T04:19:16.366+0530] {logging_mixin.py:151} INFO - [2023-10-07T04:19:16.365+0530] {dagbag.py:539} INFO - Filling up the DagBag from /home/raj/Downloads/kafka_2.13-3.5.1/airflow-env/lib64/python3.11/site-packages/airflow/example_dags/example_trigger_target_dag.py
[2023-10-07T04:19:16.376+0530] {processor.py:839} INFO - DAG(s) dict_keys(['example_trigger_target_dag']) retrieved from /home/raj/Downloads/kafka_2.13-3.5.1/airflow-env/lib64/python3.11/site-packages/airflow/example_dags/example_trigger_target_dag.py
[2023-10-07T04:19:16.394+0530] {logging_mixin.py:151} INFO - [2023-10-07T04:19:16.394+0530] {dag.py:2915} INFO - Sync 1 DAGs
[2023-10-07T04:19:16.412+0530] {logging_mixin.py:151} INFO - [2023-10-07T04:19:16.412+0530] {dag.py:3696} INFO - Setting next_dagrun for example_trigger_target_dag to None, run_after=None
[2023-10-07T04:19:16.432+0530] {processor.py:179} INFO - Processing /home/raj/Downloads/kafka_2.13-3.5.1/airflow-env/lib64/python3.11/site-packages/airflow/example_dags/example_trigger_target_dag.py took 0.084 seconds
[2023-10-07T04:19:54.076+0530] {processor.py:157} INFO - Started process (PID=20071) to work on /home/raj/Downloads/kafka_2.13-3.5.1/airflow-env/lib64/python3.11/site-packages/airflow/example_dags/example_trigger_target_dag.py
[2023-10-07T04:19:54.088+0530] {processor.py:829} INFO - Processing file /home/raj/Downloads/kafka_2.13-3.5.1/airflow-env/lib64/python3.11/site-packages/airflow/example_dags/example_trigger_target_dag.py for tasks to queue
[2023-10-07T04:19:54.089+0530] {logging_mixin.py:151} INFO - [2023-10-07T04:19:54.089+0530] {dagbag.py:539} INFO - Filling up the DagBag from /home/raj/Downloads/kafka_2.13-3.5.1/airflow-env/lib64/python3.11/site-packages/airflow/example_dags/example_trigger_target_dag.py
[2023-10-07T04:19:54.100+0530] {processor.py:839} INFO - DAG(s) dict_keys(['example_trigger_target_dag']) retrieved from /home/raj/Downloads/kafka_2.13-3.5.1/airflow-env/lib64/python3.11/site-packages/airflow/example_dags/example_trigger_target_dag.py
[2023-10-07T04:19:54.131+0530] {logging_mixin.py:151} INFO - [2023-10-07T04:19:54.131+0530] {dag.py:2915} INFO - Sync 1 DAGs
[2023-10-07T04:19:54.142+0530] {logging_mixin.py:151} INFO - [2023-10-07T04:19:54.142+0530] {dag.py:3696} INFO - Setting next_dagrun for example_trigger_target_dag to None, run_after=None
[2023-10-07T04:19:54.162+0530] {processor.py:179} INFO - Processing /home/raj/Downloads/kafka_2.13-3.5.1/airflow-env/lib64/python3.11/site-packages/airflow/example_dags/example_trigger_target_dag.py took 0.091 seconds
[2023-10-07T04:20:31.173+0530] {processor.py:157} INFO - Started process (PID=20403) to work on /home/raj/Downloads/kafka_2.13-3.5.1/airflow-env/lib64/python3.11/site-packages/airflow/example_dags/example_trigger_target_dag.py
[2023-10-07T04:20:31.184+0530] {processor.py:829} INFO - Processing file /home/raj/Downloads/kafka_2.13-3.5.1/airflow-env/lib64/python3.11/site-packages/airflow/example_dags/example_trigger_target_dag.py for tasks to queue
[2023-10-07T04:20:31.185+0530] {logging_mixin.py:151} INFO - [2023-10-07T04:20:31.185+0530] {dagbag.py:539} INFO - Filling up the DagBag from /home/raj/Downloads/kafka_2.13-3.5.1/airflow-env/lib64/python3.11/site-packages/airflow/example_dags/example_trigger_target_dag.py
[2023-10-07T04:20:31.196+0530] {processor.py:839} INFO - DAG(s) dict_keys(['example_trigger_target_dag']) retrieved from /home/raj/Downloads/kafka_2.13-3.5.1/airflow-env/lib64/python3.11/site-packages/airflow/example_dags/example_trigger_target_dag.py
[2023-10-07T04:20:31.230+0530] {logging_mixin.py:151} INFO - [2023-10-07T04:20:31.230+0530] {dag.py:2915} INFO - Sync 1 DAGs
[2023-10-07T04:20:31.244+0530] {logging_mixin.py:151} INFO - [2023-10-07T04:20:31.244+0530] {dag.py:3696} INFO - Setting next_dagrun for example_trigger_target_dag to None, run_after=None
[2023-10-07T04:20:31.263+0530] {processor.py:179} INFO - Processing /home/raj/Downloads/kafka_2.13-3.5.1/airflow-env/lib64/python3.11/site-packages/airflow/example_dags/example_trigger_target_dag.py took 0.095 seconds
[2023-10-07T04:21:09.618+0530] {processor.py:157} INFO - Started process (PID=20573) to work on /home/raj/Downloads/kafka_2.13-3.5.1/airflow-env/lib64/python3.11/site-packages/airflow/example_dags/example_trigger_target_dag.py
[2023-10-07T04:21:09.630+0530] {processor.py:829} INFO - Processing file /home/raj/Downloads/kafka_2.13-3.5.1/airflow-env/lib64/python3.11/site-packages/airflow/example_dags/example_trigger_target_dag.py for tasks to queue
[2023-10-07T04:21:09.631+0530] {logging_mixin.py:151} INFO - [2023-10-07T04:21:09.631+0530] {dagbag.py:539} INFO - Filling up the DagBag from /home/raj/Downloads/kafka_2.13-3.5.1/airflow-env/lib64/python3.11/site-packages/airflow/example_dags/example_trigger_target_dag.py
[2023-10-07T04:21:09.638+0530] {processor.py:839} INFO - DAG(s) dict_keys(['example_trigger_target_dag']) retrieved from /home/raj/Downloads/kafka_2.13-3.5.1/airflow-env/lib64/python3.11/site-packages/airflow/example_dags/example_trigger_target_dag.py
[2023-10-07T04:21:09.651+0530] {logging_mixin.py:151} INFO - [2023-10-07T04:21:09.650+0530] {dag.py:2915} INFO - Sync 1 DAGs
[2023-10-07T04:21:09.660+0530] {logging_mixin.py:151} INFO - [2023-10-07T04:21:09.660+0530] {dag.py:3696} INFO - Setting next_dagrun for example_trigger_target_dag to None, run_after=None
[2023-10-07T04:21:09.678+0530] {processor.py:179} INFO - Processing /home/raj/Downloads/kafka_2.13-3.5.1/airflow-env/lib64/python3.11/site-packages/airflow/example_dags/example_trigger_target_dag.py took 0.065 seconds
[2023-10-07T04:21:59.819+0530] {processor.py:157} INFO - Started process (PID=20735) to work on /home/raj/Downloads/kafka_2.13-3.5.1/airflow-env/lib64/python3.11/site-packages/airflow/example_dags/example_trigger_target_dag.py
[2023-10-07T04:21:59.830+0530] {processor.py:829} INFO - Processing file /home/raj/Downloads/kafka_2.13-3.5.1/airflow-env/lib64/python3.11/site-packages/airflow/example_dags/example_trigger_target_dag.py for tasks to queue
[2023-10-07T04:21:59.832+0530] {logging_mixin.py:151} INFO - [2023-10-07T04:21:59.831+0530] {dagbag.py:539} INFO - Filling up the DagBag from /home/raj/Downloads/kafka_2.13-3.5.1/airflow-env/lib64/python3.11/site-packages/airflow/example_dags/example_trigger_target_dag.py
[2023-10-07T04:21:59.844+0530] {processor.py:839} INFO - DAG(s) dict_keys(['example_trigger_target_dag']) retrieved from /home/raj/Downloads/kafka_2.13-3.5.1/airflow-env/lib64/python3.11/site-packages/airflow/example_dags/example_trigger_target_dag.py
[2023-10-07T04:21:59.876+0530] {logging_mixin.py:151} INFO - [2023-10-07T04:21:59.875+0530] {dag.py:2915} INFO - Sync 1 DAGs
[2023-10-07T04:21:59.888+0530] {logging_mixin.py:151} INFO - [2023-10-07T04:21:59.888+0530] {dag.py:3696} INFO - Setting next_dagrun for example_trigger_target_dag to None, run_after=None
[2023-10-07T04:21:59.910+0530] {processor.py:179} INFO - Processing /home/raj/Downloads/kafka_2.13-3.5.1/airflow-env/lib64/python3.11/site-packages/airflow/example_dags/example_trigger_target_dag.py took 0.097 seconds
[2023-10-07T04:22:49.524+0530] {processor.py:157} INFO - Started process (PID=20846) to work on /home/raj/Downloads/kafka_2.13-3.5.1/airflow-env/lib64/python3.11/site-packages/airflow/example_dags/example_trigger_target_dag.py
[2023-10-07T04:22:49.535+0530] {processor.py:829} INFO - Processing file /home/raj/Downloads/kafka_2.13-3.5.1/airflow-env/lib64/python3.11/site-packages/airflow/example_dags/example_trigger_target_dag.py for tasks to queue
[2023-10-07T04:22:49.536+0530] {logging_mixin.py:151} INFO - [2023-10-07T04:22:49.536+0530] {dagbag.py:539} INFO - Filling up the DagBag from /home/raj/Downloads/kafka_2.13-3.5.1/airflow-env/lib64/python3.11/site-packages/airflow/example_dags/example_trigger_target_dag.py
[2023-10-07T04:22:49.542+0530] {processor.py:839} INFO - DAG(s) dict_keys(['example_trigger_target_dag']) retrieved from /home/raj/Downloads/kafka_2.13-3.5.1/airflow-env/lib64/python3.11/site-packages/airflow/example_dags/example_trigger_target_dag.py
[2023-10-07T04:22:49.557+0530] {logging_mixin.py:151} INFO - [2023-10-07T04:22:49.557+0530] {dag.py:2915} INFO - Sync 1 DAGs
[2023-10-07T04:22:49.568+0530] {logging_mixin.py:151} INFO - [2023-10-07T04:22:49.568+0530] {dag.py:3696} INFO - Setting next_dagrun for example_trigger_target_dag to None, run_after=None
[2023-10-07T04:22:49.589+0530] {processor.py:179} INFO - Processing /home/raj/Downloads/kafka_2.13-3.5.1/airflow-env/lib64/python3.11/site-packages/airflow/example_dags/example_trigger_target_dag.py took 0.071 seconds
[2023-10-07T04:23:41.550+0530] {processor.py:157} INFO - Started process (PID=20939) to work on /home/raj/Downloads/kafka_2.13-3.5.1/airflow-env/lib64/python3.11/site-packages/airflow/example_dags/example_trigger_target_dag.py
[2023-10-07T04:23:41.553+0530] {processor.py:829} INFO - Processing file /home/raj/Downloads/kafka_2.13-3.5.1/airflow-env/lib64/python3.11/site-packages/airflow/example_dags/example_trigger_target_dag.py for tasks to queue
[2023-10-07T04:23:41.554+0530] {logging_mixin.py:151} INFO - [2023-10-07T04:23:41.553+0530] {dagbag.py:539} INFO - Filling up the DagBag from /home/raj/Downloads/kafka_2.13-3.5.1/airflow-env/lib64/python3.11/site-packages/airflow/example_dags/example_trigger_target_dag.py
[2023-10-07T04:23:41.560+0530] {processor.py:839} INFO - DAG(s) dict_keys(['example_trigger_target_dag']) retrieved from /home/raj/Downloads/kafka_2.13-3.5.1/airflow-env/lib64/python3.11/site-packages/airflow/example_dags/example_trigger_target_dag.py
[2023-10-07T04:23:41.575+0530] {logging_mixin.py:151} INFO - [2023-10-07T04:23:41.575+0530] {dag.py:2915} INFO - Sync 1 DAGs
[2023-10-07T04:23:41.586+0530] {logging_mixin.py:151} INFO - [2023-10-07T04:23:41.585+0530] {dag.py:3696} INFO - Setting next_dagrun for example_trigger_target_dag to None, run_after=None
[2023-10-07T04:23:41.610+0530] {processor.py:179} INFO - Processing /home/raj/Downloads/kafka_2.13-3.5.1/airflow-env/lib64/python3.11/site-packages/airflow/example_dags/example_trigger_target_dag.py took 0.066 seconds
[2023-10-07T04:24:32.283+0530] {processor.py:157} INFO - Started process (PID=21066) to work on /home/raj/Downloads/kafka_2.13-3.5.1/airflow-env/lib64/python3.11/site-packages/airflow/example_dags/example_trigger_target_dag.py
[2023-10-07T04:24:32.294+0530] {processor.py:829} INFO - Processing file /home/raj/Downloads/kafka_2.13-3.5.1/airflow-env/lib64/python3.11/site-packages/airflow/example_dags/example_trigger_target_dag.py for tasks to queue
[2023-10-07T04:24:32.295+0530] {logging_mixin.py:151} INFO - [2023-10-07T04:24:32.295+0530] {dagbag.py:539} INFO - Filling up the DagBag from /home/raj/Downloads/kafka_2.13-3.5.1/airflow-env/lib64/python3.11/site-packages/airflow/example_dags/example_trigger_target_dag.py
[2023-10-07T04:24:32.307+0530] {processor.py:839} INFO - DAG(s) dict_keys(['example_trigger_target_dag']) retrieved from /home/raj/Downloads/kafka_2.13-3.5.1/airflow-env/lib64/python3.11/site-packages/airflow/example_dags/example_trigger_target_dag.py
[2023-10-07T04:24:32.330+0530] {logging_mixin.py:151} INFO - [2023-10-07T04:24:32.330+0530] {dag.py:2915} INFO - Sync 1 DAGs
[2023-10-07T04:24:32.344+0530] {logging_mixin.py:151} INFO - [2023-10-07T04:24:32.344+0530] {dag.py:3696} INFO - Setting next_dagrun for example_trigger_target_dag to None, run_after=None
[2023-10-07T04:24:32.367+0530] {processor.py:179} INFO - Processing /home/raj/Downloads/kafka_2.13-3.5.1/airflow-env/lib64/python3.11/site-packages/airflow/example_dags/example_trigger_target_dag.py took 0.089 seconds
[2023-10-07T04:25:22.549+0530] {processor.py:157} INFO - Started process (PID=21164) to work on /home/raj/Downloads/kafka_2.13-3.5.1/airflow-env/lib64/python3.11/site-packages/airflow/example_dags/example_trigger_target_dag.py
[2023-10-07T04:25:22.551+0530] {processor.py:829} INFO - Processing file /home/raj/Downloads/kafka_2.13-3.5.1/airflow-env/lib64/python3.11/site-packages/airflow/example_dags/example_trigger_target_dag.py for tasks to queue
[2023-10-07T04:25:22.552+0530] {logging_mixin.py:151} INFO - [2023-10-07T04:25:22.552+0530] {dagbag.py:539} INFO - Filling up the DagBag from /home/raj/Downloads/kafka_2.13-3.5.1/airflow-env/lib64/python3.11/site-packages/airflow/example_dags/example_trigger_target_dag.py
[2023-10-07T04:25:22.561+0530] {processor.py:839} INFO - DAG(s) dict_keys(['example_trigger_target_dag']) retrieved from /home/raj/Downloads/kafka_2.13-3.5.1/airflow-env/lib64/python3.11/site-packages/airflow/example_dags/example_trigger_target_dag.py
[2023-10-07T04:25:22.584+0530] {logging_mixin.py:151} INFO - [2023-10-07T04:25:22.583+0530] {dag.py:2915} INFO - Sync 1 DAGs
[2023-10-07T04:25:22.598+0530] {logging_mixin.py:151} INFO - [2023-10-07T04:25:22.598+0530] {dag.py:3696} INFO - Setting next_dagrun for example_trigger_target_dag to None, run_after=None
[2023-10-07T04:25:22.622+0530] {processor.py:179} INFO - Processing /home/raj/Downloads/kafka_2.13-3.5.1/airflow-env/lib64/python3.11/site-packages/airflow/example_dags/example_trigger_target_dag.py took 0.076 seconds
[2023-10-07T04:26:16.124+0530] {processor.py:157} INFO - Started process (PID=21318) to work on /home/raj/Downloads/kafka_2.13-3.5.1/airflow-env/lib64/python3.11/site-packages/airflow/example_dags/example_trigger_target_dag.py
[2023-10-07T04:26:16.125+0530] {processor.py:829} INFO - Processing file /home/raj/Downloads/kafka_2.13-3.5.1/airflow-env/lib64/python3.11/site-packages/airflow/example_dags/example_trigger_target_dag.py for tasks to queue
[2023-10-07T04:26:16.126+0530] {logging_mixin.py:151} INFO - [2023-10-07T04:26:16.125+0530] {dagbag.py:539} INFO - Filling up the DagBag from /home/raj/Downloads/kafka_2.13-3.5.1/airflow-env/lib64/python3.11/site-packages/airflow/example_dags/example_trigger_target_dag.py
[2023-10-07T04:26:16.132+0530] {processor.py:839} INFO - DAG(s) dict_keys(['example_trigger_target_dag']) retrieved from /home/raj/Downloads/kafka_2.13-3.5.1/airflow-env/lib64/python3.11/site-packages/airflow/example_dags/example_trigger_target_dag.py
[2023-10-07T04:26:16.148+0530] {logging_mixin.py:151} INFO - [2023-10-07T04:26:16.148+0530] {dag.py:2915} INFO - Sync 1 DAGs
[2023-10-07T04:26:16.158+0530] {logging_mixin.py:151} INFO - [2023-10-07T04:26:16.158+0530] {dag.py:3696} INFO - Setting next_dagrun for example_trigger_target_dag to None, run_after=None
[2023-10-07T04:26:16.178+0530] {processor.py:179} INFO - Processing /home/raj/Downloads/kafka_2.13-3.5.1/airflow-env/lib64/python3.11/site-packages/airflow/example_dags/example_trigger_target_dag.py took 0.057 seconds
[2023-10-07T04:27:04.070+0530] {processor.py:157} INFO - Started process (PID=21442) to work on /home/raj/Downloads/kafka_2.13-3.5.1/airflow-env/lib64/python3.11/site-packages/airflow/example_dags/example_trigger_target_dag.py
[2023-10-07T04:27:04.081+0530] {processor.py:829} INFO - Processing file /home/raj/Downloads/kafka_2.13-3.5.1/airflow-env/lib64/python3.11/site-packages/airflow/example_dags/example_trigger_target_dag.py for tasks to queue
[2023-10-07T04:27:04.082+0530] {logging_mixin.py:151} INFO - [2023-10-07T04:27:04.081+0530] {dagbag.py:539} INFO - Filling up the DagBag from /home/raj/Downloads/kafka_2.13-3.5.1/airflow-env/lib64/python3.11/site-packages/airflow/example_dags/example_trigger_target_dag.py
[2023-10-07T04:27:04.098+0530] {processor.py:839} INFO - DAG(s) dict_keys(['example_trigger_target_dag']) retrieved from /home/raj/Downloads/kafka_2.13-3.5.1/airflow-env/lib64/python3.11/site-packages/airflow/example_dags/example_trigger_target_dag.py
[2023-10-07T04:27:04.119+0530] {logging_mixin.py:151} INFO - [2023-10-07T04:27:04.118+0530] {dag.py:2915} INFO - Sync 1 DAGs
[2023-10-07T04:27:04.132+0530] {logging_mixin.py:151} INFO - [2023-10-07T04:27:04.131+0530] {dag.py:3696} INFO - Setting next_dagrun for example_trigger_target_dag to None, run_after=None
[2023-10-07T04:27:04.159+0530] {processor.py:179} INFO - Processing /home/raj/Downloads/kafka_2.13-3.5.1/airflow-env/lib64/python3.11/site-packages/airflow/example_dags/example_trigger_target_dag.py took 0.094 seconds
[2023-10-07T04:27:57.621+0530] {processor.py:157} INFO - Started process (PID=21584) to work on /home/raj/Downloads/kafka_2.13-3.5.1/airflow-env/lib64/python3.11/site-packages/airflow/example_dags/example_trigger_target_dag.py
[2023-10-07T04:27:57.631+0530] {processor.py:829} INFO - Processing file /home/raj/Downloads/kafka_2.13-3.5.1/airflow-env/lib64/python3.11/site-packages/airflow/example_dags/example_trigger_target_dag.py for tasks to queue
[2023-10-07T04:27:57.633+0530] {logging_mixin.py:151} INFO - [2023-10-07T04:27:57.633+0530] {dagbag.py:539} INFO - Filling up the DagBag from /home/raj/Downloads/kafka_2.13-3.5.1/airflow-env/lib64/python3.11/site-packages/airflow/example_dags/example_trigger_target_dag.py
[2023-10-07T04:27:57.643+0530] {processor.py:839} INFO - DAG(s) dict_keys(['example_trigger_target_dag']) retrieved from /home/raj/Downloads/kafka_2.13-3.5.1/airflow-env/lib64/python3.11/site-packages/airflow/example_dags/example_trigger_target_dag.py
[2023-10-07T04:27:57.661+0530] {logging_mixin.py:151} INFO - [2023-10-07T04:27:57.660+0530] {dag.py:2915} INFO - Sync 1 DAGs
[2023-10-07T04:27:57.674+0530] {logging_mixin.py:151} INFO - [2023-10-07T04:27:57.674+0530] {dag.py:3696} INFO - Setting next_dagrun for example_trigger_target_dag to None, run_after=None
[2023-10-07T04:27:57.700+0530] {processor.py:179} INFO - Processing /home/raj/Downloads/kafka_2.13-3.5.1/airflow-env/lib64/python3.11/site-packages/airflow/example_dags/example_trigger_target_dag.py took 0.084 seconds
[2023-10-07T04:28:51.649+0530] {processor.py:157} INFO - Started process (PID=21720) to work on /home/raj/Downloads/kafka_2.13-3.5.1/airflow-env/lib64/python3.11/site-packages/airflow/example_dags/example_trigger_target_dag.py
[2023-10-07T04:28:51.661+0530] {processor.py:829} INFO - Processing file /home/raj/Downloads/kafka_2.13-3.5.1/airflow-env/lib64/python3.11/site-packages/airflow/example_dags/example_trigger_target_dag.py for tasks to queue
[2023-10-07T04:28:51.662+0530] {logging_mixin.py:151} INFO - [2023-10-07T04:28:51.661+0530] {dagbag.py:539} INFO - Filling up the DagBag from /home/raj/Downloads/kafka_2.13-3.5.1/airflow-env/lib64/python3.11/site-packages/airflow/example_dags/example_trigger_target_dag.py
[2023-10-07T04:28:51.668+0530] {processor.py:839} INFO - DAG(s) dict_keys(['example_trigger_target_dag']) retrieved from /home/raj/Downloads/kafka_2.13-3.5.1/airflow-env/lib64/python3.11/site-packages/airflow/example_dags/example_trigger_target_dag.py
[2023-10-07T04:28:51.681+0530] {logging_mixin.py:151} INFO - [2023-10-07T04:28:51.681+0530] {dag.py:2915} INFO - Sync 1 DAGs
[2023-10-07T04:28:51.691+0530] {logging_mixin.py:151} INFO - [2023-10-07T04:28:51.691+0530] {dag.py:3696} INFO - Setting next_dagrun for example_trigger_target_dag to None, run_after=None
[2023-10-07T04:28:51.709+0530] {processor.py:179} INFO - Processing /home/raj/Downloads/kafka_2.13-3.5.1/airflow-env/lib64/python3.11/site-packages/airflow/example_dags/example_trigger_target_dag.py took 0.064 seconds
[2023-10-07T04:29:39.306+0530] {processor.py:157} INFO - Started process (PID=21799) to work on /home/raj/Downloads/kafka_2.13-3.5.1/airflow-env/lib64/python3.11/site-packages/airflow/example_dags/example_trigger_target_dag.py
[2023-10-07T04:29:39.317+0530] {processor.py:829} INFO - Processing file /home/raj/Downloads/kafka_2.13-3.5.1/airflow-env/lib64/python3.11/site-packages/airflow/example_dags/example_trigger_target_dag.py for tasks to queue
[2023-10-07T04:29:39.319+0530] {logging_mixin.py:151} INFO - [2023-10-07T04:29:39.318+0530] {dagbag.py:539} INFO - Filling up the DagBag from /home/raj/Downloads/kafka_2.13-3.5.1/airflow-env/lib64/python3.11/site-packages/airflow/example_dags/example_trigger_target_dag.py
[2023-10-07T04:29:39.330+0530] {processor.py:839} INFO - DAG(s) dict_keys(['example_trigger_target_dag']) retrieved from /home/raj/Downloads/kafka_2.13-3.5.1/airflow-env/lib64/python3.11/site-packages/airflow/example_dags/example_trigger_target_dag.py
[2023-10-07T04:29:39.346+0530] {logging_mixin.py:151} INFO - [2023-10-07T04:29:39.346+0530] {dag.py:2915} INFO - Sync 1 DAGs
[2023-10-07T04:29:39.356+0530] {logging_mixin.py:151} INFO - [2023-10-07T04:29:39.356+0530] {dag.py:3696} INFO - Setting next_dagrun for example_trigger_target_dag to None, run_after=None
[2023-10-07T04:29:39.374+0530] {processor.py:179} INFO - Processing /home/raj/Downloads/kafka_2.13-3.5.1/airflow-env/lib64/python3.11/site-packages/airflow/example_dags/example_trigger_target_dag.py took 0.073 seconds
[2023-10-07T04:40:42.719+0530] {processor.py:157} INFO - Started process (PID=9520) to work on /home/raj/Downloads/kafka_2.13-3.5.1/airflow-env/lib64/python3.11/site-packages/airflow/example_dags/example_trigger_target_dag.py
[2023-10-07T04:40:42.731+0530] {processor.py:829} INFO - Processing file /home/raj/Downloads/kafka_2.13-3.5.1/airflow-env/lib64/python3.11/site-packages/airflow/example_dags/example_trigger_target_dag.py for tasks to queue
[2023-10-07T04:40:42.732+0530] {logging_mixin.py:151} INFO - [2023-10-07T04:40:42.731+0530] {dagbag.py:539} INFO - Filling up the DagBag from /home/raj/Downloads/kafka_2.13-3.5.1/airflow-env/lib64/python3.11/site-packages/airflow/example_dags/example_trigger_target_dag.py
[2023-10-07T04:40:42.746+0530] {processor.py:839} INFO - DAG(s) dict_keys(['example_trigger_target_dag']) retrieved from /home/raj/Downloads/kafka_2.13-3.5.1/airflow-env/lib64/python3.11/site-packages/airflow/example_dags/example_trigger_target_dag.py
[2023-10-07T04:40:42.778+0530] {logging_mixin.py:151} INFO - [2023-10-07T04:40:42.778+0530] {dag.py:2915} INFO - Sync 1 DAGs
[2023-10-07T04:40:42.787+0530] {logging_mixin.py:151} INFO - [2023-10-07T04:40:42.787+0530] {dag.py:3696} INFO - Setting next_dagrun for example_trigger_target_dag to None, run_after=None
[2023-10-07T04:40:42.805+0530] {processor.py:179} INFO - Processing /home/raj/Downloads/kafka_2.13-3.5.1/airflow-env/lib64/python3.11/site-packages/airflow/example_dags/example_trigger_target_dag.py took 0.092 seconds
[2023-10-07T04:41:29.201+0530] {processor.py:157} INFO - Started process (PID=10017) to work on /home/raj/Downloads/kafka_2.13-3.5.1/airflow-env/lib64/python3.11/site-packages/airflow/example_dags/example_trigger_target_dag.py
[2023-10-07T04:41:29.212+0530] {processor.py:829} INFO - Processing file /home/raj/Downloads/kafka_2.13-3.5.1/airflow-env/lib64/python3.11/site-packages/airflow/example_dags/example_trigger_target_dag.py for tasks to queue
[2023-10-07T04:41:29.214+0530] {logging_mixin.py:151} INFO - [2023-10-07T04:41:29.213+0530] {dagbag.py:539} INFO - Filling up the DagBag from /home/raj/Downloads/kafka_2.13-3.5.1/airflow-env/lib64/python3.11/site-packages/airflow/example_dags/example_trigger_target_dag.py
[2023-10-07T04:41:29.225+0530] {processor.py:839} INFO - DAG(s) dict_keys(['example_trigger_target_dag']) retrieved from /home/raj/Downloads/kafka_2.13-3.5.1/airflow-env/lib64/python3.11/site-packages/airflow/example_dags/example_trigger_target_dag.py
[2023-10-07T04:41:29.252+0530] {logging_mixin.py:151} INFO - [2023-10-07T04:41:29.252+0530] {dag.py:2915} INFO - Sync 1 DAGs
[2023-10-07T04:41:29.264+0530] {logging_mixin.py:151} INFO - [2023-10-07T04:41:29.264+0530] {dag.py:3696} INFO - Setting next_dagrun for example_trigger_target_dag to None, run_after=None
[2023-10-07T04:41:29.284+0530] {processor.py:179} INFO - Processing /home/raj/Downloads/kafka_2.13-3.5.1/airflow-env/lib64/python3.11/site-packages/airflow/example_dags/example_trigger_target_dag.py took 0.087 seconds
[2023-10-07T04:42:17.951+0530] {processor.py:157} INFO - Started process (PID=10186) to work on /home/raj/Downloads/kafka_2.13-3.5.1/airflow-env/lib64/python3.11/site-packages/airflow/example_dags/example_trigger_target_dag.py
[2023-10-07T04:42:17.963+0530] {processor.py:829} INFO - Processing file /home/raj/Downloads/kafka_2.13-3.5.1/airflow-env/lib64/python3.11/site-packages/airflow/example_dags/example_trigger_target_dag.py for tasks to queue
[2023-10-07T04:42:17.964+0530] {logging_mixin.py:151} INFO - [2023-10-07T04:42:17.963+0530] {dagbag.py:539} INFO - Filling up the DagBag from /home/raj/Downloads/kafka_2.13-3.5.1/airflow-env/lib64/python3.11/site-packages/airflow/example_dags/example_trigger_target_dag.py
[2023-10-07T04:42:17.974+0530] {processor.py:839} INFO - DAG(s) dict_keys(['example_trigger_target_dag']) retrieved from /home/raj/Downloads/kafka_2.13-3.5.1/airflow-env/lib64/python3.11/site-packages/airflow/example_dags/example_trigger_target_dag.py
[2023-10-07T04:42:18.000+0530] {logging_mixin.py:151} INFO - [2023-10-07T04:42:17.999+0530] {dag.py:2915} INFO - Sync 1 DAGs
[2023-10-07T04:42:18.013+0530] {logging_mixin.py:151} INFO - [2023-10-07T04:42:18.013+0530] {dag.py:3696} INFO - Setting next_dagrun for example_trigger_target_dag to None, run_after=None
[2023-10-07T04:42:18.036+0530] {processor.py:179} INFO - Processing /home/raj/Downloads/kafka_2.13-3.5.1/airflow-env/lib64/python3.11/site-packages/airflow/example_dags/example_trigger_target_dag.py took 0.088 seconds
[2023-10-07T04:43:32.955+0530] {processor.py:157} INFO - Started process (PID=10386) to work on /home/raj/Downloads/kafka_2.13-3.5.1/airflow-env/lib64/python3.11/site-packages/airflow/example_dags/example_trigger_target_dag.py
[2023-10-07T04:43:32.967+0530] {processor.py:829} INFO - Processing file /home/raj/Downloads/kafka_2.13-3.5.1/airflow-env/lib64/python3.11/site-packages/airflow/example_dags/example_trigger_target_dag.py for tasks to queue
[2023-10-07T04:43:32.968+0530] {logging_mixin.py:151} INFO - [2023-10-07T04:43:32.967+0530] {dagbag.py:539} INFO - Filling up the DagBag from /home/raj/Downloads/kafka_2.13-3.5.1/airflow-env/lib64/python3.11/site-packages/airflow/example_dags/example_trigger_target_dag.py
[2023-10-07T04:43:32.978+0530] {processor.py:839} INFO - DAG(s) dict_keys(['example_trigger_target_dag']) retrieved from /home/raj/Downloads/kafka_2.13-3.5.1/airflow-env/lib64/python3.11/site-packages/airflow/example_dags/example_trigger_target_dag.py
[2023-10-07T04:43:33.013+0530] {logging_mixin.py:151} INFO - [2023-10-07T04:43:33.012+0530] {dag.py:2915} INFO - Sync 1 DAGs
[2023-10-07T04:43:33.025+0530] {logging_mixin.py:151} INFO - [2023-10-07T04:43:33.025+0530] {dag.py:3696} INFO - Setting next_dagrun for example_trigger_target_dag to None, run_after=None
[2023-10-07T04:43:33.049+0530] {processor.py:179} INFO - Processing /home/raj/Downloads/kafka_2.13-3.5.1/airflow-env/lib64/python3.11/site-packages/airflow/example_dags/example_trigger_target_dag.py took 0.099 seconds
[2023-10-07T04:44:21.408+0530] {processor.py:157} INFO - Started process (PID=10491) to work on /home/raj/Downloads/kafka_2.13-3.5.1/airflow-env/lib64/python3.11/site-packages/airflow/example_dags/example_trigger_target_dag.py
[2023-10-07T04:44:21.418+0530] {processor.py:829} INFO - Processing file /home/raj/Downloads/kafka_2.13-3.5.1/airflow-env/lib64/python3.11/site-packages/airflow/example_dags/example_trigger_target_dag.py for tasks to queue
[2023-10-07T04:44:21.420+0530] {logging_mixin.py:151} INFO - [2023-10-07T04:44:21.419+0530] {dagbag.py:539} INFO - Filling up the DagBag from /home/raj/Downloads/kafka_2.13-3.5.1/airflow-env/lib64/python3.11/site-packages/airflow/example_dags/example_trigger_target_dag.py
[2023-10-07T04:44:21.432+0530] {processor.py:839} INFO - DAG(s) dict_keys(['example_trigger_target_dag']) retrieved from /home/raj/Downloads/kafka_2.13-3.5.1/airflow-env/lib64/python3.11/site-packages/airflow/example_dags/example_trigger_target_dag.py
[2023-10-07T04:44:21.469+0530] {logging_mixin.py:151} INFO - [2023-10-07T04:44:21.469+0530] {dag.py:2915} INFO - Sync 1 DAGs
[2023-10-07T04:44:21.478+0530] {logging_mixin.py:151} INFO - [2023-10-07T04:44:21.478+0530] {dag.py:3696} INFO - Setting next_dagrun for example_trigger_target_dag to None, run_after=None
[2023-10-07T04:44:21.499+0530] {processor.py:179} INFO - Processing /home/raj/Downloads/kafka_2.13-3.5.1/airflow-env/lib64/python3.11/site-packages/airflow/example_dags/example_trigger_target_dag.py took 0.094 seconds
[2023-10-07T04:45:10.002+0530] {processor.py:157} INFO - Started process (PID=10638) to work on /home/raj/Downloads/kafka_2.13-3.5.1/airflow-env/lib64/python3.11/site-packages/airflow/example_dags/example_trigger_target_dag.py
[2023-10-07T04:45:10.003+0530] {processor.py:829} INFO - Processing file /home/raj/Downloads/kafka_2.13-3.5.1/airflow-env/lib64/python3.11/site-packages/airflow/example_dags/example_trigger_target_dag.py for tasks to queue
[2023-10-07T04:45:10.004+0530] {logging_mixin.py:151} INFO - [2023-10-07T04:45:10.004+0530] {dagbag.py:539} INFO - Filling up the DagBag from /home/raj/Downloads/kafka_2.13-3.5.1/airflow-env/lib64/python3.11/site-packages/airflow/example_dags/example_trigger_target_dag.py
[2023-10-07T04:45:10.008+0530] {processor.py:839} INFO - DAG(s) dict_keys(['example_trigger_target_dag']) retrieved from /home/raj/Downloads/kafka_2.13-3.5.1/airflow-env/lib64/python3.11/site-packages/airflow/example_dags/example_trigger_target_dag.py
[2023-10-07T04:45:10.023+0530] {logging_mixin.py:151} INFO - [2023-10-07T04:45:10.023+0530] {dag.py:2915} INFO - Sync 1 DAGs
[2023-10-07T04:45:10.033+0530] {logging_mixin.py:151} INFO - [2023-10-07T04:45:10.033+0530] {dag.py:3696} INFO - Setting next_dagrun for example_trigger_target_dag to None, run_after=None
[2023-10-07T04:45:10.050+0530] {processor.py:179} INFO - Processing /home/raj/Downloads/kafka_2.13-3.5.1/airflow-env/lib64/python3.11/site-packages/airflow/example_dags/example_trigger_target_dag.py took 0.050 seconds
[2023-10-07T04:46:06.960+0530] {processor.py:157} INFO - Started process (PID=10845) to work on /home/raj/Downloads/kafka_2.13-3.5.1/airflow-env/lib64/python3.11/site-packages/airflow/example_dags/example_trigger_target_dag.py
[2023-10-07T04:46:06.961+0530] {processor.py:829} INFO - Processing file /home/raj/Downloads/kafka_2.13-3.5.1/airflow-env/lib64/python3.11/site-packages/airflow/example_dags/example_trigger_target_dag.py for tasks to queue
[2023-10-07T04:46:06.963+0530] {logging_mixin.py:151} INFO - [2023-10-07T04:46:06.962+0530] {dagbag.py:539} INFO - Filling up the DagBag from /home/raj/Downloads/kafka_2.13-3.5.1/airflow-env/lib64/python3.11/site-packages/airflow/example_dags/example_trigger_target_dag.py
[2023-10-07T04:46:06.973+0530] {processor.py:839} INFO - DAG(s) dict_keys(['example_trigger_target_dag']) retrieved from /home/raj/Downloads/kafka_2.13-3.5.1/airflow-env/lib64/python3.11/site-packages/airflow/example_dags/example_trigger_target_dag.py
[2023-10-07T04:46:06.999+0530] {logging_mixin.py:151} INFO - [2023-10-07T04:46:06.999+0530] {dag.py:2915} INFO - Sync 1 DAGs
[2023-10-07T04:46:07.009+0530] {logging_mixin.py:151} INFO - [2023-10-07T04:46:07.009+0530] {dag.py:3696} INFO - Setting next_dagrun for example_trigger_target_dag to None, run_after=None
[2023-10-07T04:46:07.032+0530] {processor.py:179} INFO - Processing /home/raj/Downloads/kafka_2.13-3.5.1/airflow-env/lib64/python3.11/site-packages/airflow/example_dags/example_trigger_target_dag.py took 0.077 seconds
[2023-10-07T04:46:45.425+0530] {processor.py:157} INFO - Started process (PID=10891) to work on /home/raj/Downloads/kafka_2.13-3.5.1/airflow-env/lib64/python3.11/site-packages/airflow/example_dags/example_trigger_target_dag.py
[2023-10-07T04:46:45.436+0530] {processor.py:829} INFO - Processing file /home/raj/Downloads/kafka_2.13-3.5.1/airflow-env/lib64/python3.11/site-packages/airflow/example_dags/example_trigger_target_dag.py for tasks to queue
[2023-10-07T04:46:45.438+0530] {logging_mixin.py:151} INFO - [2023-10-07T04:46:45.437+0530] {dagbag.py:539} INFO - Filling up the DagBag from /home/raj/Downloads/kafka_2.13-3.5.1/airflow-env/lib64/python3.11/site-packages/airflow/example_dags/example_trigger_target_dag.py
[2023-10-07T04:46:45.450+0530] {processor.py:839} INFO - DAG(s) dict_keys(['example_trigger_target_dag']) retrieved from /home/raj/Downloads/kafka_2.13-3.5.1/airflow-env/lib64/python3.11/site-packages/airflow/example_dags/example_trigger_target_dag.py
[2023-10-07T04:46:45.480+0530] {logging_mixin.py:151} INFO - [2023-10-07T04:46:45.480+0530] {dag.py:2915} INFO - Sync 1 DAGs
[2023-10-07T04:46:45.491+0530] {logging_mixin.py:151} INFO - [2023-10-07T04:46:45.491+0530] {dag.py:3696} INFO - Setting next_dagrun for example_trigger_target_dag to None, run_after=None
[2023-10-07T04:46:45.509+0530] {processor.py:179} INFO - Processing /home/raj/Downloads/kafka_2.13-3.5.1/airflow-env/lib64/python3.11/site-packages/airflow/example_dags/example_trigger_target_dag.py took 0.089 seconds
[2023-10-07T04:47:35.677+0530] {processor.py:157} INFO - Started process (PID=10987) to work on /home/raj/Downloads/kafka_2.13-3.5.1/airflow-env/lib64/python3.11/site-packages/airflow/example_dags/example_trigger_target_dag.py
[2023-10-07T04:47:35.688+0530] {processor.py:829} INFO - Processing file /home/raj/Downloads/kafka_2.13-3.5.1/airflow-env/lib64/python3.11/site-packages/airflow/example_dags/example_trigger_target_dag.py for tasks to queue
[2023-10-07T04:47:35.690+0530] {logging_mixin.py:151} INFO - [2023-10-07T04:47:35.689+0530] {dagbag.py:539} INFO - Filling up the DagBag from /home/raj/Downloads/kafka_2.13-3.5.1/airflow-env/lib64/python3.11/site-packages/airflow/example_dags/example_trigger_target_dag.py
[2023-10-07T04:47:35.701+0530] {processor.py:839} INFO - DAG(s) dict_keys(['example_trigger_target_dag']) retrieved from /home/raj/Downloads/kafka_2.13-3.5.1/airflow-env/lib64/python3.11/site-packages/airflow/example_dags/example_trigger_target_dag.py
[2023-10-07T04:47:35.733+0530] {logging_mixin.py:151} INFO - [2023-10-07T04:47:35.733+0530] {dag.py:2915} INFO - Sync 1 DAGs
[2023-10-07T04:47:35.744+0530] {logging_mixin.py:151} INFO - [2023-10-07T04:47:35.744+0530] {dag.py:3696} INFO - Setting next_dagrun for example_trigger_target_dag to None, run_after=None
[2023-10-07T04:47:35.763+0530] {processor.py:179} INFO - Processing /home/raj/Downloads/kafka_2.13-3.5.1/airflow-env/lib64/python3.11/site-packages/airflow/example_dags/example_trigger_target_dag.py took 0.092 seconds
[2023-10-07T04:48:26.820+0530] {processor.py:157} INFO - Started process (PID=11093) to work on /home/raj/Downloads/kafka_2.13-3.5.1/airflow-env/lib64/python3.11/site-packages/airflow/example_dags/example_trigger_target_dag.py
[2023-10-07T04:48:26.831+0530] {processor.py:829} INFO - Processing file /home/raj/Downloads/kafka_2.13-3.5.1/airflow-env/lib64/python3.11/site-packages/airflow/example_dags/example_trigger_target_dag.py for tasks to queue
[2023-10-07T04:48:26.832+0530] {logging_mixin.py:151} INFO - [2023-10-07T04:48:26.832+0530] {dagbag.py:539} INFO - Filling up the DagBag from /home/raj/Downloads/kafka_2.13-3.5.1/airflow-env/lib64/python3.11/site-packages/airflow/example_dags/example_trigger_target_dag.py
[2023-10-07T04:48:26.843+0530] {processor.py:839} INFO - DAG(s) dict_keys(['example_trigger_target_dag']) retrieved from /home/raj/Downloads/kafka_2.13-3.5.1/airflow-env/lib64/python3.11/site-packages/airflow/example_dags/example_trigger_target_dag.py
[2023-10-07T04:48:26.863+0530] {logging_mixin.py:151} INFO - [2023-10-07T04:48:26.863+0530] {dag.py:2915} INFO - Sync 1 DAGs
[2023-10-07T04:48:26.874+0530] {logging_mixin.py:151} INFO - [2023-10-07T04:48:26.874+0530] {dag.py:3696} INFO - Setting next_dagrun for example_trigger_target_dag to None, run_after=None
[2023-10-07T04:48:26.894+0530] {processor.py:179} INFO - Processing /home/raj/Downloads/kafka_2.13-3.5.1/airflow-env/lib64/python3.11/site-packages/airflow/example_dags/example_trigger_target_dag.py took 0.077 seconds
[2023-10-07T04:49:03.957+0530] {processor.py:157} INFO - Started process (PID=11184) to work on /home/raj/Downloads/kafka_2.13-3.5.1/airflow-env/lib64/python3.11/site-packages/airflow/example_dags/example_trigger_target_dag.py
[2023-10-07T04:49:03.967+0530] {processor.py:829} INFO - Processing file /home/raj/Downloads/kafka_2.13-3.5.1/airflow-env/lib64/python3.11/site-packages/airflow/example_dags/example_trigger_target_dag.py for tasks to queue
[2023-10-07T04:49:03.968+0530] {logging_mixin.py:151} INFO - [2023-10-07T04:49:03.968+0530] {dagbag.py:539} INFO - Filling up the DagBag from /home/raj/Downloads/kafka_2.13-3.5.1/airflow-env/lib64/python3.11/site-packages/airflow/example_dags/example_trigger_target_dag.py
[2023-10-07T04:49:03.978+0530] {processor.py:839} INFO - DAG(s) dict_keys(['example_trigger_target_dag']) retrieved from /home/raj/Downloads/kafka_2.13-3.5.1/airflow-env/lib64/python3.11/site-packages/airflow/example_dags/example_trigger_target_dag.py
[2023-10-07T04:49:03.996+0530] {logging_mixin.py:151} INFO - [2023-10-07T04:49:03.995+0530] {dag.py:2915} INFO - Sync 1 DAGs
[2023-10-07T04:49:04.008+0530] {logging_mixin.py:151} INFO - [2023-10-07T04:49:04.008+0530] {dag.py:3696} INFO - Setting next_dagrun for example_trigger_target_dag to None, run_after=None
[2023-10-07T04:49:04.033+0530] {processor.py:179} INFO - Processing /home/raj/Downloads/kafka_2.13-3.5.1/airflow-env/lib64/python3.11/site-packages/airflow/example_dags/example_trigger_target_dag.py took 0.079 seconds
[2023-10-07T04:49:59.693+0530] {processor.py:157} INFO - Started process (PID=11276) to work on /home/raj/Downloads/kafka_2.13-3.5.1/airflow-env/lib64/python3.11/site-packages/airflow/example_dags/example_trigger_target_dag.py
[2023-10-07T04:49:59.704+0530] {processor.py:829} INFO - Processing file /home/raj/Downloads/kafka_2.13-3.5.1/airflow-env/lib64/python3.11/site-packages/airflow/example_dags/example_trigger_target_dag.py for tasks to queue
[2023-10-07T04:49:59.706+0530] {logging_mixin.py:151} INFO - [2023-10-07T04:49:59.705+0530] {dagbag.py:539} INFO - Filling up the DagBag from /home/raj/Downloads/kafka_2.13-3.5.1/airflow-env/lib64/python3.11/site-packages/airflow/example_dags/example_trigger_target_dag.py
[2023-10-07T04:49:59.717+0530] {processor.py:839} INFO - DAG(s) dict_keys(['example_trigger_target_dag']) retrieved from /home/raj/Downloads/kafka_2.13-3.5.1/airflow-env/lib64/python3.11/site-packages/airflow/example_dags/example_trigger_target_dag.py
[2023-10-07T04:49:59.746+0530] {logging_mixin.py:151} INFO - [2023-10-07T04:49:59.746+0530] {dag.py:2915} INFO - Sync 1 DAGs
[2023-10-07T04:49:59.757+0530] {logging_mixin.py:151} INFO - [2023-10-07T04:49:59.757+0530] {dag.py:3696} INFO - Setting next_dagrun for example_trigger_target_dag to None, run_after=None
[2023-10-07T04:49:59.776+0530] {processor.py:179} INFO - Processing /home/raj/Downloads/kafka_2.13-3.5.1/airflow-env/lib64/python3.11/site-packages/airflow/example_dags/example_trigger_target_dag.py took 0.088 seconds
[2023-10-07T04:50:51.933+0530] {processor.py:157} INFO - Started process (PID=11369) to work on /home/raj/Downloads/kafka_2.13-3.5.1/airflow-env/lib64/python3.11/site-packages/airflow/example_dags/example_trigger_target_dag.py
[2023-10-07T04:50:51.944+0530] {processor.py:829} INFO - Processing file /home/raj/Downloads/kafka_2.13-3.5.1/airflow-env/lib64/python3.11/site-packages/airflow/example_dags/example_trigger_target_dag.py for tasks to queue
[2023-10-07T04:50:51.946+0530] {logging_mixin.py:151} INFO - [2023-10-07T04:50:51.945+0530] {dagbag.py:539} INFO - Filling up the DagBag from /home/raj/Downloads/kafka_2.13-3.5.1/airflow-env/lib64/python3.11/site-packages/airflow/example_dags/example_trigger_target_dag.py
[2023-10-07T04:50:51.952+0530] {processor.py:839} INFO - DAG(s) dict_keys(['example_trigger_target_dag']) retrieved from /home/raj/Downloads/kafka_2.13-3.5.1/airflow-env/lib64/python3.11/site-packages/airflow/example_dags/example_trigger_target_dag.py
[2023-10-07T04:50:51.965+0530] {logging_mixin.py:151} INFO - [2023-10-07T04:50:51.965+0530] {dag.py:2915} INFO - Sync 1 DAGs
[2023-10-07T04:50:51.974+0530] {logging_mixin.py:151} INFO - [2023-10-07T04:50:51.974+0530] {dag.py:3696} INFO - Setting next_dagrun for example_trigger_target_dag to None, run_after=None
[2023-10-07T04:50:51.991+0530] {processor.py:179} INFO - Processing /home/raj/Downloads/kafka_2.13-3.5.1/airflow-env/lib64/python3.11/site-packages/airflow/example_dags/example_trigger_target_dag.py took 0.063 seconds
[2023-10-07T04:51:41.868+0530] {processor.py:157} INFO - Started process (PID=11466) to work on /home/raj/Downloads/kafka_2.13-3.5.1/airflow-env/lib64/python3.11/site-packages/airflow/example_dags/example_trigger_target_dag.py
[2023-10-07T04:51:41.879+0530] {processor.py:829} INFO - Processing file /home/raj/Downloads/kafka_2.13-3.5.1/airflow-env/lib64/python3.11/site-packages/airflow/example_dags/example_trigger_target_dag.py for tasks to queue
[2023-10-07T04:51:41.881+0530] {logging_mixin.py:151} INFO - [2023-10-07T04:51:41.880+0530] {dagbag.py:539} INFO - Filling up the DagBag from /home/raj/Downloads/kafka_2.13-3.5.1/airflow-env/lib64/python3.11/site-packages/airflow/example_dags/example_trigger_target_dag.py
[2023-10-07T04:51:41.893+0530] {processor.py:839} INFO - DAG(s) dict_keys(['example_trigger_target_dag']) retrieved from /home/raj/Downloads/kafka_2.13-3.5.1/airflow-env/lib64/python3.11/site-packages/airflow/example_dags/example_trigger_target_dag.py
[2023-10-07T04:51:41.923+0530] {logging_mixin.py:151} INFO - [2023-10-07T04:51:41.923+0530] {dag.py:2915} INFO - Sync 1 DAGs
[2023-10-07T04:51:41.935+0530] {logging_mixin.py:151} INFO - [2023-10-07T04:51:41.934+0530] {dag.py:3696} INFO - Setting next_dagrun for example_trigger_target_dag to None, run_after=None
[2023-10-07T04:51:41.952+0530] {processor.py:179} INFO - Processing /home/raj/Downloads/kafka_2.13-3.5.1/airflow-env/lib64/python3.11/site-packages/airflow/example_dags/example_trigger_target_dag.py took 0.089 seconds
[2023-10-07T04:52:18.928+0530] {processor.py:157} INFO - Started process (PID=11719) to work on /home/raj/Downloads/kafka_2.13-3.5.1/airflow-env/lib64/python3.11/site-packages/airflow/example_dags/example_trigger_target_dag.py
[2023-10-07T04:52:18.939+0530] {processor.py:829} INFO - Processing file /home/raj/Downloads/kafka_2.13-3.5.1/airflow-env/lib64/python3.11/site-packages/airflow/example_dags/example_trigger_target_dag.py for tasks to queue
[2023-10-07T04:52:18.941+0530] {logging_mixin.py:151} INFO - [2023-10-07T04:52:18.940+0530] {dagbag.py:539} INFO - Filling up the DagBag from /home/raj/Downloads/kafka_2.13-3.5.1/airflow-env/lib64/python3.11/site-packages/airflow/example_dags/example_trigger_target_dag.py
[2023-10-07T04:52:18.951+0530] {processor.py:839} INFO - DAG(s) dict_keys(['example_trigger_target_dag']) retrieved from /home/raj/Downloads/kafka_2.13-3.5.1/airflow-env/lib64/python3.11/site-packages/airflow/example_dags/example_trigger_target_dag.py
[2023-10-07T04:52:18.989+0530] {logging_mixin.py:151} INFO - [2023-10-07T04:52:18.989+0530] {dag.py:2915} INFO - Sync 1 DAGs
[2023-10-07T04:52:19.003+0530] {logging_mixin.py:151} INFO - [2023-10-07T04:52:19.003+0530] {dag.py:3696} INFO - Setting next_dagrun for example_trigger_target_dag to None, run_after=None
[2023-10-07T04:52:19.024+0530] {processor.py:179} INFO - Processing /home/raj/Downloads/kafka_2.13-3.5.1/airflow-env/lib64/python3.11/site-packages/airflow/example_dags/example_trigger_target_dag.py took 0.101 seconds
[2023-10-07T04:53:12.954+0530] {processor.py:157} INFO - Started process (PID=11836) to work on /home/raj/Downloads/kafka_2.13-3.5.1/airflow-env/lib64/python3.11/site-packages/airflow/example_dags/example_trigger_target_dag.py
[2023-10-07T04:53:12.965+0530] {processor.py:829} INFO - Processing file /home/raj/Downloads/kafka_2.13-3.5.1/airflow-env/lib64/python3.11/site-packages/airflow/example_dags/example_trigger_target_dag.py for tasks to queue
[2023-10-07T04:53:12.966+0530] {logging_mixin.py:151} INFO - [2023-10-07T04:53:12.965+0530] {dagbag.py:539} INFO - Filling up the DagBag from /home/raj/Downloads/kafka_2.13-3.5.1/airflow-env/lib64/python3.11/site-packages/airflow/example_dags/example_trigger_target_dag.py
[2023-10-07T04:53:12.974+0530] {processor.py:839} INFO - DAG(s) dict_keys(['example_trigger_target_dag']) retrieved from /home/raj/Downloads/kafka_2.13-3.5.1/airflow-env/lib64/python3.11/site-packages/airflow/example_dags/example_trigger_target_dag.py
[2023-10-07T04:53:12.993+0530] {logging_mixin.py:151} INFO - [2023-10-07T04:53:12.992+0530] {dag.py:2915} INFO - Sync 1 DAGs
[2023-10-07T04:53:13.004+0530] {logging_mixin.py:151} INFO - [2023-10-07T04:53:13.004+0530] {dag.py:3696} INFO - Setting next_dagrun for example_trigger_target_dag to None, run_after=None
[2023-10-07T04:53:13.026+0530] {processor.py:179} INFO - Processing /home/raj/Downloads/kafka_2.13-3.5.1/airflow-env/lib64/python3.11/site-packages/airflow/example_dags/example_trigger_target_dag.py took 0.074 seconds
[2023-10-07T04:53:56.140+0530] {processor.py:157} INFO - Started process (PID=11958) to work on /home/raj/Downloads/kafka_2.13-3.5.1/airflow-env/lib64/python3.11/site-packages/airflow/example_dags/example_trigger_target_dag.py
[2023-10-07T04:53:56.151+0530] {processor.py:829} INFO - Processing file /home/raj/Downloads/kafka_2.13-3.5.1/airflow-env/lib64/python3.11/site-packages/airflow/example_dags/example_trigger_target_dag.py for tasks to queue
[2023-10-07T04:53:56.153+0530] {logging_mixin.py:151} INFO - [2023-10-07T04:53:56.152+0530] {dagbag.py:539} INFO - Filling up the DagBag from /home/raj/Downloads/kafka_2.13-3.5.1/airflow-env/lib64/python3.11/site-packages/airflow/example_dags/example_trigger_target_dag.py
[2023-10-07T04:53:56.165+0530] {processor.py:839} INFO - DAG(s) dict_keys(['example_trigger_target_dag']) retrieved from /home/raj/Downloads/kafka_2.13-3.5.1/airflow-env/lib64/python3.11/site-packages/airflow/example_dags/example_trigger_target_dag.py
[2023-10-07T04:53:56.196+0530] {logging_mixin.py:151} INFO - [2023-10-07T04:53:56.196+0530] {dag.py:2915} INFO - Sync 1 DAGs
[2023-10-07T04:53:56.205+0530] {logging_mixin.py:151} INFO - [2023-10-07T04:53:56.205+0530] {dag.py:3696} INFO - Setting next_dagrun for example_trigger_target_dag to None, run_after=None
[2023-10-07T04:53:56.222+0530] {processor.py:179} INFO - Processing /home/raj/Downloads/kafka_2.13-3.5.1/airflow-env/lib64/python3.11/site-packages/airflow/example_dags/example_trigger_target_dag.py took 0.088 seconds
[2023-10-07T04:54:49.075+0530] {processor.py:157} INFO - Started process (PID=12067) to work on /home/raj/Downloads/kafka_2.13-3.5.1/airflow-env/lib64/python3.11/site-packages/airflow/example_dags/example_trigger_target_dag.py
[2023-10-07T04:54:49.086+0530] {processor.py:829} INFO - Processing file /home/raj/Downloads/kafka_2.13-3.5.1/airflow-env/lib64/python3.11/site-packages/airflow/example_dags/example_trigger_target_dag.py for tasks to queue
[2023-10-07T04:54:49.088+0530] {logging_mixin.py:151} INFO - [2023-10-07T04:54:49.087+0530] {dagbag.py:539} INFO - Filling up the DagBag from /home/raj/Downloads/kafka_2.13-3.5.1/airflow-env/lib64/python3.11/site-packages/airflow/example_dags/example_trigger_target_dag.py
[2023-10-07T04:54:49.100+0530] {processor.py:839} INFO - DAG(s) dict_keys(['example_trigger_target_dag']) retrieved from /home/raj/Downloads/kafka_2.13-3.5.1/airflow-env/lib64/python3.11/site-packages/airflow/example_dags/example_trigger_target_dag.py
[2023-10-07T04:54:49.128+0530] {logging_mixin.py:151} INFO - [2023-10-07T04:54:49.128+0530] {dag.py:2915} INFO - Sync 1 DAGs
[2023-10-07T04:54:49.139+0530] {logging_mixin.py:151} INFO - [2023-10-07T04:54:49.139+0530] {dag.py:3696} INFO - Setting next_dagrun for example_trigger_target_dag to None, run_after=None
[2023-10-07T04:54:49.159+0530] {processor.py:179} INFO - Processing /home/raj/Downloads/kafka_2.13-3.5.1/airflow-env/lib64/python3.11/site-packages/airflow/example_dags/example_trigger_target_dag.py took 0.090 seconds
[2023-10-07T04:55:40.779+0530] {processor.py:157} INFO - Started process (PID=12207) to work on /home/raj/Downloads/kafka_2.13-3.5.1/airflow-env/lib64/python3.11/site-packages/airflow/example_dags/example_trigger_target_dag.py
[2023-10-07T04:55:40.790+0530] {processor.py:829} INFO - Processing file /home/raj/Downloads/kafka_2.13-3.5.1/airflow-env/lib64/python3.11/site-packages/airflow/example_dags/example_trigger_target_dag.py for tasks to queue
[2023-10-07T04:55:40.792+0530] {logging_mixin.py:151} INFO - [2023-10-07T04:55:40.791+0530] {dagbag.py:539} INFO - Filling up the DagBag from /home/raj/Downloads/kafka_2.13-3.5.1/airflow-env/lib64/python3.11/site-packages/airflow/example_dags/example_trigger_target_dag.py
[2023-10-07T04:55:40.803+0530] {processor.py:839} INFO - DAG(s) dict_keys(['example_trigger_target_dag']) retrieved from /home/raj/Downloads/kafka_2.13-3.5.1/airflow-env/lib64/python3.11/site-packages/airflow/example_dags/example_trigger_target_dag.py
[2023-10-07T04:55:40.839+0530] {logging_mixin.py:151} INFO - [2023-10-07T04:55:40.839+0530] {dag.py:2915} INFO - Sync 1 DAGs
[2023-10-07T04:55:40.851+0530] {logging_mixin.py:151} INFO - [2023-10-07T04:55:40.850+0530] {dag.py:3696} INFO - Setting next_dagrun for example_trigger_target_dag to None, run_after=None
[2023-10-07T04:55:40.874+0530] {processor.py:179} INFO - Processing /home/raj/Downloads/kafka_2.13-3.5.1/airflow-env/lib64/python3.11/site-packages/airflow/example_dags/example_trigger_target_dag.py took 0.101 seconds
[2023-10-07T04:56:27.368+0530] {processor.py:157} INFO - Started process (PID=12273) to work on /home/raj/Downloads/kafka_2.13-3.5.1/airflow-env/lib64/python3.11/site-packages/airflow/example_dags/example_trigger_target_dag.py
[2023-10-07T04:56:27.378+0530] {processor.py:829} INFO - Processing file /home/raj/Downloads/kafka_2.13-3.5.1/airflow-env/lib64/python3.11/site-packages/airflow/example_dags/example_trigger_target_dag.py for tasks to queue
[2023-10-07T04:56:27.379+0530] {logging_mixin.py:151} INFO - [2023-10-07T04:56:27.379+0530] {dagbag.py:539} INFO - Filling up the DagBag from /home/raj/Downloads/kafka_2.13-3.5.1/airflow-env/lib64/python3.11/site-packages/airflow/example_dags/example_trigger_target_dag.py
[2023-10-07T04:56:27.384+0530] {processor.py:839} INFO - DAG(s) dict_keys(['example_trigger_target_dag']) retrieved from /home/raj/Downloads/kafka_2.13-3.5.1/airflow-env/lib64/python3.11/site-packages/airflow/example_dags/example_trigger_target_dag.py
[2023-10-07T04:56:27.405+0530] {logging_mixin.py:151} INFO - [2023-10-07T04:56:27.404+0530] {dag.py:2915} INFO - Sync 1 DAGs
[2023-10-07T04:56:27.415+0530] {logging_mixin.py:151} INFO - [2023-10-07T04:56:27.415+0530] {dag.py:3696} INFO - Setting next_dagrun for example_trigger_target_dag to None, run_after=None
[2023-10-07T04:56:27.437+0530] {processor.py:179} INFO - Processing /home/raj/Downloads/kafka_2.13-3.5.1/airflow-env/lib64/python3.11/site-packages/airflow/example_dags/example_trigger_target_dag.py took 0.073 seconds
[2023-10-07T04:57:13.544+0530] {processor.py:157} INFO - Started process (PID=12409) to work on /home/raj/Downloads/kafka_2.13-3.5.1/airflow-env/lib64/python3.11/site-packages/airflow/example_dags/example_trigger_target_dag.py
[2023-10-07T04:57:13.545+0530] {processor.py:829} INFO - Processing file /home/raj/Downloads/kafka_2.13-3.5.1/airflow-env/lib64/python3.11/site-packages/airflow/example_dags/example_trigger_target_dag.py for tasks to queue
[2023-10-07T04:57:13.547+0530] {logging_mixin.py:151} INFO - [2023-10-07T04:57:13.546+0530] {dagbag.py:539} INFO - Filling up the DagBag from /home/raj/Downloads/kafka_2.13-3.5.1/airflow-env/lib64/python3.11/site-packages/airflow/example_dags/example_trigger_target_dag.py
[2023-10-07T04:57:13.557+0530] {processor.py:839} INFO - DAG(s) dict_keys(['example_trigger_target_dag']) retrieved from /home/raj/Downloads/kafka_2.13-3.5.1/airflow-env/lib64/python3.11/site-packages/airflow/example_dags/example_trigger_target_dag.py
[2023-10-07T04:57:13.574+0530] {logging_mixin.py:151} INFO - [2023-10-07T04:57:13.574+0530] {dag.py:2915} INFO - Sync 1 DAGs
[2023-10-07T04:57:13.586+0530] {logging_mixin.py:151} INFO - [2023-10-07T04:57:13.586+0530] {dag.py:3696} INFO - Setting next_dagrun for example_trigger_target_dag to None, run_after=None
[2023-10-07T04:57:13.608+0530] {processor.py:179} INFO - Processing /home/raj/Downloads/kafka_2.13-3.5.1/airflow-env/lib64/python3.11/site-packages/airflow/example_dags/example_trigger_target_dag.py took 0.068 seconds
[2023-10-07T04:58:02.858+0530] {processor.py:157} INFO - Started process (PID=12498) to work on /home/raj/Downloads/kafka_2.13-3.5.1/airflow-env/lib64/python3.11/site-packages/airflow/example_dags/example_trigger_target_dag.py
[2023-10-07T04:58:02.869+0530] {processor.py:829} INFO - Processing file /home/raj/Downloads/kafka_2.13-3.5.1/airflow-env/lib64/python3.11/site-packages/airflow/example_dags/example_trigger_target_dag.py for tasks to queue
[2023-10-07T04:58:02.871+0530] {logging_mixin.py:151} INFO - [2023-10-07T04:58:02.870+0530] {dagbag.py:539} INFO - Filling up the DagBag from /home/raj/Downloads/kafka_2.13-3.5.1/airflow-env/lib64/python3.11/site-packages/airflow/example_dags/example_trigger_target_dag.py
[2023-10-07T04:58:02.882+0530] {processor.py:839} INFO - DAG(s) dict_keys(['example_trigger_target_dag']) retrieved from /home/raj/Downloads/kafka_2.13-3.5.1/airflow-env/lib64/python3.11/site-packages/airflow/example_dags/example_trigger_target_dag.py
[2023-10-07T04:58:02.912+0530] {logging_mixin.py:151} INFO - [2023-10-07T04:58:02.912+0530] {dag.py:2915} INFO - Sync 1 DAGs
[2023-10-07T04:58:02.924+0530] {logging_mixin.py:151} INFO - [2023-10-07T04:58:02.924+0530] {dag.py:3696} INFO - Setting next_dagrun for example_trigger_target_dag to None, run_after=None
[2023-10-07T04:58:02.940+0530] {processor.py:179} INFO - Processing /home/raj/Downloads/kafka_2.13-3.5.1/airflow-env/lib64/python3.11/site-packages/airflow/example_dags/example_trigger_target_dag.py took 0.088 seconds
[2023-10-07T04:58:54.879+0530] {processor.py:157} INFO - Started process (PID=12627) to work on /home/raj/Downloads/kafka_2.13-3.5.1/airflow-env/lib64/python3.11/site-packages/airflow/example_dags/example_trigger_target_dag.py
[2023-10-07T04:58:54.881+0530] {processor.py:829} INFO - Processing file /home/raj/Downloads/kafka_2.13-3.5.1/airflow-env/lib64/python3.11/site-packages/airflow/example_dags/example_trigger_target_dag.py for tasks to queue
[2023-10-07T04:58:54.882+0530] {logging_mixin.py:151} INFO - [2023-10-07T04:58:54.881+0530] {dagbag.py:539} INFO - Filling up the DagBag from /home/raj/Downloads/kafka_2.13-3.5.1/airflow-env/lib64/python3.11/site-packages/airflow/example_dags/example_trigger_target_dag.py
[2023-10-07T04:58:54.888+0530] {processor.py:839} INFO - DAG(s) dict_keys(['example_trigger_target_dag']) retrieved from /home/raj/Downloads/kafka_2.13-3.5.1/airflow-env/lib64/python3.11/site-packages/airflow/example_dags/example_trigger_target_dag.py
[2023-10-07T04:58:54.904+0530] {logging_mixin.py:151} INFO - [2023-10-07T04:58:54.904+0530] {dag.py:2915} INFO - Sync 1 DAGs
[2023-10-07T04:58:54.916+0530] {logging_mixin.py:151} INFO - [2023-10-07T04:58:54.916+0530] {dag.py:3696} INFO - Setting next_dagrun for example_trigger_target_dag to None, run_after=None
[2023-10-07T04:58:54.945+0530] {processor.py:179} INFO - Processing /home/raj/Downloads/kafka_2.13-3.5.1/airflow-env/lib64/python3.11/site-packages/airflow/example_dags/example_trigger_target_dag.py took 0.068 seconds
