[2023-10-07T03:59:27.995+0530] {processor.py:157} INFO - Started process (PID=17932) to work on /home/raj/Downloads/kafka_2.13-3.5.1/airflow-env/lib64/python3.11/site-packages/airflow/example_dags/subdags/subdag.py
[2023-10-07T03:59:27.997+0530] {processor.py:829} INFO - Processing file /home/raj/Downloads/kafka_2.13-3.5.1/airflow-env/lib64/python3.11/site-packages/airflow/example_dags/subdags/subdag.py for tasks to queue
[2023-10-07T03:59:27.999+0530] {logging_mixin.py:151} INFO - [2023-10-07T03:59:27.998+0530] {dagbag.py:539} INFO - Filling up the DagBag from /home/raj/Downloads/kafka_2.13-3.5.1/airflow-env/lib64/python3.11/site-packages/airflow/example_dags/subdags/subdag.py
[2023-10-07T03:59:28.003+0530] {processor.py:841} WARNING - No viable dags retrieved from /home/raj/Downloads/kafka_2.13-3.5.1/airflow-env/lib64/python3.11/site-packages/airflow/example_dags/subdags/subdag.py
[2023-10-07T03:59:28.025+0530] {processor.py:179} INFO - Processing /home/raj/Downloads/kafka_2.13-3.5.1/airflow-env/lib64/python3.11/site-packages/airflow/example_dags/subdags/subdag.py took 0.035 seconds
[2023-10-07T04:00:20.790+0530] {processor.py:157} INFO - Started process (PID=18129) to work on /home/raj/Downloads/kafka_2.13-3.5.1/airflow-env/lib64/python3.11/site-packages/airflow/example_dags/subdags/subdag.py
[2023-10-07T04:00:20.792+0530] {processor.py:829} INFO - Processing file /home/raj/Downloads/kafka_2.13-3.5.1/airflow-env/lib64/python3.11/site-packages/airflow/example_dags/subdags/subdag.py for tasks to queue
[2023-10-07T04:00:20.793+0530] {logging_mixin.py:151} INFO - [2023-10-07T04:00:20.792+0530] {dagbag.py:539} INFO - Filling up the DagBag from /home/raj/Downloads/kafka_2.13-3.5.1/airflow-env/lib64/python3.11/site-packages/airflow/example_dags/subdags/subdag.py
[2023-10-07T04:00:20.797+0530] {processor.py:841} WARNING - No viable dags retrieved from /home/raj/Downloads/kafka_2.13-3.5.1/airflow-env/lib64/python3.11/site-packages/airflow/example_dags/subdags/subdag.py
[2023-10-07T04:00:20.815+0530] {processor.py:179} INFO - Processing /home/raj/Downloads/kafka_2.13-3.5.1/airflow-env/lib64/python3.11/site-packages/airflow/example_dags/subdags/subdag.py took 0.031 seconds
[2023-10-07T04:00:59.234+0530] {processor.py:157} INFO - Started process (PID=18203) to work on /home/raj/Downloads/kafka_2.13-3.5.1/airflow-env/lib64/python3.11/site-packages/airflow/example_dags/subdags/subdag.py
[2023-10-07T04:00:59.236+0530] {processor.py:829} INFO - Processing file /home/raj/Downloads/kafka_2.13-3.5.1/airflow-env/lib64/python3.11/site-packages/airflow/example_dags/subdags/subdag.py for tasks to queue
[2023-10-07T04:00:59.237+0530] {logging_mixin.py:151} INFO - [2023-10-07T04:00:59.237+0530] {dagbag.py:539} INFO - Filling up the DagBag from /home/raj/Downloads/kafka_2.13-3.5.1/airflow-env/lib64/python3.11/site-packages/airflow/example_dags/subdags/subdag.py
[2023-10-07T04:00:59.241+0530] {processor.py:841} WARNING - No viable dags retrieved from /home/raj/Downloads/kafka_2.13-3.5.1/airflow-env/lib64/python3.11/site-packages/airflow/example_dags/subdags/subdag.py
[2023-10-07T04:00:59.259+0530] {processor.py:179} INFO - Processing /home/raj/Downloads/kafka_2.13-3.5.1/airflow-env/lib64/python3.11/site-packages/airflow/example_dags/subdags/subdag.py took 0.031 seconds
[2023-10-07T04:01:31.539+0530] {processor.py:157} INFO - Started process (PID=18295) to work on /home/raj/Downloads/kafka_2.13-3.5.1/airflow-env/lib64/python3.11/site-packages/airflow/example_dags/subdags/subdag.py
[2023-10-07T04:01:31.540+0530] {processor.py:829} INFO - Processing file /home/raj/Downloads/kafka_2.13-3.5.1/airflow-env/lib64/python3.11/site-packages/airflow/example_dags/subdags/subdag.py for tasks to queue
[2023-10-07T04:01:31.542+0530] {logging_mixin.py:151} INFO - [2023-10-07T04:01:31.541+0530] {dagbag.py:539} INFO - Filling up the DagBag from /home/raj/Downloads/kafka_2.13-3.5.1/airflow-env/lib64/python3.11/site-packages/airflow/example_dags/subdags/subdag.py
[2023-10-07T04:01:31.546+0530] {processor.py:841} WARNING - No viable dags retrieved from /home/raj/Downloads/kafka_2.13-3.5.1/airflow-env/lib64/python3.11/site-packages/airflow/example_dags/subdags/subdag.py
[2023-10-07T04:01:31.565+0530] {processor.py:179} INFO - Processing /home/raj/Downloads/kafka_2.13-3.5.1/airflow-env/lib64/python3.11/site-packages/airflow/example_dags/subdags/subdag.py took 0.032 seconds
[2023-10-07T04:02:06.679+0530] {processor.py:157} INFO - Started process (PID=18379) to work on /home/raj/Downloads/kafka_2.13-3.5.1/airflow-env/lib64/python3.11/site-packages/airflow/example_dags/subdags/subdag.py
[2023-10-07T04:02:06.690+0530] {processor.py:829} INFO - Processing file /home/raj/Downloads/kafka_2.13-3.5.1/airflow-env/lib64/python3.11/site-packages/airflow/example_dags/subdags/subdag.py for tasks to queue
[2023-10-07T04:02:06.691+0530] {logging_mixin.py:151} INFO - [2023-10-07T04:02:06.690+0530] {dagbag.py:539} INFO - Filling up the DagBag from /home/raj/Downloads/kafka_2.13-3.5.1/airflow-env/lib64/python3.11/site-packages/airflow/example_dags/subdags/subdag.py
[2023-10-07T04:02:06.693+0530] {processor.py:841} WARNING - No viable dags retrieved from /home/raj/Downloads/kafka_2.13-3.5.1/airflow-env/lib64/python3.11/site-packages/airflow/example_dags/subdags/subdag.py
[2023-10-07T04:02:06.701+0530] {processor.py:179} INFO - Processing /home/raj/Downloads/kafka_2.13-3.5.1/airflow-env/lib64/python3.11/site-packages/airflow/example_dags/subdags/subdag.py took 0.026 seconds
[2023-10-07T04:02:42.765+0530] {processor.py:157} INFO - Started process (PID=18438) to work on /home/raj/Downloads/kafka_2.13-3.5.1/airflow-env/lib64/python3.11/site-packages/airflow/example_dags/subdags/subdag.py
[2023-10-07T04:02:42.776+0530] {processor.py:829} INFO - Processing file /home/raj/Downloads/kafka_2.13-3.5.1/airflow-env/lib64/python3.11/site-packages/airflow/example_dags/subdags/subdag.py for tasks to queue
[2023-10-07T04:02:42.778+0530] {logging_mixin.py:151} INFO - [2023-10-07T04:02:42.777+0530] {dagbag.py:539} INFO - Filling up the DagBag from /home/raj/Downloads/kafka_2.13-3.5.1/airflow-env/lib64/python3.11/site-packages/airflow/example_dags/subdags/subdag.py
[2023-10-07T04:02:42.783+0530] {processor.py:841} WARNING - No viable dags retrieved from /home/raj/Downloads/kafka_2.13-3.5.1/airflow-env/lib64/python3.11/site-packages/airflow/example_dags/subdags/subdag.py
[2023-10-07T04:02:42.806+0530] {processor.py:179} INFO - Processing /home/raj/Downloads/kafka_2.13-3.5.1/airflow-env/lib64/python3.11/site-packages/airflow/example_dags/subdags/subdag.py took 0.047 seconds
[2023-10-07T04:03:17.313+0530] {processor.py:157} INFO - Started process (PID=18639) to work on /home/raj/Downloads/kafka_2.13-3.5.1/airflow-env/lib64/python3.11/site-packages/airflow/example_dags/subdags/subdag.py
[2023-10-07T04:03:17.316+0530] {processor.py:829} INFO - Processing file /home/raj/Downloads/kafka_2.13-3.5.1/airflow-env/lib64/python3.11/site-packages/airflow/example_dags/subdags/subdag.py for tasks to queue
[2023-10-07T04:03:17.317+0530] {logging_mixin.py:151} INFO - [2023-10-07T04:03:17.317+0530] {dagbag.py:539} INFO - Filling up the DagBag from /home/raj/Downloads/kafka_2.13-3.5.1/airflow-env/lib64/python3.11/site-packages/airflow/example_dags/subdags/subdag.py
[2023-10-07T04:03:17.319+0530] {processor.py:841} WARNING - No viable dags retrieved from /home/raj/Downloads/kafka_2.13-3.5.1/airflow-env/lib64/python3.11/site-packages/airflow/example_dags/subdags/subdag.py
[2023-10-07T04:03:17.328+0530] {processor.py:179} INFO - Processing /home/raj/Downloads/kafka_2.13-3.5.1/airflow-env/lib64/python3.11/site-packages/airflow/example_dags/subdags/subdag.py took 0.021 seconds
[2023-10-07T04:03:48.443+0530] {processor.py:157} INFO - Started process (PID=18684) to work on /home/raj/Downloads/kafka_2.13-3.5.1/airflow-env/lib64/python3.11/site-packages/airflow/example_dags/subdags/subdag.py
[2023-10-07T04:03:48.454+0530] {processor.py:829} INFO - Processing file /home/raj/Downloads/kafka_2.13-3.5.1/airflow-env/lib64/python3.11/site-packages/airflow/example_dags/subdags/subdag.py for tasks to queue
[2023-10-07T04:03:48.455+0530] {logging_mixin.py:151} INFO - [2023-10-07T04:03:48.455+0530] {dagbag.py:539} INFO - Filling up the DagBag from /home/raj/Downloads/kafka_2.13-3.5.1/airflow-env/lib64/python3.11/site-packages/airflow/example_dags/subdags/subdag.py
[2023-10-07T04:03:48.457+0530] {processor.py:841} WARNING - No viable dags retrieved from /home/raj/Downloads/kafka_2.13-3.5.1/airflow-env/lib64/python3.11/site-packages/airflow/example_dags/subdags/subdag.py
[2023-10-07T04:03:48.469+0530] {processor.py:179} INFO - Processing /home/raj/Downloads/kafka_2.13-3.5.1/airflow-env/lib64/python3.11/site-packages/airflow/example_dags/subdags/subdag.py took 0.032 seconds
[2023-10-07T04:04:19.788+0530] {processor.py:157} INFO - Started process (PID=18732) to work on /home/raj/Downloads/kafka_2.13-3.5.1/airflow-env/lib64/python3.11/site-packages/airflow/example_dags/subdags/subdag.py
[2023-10-07T04:04:19.799+0530] {processor.py:829} INFO - Processing file /home/raj/Downloads/kafka_2.13-3.5.1/airflow-env/lib64/python3.11/site-packages/airflow/example_dags/subdags/subdag.py for tasks to queue
[2023-10-07T04:04:19.800+0530] {logging_mixin.py:151} INFO - [2023-10-07T04:04:19.799+0530] {dagbag.py:539} INFO - Filling up the DagBag from /home/raj/Downloads/kafka_2.13-3.5.1/airflow-env/lib64/python3.11/site-packages/airflow/example_dags/subdags/subdag.py
[2023-10-07T04:04:19.804+0530] {processor.py:841} WARNING - No viable dags retrieved from /home/raj/Downloads/kafka_2.13-3.5.1/airflow-env/lib64/python3.11/site-packages/airflow/example_dags/subdags/subdag.py
[2023-10-07T04:04:19.822+0530] {processor.py:179} INFO - Processing /home/raj/Downloads/kafka_2.13-3.5.1/airflow-env/lib64/python3.11/site-packages/airflow/example_dags/subdags/subdag.py took 0.038 seconds
[2023-10-07T04:04:53.368+0530] {processor.py:157} INFO - Started process (PID=18866) to work on /home/raj/Downloads/kafka_2.13-3.5.1/airflow-env/lib64/python3.11/site-packages/airflow/example_dags/subdags/subdag.py
[2023-10-07T04:04:53.379+0530] {processor.py:829} INFO - Processing file /home/raj/Downloads/kafka_2.13-3.5.1/airflow-env/lib64/python3.11/site-packages/airflow/example_dags/subdags/subdag.py for tasks to queue
[2023-10-07T04:04:53.381+0530] {logging_mixin.py:151} INFO - [2023-10-07T04:04:53.380+0530] {dagbag.py:539} INFO - Filling up the DagBag from /home/raj/Downloads/kafka_2.13-3.5.1/airflow-env/lib64/python3.11/site-packages/airflow/example_dags/subdags/subdag.py
[2023-10-07T04:04:53.385+0530] {processor.py:841} WARNING - No viable dags retrieved from /home/raj/Downloads/kafka_2.13-3.5.1/airflow-env/lib64/python3.11/site-packages/airflow/example_dags/subdags/subdag.py
[2023-10-07T04:04:53.405+0530] {processor.py:179} INFO - Processing /home/raj/Downloads/kafka_2.13-3.5.1/airflow-env/lib64/python3.11/site-packages/airflow/example_dags/subdags/subdag.py took 0.042 seconds
[2023-10-07T04:05:28.224+0530] {processor.py:157} INFO - Started process (PID=18972) to work on /home/raj/Downloads/kafka_2.13-3.5.1/airflow-env/lib64/python3.11/site-packages/airflow/example_dags/subdags/subdag.py
[2023-10-07T04:05:28.236+0530] {processor.py:829} INFO - Processing file /home/raj/Downloads/kafka_2.13-3.5.1/airflow-env/lib64/python3.11/site-packages/airflow/example_dags/subdags/subdag.py for tasks to queue
[2023-10-07T04:05:28.237+0530] {logging_mixin.py:151} INFO - [2023-10-07T04:05:28.237+0530] {dagbag.py:539} INFO - Filling up the DagBag from /home/raj/Downloads/kafka_2.13-3.5.1/airflow-env/lib64/python3.11/site-packages/airflow/example_dags/subdags/subdag.py
[2023-10-07T04:05:28.241+0530] {processor.py:841} WARNING - No viable dags retrieved from /home/raj/Downloads/kafka_2.13-3.5.1/airflow-env/lib64/python3.11/site-packages/airflow/example_dags/subdags/subdag.py
[2023-10-07T04:05:28.260+0530] {processor.py:179} INFO - Processing /home/raj/Downloads/kafka_2.13-3.5.1/airflow-env/lib64/python3.11/site-packages/airflow/example_dags/subdags/subdag.py took 0.042 seconds
[2023-10-07T04:06:02.376+0530] {processor.py:157} INFO - Started process (PID=19017) to work on /home/raj/Downloads/kafka_2.13-3.5.1/airflow-env/lib64/python3.11/site-packages/airflow/example_dags/subdags/subdag.py
[2023-10-07T04:06:02.378+0530] {processor.py:829} INFO - Processing file /home/raj/Downloads/kafka_2.13-3.5.1/airflow-env/lib64/python3.11/site-packages/airflow/example_dags/subdags/subdag.py for tasks to queue
[2023-10-07T04:06:02.379+0530] {logging_mixin.py:151} INFO - [2023-10-07T04:06:02.379+0530] {dagbag.py:539} INFO - Filling up the DagBag from /home/raj/Downloads/kafka_2.13-3.5.1/airflow-env/lib64/python3.11/site-packages/airflow/example_dags/subdags/subdag.py
[2023-10-07T04:06:02.383+0530] {processor.py:841} WARNING - No viable dags retrieved from /home/raj/Downloads/kafka_2.13-3.5.1/airflow-env/lib64/python3.11/site-packages/airflow/example_dags/subdags/subdag.py
[2023-10-07T04:06:02.403+0530] {processor.py:179} INFO - Processing /home/raj/Downloads/kafka_2.13-3.5.1/airflow-env/lib64/python3.11/site-packages/airflow/example_dags/subdags/subdag.py took 0.032 seconds
[2023-10-07T04:06:38.482+0530] {processor.py:157} INFO - Started process (PID=19143) to work on /home/raj/Downloads/kafka_2.13-3.5.1/airflow-env/lib64/python3.11/site-packages/airflow/example_dags/subdags/subdag.py
[2023-10-07T04:06:38.483+0530] {processor.py:829} INFO - Processing file /home/raj/Downloads/kafka_2.13-3.5.1/airflow-env/lib64/python3.11/site-packages/airflow/example_dags/subdags/subdag.py for tasks to queue
[2023-10-07T04:06:38.484+0530] {logging_mixin.py:151} INFO - [2023-10-07T04:06:38.484+0530] {dagbag.py:539} INFO - Filling up the DagBag from /home/raj/Downloads/kafka_2.13-3.5.1/airflow-env/lib64/python3.11/site-packages/airflow/example_dags/subdags/subdag.py
[2023-10-07T04:06:38.486+0530] {processor.py:841} WARNING - No viable dags retrieved from /home/raj/Downloads/kafka_2.13-3.5.1/airflow-env/lib64/python3.11/site-packages/airflow/example_dags/subdags/subdag.py
[2023-10-07T04:06:38.498+0530] {processor.py:179} INFO - Processing /home/raj/Downloads/kafka_2.13-3.5.1/airflow-env/lib64/python3.11/site-packages/airflow/example_dags/subdags/subdag.py took 0.019 seconds
[2023-10-07T04:07:16.617+0530] {processor.py:157} INFO - Started process (PID=19191) to work on /home/raj/Downloads/kafka_2.13-3.5.1/airflow-env/lib64/python3.11/site-packages/airflow/example_dags/subdags/subdag.py
[2023-10-07T04:07:16.628+0530] {processor.py:829} INFO - Processing file /home/raj/Downloads/kafka_2.13-3.5.1/airflow-env/lib64/python3.11/site-packages/airflow/example_dags/subdags/subdag.py for tasks to queue
[2023-10-07T04:07:16.630+0530] {logging_mixin.py:151} INFO - [2023-10-07T04:07:16.629+0530] {dagbag.py:539} INFO - Filling up the DagBag from /home/raj/Downloads/kafka_2.13-3.5.1/airflow-env/lib64/python3.11/site-packages/airflow/example_dags/subdags/subdag.py
[2023-10-07T04:07:16.633+0530] {processor.py:841} WARNING - No viable dags retrieved from /home/raj/Downloads/kafka_2.13-3.5.1/airflow-env/lib64/python3.11/site-packages/airflow/example_dags/subdags/subdag.py
[2023-10-07T04:07:16.653+0530] {processor.py:179} INFO - Processing /home/raj/Downloads/kafka_2.13-3.5.1/airflow-env/lib64/python3.11/site-packages/airflow/example_dags/subdags/subdag.py took 0.041 seconds
[2023-10-07T04:07:54.200+0530] {processor.py:157} INFO - Started process (PID=19227) to work on /home/raj/Downloads/kafka_2.13-3.5.1/airflow-env/lib64/python3.11/site-packages/airflow/example_dags/subdags/subdag.py
[2023-10-07T04:07:54.211+0530] {processor.py:829} INFO - Processing file /home/raj/Downloads/kafka_2.13-3.5.1/airflow-env/lib64/python3.11/site-packages/airflow/example_dags/subdags/subdag.py for tasks to queue
[2023-10-07T04:07:54.213+0530] {logging_mixin.py:151} INFO - [2023-10-07T04:07:54.212+0530] {dagbag.py:539} INFO - Filling up the DagBag from /home/raj/Downloads/kafka_2.13-3.5.1/airflow-env/lib64/python3.11/site-packages/airflow/example_dags/subdags/subdag.py
[2023-10-07T04:07:54.215+0530] {processor.py:841} WARNING - No viable dags retrieved from /home/raj/Downloads/kafka_2.13-3.5.1/airflow-env/lib64/python3.11/site-packages/airflow/example_dags/subdags/subdag.py
[2023-10-07T04:07:54.225+0530] {processor.py:179} INFO - Processing /home/raj/Downloads/kafka_2.13-3.5.1/airflow-env/lib64/python3.11/site-packages/airflow/example_dags/subdags/subdag.py took 0.030 seconds
[2023-10-07T04:08:29.525+0530] {processor.py:157} INFO - Started process (PID=19265) to work on /home/raj/Downloads/kafka_2.13-3.5.1/airflow-env/lib64/python3.11/site-packages/airflow/example_dags/subdags/subdag.py
[2023-10-07T04:08:29.536+0530] {processor.py:829} INFO - Processing file /home/raj/Downloads/kafka_2.13-3.5.1/airflow-env/lib64/python3.11/site-packages/airflow/example_dags/subdags/subdag.py for tasks to queue
[2023-10-07T04:08:29.537+0530] {logging_mixin.py:151} INFO - [2023-10-07T04:08:29.537+0530] {dagbag.py:539} INFO - Filling up the DagBag from /home/raj/Downloads/kafka_2.13-3.5.1/airflow-env/lib64/python3.11/site-packages/airflow/example_dags/subdags/subdag.py
[2023-10-07T04:08:29.540+0530] {processor.py:841} WARNING - No viable dags retrieved from /home/raj/Downloads/kafka_2.13-3.5.1/airflow-env/lib64/python3.11/site-packages/airflow/example_dags/subdags/subdag.py
[2023-10-07T04:08:29.560+0530] {processor.py:179} INFO - Processing /home/raj/Downloads/kafka_2.13-3.5.1/airflow-env/lib64/python3.11/site-packages/airflow/example_dags/subdags/subdag.py took 0.040 seconds
[2023-10-07T04:09:05.615+0530] {processor.py:157} INFO - Started process (PID=19300) to work on /home/raj/Downloads/kafka_2.13-3.5.1/airflow-env/lib64/python3.11/site-packages/airflow/example_dags/subdags/subdag.py
[2023-10-07T04:09:05.626+0530] {processor.py:829} INFO - Processing file /home/raj/Downloads/kafka_2.13-3.5.1/airflow-env/lib64/python3.11/site-packages/airflow/example_dags/subdags/subdag.py for tasks to queue
[2023-10-07T04:09:05.628+0530] {logging_mixin.py:151} INFO - [2023-10-07T04:09:05.627+0530] {dagbag.py:539} INFO - Filling up the DagBag from /home/raj/Downloads/kafka_2.13-3.5.1/airflow-env/lib64/python3.11/site-packages/airflow/example_dags/subdags/subdag.py
[2023-10-07T04:09:05.632+0530] {processor.py:841} WARNING - No viable dags retrieved from /home/raj/Downloads/kafka_2.13-3.5.1/airflow-env/lib64/python3.11/site-packages/airflow/example_dags/subdags/subdag.py
[2023-10-07T04:09:05.650+0530] {processor.py:179} INFO - Processing /home/raj/Downloads/kafka_2.13-3.5.1/airflow-env/lib64/python3.11/site-packages/airflow/example_dags/subdags/subdag.py took 0.040 seconds
[2023-10-07T04:09:40.333+0530] {processor.py:157} INFO - Started process (PID=19339) to work on /home/raj/Downloads/kafka_2.13-3.5.1/airflow-env/lib64/python3.11/site-packages/airflow/example_dags/subdags/subdag.py
[2023-10-07T04:09:40.344+0530] {processor.py:829} INFO - Processing file /home/raj/Downloads/kafka_2.13-3.5.1/airflow-env/lib64/python3.11/site-packages/airflow/example_dags/subdags/subdag.py for tasks to queue
[2023-10-07T04:09:40.346+0530] {logging_mixin.py:151} INFO - [2023-10-07T04:09:40.345+0530] {dagbag.py:539} INFO - Filling up the DagBag from /home/raj/Downloads/kafka_2.13-3.5.1/airflow-env/lib64/python3.11/site-packages/airflow/example_dags/subdags/subdag.py
[2023-10-07T04:09:40.350+0530] {processor.py:841} WARNING - No viable dags retrieved from /home/raj/Downloads/kafka_2.13-3.5.1/airflow-env/lib64/python3.11/site-packages/airflow/example_dags/subdags/subdag.py
[2023-10-07T04:09:40.368+0530] {processor.py:179} INFO - Processing /home/raj/Downloads/kafka_2.13-3.5.1/airflow-env/lib64/python3.11/site-packages/airflow/example_dags/subdags/subdag.py took 0.040 seconds
[2023-10-07T04:10:13.403+0530] {processor.py:157} INFO - Started process (PID=19382) to work on /home/raj/Downloads/kafka_2.13-3.5.1/airflow-env/lib64/python3.11/site-packages/airflow/example_dags/subdags/subdag.py
[2023-10-07T04:10:13.414+0530] {processor.py:829} INFO - Processing file /home/raj/Downloads/kafka_2.13-3.5.1/airflow-env/lib64/python3.11/site-packages/airflow/example_dags/subdags/subdag.py for tasks to queue
[2023-10-07T04:10:13.416+0530] {logging_mixin.py:151} INFO - [2023-10-07T04:10:13.415+0530] {dagbag.py:539} INFO - Filling up the DagBag from /home/raj/Downloads/kafka_2.13-3.5.1/airflow-env/lib64/python3.11/site-packages/airflow/example_dags/subdags/subdag.py
[2023-10-07T04:10:13.420+0530] {processor.py:841} WARNING - No viable dags retrieved from /home/raj/Downloads/kafka_2.13-3.5.1/airflow-env/lib64/python3.11/site-packages/airflow/example_dags/subdags/subdag.py
[2023-10-07T04:10:13.440+0530] {processor.py:179} INFO - Processing /home/raj/Downloads/kafka_2.13-3.5.1/airflow-env/lib64/python3.11/site-packages/airflow/example_dags/subdags/subdag.py took 0.043 seconds
[2023-10-07T04:10:46.346+0530] {processor.py:157} INFO - Started process (PID=19422) to work on /home/raj/Downloads/kafka_2.13-3.5.1/airflow-env/lib64/python3.11/site-packages/airflow/example_dags/subdags/subdag.py
[2023-10-07T04:10:46.357+0530] {processor.py:829} INFO - Processing file /home/raj/Downloads/kafka_2.13-3.5.1/airflow-env/lib64/python3.11/site-packages/airflow/example_dags/subdags/subdag.py for tasks to queue
[2023-10-07T04:10:46.359+0530] {logging_mixin.py:151} INFO - [2023-10-07T04:10:46.358+0530] {dagbag.py:539} INFO - Filling up the DagBag from /home/raj/Downloads/kafka_2.13-3.5.1/airflow-env/lib64/python3.11/site-packages/airflow/example_dags/subdags/subdag.py
[2023-10-07T04:10:46.363+0530] {processor.py:841} WARNING - No viable dags retrieved from /home/raj/Downloads/kafka_2.13-3.5.1/airflow-env/lib64/python3.11/site-packages/airflow/example_dags/subdags/subdag.py
[2023-10-07T04:10:46.382+0530] {processor.py:179} INFO - Processing /home/raj/Downloads/kafka_2.13-3.5.1/airflow-env/lib64/python3.11/site-packages/airflow/example_dags/subdags/subdag.py took 0.041 seconds
[2023-10-07T04:11:21.583+0530] {processor.py:157} INFO - Started process (PID=19464) to work on /home/raj/Downloads/kafka_2.13-3.5.1/airflow-env/lib64/python3.11/site-packages/airflow/example_dags/subdags/subdag.py
[2023-10-07T04:11:21.594+0530] {processor.py:829} INFO - Processing file /home/raj/Downloads/kafka_2.13-3.5.1/airflow-env/lib64/python3.11/site-packages/airflow/example_dags/subdags/subdag.py for tasks to queue
[2023-10-07T04:11:21.597+0530] {logging_mixin.py:151} INFO - [2023-10-07T04:11:21.596+0530] {dagbag.py:539} INFO - Filling up the DagBag from /home/raj/Downloads/kafka_2.13-3.5.1/airflow-env/lib64/python3.11/site-packages/airflow/example_dags/subdags/subdag.py
[2023-10-07T04:11:21.601+0530] {processor.py:841} WARNING - No viable dags retrieved from /home/raj/Downloads/kafka_2.13-3.5.1/airflow-env/lib64/python3.11/site-packages/airflow/example_dags/subdags/subdag.py
[2023-10-07T04:11:21.620+0530] {processor.py:179} INFO - Processing /home/raj/Downloads/kafka_2.13-3.5.1/airflow-env/lib64/python3.11/site-packages/airflow/example_dags/subdags/subdag.py took 0.044 seconds
[2023-10-07T04:11:56.446+0530] {processor.py:157} INFO - Started process (PID=19520) to work on /home/raj/Downloads/kafka_2.13-3.5.1/airflow-env/lib64/python3.11/site-packages/airflow/example_dags/subdags/subdag.py
[2023-10-07T04:11:56.456+0530] {processor.py:829} INFO - Processing file /home/raj/Downloads/kafka_2.13-3.5.1/airflow-env/lib64/python3.11/site-packages/airflow/example_dags/subdags/subdag.py for tasks to queue
[2023-10-07T04:11:56.457+0530] {logging_mixin.py:151} INFO - [2023-10-07T04:11:56.457+0530] {dagbag.py:539} INFO - Filling up the DagBag from /home/raj/Downloads/kafka_2.13-3.5.1/airflow-env/lib64/python3.11/site-packages/airflow/example_dags/subdags/subdag.py
[2023-10-07T04:11:56.459+0530] {processor.py:841} WARNING - No viable dags retrieved from /home/raj/Downloads/kafka_2.13-3.5.1/airflow-env/lib64/python3.11/site-packages/airflow/example_dags/subdags/subdag.py
[2023-10-07T04:11:56.469+0530] {processor.py:179} INFO - Processing /home/raj/Downloads/kafka_2.13-3.5.1/airflow-env/lib64/python3.11/site-packages/airflow/example_dags/subdags/subdag.py took 0.026 seconds
[2023-10-07T04:12:33.489+0530] {processor.py:157} INFO - Started process (PID=19557) to work on /home/raj/Downloads/kafka_2.13-3.5.1/airflow-env/lib64/python3.11/site-packages/airflow/example_dags/subdags/subdag.py
[2023-10-07T04:12:33.500+0530] {processor.py:829} INFO - Processing file /home/raj/Downloads/kafka_2.13-3.5.1/airflow-env/lib64/python3.11/site-packages/airflow/example_dags/subdags/subdag.py for tasks to queue
[2023-10-07T04:12:33.501+0530] {logging_mixin.py:151} INFO - [2023-10-07T04:12:33.501+0530] {dagbag.py:539} INFO - Filling up the DagBag from /home/raj/Downloads/kafka_2.13-3.5.1/airflow-env/lib64/python3.11/site-packages/airflow/example_dags/subdags/subdag.py
[2023-10-07T04:12:33.506+0530] {processor.py:841} WARNING - No viable dags retrieved from /home/raj/Downloads/kafka_2.13-3.5.1/airflow-env/lib64/python3.11/site-packages/airflow/example_dags/subdags/subdag.py
[2023-10-07T04:12:33.523+0530] {processor.py:179} INFO - Processing /home/raj/Downloads/kafka_2.13-3.5.1/airflow-env/lib64/python3.11/site-packages/airflow/example_dags/subdags/subdag.py took 0.040 seconds
[2023-10-07T04:13:10.963+0530] {processor.py:157} INFO - Started process (PID=19596) to work on /home/raj/Downloads/kafka_2.13-3.5.1/airflow-env/lib64/python3.11/site-packages/airflow/example_dags/subdags/subdag.py
[2023-10-07T04:13:10.974+0530] {processor.py:829} INFO - Processing file /home/raj/Downloads/kafka_2.13-3.5.1/airflow-env/lib64/python3.11/site-packages/airflow/example_dags/subdags/subdag.py for tasks to queue
[2023-10-07T04:13:10.975+0530] {logging_mixin.py:151} INFO - [2023-10-07T04:13:10.975+0530] {dagbag.py:539} INFO - Filling up the DagBag from /home/raj/Downloads/kafka_2.13-3.5.1/airflow-env/lib64/python3.11/site-packages/airflow/example_dags/subdags/subdag.py
[2023-10-07T04:13:10.980+0530] {processor.py:841} WARNING - No viable dags retrieved from /home/raj/Downloads/kafka_2.13-3.5.1/airflow-env/lib64/python3.11/site-packages/airflow/example_dags/subdags/subdag.py
[2023-10-07T04:13:10.998+0530] {processor.py:179} INFO - Processing /home/raj/Downloads/kafka_2.13-3.5.1/airflow-env/lib64/python3.11/site-packages/airflow/example_dags/subdags/subdag.py took 0.041 seconds
[2023-10-07T04:13:44.988+0530] {processor.py:157} INFO - Started process (PID=19630) to work on /home/raj/Downloads/kafka_2.13-3.5.1/airflow-env/lib64/python3.11/site-packages/airflow/example_dags/subdags/subdag.py
[2023-10-07T04:13:44.998+0530] {processor.py:829} INFO - Processing file /home/raj/Downloads/kafka_2.13-3.5.1/airflow-env/lib64/python3.11/site-packages/airflow/example_dags/subdags/subdag.py for tasks to queue
[2023-10-07T04:13:44.999+0530] {logging_mixin.py:151} INFO - [2023-10-07T04:13:44.999+0530] {dagbag.py:539} INFO - Filling up the DagBag from /home/raj/Downloads/kafka_2.13-3.5.1/airflow-env/lib64/python3.11/site-packages/airflow/example_dags/subdags/subdag.py
[2023-10-07T04:13:45.001+0530] {processor.py:841} WARNING - No viable dags retrieved from /home/raj/Downloads/kafka_2.13-3.5.1/airflow-env/lib64/python3.11/site-packages/airflow/example_dags/subdags/subdag.py
[2023-10-07T04:13:45.009+0530] {processor.py:179} INFO - Processing /home/raj/Downloads/kafka_2.13-3.5.1/airflow-env/lib64/python3.11/site-packages/airflow/example_dags/subdags/subdag.py took 0.024 seconds
[2023-10-07T04:14:18.391+0530] {processor.py:157} INFO - Started process (PID=19665) to work on /home/raj/Downloads/kafka_2.13-3.5.1/airflow-env/lib64/python3.11/site-packages/airflow/example_dags/subdags/subdag.py
[2023-10-07T04:14:18.403+0530] {processor.py:829} INFO - Processing file /home/raj/Downloads/kafka_2.13-3.5.1/airflow-env/lib64/python3.11/site-packages/airflow/example_dags/subdags/subdag.py for tasks to queue
[2023-10-07T04:14:18.405+0530] {logging_mixin.py:151} INFO - [2023-10-07T04:14:18.404+0530] {dagbag.py:539} INFO - Filling up the DagBag from /home/raj/Downloads/kafka_2.13-3.5.1/airflow-env/lib64/python3.11/site-packages/airflow/example_dags/subdags/subdag.py
[2023-10-07T04:14:18.409+0530] {processor.py:841} WARNING - No viable dags retrieved from /home/raj/Downloads/kafka_2.13-3.5.1/airflow-env/lib64/python3.11/site-packages/airflow/example_dags/subdags/subdag.py
[2023-10-07T04:14:18.430+0530] {processor.py:179} INFO - Processing /home/raj/Downloads/kafka_2.13-3.5.1/airflow-env/lib64/python3.11/site-packages/airflow/example_dags/subdags/subdag.py took 0.044 seconds
[2023-10-07T04:14:53.379+0530] {processor.py:157} INFO - Started process (PID=19714) to work on /home/raj/Downloads/kafka_2.13-3.5.1/airflow-env/lib64/python3.11/site-packages/airflow/example_dags/subdags/subdag.py
[2023-10-07T04:14:53.391+0530] {processor.py:829} INFO - Processing file /home/raj/Downloads/kafka_2.13-3.5.1/airflow-env/lib64/python3.11/site-packages/airflow/example_dags/subdags/subdag.py for tasks to queue
[2023-10-07T04:14:53.392+0530] {logging_mixin.py:151} INFO - [2023-10-07T04:14:53.392+0530] {dagbag.py:539} INFO - Filling up the DagBag from /home/raj/Downloads/kafka_2.13-3.5.1/airflow-env/lib64/python3.11/site-packages/airflow/example_dags/subdags/subdag.py
[2023-10-07T04:14:53.396+0530] {processor.py:841} WARNING - No viable dags retrieved from /home/raj/Downloads/kafka_2.13-3.5.1/airflow-env/lib64/python3.11/site-packages/airflow/example_dags/subdags/subdag.py
[2023-10-07T04:14:53.416+0530] {processor.py:179} INFO - Processing /home/raj/Downloads/kafka_2.13-3.5.1/airflow-env/lib64/python3.11/site-packages/airflow/example_dags/subdags/subdag.py took 0.042 seconds
[2023-10-07T04:15:25.737+0530] {processor.py:157} INFO - Started process (PID=19783) to work on /home/raj/Downloads/kafka_2.13-3.5.1/airflow-env/lib64/python3.11/site-packages/airflow/example_dags/subdags/subdag.py
[2023-10-07T04:15:25.749+0530] {processor.py:829} INFO - Processing file /home/raj/Downloads/kafka_2.13-3.5.1/airflow-env/lib64/python3.11/site-packages/airflow/example_dags/subdags/subdag.py for tasks to queue
[2023-10-07T04:15:25.750+0530] {logging_mixin.py:151} INFO - [2023-10-07T04:15:25.749+0530] {dagbag.py:539} INFO - Filling up the DagBag from /home/raj/Downloads/kafka_2.13-3.5.1/airflow-env/lib64/python3.11/site-packages/airflow/example_dags/subdags/subdag.py
[2023-10-07T04:15:25.754+0530] {processor.py:841} WARNING - No viable dags retrieved from /home/raj/Downloads/kafka_2.13-3.5.1/airflow-env/lib64/python3.11/site-packages/airflow/example_dags/subdags/subdag.py
[2023-10-07T04:15:25.776+0530] {processor.py:179} INFO - Processing /home/raj/Downloads/kafka_2.13-3.5.1/airflow-env/lib64/python3.11/site-packages/airflow/example_dags/subdags/subdag.py took 0.043 seconds
[2023-10-07T04:15:58.635+0530] {processor.py:157} INFO - Started process (PID=19821) to work on /home/raj/Downloads/kafka_2.13-3.5.1/airflow-env/lib64/python3.11/site-packages/airflow/example_dags/subdags/subdag.py
[2023-10-07T04:15:58.646+0530] {processor.py:829} INFO - Processing file /home/raj/Downloads/kafka_2.13-3.5.1/airflow-env/lib64/python3.11/site-packages/airflow/example_dags/subdags/subdag.py for tasks to queue
[2023-10-07T04:15:58.648+0530] {logging_mixin.py:151} INFO - [2023-10-07T04:15:58.647+0530] {dagbag.py:539} INFO - Filling up the DagBag from /home/raj/Downloads/kafka_2.13-3.5.1/airflow-env/lib64/python3.11/site-packages/airflow/example_dags/subdags/subdag.py
[2023-10-07T04:15:58.652+0530] {processor.py:841} WARNING - No viable dags retrieved from /home/raj/Downloads/kafka_2.13-3.5.1/airflow-env/lib64/python3.11/site-packages/airflow/example_dags/subdags/subdag.py
[2023-10-07T04:15:58.672+0530] {processor.py:179} INFO - Processing /home/raj/Downloads/kafka_2.13-3.5.1/airflow-env/lib64/python3.11/site-packages/airflow/example_dags/subdags/subdag.py took 0.043 seconds
[2023-10-07T04:16:34.064+0530] {processor.py:157} INFO - Started process (PID=19863) to work on /home/raj/Downloads/kafka_2.13-3.5.1/airflow-env/lib64/python3.11/site-packages/airflow/example_dags/subdags/subdag.py
[2023-10-07T04:16:34.066+0530] {processor.py:829} INFO - Processing file /home/raj/Downloads/kafka_2.13-3.5.1/airflow-env/lib64/python3.11/site-packages/airflow/example_dags/subdags/subdag.py for tasks to queue
[2023-10-07T04:16:34.068+0530] {logging_mixin.py:151} INFO - [2023-10-07T04:16:34.067+0530] {dagbag.py:539} INFO - Filling up the DagBag from /home/raj/Downloads/kafka_2.13-3.5.1/airflow-env/lib64/python3.11/site-packages/airflow/example_dags/subdags/subdag.py
[2023-10-07T04:16:34.071+0530] {processor.py:841} WARNING - No viable dags retrieved from /home/raj/Downloads/kafka_2.13-3.5.1/airflow-env/lib64/python3.11/site-packages/airflow/example_dags/subdags/subdag.py
[2023-10-07T04:16:34.090+0530] {processor.py:179} INFO - Processing /home/raj/Downloads/kafka_2.13-3.5.1/airflow-env/lib64/python3.11/site-packages/airflow/example_dags/subdags/subdag.py took 0.032 seconds
[2023-10-07T04:17:10.460+0530] {processor.py:157} INFO - Started process (PID=19904) to work on /home/raj/Downloads/kafka_2.13-3.5.1/airflow-env/lib64/python3.11/site-packages/airflow/example_dags/subdags/subdag.py
[2023-10-07T04:17:10.471+0530] {processor.py:829} INFO - Processing file /home/raj/Downloads/kafka_2.13-3.5.1/airflow-env/lib64/python3.11/site-packages/airflow/example_dags/subdags/subdag.py for tasks to queue
[2023-10-07T04:17:10.472+0530] {logging_mixin.py:151} INFO - [2023-10-07T04:17:10.472+0530] {dagbag.py:539} INFO - Filling up the DagBag from /home/raj/Downloads/kafka_2.13-3.5.1/airflow-env/lib64/python3.11/site-packages/airflow/example_dags/subdags/subdag.py
[2023-10-07T04:17:10.474+0530] {processor.py:841} WARNING - No viable dags retrieved from /home/raj/Downloads/kafka_2.13-3.5.1/airflow-env/lib64/python3.11/site-packages/airflow/example_dags/subdags/subdag.py
[2023-10-07T04:17:10.483+0530] {processor.py:179} INFO - Processing /home/raj/Downloads/kafka_2.13-3.5.1/airflow-env/lib64/python3.11/site-packages/airflow/example_dags/subdags/subdag.py took 0.029 seconds
[2023-10-07T04:17:43.620+0530] {processor.py:157} INFO - Started process (PID=19937) to work on /home/raj/Downloads/kafka_2.13-3.5.1/airflow-env/lib64/python3.11/site-packages/airflow/example_dags/subdags/subdag.py
[2023-10-07T04:17:43.631+0530] {processor.py:829} INFO - Processing file /home/raj/Downloads/kafka_2.13-3.5.1/airflow-env/lib64/python3.11/site-packages/airflow/example_dags/subdags/subdag.py for tasks to queue
[2023-10-07T04:17:43.633+0530] {logging_mixin.py:151} INFO - [2023-10-07T04:17:43.632+0530] {dagbag.py:539} INFO - Filling up the DagBag from /home/raj/Downloads/kafka_2.13-3.5.1/airflow-env/lib64/python3.11/site-packages/airflow/example_dags/subdags/subdag.py
[2023-10-07T04:17:43.637+0530] {processor.py:841} WARNING - No viable dags retrieved from /home/raj/Downloads/kafka_2.13-3.5.1/airflow-env/lib64/python3.11/site-packages/airflow/example_dags/subdags/subdag.py
[2023-10-07T04:17:43.657+0530] {processor.py:179} INFO - Processing /home/raj/Downloads/kafka_2.13-3.5.1/airflow-env/lib64/python3.11/site-packages/airflow/example_dags/subdags/subdag.py took 0.042 seconds
[2023-10-07T04:18:17.782+0530] {processor.py:157} INFO - Started process (PID=19973) to work on /home/raj/Downloads/kafka_2.13-3.5.1/airflow-env/lib64/python3.11/site-packages/airflow/example_dags/subdags/subdag.py
[2023-10-07T04:18:17.794+0530] {processor.py:829} INFO - Processing file /home/raj/Downloads/kafka_2.13-3.5.1/airflow-env/lib64/python3.11/site-packages/airflow/example_dags/subdags/subdag.py for tasks to queue
[2023-10-07T04:18:17.795+0530] {logging_mixin.py:151} INFO - [2023-10-07T04:18:17.794+0530] {dagbag.py:539} INFO - Filling up the DagBag from /home/raj/Downloads/kafka_2.13-3.5.1/airflow-env/lib64/python3.11/site-packages/airflow/example_dags/subdags/subdag.py
[2023-10-07T04:18:17.799+0530] {processor.py:841} WARNING - No viable dags retrieved from /home/raj/Downloads/kafka_2.13-3.5.1/airflow-env/lib64/python3.11/site-packages/airflow/example_dags/subdags/subdag.py
[2023-10-07T04:18:17.818+0530] {processor.py:179} INFO - Processing /home/raj/Downloads/kafka_2.13-3.5.1/airflow-env/lib64/python3.11/site-packages/airflow/example_dags/subdags/subdag.py took 0.041 seconds
[2023-10-07T04:18:52.727+0530] {processor.py:157} INFO - Started process (PID=20008) to work on /home/raj/Downloads/kafka_2.13-3.5.1/airflow-env/lib64/python3.11/site-packages/airflow/example_dags/subdags/subdag.py
[2023-10-07T04:18:52.728+0530] {processor.py:829} INFO - Processing file /home/raj/Downloads/kafka_2.13-3.5.1/airflow-env/lib64/python3.11/site-packages/airflow/example_dags/subdags/subdag.py for tasks to queue
[2023-10-07T04:18:52.729+0530] {logging_mixin.py:151} INFO - [2023-10-07T04:18:52.728+0530] {dagbag.py:539} INFO - Filling up the DagBag from /home/raj/Downloads/kafka_2.13-3.5.1/airflow-env/lib64/python3.11/site-packages/airflow/example_dags/subdags/subdag.py
[2023-10-07T04:18:52.731+0530] {processor.py:841} WARNING - No viable dags retrieved from /home/raj/Downloads/kafka_2.13-3.5.1/airflow-env/lib64/python3.11/site-packages/airflow/example_dags/subdags/subdag.py
[2023-10-07T04:18:52.740+0530] {processor.py:179} INFO - Processing /home/raj/Downloads/kafka_2.13-3.5.1/airflow-env/lib64/python3.11/site-packages/airflow/example_dags/subdags/subdag.py took 0.017 seconds
[2023-10-07T04:19:28.624+0530] {processor.py:157} INFO - Started process (PID=20044) to work on /home/raj/Downloads/kafka_2.13-3.5.1/airflow-env/lib64/python3.11/site-packages/airflow/example_dags/subdags/subdag.py
[2023-10-07T04:19:28.635+0530] {processor.py:829} INFO - Processing file /home/raj/Downloads/kafka_2.13-3.5.1/airflow-env/lib64/python3.11/site-packages/airflow/example_dags/subdags/subdag.py for tasks to queue
[2023-10-07T04:19:28.637+0530] {logging_mixin.py:151} INFO - [2023-10-07T04:19:28.636+0530] {dagbag.py:539} INFO - Filling up the DagBag from /home/raj/Downloads/kafka_2.13-3.5.1/airflow-env/lib64/python3.11/site-packages/airflow/example_dags/subdags/subdag.py
[2023-10-07T04:19:28.641+0530] {processor.py:841} WARNING - No viable dags retrieved from /home/raj/Downloads/kafka_2.13-3.5.1/airflow-env/lib64/python3.11/site-packages/airflow/example_dags/subdags/subdag.py
[2023-10-07T04:19:28.660+0530] {processor.py:179} INFO - Processing /home/raj/Downloads/kafka_2.13-3.5.1/airflow-env/lib64/python3.11/site-packages/airflow/example_dags/subdags/subdag.py took 0.041 seconds
[2023-10-07T04:20:06.943+0530] {processor.py:157} INFO - Started process (PID=20349) to work on /home/raj/Downloads/kafka_2.13-3.5.1/airflow-env/lib64/python3.11/site-packages/airflow/example_dags/subdags/subdag.py
[2023-10-07T04:20:06.954+0530] {processor.py:829} INFO - Processing file /home/raj/Downloads/kafka_2.13-3.5.1/airflow-env/lib64/python3.11/site-packages/airflow/example_dags/subdags/subdag.py for tasks to queue
[2023-10-07T04:20:06.956+0530] {logging_mixin.py:151} INFO - [2023-10-07T04:20:06.955+0530] {dagbag.py:539} INFO - Filling up the DagBag from /home/raj/Downloads/kafka_2.13-3.5.1/airflow-env/lib64/python3.11/site-packages/airflow/example_dags/subdags/subdag.py
[2023-10-07T04:20:06.959+0530] {processor.py:841} WARNING - No viable dags retrieved from /home/raj/Downloads/kafka_2.13-3.5.1/airflow-env/lib64/python3.11/site-packages/airflow/example_dags/subdags/subdag.py
[2023-10-07T04:20:06.974+0530] {processor.py:179} INFO - Processing /home/raj/Downloads/kafka_2.13-3.5.1/airflow-env/lib64/python3.11/site-packages/airflow/example_dags/subdags/subdag.py took 0.037 seconds
[2023-10-07T04:20:43.324+0530] {processor.py:157} INFO - Started process (PID=20439) to work on /home/raj/Downloads/kafka_2.13-3.5.1/airflow-env/lib64/python3.11/site-packages/airflow/example_dags/subdags/subdag.py
[2023-10-07T04:20:43.329+0530] {processor.py:829} INFO - Processing file /home/raj/Downloads/kafka_2.13-3.5.1/airflow-env/lib64/python3.11/site-packages/airflow/example_dags/subdags/subdag.py for tasks to queue
[2023-10-07T04:20:43.331+0530] {logging_mixin.py:151} INFO - [2023-10-07T04:20:43.330+0530] {dagbag.py:539} INFO - Filling up the DagBag from /home/raj/Downloads/kafka_2.13-3.5.1/airflow-env/lib64/python3.11/site-packages/airflow/example_dags/subdags/subdag.py
[2023-10-07T04:20:43.336+0530] {processor.py:841} WARNING - No viable dags retrieved from /home/raj/Downloads/kafka_2.13-3.5.1/airflow-env/lib64/python3.11/site-packages/airflow/example_dags/subdags/subdag.py
[2023-10-07T04:20:43.358+0530] {processor.py:179} INFO - Processing /home/raj/Downloads/kafka_2.13-3.5.1/airflow-env/lib64/python3.11/site-packages/airflow/example_dags/subdags/subdag.py took 0.039 seconds
[2023-10-07T04:21:19.919+0530] {processor.py:157} INFO - Started process (PID=20587) to work on /home/raj/Downloads/kafka_2.13-3.5.1/airflow-env/lib64/python3.11/site-packages/airflow/example_dags/subdags/subdag.py
[2023-10-07T04:21:19.930+0530] {processor.py:829} INFO - Processing file /home/raj/Downloads/kafka_2.13-3.5.1/airflow-env/lib64/python3.11/site-packages/airflow/example_dags/subdags/subdag.py for tasks to queue
[2023-10-07T04:21:19.932+0530] {logging_mixin.py:151} INFO - [2023-10-07T04:21:19.931+0530] {dagbag.py:539} INFO - Filling up the DagBag from /home/raj/Downloads/kafka_2.13-3.5.1/airflow-env/lib64/python3.11/site-packages/airflow/example_dags/subdags/subdag.py
[2023-10-07T04:21:19.936+0530] {processor.py:841} WARNING - No viable dags retrieved from /home/raj/Downloads/kafka_2.13-3.5.1/airflow-env/lib64/python3.11/site-packages/airflow/example_dags/subdags/subdag.py
[2023-10-07T04:21:19.955+0530] {processor.py:179} INFO - Processing /home/raj/Downloads/kafka_2.13-3.5.1/airflow-env/lib64/python3.11/site-packages/airflow/example_dags/subdags/subdag.py took 0.041 seconds
[2023-10-07T04:21:52.327+0530] {processor.py:157} INFO - Started process (PID=20703) to work on /home/raj/Downloads/kafka_2.13-3.5.1/airflow-env/lib64/python3.11/site-packages/airflow/example_dags/subdags/subdag.py
[2023-10-07T04:21:52.328+0530] {processor.py:829} INFO - Processing file /home/raj/Downloads/kafka_2.13-3.5.1/airflow-env/lib64/python3.11/site-packages/airflow/example_dags/subdags/subdag.py for tasks to queue
[2023-10-07T04:21:52.329+0530] {logging_mixin.py:151} INFO - [2023-10-07T04:21:52.329+0530] {dagbag.py:539} INFO - Filling up the DagBag from /home/raj/Downloads/kafka_2.13-3.5.1/airflow-env/lib64/python3.11/site-packages/airflow/example_dags/subdags/subdag.py
[2023-10-07T04:21:52.332+0530] {processor.py:841} WARNING - No viable dags retrieved from /home/raj/Downloads/kafka_2.13-3.5.1/airflow-env/lib64/python3.11/site-packages/airflow/example_dags/subdags/subdag.py
[2023-10-07T04:21:52.344+0530] {processor.py:179} INFO - Processing /home/raj/Downloads/kafka_2.13-3.5.1/airflow-env/lib64/python3.11/site-packages/airflow/example_dags/subdags/subdag.py took 0.021 seconds
[2023-10-07T04:22:25.491+0530] {processor.py:157} INFO - Started process (PID=20784) to work on /home/raj/Downloads/kafka_2.13-3.5.1/airflow-env/lib64/python3.11/site-packages/airflow/example_dags/subdags/subdag.py
[2023-10-07T04:22:25.502+0530] {processor.py:829} INFO - Processing file /home/raj/Downloads/kafka_2.13-3.5.1/airflow-env/lib64/python3.11/site-packages/airflow/example_dags/subdags/subdag.py for tasks to queue
[2023-10-07T04:22:25.504+0530] {logging_mixin.py:151} INFO - [2023-10-07T04:22:25.503+0530] {dagbag.py:539} INFO - Filling up the DagBag from /home/raj/Downloads/kafka_2.13-3.5.1/airflow-env/lib64/python3.11/site-packages/airflow/example_dags/subdags/subdag.py
[2023-10-07T04:22:25.509+0530] {processor.py:841} WARNING - No viable dags retrieved from /home/raj/Downloads/kafka_2.13-3.5.1/airflow-env/lib64/python3.11/site-packages/airflow/example_dags/subdags/subdag.py
[2023-10-07T04:22:25.528+0530] {processor.py:179} INFO - Processing /home/raj/Downloads/kafka_2.13-3.5.1/airflow-env/lib64/python3.11/site-packages/airflow/example_dags/subdags/subdag.py took 0.043 seconds
[2023-10-07T04:22:59.989+0530] {processor.py:157} INFO - Started process (PID=20856) to work on /home/raj/Downloads/kafka_2.13-3.5.1/airflow-env/lib64/python3.11/site-packages/airflow/example_dags/subdags/subdag.py
[2023-10-07T04:23:00.000+0530] {processor.py:829} INFO - Processing file /home/raj/Downloads/kafka_2.13-3.5.1/airflow-env/lib64/python3.11/site-packages/airflow/example_dags/subdags/subdag.py for tasks to queue
[2023-10-07T04:23:00.002+0530] {logging_mixin.py:151} INFO - [2023-10-07T04:23:00.002+0530] {dagbag.py:539} INFO - Filling up the DagBag from /home/raj/Downloads/kafka_2.13-3.5.1/airflow-env/lib64/python3.11/site-packages/airflow/example_dags/subdags/subdag.py
[2023-10-07T04:23:00.007+0530] {processor.py:841} WARNING - No viable dags retrieved from /home/raj/Downloads/kafka_2.13-3.5.1/airflow-env/lib64/python3.11/site-packages/airflow/example_dags/subdags/subdag.py
[2023-10-07T04:23:00.023+0530] {processor.py:179} INFO - Processing /home/raj/Downloads/kafka_2.13-3.5.1/airflow-env/lib64/python3.11/site-packages/airflow/example_dags/subdags/subdag.py took 0.039 seconds
[2023-10-07T04:23:35.203+0530] {processor.py:157} INFO - Started process (PID=20932) to work on /home/raj/Downloads/kafka_2.13-3.5.1/airflow-env/lib64/python3.11/site-packages/airflow/example_dags/subdags/subdag.py
[2023-10-07T04:23:35.214+0530] {processor.py:829} INFO - Processing file /home/raj/Downloads/kafka_2.13-3.5.1/airflow-env/lib64/python3.11/site-packages/airflow/example_dags/subdags/subdag.py for tasks to queue
[2023-10-07T04:23:35.216+0530] {logging_mixin.py:151} INFO - [2023-10-07T04:23:35.215+0530] {dagbag.py:539} INFO - Filling up the DagBag from /home/raj/Downloads/kafka_2.13-3.5.1/airflow-env/lib64/python3.11/site-packages/airflow/example_dags/subdags/subdag.py
[2023-10-07T04:23:35.220+0530] {processor.py:841} WARNING - No viable dags retrieved from /home/raj/Downloads/kafka_2.13-3.5.1/airflow-env/lib64/python3.11/site-packages/airflow/example_dags/subdags/subdag.py
[2023-10-07T04:23:35.240+0530] {processor.py:179} INFO - Processing /home/raj/Downloads/kafka_2.13-3.5.1/airflow-env/lib64/python3.11/site-packages/airflow/example_dags/subdags/subdag.py took 0.044 seconds
[2023-10-07T04:24:08.647+0530] {processor.py:157} INFO - Started process (PID=21033) to work on /home/raj/Downloads/kafka_2.13-3.5.1/airflow-env/lib64/python3.11/site-packages/airflow/example_dags/subdags/subdag.py
[2023-10-07T04:24:08.658+0530] {processor.py:829} INFO - Processing file /home/raj/Downloads/kafka_2.13-3.5.1/airflow-env/lib64/python3.11/site-packages/airflow/example_dags/subdags/subdag.py for tasks to queue
[2023-10-07T04:24:08.659+0530] {logging_mixin.py:151} INFO - [2023-10-07T04:24:08.658+0530] {dagbag.py:539} INFO - Filling up the DagBag from /home/raj/Downloads/kafka_2.13-3.5.1/airflow-env/lib64/python3.11/site-packages/airflow/example_dags/subdags/subdag.py
[2023-10-07T04:24:08.661+0530] {processor.py:841} WARNING - No viable dags retrieved from /home/raj/Downloads/kafka_2.13-3.5.1/airflow-env/lib64/python3.11/site-packages/airflow/example_dags/subdags/subdag.py
[2023-10-07T04:24:08.671+0530] {processor.py:179} INFO - Processing /home/raj/Downloads/kafka_2.13-3.5.1/airflow-env/lib64/python3.11/site-packages/airflow/example_dags/subdags/subdag.py took 0.029 seconds
[2023-10-07T04:24:42.341+0530] {processor.py:157} INFO - Started process (PID=21089) to work on /home/raj/Downloads/kafka_2.13-3.5.1/airflow-env/lib64/python3.11/site-packages/airflow/example_dags/subdags/subdag.py
[2023-10-07T04:24:42.352+0530] {processor.py:829} INFO - Processing file /home/raj/Downloads/kafka_2.13-3.5.1/airflow-env/lib64/python3.11/site-packages/airflow/example_dags/subdags/subdag.py for tasks to queue
[2023-10-07T04:24:42.353+0530] {logging_mixin.py:151} INFO - [2023-10-07T04:24:42.353+0530] {dagbag.py:539} INFO - Filling up the DagBag from /home/raj/Downloads/kafka_2.13-3.5.1/airflow-env/lib64/python3.11/site-packages/airflow/example_dags/subdags/subdag.py
[2023-10-07T04:24:42.357+0530] {processor.py:841} WARNING - No viable dags retrieved from /home/raj/Downloads/kafka_2.13-3.5.1/airflow-env/lib64/python3.11/site-packages/airflow/example_dags/subdags/subdag.py
[2023-10-07T04:24:42.376+0530] {processor.py:179} INFO - Processing /home/raj/Downloads/kafka_2.13-3.5.1/airflow-env/lib64/python3.11/site-packages/airflow/example_dags/subdags/subdag.py took 0.040 seconds
[2023-10-07T04:25:15.143+0530] {processor.py:157} INFO - Started process (PID=21157) to work on /home/raj/Downloads/kafka_2.13-3.5.1/airflow-env/lib64/python3.11/site-packages/airflow/example_dags/subdags/subdag.py
[2023-10-07T04:25:15.155+0530] {processor.py:829} INFO - Processing file /home/raj/Downloads/kafka_2.13-3.5.1/airflow-env/lib64/python3.11/site-packages/airflow/example_dags/subdags/subdag.py for tasks to queue
[2023-10-07T04:25:15.157+0530] {logging_mixin.py:151} INFO - [2023-10-07T04:25:15.156+0530] {dagbag.py:539} INFO - Filling up the DagBag from /home/raj/Downloads/kafka_2.13-3.5.1/airflow-env/lib64/python3.11/site-packages/airflow/example_dags/subdags/subdag.py
[2023-10-07T04:25:15.161+0530] {processor.py:841} WARNING - No viable dags retrieved from /home/raj/Downloads/kafka_2.13-3.5.1/airflow-env/lib64/python3.11/site-packages/airflow/example_dags/subdags/subdag.py
[2023-10-07T04:25:15.175+0530] {processor.py:179} INFO - Processing /home/raj/Downloads/kafka_2.13-3.5.1/airflow-env/lib64/python3.11/site-packages/airflow/example_dags/subdags/subdag.py took 0.039 seconds
[2023-10-07T04:25:50.094+0530] {processor.py:157} INFO - Started process (PID=21247) to work on /home/raj/Downloads/kafka_2.13-3.5.1/airflow-env/lib64/python3.11/site-packages/airflow/example_dags/subdags/subdag.py
[2023-10-07T04:25:50.096+0530] {processor.py:829} INFO - Processing file /home/raj/Downloads/kafka_2.13-3.5.1/airflow-env/lib64/python3.11/site-packages/airflow/example_dags/subdags/subdag.py for tasks to queue
[2023-10-07T04:25:50.097+0530] {logging_mixin.py:151} INFO - [2023-10-07T04:25:50.096+0530] {dagbag.py:539} INFO - Filling up the DagBag from /home/raj/Downloads/kafka_2.13-3.5.1/airflow-env/lib64/python3.11/site-packages/airflow/example_dags/subdags/subdag.py
[2023-10-07T04:25:50.100+0530] {processor.py:841} WARNING - No viable dags retrieved from /home/raj/Downloads/kafka_2.13-3.5.1/airflow-env/lib64/python3.11/site-packages/airflow/example_dags/subdags/subdag.py
[2023-10-07T04:25:50.112+0530] {processor.py:179} INFO - Processing /home/raj/Downloads/kafka_2.13-3.5.1/airflow-env/lib64/python3.11/site-packages/airflow/example_dags/subdags/subdag.py took 0.022 seconds
[2023-10-07T04:26:26.244+0530] {processor.py:157} INFO - Started process (PID=21349) to work on /home/raj/Downloads/kafka_2.13-3.5.1/airflow-env/lib64/python3.11/site-packages/airflow/example_dags/subdags/subdag.py
[2023-10-07T04:26:26.245+0530] {processor.py:829} INFO - Processing file /home/raj/Downloads/kafka_2.13-3.5.1/airflow-env/lib64/python3.11/site-packages/airflow/example_dags/subdags/subdag.py for tasks to queue
[2023-10-07T04:26:26.247+0530] {logging_mixin.py:151} INFO - [2023-10-07T04:26:26.246+0530] {dagbag.py:539} INFO - Filling up the DagBag from /home/raj/Downloads/kafka_2.13-3.5.1/airflow-env/lib64/python3.11/site-packages/airflow/example_dags/subdags/subdag.py
[2023-10-07T04:26:26.252+0530] {processor.py:841} WARNING - No viable dags retrieved from /home/raj/Downloads/kafka_2.13-3.5.1/airflow-env/lib64/python3.11/site-packages/airflow/example_dags/subdags/subdag.py
[2023-10-07T04:26:26.270+0530] {processor.py:179} INFO - Processing /home/raj/Downloads/kafka_2.13-3.5.1/airflow-env/lib64/python3.11/site-packages/airflow/example_dags/subdags/subdag.py took 0.032 seconds
[2023-10-07T04:26:57.721+0530] {processor.py:157} INFO - Started process (PID=21430) to work on /home/raj/Downloads/kafka_2.13-3.5.1/airflow-env/lib64/python3.11/site-packages/airflow/example_dags/subdags/subdag.py
[2023-10-07T04:26:57.725+0530] {processor.py:829} INFO - Processing file /home/raj/Downloads/kafka_2.13-3.5.1/airflow-env/lib64/python3.11/site-packages/airflow/example_dags/subdags/subdag.py for tasks to queue
[2023-10-07T04:26:57.726+0530] {logging_mixin.py:151} INFO - [2023-10-07T04:26:57.725+0530] {dagbag.py:539} INFO - Filling up the DagBag from /home/raj/Downloads/kafka_2.13-3.5.1/airflow-env/lib64/python3.11/site-packages/airflow/example_dags/subdags/subdag.py
[2023-10-07T04:26:57.728+0530] {processor.py:841} WARNING - No viable dags retrieved from /home/raj/Downloads/kafka_2.13-3.5.1/airflow-env/lib64/python3.11/site-packages/airflow/example_dags/subdags/subdag.py
[2023-10-07T04:26:57.741+0530] {processor.py:179} INFO - Processing /home/raj/Downloads/kafka_2.13-3.5.1/airflow-env/lib64/python3.11/site-packages/airflow/example_dags/subdags/subdag.py took 0.023 seconds
[2023-10-07T04:27:32.790+0530] {processor.py:157} INFO - Started process (PID=21554) to work on /home/raj/Downloads/kafka_2.13-3.5.1/airflow-env/lib64/python3.11/site-packages/airflow/example_dags/subdags/subdag.py
[2023-10-07T04:27:32.801+0530] {processor.py:829} INFO - Processing file /home/raj/Downloads/kafka_2.13-3.5.1/airflow-env/lib64/python3.11/site-packages/airflow/example_dags/subdags/subdag.py for tasks to queue
[2023-10-07T04:27:32.803+0530] {logging_mixin.py:151} INFO - [2023-10-07T04:27:32.802+0530] {dagbag.py:539} INFO - Filling up the DagBag from /home/raj/Downloads/kafka_2.13-3.5.1/airflow-env/lib64/python3.11/site-packages/airflow/example_dags/subdags/subdag.py
[2023-10-07T04:27:32.807+0530] {processor.py:841} WARNING - No viable dags retrieved from /home/raj/Downloads/kafka_2.13-3.5.1/airflow-env/lib64/python3.11/site-packages/airflow/example_dags/subdags/subdag.py
[2023-10-07T04:27:32.826+0530] {processor.py:179} INFO - Processing /home/raj/Downloads/kafka_2.13-3.5.1/airflow-env/lib64/python3.11/site-packages/airflow/example_dags/subdags/subdag.py took 0.041 seconds
[2023-10-07T04:28:08.204+0530] {processor.py:157} INFO - Started process (PID=21598) to work on /home/raj/Downloads/kafka_2.13-3.5.1/airflow-env/lib64/python3.11/site-packages/airflow/example_dags/subdags/subdag.py
[2023-10-07T04:28:08.216+0530] {processor.py:829} INFO - Processing file /home/raj/Downloads/kafka_2.13-3.5.1/airflow-env/lib64/python3.11/site-packages/airflow/example_dags/subdags/subdag.py for tasks to queue
[2023-10-07T04:28:08.218+0530] {logging_mixin.py:151} INFO - [2023-10-07T04:28:08.217+0530] {dagbag.py:539} INFO - Filling up the DagBag from /home/raj/Downloads/kafka_2.13-3.5.1/airflow-env/lib64/python3.11/site-packages/airflow/example_dags/subdags/subdag.py
[2023-10-07T04:28:08.222+0530] {processor.py:841} WARNING - No viable dags retrieved from /home/raj/Downloads/kafka_2.13-3.5.1/airflow-env/lib64/python3.11/site-packages/airflow/example_dags/subdags/subdag.py
[2023-10-07T04:28:08.244+0530] {processor.py:179} INFO - Processing /home/raj/Downloads/kafka_2.13-3.5.1/airflow-env/lib64/python3.11/site-packages/airflow/example_dags/subdags/subdag.py took 0.046 seconds
[2023-10-07T04:28:44.669+0530] {processor.py:157} INFO - Started process (PID=21713) to work on /home/raj/Downloads/kafka_2.13-3.5.1/airflow-env/lib64/python3.11/site-packages/airflow/example_dags/subdags/subdag.py
[2023-10-07T04:28:44.680+0530] {processor.py:829} INFO - Processing file /home/raj/Downloads/kafka_2.13-3.5.1/airflow-env/lib64/python3.11/site-packages/airflow/example_dags/subdags/subdag.py for tasks to queue
[2023-10-07T04:28:44.681+0530] {logging_mixin.py:151} INFO - [2023-10-07T04:28:44.681+0530] {dagbag.py:539} INFO - Filling up the DagBag from /home/raj/Downloads/kafka_2.13-3.5.1/airflow-env/lib64/python3.11/site-packages/airflow/example_dags/subdags/subdag.py
[2023-10-07T04:28:44.684+0530] {processor.py:841} WARNING - No viable dags retrieved from /home/raj/Downloads/kafka_2.13-3.5.1/airflow-env/lib64/python3.11/site-packages/airflow/example_dags/subdags/subdag.py
[2023-10-07T04:28:44.693+0530] {processor.py:179} INFO - Processing /home/raj/Downloads/kafka_2.13-3.5.1/airflow-env/lib64/python3.11/site-packages/airflow/example_dags/subdags/subdag.py took 0.029 seconds
[2023-10-07T04:29:18.618+0530] {processor.py:157} INFO - Started process (PID=21749) to work on /home/raj/Downloads/kafka_2.13-3.5.1/airflow-env/lib64/python3.11/site-packages/airflow/example_dags/subdags/subdag.py
[2023-10-07T04:29:18.621+0530] {processor.py:829} INFO - Processing file /home/raj/Downloads/kafka_2.13-3.5.1/airflow-env/lib64/python3.11/site-packages/airflow/example_dags/subdags/subdag.py for tasks to queue
[2023-10-07T04:29:18.622+0530] {logging_mixin.py:151} INFO - [2023-10-07T04:29:18.622+0530] {dagbag.py:539} INFO - Filling up the DagBag from /home/raj/Downloads/kafka_2.13-3.5.1/airflow-env/lib64/python3.11/site-packages/airflow/example_dags/subdags/subdag.py
[2023-10-07T04:29:18.626+0530] {processor.py:841} WARNING - No viable dags retrieved from /home/raj/Downloads/kafka_2.13-3.5.1/airflow-env/lib64/python3.11/site-packages/airflow/example_dags/subdags/subdag.py
[2023-10-07T04:29:18.645+0530] {processor.py:179} INFO - Processing /home/raj/Downloads/kafka_2.13-3.5.1/airflow-env/lib64/python3.11/site-packages/airflow/example_dags/subdags/subdag.py took 0.032 seconds
[2023-10-07T04:40:27.230+0530] {processor.py:157} INFO - Started process (PID=9406) to work on /home/raj/Downloads/kafka_2.13-3.5.1/airflow-env/lib64/python3.11/site-packages/airflow/example_dags/subdags/subdag.py
[2023-10-07T04:40:27.231+0530] {processor.py:829} INFO - Processing file /home/raj/Downloads/kafka_2.13-3.5.1/airflow-env/lib64/python3.11/site-packages/airflow/example_dags/subdags/subdag.py for tasks to queue
[2023-10-07T04:40:27.232+0530] {logging_mixin.py:151} INFO - [2023-10-07T04:40:27.231+0530] {dagbag.py:539} INFO - Filling up the DagBag from /home/raj/Downloads/kafka_2.13-3.5.1/airflow-env/lib64/python3.11/site-packages/airflow/example_dags/subdags/subdag.py
[2023-10-07T04:40:27.233+0530] {processor.py:841} WARNING - No viable dags retrieved from /home/raj/Downloads/kafka_2.13-3.5.1/airflow-env/lib64/python3.11/site-packages/airflow/example_dags/subdags/subdag.py
[2023-10-07T04:40:27.253+0530] {processor.py:179} INFO - Processing /home/raj/Downloads/kafka_2.13-3.5.1/airflow-env/lib64/python3.11/site-packages/airflow/example_dags/subdags/subdag.py took 0.028 seconds
[2023-10-07T04:41:14.776+0530] {processor.py:157} INFO - Started process (PID=9954) to work on /home/raj/Downloads/kafka_2.13-3.5.1/airflow-env/lib64/python3.11/site-packages/airflow/example_dags/subdags/subdag.py
[2023-10-07T04:41:14.787+0530] {processor.py:829} INFO - Processing file /home/raj/Downloads/kafka_2.13-3.5.1/airflow-env/lib64/python3.11/site-packages/airflow/example_dags/subdags/subdag.py for tasks to queue
[2023-10-07T04:41:14.788+0530] {logging_mixin.py:151} INFO - [2023-10-07T04:41:14.788+0530] {dagbag.py:539} INFO - Filling up the DagBag from /home/raj/Downloads/kafka_2.13-3.5.1/airflow-env/lib64/python3.11/site-packages/airflow/example_dags/subdags/subdag.py
[2023-10-07T04:41:14.790+0530] {processor.py:841} WARNING - No viable dags retrieved from /home/raj/Downloads/kafka_2.13-3.5.1/airflow-env/lib64/python3.11/site-packages/airflow/example_dags/subdags/subdag.py
[2023-10-07T04:41:14.799+0530] {processor.py:179} INFO - Processing /home/raj/Downloads/kafka_2.13-3.5.1/airflow-env/lib64/python3.11/site-packages/airflow/example_dags/subdags/subdag.py took 0.028 seconds
[2023-10-07T04:41:49.812+0530] {processor.py:157} INFO - Started process (PID=10046) to work on /home/raj/Downloads/kafka_2.13-3.5.1/airflow-env/lib64/python3.11/site-packages/airflow/example_dags/subdags/subdag.py
[2023-10-07T04:41:49.823+0530] {processor.py:829} INFO - Processing file /home/raj/Downloads/kafka_2.13-3.5.1/airflow-env/lib64/python3.11/site-packages/airflow/example_dags/subdags/subdag.py for tasks to queue
[2023-10-07T04:41:49.824+0530] {logging_mixin.py:151} INFO - [2023-10-07T04:41:49.823+0530] {dagbag.py:539} INFO - Filling up the DagBag from /home/raj/Downloads/kafka_2.13-3.5.1/airflow-env/lib64/python3.11/site-packages/airflow/example_dags/subdags/subdag.py
[2023-10-07T04:41:49.826+0530] {processor.py:841} WARNING - No viable dags retrieved from /home/raj/Downloads/kafka_2.13-3.5.1/airflow-env/lib64/python3.11/site-packages/airflow/example_dags/subdags/subdag.py
[2023-10-07T04:41:49.834+0530] {processor.py:179} INFO - Processing /home/raj/Downloads/kafka_2.13-3.5.1/airflow-env/lib64/python3.11/site-packages/airflow/example_dags/subdags/subdag.py took 0.024 seconds
[2023-10-07T04:42:25.591+0530] {processor.py:157} INFO - Started process (PID=10193) to work on /home/raj/Downloads/kafka_2.13-3.5.1/airflow-env/lib64/python3.11/site-packages/airflow/example_dags/subdags/subdag.py
[2023-10-07T04:42:25.602+0530] {processor.py:829} INFO - Processing file /home/raj/Downloads/kafka_2.13-3.5.1/airflow-env/lib64/python3.11/site-packages/airflow/example_dags/subdags/subdag.py for tasks to queue
[2023-10-07T04:42:25.604+0530] {logging_mixin.py:151} INFO - [2023-10-07T04:42:25.603+0530] {dagbag.py:539} INFO - Filling up the DagBag from /home/raj/Downloads/kafka_2.13-3.5.1/airflow-env/lib64/python3.11/site-packages/airflow/example_dags/subdags/subdag.py
[2023-10-07T04:42:25.607+0530] {processor.py:841} WARNING - No viable dags retrieved from /home/raj/Downloads/kafka_2.13-3.5.1/airflow-env/lib64/python3.11/site-packages/airflow/example_dags/subdags/subdag.py
[2023-10-07T04:42:25.620+0530] {processor.py:179} INFO - Processing /home/raj/Downloads/kafka_2.13-3.5.1/airflow-env/lib64/python3.11/site-packages/airflow/example_dags/subdags/subdag.py took 0.034 seconds
[2023-10-07T04:42:58.721+0530] {processor.py:157} INFO - Started process (PID=10253) to work on /home/raj/Downloads/kafka_2.13-3.5.1/airflow-env/lib64/python3.11/site-packages/airflow/example_dags/subdags/subdag.py
[2023-10-07T04:42:58.722+0530] {processor.py:829} INFO - Processing file /home/raj/Downloads/kafka_2.13-3.5.1/airflow-env/lib64/python3.11/site-packages/airflow/example_dags/subdags/subdag.py for tasks to queue
[2023-10-07T04:42:58.724+0530] {logging_mixin.py:151} INFO - [2023-10-07T04:42:58.723+0530] {dagbag.py:539} INFO - Filling up the DagBag from /home/raj/Downloads/kafka_2.13-3.5.1/airflow-env/lib64/python3.11/site-packages/airflow/example_dags/subdags/subdag.py
[2023-10-07T04:42:58.728+0530] {processor.py:841} WARNING - No viable dags retrieved from /home/raj/Downloads/kafka_2.13-3.5.1/airflow-env/lib64/python3.11/site-packages/airflow/example_dags/subdags/subdag.py
[2023-10-07T04:42:58.738+0530] {processor.py:179} INFO - Processing /home/raj/Downloads/kafka_2.13-3.5.1/airflow-env/lib64/python3.11/site-packages/airflow/example_dags/subdags/subdag.py took 0.022 seconds
[2023-10-07T04:43:17.480+0530] {processor.py:157} INFO - Started process (PID=10288) to work on /home/raj/Downloads/kafka_2.13-3.5.1/airflow-env/lib64/python3.11/site-packages/airflow/example_dags/subdags/subdag.py
[2023-10-07T04:43:17.481+0530] {processor.py:829} INFO - Processing file /home/raj/Downloads/kafka_2.13-3.5.1/airflow-env/lib64/python3.11/site-packages/airflow/example_dags/subdags/subdag.py for tasks to queue
[2023-10-07T04:43:17.483+0530] {logging_mixin.py:151} INFO - [2023-10-07T04:43:17.482+0530] {dagbag.py:539} INFO - Filling up the DagBag from /home/raj/Downloads/kafka_2.13-3.5.1/airflow-env/lib64/python3.11/site-packages/airflow/example_dags/subdags/subdag.py
[2023-10-07T04:43:17.487+0530] {processor.py:841} WARNING - No viable dags retrieved from /home/raj/Downloads/kafka_2.13-3.5.1/airflow-env/lib64/python3.11/site-packages/airflow/example_dags/subdags/subdag.py
[2023-10-07T04:43:17.511+0530] {processor.py:179} INFO - Processing /home/raj/Downloads/kafka_2.13-3.5.1/airflow-env/lib64/python3.11/site-packages/airflow/example_dags/subdags/subdag.py took 0.036 seconds
[2023-10-07T04:44:05.762+0530] {processor.py:157} INFO - Started process (PID=10438) to work on /home/raj/Downloads/kafka_2.13-3.5.1/airflow-env/lib64/python3.11/site-packages/airflow/example_dags/subdags/subdag.py
[2023-10-07T04:44:05.774+0530] {processor.py:829} INFO - Processing file /home/raj/Downloads/kafka_2.13-3.5.1/airflow-env/lib64/python3.11/site-packages/airflow/example_dags/subdags/subdag.py for tasks to queue
[2023-10-07T04:44:05.775+0530] {logging_mixin.py:151} INFO - [2023-10-07T04:44:05.774+0530] {dagbag.py:539} INFO - Filling up the DagBag from /home/raj/Downloads/kafka_2.13-3.5.1/airflow-env/lib64/python3.11/site-packages/airflow/example_dags/subdags/subdag.py
[2023-10-07T04:44:05.779+0530] {processor.py:841} WARNING - No viable dags retrieved from /home/raj/Downloads/kafka_2.13-3.5.1/airflow-env/lib64/python3.11/site-packages/airflow/example_dags/subdags/subdag.py
[2023-10-07T04:44:05.797+0530] {processor.py:179} INFO - Processing /home/raj/Downloads/kafka_2.13-3.5.1/airflow-env/lib64/python3.11/site-packages/airflow/example_dags/subdags/subdag.py took 0.040 seconds
[2023-10-07T04:44:44.348+0530] {processor.py:157} INFO - Started process (PID=10529) to work on /home/raj/Downloads/kafka_2.13-3.5.1/airflow-env/lib64/python3.11/site-packages/airflow/example_dags/subdags/subdag.py
[2023-10-07T04:44:44.350+0530] {processor.py:829} INFO - Processing file /home/raj/Downloads/kafka_2.13-3.5.1/airflow-env/lib64/python3.11/site-packages/airflow/example_dags/subdags/subdag.py for tasks to queue
[2023-10-07T04:44:44.351+0530] {logging_mixin.py:151} INFO - [2023-10-07T04:44:44.350+0530] {dagbag.py:539} INFO - Filling up the DagBag from /home/raj/Downloads/kafka_2.13-3.5.1/airflow-env/lib64/python3.11/site-packages/airflow/example_dags/subdags/subdag.py
[2023-10-07T04:44:44.355+0530] {processor.py:841} WARNING - No viable dags retrieved from /home/raj/Downloads/kafka_2.13-3.5.1/airflow-env/lib64/python3.11/site-packages/airflow/example_dags/subdags/subdag.py
[2023-10-07T04:44:44.373+0530] {processor.py:179} INFO - Processing /home/raj/Downloads/kafka_2.13-3.5.1/airflow-env/lib64/python3.11/site-packages/airflow/example_dags/subdags/subdag.py took 0.030 seconds
[2023-10-07T04:45:21.273+0530] {processor.py:157} INFO - Started process (PID=10659) to work on /home/raj/Downloads/kafka_2.13-3.5.1/airflow-env/lib64/python3.11/site-packages/airflow/example_dags/subdags/subdag.py
[2023-10-07T04:45:21.284+0530] {processor.py:829} INFO - Processing file /home/raj/Downloads/kafka_2.13-3.5.1/airflow-env/lib64/python3.11/site-packages/airflow/example_dags/subdags/subdag.py for tasks to queue
[2023-10-07T04:45:21.286+0530] {logging_mixin.py:151} INFO - [2023-10-07T04:45:21.285+0530] {dagbag.py:539} INFO - Filling up the DagBag from /home/raj/Downloads/kafka_2.13-3.5.1/airflow-env/lib64/python3.11/site-packages/airflow/example_dags/subdags/subdag.py
[2023-10-07T04:45:21.288+0530] {processor.py:841} WARNING - No viable dags retrieved from /home/raj/Downloads/kafka_2.13-3.5.1/airflow-env/lib64/python3.11/site-packages/airflow/example_dags/subdags/subdag.py
[2023-10-07T04:45:21.297+0530] {processor.py:179} INFO - Processing /home/raj/Downloads/kafka_2.13-3.5.1/airflow-env/lib64/python3.11/site-packages/airflow/example_dags/subdags/subdag.py took 0.029 seconds
[2023-10-07T04:45:59.528+0530] {processor.py:157} INFO - Started process (PID=10837) to work on /home/raj/Downloads/kafka_2.13-3.5.1/airflow-env/lib64/python3.11/site-packages/airflow/example_dags/subdags/subdag.py
[2023-10-07T04:45:59.529+0530] {processor.py:829} INFO - Processing file /home/raj/Downloads/kafka_2.13-3.5.1/airflow-env/lib64/python3.11/site-packages/airflow/example_dags/subdags/subdag.py for tasks to queue
[2023-10-07T04:45:59.530+0530] {logging_mixin.py:151} INFO - [2023-10-07T04:45:59.529+0530] {dagbag.py:539} INFO - Filling up the DagBag from /home/raj/Downloads/kafka_2.13-3.5.1/airflow-env/lib64/python3.11/site-packages/airflow/example_dags/subdags/subdag.py
[2023-10-07T04:45:59.532+0530] {processor.py:841} WARNING - No viable dags retrieved from /home/raj/Downloads/kafka_2.13-3.5.1/airflow-env/lib64/python3.11/site-packages/airflow/example_dags/subdags/subdag.py
[2023-10-07T04:45:59.542+0530] {processor.py:179} INFO - Processing /home/raj/Downloads/kafka_2.13-3.5.1/airflow-env/lib64/python3.11/site-packages/airflow/example_dags/subdags/subdag.py took 0.018 seconds
[2023-10-07T04:46:38.775+0530] {processor.py:157} INFO - Started process (PID=10884) to work on /home/raj/Downloads/kafka_2.13-3.5.1/airflow-env/lib64/python3.11/site-packages/airflow/example_dags/subdags/subdag.py
[2023-10-07T04:46:38.787+0530] {processor.py:829} INFO - Processing file /home/raj/Downloads/kafka_2.13-3.5.1/airflow-env/lib64/python3.11/site-packages/airflow/example_dags/subdags/subdag.py for tasks to queue
[2023-10-07T04:46:38.788+0530] {logging_mixin.py:151} INFO - [2023-10-07T04:46:38.787+0530] {dagbag.py:539} INFO - Filling up the DagBag from /home/raj/Downloads/kafka_2.13-3.5.1/airflow-env/lib64/python3.11/site-packages/airflow/example_dags/subdags/subdag.py
[2023-10-07T04:46:38.792+0530] {processor.py:841} WARNING - No viable dags retrieved from /home/raj/Downloads/kafka_2.13-3.5.1/airflow-env/lib64/python3.11/site-packages/airflow/example_dags/subdags/subdag.py
[2023-10-07T04:46:38.812+0530] {processor.py:179} INFO - Processing /home/raj/Downloads/kafka_2.13-3.5.1/airflow-env/lib64/python3.11/site-packages/airflow/example_dags/subdags/subdag.py took 0.042 seconds
[2023-10-07T04:47:15.089+0530] {processor.py:157} INFO - Started process (PID=10965) to work on /home/raj/Downloads/kafka_2.13-3.5.1/airflow-env/lib64/python3.11/site-packages/airflow/example_dags/subdags/subdag.py
[2023-10-07T04:47:15.100+0530] {processor.py:829} INFO - Processing file /home/raj/Downloads/kafka_2.13-3.5.1/airflow-env/lib64/python3.11/site-packages/airflow/example_dags/subdags/subdag.py for tasks to queue
[2023-10-07T04:47:15.101+0530] {logging_mixin.py:151} INFO - [2023-10-07T04:47:15.101+0530] {dagbag.py:539} INFO - Filling up the DagBag from /home/raj/Downloads/kafka_2.13-3.5.1/airflow-env/lib64/python3.11/site-packages/airflow/example_dags/subdags/subdag.py
[2023-10-07T04:47:15.103+0530] {processor.py:841} WARNING - No viable dags retrieved from /home/raj/Downloads/kafka_2.13-3.5.1/airflow-env/lib64/python3.11/site-packages/airflow/example_dags/subdags/subdag.py
[2023-10-07T04:47:15.112+0530] {processor.py:179} INFO - Processing /home/raj/Downloads/kafka_2.13-3.5.1/airflow-env/lib64/python3.11/site-packages/airflow/example_dags/subdags/subdag.py took 0.025 seconds
[2023-10-07T04:47:47.533+0530] {processor.py:157} INFO - Started process (PID=11031) to work on /home/raj/Downloads/kafka_2.13-3.5.1/airflow-env/lib64/python3.11/site-packages/airflow/example_dags/subdags/subdag.py
[2023-10-07T04:47:47.544+0530] {processor.py:829} INFO - Processing file /home/raj/Downloads/kafka_2.13-3.5.1/airflow-env/lib64/python3.11/site-packages/airflow/example_dags/subdags/subdag.py for tasks to queue
[2023-10-07T04:47:47.545+0530] {logging_mixin.py:151} INFO - [2023-10-07T04:47:47.544+0530] {dagbag.py:539} INFO - Filling up the DagBag from /home/raj/Downloads/kafka_2.13-3.5.1/airflow-env/lib64/python3.11/site-packages/airflow/example_dags/subdags/subdag.py
[2023-10-07T04:47:47.546+0530] {processor.py:841} WARNING - No viable dags retrieved from /home/raj/Downloads/kafka_2.13-3.5.1/airflow-env/lib64/python3.11/site-packages/airflow/example_dags/subdags/subdag.py
[2023-10-07T04:47:47.555+0530] {processor.py:179} INFO - Processing /home/raj/Downloads/kafka_2.13-3.5.1/airflow-env/lib64/python3.11/site-packages/airflow/example_dags/subdags/subdag.py took 0.024 seconds
[2023-10-07T04:48:20.411+0530] {processor.py:157} INFO - Started process (PID=11086) to work on /home/raj/Downloads/kafka_2.13-3.5.1/airflow-env/lib64/python3.11/site-packages/airflow/example_dags/subdags/subdag.py
[2023-10-07T04:48:20.422+0530] {processor.py:829} INFO - Processing file /home/raj/Downloads/kafka_2.13-3.5.1/airflow-env/lib64/python3.11/site-packages/airflow/example_dags/subdags/subdag.py for tasks to queue
[2023-10-07T04:48:20.423+0530] {logging_mixin.py:151} INFO - [2023-10-07T04:48:20.423+0530] {dagbag.py:539} INFO - Filling up the DagBag from /home/raj/Downloads/kafka_2.13-3.5.1/airflow-env/lib64/python3.11/site-packages/airflow/example_dags/subdags/subdag.py
[2023-10-07T04:48:20.427+0530] {processor.py:841} WARNING - No viable dags retrieved from /home/raj/Downloads/kafka_2.13-3.5.1/airflow-env/lib64/python3.11/site-packages/airflow/example_dags/subdags/subdag.py
[2023-10-07T04:48:20.447+0530] {processor.py:179} INFO - Processing /home/raj/Downloads/kafka_2.13-3.5.1/airflow-env/lib64/python3.11/site-packages/airflow/example_dags/subdags/subdag.py took 0.041 seconds
[2023-10-07T04:48:57.157+0530] {processor.py:157} INFO - Started process (PID=11173) to work on /home/raj/Downloads/kafka_2.13-3.5.1/airflow-env/lib64/python3.11/site-packages/airflow/example_dags/subdags/subdag.py
[2023-10-07T04:48:57.168+0530] {processor.py:829} INFO - Processing file /home/raj/Downloads/kafka_2.13-3.5.1/airflow-env/lib64/python3.11/site-packages/airflow/example_dags/subdags/subdag.py for tasks to queue
[2023-10-07T04:48:57.170+0530] {logging_mixin.py:151} INFO - [2023-10-07T04:48:57.169+0530] {dagbag.py:539} INFO - Filling up the DagBag from /home/raj/Downloads/kafka_2.13-3.5.1/airflow-env/lib64/python3.11/site-packages/airflow/example_dags/subdags/subdag.py
[2023-10-07T04:48:57.174+0530] {processor.py:841} WARNING - No viable dags retrieved from /home/raj/Downloads/kafka_2.13-3.5.1/airflow-env/lib64/python3.11/site-packages/airflow/example_dags/subdags/subdag.py
[2023-10-07T04:48:57.192+0530] {processor.py:179} INFO - Processing /home/raj/Downloads/kafka_2.13-3.5.1/airflow-env/lib64/python3.11/site-packages/airflow/example_dags/subdags/subdag.py took 0.041 seconds
[2023-10-07T04:49:33.452+0530] {processor.py:157} INFO - Started process (PID=11243) to work on /home/raj/Downloads/kafka_2.13-3.5.1/airflow-env/lib64/python3.11/site-packages/airflow/example_dags/subdags/subdag.py
[2023-10-07T04:49:33.463+0530] {processor.py:829} INFO - Processing file /home/raj/Downloads/kafka_2.13-3.5.1/airflow-env/lib64/python3.11/site-packages/airflow/example_dags/subdags/subdag.py for tasks to queue
[2023-10-07T04:49:33.465+0530] {logging_mixin.py:151} INFO - [2023-10-07T04:49:33.464+0530] {dagbag.py:539} INFO - Filling up the DagBag from /home/raj/Downloads/kafka_2.13-3.5.1/airflow-env/lib64/python3.11/site-packages/airflow/example_dags/subdags/subdag.py
[2023-10-07T04:49:33.469+0530] {processor.py:841} WARNING - No viable dags retrieved from /home/raj/Downloads/kafka_2.13-3.5.1/airflow-env/lib64/python3.11/site-packages/airflow/example_dags/subdags/subdag.py
[2023-10-07T04:49:33.490+0530] {processor.py:179} INFO - Processing /home/raj/Downloads/kafka_2.13-3.5.1/airflow-env/lib64/python3.11/site-packages/airflow/example_dags/subdags/subdag.py took 0.043 seconds
[2023-10-07T04:50:11.505+0530] {processor.py:157} INFO - Started process (PID=11303) to work on /home/raj/Downloads/kafka_2.13-3.5.1/airflow-env/lib64/python3.11/site-packages/airflow/example_dags/subdags/subdag.py
[2023-10-07T04:50:11.516+0530] {processor.py:829} INFO - Processing file /home/raj/Downloads/kafka_2.13-3.5.1/airflow-env/lib64/python3.11/site-packages/airflow/example_dags/subdags/subdag.py for tasks to queue
[2023-10-07T04:50:11.518+0530] {logging_mixin.py:151} INFO - [2023-10-07T04:50:11.517+0530] {dagbag.py:539} INFO - Filling up the DagBag from /home/raj/Downloads/kafka_2.13-3.5.1/airflow-env/lib64/python3.11/site-packages/airflow/example_dags/subdags/subdag.py
[2023-10-07T04:50:11.521+0530] {processor.py:841} WARNING - No viable dags retrieved from /home/raj/Downloads/kafka_2.13-3.5.1/airflow-env/lib64/python3.11/site-packages/airflow/example_dags/subdags/subdag.py
[2023-10-07T04:50:11.531+0530] {processor.py:179} INFO - Processing /home/raj/Downloads/kafka_2.13-3.5.1/airflow-env/lib64/python3.11/site-packages/airflow/example_dags/subdags/subdag.py took 0.031 seconds
[2023-10-07T04:50:46.657+0530] {processor.py:157} INFO - Started process (PID=11362) to work on /home/raj/Downloads/kafka_2.13-3.5.1/airflow-env/lib64/python3.11/site-packages/airflow/example_dags/subdags/subdag.py
[2023-10-07T04:50:46.668+0530] {processor.py:829} INFO - Processing file /home/raj/Downloads/kafka_2.13-3.5.1/airflow-env/lib64/python3.11/site-packages/airflow/example_dags/subdags/subdag.py for tasks to queue
[2023-10-07T04:50:46.670+0530] {logging_mixin.py:151} INFO - [2023-10-07T04:50:46.669+0530] {dagbag.py:539} INFO - Filling up the DagBag from /home/raj/Downloads/kafka_2.13-3.5.1/airflow-env/lib64/python3.11/site-packages/airflow/example_dags/subdags/subdag.py
[2023-10-07T04:50:46.674+0530] {processor.py:841} WARNING - No viable dags retrieved from /home/raj/Downloads/kafka_2.13-3.5.1/airflow-env/lib64/python3.11/site-packages/airflow/example_dags/subdags/subdag.py
[2023-10-07T04:50:46.695+0530] {processor.py:179} INFO - Processing /home/raj/Downloads/kafka_2.13-3.5.1/airflow-env/lib64/python3.11/site-packages/airflow/example_dags/subdags/subdag.py took 0.043 seconds
[2023-10-07T04:51:18.764+0530] {processor.py:157} INFO - Started process (PID=11434) to work on /home/raj/Downloads/kafka_2.13-3.5.1/airflow-env/lib64/python3.11/site-packages/airflow/example_dags/subdags/subdag.py
[2023-10-07T04:51:18.775+0530] {processor.py:829} INFO - Processing file /home/raj/Downloads/kafka_2.13-3.5.1/airflow-env/lib64/python3.11/site-packages/airflow/example_dags/subdags/subdag.py for tasks to queue
[2023-10-07T04:51:18.777+0530] {logging_mixin.py:151} INFO - [2023-10-07T04:51:18.776+0530] {dagbag.py:539} INFO - Filling up the DagBag from /home/raj/Downloads/kafka_2.13-3.5.1/airflow-env/lib64/python3.11/site-packages/airflow/example_dags/subdags/subdag.py
[2023-10-07T04:51:18.781+0530] {processor.py:841} WARNING - No viable dags retrieved from /home/raj/Downloads/kafka_2.13-3.5.1/airflow-env/lib64/python3.11/site-packages/airflow/example_dags/subdags/subdag.py
[2023-10-07T04:51:18.799+0530] {processor.py:179} INFO - Processing /home/raj/Downloads/kafka_2.13-3.5.1/airflow-env/lib64/python3.11/site-packages/airflow/example_dags/subdags/subdag.py took 0.040 seconds
[2023-10-07T04:51:53.460+0530] {processor.py:157} INFO - Started process (PID=11486) to work on /home/raj/Downloads/kafka_2.13-3.5.1/airflow-env/lib64/python3.11/site-packages/airflow/example_dags/subdags/subdag.py
[2023-10-07T04:51:53.470+0530] {processor.py:829} INFO - Processing file /home/raj/Downloads/kafka_2.13-3.5.1/airflow-env/lib64/python3.11/site-packages/airflow/example_dags/subdags/subdag.py for tasks to queue
[2023-10-07T04:51:53.471+0530] {logging_mixin.py:151} INFO - [2023-10-07T04:51:53.471+0530] {dagbag.py:539} INFO - Filling up the DagBag from /home/raj/Downloads/kafka_2.13-3.5.1/airflow-env/lib64/python3.11/site-packages/airflow/example_dags/subdags/subdag.py
[2023-10-07T04:51:53.473+0530] {processor.py:841} WARNING - No viable dags retrieved from /home/raj/Downloads/kafka_2.13-3.5.1/airflow-env/lib64/python3.11/site-packages/airflow/example_dags/subdags/subdag.py
[2023-10-07T04:51:53.490+0530] {processor.py:179} INFO - Processing /home/raj/Downloads/kafka_2.13-3.5.1/airflow-env/lib64/python3.11/site-packages/airflow/example_dags/subdags/subdag.py took 0.035 seconds
[2023-10-07T04:52:31.508+0530] {processor.py:157} INFO - Started process (PID=11737) to work on /home/raj/Downloads/kafka_2.13-3.5.1/airflow-env/lib64/python3.11/site-packages/airflow/example_dags/subdags/subdag.py
[2023-10-07T04:52:31.519+0530] {processor.py:829} INFO - Processing file /home/raj/Downloads/kafka_2.13-3.5.1/airflow-env/lib64/python3.11/site-packages/airflow/example_dags/subdags/subdag.py for tasks to queue
[2023-10-07T04:52:31.520+0530] {logging_mixin.py:151} INFO - [2023-10-07T04:52:31.520+0530] {dagbag.py:539} INFO - Filling up the DagBag from /home/raj/Downloads/kafka_2.13-3.5.1/airflow-env/lib64/python3.11/site-packages/airflow/example_dags/subdags/subdag.py
[2023-10-07T04:52:31.524+0530] {processor.py:841} WARNING - No viable dags retrieved from /home/raj/Downloads/kafka_2.13-3.5.1/airflow-env/lib64/python3.11/site-packages/airflow/example_dags/subdags/subdag.py
[2023-10-07T04:52:31.542+0530] {processor.py:179} INFO - Processing /home/raj/Downloads/kafka_2.13-3.5.1/airflow-env/lib64/python3.11/site-packages/airflow/example_dags/subdags/subdag.py took 0.039 seconds
[2023-10-07T04:53:06.655+0530] {processor.py:157} INFO - Started process (PID=11784) to work on /home/raj/Downloads/kafka_2.13-3.5.1/airflow-env/lib64/python3.11/site-packages/airflow/example_dags/subdags/subdag.py
[2023-10-07T04:53:06.666+0530] {processor.py:829} INFO - Processing file /home/raj/Downloads/kafka_2.13-3.5.1/airflow-env/lib64/python3.11/site-packages/airflow/example_dags/subdags/subdag.py for tasks to queue
[2023-10-07T04:53:06.667+0530] {logging_mixin.py:151} INFO - [2023-10-07T04:53:06.667+0530] {dagbag.py:539} INFO - Filling up the DagBag from /home/raj/Downloads/kafka_2.13-3.5.1/airflow-env/lib64/python3.11/site-packages/airflow/example_dags/subdags/subdag.py
[2023-10-07T04:53:06.672+0530] {processor.py:841} WARNING - No viable dags retrieved from /home/raj/Downloads/kafka_2.13-3.5.1/airflow-env/lib64/python3.11/site-packages/airflow/example_dags/subdags/subdag.py
[2023-10-07T04:53:06.694+0530] {processor.py:179} INFO - Processing /home/raj/Downloads/kafka_2.13-3.5.1/airflow-env/lib64/python3.11/site-packages/airflow/example_dags/subdags/subdag.py took 0.045 seconds
[2023-10-07T04:53:50.257+0530] {processor.py:157} INFO - Started process (PID=11952) to work on /home/raj/Downloads/kafka_2.13-3.5.1/airflow-env/lib64/python3.11/site-packages/airflow/example_dags/subdags/subdag.py
[2023-10-07T04:53:50.258+0530] {processor.py:829} INFO - Processing file /home/raj/Downloads/kafka_2.13-3.5.1/airflow-env/lib64/python3.11/site-packages/airflow/example_dags/subdags/subdag.py for tasks to queue
[2023-10-07T04:53:50.260+0530] {logging_mixin.py:151} INFO - [2023-10-07T04:53:50.259+0530] {dagbag.py:539} INFO - Filling up the DagBag from /home/raj/Downloads/kafka_2.13-3.5.1/airflow-env/lib64/python3.11/site-packages/airflow/example_dags/subdags/subdag.py
[2023-10-07T04:53:50.264+0530] {processor.py:841} WARNING - No viable dags retrieved from /home/raj/Downloads/kafka_2.13-3.5.1/airflow-env/lib64/python3.11/site-packages/airflow/example_dags/subdags/subdag.py
[2023-10-07T04:53:50.285+0530] {processor.py:179} INFO - Processing /home/raj/Downloads/kafka_2.13-3.5.1/airflow-env/lib64/python3.11/site-packages/airflow/example_dags/subdags/subdag.py took 0.034 seconds
[2023-10-07T04:54:23.229+0530] {processor.py:157} INFO - Started process (PID=11988) to work on /home/raj/Downloads/kafka_2.13-3.5.1/airflow-env/lib64/python3.11/site-packages/airflow/example_dags/subdags/subdag.py
[2023-10-07T04:54:23.239+0530] {processor.py:829} INFO - Processing file /home/raj/Downloads/kafka_2.13-3.5.1/airflow-env/lib64/python3.11/site-packages/airflow/example_dags/subdags/subdag.py for tasks to queue
[2023-10-07T04:54:23.240+0530] {logging_mixin.py:151} INFO - [2023-10-07T04:54:23.240+0530] {dagbag.py:539} INFO - Filling up the DagBag from /home/raj/Downloads/kafka_2.13-3.5.1/airflow-env/lib64/python3.11/site-packages/airflow/example_dags/subdags/subdag.py
[2023-10-07T04:54:23.242+0530] {processor.py:841} WARNING - No viable dags retrieved from /home/raj/Downloads/kafka_2.13-3.5.1/airflow-env/lib64/python3.11/site-packages/airflow/example_dags/subdags/subdag.py
[2023-10-07T04:54:23.259+0530] {processor.py:179} INFO - Processing /home/raj/Downloads/kafka_2.13-3.5.1/airflow-env/lib64/python3.11/site-packages/airflow/example_dags/subdags/subdag.py took 0.033 seconds
[2023-10-07T04:54:59.053+0530] {processor.py:157} INFO - Started process (PID=12093) to work on /home/raj/Downloads/kafka_2.13-3.5.1/airflow-env/lib64/python3.11/site-packages/airflow/example_dags/subdags/subdag.py
[2023-10-07T04:54:59.064+0530] {processor.py:829} INFO - Processing file /home/raj/Downloads/kafka_2.13-3.5.1/airflow-env/lib64/python3.11/site-packages/airflow/example_dags/subdags/subdag.py for tasks to queue
[2023-10-07T04:54:59.066+0530] {logging_mixin.py:151} INFO - [2023-10-07T04:54:59.065+0530] {dagbag.py:539} INFO - Filling up the DagBag from /home/raj/Downloads/kafka_2.13-3.5.1/airflow-env/lib64/python3.11/site-packages/airflow/example_dags/subdags/subdag.py
[2023-10-07T04:54:59.070+0530] {processor.py:841} WARNING - No viable dags retrieved from /home/raj/Downloads/kafka_2.13-3.5.1/airflow-env/lib64/python3.11/site-packages/airflow/example_dags/subdags/subdag.py
[2023-10-07T04:54:59.082+0530] {processor.py:179} INFO - Processing /home/raj/Downloads/kafka_2.13-3.5.1/airflow-env/lib64/python3.11/site-packages/airflow/example_dags/subdags/subdag.py took 0.034 seconds
[2023-10-07T04:55:25.282+0530] {processor.py:157} INFO - Started process (PID=12133) to work on /home/raj/Downloads/kafka_2.13-3.5.1/airflow-env/lib64/python3.11/site-packages/airflow/example_dags/subdags/subdag.py
[2023-10-07T04:55:25.284+0530] {processor.py:829} INFO - Processing file /home/raj/Downloads/kafka_2.13-3.5.1/airflow-env/lib64/python3.11/site-packages/airflow/example_dags/subdags/subdag.py for tasks to queue
[2023-10-07T04:55:25.285+0530] {logging_mixin.py:151} INFO - [2023-10-07T04:55:25.285+0530] {dagbag.py:539} INFO - Filling up the DagBag from /home/raj/Downloads/kafka_2.13-3.5.1/airflow-env/lib64/python3.11/site-packages/airflow/example_dags/subdags/subdag.py
[2023-10-07T04:55:25.289+0530] {processor.py:841} WARNING - No viable dags retrieved from /home/raj/Downloads/kafka_2.13-3.5.1/airflow-env/lib64/python3.11/site-packages/airflow/example_dags/subdags/subdag.py
[2023-10-07T04:55:25.311+0530] {processor.py:179} INFO - Processing /home/raj/Downloads/kafka_2.13-3.5.1/airflow-env/lib64/python3.11/site-packages/airflow/example_dags/subdags/subdag.py took 0.034 seconds
[2023-10-07T04:56:13.414+0530] {processor.py:157} INFO - Started process (PID=12249) to work on /home/raj/Downloads/kafka_2.13-3.5.1/airflow-env/lib64/python3.11/site-packages/airflow/example_dags/subdags/subdag.py
[2023-10-07T04:56:13.426+0530] {processor.py:829} INFO - Processing file /home/raj/Downloads/kafka_2.13-3.5.1/airflow-env/lib64/python3.11/site-packages/airflow/example_dags/subdags/subdag.py for tasks to queue
[2023-10-07T04:56:13.427+0530] {logging_mixin.py:151} INFO - [2023-10-07T04:56:13.426+0530] {dagbag.py:539} INFO - Filling up the DagBag from /home/raj/Downloads/kafka_2.13-3.5.1/airflow-env/lib64/python3.11/site-packages/airflow/example_dags/subdags/subdag.py
[2023-10-07T04:56:13.431+0530] {processor.py:841} WARNING - No viable dags retrieved from /home/raj/Downloads/kafka_2.13-3.5.1/airflow-env/lib64/python3.11/site-packages/airflow/example_dags/subdags/subdag.py
[2023-10-07T04:56:13.452+0530] {processor.py:179} INFO - Processing /home/raj/Downloads/kafka_2.13-3.5.1/airflow-env/lib64/python3.11/site-packages/airflow/example_dags/subdags/subdag.py took 0.043 seconds
[2023-10-07T04:56:46.616+0530] {processor.py:157} INFO - Started process (PID=12294) to work on /home/raj/Downloads/kafka_2.13-3.5.1/airflow-env/lib64/python3.11/site-packages/airflow/example_dags/subdags/subdag.py
[2023-10-07T04:56:46.627+0530] {processor.py:829} INFO - Processing file /home/raj/Downloads/kafka_2.13-3.5.1/airflow-env/lib64/python3.11/site-packages/airflow/example_dags/subdags/subdag.py for tasks to queue
[2023-10-07T04:56:46.628+0530] {logging_mixin.py:151} INFO - [2023-10-07T04:56:46.627+0530] {dagbag.py:539} INFO - Filling up the DagBag from /home/raj/Downloads/kafka_2.13-3.5.1/airflow-env/lib64/python3.11/site-packages/airflow/example_dags/subdags/subdag.py
[2023-10-07T04:56:46.630+0530] {processor.py:841} WARNING - No viable dags retrieved from /home/raj/Downloads/kafka_2.13-3.5.1/airflow-env/lib64/python3.11/site-packages/airflow/example_dags/subdags/subdag.py
[2023-10-07T04:56:46.642+0530] {processor.py:179} INFO - Processing /home/raj/Downloads/kafka_2.13-3.5.1/airflow-env/lib64/python3.11/site-packages/airflow/example_dags/subdags/subdag.py took 0.029 seconds
[2023-10-07T04:57:21.109+0530] {processor.py:157} INFO - Started process (PID=12425) to work on /home/raj/Downloads/kafka_2.13-3.5.1/airflow-env/lib64/python3.11/site-packages/airflow/example_dags/subdags/subdag.py
[2023-10-07T04:57:21.120+0530] {processor.py:829} INFO - Processing file /home/raj/Downloads/kafka_2.13-3.5.1/airflow-env/lib64/python3.11/site-packages/airflow/example_dags/subdags/subdag.py for tasks to queue
[2023-10-07T04:57:21.122+0530] {logging_mixin.py:151} INFO - [2023-10-07T04:57:21.121+0530] {dagbag.py:539} INFO - Filling up the DagBag from /home/raj/Downloads/kafka_2.13-3.5.1/airflow-env/lib64/python3.11/site-packages/airflow/example_dags/subdags/subdag.py
[2023-10-07T04:57:21.126+0530] {processor.py:841} WARNING - No viable dags retrieved from /home/raj/Downloads/kafka_2.13-3.5.1/airflow-env/lib64/python3.11/site-packages/airflow/example_dags/subdags/subdag.py
[2023-10-07T04:57:21.145+0530] {processor.py:179} INFO - Processing /home/raj/Downloads/kafka_2.13-3.5.1/airflow-env/lib64/python3.11/site-packages/airflow/example_dags/subdags/subdag.py took 0.042 seconds
[2023-10-07T04:57:52.541+0530] {processor.py:157} INFO - Started process (PID=12477) to work on /home/raj/Downloads/kafka_2.13-3.5.1/airflow-env/lib64/python3.11/site-packages/airflow/example_dags/subdags/subdag.py
[2023-10-07T04:57:52.552+0530] {processor.py:829} INFO - Processing file /home/raj/Downloads/kafka_2.13-3.5.1/airflow-env/lib64/python3.11/site-packages/airflow/example_dags/subdags/subdag.py for tasks to queue
[2023-10-07T04:57:52.554+0530] {logging_mixin.py:151} INFO - [2023-10-07T04:57:52.553+0530] {dagbag.py:539} INFO - Filling up the DagBag from /home/raj/Downloads/kafka_2.13-3.5.1/airflow-env/lib64/python3.11/site-packages/airflow/example_dags/subdags/subdag.py
[2023-10-07T04:57:52.558+0530] {processor.py:841} WARNING - No viable dags retrieved from /home/raj/Downloads/kafka_2.13-3.5.1/airflow-env/lib64/python3.11/site-packages/airflow/example_dags/subdags/subdag.py
[2023-10-07T04:57:52.580+0530] {processor.py:179} INFO - Processing /home/raj/Downloads/kafka_2.13-3.5.1/airflow-env/lib64/python3.11/site-packages/airflow/example_dags/subdags/subdag.py took 0.045 seconds
[2023-10-07T04:58:27.698+0530] {processor.py:157} INFO - Started process (PID=12533) to work on /home/raj/Downloads/kafka_2.13-3.5.1/airflow-env/lib64/python3.11/site-packages/airflow/example_dags/subdags/subdag.py
[2023-10-07T04:58:27.709+0530] {processor.py:829} INFO - Processing file /home/raj/Downloads/kafka_2.13-3.5.1/airflow-env/lib64/python3.11/site-packages/airflow/example_dags/subdags/subdag.py for tasks to queue
[2023-10-07T04:58:27.711+0530] {logging_mixin.py:151} INFO - [2023-10-07T04:58:27.710+0530] {dagbag.py:539} INFO - Filling up the DagBag from /home/raj/Downloads/kafka_2.13-3.5.1/airflow-env/lib64/python3.11/site-packages/airflow/example_dags/subdags/subdag.py
[2023-10-07T04:58:27.715+0530] {processor.py:841} WARNING - No viable dags retrieved from /home/raj/Downloads/kafka_2.13-3.5.1/airflow-env/lib64/python3.11/site-packages/airflow/example_dags/subdags/subdag.py
[2023-10-07T04:58:27.737+0530] {processor.py:179} INFO - Processing /home/raj/Downloads/kafka_2.13-3.5.1/airflow-env/lib64/python3.11/site-packages/airflow/example_dags/subdags/subdag.py took 0.045 seconds
[2023-10-07T04:59:01.554+0530] {processor.py:157} INFO - Started process (PID=12642) to work on /home/raj/Downloads/kafka_2.13-3.5.1/airflow-env/lib64/python3.11/site-packages/airflow/example_dags/subdags/subdag.py
[2023-10-07T04:59:01.556+0530] {processor.py:829} INFO - Processing file /home/raj/Downloads/kafka_2.13-3.5.1/airflow-env/lib64/python3.11/site-packages/airflow/example_dags/subdags/subdag.py for tasks to queue
[2023-10-07T04:59:01.557+0530] {logging_mixin.py:151} INFO - [2023-10-07T04:59:01.556+0530] {dagbag.py:539} INFO - Filling up the DagBag from /home/raj/Downloads/kafka_2.13-3.5.1/airflow-env/lib64/python3.11/site-packages/airflow/example_dags/subdags/subdag.py
[2023-10-07T04:59:01.561+0530] {processor.py:841} WARNING - No viable dags retrieved from /home/raj/Downloads/kafka_2.13-3.5.1/airflow-env/lib64/python3.11/site-packages/airflow/example_dags/subdags/subdag.py
[2023-10-07T04:59:01.580+0530] {processor.py:179} INFO - Processing /home/raj/Downloads/kafka_2.13-3.5.1/airflow-env/lib64/python3.11/site-packages/airflow/example_dags/subdags/subdag.py took 0.031 seconds
