[2023-10-07T03:59:29.177+0530] {processor.py:157} INFO - Started process (PID=17933) to work on /home/raj/Downloads/kafka_2.13-3.5.1/airflow-env/lib64/python3.11/site-packages/airflow/example_dags/plugins/event_listener.py
[2023-10-07T03:59:29.178+0530] {processor.py:829} INFO - Processing file /home/raj/Downloads/kafka_2.13-3.5.1/airflow-env/lib64/python3.11/site-packages/airflow/example_dags/plugins/event_listener.py for tasks to queue
[2023-10-07T03:59:29.178+0530] {logging_mixin.py:151} INFO - [2023-10-07T03:59:29.178+0530] {dagbag.py:539} INFO - Filling up the DagBag from /home/raj/Downloads/kafka_2.13-3.5.1/airflow-env/lib64/python3.11/site-packages/airflow/example_dags/plugins/event_listener.py
[2023-10-07T03:59:29.180+0530] {processor.py:841} WARNING - No viable dags retrieved from /home/raj/Downloads/kafka_2.13-3.5.1/airflow-env/lib64/python3.11/site-packages/airflow/example_dags/plugins/event_listener.py
[2023-10-07T03:59:29.193+0530] {processor.py:179} INFO - Processing /home/raj/Downloads/kafka_2.13-3.5.1/airflow-env/lib64/python3.11/site-packages/airflow/example_dags/plugins/event_listener.py took 0.021 seconds
[2023-10-07T04:00:21.975+0530] {processor.py:157} INFO - Started process (PID=18130) to work on /home/raj/Downloads/kafka_2.13-3.5.1/airflow-env/lib64/python3.11/site-packages/airflow/example_dags/plugins/event_listener.py
[2023-10-07T04:00:21.976+0530] {processor.py:829} INFO - Processing file /home/raj/Downloads/kafka_2.13-3.5.1/airflow-env/lib64/python3.11/site-packages/airflow/example_dags/plugins/event_listener.py for tasks to queue
[2023-10-07T04:00:21.978+0530] {logging_mixin.py:151} INFO - [2023-10-07T04:00:21.977+0530] {dagbag.py:539} INFO - Filling up the DagBag from /home/raj/Downloads/kafka_2.13-3.5.1/airflow-env/lib64/python3.11/site-packages/airflow/example_dags/plugins/event_listener.py
[2023-10-07T04:00:21.982+0530] {processor.py:841} WARNING - No viable dags retrieved from /home/raj/Downloads/kafka_2.13-3.5.1/airflow-env/lib64/python3.11/site-packages/airflow/example_dags/plugins/event_listener.py
[2023-10-07T04:00:22.002+0530] {processor.py:179} INFO - Processing /home/raj/Downloads/kafka_2.13-3.5.1/airflow-env/lib64/python3.11/site-packages/airflow/example_dags/plugins/event_listener.py took 0.032 seconds
[2023-10-07T04:00:59.668+0530] {processor.py:157} INFO - Started process (PID=18204) to work on /home/raj/Downloads/kafka_2.13-3.5.1/airflow-env/lib64/python3.11/site-packages/airflow/example_dags/plugins/event_listener.py
[2023-10-07T04:00:59.669+0530] {processor.py:829} INFO - Processing file /home/raj/Downloads/kafka_2.13-3.5.1/airflow-env/lib64/python3.11/site-packages/airflow/example_dags/plugins/event_listener.py for tasks to queue
[2023-10-07T04:00:59.671+0530] {logging_mixin.py:151} INFO - [2023-10-07T04:00:59.670+0530] {dagbag.py:539} INFO - Filling up the DagBag from /home/raj/Downloads/kafka_2.13-3.5.1/airflow-env/lib64/python3.11/site-packages/airflow/example_dags/plugins/event_listener.py
[2023-10-07T04:00:59.675+0530] {processor.py:841} WARNING - No viable dags retrieved from /home/raj/Downloads/kafka_2.13-3.5.1/airflow-env/lib64/python3.11/site-packages/airflow/example_dags/plugins/event_listener.py
[2023-10-07T04:00:59.693+0530] {processor.py:179} INFO - Processing /home/raj/Downloads/kafka_2.13-3.5.1/airflow-env/lib64/python3.11/site-packages/airflow/example_dags/plugins/event_listener.py took 0.031 seconds
[2023-10-07T04:01:32.699+0530] {processor.py:157} INFO - Started process (PID=18296) to work on /home/raj/Downloads/kafka_2.13-3.5.1/airflow-env/lib64/python3.11/site-packages/airflow/example_dags/plugins/event_listener.py
[2023-10-07T04:01:32.700+0530] {processor.py:829} INFO - Processing file /home/raj/Downloads/kafka_2.13-3.5.1/airflow-env/lib64/python3.11/site-packages/airflow/example_dags/plugins/event_listener.py for tasks to queue
[2023-10-07T04:01:32.702+0530] {logging_mixin.py:151} INFO - [2023-10-07T04:01:32.701+0530] {dagbag.py:539} INFO - Filling up the DagBag from /home/raj/Downloads/kafka_2.13-3.5.1/airflow-env/lib64/python3.11/site-packages/airflow/example_dags/plugins/event_listener.py
[2023-10-07T04:01:32.706+0530] {processor.py:841} WARNING - No viable dags retrieved from /home/raj/Downloads/kafka_2.13-3.5.1/airflow-env/lib64/python3.11/site-packages/airflow/example_dags/plugins/event_listener.py
[2023-10-07T04:01:32.724+0530] {processor.py:179} INFO - Processing /home/raj/Downloads/kafka_2.13-3.5.1/airflow-env/lib64/python3.11/site-packages/airflow/example_dags/plugins/event_listener.py took 0.030 seconds
[2023-10-07T04:02:07.837+0530] {processor.py:157} INFO - Started process (PID=18380) to work on /home/raj/Downloads/kafka_2.13-3.5.1/airflow-env/lib64/python3.11/site-packages/airflow/example_dags/plugins/event_listener.py
[2023-10-07T04:02:07.848+0530] {processor.py:829} INFO - Processing file /home/raj/Downloads/kafka_2.13-3.5.1/airflow-env/lib64/python3.11/site-packages/airflow/example_dags/plugins/event_listener.py for tasks to queue
[2023-10-07T04:02:07.850+0530] {logging_mixin.py:151} INFO - [2023-10-07T04:02:07.849+0530] {dagbag.py:539} INFO - Filling up the DagBag from /home/raj/Downloads/kafka_2.13-3.5.1/airflow-env/lib64/python3.11/site-packages/airflow/example_dags/plugins/event_listener.py
[2023-10-07T04:02:07.855+0530] {processor.py:841} WARNING - No viable dags retrieved from /home/raj/Downloads/kafka_2.13-3.5.1/airflow-env/lib64/python3.11/site-packages/airflow/example_dags/plugins/event_listener.py
[2023-10-07T04:02:07.865+0530] {processor.py:179} INFO - Processing /home/raj/Downloads/kafka_2.13-3.5.1/airflow-env/lib64/python3.11/site-packages/airflow/example_dags/plugins/event_listener.py took 0.030 seconds
[2023-10-07T04:02:43.932+0530] {processor.py:157} INFO - Started process (PID=18463) to work on /home/raj/Downloads/kafka_2.13-3.5.1/airflow-env/lib64/python3.11/site-packages/airflow/example_dags/plugins/event_listener.py
[2023-10-07T04:02:43.933+0530] {processor.py:829} INFO - Processing file /home/raj/Downloads/kafka_2.13-3.5.1/airflow-env/lib64/python3.11/site-packages/airflow/example_dags/plugins/event_listener.py for tasks to queue
[2023-10-07T04:02:43.934+0530] {logging_mixin.py:151} INFO - [2023-10-07T04:02:43.934+0530] {dagbag.py:539} INFO - Filling up the DagBag from /home/raj/Downloads/kafka_2.13-3.5.1/airflow-env/lib64/python3.11/site-packages/airflow/example_dags/plugins/event_listener.py
[2023-10-07T04:02:43.937+0530] {processor.py:841} WARNING - No viable dags retrieved from /home/raj/Downloads/kafka_2.13-3.5.1/airflow-env/lib64/python3.11/site-packages/airflow/example_dags/plugins/event_listener.py
[2023-10-07T04:02:43.950+0530] {processor.py:179} INFO - Processing /home/raj/Downloads/kafka_2.13-3.5.1/airflow-env/lib64/python3.11/site-packages/airflow/example_dags/plugins/event_listener.py took 0.022 seconds
[2023-10-07T04:03:18.469+0530] {processor.py:157} INFO - Started process (PID=18640) to work on /home/raj/Downloads/kafka_2.13-3.5.1/airflow-env/lib64/python3.11/site-packages/airflow/example_dags/plugins/event_listener.py
[2023-10-07T04:03:18.475+0530] {processor.py:829} INFO - Processing file /home/raj/Downloads/kafka_2.13-3.5.1/airflow-env/lib64/python3.11/site-packages/airflow/example_dags/plugins/event_listener.py for tasks to queue
[2023-10-07T04:03:18.476+0530] {logging_mixin.py:151} INFO - [2023-10-07T04:03:18.476+0530] {dagbag.py:539} INFO - Filling up the DagBag from /home/raj/Downloads/kafka_2.13-3.5.1/airflow-env/lib64/python3.11/site-packages/airflow/example_dags/plugins/event_listener.py
[2023-10-07T04:03:18.479+0530] {processor.py:841} WARNING - No viable dags retrieved from /home/raj/Downloads/kafka_2.13-3.5.1/airflow-env/lib64/python3.11/site-packages/airflow/example_dags/plugins/event_listener.py
[2023-10-07T04:03:18.490+0530] {processor.py:179} INFO - Processing /home/raj/Downloads/kafka_2.13-3.5.1/airflow-env/lib64/python3.11/site-packages/airflow/example_dags/plugins/event_listener.py took 0.024 seconds
[2023-10-07T04:04:02.899+0530] {processor.py:157} INFO - Started process (PID=18700) to work on /home/raj/Downloads/kafka_2.13-3.5.1/airflow-env/lib64/python3.11/site-packages/airflow/example_dags/plugins/event_listener.py
[2023-10-07T04:04:02.901+0530] {processor.py:829} INFO - Processing file /home/raj/Downloads/kafka_2.13-3.5.1/airflow-env/lib64/python3.11/site-packages/airflow/example_dags/plugins/event_listener.py for tasks to queue
[2023-10-07T04:04:02.902+0530] {logging_mixin.py:151} INFO - [2023-10-07T04:04:02.902+0530] {dagbag.py:539} INFO - Filling up the DagBag from /home/raj/Downloads/kafka_2.13-3.5.1/airflow-env/lib64/python3.11/site-packages/airflow/example_dags/plugins/event_listener.py
[2023-10-07T04:04:02.906+0530] {processor.py:841} WARNING - No viable dags retrieved from /home/raj/Downloads/kafka_2.13-3.5.1/airflow-env/lib64/python3.11/site-packages/airflow/example_dags/plugins/event_listener.py
[2023-10-07T04:04:02.925+0530] {processor.py:179} INFO - Processing /home/raj/Downloads/kafka_2.13-3.5.1/airflow-env/lib64/python3.11/site-packages/airflow/example_dags/plugins/event_listener.py took 0.031 seconds
[2023-10-07T04:04:35.534+0530] {processor.py:157} INFO - Started process (PID=18757) to work on /home/raj/Downloads/kafka_2.13-3.5.1/airflow-env/lib64/python3.11/site-packages/airflow/example_dags/plugins/event_listener.py
[2023-10-07T04:04:35.545+0530] {processor.py:829} INFO - Processing file /home/raj/Downloads/kafka_2.13-3.5.1/airflow-env/lib64/python3.11/site-packages/airflow/example_dags/plugins/event_listener.py for tasks to queue
[2023-10-07T04:04:35.546+0530] {logging_mixin.py:151} INFO - [2023-10-07T04:04:35.546+0530] {dagbag.py:539} INFO - Filling up the DagBag from /home/raj/Downloads/kafka_2.13-3.5.1/airflow-env/lib64/python3.11/site-packages/airflow/example_dags/plugins/event_listener.py
[2023-10-07T04:04:35.551+0530] {processor.py:841} WARNING - No viable dags retrieved from /home/raj/Downloads/kafka_2.13-3.5.1/airflow-env/lib64/python3.11/site-packages/airflow/example_dags/plugins/event_listener.py
[2023-10-07T04:04:35.570+0530] {processor.py:179} INFO - Processing /home/raj/Downloads/kafka_2.13-3.5.1/airflow-env/lib64/python3.11/site-packages/airflow/example_dags/plugins/event_listener.py took 0.040 seconds
[2023-10-07T04:05:10.487+0530] {processor.py:157} INFO - Started process (PID=18922) to work on /home/raj/Downloads/kafka_2.13-3.5.1/airflow-env/lib64/python3.11/site-packages/airflow/example_dags/plugins/event_listener.py
[2023-10-07T04:05:10.489+0530] {processor.py:829} INFO - Processing file /home/raj/Downloads/kafka_2.13-3.5.1/airflow-env/lib64/python3.11/site-packages/airflow/example_dags/plugins/event_listener.py for tasks to queue
[2023-10-07T04:05:10.490+0530] {logging_mixin.py:151} INFO - [2023-10-07T04:05:10.490+0530] {dagbag.py:539} INFO - Filling up the DagBag from /home/raj/Downloads/kafka_2.13-3.5.1/airflow-env/lib64/python3.11/site-packages/airflow/example_dags/plugins/event_listener.py
[2023-10-07T04:05:10.494+0530] {processor.py:841} WARNING - No viable dags retrieved from /home/raj/Downloads/kafka_2.13-3.5.1/airflow-env/lib64/python3.11/site-packages/airflow/example_dags/plugins/event_listener.py
[2023-10-07T04:05:10.511+0530] {processor.py:179} INFO - Processing /home/raj/Downloads/kafka_2.13-3.5.1/airflow-env/lib64/python3.11/site-packages/airflow/example_dags/plugins/event_listener.py took 0.029 seconds
[2023-10-07T04:05:45.177+0530] {processor.py:157} INFO - Started process (PID=18993) to work on /home/raj/Downloads/kafka_2.13-3.5.1/airflow-env/lib64/python3.11/site-packages/airflow/example_dags/plugins/event_listener.py
[2023-10-07T04:05:45.188+0530] {processor.py:829} INFO - Processing file /home/raj/Downloads/kafka_2.13-3.5.1/airflow-env/lib64/python3.11/site-packages/airflow/example_dags/plugins/event_listener.py for tasks to queue
[2023-10-07T04:05:45.190+0530] {logging_mixin.py:151} INFO - [2023-10-07T04:05:45.189+0530] {dagbag.py:539} INFO - Filling up the DagBag from /home/raj/Downloads/kafka_2.13-3.5.1/airflow-env/lib64/python3.11/site-packages/airflow/example_dags/plugins/event_listener.py
[2023-10-07T04:05:45.193+0530] {processor.py:841} WARNING - No viable dags retrieved from /home/raj/Downloads/kafka_2.13-3.5.1/airflow-env/lib64/python3.11/site-packages/airflow/example_dags/plugins/event_listener.py
[2023-10-07T04:05:45.201+0530] {processor.py:179} INFO - Processing /home/raj/Downloads/kafka_2.13-3.5.1/airflow-env/lib64/python3.11/site-packages/airflow/example_dags/plugins/event_listener.py took 0.030 seconds
[2023-10-07T04:06:19.661+0530] {processor.py:157} INFO - Started process (PID=19086) to work on /home/raj/Downloads/kafka_2.13-3.5.1/airflow-env/lib64/python3.11/site-packages/airflow/example_dags/plugins/event_listener.py
[2023-10-07T04:06:19.672+0530] {processor.py:829} INFO - Processing file /home/raj/Downloads/kafka_2.13-3.5.1/airflow-env/lib64/python3.11/site-packages/airflow/example_dags/plugins/event_listener.py for tasks to queue
[2023-10-07T04:06:19.674+0530] {logging_mixin.py:151} INFO - [2023-10-07T04:06:19.673+0530] {dagbag.py:539} INFO - Filling up the DagBag from /home/raj/Downloads/kafka_2.13-3.5.1/airflow-env/lib64/python3.11/site-packages/airflow/example_dags/plugins/event_listener.py
[2023-10-07T04:06:19.679+0530] {processor.py:841} WARNING - No viable dags retrieved from /home/raj/Downloads/kafka_2.13-3.5.1/airflow-env/lib64/python3.11/site-packages/airflow/example_dags/plugins/event_listener.py
[2023-10-07T04:06:19.697+0530] {processor.py:179} INFO - Processing /home/raj/Downloads/kafka_2.13-3.5.1/airflow-env/lib64/python3.11/site-packages/airflow/example_dags/plugins/event_listener.py took 0.042 seconds
[2023-10-07T04:06:57.618+0530] {processor.py:157} INFO - Started process (PID=19166) to work on /home/raj/Downloads/kafka_2.13-3.5.1/airflow-env/lib64/python3.11/site-packages/airflow/example_dags/plugins/event_listener.py
[2023-10-07T04:06:57.629+0530] {processor.py:829} INFO - Processing file /home/raj/Downloads/kafka_2.13-3.5.1/airflow-env/lib64/python3.11/site-packages/airflow/example_dags/plugins/event_listener.py for tasks to queue
[2023-10-07T04:06:57.631+0530] {logging_mixin.py:151} INFO - [2023-10-07T04:06:57.630+0530] {dagbag.py:539} INFO - Filling up the DagBag from /home/raj/Downloads/kafka_2.13-3.5.1/airflow-env/lib64/python3.11/site-packages/airflow/example_dags/plugins/event_listener.py
[2023-10-07T04:06:57.636+0530] {processor.py:841} WARNING - No viable dags retrieved from /home/raj/Downloads/kafka_2.13-3.5.1/airflow-env/lib64/python3.11/site-packages/airflow/example_dags/plugins/event_listener.py
[2023-10-07T04:06:57.655+0530] {processor.py:179} INFO - Processing /home/raj/Downloads/kafka_2.13-3.5.1/airflow-env/lib64/python3.11/site-packages/airflow/example_dags/plugins/event_listener.py took 0.041 seconds
[2023-10-07T04:07:35.686+0530] {processor.py:157} INFO - Started process (PID=19209) to work on /home/raj/Downloads/kafka_2.13-3.5.1/airflow-env/lib64/python3.11/site-packages/airflow/example_dags/plugins/event_listener.py
[2023-10-07T04:07:35.688+0530] {processor.py:829} INFO - Processing file /home/raj/Downloads/kafka_2.13-3.5.1/airflow-env/lib64/python3.11/site-packages/airflow/example_dags/plugins/event_listener.py for tasks to queue
[2023-10-07T04:07:35.689+0530] {logging_mixin.py:151} INFO - [2023-10-07T04:07:35.689+0530] {dagbag.py:539} INFO - Filling up the DagBag from /home/raj/Downloads/kafka_2.13-3.5.1/airflow-env/lib64/python3.11/site-packages/airflow/example_dags/plugins/event_listener.py
[2023-10-07T04:07:35.694+0530] {processor.py:841} WARNING - No viable dags retrieved from /home/raj/Downloads/kafka_2.13-3.5.1/airflow-env/lib64/python3.11/site-packages/airflow/example_dags/plugins/event_listener.py
[2023-10-07T04:07:35.714+0530] {processor.py:179} INFO - Processing /home/raj/Downloads/kafka_2.13-3.5.1/airflow-env/lib64/python3.11/site-packages/airflow/example_dags/plugins/event_listener.py took 0.032 seconds
[2023-10-07T04:08:12.335+0530] {processor.py:157} INFO - Started process (PID=19246) to work on /home/raj/Downloads/kafka_2.13-3.5.1/airflow-env/lib64/python3.11/site-packages/airflow/example_dags/plugins/event_listener.py
[2023-10-07T04:08:12.337+0530] {processor.py:829} INFO - Processing file /home/raj/Downloads/kafka_2.13-3.5.1/airflow-env/lib64/python3.11/site-packages/airflow/example_dags/plugins/event_listener.py for tasks to queue
[2023-10-07T04:08:12.338+0530] {logging_mixin.py:151} INFO - [2023-10-07T04:08:12.338+0530] {dagbag.py:539} INFO - Filling up the DagBag from /home/raj/Downloads/kafka_2.13-3.5.1/airflow-env/lib64/python3.11/site-packages/airflow/example_dags/plugins/event_listener.py
[2023-10-07T04:08:12.342+0530] {processor.py:841} WARNING - No viable dags retrieved from /home/raj/Downloads/kafka_2.13-3.5.1/airflow-env/lib64/python3.11/site-packages/airflow/example_dags/plugins/event_listener.py
[2023-10-07T04:08:12.361+0530] {processor.py:179} INFO - Processing /home/raj/Downloads/kafka_2.13-3.5.1/airflow-env/lib64/python3.11/site-packages/airflow/example_dags/plugins/event_listener.py took 0.031 seconds
[2023-10-07T04:08:47.733+0530] {processor.py:157} INFO - Started process (PID=19282) to work on /home/raj/Downloads/kafka_2.13-3.5.1/airflow-env/lib64/python3.11/site-packages/airflow/example_dags/plugins/event_listener.py
[2023-10-07T04:08:47.744+0530] {processor.py:829} INFO - Processing file /home/raj/Downloads/kafka_2.13-3.5.1/airflow-env/lib64/python3.11/site-packages/airflow/example_dags/plugins/event_listener.py for tasks to queue
[2023-10-07T04:08:47.745+0530] {logging_mixin.py:151} INFO - [2023-10-07T04:08:47.745+0530] {dagbag.py:539} INFO - Filling up the DagBag from /home/raj/Downloads/kafka_2.13-3.5.1/airflow-env/lib64/python3.11/site-packages/airflow/example_dags/plugins/event_listener.py
[2023-10-07T04:08:47.750+0530] {processor.py:841} WARNING - No viable dags retrieved from /home/raj/Downloads/kafka_2.13-3.5.1/airflow-env/lib64/python3.11/site-packages/airflow/example_dags/plugins/event_listener.py
[2023-10-07T04:08:47.768+0530] {processor.py:179} INFO - Processing /home/raj/Downloads/kafka_2.13-3.5.1/airflow-env/lib64/python3.11/site-packages/airflow/example_dags/plugins/event_listener.py took 0.041 seconds
[2023-10-07T04:09:24.232+0530] {processor.py:157} INFO - Started process (PID=19322) to work on /home/raj/Downloads/kafka_2.13-3.5.1/airflow-env/lib64/python3.11/site-packages/airflow/example_dags/plugins/event_listener.py
[2023-10-07T04:09:24.243+0530] {processor.py:829} INFO - Processing file /home/raj/Downloads/kafka_2.13-3.5.1/airflow-env/lib64/python3.11/site-packages/airflow/example_dags/plugins/event_listener.py for tasks to queue
[2023-10-07T04:09:24.244+0530] {logging_mixin.py:151} INFO - [2023-10-07T04:09:24.244+0530] {dagbag.py:539} INFO - Filling up the DagBag from /home/raj/Downloads/kafka_2.13-3.5.1/airflow-env/lib64/python3.11/site-packages/airflow/example_dags/plugins/event_listener.py
[2023-10-07T04:09:24.246+0530] {processor.py:841} WARNING - No viable dags retrieved from /home/raj/Downloads/kafka_2.13-3.5.1/airflow-env/lib64/python3.11/site-packages/airflow/example_dags/plugins/event_listener.py
[2023-10-07T04:09:24.254+0530] {processor.py:179} INFO - Processing /home/raj/Downloads/kafka_2.13-3.5.1/airflow-env/lib64/python3.11/site-packages/airflow/example_dags/plugins/event_listener.py took 0.028 seconds
[2023-10-07T04:09:56.791+0530] {processor.py:157} INFO - Started process (PID=19355) to work on /home/raj/Downloads/kafka_2.13-3.5.1/airflow-env/lib64/python3.11/site-packages/airflow/example_dags/plugins/event_listener.py
[2023-10-07T04:09:56.801+0530] {processor.py:829} INFO - Processing file /home/raj/Downloads/kafka_2.13-3.5.1/airflow-env/lib64/python3.11/site-packages/airflow/example_dags/plugins/event_listener.py for tasks to queue
[2023-10-07T04:09:56.803+0530] {logging_mixin.py:151} INFO - [2023-10-07T04:09:56.802+0530] {dagbag.py:539} INFO - Filling up the DagBag from /home/raj/Downloads/kafka_2.13-3.5.1/airflow-env/lib64/python3.11/site-packages/airflow/example_dags/plugins/event_listener.py
[2023-10-07T04:09:56.806+0530] {processor.py:841} WARNING - No viable dags retrieved from /home/raj/Downloads/kafka_2.13-3.5.1/airflow-env/lib64/python3.11/site-packages/airflow/example_dags/plugins/event_listener.py
[2023-10-07T04:09:56.815+0530] {processor.py:179} INFO - Processing /home/raj/Downloads/kafka_2.13-3.5.1/airflow-env/lib64/python3.11/site-packages/airflow/example_dags/plugins/event_listener.py took 0.027 seconds
[2023-10-07T04:10:29.645+0530] {processor.py:157} INFO - Started process (PID=19400) to work on /home/raj/Downloads/kafka_2.13-3.5.1/airflow-env/lib64/python3.11/site-packages/airflow/example_dags/plugins/event_listener.py
[2023-10-07T04:10:29.656+0530] {processor.py:829} INFO - Processing file /home/raj/Downloads/kafka_2.13-3.5.1/airflow-env/lib64/python3.11/site-packages/airflow/example_dags/plugins/event_listener.py for tasks to queue
[2023-10-07T04:10:29.657+0530] {logging_mixin.py:151} INFO - [2023-10-07T04:10:29.657+0530] {dagbag.py:539} INFO - Filling up the DagBag from /home/raj/Downloads/kafka_2.13-3.5.1/airflow-env/lib64/python3.11/site-packages/airflow/example_dags/plugins/event_listener.py
[2023-10-07T04:10:29.661+0530] {processor.py:841} WARNING - No viable dags retrieved from /home/raj/Downloads/kafka_2.13-3.5.1/airflow-env/lib64/python3.11/site-packages/airflow/example_dags/plugins/event_listener.py
[2023-10-07T04:10:29.680+0530] {processor.py:179} INFO - Processing /home/raj/Downloads/kafka_2.13-3.5.1/airflow-env/lib64/python3.11/site-packages/airflow/example_dags/plugins/event_listener.py took 0.040 seconds
[2023-10-07T04:11:02.990+0530] {processor.py:157} INFO - Started process (PID=19443) to work on /home/raj/Downloads/kafka_2.13-3.5.1/airflow-env/lib64/python3.11/site-packages/airflow/example_dags/plugins/event_listener.py
[2023-10-07T04:11:03.001+0530] {processor.py:829} INFO - Processing file /home/raj/Downloads/kafka_2.13-3.5.1/airflow-env/lib64/python3.11/site-packages/airflow/example_dags/plugins/event_listener.py for tasks to queue
[2023-10-07T04:11:03.002+0530] {logging_mixin.py:151} INFO - [2023-10-07T04:11:03.002+0530] {dagbag.py:539} INFO - Filling up the DagBag from /home/raj/Downloads/kafka_2.13-3.5.1/airflow-env/lib64/python3.11/site-packages/airflow/example_dags/plugins/event_listener.py
[2023-10-07T04:11:03.004+0530] {processor.py:841} WARNING - No viable dags retrieved from /home/raj/Downloads/kafka_2.13-3.5.1/airflow-env/lib64/python3.11/site-packages/airflow/example_dags/plugins/event_listener.py
[2023-10-07T04:11:03.014+0530] {processor.py:179} INFO - Processing /home/raj/Downloads/kafka_2.13-3.5.1/airflow-env/lib64/python3.11/site-packages/airflow/example_dags/plugins/event_listener.py took 0.026 seconds
[2023-10-07T04:11:38.737+0530] {processor.py:157} INFO - Started process (PID=19481) to work on /home/raj/Downloads/kafka_2.13-3.5.1/airflow-env/lib64/python3.11/site-packages/airflow/example_dags/plugins/event_listener.py
[2023-10-07T04:11:38.748+0530] {processor.py:829} INFO - Processing file /home/raj/Downloads/kafka_2.13-3.5.1/airflow-env/lib64/python3.11/site-packages/airflow/example_dags/plugins/event_listener.py for tasks to queue
[2023-10-07T04:11:38.749+0530] {logging_mixin.py:151} INFO - [2023-10-07T04:11:38.748+0530] {dagbag.py:539} INFO - Filling up the DagBag from /home/raj/Downloads/kafka_2.13-3.5.1/airflow-env/lib64/python3.11/site-packages/airflow/example_dags/plugins/event_listener.py
[2023-10-07T04:11:38.751+0530] {processor.py:841} WARNING - No viable dags retrieved from /home/raj/Downloads/kafka_2.13-3.5.1/airflow-env/lib64/python3.11/site-packages/airflow/example_dags/plugins/event_listener.py
[2023-10-07T04:11:38.761+0530] {processor.py:179} INFO - Processing /home/raj/Downloads/kafka_2.13-3.5.1/airflow-env/lib64/python3.11/site-packages/airflow/example_dags/plugins/event_listener.py took 0.026 seconds
[2023-10-07T04:12:13.761+0530] {processor.py:157} INFO - Started process (PID=19539) to work on /home/raj/Downloads/kafka_2.13-3.5.1/airflow-env/lib64/python3.11/site-packages/airflow/example_dags/plugins/event_listener.py
[2023-10-07T04:12:13.772+0530] {processor.py:829} INFO - Processing file /home/raj/Downloads/kafka_2.13-3.5.1/airflow-env/lib64/python3.11/site-packages/airflow/example_dags/plugins/event_listener.py for tasks to queue
[2023-10-07T04:12:13.773+0530] {logging_mixin.py:151} INFO - [2023-10-07T04:12:13.772+0530] {dagbag.py:539} INFO - Filling up the DagBag from /home/raj/Downloads/kafka_2.13-3.5.1/airflow-env/lib64/python3.11/site-packages/airflow/example_dags/plugins/event_listener.py
[2023-10-07T04:12:13.775+0530] {processor.py:841} WARNING - No viable dags retrieved from /home/raj/Downloads/kafka_2.13-3.5.1/airflow-env/lib64/python3.11/site-packages/airflow/example_dags/plugins/event_listener.py
[2023-10-07T04:12:13.783+0530] {processor.py:179} INFO - Processing /home/raj/Downloads/kafka_2.13-3.5.1/airflow-env/lib64/python3.11/site-packages/airflow/example_dags/plugins/event_listener.py took 0.025 seconds
[2023-10-07T04:12:52.752+0530] {processor.py:157} INFO - Started process (PID=19576) to work on /home/raj/Downloads/kafka_2.13-3.5.1/airflow-env/lib64/python3.11/site-packages/airflow/example_dags/plugins/event_listener.py
[2023-10-07T04:12:52.764+0530] {processor.py:829} INFO - Processing file /home/raj/Downloads/kafka_2.13-3.5.1/airflow-env/lib64/python3.11/site-packages/airflow/example_dags/plugins/event_listener.py for tasks to queue
[2023-10-07T04:12:52.765+0530] {logging_mixin.py:151} INFO - [2023-10-07T04:12:52.765+0530] {dagbag.py:539} INFO - Filling up the DagBag from /home/raj/Downloads/kafka_2.13-3.5.1/airflow-env/lib64/python3.11/site-packages/airflow/example_dags/plugins/event_listener.py
[2023-10-07T04:12:52.769+0530] {processor.py:841} WARNING - No viable dags retrieved from /home/raj/Downloads/kafka_2.13-3.5.1/airflow-env/lib64/python3.11/site-packages/airflow/example_dags/plugins/event_listener.py
[2023-10-07T04:12:52.788+0530] {processor.py:179} INFO - Processing /home/raj/Downloads/kafka_2.13-3.5.1/airflow-env/lib64/python3.11/site-packages/airflow/example_dags/plugins/event_listener.py took 0.041 seconds
[2023-10-07T04:13:27.906+0530] {processor.py:157} INFO - Started process (PID=19612) to work on /home/raj/Downloads/kafka_2.13-3.5.1/airflow-env/lib64/python3.11/site-packages/airflow/example_dags/plugins/event_listener.py
[2023-10-07T04:13:27.917+0530] {processor.py:829} INFO - Processing file /home/raj/Downloads/kafka_2.13-3.5.1/airflow-env/lib64/python3.11/site-packages/airflow/example_dags/plugins/event_listener.py for tasks to queue
[2023-10-07T04:13:27.919+0530] {logging_mixin.py:151} INFO - [2023-10-07T04:13:27.918+0530] {dagbag.py:539} INFO - Filling up the DagBag from /home/raj/Downloads/kafka_2.13-3.5.1/airflow-env/lib64/python3.11/site-packages/airflow/example_dags/plugins/event_listener.py
[2023-10-07T04:13:27.923+0530] {processor.py:841} WARNING - No viable dags retrieved from /home/raj/Downloads/kafka_2.13-3.5.1/airflow-env/lib64/python3.11/site-packages/airflow/example_dags/plugins/event_listener.py
[2023-10-07T04:13:27.941+0530] {processor.py:179} INFO - Processing /home/raj/Downloads/kafka_2.13-3.5.1/airflow-env/lib64/python3.11/site-packages/airflow/example_dags/plugins/event_listener.py took 0.041 seconds
[2023-10-07T04:14:01.444+0530] {processor.py:157} INFO - Started process (PID=19647) to work on /home/raj/Downloads/kafka_2.13-3.5.1/airflow-env/lib64/python3.11/site-packages/airflow/example_dags/plugins/event_listener.py
[2023-10-07T04:14:01.455+0530] {processor.py:829} INFO - Processing file /home/raj/Downloads/kafka_2.13-3.5.1/airflow-env/lib64/python3.11/site-packages/airflow/example_dags/plugins/event_listener.py for tasks to queue
[2023-10-07T04:14:01.457+0530] {logging_mixin.py:151} INFO - [2023-10-07T04:14:01.456+0530] {dagbag.py:539} INFO - Filling up the DagBag from /home/raj/Downloads/kafka_2.13-3.5.1/airflow-env/lib64/python3.11/site-packages/airflow/example_dags/plugins/event_listener.py
[2023-10-07T04:14:01.461+0530] {processor.py:841} WARNING - No viable dags retrieved from /home/raj/Downloads/kafka_2.13-3.5.1/airflow-env/lib64/python3.11/site-packages/airflow/example_dags/plugins/event_listener.py
[2023-10-07T04:14:01.483+0530] {processor.py:179} INFO - Processing /home/raj/Downloads/kafka_2.13-3.5.1/airflow-env/lib64/python3.11/site-packages/airflow/example_dags/plugins/event_listener.py took 0.045 seconds
[2023-10-07T04:14:34.923+0530] {processor.py:157} INFO - Started process (PID=19682) to work on /home/raj/Downloads/kafka_2.13-3.5.1/airflow-env/lib64/python3.11/site-packages/airflow/example_dags/plugins/event_listener.py
[2023-10-07T04:14:34.934+0530] {processor.py:829} INFO - Processing file /home/raj/Downloads/kafka_2.13-3.5.1/airflow-env/lib64/python3.11/site-packages/airflow/example_dags/plugins/event_listener.py for tasks to queue
[2023-10-07T04:14:34.936+0530] {logging_mixin.py:151} INFO - [2023-10-07T04:14:34.935+0530] {dagbag.py:539} INFO - Filling up the DagBag from /home/raj/Downloads/kafka_2.13-3.5.1/airflow-env/lib64/python3.11/site-packages/airflow/example_dags/plugins/event_listener.py
[2023-10-07T04:14:34.938+0530] {processor.py:841} WARNING - No viable dags retrieved from /home/raj/Downloads/kafka_2.13-3.5.1/airflow-env/lib64/python3.11/site-packages/airflow/example_dags/plugins/event_listener.py
[2023-10-07T04:14:34.947+0530] {processor.py:179} INFO - Processing /home/raj/Downloads/kafka_2.13-3.5.1/airflow-env/lib64/python3.11/site-packages/airflow/example_dags/plugins/event_listener.py took 0.030 seconds
[2023-10-07T04:15:08.999+0530] {processor.py:157} INFO - Started process (PID=19734) to work on /home/raj/Downloads/kafka_2.13-3.5.1/airflow-env/lib64/python3.11/site-packages/airflow/example_dags/plugins/event_listener.py
[2023-10-07T04:15:09.010+0530] {processor.py:829} INFO - Processing file /home/raj/Downloads/kafka_2.13-3.5.1/airflow-env/lib64/python3.11/site-packages/airflow/example_dags/plugins/event_listener.py for tasks to queue
[2023-10-07T04:15:09.012+0530] {logging_mixin.py:151} INFO - [2023-10-07T04:15:09.011+0530] {dagbag.py:539} INFO - Filling up the DagBag from /home/raj/Downloads/kafka_2.13-3.5.1/airflow-env/lib64/python3.11/site-packages/airflow/example_dags/plugins/event_listener.py
[2023-10-07T04:15:09.015+0530] {processor.py:841} WARNING - No viable dags retrieved from /home/raj/Downloads/kafka_2.13-3.5.1/airflow-env/lib64/python3.11/site-packages/airflow/example_dags/plugins/event_listener.py
[2023-10-07T04:15:09.024+0530] {processor.py:179} INFO - Processing /home/raj/Downloads/kafka_2.13-3.5.1/airflow-env/lib64/python3.11/site-packages/airflow/example_dags/plugins/event_listener.py took 0.030 seconds
[2023-10-07T04:15:43.020+0530] {processor.py:157} INFO - Started process (PID=19806) to work on /home/raj/Downloads/kafka_2.13-3.5.1/airflow-env/lib64/python3.11/site-packages/airflow/example_dags/plugins/event_listener.py
[2023-10-07T04:15:43.031+0530] {processor.py:829} INFO - Processing file /home/raj/Downloads/kafka_2.13-3.5.1/airflow-env/lib64/python3.11/site-packages/airflow/example_dags/plugins/event_listener.py for tasks to queue
[2023-10-07T04:15:43.033+0530] {logging_mixin.py:151} INFO - [2023-10-07T04:15:43.032+0530] {dagbag.py:539} INFO - Filling up the DagBag from /home/raj/Downloads/kafka_2.13-3.5.1/airflow-env/lib64/python3.11/site-packages/airflow/example_dags/plugins/event_listener.py
[2023-10-07T04:15:43.037+0530] {processor.py:841} WARNING - No viable dags retrieved from /home/raj/Downloads/kafka_2.13-3.5.1/airflow-env/lib64/python3.11/site-packages/airflow/example_dags/plugins/event_listener.py
[2023-10-07T04:15:43.050+0530] {processor.py:179} INFO - Processing /home/raj/Downloads/kafka_2.13-3.5.1/airflow-env/lib64/python3.11/site-packages/airflow/example_dags/plugins/event_listener.py took 0.035 seconds
[2023-10-07T04:16:15.503+0530] {processor.py:157} INFO - Started process (PID=19845) to work on /home/raj/Downloads/kafka_2.13-3.5.1/airflow-env/lib64/python3.11/site-packages/airflow/example_dags/plugins/event_listener.py
[2023-10-07T04:16:15.513+0530] {processor.py:829} INFO - Processing file /home/raj/Downloads/kafka_2.13-3.5.1/airflow-env/lib64/python3.11/site-packages/airflow/example_dags/plugins/event_listener.py for tasks to queue
[2023-10-07T04:16:15.515+0530] {logging_mixin.py:151} INFO - [2023-10-07T04:16:15.514+0530] {dagbag.py:539} INFO - Filling up the DagBag from /home/raj/Downloads/kafka_2.13-3.5.1/airflow-env/lib64/python3.11/site-packages/airflow/example_dags/plugins/event_listener.py
[2023-10-07T04:16:15.517+0530] {processor.py:841} WARNING - No viable dags retrieved from /home/raj/Downloads/kafka_2.13-3.5.1/airflow-env/lib64/python3.11/site-packages/airflow/example_dags/plugins/event_listener.py
[2023-10-07T04:16:15.526+0530] {processor.py:179} INFO - Processing /home/raj/Downloads/kafka_2.13-3.5.1/airflow-env/lib64/python3.11/site-packages/airflow/example_dags/plugins/event_listener.py took 0.026 seconds
[2023-10-07T04:16:53.252+0530] {processor.py:157} INFO - Started process (PID=19881) to work on /home/raj/Downloads/kafka_2.13-3.5.1/airflow-env/lib64/python3.11/site-packages/airflow/example_dags/plugins/event_listener.py
[2023-10-07T04:16:53.264+0530] {processor.py:829} INFO - Processing file /home/raj/Downloads/kafka_2.13-3.5.1/airflow-env/lib64/python3.11/site-packages/airflow/example_dags/plugins/event_listener.py for tasks to queue
[2023-10-07T04:16:53.266+0530] {logging_mixin.py:151} INFO - [2023-10-07T04:16:53.265+0530] {dagbag.py:539} INFO - Filling up the DagBag from /home/raj/Downloads/kafka_2.13-3.5.1/airflow-env/lib64/python3.11/site-packages/airflow/example_dags/plugins/event_listener.py
[2023-10-07T04:16:53.268+0530] {processor.py:841} WARNING - No viable dags retrieved from /home/raj/Downloads/kafka_2.13-3.5.1/airflow-env/lib64/python3.11/site-packages/airflow/example_dags/plugins/event_listener.py
[2023-10-07T04:16:53.277+0530] {processor.py:179} INFO - Processing /home/raj/Downloads/kafka_2.13-3.5.1/airflow-env/lib64/python3.11/site-packages/airflow/example_dags/plugins/event_listener.py took 0.029 seconds
[2023-10-07T04:17:27.189+0530] {processor.py:157} INFO - Started process (PID=19920) to work on /home/raj/Downloads/kafka_2.13-3.5.1/airflow-env/lib64/python3.11/site-packages/airflow/example_dags/plugins/event_listener.py
[2023-10-07T04:17:27.190+0530] {processor.py:829} INFO - Processing file /home/raj/Downloads/kafka_2.13-3.5.1/airflow-env/lib64/python3.11/site-packages/airflow/example_dags/plugins/event_listener.py for tasks to queue
[2023-10-07T04:17:27.192+0530] {logging_mixin.py:151} INFO - [2023-10-07T04:17:27.191+0530] {dagbag.py:539} INFO - Filling up the DagBag from /home/raj/Downloads/kafka_2.13-3.5.1/airflow-env/lib64/python3.11/site-packages/airflow/example_dags/plugins/event_listener.py
[2023-10-07T04:17:27.196+0530] {processor.py:841} WARNING - No viable dags retrieved from /home/raj/Downloads/kafka_2.13-3.5.1/airflow-env/lib64/python3.11/site-packages/airflow/example_dags/plugins/event_listener.py
[2023-10-07T04:17:27.214+0530] {processor.py:179} INFO - Processing /home/raj/Downloads/kafka_2.13-3.5.1/airflow-env/lib64/python3.11/site-packages/airflow/example_dags/plugins/event_listener.py took 0.030 seconds
[2023-10-07T04:18:00.706+0530] {processor.py:157} INFO - Started process (PID=19954) to work on /home/raj/Downloads/kafka_2.13-3.5.1/airflow-env/lib64/python3.11/site-packages/airflow/example_dags/plugins/event_listener.py
[2023-10-07T04:18:00.717+0530] {processor.py:829} INFO - Processing file /home/raj/Downloads/kafka_2.13-3.5.1/airflow-env/lib64/python3.11/site-packages/airflow/example_dags/plugins/event_listener.py for tasks to queue
[2023-10-07T04:18:00.718+0530] {logging_mixin.py:151} INFO - [2023-10-07T04:18:00.718+0530] {dagbag.py:539} INFO - Filling up the DagBag from /home/raj/Downloads/kafka_2.13-3.5.1/airflow-env/lib64/python3.11/site-packages/airflow/example_dags/plugins/event_listener.py
[2023-10-07T04:18:00.720+0530] {processor.py:841} WARNING - No viable dags retrieved from /home/raj/Downloads/kafka_2.13-3.5.1/airflow-env/lib64/python3.11/site-packages/airflow/example_dags/plugins/event_listener.py
[2023-10-07T04:18:00.728+0530] {processor.py:179} INFO - Processing /home/raj/Downloads/kafka_2.13-3.5.1/airflow-env/lib64/python3.11/site-packages/airflow/example_dags/plugins/event_listener.py took 0.027 seconds
[2023-10-07T04:18:34.709+0530] {processor.py:157} INFO - Started process (PID=19990) to work on /home/raj/Downloads/kafka_2.13-3.5.1/airflow-env/lib64/python3.11/site-packages/airflow/example_dags/plugins/event_listener.py
[2023-10-07T04:18:34.720+0530] {processor.py:829} INFO - Processing file /home/raj/Downloads/kafka_2.13-3.5.1/airflow-env/lib64/python3.11/site-packages/airflow/example_dags/plugins/event_listener.py for tasks to queue
[2023-10-07T04:18:34.722+0530] {logging_mixin.py:151} INFO - [2023-10-07T04:18:34.721+0530] {dagbag.py:539} INFO - Filling up the DagBag from /home/raj/Downloads/kafka_2.13-3.5.1/airflow-env/lib64/python3.11/site-packages/airflow/example_dags/plugins/event_listener.py
[2023-10-07T04:18:34.726+0530] {processor.py:841} WARNING - No viable dags retrieved from /home/raj/Downloads/kafka_2.13-3.5.1/airflow-env/lib64/python3.11/site-packages/airflow/example_dags/plugins/event_listener.py
[2023-10-07T04:18:34.746+0530] {processor.py:179} INFO - Processing /home/raj/Downloads/kafka_2.13-3.5.1/airflow-env/lib64/python3.11/site-packages/airflow/example_dags/plugins/event_listener.py took 0.042 seconds
[2023-10-07T04:19:09.889+0530] {processor.py:157} INFO - Started process (PID=20027) to work on /home/raj/Downloads/kafka_2.13-3.5.1/airflow-env/lib64/python3.11/site-packages/airflow/example_dags/plugins/event_listener.py
[2023-10-07T04:19:09.891+0530] {processor.py:829} INFO - Processing file /home/raj/Downloads/kafka_2.13-3.5.1/airflow-env/lib64/python3.11/site-packages/airflow/example_dags/plugins/event_listener.py for tasks to queue
[2023-10-07T04:19:09.893+0530] {logging_mixin.py:151} INFO - [2023-10-07T04:19:09.892+0530] {dagbag.py:539} INFO - Filling up the DagBag from /home/raj/Downloads/kafka_2.13-3.5.1/airflow-env/lib64/python3.11/site-packages/airflow/example_dags/plugins/event_listener.py
[2023-10-07T04:19:09.898+0530] {processor.py:841} WARNING - No viable dags retrieved from /home/raj/Downloads/kafka_2.13-3.5.1/airflow-env/lib64/python3.11/site-packages/airflow/example_dags/plugins/event_listener.py
[2023-10-07T04:19:09.917+0530] {processor.py:179} INFO - Processing /home/raj/Downloads/kafka_2.13-3.5.1/airflow-env/lib64/python3.11/site-packages/airflow/example_dags/plugins/event_listener.py took 0.034 seconds
[2023-10-07T04:19:47.642+0530] {processor.py:157} INFO - Started process (PID=20063) to work on /home/raj/Downloads/kafka_2.13-3.5.1/airflow-env/lib64/python3.11/site-packages/airflow/example_dags/plugins/event_listener.py
[2023-10-07T04:19:47.653+0530] {processor.py:829} INFO - Processing file /home/raj/Downloads/kafka_2.13-3.5.1/airflow-env/lib64/python3.11/site-packages/airflow/example_dags/plugins/event_listener.py for tasks to queue
[2023-10-07T04:19:47.655+0530] {logging_mixin.py:151} INFO - [2023-10-07T04:19:47.654+0530] {dagbag.py:539} INFO - Filling up the DagBag from /home/raj/Downloads/kafka_2.13-3.5.1/airflow-env/lib64/python3.11/site-packages/airflow/example_dags/plugins/event_listener.py
[2023-10-07T04:19:47.659+0530] {processor.py:841} WARNING - No viable dags retrieved from /home/raj/Downloads/kafka_2.13-3.5.1/airflow-env/lib64/python3.11/site-packages/airflow/example_dags/plugins/event_listener.py
[2023-10-07T04:19:47.679+0530] {processor.py:179} INFO - Processing /home/raj/Downloads/kafka_2.13-3.5.1/airflow-env/lib64/python3.11/site-packages/airflow/example_dags/plugins/event_listener.py took 0.042 seconds
[2023-10-07T04:20:25.149+0530] {processor.py:157} INFO - Started process (PID=20394) to work on /home/raj/Downloads/kafka_2.13-3.5.1/airflow-env/lib64/python3.11/site-packages/airflow/example_dags/plugins/event_listener.py
[2023-10-07T04:20:25.160+0530] {processor.py:829} INFO - Processing file /home/raj/Downloads/kafka_2.13-3.5.1/airflow-env/lib64/python3.11/site-packages/airflow/example_dags/plugins/event_listener.py for tasks to queue
[2023-10-07T04:20:25.162+0530] {logging_mixin.py:151} INFO - [2023-10-07T04:20:25.161+0530] {dagbag.py:539} INFO - Filling up the DagBag from /home/raj/Downloads/kafka_2.13-3.5.1/airflow-env/lib64/python3.11/site-packages/airflow/example_dags/plugins/event_listener.py
[2023-10-07T04:20:25.166+0530] {processor.py:841} WARNING - No viable dags retrieved from /home/raj/Downloads/kafka_2.13-3.5.1/airflow-env/lib64/python3.11/site-packages/airflow/example_dags/plugins/event_listener.py
[2023-10-07T04:20:25.184+0530] {processor.py:179} INFO - Processing /home/raj/Downloads/kafka_2.13-3.5.1/airflow-env/lib64/python3.11/site-packages/airflow/example_dags/plugins/event_listener.py took 0.041 seconds
[2023-10-07T04:21:01.780+0530] {processor.py:157} INFO - Started process (PID=20551) to work on /home/raj/Downloads/kafka_2.13-3.5.1/airflow-env/lib64/python3.11/site-packages/airflow/example_dags/plugins/event_listener.py
[2023-10-07T04:21:01.781+0530] {processor.py:829} INFO - Processing file /home/raj/Downloads/kafka_2.13-3.5.1/airflow-env/lib64/python3.11/site-packages/airflow/example_dags/plugins/event_listener.py for tasks to queue
[2023-10-07T04:21:01.782+0530] {logging_mixin.py:151} INFO - [2023-10-07T04:21:01.781+0530] {dagbag.py:539} INFO - Filling up the DagBag from /home/raj/Downloads/kafka_2.13-3.5.1/airflow-env/lib64/python3.11/site-packages/airflow/example_dags/plugins/event_listener.py
[2023-10-07T04:21:01.785+0530] {processor.py:841} WARNING - No viable dags retrieved from /home/raj/Downloads/kafka_2.13-3.5.1/airflow-env/lib64/python3.11/site-packages/airflow/example_dags/plugins/event_listener.py
[2023-10-07T04:21:01.797+0530] {processor.py:179} INFO - Processing /home/raj/Downloads/kafka_2.13-3.5.1/airflow-env/lib64/python3.11/site-packages/airflow/example_dags/plugins/event_listener.py took 0.020 seconds
[2023-10-07T04:21:35.543+0530] {processor.py:157} INFO - Started process (PID=20622) to work on /home/raj/Downloads/kafka_2.13-3.5.1/airflow-env/lib64/python3.11/site-packages/airflow/example_dags/plugins/event_listener.py
[2023-10-07T04:21:35.548+0530] {processor.py:829} INFO - Processing file /home/raj/Downloads/kafka_2.13-3.5.1/airflow-env/lib64/python3.11/site-packages/airflow/example_dags/plugins/event_listener.py for tasks to queue
[2023-10-07T04:21:35.549+0530] {logging_mixin.py:151} INFO - [2023-10-07T04:21:35.548+0530] {dagbag.py:539} INFO - Filling up the DagBag from /home/raj/Downloads/kafka_2.13-3.5.1/airflow-env/lib64/python3.11/site-packages/airflow/example_dags/plugins/event_listener.py
[2023-10-07T04:21:35.553+0530] {processor.py:841} WARNING - No viable dags retrieved from /home/raj/Downloads/kafka_2.13-3.5.1/airflow-env/lib64/python3.11/site-packages/airflow/example_dags/plugins/event_listener.py
[2023-10-07T04:21:35.571+0530] {processor.py:179} INFO - Processing /home/raj/Downloads/kafka_2.13-3.5.1/airflow-env/lib64/python3.11/site-packages/airflow/example_dags/plugins/event_listener.py took 0.032 seconds
[2023-10-07T04:22:09.068+0530] {processor.py:157} INFO - Started process (PID=20766) to work on /home/raj/Downloads/kafka_2.13-3.5.1/airflow-env/lib64/python3.11/site-packages/airflow/example_dags/plugins/event_listener.py
[2023-10-07T04:22:09.079+0530] {processor.py:829} INFO - Processing file /home/raj/Downloads/kafka_2.13-3.5.1/airflow-env/lib64/python3.11/site-packages/airflow/example_dags/plugins/event_listener.py for tasks to queue
[2023-10-07T04:22:09.081+0530] {logging_mixin.py:151} INFO - [2023-10-07T04:22:09.080+0530] {dagbag.py:539} INFO - Filling up the DagBag from /home/raj/Downloads/kafka_2.13-3.5.1/airflow-env/lib64/python3.11/site-packages/airflow/example_dags/plugins/event_listener.py
[2023-10-07T04:22:09.085+0530] {processor.py:841} WARNING - No viable dags retrieved from /home/raj/Downloads/kafka_2.13-3.5.1/airflow-env/lib64/python3.11/site-packages/airflow/example_dags/plugins/event_listener.py
[2023-10-07T04:22:09.104+0530] {processor.py:179} INFO - Processing /home/raj/Downloads/kafka_2.13-3.5.1/airflow-env/lib64/python3.11/site-packages/airflow/example_dags/plugins/event_listener.py took 0.038 seconds
[2023-10-07T04:22:42.864+0530] {processor.py:157} INFO - Started process (PID=20836) to work on /home/raj/Downloads/kafka_2.13-3.5.1/airflow-env/lib64/python3.11/site-packages/airflow/example_dags/plugins/event_listener.py
[2023-10-07T04:22:42.865+0530] {processor.py:829} INFO - Processing file /home/raj/Downloads/kafka_2.13-3.5.1/airflow-env/lib64/python3.11/site-packages/airflow/example_dags/plugins/event_listener.py for tasks to queue
[2023-10-07T04:22:42.866+0530] {logging_mixin.py:151} INFO - [2023-10-07T04:22:42.866+0530] {dagbag.py:539} INFO - Filling up the DagBag from /home/raj/Downloads/kafka_2.13-3.5.1/airflow-env/lib64/python3.11/site-packages/airflow/example_dags/plugins/event_listener.py
[2023-10-07T04:22:42.869+0530] {processor.py:841} WARNING - No viable dags retrieved from /home/raj/Downloads/kafka_2.13-3.5.1/airflow-env/lib64/python3.11/site-packages/airflow/example_dags/plugins/event_listener.py
[2023-10-07T04:22:42.879+0530] {processor.py:179} INFO - Processing /home/raj/Downloads/kafka_2.13-3.5.1/airflow-env/lib64/python3.11/site-packages/airflow/example_dags/plugins/event_listener.py took 0.018 seconds
[2023-10-07T04:23:17.553+0530] {processor.py:157} INFO - Started process (PID=20890) to work on /home/raj/Downloads/kafka_2.13-3.5.1/airflow-env/lib64/python3.11/site-packages/airflow/example_dags/plugins/event_listener.py
[2023-10-07T04:23:17.555+0530] {processor.py:829} INFO - Processing file /home/raj/Downloads/kafka_2.13-3.5.1/airflow-env/lib64/python3.11/site-packages/airflow/example_dags/plugins/event_listener.py for tasks to queue
[2023-10-07T04:23:17.556+0530] {logging_mixin.py:151} INFO - [2023-10-07T04:23:17.556+0530] {dagbag.py:539} INFO - Filling up the DagBag from /home/raj/Downloads/kafka_2.13-3.5.1/airflow-env/lib64/python3.11/site-packages/airflow/example_dags/plugins/event_listener.py
[2023-10-07T04:23:17.560+0530] {processor.py:841} WARNING - No viable dags retrieved from /home/raj/Downloads/kafka_2.13-3.5.1/airflow-env/lib64/python3.11/site-packages/airflow/example_dags/plugins/event_listener.py
[2023-10-07T04:23:17.578+0530] {processor.py:179} INFO - Processing /home/raj/Downloads/kafka_2.13-3.5.1/airflow-env/lib64/python3.11/site-packages/airflow/example_dags/plugins/event_listener.py took 0.031 seconds
[2023-10-07T04:23:51.965+0530] {processor.py:157} INFO - Started process (PID=20972) to work on /home/raj/Downloads/kafka_2.13-3.5.1/airflow-env/lib64/python3.11/site-packages/airflow/example_dags/plugins/event_listener.py
[2023-10-07T04:23:51.976+0530] {processor.py:829} INFO - Processing file /home/raj/Downloads/kafka_2.13-3.5.1/airflow-env/lib64/python3.11/site-packages/airflow/example_dags/plugins/event_listener.py for tasks to queue
[2023-10-07T04:23:51.976+0530] {logging_mixin.py:151} INFO - [2023-10-07T04:23:51.976+0530] {dagbag.py:539} INFO - Filling up the DagBag from /home/raj/Downloads/kafka_2.13-3.5.1/airflow-env/lib64/python3.11/site-packages/airflow/example_dags/plugins/event_listener.py
[2023-10-07T04:23:51.979+0530] {processor.py:841} WARNING - No viable dags retrieved from /home/raj/Downloads/kafka_2.13-3.5.1/airflow-env/lib64/python3.11/site-packages/airflow/example_dags/plugins/event_listener.py
[2023-10-07T04:23:51.990+0530] {processor.py:179} INFO - Processing /home/raj/Downloads/kafka_2.13-3.5.1/airflow-env/lib64/python3.11/site-packages/airflow/example_dags/plugins/event_listener.py took 0.028 seconds
[2023-10-07T04:24:25.478+0530] {processor.py:157} INFO - Started process (PID=21058) to work on /home/raj/Downloads/kafka_2.13-3.5.1/airflow-env/lib64/python3.11/site-packages/airflow/example_dags/plugins/event_listener.py
[2023-10-07T04:24:25.479+0530] {processor.py:829} INFO - Processing file /home/raj/Downloads/kafka_2.13-3.5.1/airflow-env/lib64/python3.11/site-packages/airflow/example_dags/plugins/event_listener.py for tasks to queue
[2023-10-07T04:24:25.480+0530] {logging_mixin.py:151} INFO - [2023-10-07T04:24:25.479+0530] {dagbag.py:539} INFO - Filling up the DagBag from /home/raj/Downloads/kafka_2.13-3.5.1/airflow-env/lib64/python3.11/site-packages/airflow/example_dags/plugins/event_listener.py
[2023-10-07T04:24:25.482+0530] {processor.py:841} WARNING - No viable dags retrieved from /home/raj/Downloads/kafka_2.13-3.5.1/airflow-env/lib64/python3.11/site-packages/airflow/example_dags/plugins/event_listener.py
[2023-10-07T04:24:25.493+0530] {processor.py:179} INFO - Processing /home/raj/Downloads/kafka_2.13-3.5.1/airflow-env/lib64/python3.11/site-packages/airflow/example_dags/plugins/event_listener.py took 0.017 seconds
[2023-10-07T04:24:58.379+0530] {processor.py:157} INFO - Started process (PID=21114) to work on /home/raj/Downloads/kafka_2.13-3.5.1/airflow-env/lib64/python3.11/site-packages/airflow/example_dags/plugins/event_listener.py
[2023-10-07T04:24:58.391+0530] {processor.py:829} INFO - Processing file /home/raj/Downloads/kafka_2.13-3.5.1/airflow-env/lib64/python3.11/site-packages/airflow/example_dags/plugins/event_listener.py for tasks to queue
[2023-10-07T04:24:58.393+0530] {logging_mixin.py:151} INFO - [2023-10-07T04:24:58.392+0530] {dagbag.py:539} INFO - Filling up the DagBag from /home/raj/Downloads/kafka_2.13-3.5.1/airflow-env/lib64/python3.11/site-packages/airflow/example_dags/plugins/event_listener.py
[2023-10-07T04:24:58.398+0530] {processor.py:841} WARNING - No viable dags retrieved from /home/raj/Downloads/kafka_2.13-3.5.1/airflow-env/lib64/python3.11/site-packages/airflow/example_dags/plugins/event_listener.py
[2023-10-07T04:24:58.421+0530] {processor.py:179} INFO - Processing /home/raj/Downloads/kafka_2.13-3.5.1/airflow-env/lib64/python3.11/site-packages/airflow/example_dags/plugins/event_listener.py took 0.047 seconds
[2023-10-07T04:25:32.633+0530] {processor.py:157} INFO - Started process (PID=21174) to work on /home/raj/Downloads/kafka_2.13-3.5.1/airflow-env/lib64/python3.11/site-packages/airflow/example_dags/plugins/event_listener.py
[2023-10-07T04:25:32.644+0530] {processor.py:829} INFO - Processing file /home/raj/Downloads/kafka_2.13-3.5.1/airflow-env/lib64/python3.11/site-packages/airflow/example_dags/plugins/event_listener.py for tasks to queue
[2023-10-07T04:25:32.645+0530] {logging_mixin.py:151} INFO - [2023-10-07T04:25:32.645+0530] {dagbag.py:539} INFO - Filling up the DagBag from /home/raj/Downloads/kafka_2.13-3.5.1/airflow-env/lib64/python3.11/site-packages/airflow/example_dags/plugins/event_listener.py
[2023-10-07T04:25:32.649+0530] {processor.py:841} WARNING - No viable dags retrieved from /home/raj/Downloads/kafka_2.13-3.5.1/airflow-env/lib64/python3.11/site-packages/airflow/example_dags/plugins/event_listener.py
[2023-10-07T04:25:32.668+0530] {processor.py:179} INFO - Processing /home/raj/Downloads/kafka_2.13-3.5.1/airflow-env/lib64/python3.11/site-packages/airflow/example_dags/plugins/event_listener.py took 0.040 seconds
[2023-10-07T04:26:07.490+0530] {processor.py:157} INFO - Started process (PID=21271) to work on /home/raj/Downloads/kafka_2.13-3.5.1/airflow-env/lib64/python3.11/site-packages/airflow/example_dags/plugins/event_listener.py
[2023-10-07T04:26:07.501+0530] {processor.py:829} INFO - Processing file /home/raj/Downloads/kafka_2.13-3.5.1/airflow-env/lib64/python3.11/site-packages/airflow/example_dags/plugins/event_listener.py for tasks to queue
[2023-10-07T04:26:07.503+0530] {logging_mixin.py:151} INFO - [2023-10-07T04:26:07.502+0530] {dagbag.py:539} INFO - Filling up the DagBag from /home/raj/Downloads/kafka_2.13-3.5.1/airflow-env/lib64/python3.11/site-packages/airflow/example_dags/plugins/event_listener.py
[2023-10-07T04:26:07.507+0530] {processor.py:841} WARNING - No viable dags retrieved from /home/raj/Downloads/kafka_2.13-3.5.1/airflow-env/lib64/python3.11/site-packages/airflow/example_dags/plugins/event_listener.py
[2023-10-07T04:26:07.523+0530] {processor.py:179} INFO - Processing /home/raj/Downloads/kafka_2.13-3.5.1/airflow-env/lib64/python3.11/site-packages/airflow/example_dags/plugins/event_listener.py took 0.038 seconds
[2023-10-07T04:26:42.221+0530] {processor.py:157} INFO - Started process (PID=21413) to work on /home/raj/Downloads/kafka_2.13-3.5.1/airflow-env/lib64/python3.11/site-packages/airflow/example_dags/plugins/event_listener.py
[2023-10-07T04:26:42.222+0530] {processor.py:829} INFO - Processing file /home/raj/Downloads/kafka_2.13-3.5.1/airflow-env/lib64/python3.11/site-packages/airflow/example_dags/plugins/event_listener.py for tasks to queue
[2023-10-07T04:26:42.222+0530] {logging_mixin.py:151} INFO - [2023-10-07T04:26:42.222+0530] {dagbag.py:539} INFO - Filling up the DagBag from /home/raj/Downloads/kafka_2.13-3.5.1/airflow-env/lib64/python3.11/site-packages/airflow/example_dags/plugins/event_listener.py
[2023-10-07T04:26:42.225+0530] {processor.py:841} WARNING - No viable dags retrieved from /home/raj/Downloads/kafka_2.13-3.5.1/airflow-env/lib64/python3.11/site-packages/airflow/example_dags/plugins/event_listener.py
[2023-10-07T04:26:42.234+0530] {processor.py:179} INFO - Processing /home/raj/Downloads/kafka_2.13-3.5.1/airflow-env/lib64/python3.11/site-packages/airflow/example_dags/plugins/event_listener.py took 0.017 seconds
[2023-10-07T04:27:14.637+0530] {processor.py:157} INFO - Started process (PID=21519) to work on /home/raj/Downloads/kafka_2.13-3.5.1/airflow-env/lib64/python3.11/site-packages/airflow/example_dags/plugins/event_listener.py
[2023-10-07T04:27:14.638+0530] {processor.py:829} INFO - Processing file /home/raj/Downloads/kafka_2.13-3.5.1/airflow-env/lib64/python3.11/site-packages/airflow/example_dags/plugins/event_listener.py for tasks to queue
[2023-10-07T04:27:14.639+0530] {logging_mixin.py:151} INFO - [2023-10-07T04:27:14.638+0530] {dagbag.py:539} INFO - Filling up the DagBag from /home/raj/Downloads/kafka_2.13-3.5.1/airflow-env/lib64/python3.11/site-packages/airflow/example_dags/plugins/event_listener.py
[2023-10-07T04:27:14.642+0530] {processor.py:841} WARNING - No viable dags retrieved from /home/raj/Downloads/kafka_2.13-3.5.1/airflow-env/lib64/python3.11/site-packages/airflow/example_dags/plugins/event_listener.py
[2023-10-07T04:27:14.656+0530] {processor.py:179} INFO - Processing /home/raj/Downloads/kafka_2.13-3.5.1/airflow-env/lib64/python3.11/site-packages/airflow/example_dags/plugins/event_listener.py took 0.022 seconds
[2023-10-07T04:27:49.892+0530] {processor.py:157} INFO - Started process (PID=21577) to work on /home/raj/Downloads/kafka_2.13-3.5.1/airflow-env/lib64/python3.11/site-packages/airflow/example_dags/plugins/event_listener.py
[2023-10-07T04:27:49.903+0530] {processor.py:829} INFO - Processing file /home/raj/Downloads/kafka_2.13-3.5.1/airflow-env/lib64/python3.11/site-packages/airflow/example_dags/plugins/event_listener.py for tasks to queue
[2023-10-07T04:27:49.905+0530] {logging_mixin.py:151} INFO - [2023-10-07T04:27:49.904+0530] {dagbag.py:539} INFO - Filling up the DagBag from /home/raj/Downloads/kafka_2.13-3.5.1/airflow-env/lib64/python3.11/site-packages/airflow/example_dags/plugins/event_listener.py
[2023-10-07T04:27:49.909+0530] {processor.py:841} WARNING - No viable dags retrieved from /home/raj/Downloads/kafka_2.13-3.5.1/airflow-env/lib64/python3.11/site-packages/airflow/example_dags/plugins/event_listener.py
[2023-10-07T04:27:49.929+0530] {processor.py:179} INFO - Processing /home/raj/Downloads/kafka_2.13-3.5.1/airflow-env/lib64/python3.11/site-packages/airflow/example_dags/plugins/event_listener.py took 0.043 seconds
[2023-10-07T04:28:26.494+0530] {processor.py:157} INFO - Started process (PID=21635) to work on /home/raj/Downloads/kafka_2.13-3.5.1/airflow-env/lib64/python3.11/site-packages/airflow/example_dags/plugins/event_listener.py
[2023-10-07T04:28:26.505+0530] {processor.py:829} INFO - Processing file /home/raj/Downloads/kafka_2.13-3.5.1/airflow-env/lib64/python3.11/site-packages/airflow/example_dags/plugins/event_listener.py for tasks to queue
[2023-10-07T04:28:26.507+0530] {logging_mixin.py:151} INFO - [2023-10-07T04:28:26.506+0530] {dagbag.py:539} INFO - Filling up the DagBag from /home/raj/Downloads/kafka_2.13-3.5.1/airflow-env/lib64/python3.11/site-packages/airflow/example_dags/plugins/event_listener.py
[2023-10-07T04:28:26.512+0530] {processor.py:841} WARNING - No viable dags retrieved from /home/raj/Downloads/kafka_2.13-3.5.1/airflow-env/lib64/python3.11/site-packages/airflow/example_dags/plugins/event_listener.py
[2023-10-07T04:28:26.532+0530] {processor.py:179} INFO - Processing /home/raj/Downloads/kafka_2.13-3.5.1/airflow-env/lib64/python3.11/site-packages/airflow/example_dags/plugins/event_listener.py took 0.045 seconds
[2023-10-07T04:29:01.914+0530] {processor.py:157} INFO - Started process (PID=21730) to work on /home/raj/Downloads/kafka_2.13-3.5.1/airflow-env/lib64/python3.11/site-packages/airflow/example_dags/plugins/event_listener.py
[2023-10-07T04:29:01.925+0530] {processor.py:829} INFO - Processing file /home/raj/Downloads/kafka_2.13-3.5.1/airflow-env/lib64/python3.11/site-packages/airflow/example_dags/plugins/event_listener.py for tasks to queue
[2023-10-07T04:29:01.927+0530] {logging_mixin.py:151} INFO - [2023-10-07T04:29:01.926+0530] {dagbag.py:539} INFO - Filling up the DagBag from /home/raj/Downloads/kafka_2.13-3.5.1/airflow-env/lib64/python3.11/site-packages/airflow/example_dags/plugins/event_listener.py
[2023-10-07T04:29:01.931+0530] {processor.py:841} WARNING - No viable dags retrieved from /home/raj/Downloads/kafka_2.13-3.5.1/airflow-env/lib64/python3.11/site-packages/airflow/example_dags/plugins/event_listener.py
[2023-10-07T04:29:01.950+0530] {processor.py:179} INFO - Processing /home/raj/Downloads/kafka_2.13-3.5.1/airflow-env/lib64/python3.11/site-packages/airflow/example_dags/plugins/event_listener.py took 0.041 seconds
[2023-10-07T04:29:34.124+0530] {processor.py:157} INFO - Started process (PID=21794) to work on /home/raj/Downloads/kafka_2.13-3.5.1/airflow-env/lib64/python3.11/site-packages/airflow/example_dags/plugins/event_listener.py
[2023-10-07T04:29:34.134+0530] {processor.py:829} INFO - Processing file /home/raj/Downloads/kafka_2.13-3.5.1/airflow-env/lib64/python3.11/site-packages/airflow/example_dags/plugins/event_listener.py for tasks to queue
[2023-10-07T04:29:34.135+0530] {logging_mixin.py:151} INFO - [2023-10-07T04:29:34.135+0530] {dagbag.py:539} INFO - Filling up the DagBag from /home/raj/Downloads/kafka_2.13-3.5.1/airflow-env/lib64/python3.11/site-packages/airflow/example_dags/plugins/event_listener.py
[2023-10-07T04:29:34.137+0530] {processor.py:841} WARNING - No viable dags retrieved from /home/raj/Downloads/kafka_2.13-3.5.1/airflow-env/lib64/python3.11/site-packages/airflow/example_dags/plugins/event_listener.py
[2023-10-07T04:29:34.145+0530] {processor.py:179} INFO - Processing /home/raj/Downloads/kafka_2.13-3.5.1/airflow-env/lib64/python3.11/site-packages/airflow/example_dags/plugins/event_listener.py took 0.026 seconds
[2023-10-07T04:40:28.406+0530] {processor.py:157} INFO - Started process (PID=9407) to work on /home/raj/Downloads/kafka_2.13-3.5.1/airflow-env/lib64/python3.11/site-packages/airflow/example_dags/plugins/event_listener.py
[2023-10-07T04:40:28.417+0530] {processor.py:829} INFO - Processing file /home/raj/Downloads/kafka_2.13-3.5.1/airflow-env/lib64/python3.11/site-packages/airflow/example_dags/plugins/event_listener.py for tasks to queue
[2023-10-07T04:40:28.418+0530] {logging_mixin.py:151} INFO - [2023-10-07T04:40:28.417+0530] {dagbag.py:539} INFO - Filling up the DagBag from /home/raj/Downloads/kafka_2.13-3.5.1/airflow-env/lib64/python3.11/site-packages/airflow/example_dags/plugins/event_listener.py
[2023-10-07T04:40:28.420+0530] {processor.py:841} WARNING - No viable dags retrieved from /home/raj/Downloads/kafka_2.13-3.5.1/airflow-env/lib64/python3.11/site-packages/airflow/example_dags/plugins/event_listener.py
[2023-10-07T04:40:28.427+0530] {processor.py:179} INFO - Processing /home/raj/Downloads/kafka_2.13-3.5.1/airflow-env/lib64/python3.11/site-packages/airflow/example_dags/plugins/event_listener.py took 0.023 seconds
[2023-10-07T04:41:15.930+0530] {processor.py:157} INFO - Started process (PID=9955) to work on /home/raj/Downloads/kafka_2.13-3.5.1/airflow-env/lib64/python3.11/site-packages/airflow/example_dags/plugins/event_listener.py
[2023-10-07T04:41:15.932+0530] {processor.py:829} INFO - Processing file /home/raj/Downloads/kafka_2.13-3.5.1/airflow-env/lib64/python3.11/site-packages/airflow/example_dags/plugins/event_listener.py for tasks to queue
[2023-10-07T04:41:15.934+0530] {logging_mixin.py:151} INFO - [2023-10-07T04:41:15.933+0530] {dagbag.py:539} INFO - Filling up the DagBag from /home/raj/Downloads/kafka_2.13-3.5.1/airflow-env/lib64/python3.11/site-packages/airflow/example_dags/plugins/event_listener.py
[2023-10-07T04:41:15.937+0530] {processor.py:841} WARNING - No viable dags retrieved from /home/raj/Downloads/kafka_2.13-3.5.1/airflow-env/lib64/python3.11/site-packages/airflow/example_dags/plugins/event_listener.py
[2023-10-07T04:41:15.955+0530] {processor.py:179} INFO - Processing /home/raj/Downloads/kafka_2.13-3.5.1/airflow-env/lib64/python3.11/site-packages/airflow/example_dags/plugins/event_listener.py took 0.031 seconds
[2023-10-07T04:41:51.001+0530] {processor.py:157} INFO - Started process (PID=10048) to work on /home/raj/Downloads/kafka_2.13-3.5.1/airflow-env/lib64/python3.11/site-packages/airflow/example_dags/plugins/event_listener.py
[2023-10-07T04:41:51.012+0530] {processor.py:829} INFO - Processing file /home/raj/Downloads/kafka_2.13-3.5.1/airflow-env/lib64/python3.11/site-packages/airflow/example_dags/plugins/event_listener.py for tasks to queue
[2023-10-07T04:41:51.014+0530] {logging_mixin.py:151} INFO - [2023-10-07T04:41:51.013+0530] {dagbag.py:539} INFO - Filling up the DagBag from /home/raj/Downloads/kafka_2.13-3.5.1/airflow-env/lib64/python3.11/site-packages/airflow/example_dags/plugins/event_listener.py
[2023-10-07T04:41:51.018+0530] {processor.py:841} WARNING - No viable dags retrieved from /home/raj/Downloads/kafka_2.13-3.5.1/airflow-env/lib64/python3.11/site-packages/airflow/example_dags/plugins/event_listener.py
[2023-10-07T04:41:51.038+0530] {processor.py:179} INFO - Processing /home/raj/Downloads/kafka_2.13-3.5.1/airflow-env/lib64/python3.11/site-packages/airflow/example_dags/plugins/event_listener.py took 0.042 seconds
[2023-10-07T04:42:25.991+0530] {processor.py:157} INFO - Started process (PID=10194) to work on /home/raj/Downloads/kafka_2.13-3.5.1/airflow-env/lib64/python3.11/site-packages/airflow/example_dags/plugins/event_listener.py
[2023-10-07T04:42:26.002+0530] {processor.py:829} INFO - Processing file /home/raj/Downloads/kafka_2.13-3.5.1/airflow-env/lib64/python3.11/site-packages/airflow/example_dags/plugins/event_listener.py for tasks to queue
[2023-10-07T04:42:26.003+0530] {logging_mixin.py:151} INFO - [2023-10-07T04:42:26.003+0530] {dagbag.py:539} INFO - Filling up the DagBag from /home/raj/Downloads/kafka_2.13-3.5.1/airflow-env/lib64/python3.11/site-packages/airflow/example_dags/plugins/event_listener.py
[2023-10-07T04:42:26.008+0530] {processor.py:841} WARNING - No viable dags retrieved from /home/raj/Downloads/kafka_2.13-3.5.1/airflow-env/lib64/python3.11/site-packages/airflow/example_dags/plugins/event_listener.py
[2023-10-07T04:42:26.026+0530] {processor.py:179} INFO - Processing /home/raj/Downloads/kafka_2.13-3.5.1/airflow-env/lib64/python3.11/site-packages/airflow/example_dags/plugins/event_listener.py took 0.037 seconds
[2023-10-07T04:42:59.888+0530] {processor.py:157} INFO - Started process (PID=10255) to work on /home/raj/Downloads/kafka_2.13-3.5.1/airflow-env/lib64/python3.11/site-packages/airflow/example_dags/plugins/event_listener.py
[2023-10-07T04:42:59.899+0530] {processor.py:829} INFO - Processing file /home/raj/Downloads/kafka_2.13-3.5.1/airflow-env/lib64/python3.11/site-packages/airflow/example_dags/plugins/event_listener.py for tasks to queue
[2023-10-07T04:42:59.901+0530] {logging_mixin.py:151} INFO - [2023-10-07T04:42:59.900+0530] {dagbag.py:539} INFO - Filling up the DagBag from /home/raj/Downloads/kafka_2.13-3.5.1/airflow-env/lib64/python3.11/site-packages/airflow/example_dags/plugins/event_listener.py
[2023-10-07T04:42:59.905+0530] {processor.py:841} WARNING - No viable dags retrieved from /home/raj/Downloads/kafka_2.13-3.5.1/airflow-env/lib64/python3.11/site-packages/airflow/example_dags/plugins/event_listener.py
[2023-10-07T04:42:59.924+0530] {processor.py:179} INFO - Processing /home/raj/Downloads/kafka_2.13-3.5.1/airflow-env/lib64/python3.11/site-packages/airflow/example_dags/plugins/event_listener.py took 0.042 seconds
[2023-10-07T04:43:18.656+0530] {processor.py:157} INFO - Started process (PID=10289) to work on /home/raj/Downloads/kafka_2.13-3.5.1/airflow-env/lib64/python3.11/site-packages/airflow/example_dags/plugins/event_listener.py
[2023-10-07T04:43:18.667+0530] {processor.py:829} INFO - Processing file /home/raj/Downloads/kafka_2.13-3.5.1/airflow-env/lib64/python3.11/site-packages/airflow/example_dags/plugins/event_listener.py for tasks to queue
[2023-10-07T04:43:18.669+0530] {logging_mixin.py:151} INFO - [2023-10-07T04:43:18.668+0530] {dagbag.py:539} INFO - Filling up the DagBag from /home/raj/Downloads/kafka_2.13-3.5.1/airflow-env/lib64/python3.11/site-packages/airflow/example_dags/plugins/event_listener.py
[2023-10-07T04:43:18.673+0530] {processor.py:841} WARNING - No viable dags retrieved from /home/raj/Downloads/kafka_2.13-3.5.1/airflow-env/lib64/python3.11/site-packages/airflow/example_dags/plugins/event_listener.py
[2023-10-07T04:43:18.689+0530] {processor.py:179} INFO - Processing /home/raj/Downloads/kafka_2.13-3.5.1/airflow-env/lib64/python3.11/site-packages/airflow/example_dags/plugins/event_listener.py took 0.040 seconds
[2023-10-07T04:44:06.921+0530] {processor.py:157} INFO - Started process (PID=10439) to work on /home/raj/Downloads/kafka_2.13-3.5.1/airflow-env/lib64/python3.11/site-packages/airflow/example_dags/plugins/event_listener.py
[2023-10-07T04:44:06.932+0530] {processor.py:829} INFO - Processing file /home/raj/Downloads/kafka_2.13-3.5.1/airflow-env/lib64/python3.11/site-packages/airflow/example_dags/plugins/event_listener.py for tasks to queue
[2023-10-07T04:44:06.934+0530] {logging_mixin.py:151} INFO - [2023-10-07T04:44:06.933+0530] {dagbag.py:539} INFO - Filling up the DagBag from /home/raj/Downloads/kafka_2.13-3.5.1/airflow-env/lib64/python3.11/site-packages/airflow/example_dags/plugins/event_listener.py
[2023-10-07T04:44:06.938+0530] {processor.py:841} WARNING - No viable dags retrieved from /home/raj/Downloads/kafka_2.13-3.5.1/airflow-env/lib64/python3.11/site-packages/airflow/example_dags/plugins/event_listener.py
[2023-10-07T04:44:06.957+0530] {processor.py:179} INFO - Processing /home/raj/Downloads/kafka_2.13-3.5.1/airflow-env/lib64/python3.11/site-packages/airflow/example_dags/plugins/event_listener.py took 0.040 seconds
[2023-10-07T04:44:45.528+0530] {processor.py:157} INFO - Started process (PID=10530) to work on /home/raj/Downloads/kafka_2.13-3.5.1/airflow-env/lib64/python3.11/site-packages/airflow/example_dags/plugins/event_listener.py
[2023-10-07T04:44:45.529+0530] {processor.py:829} INFO - Processing file /home/raj/Downloads/kafka_2.13-3.5.1/airflow-env/lib64/python3.11/site-packages/airflow/example_dags/plugins/event_listener.py for tasks to queue
[2023-10-07T04:44:45.530+0530] {logging_mixin.py:151} INFO - [2023-10-07T04:44:45.530+0530] {dagbag.py:539} INFO - Filling up the DagBag from /home/raj/Downloads/kafka_2.13-3.5.1/airflow-env/lib64/python3.11/site-packages/airflow/example_dags/plugins/event_listener.py
[2023-10-07T04:44:45.532+0530] {processor.py:841} WARNING - No viable dags retrieved from /home/raj/Downloads/kafka_2.13-3.5.1/airflow-env/lib64/python3.11/site-packages/airflow/example_dags/plugins/event_listener.py
[2023-10-07T04:44:45.542+0530] {processor.py:179} INFO - Processing /home/raj/Downloads/kafka_2.13-3.5.1/airflow-env/lib64/python3.11/site-packages/airflow/example_dags/plugins/event_listener.py took 0.019 seconds
[2023-10-07T04:45:22.434+0530] {processor.py:157} INFO - Started process (PID=10660) to work on /home/raj/Downloads/kafka_2.13-3.5.1/airflow-env/lib64/python3.11/site-packages/airflow/example_dags/plugins/event_listener.py
[2023-10-07T04:45:22.445+0530] {processor.py:829} INFO - Processing file /home/raj/Downloads/kafka_2.13-3.5.1/airflow-env/lib64/python3.11/site-packages/airflow/example_dags/plugins/event_listener.py for tasks to queue
[2023-10-07T04:45:22.447+0530] {logging_mixin.py:151} INFO - [2023-10-07T04:45:22.446+0530] {dagbag.py:539} INFO - Filling up the DagBag from /home/raj/Downloads/kafka_2.13-3.5.1/airflow-env/lib64/python3.11/site-packages/airflow/example_dags/plugins/event_listener.py
[2023-10-07T04:45:22.452+0530] {processor.py:841} WARNING - No viable dags retrieved from /home/raj/Downloads/kafka_2.13-3.5.1/airflow-env/lib64/python3.11/site-packages/airflow/example_dags/plugins/event_listener.py
[2023-10-07T04:45:22.470+0530] {processor.py:179} INFO - Processing /home/raj/Downloads/kafka_2.13-3.5.1/airflow-env/lib64/python3.11/site-packages/airflow/example_dags/plugins/event_listener.py took 0.042 seconds
[2023-10-07T04:46:00.677+0530] {processor.py:157} INFO - Started process (PID=10839) to work on /home/raj/Downloads/kafka_2.13-3.5.1/airflow-env/lib64/python3.11/site-packages/airflow/example_dags/plugins/event_listener.py
[2023-10-07T04:46:00.677+0530] {processor.py:829} INFO - Processing file /home/raj/Downloads/kafka_2.13-3.5.1/airflow-env/lib64/python3.11/site-packages/airflow/example_dags/plugins/event_listener.py for tasks to queue
[2023-10-07T04:46:00.679+0530] {logging_mixin.py:151} INFO - [2023-10-07T04:46:00.678+0530] {dagbag.py:539} INFO - Filling up the DagBag from /home/raj/Downloads/kafka_2.13-3.5.1/airflow-env/lib64/python3.11/site-packages/airflow/example_dags/plugins/event_listener.py
[2023-10-07T04:46:00.681+0530] {processor.py:841} WARNING - No viable dags retrieved from /home/raj/Downloads/kafka_2.13-3.5.1/airflow-env/lib64/python3.11/site-packages/airflow/example_dags/plugins/event_listener.py
[2023-10-07T04:46:00.693+0530] {processor.py:179} INFO - Processing /home/raj/Downloads/kafka_2.13-3.5.1/airflow-env/lib64/python3.11/site-packages/airflow/example_dags/plugins/event_listener.py took 0.020 seconds
[2023-10-07T04:46:39.935+0530] {processor.py:157} INFO - Started process (PID=10885) to work on /home/raj/Downloads/kafka_2.13-3.5.1/airflow-env/lib64/python3.11/site-packages/airflow/example_dags/plugins/event_listener.py
[2023-10-07T04:46:39.947+0530] {processor.py:829} INFO - Processing file /home/raj/Downloads/kafka_2.13-3.5.1/airflow-env/lib64/python3.11/site-packages/airflow/example_dags/plugins/event_listener.py for tasks to queue
[2023-10-07T04:46:39.948+0530] {logging_mixin.py:151} INFO - [2023-10-07T04:46:39.948+0530] {dagbag.py:539} INFO - Filling up the DagBag from /home/raj/Downloads/kafka_2.13-3.5.1/airflow-env/lib64/python3.11/site-packages/airflow/example_dags/plugins/event_listener.py
[2023-10-07T04:46:39.952+0530] {processor.py:841} WARNING - No viable dags retrieved from /home/raj/Downloads/kafka_2.13-3.5.1/airflow-env/lib64/python3.11/site-packages/airflow/example_dags/plugins/event_listener.py
[2023-10-07T04:46:39.971+0530] {processor.py:179} INFO - Processing /home/raj/Downloads/kafka_2.13-3.5.1/airflow-env/lib64/python3.11/site-packages/airflow/example_dags/plugins/event_listener.py took 0.040 seconds
[2023-10-07T04:47:16.232+0530] {processor.py:157} INFO - Started process (PID=10966) to work on /home/raj/Downloads/kafka_2.13-3.5.1/airflow-env/lib64/python3.11/site-packages/airflow/example_dags/plugins/event_listener.py
[2023-10-07T04:47:16.244+0530] {processor.py:829} INFO - Processing file /home/raj/Downloads/kafka_2.13-3.5.1/airflow-env/lib64/python3.11/site-packages/airflow/example_dags/plugins/event_listener.py for tasks to queue
[2023-10-07T04:47:16.245+0530] {logging_mixin.py:151} INFO - [2023-10-07T04:47:16.244+0530] {dagbag.py:539} INFO - Filling up the DagBag from /home/raj/Downloads/kafka_2.13-3.5.1/airflow-env/lib64/python3.11/site-packages/airflow/example_dags/plugins/event_listener.py
[2023-10-07T04:47:16.249+0530] {processor.py:841} WARNING - No viable dags retrieved from /home/raj/Downloads/kafka_2.13-3.5.1/airflow-env/lib64/python3.11/site-packages/airflow/example_dags/plugins/event_listener.py
[2023-10-07T04:47:16.269+0530] {processor.py:179} INFO - Processing /home/raj/Downloads/kafka_2.13-3.5.1/airflow-env/lib64/python3.11/site-packages/airflow/example_dags/plugins/event_listener.py took 0.042 seconds
[2023-10-07T04:47:47.862+0530] {processor.py:157} INFO - Started process (PID=11032) to work on /home/raj/Downloads/kafka_2.13-3.5.1/airflow-env/lib64/python3.11/site-packages/airflow/example_dags/plugins/event_listener.py
[2023-10-07T04:47:47.874+0530] {processor.py:829} INFO - Processing file /home/raj/Downloads/kafka_2.13-3.5.1/airflow-env/lib64/python3.11/site-packages/airflow/example_dags/plugins/event_listener.py for tasks to queue
[2023-10-07T04:47:47.875+0530] {logging_mixin.py:151} INFO - [2023-10-07T04:47:47.875+0530] {dagbag.py:539} INFO - Filling up the DagBag from /home/raj/Downloads/kafka_2.13-3.5.1/airflow-env/lib64/python3.11/site-packages/airflow/example_dags/plugins/event_listener.py
[2023-10-07T04:47:47.879+0530] {processor.py:841} WARNING - No viable dags retrieved from /home/raj/Downloads/kafka_2.13-3.5.1/airflow-env/lib64/python3.11/site-packages/airflow/example_dags/plugins/event_listener.py
[2023-10-07T04:47:47.892+0530] {processor.py:179} INFO - Processing /home/raj/Downloads/kafka_2.13-3.5.1/airflow-env/lib64/python3.11/site-packages/airflow/example_dags/plugins/event_listener.py took 0.035 seconds
[2023-10-07T04:48:21.173+0530] {processor.py:157} INFO - Started process (PID=11087) to work on /home/raj/Downloads/kafka_2.13-3.5.1/airflow-env/lib64/python3.11/site-packages/airflow/example_dags/plugins/event_listener.py
[2023-10-07T04:48:21.184+0530] {processor.py:829} INFO - Processing file /home/raj/Downloads/kafka_2.13-3.5.1/airflow-env/lib64/python3.11/site-packages/airflow/example_dags/plugins/event_listener.py for tasks to queue
[2023-10-07T04:48:21.185+0530] {logging_mixin.py:151} INFO - [2023-10-07T04:48:21.185+0530] {dagbag.py:539} INFO - Filling up the DagBag from /home/raj/Downloads/kafka_2.13-3.5.1/airflow-env/lib64/python3.11/site-packages/airflow/example_dags/plugins/event_listener.py
[2023-10-07T04:48:21.189+0530] {processor.py:841} WARNING - No viable dags retrieved from /home/raj/Downloads/kafka_2.13-3.5.1/airflow-env/lib64/python3.11/site-packages/airflow/example_dags/plugins/event_listener.py
[2023-10-07T04:48:21.207+0530] {processor.py:179} INFO - Processing /home/raj/Downloads/kafka_2.13-3.5.1/airflow-env/lib64/python3.11/site-packages/airflow/example_dags/plugins/event_listener.py took 0.040 seconds
[2023-10-07T04:48:58.316+0530] {processor.py:157} INFO - Started process (PID=11174) to work on /home/raj/Downloads/kafka_2.13-3.5.1/airflow-env/lib64/python3.11/site-packages/airflow/example_dags/plugins/event_listener.py
[2023-10-07T04:48:58.327+0530] {processor.py:829} INFO - Processing file /home/raj/Downloads/kafka_2.13-3.5.1/airflow-env/lib64/python3.11/site-packages/airflow/example_dags/plugins/event_listener.py for tasks to queue
[2023-10-07T04:48:58.329+0530] {logging_mixin.py:151} INFO - [2023-10-07T04:48:58.328+0530] {dagbag.py:539} INFO - Filling up the DagBag from /home/raj/Downloads/kafka_2.13-3.5.1/airflow-env/lib64/python3.11/site-packages/airflow/example_dags/plugins/event_listener.py
[2023-10-07T04:48:58.333+0530] {processor.py:841} WARNING - No viable dags retrieved from /home/raj/Downloads/kafka_2.13-3.5.1/airflow-env/lib64/python3.11/site-packages/airflow/example_dags/plugins/event_listener.py
[2023-10-07T04:48:58.351+0530] {processor.py:179} INFO - Processing /home/raj/Downloads/kafka_2.13-3.5.1/airflow-env/lib64/python3.11/site-packages/airflow/example_dags/plugins/event_listener.py took 0.041 seconds
[2023-10-07T04:49:34.619+0530] {processor.py:157} INFO - Started process (PID=11244) to work on /home/raj/Downloads/kafka_2.13-3.5.1/airflow-env/lib64/python3.11/site-packages/airflow/example_dags/plugins/event_listener.py
[2023-10-07T04:49:34.630+0530] {processor.py:829} INFO - Processing file /home/raj/Downloads/kafka_2.13-3.5.1/airflow-env/lib64/python3.11/site-packages/airflow/example_dags/plugins/event_listener.py for tasks to queue
[2023-10-07T04:49:34.631+0530] {logging_mixin.py:151} INFO - [2023-10-07T04:49:34.631+0530] {dagbag.py:539} INFO - Filling up the DagBag from /home/raj/Downloads/kafka_2.13-3.5.1/airflow-env/lib64/python3.11/site-packages/airflow/example_dags/plugins/event_listener.py
[2023-10-07T04:49:34.634+0530] {processor.py:841} WARNING - No viable dags retrieved from /home/raj/Downloads/kafka_2.13-3.5.1/airflow-env/lib64/python3.11/site-packages/airflow/example_dags/plugins/event_listener.py
[2023-10-07T04:49:34.650+0530] {processor.py:179} INFO - Processing /home/raj/Downloads/kafka_2.13-3.5.1/airflow-env/lib64/python3.11/site-packages/airflow/example_dags/plugins/event_listener.py took 0.035 seconds
[2023-10-07T04:50:12.661+0530] {processor.py:157} INFO - Started process (PID=11304) to work on /home/raj/Downloads/kafka_2.13-3.5.1/airflow-env/lib64/python3.11/site-packages/airflow/example_dags/plugins/event_listener.py
[2023-10-07T04:50:12.663+0530] {processor.py:829} INFO - Processing file /home/raj/Downloads/kafka_2.13-3.5.1/airflow-env/lib64/python3.11/site-packages/airflow/example_dags/plugins/event_listener.py for tasks to queue
[2023-10-07T04:50:12.665+0530] {logging_mixin.py:151} INFO - [2023-10-07T04:50:12.664+0530] {dagbag.py:539} INFO - Filling up the DagBag from /home/raj/Downloads/kafka_2.13-3.5.1/airflow-env/lib64/python3.11/site-packages/airflow/example_dags/plugins/event_listener.py
[2023-10-07T04:50:12.669+0530] {processor.py:841} WARNING - No viable dags retrieved from /home/raj/Downloads/kafka_2.13-3.5.1/airflow-env/lib64/python3.11/site-packages/airflow/example_dags/plugins/event_listener.py
[2023-10-07T04:50:12.688+0530] {processor.py:179} INFO - Processing /home/raj/Downloads/kafka_2.13-3.5.1/airflow-env/lib64/python3.11/site-packages/airflow/example_dags/plugins/event_listener.py took 0.033 seconds
[2023-10-07T04:50:47.821+0530] {processor.py:157} INFO - Started process (PID=11363) to work on /home/raj/Downloads/kafka_2.13-3.5.1/airflow-env/lib64/python3.11/site-packages/airflow/example_dags/plugins/event_listener.py
[2023-10-07T04:50:47.831+0530] {processor.py:829} INFO - Processing file /home/raj/Downloads/kafka_2.13-3.5.1/airflow-env/lib64/python3.11/site-packages/airflow/example_dags/plugins/event_listener.py for tasks to queue
[2023-10-07T04:50:47.832+0530] {logging_mixin.py:151} INFO - [2023-10-07T04:50:47.832+0530] {dagbag.py:539} INFO - Filling up the DagBag from /home/raj/Downloads/kafka_2.13-3.5.1/airflow-env/lib64/python3.11/site-packages/airflow/example_dags/plugins/event_listener.py
[2023-10-07T04:50:47.834+0530] {processor.py:841} WARNING - No viable dags retrieved from /home/raj/Downloads/kafka_2.13-3.5.1/airflow-env/lib64/python3.11/site-packages/airflow/example_dags/plugins/event_listener.py
[2023-10-07T04:50:47.844+0530] {processor.py:179} INFO - Processing /home/raj/Downloads/kafka_2.13-3.5.1/airflow-env/lib64/python3.11/site-packages/airflow/example_dags/plugins/event_listener.py took 0.027 seconds
[2023-10-07T04:51:19.933+0530] {processor.py:157} INFO - Started process (PID=11435) to work on /home/raj/Downloads/kafka_2.13-3.5.1/airflow-env/lib64/python3.11/site-packages/airflow/example_dags/plugins/event_listener.py
[2023-10-07T04:51:19.943+0530] {processor.py:829} INFO - Processing file /home/raj/Downloads/kafka_2.13-3.5.1/airflow-env/lib64/python3.11/site-packages/airflow/example_dags/plugins/event_listener.py for tasks to queue
[2023-10-07T04:51:19.945+0530] {logging_mixin.py:151} INFO - [2023-10-07T04:51:19.944+0530] {dagbag.py:539} INFO - Filling up the DagBag from /home/raj/Downloads/kafka_2.13-3.5.1/airflow-env/lib64/python3.11/site-packages/airflow/example_dags/plugins/event_listener.py
[2023-10-07T04:51:19.949+0530] {processor.py:841} WARNING - No viable dags retrieved from /home/raj/Downloads/kafka_2.13-3.5.1/airflow-env/lib64/python3.11/site-packages/airflow/example_dags/plugins/event_listener.py
[2023-10-07T04:51:19.968+0530] {processor.py:179} INFO - Processing /home/raj/Downloads/kafka_2.13-3.5.1/airflow-env/lib64/python3.11/site-packages/airflow/example_dags/plugins/event_listener.py took 0.039 seconds
[2023-10-07T04:51:54.620+0530] {processor.py:157} INFO - Started process (PID=11487) to work on /home/raj/Downloads/kafka_2.13-3.5.1/airflow-env/lib64/python3.11/site-packages/airflow/example_dags/plugins/event_listener.py
[2023-10-07T04:51:54.631+0530] {processor.py:829} INFO - Processing file /home/raj/Downloads/kafka_2.13-3.5.1/airflow-env/lib64/python3.11/site-packages/airflow/example_dags/plugins/event_listener.py for tasks to queue
[2023-10-07T04:51:54.632+0530] {logging_mixin.py:151} INFO - [2023-10-07T04:51:54.632+0530] {dagbag.py:539} INFO - Filling up the DagBag from /home/raj/Downloads/kafka_2.13-3.5.1/airflow-env/lib64/python3.11/site-packages/airflow/example_dags/plugins/event_listener.py
[2023-10-07T04:51:54.636+0530] {processor.py:841} WARNING - No viable dags retrieved from /home/raj/Downloads/kafka_2.13-3.5.1/airflow-env/lib64/python3.11/site-packages/airflow/example_dags/plugins/event_listener.py
[2023-10-07T04:51:54.645+0530] {processor.py:179} INFO - Processing /home/raj/Downloads/kafka_2.13-3.5.1/airflow-env/lib64/python3.11/site-packages/airflow/example_dags/plugins/event_listener.py took 0.031 seconds
[2023-10-07T04:52:32.671+0530] {processor.py:157} INFO - Started process (PID=11738) to work on /home/raj/Downloads/kafka_2.13-3.5.1/airflow-env/lib64/python3.11/site-packages/airflow/example_dags/plugins/event_listener.py
[2023-10-07T04:52:32.682+0530] {processor.py:829} INFO - Processing file /home/raj/Downloads/kafka_2.13-3.5.1/airflow-env/lib64/python3.11/site-packages/airflow/example_dags/plugins/event_listener.py for tasks to queue
[2023-10-07T04:52:32.684+0530] {logging_mixin.py:151} INFO - [2023-10-07T04:52:32.683+0530] {dagbag.py:539} INFO - Filling up the DagBag from /home/raj/Downloads/kafka_2.13-3.5.1/airflow-env/lib64/python3.11/site-packages/airflow/example_dags/plugins/event_listener.py
[2023-10-07T04:52:32.688+0530] {processor.py:841} WARNING - No viable dags retrieved from /home/raj/Downloads/kafka_2.13-3.5.1/airflow-env/lib64/python3.11/site-packages/airflow/example_dags/plugins/event_listener.py
[2023-10-07T04:52:32.706+0530] {processor.py:179} INFO - Processing /home/raj/Downloads/kafka_2.13-3.5.1/airflow-env/lib64/python3.11/site-packages/airflow/example_dags/plugins/event_listener.py took 0.040 seconds
[2023-10-07T04:53:07.198+0530] {processor.py:157} INFO - Started process (PID=11785) to work on /home/raj/Downloads/kafka_2.13-3.5.1/airflow-env/lib64/python3.11/site-packages/airflow/example_dags/plugins/event_listener.py
[2023-10-07T04:53:07.209+0530] {processor.py:829} INFO - Processing file /home/raj/Downloads/kafka_2.13-3.5.1/airflow-env/lib64/python3.11/site-packages/airflow/example_dags/plugins/event_listener.py for tasks to queue
[2023-10-07T04:53:07.211+0530] {logging_mixin.py:151} INFO - [2023-10-07T04:53:07.210+0530] {dagbag.py:539} INFO - Filling up the DagBag from /home/raj/Downloads/kafka_2.13-3.5.1/airflow-env/lib64/python3.11/site-packages/airflow/example_dags/plugins/event_listener.py
[2023-10-07T04:53:07.215+0530] {processor.py:841} WARNING - No viable dags retrieved from /home/raj/Downloads/kafka_2.13-3.5.1/airflow-env/lib64/python3.11/site-packages/airflow/example_dags/plugins/event_listener.py
[2023-10-07T04:53:07.236+0530] {processor.py:179} INFO - Processing /home/raj/Downloads/kafka_2.13-3.5.1/airflow-env/lib64/python3.11/site-packages/airflow/example_dags/plugins/event_listener.py took 0.044 seconds
[2023-10-07T04:53:51.405+0530] {processor.py:157} INFO - Started process (PID=11953) to work on /home/raj/Downloads/kafka_2.13-3.5.1/airflow-env/lib64/python3.11/site-packages/airflow/example_dags/plugins/event_listener.py
[2023-10-07T04:53:51.416+0530] {processor.py:829} INFO - Processing file /home/raj/Downloads/kafka_2.13-3.5.1/airflow-env/lib64/python3.11/site-packages/airflow/example_dags/plugins/event_listener.py for tasks to queue
[2023-10-07T04:53:51.417+0530] {logging_mixin.py:151} INFO - [2023-10-07T04:53:51.417+0530] {dagbag.py:539} INFO - Filling up the DagBag from /home/raj/Downloads/kafka_2.13-3.5.1/airflow-env/lib64/python3.11/site-packages/airflow/example_dags/plugins/event_listener.py
[2023-10-07T04:53:51.421+0530] {processor.py:841} WARNING - No viable dags retrieved from /home/raj/Downloads/kafka_2.13-3.5.1/airflow-env/lib64/python3.11/site-packages/airflow/example_dags/plugins/event_listener.py
[2023-10-07T04:53:51.439+0530] {processor.py:179} INFO - Processing /home/raj/Downloads/kafka_2.13-3.5.1/airflow-env/lib64/python3.11/site-packages/airflow/example_dags/plugins/event_listener.py took 0.039 seconds
[2023-10-07T04:54:24.408+0530] {processor.py:157} INFO - Started process (PID=11993) to work on /home/raj/Downloads/kafka_2.13-3.5.1/airflow-env/lib64/python3.11/site-packages/airflow/example_dags/plugins/event_listener.py
[2023-10-07T04:54:24.419+0530] {processor.py:829} INFO - Processing file /home/raj/Downloads/kafka_2.13-3.5.1/airflow-env/lib64/python3.11/site-packages/airflow/example_dags/plugins/event_listener.py for tasks to queue
[2023-10-07T04:54:24.420+0530] {logging_mixin.py:151} INFO - [2023-10-07T04:54:24.420+0530] {dagbag.py:539} INFO - Filling up the DagBag from /home/raj/Downloads/kafka_2.13-3.5.1/airflow-env/lib64/python3.11/site-packages/airflow/example_dags/plugins/event_listener.py
[2023-10-07T04:54:24.422+0530] {processor.py:841} WARNING - No viable dags retrieved from /home/raj/Downloads/kafka_2.13-3.5.1/airflow-env/lib64/python3.11/site-packages/airflow/example_dags/plugins/event_listener.py
[2023-10-07T04:54:24.432+0530] {processor.py:179} INFO - Processing /home/raj/Downloads/kafka_2.13-3.5.1/airflow-env/lib64/python3.11/site-packages/airflow/example_dags/plugins/event_listener.py took 0.026 seconds
[2023-10-07T04:54:59.516+0530] {processor.py:157} INFO - Started process (PID=12094) to work on /home/raj/Downloads/kafka_2.13-3.5.1/airflow-env/lib64/python3.11/site-packages/airflow/example_dags/plugins/event_listener.py
[2023-10-07T04:54:59.527+0530] {processor.py:829} INFO - Processing file /home/raj/Downloads/kafka_2.13-3.5.1/airflow-env/lib64/python3.11/site-packages/airflow/example_dags/plugins/event_listener.py for tasks to queue
[2023-10-07T04:54:59.529+0530] {logging_mixin.py:151} INFO - [2023-10-07T04:54:59.528+0530] {dagbag.py:539} INFO - Filling up the DagBag from /home/raj/Downloads/kafka_2.13-3.5.1/airflow-env/lib64/python3.11/site-packages/airflow/example_dags/plugins/event_listener.py
[2023-10-07T04:54:59.533+0530] {processor.py:841} WARNING - No viable dags retrieved from /home/raj/Downloads/kafka_2.13-3.5.1/airflow-env/lib64/python3.11/site-packages/airflow/example_dags/plugins/event_listener.py
[2023-10-07T04:54:59.552+0530] {processor.py:179} INFO - Processing /home/raj/Downloads/kafka_2.13-3.5.1/airflow-env/lib64/python3.11/site-packages/airflow/example_dags/plugins/event_listener.py took 0.041 seconds
[2023-10-07T04:55:26.467+0530] {processor.py:157} INFO - Started process (PID=12134) to work on /home/raj/Downloads/kafka_2.13-3.5.1/airflow-env/lib64/python3.11/site-packages/airflow/example_dags/plugins/event_listener.py
[2023-10-07T04:55:26.478+0530] {processor.py:829} INFO - Processing file /home/raj/Downloads/kafka_2.13-3.5.1/airflow-env/lib64/python3.11/site-packages/airflow/example_dags/plugins/event_listener.py for tasks to queue
[2023-10-07T04:55:26.480+0530] {logging_mixin.py:151} INFO - [2023-10-07T04:55:26.479+0530] {dagbag.py:539} INFO - Filling up the DagBag from /home/raj/Downloads/kafka_2.13-3.5.1/airflow-env/lib64/python3.11/site-packages/airflow/example_dags/plugins/event_listener.py
[2023-10-07T04:55:26.483+0530] {processor.py:841} WARNING - No viable dags retrieved from /home/raj/Downloads/kafka_2.13-3.5.1/airflow-env/lib64/python3.11/site-packages/airflow/example_dags/plugins/event_listener.py
[2023-10-07T04:55:26.501+0530] {processor.py:179} INFO - Processing /home/raj/Downloads/kafka_2.13-3.5.1/airflow-env/lib64/python3.11/site-packages/airflow/example_dags/plugins/event_listener.py took 0.040 seconds
[2023-10-07T04:56:14.579+0530] {processor.py:157} INFO - Started process (PID=12250) to work on /home/raj/Downloads/kafka_2.13-3.5.1/airflow-env/lib64/python3.11/site-packages/airflow/example_dags/plugins/event_listener.py
[2023-10-07T04:56:14.590+0530] {processor.py:829} INFO - Processing file /home/raj/Downloads/kafka_2.13-3.5.1/airflow-env/lib64/python3.11/site-packages/airflow/example_dags/plugins/event_listener.py for tasks to queue
[2023-10-07T04:56:14.592+0530] {logging_mixin.py:151} INFO - [2023-10-07T04:56:14.592+0530] {dagbag.py:539} INFO - Filling up the DagBag from /home/raj/Downloads/kafka_2.13-3.5.1/airflow-env/lib64/python3.11/site-packages/airflow/example_dags/plugins/event_listener.py
[2023-10-07T04:56:14.597+0530] {processor.py:841} WARNING - No viable dags retrieved from /home/raj/Downloads/kafka_2.13-3.5.1/airflow-env/lib64/python3.11/site-packages/airflow/example_dags/plugins/event_listener.py
[2023-10-07T04:56:14.621+0530] {processor.py:179} INFO - Processing /home/raj/Downloads/kafka_2.13-3.5.1/airflow-env/lib64/python3.11/site-packages/airflow/example_dags/plugins/event_listener.py took 0.049 seconds
[2023-10-07T04:56:47.790+0530] {processor.py:157} INFO - Started process (PID=12305) to work on /home/raj/Downloads/kafka_2.13-3.5.1/airflow-env/lib64/python3.11/site-packages/airflow/example_dags/plugins/event_listener.py
[2023-10-07T04:56:47.791+0530] {processor.py:829} INFO - Processing file /home/raj/Downloads/kafka_2.13-3.5.1/airflow-env/lib64/python3.11/site-packages/airflow/example_dags/plugins/event_listener.py for tasks to queue
[2023-10-07T04:56:47.792+0530] {logging_mixin.py:151} INFO - [2023-10-07T04:56:47.792+0530] {dagbag.py:539} INFO - Filling up the DagBag from /home/raj/Downloads/kafka_2.13-3.5.1/airflow-env/lib64/python3.11/site-packages/airflow/example_dags/plugins/event_listener.py
[2023-10-07T04:56:47.796+0530] {processor.py:841} WARNING - No viable dags retrieved from /home/raj/Downloads/kafka_2.13-3.5.1/airflow-env/lib64/python3.11/site-packages/airflow/example_dags/plugins/event_listener.py
[2023-10-07T04:56:47.812+0530] {processor.py:179} INFO - Processing /home/raj/Downloads/kafka_2.13-3.5.1/airflow-env/lib64/python3.11/site-packages/airflow/example_dags/plugins/event_listener.py took 0.027 seconds
[2023-10-07T04:57:22.269+0530] {processor.py:157} INFO - Started process (PID=12426) to work on /home/raj/Downloads/kafka_2.13-3.5.1/airflow-env/lib64/python3.11/site-packages/airflow/example_dags/plugins/event_listener.py
[2023-10-07T04:57:22.280+0530] {processor.py:829} INFO - Processing file /home/raj/Downloads/kafka_2.13-3.5.1/airflow-env/lib64/python3.11/site-packages/airflow/example_dags/plugins/event_listener.py for tasks to queue
[2023-10-07T04:57:22.282+0530] {logging_mixin.py:151} INFO - [2023-10-07T04:57:22.281+0530] {dagbag.py:539} INFO - Filling up the DagBag from /home/raj/Downloads/kafka_2.13-3.5.1/airflow-env/lib64/python3.11/site-packages/airflow/example_dags/plugins/event_listener.py
[2023-10-07T04:57:22.286+0530] {processor.py:841} WARNING - No viable dags retrieved from /home/raj/Downloads/kafka_2.13-3.5.1/airflow-env/lib64/python3.11/site-packages/airflow/example_dags/plugins/event_listener.py
[2023-10-07T04:57:22.304+0530] {processor.py:179} INFO - Processing /home/raj/Downloads/kafka_2.13-3.5.1/airflow-env/lib64/python3.11/site-packages/airflow/example_dags/plugins/event_listener.py took 0.041 seconds
[2023-10-07T04:57:53.706+0530] {processor.py:157} INFO - Started process (PID=12478) to work on /home/raj/Downloads/kafka_2.13-3.5.1/airflow-env/lib64/python3.11/site-packages/airflow/example_dags/plugins/event_listener.py
[2023-10-07T04:57:53.717+0530] {processor.py:829} INFO - Processing file /home/raj/Downloads/kafka_2.13-3.5.1/airflow-env/lib64/python3.11/site-packages/airflow/example_dags/plugins/event_listener.py for tasks to queue
[2023-10-07T04:57:53.719+0530] {logging_mixin.py:151} INFO - [2023-10-07T04:57:53.718+0530] {dagbag.py:539} INFO - Filling up the DagBag from /home/raj/Downloads/kafka_2.13-3.5.1/airflow-env/lib64/python3.11/site-packages/airflow/example_dags/plugins/event_listener.py
[2023-10-07T04:57:53.723+0530] {processor.py:841} WARNING - No viable dags retrieved from /home/raj/Downloads/kafka_2.13-3.5.1/airflow-env/lib64/python3.11/site-packages/airflow/example_dags/plugins/event_listener.py
[2023-10-07T04:57:53.742+0530] {processor.py:179} INFO - Processing /home/raj/Downloads/kafka_2.13-3.5.1/airflow-env/lib64/python3.11/site-packages/airflow/example_dags/plugins/event_listener.py took 0.042 seconds
[2023-10-07T04:58:28.563+0530] {processor.py:157} INFO - Started process (PID=12534) to work on /home/raj/Downloads/kafka_2.13-3.5.1/airflow-env/lib64/python3.11/site-packages/airflow/example_dags/plugins/event_listener.py
[2023-10-07T04:58:28.574+0530] {processor.py:829} INFO - Processing file /home/raj/Downloads/kafka_2.13-3.5.1/airflow-env/lib64/python3.11/site-packages/airflow/example_dags/plugins/event_listener.py for tasks to queue
[2023-10-07T04:58:28.575+0530] {logging_mixin.py:151} INFO - [2023-10-07T04:58:28.575+0530] {dagbag.py:539} INFO - Filling up the DagBag from /home/raj/Downloads/kafka_2.13-3.5.1/airflow-env/lib64/python3.11/site-packages/airflow/example_dags/plugins/event_listener.py
[2023-10-07T04:58:28.580+0530] {processor.py:841} WARNING - No viable dags retrieved from /home/raj/Downloads/kafka_2.13-3.5.1/airflow-env/lib64/python3.11/site-packages/airflow/example_dags/plugins/event_listener.py
[2023-10-07T04:58:28.592+0530] {processor.py:179} INFO - Processing /home/raj/Downloads/kafka_2.13-3.5.1/airflow-env/lib64/python3.11/site-packages/airflow/example_dags/plugins/event_listener.py took 0.034 seconds
[2023-10-07T04:59:02.702+0530] {processor.py:157} INFO - Started process (PID=12643) to work on /home/raj/Downloads/kafka_2.13-3.5.1/airflow-env/lib64/python3.11/site-packages/airflow/example_dags/plugins/event_listener.py
[2023-10-07T04:59:02.709+0530] {processor.py:829} INFO - Processing file /home/raj/Downloads/kafka_2.13-3.5.1/airflow-env/lib64/python3.11/site-packages/airflow/example_dags/plugins/event_listener.py for tasks to queue
[2023-10-07T04:59:02.710+0530] {logging_mixin.py:151} INFO - [2023-10-07T04:59:02.709+0530] {dagbag.py:539} INFO - Filling up the DagBag from /home/raj/Downloads/kafka_2.13-3.5.1/airflow-env/lib64/python3.11/site-packages/airflow/example_dags/plugins/event_listener.py
[2023-10-07T04:59:02.712+0530] {processor.py:841} WARNING - No viable dags retrieved from /home/raj/Downloads/kafka_2.13-3.5.1/airflow-env/lib64/python3.11/site-packages/airflow/example_dags/plugins/event_listener.py
[2023-10-07T04:59:02.722+0530] {processor.py:179} INFO - Processing /home/raj/Downloads/kafka_2.13-3.5.1/airflow-env/lib64/python3.11/site-packages/airflow/example_dags/plugins/event_listener.py took 0.023 seconds
