[2023-10-07T03:59:30.326+0530] {processor.py:157} INFO - Started process (PID=17934) to work on /home/raj/Downloads/kafka_2.13-3.5.1/airflow-env/lib64/python3.11/site-packages/airflow/example_dags/plugins/listener_plugin.py
[2023-10-07T03:59:30.328+0530] {processor.py:829} INFO - Processing file /home/raj/Downloads/kafka_2.13-3.5.1/airflow-env/lib64/python3.11/site-packages/airflow/example_dags/plugins/listener_plugin.py for tasks to queue
[2023-10-07T03:59:30.329+0530] {logging_mixin.py:151} INFO - [2023-10-07T03:59:30.328+0530] {dagbag.py:539} INFO - Filling up the DagBag from /home/raj/Downloads/kafka_2.13-3.5.1/airflow-env/lib64/python3.11/site-packages/airflow/example_dags/plugins/listener_plugin.py
[2023-10-07T03:59:30.334+0530] {processor.py:841} WARNING - No viable dags retrieved from /home/raj/Downloads/kafka_2.13-3.5.1/airflow-env/lib64/python3.11/site-packages/airflow/example_dags/plugins/listener_plugin.py
[2023-10-07T03:59:30.351+0530] {processor.py:179} INFO - Processing /home/raj/Downloads/kafka_2.13-3.5.1/airflow-env/lib64/python3.11/site-packages/airflow/example_dags/plugins/listener_plugin.py took 0.030 seconds
[2023-10-07T04:00:23.134+0530] {processor.py:157} INFO - Started process (PID=18131) to work on /home/raj/Downloads/kafka_2.13-3.5.1/airflow-env/lib64/python3.11/site-packages/airflow/example_dags/plugins/listener_plugin.py
[2023-10-07T04:00:23.135+0530] {processor.py:829} INFO - Processing file /home/raj/Downloads/kafka_2.13-3.5.1/airflow-env/lib64/python3.11/site-packages/airflow/example_dags/plugins/listener_plugin.py for tasks to queue
[2023-10-07T04:00:23.137+0530] {logging_mixin.py:151} INFO - [2023-10-07T04:00:23.136+0530] {dagbag.py:539} INFO - Filling up the DagBag from /home/raj/Downloads/kafka_2.13-3.5.1/airflow-env/lib64/python3.11/site-packages/airflow/example_dags/plugins/listener_plugin.py
[2023-10-07T04:00:23.142+0530] {processor.py:841} WARNING - No viable dags retrieved from /home/raj/Downloads/kafka_2.13-3.5.1/airflow-env/lib64/python3.11/site-packages/airflow/example_dags/plugins/listener_plugin.py
[2023-10-07T04:00:23.160+0530] {processor.py:179} INFO - Processing /home/raj/Downloads/kafka_2.13-3.5.1/airflow-env/lib64/python3.11/site-packages/airflow/example_dags/plugins/listener_plugin.py took 0.031 seconds
[2023-10-07T04:01:00.831+0530] {processor.py:157} INFO - Started process (PID=18210) to work on /home/raj/Downloads/kafka_2.13-3.5.1/airflow-env/lib64/python3.11/site-packages/airflow/example_dags/plugins/listener_plugin.py
[2023-10-07T04:01:00.833+0530] {processor.py:829} INFO - Processing file /home/raj/Downloads/kafka_2.13-3.5.1/airflow-env/lib64/python3.11/site-packages/airflow/example_dags/plugins/listener_plugin.py for tasks to queue
[2023-10-07T04:01:00.834+0530] {logging_mixin.py:151} INFO - [2023-10-07T04:01:00.834+0530] {dagbag.py:539} INFO - Filling up the DagBag from /home/raj/Downloads/kafka_2.13-3.5.1/airflow-env/lib64/python3.11/site-packages/airflow/example_dags/plugins/listener_plugin.py
[2023-10-07T04:01:00.840+0530] {processor.py:841} WARNING - No viable dags retrieved from /home/raj/Downloads/kafka_2.13-3.5.1/airflow-env/lib64/python3.11/site-packages/airflow/example_dags/plugins/listener_plugin.py
[2023-10-07T04:01:00.858+0530] {processor.py:179} INFO - Processing /home/raj/Downloads/kafka_2.13-3.5.1/airflow-env/lib64/python3.11/site-packages/airflow/example_dags/plugins/listener_plugin.py took 0.032 seconds
[2023-10-07T04:01:33.278+0530] {processor.py:157} INFO - Started process (PID=18297) to work on /home/raj/Downloads/kafka_2.13-3.5.1/airflow-env/lib64/python3.11/site-packages/airflow/example_dags/plugins/listener_plugin.py
[2023-10-07T04:01:33.279+0530] {processor.py:829} INFO - Processing file /home/raj/Downloads/kafka_2.13-3.5.1/airflow-env/lib64/python3.11/site-packages/airflow/example_dags/plugins/listener_plugin.py for tasks to queue
[2023-10-07T04:01:33.282+0530] {logging_mixin.py:151} INFO - [2023-10-07T04:01:33.281+0530] {dagbag.py:539} INFO - Filling up the DagBag from /home/raj/Downloads/kafka_2.13-3.5.1/airflow-env/lib64/python3.11/site-packages/airflow/example_dags/plugins/listener_plugin.py
[2023-10-07T04:01:33.288+0530] {processor.py:841} WARNING - No viable dags retrieved from /home/raj/Downloads/kafka_2.13-3.5.1/airflow-env/lib64/python3.11/site-packages/airflow/example_dags/plugins/listener_plugin.py
[2023-10-07T04:01:33.307+0530] {processor.py:179} INFO - Processing /home/raj/Downloads/kafka_2.13-3.5.1/airflow-env/lib64/python3.11/site-packages/airflow/example_dags/plugins/listener_plugin.py took 0.035 seconds
[2023-10-07T04:02:08.995+0530] {processor.py:157} INFO - Started process (PID=18383) to work on /home/raj/Downloads/kafka_2.13-3.5.1/airflow-env/lib64/python3.11/site-packages/airflow/example_dags/plugins/listener_plugin.py
[2023-10-07T04:02:09.006+0530] {processor.py:829} INFO - Processing file /home/raj/Downloads/kafka_2.13-3.5.1/airflow-env/lib64/python3.11/site-packages/airflow/example_dags/plugins/listener_plugin.py for tasks to queue
[2023-10-07T04:02:09.008+0530] {logging_mixin.py:151} INFO - [2023-10-07T04:02:09.007+0530] {dagbag.py:539} INFO - Filling up the DagBag from /home/raj/Downloads/kafka_2.13-3.5.1/airflow-env/lib64/python3.11/site-packages/airflow/example_dags/plugins/listener_plugin.py
[2023-10-07T04:02:09.013+0530] {processor.py:841} WARNING - No viable dags retrieved from /home/raj/Downloads/kafka_2.13-3.5.1/airflow-env/lib64/python3.11/site-packages/airflow/example_dags/plugins/listener_plugin.py
[2023-10-07T04:02:09.027+0530] {processor.py:179} INFO - Processing /home/raj/Downloads/kafka_2.13-3.5.1/airflow-env/lib64/python3.11/site-packages/airflow/example_dags/plugins/listener_plugin.py took 0.038 seconds
[2023-10-07T04:02:45.084+0530] {processor.py:157} INFO - Started process (PID=18483) to work on /home/raj/Downloads/kafka_2.13-3.5.1/airflow-env/lib64/python3.11/site-packages/airflow/example_dags/plugins/listener_plugin.py
[2023-10-07T04:02:45.095+0530] {processor.py:829} INFO - Processing file /home/raj/Downloads/kafka_2.13-3.5.1/airflow-env/lib64/python3.11/site-packages/airflow/example_dags/plugins/listener_plugin.py for tasks to queue
[2023-10-07T04:02:45.096+0530] {logging_mixin.py:151} INFO - [2023-10-07T04:02:45.095+0530] {dagbag.py:539} INFO - Filling up the DagBag from /home/raj/Downloads/kafka_2.13-3.5.1/airflow-env/lib64/python3.11/site-packages/airflow/example_dags/plugins/listener_plugin.py
[2023-10-07T04:02:45.099+0530] {processor.py:841} WARNING - No viable dags retrieved from /home/raj/Downloads/kafka_2.13-3.5.1/airflow-env/lib64/python3.11/site-packages/airflow/example_dags/plugins/listener_plugin.py
[2023-10-07T04:02:45.110+0530] {processor.py:179} INFO - Processing /home/raj/Downloads/kafka_2.13-3.5.1/airflow-env/lib64/python3.11/site-packages/airflow/example_dags/plugins/listener_plugin.py took 0.029 seconds
[2023-10-07T04:03:19.637+0530] {processor.py:157} INFO - Started process (PID=18641) to work on /home/raj/Downloads/kafka_2.13-3.5.1/airflow-env/lib64/python3.11/site-packages/airflow/example_dags/plugins/listener_plugin.py
[2023-10-07T04:03:19.649+0530] {processor.py:829} INFO - Processing file /home/raj/Downloads/kafka_2.13-3.5.1/airflow-env/lib64/python3.11/site-packages/airflow/example_dags/plugins/listener_plugin.py for tasks to queue
[2023-10-07T04:03:19.651+0530] {logging_mixin.py:151} INFO - [2023-10-07T04:03:19.650+0530] {dagbag.py:539} INFO - Filling up the DagBag from /home/raj/Downloads/kafka_2.13-3.5.1/airflow-env/lib64/python3.11/site-packages/airflow/example_dags/plugins/listener_plugin.py
[2023-10-07T04:03:19.658+0530] {processor.py:841} WARNING - No viable dags retrieved from /home/raj/Downloads/kafka_2.13-3.5.1/airflow-env/lib64/python3.11/site-packages/airflow/example_dags/plugins/listener_plugin.py
[2023-10-07T04:03:19.672+0530] {processor.py:179} INFO - Processing /home/raj/Downloads/kafka_2.13-3.5.1/airflow-env/lib64/python3.11/site-packages/airflow/example_dags/plugins/listener_plugin.py took 0.040 seconds
[2023-10-07T04:04:03.188+0530] {processor.py:157} INFO - Started process (PID=18701) to work on /home/raj/Downloads/kafka_2.13-3.5.1/airflow-env/lib64/python3.11/site-packages/airflow/example_dags/plugins/listener_plugin.py
[2023-10-07T04:04:03.189+0530] {processor.py:829} INFO - Processing file /home/raj/Downloads/kafka_2.13-3.5.1/airflow-env/lib64/python3.11/site-packages/airflow/example_dags/plugins/listener_plugin.py for tasks to queue
[2023-10-07T04:04:03.191+0530] {logging_mixin.py:151} INFO - [2023-10-07T04:04:03.190+0530] {dagbag.py:539} INFO - Filling up the DagBag from /home/raj/Downloads/kafka_2.13-3.5.1/airflow-env/lib64/python3.11/site-packages/airflow/example_dags/plugins/listener_plugin.py
[2023-10-07T04:04:03.193+0530] {processor.py:841} WARNING - No viable dags retrieved from /home/raj/Downloads/kafka_2.13-3.5.1/airflow-env/lib64/python3.11/site-packages/airflow/example_dags/plugins/listener_plugin.py
[2023-10-07T04:04:03.202+0530] {processor.py:179} INFO - Processing /home/raj/Downloads/kafka_2.13-3.5.1/airflow-env/lib64/python3.11/site-packages/airflow/example_dags/plugins/listener_plugin.py took 0.020 seconds
[2023-10-07T04:04:36.702+0530] {processor.py:157} INFO - Started process (PID=18758) to work on /home/raj/Downloads/kafka_2.13-3.5.1/airflow-env/lib64/python3.11/site-packages/airflow/example_dags/plugins/listener_plugin.py
[2023-10-07T04:04:36.713+0530] {processor.py:829} INFO - Processing file /home/raj/Downloads/kafka_2.13-3.5.1/airflow-env/lib64/python3.11/site-packages/airflow/example_dags/plugins/listener_plugin.py for tasks to queue
[2023-10-07T04:04:36.715+0530] {logging_mixin.py:151} INFO - [2023-10-07T04:04:36.714+0530] {dagbag.py:539} INFO - Filling up the DagBag from /home/raj/Downloads/kafka_2.13-3.5.1/airflow-env/lib64/python3.11/site-packages/airflow/example_dags/plugins/listener_plugin.py
[2023-10-07T04:04:36.720+0530] {processor.py:841} WARNING - No viable dags retrieved from /home/raj/Downloads/kafka_2.13-3.5.1/airflow-env/lib64/python3.11/site-packages/airflow/example_dags/plugins/listener_plugin.py
[2023-10-07T04:04:36.738+0530] {processor.py:179} INFO - Processing /home/raj/Downloads/kafka_2.13-3.5.1/airflow-env/lib64/python3.11/site-packages/airflow/example_dags/plugins/listener_plugin.py took 0.042 seconds
[2023-10-07T04:05:11.655+0530] {processor.py:157} INFO - Started process (PID=18927) to work on /home/raj/Downloads/kafka_2.13-3.5.1/airflow-env/lib64/python3.11/site-packages/airflow/example_dags/plugins/listener_plugin.py
[2023-10-07T04:05:11.666+0530] {processor.py:829} INFO - Processing file /home/raj/Downloads/kafka_2.13-3.5.1/airflow-env/lib64/python3.11/site-packages/airflow/example_dags/plugins/listener_plugin.py for tasks to queue
[2023-10-07T04:05:11.668+0530] {logging_mixin.py:151} INFO - [2023-10-07T04:05:11.667+0530] {dagbag.py:539} INFO - Filling up the DagBag from /home/raj/Downloads/kafka_2.13-3.5.1/airflow-env/lib64/python3.11/site-packages/airflow/example_dags/plugins/listener_plugin.py
[2023-10-07T04:05:11.673+0530] {processor.py:841} WARNING - No viable dags retrieved from /home/raj/Downloads/kafka_2.13-3.5.1/airflow-env/lib64/python3.11/site-packages/airflow/example_dags/plugins/listener_plugin.py
[2023-10-07T04:05:11.690+0530] {processor.py:179} INFO - Processing /home/raj/Downloads/kafka_2.13-3.5.1/airflow-env/lib64/python3.11/site-packages/airflow/example_dags/plugins/listener_plugin.py took 0.042 seconds
[2023-10-07T04:05:46.342+0530] {processor.py:157} INFO - Started process (PID=18994) to work on /home/raj/Downloads/kafka_2.13-3.5.1/airflow-env/lib64/python3.11/site-packages/airflow/example_dags/plugins/listener_plugin.py
[2023-10-07T04:05:46.353+0530] {processor.py:829} INFO - Processing file /home/raj/Downloads/kafka_2.13-3.5.1/airflow-env/lib64/python3.11/site-packages/airflow/example_dags/plugins/listener_plugin.py for tasks to queue
[2023-10-07T04:05:46.354+0530] {logging_mixin.py:151} INFO - [2023-10-07T04:05:46.354+0530] {dagbag.py:539} INFO - Filling up the DagBag from /home/raj/Downloads/kafka_2.13-3.5.1/airflow-env/lib64/python3.11/site-packages/airflow/example_dags/plugins/listener_plugin.py
[2023-10-07T04:05:46.359+0530] {processor.py:841} WARNING - No viable dags retrieved from /home/raj/Downloads/kafka_2.13-3.5.1/airflow-env/lib64/python3.11/site-packages/airflow/example_dags/plugins/listener_plugin.py
[2023-10-07T04:05:46.385+0530] {processor.py:179} INFO - Processing /home/raj/Downloads/kafka_2.13-3.5.1/airflow-env/lib64/python3.11/site-packages/airflow/example_dags/plugins/listener_plugin.py took 0.048 seconds
[2023-10-07T04:06:20.844+0530] {processor.py:157} INFO - Started process (PID=19087) to work on /home/raj/Downloads/kafka_2.13-3.5.1/airflow-env/lib64/python3.11/site-packages/airflow/example_dags/plugins/listener_plugin.py
[2023-10-07T04:06:20.855+0530] {processor.py:829} INFO - Processing file /home/raj/Downloads/kafka_2.13-3.5.1/airflow-env/lib64/python3.11/site-packages/airflow/example_dags/plugins/listener_plugin.py for tasks to queue
[2023-10-07T04:06:20.857+0530] {logging_mixin.py:151} INFO - [2023-10-07T04:06:20.856+0530] {dagbag.py:539} INFO - Filling up the DagBag from /home/raj/Downloads/kafka_2.13-3.5.1/airflow-env/lib64/python3.11/site-packages/airflow/example_dags/plugins/listener_plugin.py
[2023-10-07T04:06:20.862+0530] {processor.py:841} WARNING - No viable dags retrieved from /home/raj/Downloads/kafka_2.13-3.5.1/airflow-env/lib64/python3.11/site-packages/airflow/example_dags/plugins/listener_plugin.py
[2023-10-07T04:06:20.875+0530] {processor.py:179} INFO - Processing /home/raj/Downloads/kafka_2.13-3.5.1/airflow-env/lib64/python3.11/site-packages/airflow/example_dags/plugins/listener_plugin.py took 0.037 seconds
[2023-10-07T04:06:58.778+0530] {processor.py:157} INFO - Started process (PID=19167) to work on /home/raj/Downloads/kafka_2.13-3.5.1/airflow-env/lib64/python3.11/site-packages/airflow/example_dags/plugins/listener_plugin.py
[2023-10-07T04:06:58.789+0530] {processor.py:829} INFO - Processing file /home/raj/Downloads/kafka_2.13-3.5.1/airflow-env/lib64/python3.11/site-packages/airflow/example_dags/plugins/listener_plugin.py for tasks to queue
[2023-10-07T04:06:58.791+0530] {logging_mixin.py:151} INFO - [2023-10-07T04:06:58.790+0530] {dagbag.py:539} INFO - Filling up the DagBag from /home/raj/Downloads/kafka_2.13-3.5.1/airflow-env/lib64/python3.11/site-packages/airflow/example_dags/plugins/listener_plugin.py
[2023-10-07T04:06:58.796+0530] {processor.py:841} WARNING - No viable dags retrieved from /home/raj/Downloads/kafka_2.13-3.5.1/airflow-env/lib64/python3.11/site-packages/airflow/example_dags/plugins/listener_plugin.py
[2023-10-07T04:06:58.816+0530] {processor.py:179} INFO - Processing /home/raj/Downloads/kafka_2.13-3.5.1/airflow-env/lib64/python3.11/site-packages/airflow/example_dags/plugins/listener_plugin.py took 0.043 seconds
[2023-10-07T04:07:36.849+0530] {processor.py:157} INFO - Started process (PID=19210) to work on /home/raj/Downloads/kafka_2.13-3.5.1/airflow-env/lib64/python3.11/site-packages/airflow/example_dags/plugins/listener_plugin.py
[2023-10-07T04:07:36.851+0530] {processor.py:829} INFO - Processing file /home/raj/Downloads/kafka_2.13-3.5.1/airflow-env/lib64/python3.11/site-packages/airflow/example_dags/plugins/listener_plugin.py for tasks to queue
[2023-10-07T04:07:36.852+0530] {logging_mixin.py:151} INFO - [2023-10-07T04:07:36.852+0530] {dagbag.py:539} INFO - Filling up the DagBag from /home/raj/Downloads/kafka_2.13-3.5.1/airflow-env/lib64/python3.11/site-packages/airflow/example_dags/plugins/listener_plugin.py
[2023-10-07T04:07:36.857+0530] {processor.py:841} WARNING - No viable dags retrieved from /home/raj/Downloads/kafka_2.13-3.5.1/airflow-env/lib64/python3.11/site-packages/airflow/example_dags/plugins/listener_plugin.py
[2023-10-07T04:07:36.876+0530] {processor.py:179} INFO - Processing /home/raj/Downloads/kafka_2.13-3.5.1/airflow-env/lib64/python3.11/site-packages/airflow/example_dags/plugins/listener_plugin.py took 0.032 seconds
[2023-10-07T04:08:13.498+0530] {processor.py:157} INFO - Started process (PID=19247) to work on /home/raj/Downloads/kafka_2.13-3.5.1/airflow-env/lib64/python3.11/site-packages/airflow/example_dags/plugins/listener_plugin.py
[2023-10-07T04:08:13.509+0530] {processor.py:829} INFO - Processing file /home/raj/Downloads/kafka_2.13-3.5.1/airflow-env/lib64/python3.11/site-packages/airflow/example_dags/plugins/listener_plugin.py for tasks to queue
[2023-10-07T04:08:13.511+0530] {logging_mixin.py:151} INFO - [2023-10-07T04:08:13.510+0530] {dagbag.py:539} INFO - Filling up the DagBag from /home/raj/Downloads/kafka_2.13-3.5.1/airflow-env/lib64/python3.11/site-packages/airflow/example_dags/plugins/listener_plugin.py
[2023-10-07T04:08:13.516+0530] {processor.py:841} WARNING - No viable dags retrieved from /home/raj/Downloads/kafka_2.13-3.5.1/airflow-env/lib64/python3.11/site-packages/airflow/example_dags/plugins/listener_plugin.py
[2023-10-07T04:08:13.534+0530] {processor.py:179} INFO - Processing /home/raj/Downloads/kafka_2.13-3.5.1/airflow-env/lib64/python3.11/site-packages/airflow/example_dags/plugins/listener_plugin.py took 0.040 seconds
[2023-10-07T04:08:47.960+0530] {processor.py:157} INFO - Started process (PID=19283) to work on /home/raj/Downloads/kafka_2.13-3.5.1/airflow-env/lib64/python3.11/site-packages/airflow/example_dags/plugins/listener_plugin.py
[2023-10-07T04:08:47.970+0530] {processor.py:829} INFO - Processing file /home/raj/Downloads/kafka_2.13-3.5.1/airflow-env/lib64/python3.11/site-packages/airflow/example_dags/plugins/listener_plugin.py for tasks to queue
[2023-10-07T04:08:47.971+0530] {logging_mixin.py:151} INFO - [2023-10-07T04:08:47.971+0530] {dagbag.py:539} INFO - Filling up the DagBag from /home/raj/Downloads/kafka_2.13-3.5.1/airflow-env/lib64/python3.11/site-packages/airflow/example_dags/plugins/listener_plugin.py
[2023-10-07T04:08:47.974+0530] {processor.py:841} WARNING - No viable dags retrieved from /home/raj/Downloads/kafka_2.13-3.5.1/airflow-env/lib64/python3.11/site-packages/airflow/example_dags/plugins/listener_plugin.py
[2023-10-07T04:08:47.982+0530] {processor.py:179} INFO - Processing /home/raj/Downloads/kafka_2.13-3.5.1/airflow-env/lib64/python3.11/site-packages/airflow/example_dags/plugins/listener_plugin.py took 0.026 seconds
[2023-10-07T04:09:25.392+0530] {processor.py:157} INFO - Started process (PID=19323) to work on /home/raj/Downloads/kafka_2.13-3.5.1/airflow-env/lib64/python3.11/site-packages/airflow/example_dags/plugins/listener_plugin.py
[2023-10-07T04:09:25.403+0530] {processor.py:829} INFO - Processing file /home/raj/Downloads/kafka_2.13-3.5.1/airflow-env/lib64/python3.11/site-packages/airflow/example_dags/plugins/listener_plugin.py for tasks to queue
[2023-10-07T04:09:25.405+0530] {logging_mixin.py:151} INFO - [2023-10-07T04:09:25.404+0530] {dagbag.py:539} INFO - Filling up the DagBag from /home/raj/Downloads/kafka_2.13-3.5.1/airflow-env/lib64/python3.11/site-packages/airflow/example_dags/plugins/listener_plugin.py
[2023-10-07T04:09:25.410+0530] {processor.py:841} WARNING - No viable dags retrieved from /home/raj/Downloads/kafka_2.13-3.5.1/airflow-env/lib64/python3.11/site-packages/airflow/example_dags/plugins/listener_plugin.py
[2023-10-07T04:09:25.429+0530] {processor.py:179} INFO - Processing /home/raj/Downloads/kafka_2.13-3.5.1/airflow-env/lib64/python3.11/site-packages/airflow/example_dags/plugins/listener_plugin.py took 0.043 seconds
[2023-10-07T04:09:57.961+0530] {processor.py:157} INFO - Started process (PID=19356) to work on /home/raj/Downloads/kafka_2.13-3.5.1/airflow-env/lib64/python3.11/site-packages/airflow/example_dags/plugins/listener_plugin.py
[2023-10-07T04:09:57.972+0530] {processor.py:829} INFO - Processing file /home/raj/Downloads/kafka_2.13-3.5.1/airflow-env/lib64/python3.11/site-packages/airflow/example_dags/plugins/listener_plugin.py for tasks to queue
[2023-10-07T04:09:57.973+0530] {logging_mixin.py:151} INFO - [2023-10-07T04:09:57.972+0530] {dagbag.py:539} INFO - Filling up the DagBag from /home/raj/Downloads/kafka_2.13-3.5.1/airflow-env/lib64/python3.11/site-packages/airflow/example_dags/plugins/listener_plugin.py
[2023-10-07T04:09:57.975+0530] {processor.py:841} WARNING - No viable dags retrieved from /home/raj/Downloads/kafka_2.13-3.5.1/airflow-env/lib64/python3.11/site-packages/airflow/example_dags/plugins/listener_plugin.py
[2023-10-07T04:09:57.983+0530] {processor.py:179} INFO - Processing /home/raj/Downloads/kafka_2.13-3.5.1/airflow-env/lib64/python3.11/site-packages/airflow/example_dags/plugins/listener_plugin.py took 0.025 seconds
[2023-10-07T04:10:29.975+0530] {processor.py:157} INFO - Started process (PID=19401) to work on /home/raj/Downloads/kafka_2.13-3.5.1/airflow-env/lib64/python3.11/site-packages/airflow/example_dags/plugins/listener_plugin.py
[2023-10-07T04:10:29.977+0530] {processor.py:829} INFO - Processing file /home/raj/Downloads/kafka_2.13-3.5.1/airflow-env/lib64/python3.11/site-packages/airflow/example_dags/plugins/listener_plugin.py for tasks to queue
[2023-10-07T04:10:29.979+0530] {logging_mixin.py:151} INFO - [2023-10-07T04:10:29.978+0530] {dagbag.py:539} INFO - Filling up the DagBag from /home/raj/Downloads/kafka_2.13-3.5.1/airflow-env/lib64/python3.11/site-packages/airflow/example_dags/plugins/listener_plugin.py
[2023-10-07T04:10:29.984+0530] {processor.py:841} WARNING - No viable dags retrieved from /home/raj/Downloads/kafka_2.13-3.5.1/airflow-env/lib64/python3.11/site-packages/airflow/example_dags/plugins/listener_plugin.py
[2023-10-07T04:10:30.002+0530] {processor.py:179} INFO - Processing /home/raj/Downloads/kafka_2.13-3.5.1/airflow-env/lib64/python3.11/site-packages/airflow/example_dags/plugins/listener_plugin.py took 0.032 seconds
[2023-10-07T04:11:04.145+0530] {processor.py:157} INFO - Started process (PID=19444) to work on /home/raj/Downloads/kafka_2.13-3.5.1/airflow-env/lib64/python3.11/site-packages/airflow/example_dags/plugins/listener_plugin.py
[2023-10-07T04:11:04.156+0530] {processor.py:829} INFO - Processing file /home/raj/Downloads/kafka_2.13-3.5.1/airflow-env/lib64/python3.11/site-packages/airflow/example_dags/plugins/listener_plugin.py for tasks to queue
[2023-10-07T04:11:04.158+0530] {logging_mixin.py:151} INFO - [2023-10-07T04:11:04.157+0530] {dagbag.py:539} INFO - Filling up the DagBag from /home/raj/Downloads/kafka_2.13-3.5.1/airflow-env/lib64/python3.11/site-packages/airflow/example_dags/plugins/listener_plugin.py
[2023-10-07T04:11:04.163+0530] {processor.py:841} WARNING - No viable dags retrieved from /home/raj/Downloads/kafka_2.13-3.5.1/airflow-env/lib64/python3.11/site-packages/airflow/example_dags/plugins/listener_plugin.py
[2023-10-07T04:11:04.182+0530] {processor.py:179} INFO - Processing /home/raj/Downloads/kafka_2.13-3.5.1/airflow-env/lib64/python3.11/site-packages/airflow/example_dags/plugins/listener_plugin.py took 0.042 seconds
[2023-10-07T04:11:39.901+0530] {processor.py:157} INFO - Started process (PID=19482) to work on /home/raj/Downloads/kafka_2.13-3.5.1/airflow-env/lib64/python3.11/site-packages/airflow/example_dags/plugins/listener_plugin.py
[2023-10-07T04:11:39.912+0530] {processor.py:829} INFO - Processing file /home/raj/Downloads/kafka_2.13-3.5.1/airflow-env/lib64/python3.11/site-packages/airflow/example_dags/plugins/listener_plugin.py for tasks to queue
[2023-10-07T04:11:39.913+0530] {logging_mixin.py:151} INFO - [2023-10-07T04:11:39.913+0530] {dagbag.py:539} INFO - Filling up the DagBag from /home/raj/Downloads/kafka_2.13-3.5.1/airflow-env/lib64/python3.11/site-packages/airflow/example_dags/plugins/listener_plugin.py
[2023-10-07T04:11:39.918+0530] {processor.py:841} WARNING - No viable dags retrieved from /home/raj/Downloads/kafka_2.13-3.5.1/airflow-env/lib64/python3.11/site-packages/airflow/example_dags/plugins/listener_plugin.py
[2023-10-07T04:11:39.935+0530] {processor.py:179} INFO - Processing /home/raj/Downloads/kafka_2.13-3.5.1/airflow-env/lib64/python3.11/site-packages/airflow/example_dags/plugins/listener_plugin.py took 0.039 seconds
[2023-10-07T04:12:14.953+0530] {processor.py:157} INFO - Started process (PID=19540) to work on /home/raj/Downloads/kafka_2.13-3.5.1/airflow-env/lib64/python3.11/site-packages/airflow/example_dags/plugins/listener_plugin.py
[2023-10-07T04:12:14.955+0530] {processor.py:829} INFO - Processing file /home/raj/Downloads/kafka_2.13-3.5.1/airflow-env/lib64/python3.11/site-packages/airflow/example_dags/plugins/listener_plugin.py for tasks to queue
[2023-10-07T04:12:14.957+0530] {logging_mixin.py:151} INFO - [2023-10-07T04:12:14.956+0530] {dagbag.py:539} INFO - Filling up the DagBag from /home/raj/Downloads/kafka_2.13-3.5.1/airflow-env/lib64/python3.11/site-packages/airflow/example_dags/plugins/listener_plugin.py
[2023-10-07T04:12:14.963+0530] {processor.py:841} WARNING - No viable dags retrieved from /home/raj/Downloads/kafka_2.13-3.5.1/airflow-env/lib64/python3.11/site-packages/airflow/example_dags/plugins/listener_plugin.py
[2023-10-07T04:12:14.980+0530] {processor.py:179} INFO - Processing /home/raj/Downloads/kafka_2.13-3.5.1/airflow-env/lib64/python3.11/site-packages/airflow/example_dags/plugins/listener_plugin.py took 0.034 seconds
[2023-10-07T04:12:53.662+0530] {processor.py:157} INFO - Started process (PID=19577) to work on /home/raj/Downloads/kafka_2.13-3.5.1/airflow-env/lib64/python3.11/site-packages/airflow/example_dags/plugins/listener_plugin.py
[2023-10-07T04:12:53.673+0530] {processor.py:829} INFO - Processing file /home/raj/Downloads/kafka_2.13-3.5.1/airflow-env/lib64/python3.11/site-packages/airflow/example_dags/plugins/listener_plugin.py for tasks to queue
[2023-10-07T04:12:53.675+0530] {logging_mixin.py:151} INFO - [2023-10-07T04:12:53.674+0530] {dagbag.py:539} INFO - Filling up the DagBag from /home/raj/Downloads/kafka_2.13-3.5.1/airflow-env/lib64/python3.11/site-packages/airflow/example_dags/plugins/listener_plugin.py
[2023-10-07T04:12:53.680+0530] {processor.py:841} WARNING - No viable dags retrieved from /home/raj/Downloads/kafka_2.13-3.5.1/airflow-env/lib64/python3.11/site-packages/airflow/example_dags/plugins/listener_plugin.py
[2023-10-07T04:12:53.698+0530] {processor.py:179} INFO - Processing /home/raj/Downloads/kafka_2.13-3.5.1/airflow-env/lib64/python3.11/site-packages/airflow/example_dags/plugins/listener_plugin.py took 0.042 seconds
[2023-10-07T04:13:29.005+0530] {processor.py:157} INFO - Started process (PID=19613) to work on /home/raj/Downloads/kafka_2.13-3.5.1/airflow-env/lib64/python3.11/site-packages/airflow/example_dags/plugins/listener_plugin.py
[2023-10-07T04:13:29.016+0530] {processor.py:829} INFO - Processing file /home/raj/Downloads/kafka_2.13-3.5.1/airflow-env/lib64/python3.11/site-packages/airflow/example_dags/plugins/listener_plugin.py for tasks to queue
[2023-10-07T04:13:29.018+0530] {logging_mixin.py:151} INFO - [2023-10-07T04:13:29.017+0530] {dagbag.py:539} INFO - Filling up the DagBag from /home/raj/Downloads/kafka_2.13-3.5.1/airflow-env/lib64/python3.11/site-packages/airflow/example_dags/plugins/listener_plugin.py
[2023-10-07T04:13:29.021+0530] {processor.py:841} WARNING - No viable dags retrieved from /home/raj/Downloads/kafka_2.13-3.5.1/airflow-env/lib64/python3.11/site-packages/airflow/example_dags/plugins/listener_plugin.py
[2023-10-07T04:13:29.031+0530] {processor.py:179} INFO - Processing /home/raj/Downloads/kafka_2.13-3.5.1/airflow-env/lib64/python3.11/site-packages/airflow/example_dags/plugins/listener_plugin.py took 0.031 seconds
[2023-10-07T04:14:02.609+0530] {processor.py:157} INFO - Started process (PID=19648) to work on /home/raj/Downloads/kafka_2.13-3.5.1/airflow-env/lib64/python3.11/site-packages/airflow/example_dags/plugins/listener_plugin.py
[2023-10-07T04:14:02.620+0530] {processor.py:829} INFO - Processing file /home/raj/Downloads/kafka_2.13-3.5.1/airflow-env/lib64/python3.11/site-packages/airflow/example_dags/plugins/listener_plugin.py for tasks to queue
[2023-10-07T04:14:02.622+0530] {logging_mixin.py:151} INFO - [2023-10-07T04:14:02.621+0530] {dagbag.py:539} INFO - Filling up the DagBag from /home/raj/Downloads/kafka_2.13-3.5.1/airflow-env/lib64/python3.11/site-packages/airflow/example_dags/plugins/listener_plugin.py
[2023-10-07T04:14:02.624+0530] {processor.py:841} WARNING - No viable dags retrieved from /home/raj/Downloads/kafka_2.13-3.5.1/airflow-env/lib64/python3.11/site-packages/airflow/example_dags/plugins/listener_plugin.py
[2023-10-07T04:14:02.635+0530] {processor.py:179} INFO - Processing /home/raj/Downloads/kafka_2.13-3.5.1/airflow-env/lib64/python3.11/site-packages/airflow/example_dags/plugins/listener_plugin.py took 0.028 seconds
[2023-10-07T04:14:36.088+0530] {processor.py:157} INFO - Started process (PID=19683) to work on /home/raj/Downloads/kafka_2.13-3.5.1/airflow-env/lib64/python3.11/site-packages/airflow/example_dags/plugins/listener_plugin.py
[2023-10-07T04:14:36.099+0530] {processor.py:829} INFO - Processing file /home/raj/Downloads/kafka_2.13-3.5.1/airflow-env/lib64/python3.11/site-packages/airflow/example_dags/plugins/listener_plugin.py for tasks to queue
[2023-10-07T04:14:36.100+0530] {logging_mixin.py:151} INFO - [2023-10-07T04:14:36.100+0530] {dagbag.py:539} INFO - Filling up the DagBag from /home/raj/Downloads/kafka_2.13-3.5.1/airflow-env/lib64/python3.11/site-packages/airflow/example_dags/plugins/listener_plugin.py
[2023-10-07T04:14:36.105+0530] {processor.py:841} WARNING - No viable dags retrieved from /home/raj/Downloads/kafka_2.13-3.5.1/airflow-env/lib64/python3.11/site-packages/airflow/example_dags/plugins/listener_plugin.py
[2023-10-07T04:14:36.124+0530] {processor.py:179} INFO - Processing /home/raj/Downloads/kafka_2.13-3.5.1/airflow-env/lib64/python3.11/site-packages/airflow/example_dags/plugins/listener_plugin.py took 0.041 seconds
[2023-10-07T04:15:10.148+0530] {processor.py:157} INFO - Started process (PID=19735) to work on /home/raj/Downloads/kafka_2.13-3.5.1/airflow-env/lib64/python3.11/site-packages/airflow/example_dags/plugins/listener_plugin.py
[2023-10-07T04:15:10.159+0530] {processor.py:829} INFO - Processing file /home/raj/Downloads/kafka_2.13-3.5.1/airflow-env/lib64/python3.11/site-packages/airflow/example_dags/plugins/listener_plugin.py for tasks to queue
[2023-10-07T04:15:10.161+0530] {logging_mixin.py:151} INFO - [2023-10-07T04:15:10.160+0530] {dagbag.py:539} INFO - Filling up the DagBag from /home/raj/Downloads/kafka_2.13-3.5.1/airflow-env/lib64/python3.11/site-packages/airflow/example_dags/plugins/listener_plugin.py
[2023-10-07T04:15:10.166+0530] {processor.py:841} WARNING - No viable dags retrieved from /home/raj/Downloads/kafka_2.13-3.5.1/airflow-env/lib64/python3.11/site-packages/airflow/example_dags/plugins/listener_plugin.py
[2023-10-07T04:15:10.184+0530] {processor.py:179} INFO - Processing /home/raj/Downloads/kafka_2.13-3.5.1/airflow-env/lib64/python3.11/site-packages/airflow/example_dags/plugins/listener_plugin.py took 0.041 seconds
[2023-10-07T04:15:44.177+0530] {processor.py:157} INFO - Started process (PID=19807) to work on /home/raj/Downloads/kafka_2.13-3.5.1/airflow-env/lib64/python3.11/site-packages/airflow/example_dags/plugins/listener_plugin.py
[2023-10-07T04:15:44.187+0530] {processor.py:829} INFO - Processing file /home/raj/Downloads/kafka_2.13-3.5.1/airflow-env/lib64/python3.11/site-packages/airflow/example_dags/plugins/listener_plugin.py for tasks to queue
[2023-10-07T04:15:44.189+0530] {logging_mixin.py:151} INFO - [2023-10-07T04:15:44.188+0530] {dagbag.py:539} INFO - Filling up the DagBag from /home/raj/Downloads/kafka_2.13-3.5.1/airflow-env/lib64/python3.11/site-packages/airflow/example_dags/plugins/listener_plugin.py
[2023-10-07T04:15:44.194+0530] {processor.py:841} WARNING - No viable dags retrieved from /home/raj/Downloads/kafka_2.13-3.5.1/airflow-env/lib64/python3.11/site-packages/airflow/example_dags/plugins/listener_plugin.py
[2023-10-07T04:15:44.206+0530] {processor.py:179} INFO - Processing /home/raj/Downloads/kafka_2.13-3.5.1/airflow-env/lib64/python3.11/site-packages/airflow/example_dags/plugins/listener_plugin.py took 0.032 seconds
[2023-10-07T04:16:16.489+0530] {processor.py:157} INFO - Started process (PID=19846) to work on /home/raj/Downloads/kafka_2.13-3.5.1/airflow-env/lib64/python3.11/site-packages/airflow/example_dags/plugins/listener_plugin.py
[2023-10-07T04:16:16.501+0530] {processor.py:829} INFO - Processing file /home/raj/Downloads/kafka_2.13-3.5.1/airflow-env/lib64/python3.11/site-packages/airflow/example_dags/plugins/listener_plugin.py for tasks to queue
[2023-10-07T04:16:16.502+0530] {logging_mixin.py:151} INFO - [2023-10-07T04:16:16.501+0530] {dagbag.py:539} INFO - Filling up the DagBag from /home/raj/Downloads/kafka_2.13-3.5.1/airflow-env/lib64/python3.11/site-packages/airflow/example_dags/plugins/listener_plugin.py
[2023-10-07T04:16:16.507+0530] {processor.py:841} WARNING - No viable dags retrieved from /home/raj/Downloads/kafka_2.13-3.5.1/airflow-env/lib64/python3.11/site-packages/airflow/example_dags/plugins/listener_plugin.py
[2023-10-07T04:16:16.525+0530] {processor.py:179} INFO - Processing /home/raj/Downloads/kafka_2.13-3.5.1/airflow-env/lib64/python3.11/site-packages/airflow/example_dags/plugins/listener_plugin.py took 0.042 seconds
[2023-10-07T04:16:54.416+0530] {processor.py:157} INFO - Started process (PID=19882) to work on /home/raj/Downloads/kafka_2.13-3.5.1/airflow-env/lib64/python3.11/site-packages/airflow/example_dags/plugins/listener_plugin.py
[2023-10-07T04:16:54.427+0530] {processor.py:829} INFO - Processing file /home/raj/Downloads/kafka_2.13-3.5.1/airflow-env/lib64/python3.11/site-packages/airflow/example_dags/plugins/listener_plugin.py for tasks to queue
[2023-10-07T04:16:54.429+0530] {logging_mixin.py:151} INFO - [2023-10-07T04:16:54.428+0530] {dagbag.py:539} INFO - Filling up the DagBag from /home/raj/Downloads/kafka_2.13-3.5.1/airflow-env/lib64/python3.11/site-packages/airflow/example_dags/plugins/listener_plugin.py
[2023-10-07T04:16:54.434+0530] {processor.py:841} WARNING - No viable dags retrieved from /home/raj/Downloads/kafka_2.13-3.5.1/airflow-env/lib64/python3.11/site-packages/airflow/example_dags/plugins/listener_plugin.py
[2023-10-07T04:16:54.452+0530] {processor.py:179} INFO - Processing /home/raj/Downloads/kafka_2.13-3.5.1/airflow-env/lib64/python3.11/site-packages/airflow/example_dags/plugins/listener_plugin.py took 0.041 seconds
[2023-10-07T04:17:27.903+0530] {processor.py:157} INFO - Started process (PID=19921) to work on /home/raj/Downloads/kafka_2.13-3.5.1/airflow-env/lib64/python3.11/site-packages/airflow/example_dags/plugins/listener_plugin.py
[2023-10-07T04:17:27.914+0530] {processor.py:829} INFO - Processing file /home/raj/Downloads/kafka_2.13-3.5.1/airflow-env/lib64/python3.11/site-packages/airflow/example_dags/plugins/listener_plugin.py for tasks to queue
[2023-10-07T04:17:27.916+0530] {logging_mixin.py:151} INFO - [2023-10-07T04:17:27.915+0530] {dagbag.py:539} INFO - Filling up the DagBag from /home/raj/Downloads/kafka_2.13-3.5.1/airflow-env/lib64/python3.11/site-packages/airflow/example_dags/plugins/listener_plugin.py
[2023-10-07T04:17:27.921+0530] {processor.py:841} WARNING - No viable dags retrieved from /home/raj/Downloads/kafka_2.13-3.5.1/airflow-env/lib64/python3.11/site-packages/airflow/example_dags/plugins/listener_plugin.py
[2023-10-07T04:17:27.939+0530] {processor.py:179} INFO - Processing /home/raj/Downloads/kafka_2.13-3.5.1/airflow-env/lib64/python3.11/site-packages/airflow/example_dags/plugins/listener_plugin.py took 0.041 seconds
[2023-10-07T04:18:01.857+0530] {processor.py:157} INFO - Started process (PID=19955) to work on /home/raj/Downloads/kafka_2.13-3.5.1/airflow-env/lib64/python3.11/site-packages/airflow/example_dags/plugins/listener_plugin.py
[2023-10-07T04:18:01.868+0530] {processor.py:829} INFO - Processing file /home/raj/Downloads/kafka_2.13-3.5.1/airflow-env/lib64/python3.11/site-packages/airflow/example_dags/plugins/listener_plugin.py for tasks to queue
[2023-10-07T04:18:01.870+0530] {logging_mixin.py:151} INFO - [2023-10-07T04:18:01.869+0530] {dagbag.py:539} INFO - Filling up the DagBag from /home/raj/Downloads/kafka_2.13-3.5.1/airflow-env/lib64/python3.11/site-packages/airflow/example_dags/plugins/listener_plugin.py
[2023-10-07T04:18:01.875+0530] {processor.py:841} WARNING - No viable dags retrieved from /home/raj/Downloads/kafka_2.13-3.5.1/airflow-env/lib64/python3.11/site-packages/airflow/example_dags/plugins/listener_plugin.py
[2023-10-07T04:18:01.895+0530] {processor.py:179} INFO - Processing /home/raj/Downloads/kafka_2.13-3.5.1/airflow-env/lib64/python3.11/site-packages/airflow/example_dags/plugins/listener_plugin.py took 0.042 seconds
[2023-10-07T04:18:35.869+0530] {processor.py:157} INFO - Started process (PID=19991) to work on /home/raj/Downloads/kafka_2.13-3.5.1/airflow-env/lib64/python3.11/site-packages/airflow/example_dags/plugins/listener_plugin.py
[2023-10-07T04:18:35.880+0530] {processor.py:829} INFO - Processing file /home/raj/Downloads/kafka_2.13-3.5.1/airflow-env/lib64/python3.11/site-packages/airflow/example_dags/plugins/listener_plugin.py for tasks to queue
[2023-10-07T04:18:35.881+0530] {logging_mixin.py:151} INFO - [2023-10-07T04:18:35.881+0530] {dagbag.py:539} INFO - Filling up the DagBag from /home/raj/Downloads/kafka_2.13-3.5.1/airflow-env/lib64/python3.11/site-packages/airflow/example_dags/plugins/listener_plugin.py
[2023-10-07T04:18:35.886+0530] {processor.py:841} WARNING - No viable dags retrieved from /home/raj/Downloads/kafka_2.13-3.5.1/airflow-env/lib64/python3.11/site-packages/airflow/example_dags/plugins/listener_plugin.py
[2023-10-07T04:18:35.905+0530] {processor.py:179} INFO - Processing /home/raj/Downloads/kafka_2.13-3.5.1/airflow-env/lib64/python3.11/site-packages/airflow/example_dags/plugins/listener_plugin.py took 0.041 seconds
[2023-10-07T04:19:11.065+0530] {processor.py:157} INFO - Started process (PID=20028) to work on /home/raj/Downloads/kafka_2.13-3.5.1/airflow-env/lib64/python3.11/site-packages/airflow/example_dags/plugins/listener_plugin.py
[2023-10-07T04:19:11.076+0530] {processor.py:829} INFO - Processing file /home/raj/Downloads/kafka_2.13-3.5.1/airflow-env/lib64/python3.11/site-packages/airflow/example_dags/plugins/listener_plugin.py for tasks to queue
[2023-10-07T04:19:11.078+0530] {logging_mixin.py:151} INFO - [2023-10-07T04:19:11.077+0530] {dagbag.py:539} INFO - Filling up the DagBag from /home/raj/Downloads/kafka_2.13-3.5.1/airflow-env/lib64/python3.11/site-packages/airflow/example_dags/plugins/listener_plugin.py
[2023-10-07T04:19:11.083+0530] {processor.py:841} WARNING - No viable dags retrieved from /home/raj/Downloads/kafka_2.13-3.5.1/airflow-env/lib64/python3.11/site-packages/airflow/example_dags/plugins/listener_plugin.py
[2023-10-07T04:19:11.096+0530] {processor.py:179} INFO - Processing /home/raj/Downloads/kafka_2.13-3.5.1/airflow-env/lib64/python3.11/site-packages/airflow/example_dags/plugins/listener_plugin.py took 0.035 seconds
[2023-10-07T04:19:48.801+0530] {processor.py:157} INFO - Started process (PID=20064) to work on /home/raj/Downloads/kafka_2.13-3.5.1/airflow-env/lib64/python3.11/site-packages/airflow/example_dags/plugins/listener_plugin.py
[2023-10-07T04:19:48.812+0530] {processor.py:829} INFO - Processing file /home/raj/Downloads/kafka_2.13-3.5.1/airflow-env/lib64/python3.11/site-packages/airflow/example_dags/plugins/listener_plugin.py for tasks to queue
[2023-10-07T04:19:48.813+0530] {logging_mixin.py:151} INFO - [2023-10-07T04:19:48.813+0530] {dagbag.py:539} INFO - Filling up the DagBag from /home/raj/Downloads/kafka_2.13-3.5.1/airflow-env/lib64/python3.11/site-packages/airflow/example_dags/plugins/listener_plugin.py
[2023-10-07T04:19:48.818+0530] {processor.py:841} WARNING - No viable dags retrieved from /home/raj/Downloads/kafka_2.13-3.5.1/airflow-env/lib64/python3.11/site-packages/airflow/example_dags/plugins/listener_plugin.py
[2023-10-07T04:19:48.837+0530] {processor.py:179} INFO - Processing /home/raj/Downloads/kafka_2.13-3.5.1/airflow-env/lib64/python3.11/site-packages/airflow/example_dags/plugins/listener_plugin.py took 0.041 seconds
[2023-10-07T04:20:26.309+0530] {processor.py:157} INFO - Started process (PID=20395) to work on /home/raj/Downloads/kafka_2.13-3.5.1/airflow-env/lib64/python3.11/site-packages/airflow/example_dags/plugins/listener_plugin.py
[2023-10-07T04:20:26.320+0530] {processor.py:829} INFO - Processing file /home/raj/Downloads/kafka_2.13-3.5.1/airflow-env/lib64/python3.11/site-packages/airflow/example_dags/plugins/listener_plugin.py for tasks to queue
[2023-10-07T04:20:26.321+0530] {logging_mixin.py:151} INFO - [2023-10-07T04:20:26.321+0530] {dagbag.py:539} INFO - Filling up the DagBag from /home/raj/Downloads/kafka_2.13-3.5.1/airflow-env/lib64/python3.11/site-packages/airflow/example_dags/plugins/listener_plugin.py
[2023-10-07T04:20:26.326+0530] {processor.py:841} WARNING - No viable dags retrieved from /home/raj/Downloads/kafka_2.13-3.5.1/airflow-env/lib64/python3.11/site-packages/airflow/example_dags/plugins/listener_plugin.py
[2023-10-07T04:20:26.337+0530] {processor.py:179} INFO - Processing /home/raj/Downloads/kafka_2.13-3.5.1/airflow-env/lib64/python3.11/site-packages/airflow/example_dags/plugins/listener_plugin.py took 0.033 seconds
[2023-10-07T04:21:02.937+0530] {processor.py:157} INFO - Started process (PID=20560) to work on /home/raj/Downloads/kafka_2.13-3.5.1/airflow-env/lib64/python3.11/site-packages/airflow/example_dags/plugins/listener_plugin.py
[2023-10-07T04:21:02.938+0530] {processor.py:829} INFO - Processing file /home/raj/Downloads/kafka_2.13-3.5.1/airflow-env/lib64/python3.11/site-packages/airflow/example_dags/plugins/listener_plugin.py for tasks to queue
[2023-10-07T04:21:02.939+0530] {logging_mixin.py:151} INFO - [2023-10-07T04:21:02.938+0530] {dagbag.py:539} INFO - Filling up the DagBag from /home/raj/Downloads/kafka_2.13-3.5.1/airflow-env/lib64/python3.11/site-packages/airflow/example_dags/plugins/listener_plugin.py
[2023-10-07T04:21:02.942+0530] {processor.py:841} WARNING - No viable dags retrieved from /home/raj/Downloads/kafka_2.13-3.5.1/airflow-env/lib64/python3.11/site-packages/airflow/example_dags/plugins/listener_plugin.py
[2023-10-07T04:21:02.951+0530] {processor.py:179} INFO - Processing /home/raj/Downloads/kafka_2.13-3.5.1/airflow-env/lib64/python3.11/site-packages/airflow/example_dags/plugins/listener_plugin.py took 0.017 seconds
[2023-10-07T04:21:36.707+0530] {processor.py:157} INFO - Started process (PID=20641) to work on /home/raj/Downloads/kafka_2.13-3.5.1/airflow-env/lib64/python3.11/site-packages/airflow/example_dags/plugins/listener_plugin.py
[2023-10-07T04:21:36.718+0530] {processor.py:829} INFO - Processing file /home/raj/Downloads/kafka_2.13-3.5.1/airflow-env/lib64/python3.11/site-packages/airflow/example_dags/plugins/listener_plugin.py for tasks to queue
[2023-10-07T04:21:36.718+0530] {logging_mixin.py:151} INFO - [2023-10-07T04:21:36.718+0530] {dagbag.py:539} INFO - Filling up the DagBag from /home/raj/Downloads/kafka_2.13-3.5.1/airflow-env/lib64/python3.11/site-packages/airflow/example_dags/plugins/listener_plugin.py
[2023-10-07T04:21:36.721+0530] {processor.py:841} WARNING - No viable dags retrieved from /home/raj/Downloads/kafka_2.13-3.5.1/airflow-env/lib64/python3.11/site-packages/airflow/example_dags/plugins/listener_plugin.py
[2023-10-07T04:21:36.731+0530] {processor.py:179} INFO - Processing /home/raj/Downloads/kafka_2.13-3.5.1/airflow-env/lib64/python3.11/site-packages/airflow/example_dags/plugins/listener_plugin.py took 0.026 seconds
[2023-10-07T04:22:10.232+0530] {processor.py:157} INFO - Started process (PID=20767) to work on /home/raj/Downloads/kafka_2.13-3.5.1/airflow-env/lib64/python3.11/site-packages/airflow/example_dags/plugins/listener_plugin.py
[2023-10-07T04:22:10.243+0530] {processor.py:829} INFO - Processing file /home/raj/Downloads/kafka_2.13-3.5.1/airflow-env/lib64/python3.11/site-packages/airflow/example_dags/plugins/listener_plugin.py for tasks to queue
[2023-10-07T04:22:10.244+0530] {logging_mixin.py:151} INFO - [2023-10-07T04:22:10.243+0530] {dagbag.py:539} INFO - Filling up the DagBag from /home/raj/Downloads/kafka_2.13-3.5.1/airflow-env/lib64/python3.11/site-packages/airflow/example_dags/plugins/listener_plugin.py
[2023-10-07T04:22:10.247+0530] {processor.py:841} WARNING - No viable dags retrieved from /home/raj/Downloads/kafka_2.13-3.5.1/airflow-env/lib64/python3.11/site-packages/airflow/example_dags/plugins/listener_plugin.py
[2023-10-07T04:22:10.260+0530] {processor.py:179} INFO - Processing /home/raj/Downloads/kafka_2.13-3.5.1/airflow-env/lib64/python3.11/site-packages/airflow/example_dags/plugins/listener_plugin.py took 0.032 seconds
[2023-10-07T04:22:43.076+0530] {processor.py:157} INFO - Started process (PID=20837) to work on /home/raj/Downloads/kafka_2.13-3.5.1/airflow-env/lib64/python3.11/site-packages/airflow/example_dags/plugins/listener_plugin.py
[2023-10-07T04:22:43.078+0530] {processor.py:829} INFO - Processing file /home/raj/Downloads/kafka_2.13-3.5.1/airflow-env/lib64/python3.11/site-packages/airflow/example_dags/plugins/listener_plugin.py for tasks to queue
[2023-10-07T04:22:43.079+0530] {logging_mixin.py:151} INFO - [2023-10-07T04:22:43.078+0530] {dagbag.py:539} INFO - Filling up the DagBag from /home/raj/Downloads/kafka_2.13-3.5.1/airflow-env/lib64/python3.11/site-packages/airflow/example_dags/plugins/listener_plugin.py
[2023-10-07T04:22:43.085+0530] {processor.py:841} WARNING - No viable dags retrieved from /home/raj/Downloads/kafka_2.13-3.5.1/airflow-env/lib64/python3.11/site-packages/airflow/example_dags/plugins/listener_plugin.py
[2023-10-07T04:22:43.108+0530] {processor.py:179} INFO - Processing /home/raj/Downloads/kafka_2.13-3.5.1/airflow-env/lib64/python3.11/site-packages/airflow/example_dags/plugins/listener_plugin.py took 0.038 seconds
[2023-10-07T04:23:18.700+0530] {processor.py:157} INFO - Started process (PID=20897) to work on /home/raj/Downloads/kafka_2.13-3.5.1/airflow-env/lib64/python3.11/site-packages/airflow/example_dags/plugins/listener_plugin.py
[2023-10-07T04:23:18.701+0530] {processor.py:829} INFO - Processing file /home/raj/Downloads/kafka_2.13-3.5.1/airflow-env/lib64/python3.11/site-packages/airflow/example_dags/plugins/listener_plugin.py for tasks to queue
[2023-10-07T04:23:18.703+0530] {logging_mixin.py:151} INFO - [2023-10-07T04:23:18.702+0530] {dagbag.py:539} INFO - Filling up the DagBag from /home/raj/Downloads/kafka_2.13-3.5.1/airflow-env/lib64/python3.11/site-packages/airflow/example_dags/plugins/listener_plugin.py
[2023-10-07T04:23:18.706+0530] {processor.py:841} WARNING - No viable dags retrieved from /home/raj/Downloads/kafka_2.13-3.5.1/airflow-env/lib64/python3.11/site-packages/airflow/example_dags/plugins/listener_plugin.py
[2023-10-07T04:23:18.719+0530] {processor.py:179} INFO - Processing /home/raj/Downloads/kafka_2.13-3.5.1/airflow-env/lib64/python3.11/site-packages/airflow/example_dags/plugins/listener_plugin.py took 0.022 seconds
[2023-10-07T04:23:53.131+0530] {processor.py:157} INFO - Started process (PID=20973) to work on /home/raj/Downloads/kafka_2.13-3.5.1/airflow-env/lib64/python3.11/site-packages/airflow/example_dags/plugins/listener_plugin.py
[2023-10-07T04:23:53.143+0530] {processor.py:829} INFO - Processing file /home/raj/Downloads/kafka_2.13-3.5.1/airflow-env/lib64/python3.11/site-packages/airflow/example_dags/plugins/listener_plugin.py for tasks to queue
[2023-10-07T04:23:53.144+0530] {logging_mixin.py:151} INFO - [2023-10-07T04:23:53.143+0530] {dagbag.py:539} INFO - Filling up the DagBag from /home/raj/Downloads/kafka_2.13-3.5.1/airflow-env/lib64/python3.11/site-packages/airflow/example_dags/plugins/listener_plugin.py
[2023-10-07T04:23:53.149+0530] {processor.py:841} WARNING - No viable dags retrieved from /home/raj/Downloads/kafka_2.13-3.5.1/airflow-env/lib64/python3.11/site-packages/airflow/example_dags/plugins/listener_plugin.py
[2023-10-07T04:23:53.170+0530] {processor.py:179} INFO - Processing /home/raj/Downloads/kafka_2.13-3.5.1/airflow-env/lib64/python3.11/site-packages/airflow/example_dags/plugins/listener_plugin.py took 0.045 seconds
[2023-10-07T04:24:26.645+0530] {processor.py:157} INFO - Started process (PID=21060) to work on /home/raj/Downloads/kafka_2.13-3.5.1/airflow-env/lib64/python3.11/site-packages/airflow/example_dags/plugins/listener_plugin.py
[2023-10-07T04:24:26.647+0530] {processor.py:829} INFO - Processing file /home/raj/Downloads/kafka_2.13-3.5.1/airflow-env/lib64/python3.11/site-packages/airflow/example_dags/plugins/listener_plugin.py for tasks to queue
[2023-10-07T04:24:26.648+0530] {logging_mixin.py:151} INFO - [2023-10-07T04:24:26.647+0530] {dagbag.py:539} INFO - Filling up the DagBag from /home/raj/Downloads/kafka_2.13-3.5.1/airflow-env/lib64/python3.11/site-packages/airflow/example_dags/plugins/listener_plugin.py
[2023-10-07T04:24:26.651+0530] {processor.py:841} WARNING - No viable dags retrieved from /home/raj/Downloads/kafka_2.13-3.5.1/airflow-env/lib64/python3.11/site-packages/airflow/example_dags/plugins/listener_plugin.py
[2023-10-07T04:24:26.665+0530] {processor.py:179} INFO - Processing /home/raj/Downloads/kafka_2.13-3.5.1/airflow-env/lib64/python3.11/site-packages/airflow/example_dags/plugins/listener_plugin.py took 0.024 seconds
[2023-10-07T04:24:59.560+0530] {processor.py:157} INFO - Started process (PID=21118) to work on /home/raj/Downloads/kafka_2.13-3.5.1/airflow-env/lib64/python3.11/site-packages/airflow/example_dags/plugins/listener_plugin.py
[2023-10-07T04:24:59.572+0530] {processor.py:829} INFO - Processing file /home/raj/Downloads/kafka_2.13-3.5.1/airflow-env/lib64/python3.11/site-packages/airflow/example_dags/plugins/listener_plugin.py for tasks to queue
[2023-10-07T04:24:59.573+0530] {logging_mixin.py:151} INFO - [2023-10-07T04:24:59.573+0530] {dagbag.py:539} INFO - Filling up the DagBag from /home/raj/Downloads/kafka_2.13-3.5.1/airflow-env/lib64/python3.11/site-packages/airflow/example_dags/plugins/listener_plugin.py
[2023-10-07T04:24:59.578+0530] {processor.py:841} WARNING - No viable dags retrieved from /home/raj/Downloads/kafka_2.13-3.5.1/airflow-env/lib64/python3.11/site-packages/airflow/example_dags/plugins/listener_plugin.py
[2023-10-07T04:24:59.599+0530] {processor.py:179} INFO - Processing /home/raj/Downloads/kafka_2.13-3.5.1/airflow-env/lib64/python3.11/site-packages/airflow/example_dags/plugins/listener_plugin.py took 0.044 seconds
[2023-10-07T04:25:32.975+0530] {processor.py:157} INFO - Started process (PID=21175) to work on /home/raj/Downloads/kafka_2.13-3.5.1/airflow-env/lib64/python3.11/site-packages/airflow/example_dags/plugins/listener_plugin.py
[2023-10-07T04:25:32.987+0530] {processor.py:829} INFO - Processing file /home/raj/Downloads/kafka_2.13-3.5.1/airflow-env/lib64/python3.11/site-packages/airflow/example_dags/plugins/listener_plugin.py for tasks to queue
[2023-10-07T04:25:32.989+0530] {logging_mixin.py:151} INFO - [2023-10-07T04:25:32.988+0530] {dagbag.py:539} INFO - Filling up the DagBag from /home/raj/Downloads/kafka_2.13-3.5.1/airflow-env/lib64/python3.11/site-packages/airflow/example_dags/plugins/listener_plugin.py
[2023-10-07T04:25:32.995+0530] {processor.py:841} WARNING - No viable dags retrieved from /home/raj/Downloads/kafka_2.13-3.5.1/airflow-env/lib64/python3.11/site-packages/airflow/example_dags/plugins/listener_plugin.py
[2023-10-07T04:25:33.009+0530] {processor.py:179} INFO - Processing /home/raj/Downloads/kafka_2.13-3.5.1/airflow-env/lib64/python3.11/site-packages/airflow/example_dags/plugins/listener_plugin.py took 0.039 seconds
[2023-10-07T04:26:08.648+0530] {processor.py:157} INFO - Started process (PID=21274) to work on /home/raj/Downloads/kafka_2.13-3.5.1/airflow-env/lib64/python3.11/site-packages/airflow/example_dags/plugins/listener_plugin.py
[2023-10-07T04:26:08.659+0530] {processor.py:829} INFO - Processing file /home/raj/Downloads/kafka_2.13-3.5.1/airflow-env/lib64/python3.11/site-packages/airflow/example_dags/plugins/listener_plugin.py for tasks to queue
[2023-10-07T04:26:08.660+0530] {logging_mixin.py:151} INFO - [2023-10-07T04:26:08.660+0530] {dagbag.py:539} INFO - Filling up the DagBag from /home/raj/Downloads/kafka_2.13-3.5.1/airflow-env/lib64/python3.11/site-packages/airflow/example_dags/plugins/listener_plugin.py
[2023-10-07T04:26:08.664+0530] {processor.py:841} WARNING - No viable dags retrieved from /home/raj/Downloads/kafka_2.13-3.5.1/airflow-env/lib64/python3.11/site-packages/airflow/example_dags/plugins/listener_plugin.py
[2023-10-07T04:26:08.681+0530] {processor.py:179} INFO - Processing /home/raj/Downloads/kafka_2.13-3.5.1/airflow-env/lib64/python3.11/site-packages/airflow/example_dags/plugins/listener_plugin.py took 0.038 seconds
[2023-10-07T04:26:43.391+0530] {processor.py:157} INFO - Started process (PID=21414) to work on /home/raj/Downloads/kafka_2.13-3.5.1/airflow-env/lib64/python3.11/site-packages/airflow/example_dags/plugins/listener_plugin.py
[2023-10-07T04:26:43.403+0530] {processor.py:829} INFO - Processing file /home/raj/Downloads/kafka_2.13-3.5.1/airflow-env/lib64/python3.11/site-packages/airflow/example_dags/plugins/listener_plugin.py for tasks to queue
[2023-10-07T04:26:43.405+0530] {logging_mixin.py:151} INFO - [2023-10-07T04:26:43.404+0530] {dagbag.py:539} INFO - Filling up the DagBag from /home/raj/Downloads/kafka_2.13-3.5.1/airflow-env/lib64/python3.11/site-packages/airflow/example_dags/plugins/listener_plugin.py
[2023-10-07T04:26:43.411+0530] {processor.py:841} WARNING - No viable dags retrieved from /home/raj/Downloads/kafka_2.13-3.5.1/airflow-env/lib64/python3.11/site-packages/airflow/example_dags/plugins/listener_plugin.py
[2023-10-07T04:26:43.431+0530] {processor.py:179} INFO - Processing /home/raj/Downloads/kafka_2.13-3.5.1/airflow-env/lib64/python3.11/site-packages/airflow/example_dags/plugins/listener_plugin.py took 0.045 seconds
[2023-10-07T04:27:15.784+0530] {processor.py:157} INFO - Started process (PID=21521) to work on /home/raj/Downloads/kafka_2.13-3.5.1/airflow-env/lib64/python3.11/site-packages/airflow/example_dags/plugins/listener_plugin.py
[2023-10-07T04:27:15.785+0530] {processor.py:829} INFO - Processing file /home/raj/Downloads/kafka_2.13-3.5.1/airflow-env/lib64/python3.11/site-packages/airflow/example_dags/plugins/listener_plugin.py for tasks to queue
[2023-10-07T04:27:15.786+0530] {logging_mixin.py:151} INFO - [2023-10-07T04:27:15.785+0530] {dagbag.py:539} INFO - Filling up the DagBag from /home/raj/Downloads/kafka_2.13-3.5.1/airflow-env/lib64/python3.11/site-packages/airflow/example_dags/plugins/listener_plugin.py
[2023-10-07T04:27:15.789+0530] {processor.py:841} WARNING - No viable dags retrieved from /home/raj/Downloads/kafka_2.13-3.5.1/airflow-env/lib64/python3.11/site-packages/airflow/example_dags/plugins/listener_plugin.py
[2023-10-07T04:27:15.802+0530] {processor.py:179} INFO - Processing /home/raj/Downloads/kafka_2.13-3.5.1/airflow-env/lib64/python3.11/site-packages/airflow/example_dags/plugins/listener_plugin.py took 0.021 seconds
[2023-10-07T04:27:51.084+0530] {processor.py:157} INFO - Started process (PID=21578) to work on /home/raj/Downloads/kafka_2.13-3.5.1/airflow-env/lib64/python3.11/site-packages/airflow/example_dags/plugins/listener_plugin.py
[2023-10-07T04:27:51.095+0530] {processor.py:829} INFO - Processing file /home/raj/Downloads/kafka_2.13-3.5.1/airflow-env/lib64/python3.11/site-packages/airflow/example_dags/plugins/listener_plugin.py for tasks to queue
[2023-10-07T04:27:51.097+0530] {logging_mixin.py:151} INFO - [2023-10-07T04:27:51.096+0530] {dagbag.py:539} INFO - Filling up the DagBag from /home/raj/Downloads/kafka_2.13-3.5.1/airflow-env/lib64/python3.11/site-packages/airflow/example_dags/plugins/listener_plugin.py
[2023-10-07T04:27:51.102+0530] {processor.py:841} WARNING - No viable dags retrieved from /home/raj/Downloads/kafka_2.13-3.5.1/airflow-env/lib64/python3.11/site-packages/airflow/example_dags/plugins/listener_plugin.py
[2023-10-07T04:27:51.114+0530] {processor.py:179} INFO - Processing /home/raj/Downloads/kafka_2.13-3.5.1/airflow-env/lib64/python3.11/site-packages/airflow/example_dags/plugins/listener_plugin.py took 0.035 seconds
[2023-10-07T04:28:27.679+0530] {processor.py:157} INFO - Started process (PID=21636) to work on /home/raj/Downloads/kafka_2.13-3.5.1/airflow-env/lib64/python3.11/site-packages/airflow/example_dags/plugins/listener_plugin.py
[2023-10-07T04:28:27.691+0530] {processor.py:829} INFO - Processing file /home/raj/Downloads/kafka_2.13-3.5.1/airflow-env/lib64/python3.11/site-packages/airflow/example_dags/plugins/listener_plugin.py for tasks to queue
[2023-10-07T04:28:27.692+0530] {logging_mixin.py:151} INFO - [2023-10-07T04:28:27.692+0530] {dagbag.py:539} INFO - Filling up the DagBag from /home/raj/Downloads/kafka_2.13-3.5.1/airflow-env/lib64/python3.11/site-packages/airflow/example_dags/plugins/listener_plugin.py
[2023-10-07T04:28:27.699+0530] {processor.py:841} WARNING - No viable dags retrieved from /home/raj/Downloads/kafka_2.13-3.5.1/airflow-env/lib64/python3.11/site-packages/airflow/example_dags/plugins/listener_plugin.py
[2023-10-07T04:28:27.719+0530] {processor.py:179} INFO - Processing /home/raj/Downloads/kafka_2.13-3.5.1/airflow-env/lib64/python3.11/site-packages/airflow/example_dags/plugins/listener_plugin.py took 0.046 seconds
[2023-10-07T04:29:03.083+0530] {processor.py:157} INFO - Started process (PID=21731) to work on /home/raj/Downloads/kafka_2.13-3.5.1/airflow-env/lib64/python3.11/site-packages/airflow/example_dags/plugins/listener_plugin.py
[2023-10-07T04:29:03.094+0530] {processor.py:829} INFO - Processing file /home/raj/Downloads/kafka_2.13-3.5.1/airflow-env/lib64/python3.11/site-packages/airflow/example_dags/plugins/listener_plugin.py for tasks to queue
[2023-10-07T04:29:03.096+0530] {logging_mixin.py:151} INFO - [2023-10-07T04:29:03.096+0530] {dagbag.py:539} INFO - Filling up the DagBag from /home/raj/Downloads/kafka_2.13-3.5.1/airflow-env/lib64/python3.11/site-packages/airflow/example_dags/plugins/listener_plugin.py
[2023-10-07T04:29:03.100+0530] {processor.py:841} WARNING - No viable dags retrieved from /home/raj/Downloads/kafka_2.13-3.5.1/airflow-env/lib64/python3.11/site-packages/airflow/example_dags/plugins/listener_plugin.py
[2023-10-07T04:29:03.111+0530] {processor.py:179} INFO - Processing /home/raj/Downloads/kafka_2.13-3.5.1/airflow-env/lib64/python3.11/site-packages/airflow/example_dags/plugins/listener_plugin.py took 0.033 seconds
[2023-10-07T04:29:35.305+0530] {processor.py:157} INFO - Started process (PID=21795) to work on /home/raj/Downloads/kafka_2.13-3.5.1/airflow-env/lib64/python3.11/site-packages/airflow/example_dags/plugins/listener_plugin.py
[2023-10-07T04:29:35.316+0530] {processor.py:829} INFO - Processing file /home/raj/Downloads/kafka_2.13-3.5.1/airflow-env/lib64/python3.11/site-packages/airflow/example_dags/plugins/listener_plugin.py for tasks to queue
[2023-10-07T04:29:35.318+0530] {logging_mixin.py:151} INFO - [2023-10-07T04:29:35.317+0530] {dagbag.py:539} INFO - Filling up the DagBag from /home/raj/Downloads/kafka_2.13-3.5.1/airflow-env/lib64/python3.11/site-packages/airflow/example_dags/plugins/listener_plugin.py
[2023-10-07T04:29:35.322+0530] {processor.py:841} WARNING - No viable dags retrieved from /home/raj/Downloads/kafka_2.13-3.5.1/airflow-env/lib64/python3.11/site-packages/airflow/example_dags/plugins/listener_plugin.py
[2023-10-07T04:29:35.341+0530] {processor.py:179} INFO - Processing /home/raj/Downloads/kafka_2.13-3.5.1/airflow-env/lib64/python3.11/site-packages/airflow/example_dags/plugins/listener_plugin.py took 0.042 seconds
[2023-10-07T04:40:29.578+0530] {processor.py:157} INFO - Started process (PID=9408) to work on /home/raj/Downloads/kafka_2.13-3.5.1/airflow-env/lib64/python3.11/site-packages/airflow/example_dags/plugins/listener_plugin.py
[2023-10-07T04:40:29.589+0530] {processor.py:829} INFO - Processing file /home/raj/Downloads/kafka_2.13-3.5.1/airflow-env/lib64/python3.11/site-packages/airflow/example_dags/plugins/listener_plugin.py for tasks to queue
[2023-10-07T04:40:29.591+0530] {logging_mixin.py:151} INFO - [2023-10-07T04:40:29.590+0530] {dagbag.py:539} INFO - Filling up the DagBag from /home/raj/Downloads/kafka_2.13-3.5.1/airflow-env/lib64/python3.11/site-packages/airflow/example_dags/plugins/listener_plugin.py
[2023-10-07T04:40:29.596+0530] {processor.py:841} WARNING - No viable dags retrieved from /home/raj/Downloads/kafka_2.13-3.5.1/airflow-env/lib64/python3.11/site-packages/airflow/example_dags/plugins/listener_plugin.py
[2023-10-07T04:40:29.613+0530] {processor.py:179} INFO - Processing /home/raj/Downloads/kafka_2.13-3.5.1/airflow-env/lib64/python3.11/site-packages/airflow/example_dags/plugins/listener_plugin.py took 0.040 seconds
[2023-10-07T04:41:17.089+0530] {processor.py:157} INFO - Started process (PID=9959) to work on /home/raj/Downloads/kafka_2.13-3.5.1/airflow-env/lib64/python3.11/site-packages/airflow/example_dags/plugins/listener_plugin.py
[2023-10-07T04:41:17.100+0530] {processor.py:829} INFO - Processing file /home/raj/Downloads/kafka_2.13-3.5.1/airflow-env/lib64/python3.11/site-packages/airflow/example_dags/plugins/listener_plugin.py for tasks to queue
[2023-10-07T04:41:17.102+0530] {logging_mixin.py:151} INFO - [2023-10-07T04:41:17.101+0530] {dagbag.py:539} INFO - Filling up the DagBag from /home/raj/Downloads/kafka_2.13-3.5.1/airflow-env/lib64/python3.11/site-packages/airflow/example_dags/plugins/listener_plugin.py
[2023-10-07T04:41:17.108+0530] {processor.py:841} WARNING - No viable dags retrieved from /home/raj/Downloads/kafka_2.13-3.5.1/airflow-env/lib64/python3.11/site-packages/airflow/example_dags/plugins/listener_plugin.py
[2023-10-07T04:41:17.126+0530] {processor.py:179} INFO - Processing /home/raj/Downloads/kafka_2.13-3.5.1/airflow-env/lib64/python3.11/site-packages/airflow/example_dags/plugins/listener_plugin.py took 0.042 seconds
[2023-10-07T04:41:52.155+0530] {processor.py:157} INFO - Started process (PID=10049) to work on /home/raj/Downloads/kafka_2.13-3.5.1/airflow-env/lib64/python3.11/site-packages/airflow/example_dags/plugins/listener_plugin.py
[2023-10-07T04:41:52.166+0530] {processor.py:829} INFO - Processing file /home/raj/Downloads/kafka_2.13-3.5.1/airflow-env/lib64/python3.11/site-packages/airflow/example_dags/plugins/listener_plugin.py for tasks to queue
[2023-10-07T04:41:52.168+0530] {logging_mixin.py:151} INFO - [2023-10-07T04:41:52.167+0530] {dagbag.py:539} INFO - Filling up the DagBag from /home/raj/Downloads/kafka_2.13-3.5.1/airflow-env/lib64/python3.11/site-packages/airflow/example_dags/plugins/listener_plugin.py
[2023-10-07T04:41:52.173+0530] {processor.py:841} WARNING - No viable dags retrieved from /home/raj/Downloads/kafka_2.13-3.5.1/airflow-env/lib64/python3.11/site-packages/airflow/example_dags/plugins/listener_plugin.py
[2023-10-07T04:41:52.192+0530] {processor.py:179} INFO - Processing /home/raj/Downloads/kafka_2.13-3.5.1/airflow-env/lib64/python3.11/site-packages/airflow/example_dags/plugins/listener_plugin.py took 0.042 seconds
[2023-10-07T04:42:27.177+0530] {processor.py:157} INFO - Started process (PID=10195) to work on /home/raj/Downloads/kafka_2.13-3.5.1/airflow-env/lib64/python3.11/site-packages/airflow/example_dags/plugins/listener_plugin.py
[2023-10-07T04:42:27.188+0530] {processor.py:829} INFO - Processing file /home/raj/Downloads/kafka_2.13-3.5.1/airflow-env/lib64/python3.11/site-packages/airflow/example_dags/plugins/listener_plugin.py for tasks to queue
[2023-10-07T04:42:27.189+0530] {logging_mixin.py:151} INFO - [2023-10-07T04:42:27.189+0530] {dagbag.py:539} INFO - Filling up the DagBag from /home/raj/Downloads/kafka_2.13-3.5.1/airflow-env/lib64/python3.11/site-packages/airflow/example_dags/plugins/listener_plugin.py
[2023-10-07T04:42:27.192+0530] {processor.py:841} WARNING - No viable dags retrieved from /home/raj/Downloads/kafka_2.13-3.5.1/airflow-env/lib64/python3.11/site-packages/airflow/example_dags/plugins/listener_plugin.py
[2023-10-07T04:42:27.204+0530] {processor.py:179} INFO - Processing /home/raj/Downloads/kafka_2.13-3.5.1/airflow-env/lib64/python3.11/site-packages/airflow/example_dags/plugins/listener_plugin.py took 0.034 seconds
[2023-10-07T04:43:01.052+0530] {processor.py:157} INFO - Started process (PID=10257) to work on /home/raj/Downloads/kafka_2.13-3.5.1/airflow-env/lib64/python3.11/site-packages/airflow/example_dags/plugins/listener_plugin.py
[2023-10-07T04:43:01.063+0530] {processor.py:829} INFO - Processing file /home/raj/Downloads/kafka_2.13-3.5.1/airflow-env/lib64/python3.11/site-packages/airflow/example_dags/plugins/listener_plugin.py for tasks to queue
[2023-10-07T04:43:01.064+0530] {logging_mixin.py:151} INFO - [2023-10-07T04:43:01.064+0530] {dagbag.py:539} INFO - Filling up the DagBag from /home/raj/Downloads/kafka_2.13-3.5.1/airflow-env/lib64/python3.11/site-packages/airflow/example_dags/plugins/listener_plugin.py
[2023-10-07T04:43:01.069+0530] {processor.py:841} WARNING - No viable dags retrieved from /home/raj/Downloads/kafka_2.13-3.5.1/airflow-env/lib64/python3.11/site-packages/airflow/example_dags/plugins/listener_plugin.py
[2023-10-07T04:43:01.085+0530] {processor.py:179} INFO - Processing /home/raj/Downloads/kafka_2.13-3.5.1/airflow-env/lib64/python3.11/site-packages/airflow/example_dags/plugins/listener_plugin.py took 0.039 seconds
[2023-10-07T04:43:19.802+0530] {processor.py:157} INFO - Started process (PID=10336) to work on /home/raj/Downloads/kafka_2.13-3.5.1/airflow-env/lib64/python3.11/site-packages/airflow/example_dags/plugins/listener_plugin.py
[2023-10-07T04:43:19.803+0530] {processor.py:829} INFO - Processing file /home/raj/Downloads/kafka_2.13-3.5.1/airflow-env/lib64/python3.11/site-packages/airflow/example_dags/plugins/listener_plugin.py for tasks to queue
[2023-10-07T04:43:19.804+0530] {logging_mixin.py:151} INFO - [2023-10-07T04:43:19.804+0530] {dagbag.py:539} INFO - Filling up the DagBag from /home/raj/Downloads/kafka_2.13-3.5.1/airflow-env/lib64/python3.11/site-packages/airflow/example_dags/plugins/listener_plugin.py
[2023-10-07T04:43:19.807+0530] {processor.py:841} WARNING - No viable dags retrieved from /home/raj/Downloads/kafka_2.13-3.5.1/airflow-env/lib64/python3.11/site-packages/airflow/example_dags/plugins/listener_plugin.py
[2023-10-07T04:43:19.819+0530] {processor.py:179} INFO - Processing /home/raj/Downloads/kafka_2.13-3.5.1/airflow-env/lib64/python3.11/site-packages/airflow/example_dags/plugins/listener_plugin.py took 0.021 seconds
[2023-10-07T04:44:07.886+0530] {processor.py:157} INFO - Started process (PID=10440) to work on /home/raj/Downloads/kafka_2.13-3.5.1/airflow-env/lib64/python3.11/site-packages/airflow/example_dags/plugins/listener_plugin.py
[2023-10-07T04:44:07.896+0530] {processor.py:829} INFO - Processing file /home/raj/Downloads/kafka_2.13-3.5.1/airflow-env/lib64/python3.11/site-packages/airflow/example_dags/plugins/listener_plugin.py for tasks to queue
[2023-10-07T04:44:07.897+0530] {logging_mixin.py:151} INFO - [2023-10-07T04:44:07.897+0530] {dagbag.py:539} INFO - Filling up the DagBag from /home/raj/Downloads/kafka_2.13-3.5.1/airflow-env/lib64/python3.11/site-packages/airflow/example_dags/plugins/listener_plugin.py
[2023-10-07T04:44:07.902+0530] {processor.py:841} WARNING - No viable dags retrieved from /home/raj/Downloads/kafka_2.13-3.5.1/airflow-env/lib64/python3.11/site-packages/airflow/example_dags/plugins/listener_plugin.py
[2023-10-07T04:44:07.912+0530] {processor.py:179} INFO - Processing /home/raj/Downloads/kafka_2.13-3.5.1/airflow-env/lib64/python3.11/site-packages/airflow/example_dags/plugins/listener_plugin.py took 0.028 seconds
[2023-10-07T04:44:45.947+0530] {processor.py:157} INFO - Started process (PID=10536) to work on /home/raj/Downloads/kafka_2.13-3.5.1/airflow-env/lib64/python3.11/site-packages/airflow/example_dags/plugins/listener_plugin.py
[2023-10-07T04:44:45.958+0530] {processor.py:829} INFO - Processing file /home/raj/Downloads/kafka_2.13-3.5.1/airflow-env/lib64/python3.11/site-packages/airflow/example_dags/plugins/listener_plugin.py for tasks to queue
[2023-10-07T04:44:45.959+0530] {logging_mixin.py:151} INFO - [2023-10-07T04:44:45.959+0530] {dagbag.py:539} INFO - Filling up the DagBag from /home/raj/Downloads/kafka_2.13-3.5.1/airflow-env/lib64/python3.11/site-packages/airflow/example_dags/plugins/listener_plugin.py
[2023-10-07T04:44:45.961+0530] {processor.py:841} WARNING - No viable dags retrieved from /home/raj/Downloads/kafka_2.13-3.5.1/airflow-env/lib64/python3.11/site-packages/airflow/example_dags/plugins/listener_plugin.py
[2023-10-07T04:44:45.972+0530] {processor.py:179} INFO - Processing /home/raj/Downloads/kafka_2.13-3.5.1/airflow-env/lib64/python3.11/site-packages/airflow/example_dags/plugins/listener_plugin.py took 0.029 seconds
[2023-10-07T04:45:22.724+0530] {processor.py:157} INFO - Started process (PID=10661) to work on /home/raj/Downloads/kafka_2.13-3.5.1/airflow-env/lib64/python3.11/site-packages/airflow/example_dags/plugins/listener_plugin.py
[2023-10-07T04:45:22.735+0530] {processor.py:829} INFO - Processing file /home/raj/Downloads/kafka_2.13-3.5.1/airflow-env/lib64/python3.11/site-packages/airflow/example_dags/plugins/listener_plugin.py for tasks to queue
[2023-10-07T04:45:22.737+0530] {logging_mixin.py:151} INFO - [2023-10-07T04:45:22.736+0530] {dagbag.py:539} INFO - Filling up the DagBag from /home/raj/Downloads/kafka_2.13-3.5.1/airflow-env/lib64/python3.11/site-packages/airflow/example_dags/plugins/listener_plugin.py
[2023-10-07T04:45:22.742+0530] {processor.py:841} WARNING - No viable dags retrieved from /home/raj/Downloads/kafka_2.13-3.5.1/airflow-env/lib64/python3.11/site-packages/airflow/example_dags/plugins/listener_plugin.py
[2023-10-07T04:45:22.761+0530] {processor.py:179} INFO - Processing /home/raj/Downloads/kafka_2.13-3.5.1/airflow-env/lib64/python3.11/site-packages/airflow/example_dags/plugins/listener_plugin.py took 0.042 seconds
[2023-10-07T04:46:01.956+0530] {processor.py:157} INFO - Started process (PID=10840) to work on /home/raj/Downloads/kafka_2.13-3.5.1/airflow-env/lib64/python3.11/site-packages/airflow/example_dags/plugins/listener_plugin.py
[2023-10-07T04:46:01.968+0530] {processor.py:829} INFO - Processing file /home/raj/Downloads/kafka_2.13-3.5.1/airflow-env/lib64/python3.11/site-packages/airflow/example_dags/plugins/listener_plugin.py for tasks to queue
[2023-10-07T04:46:01.969+0530] {logging_mixin.py:151} INFO - [2023-10-07T04:46:01.968+0530] {dagbag.py:539} INFO - Filling up the DagBag from /home/raj/Downloads/kafka_2.13-3.5.1/airflow-env/lib64/python3.11/site-packages/airflow/example_dags/plugins/listener_plugin.py
[2023-10-07T04:46:01.974+0530] {processor.py:841} WARNING - No viable dags retrieved from /home/raj/Downloads/kafka_2.13-3.5.1/airflow-env/lib64/python3.11/site-packages/airflow/example_dags/plugins/listener_plugin.py
[2023-10-07T04:46:01.992+0530] {processor.py:179} INFO - Processing /home/raj/Downloads/kafka_2.13-3.5.1/airflow-env/lib64/python3.11/site-packages/airflow/example_dags/plugins/listener_plugin.py took 0.041 seconds
[2023-10-07T04:46:40.246+0530] {processor.py:157} INFO - Started process (PID=10886) to work on /home/raj/Downloads/kafka_2.13-3.5.1/airflow-env/lib64/python3.11/site-packages/airflow/example_dags/plugins/listener_plugin.py
[2023-10-07T04:46:40.257+0530] {processor.py:829} INFO - Processing file /home/raj/Downloads/kafka_2.13-3.5.1/airflow-env/lib64/python3.11/site-packages/airflow/example_dags/plugins/listener_plugin.py for tasks to queue
[2023-10-07T04:46:40.259+0530] {logging_mixin.py:151} INFO - [2023-10-07T04:46:40.258+0530] {dagbag.py:539} INFO - Filling up the DagBag from /home/raj/Downloads/kafka_2.13-3.5.1/airflow-env/lib64/python3.11/site-packages/airflow/example_dags/plugins/listener_plugin.py
[2023-10-07T04:46:40.262+0530] {processor.py:841} WARNING - No viable dags retrieved from /home/raj/Downloads/kafka_2.13-3.5.1/airflow-env/lib64/python3.11/site-packages/airflow/example_dags/plugins/listener_plugin.py
[2023-10-07T04:46:40.271+0530] {processor.py:179} INFO - Processing /home/raj/Downloads/kafka_2.13-3.5.1/airflow-env/lib64/python3.11/site-packages/airflow/example_dags/plugins/listener_plugin.py took 0.030 seconds
[2023-10-07T04:47:16.709+0530] {processor.py:157} INFO - Started process (PID=10967) to work on /home/raj/Downloads/kafka_2.13-3.5.1/airflow-env/lib64/python3.11/site-packages/airflow/example_dags/plugins/listener_plugin.py
[2023-10-07T04:47:16.720+0530] {processor.py:829} INFO - Processing file /home/raj/Downloads/kafka_2.13-3.5.1/airflow-env/lib64/python3.11/site-packages/airflow/example_dags/plugins/listener_plugin.py for tasks to queue
[2023-10-07T04:47:16.721+0530] {logging_mixin.py:151} INFO - [2023-10-07T04:47:16.721+0530] {dagbag.py:539} INFO - Filling up the DagBag from /home/raj/Downloads/kafka_2.13-3.5.1/airflow-env/lib64/python3.11/site-packages/airflow/example_dags/plugins/listener_plugin.py
[2023-10-07T04:47:16.723+0530] {processor.py:841} WARNING - No viable dags retrieved from /home/raj/Downloads/kafka_2.13-3.5.1/airflow-env/lib64/python3.11/site-packages/airflow/example_dags/plugins/listener_plugin.py
[2023-10-07T04:47:16.732+0530] {processor.py:179} INFO - Processing /home/raj/Downloads/kafka_2.13-3.5.1/airflow-env/lib64/python3.11/site-packages/airflow/example_dags/plugins/listener_plugin.py took 0.028 seconds
[2023-10-07T04:47:49.040+0530] {processor.py:157} INFO - Started process (PID=11033) to work on /home/raj/Downloads/kafka_2.13-3.5.1/airflow-env/lib64/python3.11/site-packages/airflow/example_dags/plugins/listener_plugin.py
[2023-10-07T04:47:49.051+0530] {processor.py:829} INFO - Processing file /home/raj/Downloads/kafka_2.13-3.5.1/airflow-env/lib64/python3.11/site-packages/airflow/example_dags/plugins/listener_plugin.py for tasks to queue
[2023-10-07T04:47:49.053+0530] {logging_mixin.py:151} INFO - [2023-10-07T04:47:49.052+0530] {dagbag.py:539} INFO - Filling up the DagBag from /home/raj/Downloads/kafka_2.13-3.5.1/airflow-env/lib64/python3.11/site-packages/airflow/example_dags/plugins/listener_plugin.py
[2023-10-07T04:47:49.057+0530] {processor.py:841} WARNING - No viable dags retrieved from /home/raj/Downloads/kafka_2.13-3.5.1/airflow-env/lib64/python3.11/site-packages/airflow/example_dags/plugins/listener_plugin.py
[2023-10-07T04:47:49.066+0530] {processor.py:179} INFO - Processing /home/raj/Downloads/kafka_2.13-3.5.1/airflow-env/lib64/python3.11/site-packages/airflow/example_dags/plugins/listener_plugin.py took 0.031 seconds
[2023-10-07T04:48:22.175+0530] {processor.py:157} INFO - Started process (PID=11088) to work on /home/raj/Downloads/kafka_2.13-3.5.1/airflow-env/lib64/python3.11/site-packages/airflow/example_dags/plugins/listener_plugin.py
[2023-10-07T04:48:22.187+0530] {processor.py:829} INFO - Processing file /home/raj/Downloads/kafka_2.13-3.5.1/airflow-env/lib64/python3.11/site-packages/airflow/example_dags/plugins/listener_plugin.py for tasks to queue
[2023-10-07T04:48:22.189+0530] {logging_mixin.py:151} INFO - [2023-10-07T04:48:22.188+0530] {dagbag.py:539} INFO - Filling up the DagBag from /home/raj/Downloads/kafka_2.13-3.5.1/airflow-env/lib64/python3.11/site-packages/airflow/example_dags/plugins/listener_plugin.py
[2023-10-07T04:48:22.196+0530] {processor.py:841} WARNING - No viable dags retrieved from /home/raj/Downloads/kafka_2.13-3.5.1/airflow-env/lib64/python3.11/site-packages/airflow/example_dags/plugins/listener_plugin.py
[2023-10-07T04:48:22.217+0530] {processor.py:179} INFO - Processing /home/raj/Downloads/kafka_2.13-3.5.1/airflow-env/lib64/python3.11/site-packages/airflow/example_dags/plugins/listener_plugin.py took 0.047 seconds
[2023-10-07T04:48:59.482+0530] {processor.py:157} INFO - Started process (PID=11175) to work on /home/raj/Downloads/kafka_2.13-3.5.1/airflow-env/lib64/python3.11/site-packages/airflow/example_dags/plugins/listener_plugin.py
[2023-10-07T04:48:59.493+0530] {processor.py:829} INFO - Processing file /home/raj/Downloads/kafka_2.13-3.5.1/airflow-env/lib64/python3.11/site-packages/airflow/example_dags/plugins/listener_plugin.py for tasks to queue
[2023-10-07T04:48:59.495+0530] {logging_mixin.py:151} INFO - [2023-10-07T04:48:59.494+0530] {dagbag.py:539} INFO - Filling up the DagBag from /home/raj/Downloads/kafka_2.13-3.5.1/airflow-env/lib64/python3.11/site-packages/airflow/example_dags/plugins/listener_plugin.py
[2023-10-07T04:48:59.500+0530] {processor.py:841} WARNING - No viable dags retrieved from /home/raj/Downloads/kafka_2.13-3.5.1/airflow-env/lib64/python3.11/site-packages/airflow/example_dags/plugins/listener_plugin.py
[2023-10-07T04:48:59.516+0530] {processor.py:179} INFO - Processing /home/raj/Downloads/kafka_2.13-3.5.1/airflow-env/lib64/python3.11/site-packages/airflow/example_dags/plugins/listener_plugin.py took 0.038 seconds
[2023-10-07T04:49:35.765+0530] {processor.py:157} INFO - Started process (PID=11245) to work on /home/raj/Downloads/kafka_2.13-3.5.1/airflow-env/lib64/python3.11/site-packages/airflow/example_dags/plugins/listener_plugin.py
[2023-10-07T04:49:35.776+0530] {processor.py:829} INFO - Processing file /home/raj/Downloads/kafka_2.13-3.5.1/airflow-env/lib64/python3.11/site-packages/airflow/example_dags/plugins/listener_plugin.py for tasks to queue
[2023-10-07T04:49:35.776+0530] {logging_mixin.py:151} INFO - [2023-10-07T04:49:35.776+0530] {dagbag.py:539} INFO - Filling up the DagBag from /home/raj/Downloads/kafka_2.13-3.5.1/airflow-env/lib64/python3.11/site-packages/airflow/example_dags/plugins/listener_plugin.py
[2023-10-07T04:49:35.779+0530] {processor.py:841} WARNING - No viable dags retrieved from /home/raj/Downloads/kafka_2.13-3.5.1/airflow-env/lib64/python3.11/site-packages/airflow/example_dags/plugins/listener_plugin.py
[2023-10-07T04:49:35.787+0530] {processor.py:179} INFO - Processing /home/raj/Downloads/kafka_2.13-3.5.1/airflow-env/lib64/python3.11/site-packages/airflow/example_dags/plugins/listener_plugin.py took 0.025 seconds
[2023-10-07T04:50:13.818+0530] {processor.py:157} INFO - Started process (PID=11305) to work on /home/raj/Downloads/kafka_2.13-3.5.1/airflow-env/lib64/python3.11/site-packages/airflow/example_dags/plugins/listener_plugin.py
[2023-10-07T04:50:13.821+0530] {processor.py:829} INFO - Processing file /home/raj/Downloads/kafka_2.13-3.5.1/airflow-env/lib64/python3.11/site-packages/airflow/example_dags/plugins/listener_plugin.py for tasks to queue
[2023-10-07T04:50:13.822+0530] {logging_mixin.py:151} INFO - [2023-10-07T04:50:13.821+0530] {dagbag.py:539} INFO - Filling up the DagBag from /home/raj/Downloads/kafka_2.13-3.5.1/airflow-env/lib64/python3.11/site-packages/airflow/example_dags/plugins/listener_plugin.py
[2023-10-07T04:50:13.828+0530] {processor.py:841} WARNING - No viable dags retrieved from /home/raj/Downloads/kafka_2.13-3.5.1/airflow-env/lib64/python3.11/site-packages/airflow/example_dags/plugins/listener_plugin.py
[2023-10-07T04:50:13.852+0530] {processor.py:179} INFO - Processing /home/raj/Downloads/kafka_2.13-3.5.1/airflow-env/lib64/python3.11/site-packages/airflow/example_dags/plugins/listener_plugin.py took 0.039 seconds
[2023-10-07T04:50:48.989+0530] {processor.py:157} INFO - Started process (PID=11364) to work on /home/raj/Downloads/kafka_2.13-3.5.1/airflow-env/lib64/python3.11/site-packages/airflow/example_dags/plugins/listener_plugin.py
[2023-10-07T04:50:49.000+0530] {processor.py:829} INFO - Processing file /home/raj/Downloads/kafka_2.13-3.5.1/airflow-env/lib64/python3.11/site-packages/airflow/example_dags/plugins/listener_plugin.py for tasks to queue
[2023-10-07T04:50:49.002+0530] {logging_mixin.py:151} INFO - [2023-10-07T04:50:49.001+0530] {dagbag.py:539} INFO - Filling up the DagBag from /home/raj/Downloads/kafka_2.13-3.5.1/airflow-env/lib64/python3.11/site-packages/airflow/example_dags/plugins/listener_plugin.py
[2023-10-07T04:50:49.005+0530] {processor.py:841} WARNING - No viable dags retrieved from /home/raj/Downloads/kafka_2.13-3.5.1/airflow-env/lib64/python3.11/site-packages/airflow/example_dags/plugins/listener_plugin.py
[2023-10-07T04:50:49.013+0530] {processor.py:179} INFO - Processing /home/raj/Downloads/kafka_2.13-3.5.1/airflow-env/lib64/python3.11/site-packages/airflow/example_dags/plugins/listener_plugin.py took 0.030 seconds
[2023-10-07T04:51:35.247+0530] {processor.py:157} INFO - Started process (PID=11456) to work on /home/raj/Downloads/kafka_2.13-3.5.1/airflow-env/lib64/python3.11/site-packages/airflow/example_dags/plugins/listener_plugin.py
[2023-10-07T04:51:35.258+0530] {processor.py:829} INFO - Processing file /home/raj/Downloads/kafka_2.13-3.5.1/airflow-env/lib64/python3.11/site-packages/airflow/example_dags/plugins/listener_plugin.py for tasks to queue
[2023-10-07T04:51:35.260+0530] {logging_mixin.py:151} INFO - [2023-10-07T04:51:35.259+0530] {dagbag.py:539} INFO - Filling up the DagBag from /home/raj/Downloads/kafka_2.13-3.5.1/airflow-env/lib64/python3.11/site-packages/airflow/example_dags/plugins/listener_plugin.py
[2023-10-07T04:51:35.265+0530] {processor.py:841} WARNING - No viable dags retrieved from /home/raj/Downloads/kafka_2.13-3.5.1/airflow-env/lib64/python3.11/site-packages/airflow/example_dags/plugins/listener_plugin.py
[2023-10-07T04:51:35.284+0530] {processor.py:179} INFO - Processing /home/raj/Downloads/kafka_2.13-3.5.1/airflow-env/lib64/python3.11/site-packages/airflow/example_dags/plugins/listener_plugin.py took 0.043 seconds
[2023-10-07T04:52:12.308+0530] {processor.py:157} INFO - Started process (PID=11674) to work on /home/raj/Downloads/kafka_2.13-3.5.1/airflow-env/lib64/python3.11/site-packages/airflow/example_dags/plugins/listener_plugin.py
[2023-10-07T04:52:12.319+0530] {processor.py:829} INFO - Processing file /home/raj/Downloads/kafka_2.13-3.5.1/airflow-env/lib64/python3.11/site-packages/airflow/example_dags/plugins/listener_plugin.py for tasks to queue
[2023-10-07T04:52:12.320+0530] {logging_mixin.py:151} INFO - [2023-10-07T04:52:12.320+0530] {dagbag.py:539} INFO - Filling up the DagBag from /home/raj/Downloads/kafka_2.13-3.5.1/airflow-env/lib64/python3.11/site-packages/airflow/example_dags/plugins/listener_plugin.py
[2023-10-07T04:52:12.323+0530] {processor.py:841} WARNING - No viable dags retrieved from /home/raj/Downloads/kafka_2.13-3.5.1/airflow-env/lib64/python3.11/site-packages/airflow/example_dags/plugins/listener_plugin.py
[2023-10-07T04:52:12.340+0530] {processor.py:179} INFO - Processing /home/raj/Downloads/kafka_2.13-3.5.1/airflow-env/lib64/python3.11/site-packages/airflow/example_dags/plugins/listener_plugin.py took 0.034 seconds
[2023-10-07T04:52:48.034+0530] {processor.py:157} INFO - Started process (PID=11754) to work on /home/raj/Downloads/kafka_2.13-3.5.1/airflow-env/lib64/python3.11/site-packages/airflow/example_dags/plugins/listener_plugin.py
[2023-10-07T04:52:48.035+0530] {processor.py:829} INFO - Processing file /home/raj/Downloads/kafka_2.13-3.5.1/airflow-env/lib64/python3.11/site-packages/airflow/example_dags/plugins/listener_plugin.py for tasks to queue
[2023-10-07T04:52:48.036+0530] {logging_mixin.py:151} INFO - [2023-10-07T04:52:48.035+0530] {dagbag.py:539} INFO - Filling up the DagBag from /home/raj/Downloads/kafka_2.13-3.5.1/airflow-env/lib64/python3.11/site-packages/airflow/example_dags/plugins/listener_plugin.py
[2023-10-07T04:52:48.039+0530] {processor.py:841} WARNING - No viable dags retrieved from /home/raj/Downloads/kafka_2.13-3.5.1/airflow-env/lib64/python3.11/site-packages/airflow/example_dags/plugins/listener_plugin.py
[2023-10-07T04:52:48.050+0530] {processor.py:179} INFO - Processing /home/raj/Downloads/kafka_2.13-3.5.1/airflow-env/lib64/python3.11/site-packages/airflow/example_dags/plugins/listener_plugin.py took 0.021 seconds
[2023-10-07T04:53:22.066+0530] {processor.py:157} INFO - Started process (PID=11892) to work on /home/raj/Downloads/kafka_2.13-3.5.1/airflow-env/lib64/python3.11/site-packages/airflow/example_dags/plugins/listener_plugin.py
[2023-10-07T04:53:22.078+0530] {processor.py:829} INFO - Processing file /home/raj/Downloads/kafka_2.13-3.5.1/airflow-env/lib64/python3.11/site-packages/airflow/example_dags/plugins/listener_plugin.py for tasks to queue
[2023-10-07T04:53:22.079+0530] {logging_mixin.py:151} INFO - [2023-10-07T04:53:22.079+0530] {dagbag.py:539} INFO - Filling up the DagBag from /home/raj/Downloads/kafka_2.13-3.5.1/airflow-env/lib64/python3.11/site-packages/airflow/example_dags/plugins/listener_plugin.py
[2023-10-07T04:53:22.085+0530] {processor.py:841} WARNING - No viable dags retrieved from /home/raj/Downloads/kafka_2.13-3.5.1/airflow-env/lib64/python3.11/site-packages/airflow/example_dags/plugins/listener_plugin.py
[2023-10-07T04:53:22.101+0530] {processor.py:179} INFO - Processing /home/raj/Downloads/kafka_2.13-3.5.1/airflow-env/lib64/python3.11/site-packages/airflow/example_dags/plugins/listener_plugin.py took 0.040 seconds
[2023-10-07T04:54:06.277+0530] {processor.py:157} INFO - Started process (PID=11970) to work on /home/raj/Downloads/kafka_2.13-3.5.1/airflow-env/lib64/python3.11/site-packages/airflow/example_dags/plugins/listener_plugin.py
[2023-10-07T04:54:06.288+0530] {processor.py:829} INFO - Processing file /home/raj/Downloads/kafka_2.13-3.5.1/airflow-env/lib64/python3.11/site-packages/airflow/example_dags/plugins/listener_plugin.py for tasks to queue
[2023-10-07T04:54:06.289+0530] {logging_mixin.py:151} INFO - [2023-10-07T04:54:06.289+0530] {dagbag.py:539} INFO - Filling up the DagBag from /home/raj/Downloads/kafka_2.13-3.5.1/airflow-env/lib64/python3.11/site-packages/airflow/example_dags/plugins/listener_plugin.py
[2023-10-07T04:54:06.293+0530] {processor.py:841} WARNING - No viable dags retrieved from /home/raj/Downloads/kafka_2.13-3.5.1/airflow-env/lib64/python3.11/site-packages/airflow/example_dags/plugins/listener_plugin.py
[2023-10-07T04:54:06.309+0530] {processor.py:179} INFO - Processing /home/raj/Downloads/kafka_2.13-3.5.1/airflow-env/lib64/python3.11/site-packages/airflow/example_dags/plugins/listener_plugin.py took 0.038 seconds
[2023-10-07T04:54:40.459+0530] {processor.py:157} INFO - Started process (PID=12012) to work on /home/raj/Downloads/kafka_2.13-3.5.1/airflow-env/lib64/python3.11/site-packages/airflow/example_dags/plugins/listener_plugin.py
[2023-10-07T04:54:40.470+0530] {processor.py:829} INFO - Processing file /home/raj/Downloads/kafka_2.13-3.5.1/airflow-env/lib64/python3.11/site-packages/airflow/example_dags/plugins/listener_plugin.py for tasks to queue
[2023-10-07T04:54:40.472+0530] {logging_mixin.py:151} INFO - [2023-10-07T04:54:40.471+0530] {dagbag.py:539} INFO - Filling up the DagBag from /home/raj/Downloads/kafka_2.13-3.5.1/airflow-env/lib64/python3.11/site-packages/airflow/example_dags/plugins/listener_plugin.py
[2023-10-07T04:54:40.477+0530] {processor.py:841} WARNING - No viable dags retrieved from /home/raj/Downloads/kafka_2.13-3.5.1/airflow-env/lib64/python3.11/site-packages/airflow/example_dags/plugins/listener_plugin.py
[2023-10-07T04:54:40.497+0530] {processor.py:179} INFO - Processing /home/raj/Downloads/kafka_2.13-3.5.1/airflow-env/lib64/python3.11/site-packages/airflow/example_dags/plugins/listener_plugin.py took 0.044 seconds
[2023-10-07T04:55:27.629+0530] {processor.py:157} INFO - Started process (PID=12135) to work on /home/raj/Downloads/kafka_2.13-3.5.1/airflow-env/lib64/python3.11/site-packages/airflow/example_dags/plugins/listener_plugin.py
[2023-10-07T04:55:27.639+0530] {processor.py:829} INFO - Processing file /home/raj/Downloads/kafka_2.13-3.5.1/airflow-env/lib64/python3.11/site-packages/airflow/example_dags/plugins/listener_plugin.py for tasks to queue
[2023-10-07T04:55:27.640+0530] {logging_mixin.py:151} INFO - [2023-10-07T04:55:27.640+0530] {dagbag.py:539} INFO - Filling up the DagBag from /home/raj/Downloads/kafka_2.13-3.5.1/airflow-env/lib64/python3.11/site-packages/airflow/example_dags/plugins/listener_plugin.py
[2023-10-07T04:55:27.642+0530] {processor.py:841} WARNING - No viable dags retrieved from /home/raj/Downloads/kafka_2.13-3.5.1/airflow-env/lib64/python3.11/site-packages/airflow/example_dags/plugins/listener_plugin.py
[2023-10-07T04:55:27.650+0530] {processor.py:179} INFO - Processing /home/raj/Downloads/kafka_2.13-3.5.1/airflow-env/lib64/python3.11/site-packages/airflow/example_dags/plugins/listener_plugin.py took 0.024 seconds
[2023-10-07T04:56:15.739+0530] {processor.py:157} INFO - Started process (PID=12251) to work on /home/raj/Downloads/kafka_2.13-3.5.1/airflow-env/lib64/python3.11/site-packages/airflow/example_dags/plugins/listener_plugin.py
[2023-10-07T04:56:15.750+0530] {processor.py:829} INFO - Processing file /home/raj/Downloads/kafka_2.13-3.5.1/airflow-env/lib64/python3.11/site-packages/airflow/example_dags/plugins/listener_plugin.py for tasks to queue
[2023-10-07T04:56:15.752+0530] {logging_mixin.py:151} INFO - [2023-10-07T04:56:15.751+0530] {dagbag.py:539} INFO - Filling up the DagBag from /home/raj/Downloads/kafka_2.13-3.5.1/airflow-env/lib64/python3.11/site-packages/airflow/example_dags/plugins/listener_plugin.py
[2023-10-07T04:56:15.756+0530] {processor.py:841} WARNING - No viable dags retrieved from /home/raj/Downloads/kafka_2.13-3.5.1/airflow-env/lib64/python3.11/site-packages/airflow/example_dags/plugins/listener_plugin.py
[2023-10-07T04:56:15.774+0530] {processor.py:179} INFO - Processing /home/raj/Downloads/kafka_2.13-3.5.1/airflow-env/lib64/python3.11/site-packages/airflow/example_dags/plugins/listener_plugin.py took 0.041 seconds
[2023-10-07T04:56:48.818+0530] {processor.py:157} INFO - Started process (PID=12306) to work on /home/raj/Downloads/kafka_2.13-3.5.1/airflow-env/lib64/python3.11/site-packages/airflow/example_dags/plugins/listener_plugin.py
[2023-10-07T04:56:48.829+0530] {processor.py:829} INFO - Processing file /home/raj/Downloads/kafka_2.13-3.5.1/airflow-env/lib64/python3.11/site-packages/airflow/example_dags/plugins/listener_plugin.py for tasks to queue
[2023-10-07T04:56:48.830+0530] {logging_mixin.py:151} INFO - [2023-10-07T04:56:48.830+0530] {dagbag.py:539} INFO - Filling up the DagBag from /home/raj/Downloads/kafka_2.13-3.5.1/airflow-env/lib64/python3.11/site-packages/airflow/example_dags/plugins/listener_plugin.py
[2023-10-07T04:56:48.833+0530] {processor.py:841} WARNING - No viable dags retrieved from /home/raj/Downloads/kafka_2.13-3.5.1/airflow-env/lib64/python3.11/site-packages/airflow/example_dags/plugins/listener_plugin.py
[2023-10-07T04:56:48.845+0530] {processor.py:179} INFO - Processing /home/raj/Downloads/kafka_2.13-3.5.1/airflow-env/lib64/python3.11/site-packages/airflow/example_dags/plugins/listener_plugin.py took 0.030 seconds
[2023-10-07T04:57:23.429+0530] {processor.py:157} INFO - Started process (PID=12427) to work on /home/raj/Downloads/kafka_2.13-3.5.1/airflow-env/lib64/python3.11/site-packages/airflow/example_dags/plugins/listener_plugin.py
[2023-10-07T04:57:23.431+0530] {processor.py:829} INFO - Processing file /home/raj/Downloads/kafka_2.13-3.5.1/airflow-env/lib64/python3.11/site-packages/airflow/example_dags/plugins/listener_plugin.py for tasks to queue
[2023-10-07T04:57:23.433+0530] {logging_mixin.py:151} INFO - [2023-10-07T04:57:23.432+0530] {dagbag.py:539} INFO - Filling up the DagBag from /home/raj/Downloads/kafka_2.13-3.5.1/airflow-env/lib64/python3.11/site-packages/airflow/example_dags/plugins/listener_plugin.py
[2023-10-07T04:57:23.437+0530] {processor.py:841} WARNING - No viable dags retrieved from /home/raj/Downloads/kafka_2.13-3.5.1/airflow-env/lib64/python3.11/site-packages/airflow/example_dags/plugins/listener_plugin.py
[2023-10-07T04:57:23.456+0530] {processor.py:179} INFO - Processing /home/raj/Downloads/kafka_2.13-3.5.1/airflow-env/lib64/python3.11/site-packages/airflow/example_dags/plugins/listener_plugin.py took 0.032 seconds
[2023-10-07T04:58:10.691+0530] {processor.py:157} INFO - Started process (PID=12511) to work on /home/raj/Downloads/kafka_2.13-3.5.1/airflow-env/lib64/python3.11/site-packages/airflow/example_dags/plugins/listener_plugin.py
[2023-10-07T04:58:10.703+0530] {processor.py:829} INFO - Processing file /home/raj/Downloads/kafka_2.13-3.5.1/airflow-env/lib64/python3.11/site-packages/airflow/example_dags/plugins/listener_plugin.py for tasks to queue
[2023-10-07T04:58:10.704+0530] {logging_mixin.py:151} INFO - [2023-10-07T04:58:10.704+0530] {dagbag.py:539} INFO - Filling up the DagBag from /home/raj/Downloads/kafka_2.13-3.5.1/airflow-env/lib64/python3.11/site-packages/airflow/example_dags/plugins/listener_plugin.py
[2023-10-07T04:58:10.706+0530] {processor.py:841} WARNING - No viable dags retrieved from /home/raj/Downloads/kafka_2.13-3.5.1/airflow-env/lib64/python3.11/site-packages/airflow/example_dags/plugins/listener_plugin.py
[2023-10-07T04:58:10.715+0530] {processor.py:179} INFO - Processing /home/raj/Downloads/kafka_2.13-3.5.1/airflow-env/lib64/python3.11/site-packages/airflow/example_dags/plugins/listener_plugin.py took 0.029 seconds
[2023-10-07T04:58:45.735+0530] {processor.py:157} INFO - Started process (PID=12617) to work on /home/raj/Downloads/kafka_2.13-3.5.1/airflow-env/lib64/python3.11/site-packages/airflow/example_dags/plugins/listener_plugin.py
[2023-10-07T04:58:45.736+0530] {processor.py:829} INFO - Processing file /home/raj/Downloads/kafka_2.13-3.5.1/airflow-env/lib64/python3.11/site-packages/airflow/example_dags/plugins/listener_plugin.py for tasks to queue
[2023-10-07T04:58:45.738+0530] {logging_mixin.py:151} INFO - [2023-10-07T04:58:45.737+0530] {dagbag.py:539} INFO - Filling up the DagBag from /home/raj/Downloads/kafka_2.13-3.5.1/airflow-env/lib64/python3.11/site-packages/airflow/example_dags/plugins/listener_plugin.py
[2023-10-07T04:58:45.742+0530] {processor.py:841} WARNING - No viable dags retrieved from /home/raj/Downloads/kafka_2.13-3.5.1/airflow-env/lib64/python3.11/site-packages/airflow/example_dags/plugins/listener_plugin.py
[2023-10-07T04:58:45.761+0530] {processor.py:179} INFO - Processing /home/raj/Downloads/kafka_2.13-3.5.1/airflow-env/lib64/python3.11/site-packages/airflow/example_dags/plugins/listener_plugin.py took 0.032 seconds
[2023-10-07T04:59:19.186+0530] {processor.py:157} INFO - Started process (PID=12684) to work on /home/raj/Downloads/kafka_2.13-3.5.1/airflow-env/lib64/python3.11/site-packages/airflow/example_dags/plugins/listener_plugin.py
[2023-10-07T04:59:19.191+0530] {processor.py:829} INFO - Processing file /home/raj/Downloads/kafka_2.13-3.5.1/airflow-env/lib64/python3.11/site-packages/airflow/example_dags/plugins/listener_plugin.py for tasks to queue
[2023-10-07T04:59:19.192+0530] {logging_mixin.py:151} INFO - [2023-10-07T04:59:19.191+0530] {dagbag.py:539} INFO - Filling up the DagBag from /home/raj/Downloads/kafka_2.13-3.5.1/airflow-env/lib64/python3.11/site-packages/airflow/example_dags/plugins/listener_plugin.py
[2023-10-07T04:59:19.196+0530] {processor.py:841} WARNING - No viable dags retrieved from /home/raj/Downloads/kafka_2.13-3.5.1/airflow-env/lib64/python3.11/site-packages/airflow/example_dags/plugins/listener_plugin.py
[2023-10-07T04:59:19.212+0530] {processor.py:179} INFO - Processing /home/raj/Downloads/kafka_2.13-3.5.1/airflow-env/lib64/python3.11/site-packages/airflow/example_dags/plugins/listener_plugin.py took 0.031 seconds
